Round 1, Subset 1, Test Acc: 0.2873
Round 1, Subset 2, Test Acc: 0.3410
Round 1, Subset 3, Test Acc: 0.3625
Round 1, Subset 4, Test Acc: 0.3511
Round 1, Subset 5, Test Acc: 0.3861
Round 1, Subset 6, Test Acc: 0.3333
Round 1, Subset 7, Test Acc: 0.3068
Round 1, Subset 8, Test Acc: 0.3354
Round 1, Subset 9, Test Acc: 0.3792
Round 1, Subset 10, Test Acc: 0.3466
Keys aggregated: {'layer2.0.bias', 'fc.bias', 'layer1.0.weight', 'layer1.0.bias', 'layer3.0.bias', 'layer2.0.weight', 'layer3.0.weight', 'fc.weight'}
Round 1, Aggregated Test Acc: 0.3702
================================================================================
Round 2, Subset 1, Test Acc: 0.4426
Round 2, Subset 2, Test Acc: 0.4180
Round 2, Subset 3, Test Acc: 0.4218
Round 2, Subset 4, Test Acc: 0.4251
Round 2, Subset 5, Test Acc: 0.4205
Round 2, Subset 6, Test Acc: 0.4209
Round 2, Subset 7, Test Acc: 0.4172
Round 2, Subset 8, Test Acc: 0.4221
Round 2, Subset 9, Test Acc: 0.4325
Round 2, Subset 10, Test Acc: 0.4257
Keys aggregated: {'layer2.0.bias', 'fc.bias', 'layer1.0.weight', 'layer1.0.bias', 'layer3.0.bias', 'layer2.0.weight', 'layer3.0.weight', 'fc.weight'}
Round 2, Aggregated Test Acc: 0.4603
================================================================================
Round 3, Subset 1, Test Acc: 0.4553
Round 3, Subset 2, Test Acc: 0.4657
Round 3, Subset 3, Test Acc: 0.4767
Round 3, Subset 4, Test Acc: 0.4717
Round 3, Subset 5, Test Acc: 0.4437
Round 3, Subset 6, Test Acc: 0.4254
Round 3, Subset 7, Test Acc: 0.4355
Round 3, Subset 8, Test Acc: 0.4517
Round 3, Subset 9, Test Acc: 0.4658
Round 3, Subset 10, Test Acc: 0.4433
Keys aggregated: {'layer2.0.bias', 'fc.bias', 'layer1.0.weight', 'layer1.0.bias', 'layer3.0.bias', 'layer2.0.weight', 'layer3.0.weight', 'fc.weight'}
Round 3, Aggregated Test Acc: 0.4938
================================================================================
Round 4, Subset 1, Test Acc: 0.4911
Round 4, Subset 2, Test Acc: 0.4703
Round 4, Subset 3, Test Acc: 0.4965
Round 4, Subset 4, Test Acc: 0.4755
Round 4, Subset 5, Test Acc: 0.4934
Round 4, Subset 6, Test Acc: 0.4849
Round 4, Subset 7, Test Acc: 0.4681
Round 4, Subset 8, Test Acc: 0.4858
Round 4, Subset 9, Test Acc: 0.4774
Round 4, Subset 10, Test Acc: 0.4788
Keys aggregated: {'layer2.0.bias', 'fc.bias', 'layer1.0.weight', 'layer1.0.bias', 'layer3.0.bias', 'layer2.0.weight', 'layer3.0.weight', 'fc.weight'}
Round 4, Aggregated Test Acc: 0.5221
================================================================================
Round 5, Subset 1, Test Acc: 0.5234
Round 5, Subset 2, Test Acc: 0.5172
Round 5, Subset 3, Test Acc: 0.4874
Round 5, Subset 4, Test Acc: 0.5088
Round 5, Subset 5, Test Acc: 0.4842
Round 5, Subset 6, Test Acc: 0.4945
Round 5, Subset 7, Test Acc: 0.4991
Round 5, Subset 8, Test Acc: 0.5025
Round 5, Subset 9, Test Acc: 0.5021
Round 5, Subset 10, Test Acc: 0.4992
Keys aggregated: {'layer2.0.bias', 'fc.bias', 'layer1.0.weight', 'layer1.0.bias', 'layer3.0.bias', 'layer2.0.weight', 'layer3.0.weight', 'fc.weight'}
Round 5, Aggregated Test Acc: 0.5454
================================================================================
Round 6, Subset 1, Test Acc: 0.5377
Round 6, Subset 2, Test Acc: 0.5360
Round 6, Subset 3, Test Acc: 0.5288
Round 6, Subset 4, Test Acc: 0.5097
Round 6, Subset 5, Test Acc: 0.5353
Round 6, Subset 6, Test Acc: 0.5274
Round 6, Subset 7, Test Acc: 0.5314
Round 6, Subset 8, Test Acc: 0.5216
Round 6, Subset 9, Test Acc: 0.5138
Round 6, Subset 10, Test Acc: 0.5154
Keys aggregated: {'layer2.0.bias', 'fc.bias', 'layer1.0.weight', 'layer1.0.bias', 'layer3.0.bias', 'layer2.0.weight', 'layer3.0.weight', 'fc.weight'}
Round 6, Aggregated Test Acc: 0.5583
================================================================================
Round 7, Subset 1, Test Acc: 0.5306
Round 7, Subset 2, Test Acc: 0.5409
Round 7, Subset 3, Test Acc: 0.5260
Round 7, Subset 4, Test Acc: 0.5355
Round 7, Subset 5, Test Acc: 0.5408
Round 7, Subset 6, Test Acc: 0.5439
Round 7, Subset 7, Test Acc: 0.5490
Round 7, Subset 8, Test Acc: 0.5359
Round 7, Subset 9, Test Acc: 0.5422
Round 7, Subset 10, Test Acc: 0.5444
Keys aggregated: {'layer2.0.bias', 'fc.bias', 'layer1.0.weight', 'layer1.0.bias', 'layer3.0.bias', 'layer2.0.weight', 'layer3.0.weight', 'fc.weight'}
Round 7, Aggregated Test Acc: 0.5748
================================================================================
Round 8, Subset 1, Test Acc: 0.5593
Round 8, Subset 2, Test Acc: 0.5380
Round 8, Subset 3, Test Acc: 0.5462
Round 8, Subset 4, Test Acc: 0.5390
Round 8, Subset 5, Test Acc: 0.5403
Round 8, Subset 6, Test Acc: 0.5546
Round 8, Subset 7, Test Acc: 0.5389
Round 8, Subset 8, Test Acc: 0.5534
Round 8, Subset 9, Test Acc: 0.5395
Round 8, Subset 10, Test Acc: 0.5607
Keys aggregated: {'layer2.0.bias', 'fc.bias', 'layer1.0.weight', 'layer1.0.bias', 'layer3.0.bias', 'layer2.0.weight', 'layer3.0.weight', 'fc.weight'}
Round 8, Aggregated Test Acc: 0.5908
================================================================================
Round 9, Subset 1, Test Acc: 0.5740
Round 9, Subset 2, Test Acc: 0.5583
Round 9, Subset 3, Test Acc: 0.5703
Round 9, Subset 4, Test Acc: 0.5598
Round 9, Subset 5, Test Acc: 0.5503
Round 9, Subset 6, Test Acc: 0.5639
Round 9, Subset 7, Test Acc: 0.5728
Round 9, Subset 8, Test Acc: 0.5745
Round 9, Subset 9, Test Acc: 0.5729
Round 9, Subset 10, Test Acc: 0.5685
Keys aggregated: {'layer2.0.bias', 'fc.bias', 'layer1.0.weight', 'layer1.0.bias', 'layer3.0.bias', 'layer2.0.weight', 'layer3.0.weight', 'fc.weight'}
Round 9, Aggregated Test Acc: 0.6019
================================================================================
Round 10, Subset 1, Test Acc: 0.5747
Round 10, Subset 2, Test Acc: 0.5792
Round 10, Subset 3, Test Acc: 0.5596
Round 10, Subset 4, Test Acc: 0.5832
Round 10, Subset 5, Test Acc: 0.5879
Round 10, Subset 6, Test Acc: 0.5713
Round 10, Subset 7, Test Acc: 0.5708
Round 10, Subset 8, Test Acc: 0.5738
Round 10, Subset 9, Test Acc: 0.5782
Round 10, Subset 10, Test Acc: 0.5811
Keys aggregated: {'layer2.0.bias', 'fc.bias', 'layer1.0.weight', 'layer1.0.bias', 'layer3.0.bias', 'layer2.0.weight', 'layer3.0.weight', 'fc.weight'}
Round 10, Aggregated Test Acc: 0.6094
================================================================================
Round 11, Subset 1, Test Acc: 0.5804
Round 11, Subset 2, Test Acc: 0.5809
Round 11, Subset 3, Test Acc: 0.5878
Round 11, Subset 4, Test Acc: 0.5673
Round 11, Subset 5, Test Acc: 0.5920
Round 11, Subset 6, Test Acc: 0.5827
Round 11, Subset 7, Test Acc: 0.5932
Round 11, Subset 8, Test Acc: 0.5703
Round 11, Subset 9, Test Acc: 0.5852
Round 11, Subset 10, Test Acc: 0.5864
Keys aggregated: {'layer2.0.bias', 'fc.bias', 'layer1.0.weight', 'layer1.0.bias', 'layer3.0.bias', 'layer2.0.weight', 'layer3.0.weight', 'fc.weight'}
Round 11, Aggregated Test Acc: 0.6177
================================================================================
Round 12, Subset 1, Test Acc: 0.5989
Round 12, Subset 2, Test Acc: 0.5900
Round 12, Subset 3, Test Acc: 0.6013
Round 12, Subset 4, Test Acc: 0.5626
Round 12, Subset 5, Test Acc: 0.5924
Round 12, Subset 6, Test Acc: 0.5712
Round 12, Subset 7, Test Acc: 0.5860
Round 12, Subset 8, Test Acc: 0.5674
Round 12, Subset 9, Test Acc: 0.5632
Round 12, Subset 10, Test Acc: 0.5725
Keys aggregated: {'layer2.0.bias', 'fc.bias', 'layer1.0.weight', 'layer1.0.bias', 'layer3.0.bias', 'layer2.0.weight', 'layer3.0.weight', 'fc.weight'}
Round 12, Aggregated Test Acc: 0.6261
================================================================================
Round 13, Subset 1, Test Acc: 0.5877
Round 13, Subset 2, Test Acc: 0.5976
Round 13, Subset 3, Test Acc: 0.5927
Round 13, Subset 4, Test Acc: 0.5883
Round 13, Subset 5, Test Acc: 0.5953
Round 13, Subset 6, Test Acc: 0.6013
Round 13, Subset 7, Test Acc: 0.5923
Round 13, Subset 8, Test Acc: 0.5994
Round 13, Subset 9, Test Acc: 0.5847
Round 13, Subset 10, Test Acc: 0.6010
Keys aggregated: {'layer2.0.bias', 'fc.bias', 'layer1.0.weight', 'layer1.0.bias', 'layer3.0.bias', 'layer2.0.weight', 'layer3.0.weight', 'fc.weight'}
Round 13, Aggregated Test Acc: 0.6292
================================================================================
Round 14, Subset 1, Test Acc: 0.6073
Round 14, Subset 2, Test Acc: 0.6025
Round 14, Subset 3, Test Acc: 0.5862
Round 14, Subset 4, Test Acc: 0.6012
Round 14, Subset 5, Test Acc: 0.5991
Round 14, Subset 6, Test Acc: 0.6014
Round 14, Subset 7, Test Acc: 0.6053
Round 14, Subset 8, Test Acc: 0.5973
Round 14, Subset 9, Test Acc: 0.5994
Round 14, Subset 10, Test Acc: 0.6042
Keys aggregated: {'layer2.0.bias', 'fc.bias', 'layer1.0.weight', 'layer1.0.bias', 'layer3.0.bias', 'layer2.0.weight', 'layer3.0.weight', 'fc.weight'}
Round 14, Aggregated Test Acc: 0.6326
================================================================================
Round 15, Subset 1, Test Acc: 0.6192
Round 15, Subset 2, Test Acc: 0.6054
Round 15, Subset 3, Test Acc: 0.6163
Round 15, Subset 4, Test Acc: 0.5916
Round 15, Subset 5, Test Acc: 0.5955
Round 15, Subset 6, Test Acc: 0.6123
Round 15, Subset 7, Test Acc: 0.5952
Round 15, Subset 8, Test Acc: 0.6020
Round 15, Subset 9, Test Acc: 0.5930
Round 15, Subset 10, Test Acc: 0.6073
Keys aggregated: {'layer2.0.bias', 'fc.bias', 'layer1.0.weight', 'layer1.0.bias', 'layer3.0.bias', 'layer2.0.weight', 'layer3.0.weight', 'fc.weight'}
Round 15, Aggregated Test Acc: 0.6413
================================================================================
Round 16, Subset 1, Test Acc: 0.6201
Round 16, Subset 2, Test Acc: 0.6103
Round 16, Subset 3, Test Acc: 0.6202
Round 16, Subset 4, Test Acc: 0.5998
Round 16, Subset 5, Test Acc: 0.6041
Round 16, Subset 6, Test Acc: 0.6107
Round 16, Subset 7, Test Acc: 0.6037
Round 16, Subset 8, Test Acc: 0.6098
Round 16, Subset 9, Test Acc: 0.6175
Round 16, Subset 10, Test Acc: 0.6087
Keys aggregated: {'layer2.0.bias', 'fc.bias', 'layer1.0.weight', 'layer1.0.bias', 'layer3.0.bias', 'layer2.0.weight', 'layer3.0.weight', 'fc.weight'}
Round 16, Aggregated Test Acc: 0.6446
================================================================================
Round 17, Subset 1, Test Acc: 0.6316
Round 17, Subset 2, Test Acc: 0.6052
Round 17, Subset 3, Test Acc: 0.6216
Round 17, Subset 4, Test Acc: 0.6166
Round 17, Subset 5, Test Acc: 0.6002
Round 17, Subset 6, Test Acc: 0.6041
Round 17, Subset 7, Test Acc: 0.6225
Round 17, Subset 8, Test Acc: 0.6114
Round 17, Subset 9, Test Acc: 0.6200
Round 17, Subset 10, Test Acc: 0.6069
Keys aggregated: {'layer2.0.bias', 'fc.bias', 'layer1.0.weight', 'layer1.0.bias', 'layer3.0.bias', 'layer2.0.weight', 'layer3.0.weight', 'fc.weight'}
Round 17, Aggregated Test Acc: 0.6465
================================================================================
Round 18, Subset 1, Test Acc: 0.6160
Round 18, Subset 2, Test Acc: 0.6176
Round 18, Subset 3, Test Acc: 0.6245
Round 18, Subset 4, Test Acc: 0.6140
Round 18, Subset 5, Test Acc: 0.6307
Round 18, Subset 6, Test Acc: 0.6300
Round 18, Subset 7, Test Acc: 0.6211
Round 18, Subset 8, Test Acc: 0.6061
Round 18, Subset 9, Test Acc: 0.6167
Round 18, Subset 10, Test Acc: 0.6246
Keys aggregated: {'layer2.0.bias', 'fc.bias', 'layer1.0.weight', 'layer1.0.bias', 'layer3.0.bias', 'layer2.0.weight', 'layer3.0.weight', 'fc.weight'}
Round 18, Aggregated Test Acc: 0.6516
================================================================================
Round 19, Subset 1, Test Acc: 0.6325
Round 19, Subset 2, Test Acc: 0.6394
Round 19, Subset 3, Test Acc: 0.6343
Round 19, Subset 4, Test Acc: 0.6242
Round 19, Subset 5, Test Acc: 0.6292
Round 19, Subset 6, Test Acc: 0.6253
Round 19, Subset 7, Test Acc: 0.6168
Round 19, Subset 8, Test Acc: 0.6260
Round 19, Subset 9, Test Acc: 0.6265
Round 19, Subset 10, Test Acc: 0.6275
Keys aggregated: {'layer2.0.bias', 'fc.bias', 'layer1.0.weight', 'layer1.0.bias', 'layer3.0.bias', 'layer2.0.weight', 'layer3.0.weight', 'fc.weight'}
Round 19, Aggregated Test Acc: 0.6517
================================================================================
Round 20, Subset 1, Test Acc: 0.6225
Round 20, Subset 2, Test Acc: 0.6275
Round 20, Subset 3, Test Acc: 0.6408
Round 20, Subset 4, Test Acc: 0.6180
Round 20, Subset 5, Test Acc: 0.6349
Round 20, Subset 6, Test Acc: 0.6307
Round 20, Subset 7, Test Acc: 0.6248
Round 20, Subset 8, Test Acc: 0.6029
Round 20, Subset 9, Test Acc: 0.6246
Round 20, Subset 10, Test Acc: 0.6157
Keys aggregated: {'layer2.0.bias', 'fc.bias', 'layer1.0.weight', 'layer1.0.bias', 'layer3.0.bias', 'layer2.0.weight', 'layer3.0.weight', 'fc.weight'}
Round 20, Aggregated Test Acc: 0.6585
================================================================================
Round 21, Subset 1, Test Acc: 0.6280
Round 21, Subset 2, Test Acc: 0.6193
Round 21, Subset 3, Test Acc: 0.6231
Round 21, Subset 4, Test Acc: 0.6352
Round 21, Subset 5, Test Acc: 0.6066
Round 21, Subset 6, Test Acc: 0.6149
Round 21, Subset 7, Test Acc: 0.6278
Round 21, Subset 8, Test Acc: 0.6211
Round 21, Subset 9, Test Acc: 0.6296
Round 21, Subset 10, Test Acc: 0.6285
Keys aggregated: {'layer2.0.bias', 'fc.bias', 'layer1.0.weight', 'layer1.0.bias', 'layer3.0.bias', 'layer2.0.weight', 'layer3.0.weight', 'fc.weight'}
Round 21, Aggregated Test Acc: 0.6640
================================================================================
Round 22, Subset 1, Test Acc: 0.6334
Round 22, Subset 2, Test Acc: 0.6332
Round 22, Subset 3, Test Acc: 0.6361
Round 22, Subset 4, Test Acc: 0.6371
Round 22, Subset 5, Test Acc: 0.6368
Round 22, Subset 6, Test Acc: 0.6228
Round 22, Subset 7, Test Acc: 0.6476
Round 22, Subset 8, Test Acc: 0.6319
Round 22, Subset 9, Test Acc: 0.6282
Round 22, Subset 10, Test Acc: 0.6095
Keys aggregated: {'layer2.0.bias', 'fc.bias', 'layer1.0.weight', 'layer1.0.bias', 'layer3.0.bias', 'layer2.0.weight', 'layer3.0.weight', 'fc.weight'}
Round 22, Aggregated Test Acc: 0.6644
================================================================================
Round 23, Subset 1, Test Acc: 0.6410
Round 23, Subset 2, Test Acc: 0.6295
Round 23, Subset 3, Test Acc: 0.6216
Round 23, Subset 4, Test Acc: 0.6286
Round 23, Subset 5, Test Acc: 0.6297
Round 23, Subset 6, Test Acc: 0.6227
Round 23, Subset 7, Test Acc: 0.6276
Round 23, Subset 8, Test Acc: 0.6366
Round 23, Subset 9, Test Acc: 0.6334
Round 23, Subset 10, Test Acc: 0.6259
Keys aggregated: {'layer2.0.bias', 'fc.bias', 'layer1.0.weight', 'layer1.0.bias', 'layer3.0.bias', 'layer2.0.weight', 'layer3.0.weight', 'fc.weight'}
Round 23, Aggregated Test Acc: 0.6677
================================================================================
Round 24, Subset 1, Test Acc: 0.6492
Round 24, Subset 2, Test Acc: 0.6477
Round 24, Subset 3, Test Acc: 0.6145
Round 24, Subset 4, Test Acc: 0.6407
Round 24, Subset 5, Test Acc: 0.6369
Round 24, Subset 6, Test Acc: 0.6406
Round 24, Subset 7, Test Acc: 0.6396
Round 24, Subset 8, Test Acc: 0.6336
Round 24, Subset 9, Test Acc: 0.6420
Round 24, Subset 10, Test Acc: 0.6414
Keys aggregated: {'layer2.0.bias', 'fc.bias', 'layer1.0.weight', 'layer1.0.bias', 'layer3.0.bias', 'layer2.0.weight', 'layer3.0.weight', 'fc.weight'}
Round 24, Aggregated Test Acc: 0.6680
================================================================================
Round 25, Subset 1, Test Acc: 0.6352
Round 25, Subset 2, Test Acc: 0.6442
Round 25, Subset 3, Test Acc: 0.6383
Round 25, Subset 4, Test Acc: 0.6409
Round 25, Subset 5, Test Acc: 0.6406
Round 25, Subset 6, Test Acc: 0.6317
Round 25, Subset 7, Test Acc: 0.6366
Round 25, Subset 8, Test Acc: 0.6320
Round 25, Subset 9, Test Acc: 0.6397
Round 25, Subset 10, Test Acc: 0.6187
Keys aggregated: {'layer2.0.bias', 'fc.bias', 'layer1.0.weight', 'layer1.0.bias', 'layer3.0.bias', 'layer2.0.weight', 'layer3.0.weight', 'fc.weight'}
Round 25, Aggregated Test Acc: 0.6727
================================================================================
Round 26, Subset 1, Test Acc: 0.6358
Round 26, Subset 2, Test Acc: 0.6382
Round 26, Subset 3, Test Acc: 0.6477
Round 26, Subset 4, Test Acc: 0.6474
Round 26, Subset 5, Test Acc: 0.6499
Round 26, Subset 6, Test Acc: 0.6310
Round 26, Subset 7, Test Acc: 0.6372
Round 26, Subset 8, Test Acc: 0.6377
Round 26, Subset 9, Test Acc: 0.6358
Round 26, Subset 10, Test Acc: 0.6377
Keys aggregated: {'layer2.0.bias', 'fc.bias', 'layer1.0.weight', 'layer1.0.bias', 'layer3.0.bias', 'layer2.0.weight', 'layer3.0.weight', 'fc.weight'}
Round 26, Aggregated Test Acc: 0.6705
================================================================================
Round 27, Subset 1, Test Acc: 0.6420
Round 27, Subset 2, Test Acc: 0.6523
Round 27, Subset 3, Test Acc: 0.6513
Round 27, Subset 4, Test Acc: 0.6444
Round 27, Subset 5, Test Acc: 0.6394
Round 27, Subset 6, Test Acc: 0.6418
Round 27, Subset 7, Test Acc: 0.6513
Round 27, Subset 8, Test Acc: 0.6403
Round 27, Subset 9, Test Acc: 0.6409
Round 27, Subset 10, Test Acc: 0.6437
Keys aggregated: {'layer2.0.bias', 'fc.bias', 'layer1.0.weight', 'layer1.0.bias', 'layer3.0.bias', 'layer2.0.weight', 'layer3.0.weight', 'fc.weight'}
Round 27, Aggregated Test Acc: 0.6762
================================================================================
Round 28, Subset 1, Test Acc: 0.6371
Round 28, Subset 2, Test Acc: 0.6431
Round 28, Subset 3, Test Acc: 0.6455
Round 28, Subset 4, Test Acc: 0.6370
Round 28, Subset 5, Test Acc: 0.6428
Round 28, Subset 6, Test Acc: 0.6501
Round 28, Subset 7, Test Acc: 0.6519
Round 28, Subset 8, Test Acc: 0.6509
Round 28, Subset 9, Test Acc: 0.6339
Round 28, Subset 10, Test Acc: 0.6473
Keys aggregated: {'layer2.0.bias', 'fc.bias', 'layer1.0.weight', 'layer1.0.bias', 'layer3.0.bias', 'layer2.0.weight', 'layer3.0.weight', 'fc.weight'}
Round 28, Aggregated Test Acc: 0.6728
================================================================================
Round 29, Subset 1, Test Acc: 0.6498
Round 29, Subset 2, Test Acc: 0.6432
Round 29, Subset 3, Test Acc: 0.6476
Round 29, Subset 4, Test Acc: 0.6241
Round 29, Subset 5, Test Acc: 0.6514
Round 29, Subset 6, Test Acc: 0.6534
Round 29, Subset 7, Test Acc: 0.6430
Round 29, Subset 8, Test Acc: 0.6394
Round 29, Subset 9, Test Acc: 0.6504
Round 29, Subset 10, Test Acc: 0.6426
Keys aggregated: {'layer2.0.bias', 'fc.bias', 'layer1.0.weight', 'layer1.0.bias', 'layer3.0.bias', 'layer2.0.weight', 'layer3.0.weight', 'fc.weight'}
Round 29, Aggregated Test Acc: 0.6790
================================================================================
Round 30, Subset 1, Test Acc: 0.6486
Round 30, Subset 2, Test Acc: 0.6529
Round 30, Subset 3, Test Acc: 0.6570
Round 30, Subset 4, Test Acc: 0.6413
Round 30, Subset 5, Test Acc: 0.6484
Round 30, Subset 6, Test Acc: 0.6467
Round 30, Subset 7, Test Acc: 0.6486
Round 30, Subset 8, Test Acc: 0.6415
Round 30, Subset 9, Test Acc: 0.6517
Round 30, Subset 10, Test Acc: 0.6649
Keys aggregated: {'layer2.0.bias', 'fc.bias', 'layer1.0.weight', 'layer1.0.bias', 'layer3.0.bias', 'layer2.0.weight', 'layer3.0.weight', 'fc.weight'}
Round 30, Aggregated Test Acc: 0.6771
================================================================================
Round 31, Subset 1, Test Acc: 0.6525
Round 31, Subset 2, Test Acc: 0.6544
Round 31, Subset 3, Test Acc: 0.6450
Round 31, Subset 4, Test Acc: 0.6351
Round 31, Subset 5, Test Acc: 0.6407
Round 31, Subset 6, Test Acc: 0.6559
Round 31, Subset 7, Test Acc: 0.6528
Round 31, Subset 8, Test Acc: 0.6603
Round 31, Subset 9, Test Acc: 0.6479
Round 31, Subset 10, Test Acc: 0.6458
Keys aggregated: {'layer2.0.bias', 'fc.bias', 'layer1.0.weight', 'layer1.0.bias', 'layer3.0.bias', 'layer2.0.weight', 'layer3.0.weight', 'fc.weight'}
Round 31, Aggregated Test Acc: 0.6810
================================================================================
Round 32, Subset 1, Test Acc: 0.6511
Round 32, Subset 2, Test Acc: 0.6559
Round 32, Subset 3, Test Acc: 0.6555
Round 32, Subset 4, Test Acc: 0.6498
Round 32, Subset 5, Test Acc: 0.6514
Round 32, Subset 6, Test Acc: 0.6627
Round 32, Subset 7, Test Acc: 0.6462
Round 32, Subset 8, Test Acc: 0.6591
Round 32, Subset 9, Test Acc: 0.6458
Round 32, Subset 10, Test Acc: 0.6536
Keys aggregated: {'layer2.0.bias', 'fc.bias', 'layer1.0.weight', 'layer1.0.bias', 'layer3.0.bias', 'layer2.0.weight', 'layer3.0.weight', 'fc.weight'}
Round 32, Aggregated Test Acc: 0.6833
================================================================================
Round 33, Subset 1, Test Acc: 0.6451
Round 33, Subset 2, Test Acc: 0.6488
Round 33, Subset 3, Test Acc: 0.6637
Round 33, Subset 4, Test Acc: 0.6597
Round 33, Subset 5, Test Acc: 0.6417
Round 33, Subset 6, Test Acc: 0.6594
Round 33, Subset 7, Test Acc: 0.6530
Round 33, Subset 8, Test Acc: 0.6565
Round 33, Subset 9, Test Acc: 0.6609
Round 33, Subset 10, Test Acc: 0.6469
Keys aggregated: {'layer2.0.bias', 'fc.bias', 'layer1.0.weight', 'layer1.0.bias', 'layer3.0.bias', 'layer2.0.weight', 'layer3.0.weight', 'fc.weight'}
Round 33, Aggregated Test Acc: 0.6849
================================================================================
Round 34, Subset 1, Test Acc: 0.6620
Round 34, Subset 2, Test Acc: 0.6548
Round 34, Subset 3, Test Acc: 0.6340
Round 34, Subset 4, Test Acc: 0.6513
Round 34, Subset 5, Test Acc: 0.6612
Round 34, Subset 6, Test Acc: 0.6624
Round 34, Subset 7, Test Acc: 0.6506
Round 34, Subset 8, Test Acc: 0.6475
Round 34, Subset 9, Test Acc: 0.6311
Round 34, Subset 10, Test Acc: 0.6531
Keys aggregated: {'layer2.0.bias', 'fc.bias', 'layer1.0.weight', 'layer1.0.bias', 'layer3.0.bias', 'layer2.0.weight', 'layer3.0.weight', 'fc.weight'}
Round 34, Aggregated Test Acc: 0.6859
================================================================================
Round 35, Subset 1, Test Acc: 0.6552
Round 35, Subset 2, Test Acc: 0.6664
Round 35, Subset 3, Test Acc: 0.6545
Round 35, Subset 4, Test Acc: 0.6552
Round 35, Subset 5, Test Acc: 0.6537
Round 35, Subset 6, Test Acc: 0.6668
Round 35, Subset 7, Test Acc: 0.6635
Round 35, Subset 8, Test Acc: 0.6604
Round 35, Subset 9, Test Acc: 0.6594
Round 35, Subset 10, Test Acc: 0.6417
Keys aggregated: {'layer2.0.bias', 'fc.bias', 'layer1.0.weight', 'layer1.0.bias', 'layer3.0.bias', 'layer2.0.weight', 'layer3.0.weight', 'fc.weight'}
Round 35, Aggregated Test Acc: 0.6879
================================================================================
Round 36, Subset 1, Test Acc: 0.6584
Round 36, Subset 2, Test Acc: 0.6421
Round 36, Subset 3, Test Acc: 0.6660
Round 36, Subset 4, Test Acc: 0.6393
Round 36, Subset 5, Test Acc: 0.6569
Round 36, Subset 6, Test Acc: 0.6627
Round 36, Subset 7, Test Acc: 0.6506
Round 36, Subset 8, Test Acc: 0.6611
Round 36, Subset 9, Test Acc: 0.6349
Round 36, Subset 10, Test Acc: 0.6574
Keys aggregated: {'layer2.0.bias', 'fc.bias', 'layer1.0.weight', 'layer1.0.bias', 'layer3.0.bias', 'layer2.0.weight', 'layer3.0.weight', 'fc.weight'}
Round 36, Aggregated Test Acc: 0.6923
================================================================================
Round 37, Subset 1, Test Acc: 0.6655
Round 37, Subset 2, Test Acc: 0.6686
Round 37, Subset 3, Test Acc: 0.6662
Round 37, Subset 4, Test Acc: 0.6592
Round 37, Subset 5, Test Acc: 0.6545
Round 37, Subset 6, Test Acc: 0.6535
Round 37, Subset 7, Test Acc: 0.6569
Round 37, Subset 8, Test Acc: 0.6687
Round 37, Subset 9, Test Acc: 0.6625
Round 37, Subset 10, Test Acc: 0.6383
Keys aggregated: {'layer2.0.bias', 'fc.bias', 'layer1.0.weight', 'layer1.0.bias', 'layer3.0.bias', 'layer2.0.weight', 'layer3.0.weight', 'fc.weight'}
Round 37, Aggregated Test Acc: 0.6907
================================================================================
Round 38, Subset 1, Test Acc: 0.6551
Round 38, Subset 2, Test Acc: 0.6580
Round 38, Subset 3, Test Acc: 0.6644
Round 38, Subset 4, Test Acc: 0.6467
Round 38, Subset 5, Test Acc: 0.6582
Round 38, Subset 6, Test Acc: 0.6541
Round 38, Subset 7, Test Acc: 0.6633
Round 38, Subset 8, Test Acc: 0.6566
Round 38, Subset 9, Test Acc: 0.6654
Round 38, Subset 10, Test Acc: 0.6557
Keys aggregated: {'layer2.0.bias', 'fc.bias', 'layer1.0.weight', 'layer1.0.bias', 'layer3.0.bias', 'layer2.0.weight', 'layer3.0.weight', 'fc.weight'}
Round 38, Aggregated Test Acc: 0.6884
================================================================================
Round 39, Subset 1, Test Acc: 0.6639
Round 39, Subset 2, Test Acc: 0.6436
Round 39, Subset 3, Test Acc: 0.6588
Round 39, Subset 4, Test Acc: 0.6565
Round 39, Subset 5, Test Acc: 0.6591
Round 39, Subset 6, Test Acc: 0.6601
Round 39, Subset 7, Test Acc: 0.6559
Round 39, Subset 8, Test Acc: 0.6717
Round 39, Subset 9, Test Acc: 0.6634
Round 39, Subset 10, Test Acc: 0.6539
Keys aggregated: {'layer2.0.bias', 'fc.bias', 'layer1.0.weight', 'layer1.0.bias', 'layer3.0.bias', 'layer2.0.weight', 'layer3.0.weight', 'fc.weight'}
Round 39, Aggregated Test Acc: 0.6912
================================================================================
Round 40, Subset 1, Test Acc: 0.6547
Round 40, Subset 2, Test Acc: 0.6740
Round 40, Subset 3, Test Acc: 0.6613
Round 40, Subset 4, Test Acc: 0.6711
Round 40, Subset 5, Test Acc: 0.6600
Round 40, Subset 6, Test Acc: 0.6663
Round 40, Subset 7, Test Acc: 0.6575
Round 40, Subset 8, Test Acc: 0.6579
Round 40, Subset 9, Test Acc: 0.6699
Round 40, Subset 10, Test Acc: 0.6693
Keys aggregated: {'layer2.0.bias', 'fc.bias', 'layer1.0.weight', 'layer1.0.bias', 'layer3.0.bias', 'layer2.0.weight', 'layer3.0.weight', 'fc.weight'}
Round 40, Aggregated Test Acc: 0.6923
================================================================================
Round 41, Subset 1, Test Acc: 0.6697
Round 41, Subset 2, Test Acc: 0.6497
Round 41, Subset 3, Test Acc: 0.6640
Round 41, Subset 4, Test Acc: 0.6648
Round 41, Subset 5, Test Acc: 0.6602
Round 41, Subset 6, Test Acc: 0.6527
Round 41, Subset 7, Test Acc: 0.6612
Round 41, Subset 8, Test Acc: 0.6520
Round 41, Subset 9, Test Acc: 0.6641
Round 41, Subset 10, Test Acc: 0.6626
Keys aggregated: {'layer2.0.bias', 'fc.bias', 'layer1.0.weight', 'layer1.0.bias', 'layer3.0.bias', 'layer2.0.weight', 'layer3.0.weight', 'fc.weight'}
Round 41, Aggregated Test Acc: 0.6915
================================================================================
Round 42, Subset 1, Test Acc: 0.6614
Round 42, Subset 2, Test Acc: 0.6669
Round 42, Subset 3, Test Acc: 0.6706
Round 42, Subset 4, Test Acc: 0.6704
Round 42, Subset 5, Test Acc: 0.6706
Round 42, Subset 6, Test Acc: 0.6655
Round 42, Subset 7, Test Acc: 0.6620
Round 42, Subset 8, Test Acc: 0.6642
Round 42, Subset 9, Test Acc: 0.6604
Round 42, Subset 10, Test Acc: 0.6536
Keys aggregated: {'layer2.0.bias', 'fc.bias', 'layer1.0.weight', 'layer1.0.bias', 'layer3.0.bias', 'layer2.0.weight', 'layer3.0.weight', 'fc.weight'}
Round 42, Aggregated Test Acc: 0.6942
================================================================================
Round 43, Subset 1, Test Acc: 0.6760
Round 43, Subset 2, Test Acc: 0.6616
Round 43, Subset 3, Test Acc: 0.6637
Round 43, Subset 4, Test Acc: 0.6576
Round 43, Subset 5, Test Acc: 0.6698
Round 43, Subset 6, Test Acc: 0.6716
Round 43, Subset 7, Test Acc: 0.6685
Round 43, Subset 8, Test Acc: 0.6598
Round 43, Subset 9, Test Acc: 0.6727
Round 43, Subset 10, Test Acc: 0.6708
Keys aggregated: {'layer2.0.bias', 'fc.bias', 'layer1.0.weight', 'layer1.0.bias', 'layer3.0.bias', 'layer2.0.weight', 'layer3.0.weight', 'fc.weight'}
Round 43, Aggregated Test Acc: 0.6943
================================================================================
Round 44, Subset 1, Test Acc: 0.6706
Round 44, Subset 2, Test Acc: 0.6680
Round 44, Subset 3, Test Acc: 0.6673
Round 44, Subset 4, Test Acc: 0.6668
Round 44, Subset 5, Test Acc: 0.6652
Round 44, Subset 6, Test Acc: 0.6675
Round 44, Subset 7, Test Acc: 0.6609
Round 44, Subset 8, Test Acc: 0.6564
Round 44, Subset 9, Test Acc: 0.6691
Round 44, Subset 10, Test Acc: 0.6602
Keys aggregated: {'layer2.0.bias', 'fc.bias', 'layer1.0.weight', 'layer1.0.bias', 'layer3.0.bias', 'layer2.0.weight', 'layer3.0.weight', 'fc.weight'}
Round 44, Aggregated Test Acc: 0.6945
================================================================================
Round 45, Subset 1, Test Acc: 0.6558
Round 45, Subset 2, Test Acc: 0.6764
Round 45, Subset 3, Test Acc: 0.6576
Round 45, Subset 4, Test Acc: 0.6743
Round 45, Subset 5, Test Acc: 0.6750
Round 45, Subset 6, Test Acc: 0.6405
Round 45, Subset 7, Test Acc: 0.6684
Round 45, Subset 8, Test Acc: 0.6672
Round 45, Subset 9, Test Acc: 0.6518
Round 45, Subset 10, Test Acc: 0.6738
Keys aggregated: {'layer2.0.bias', 'fc.bias', 'layer1.0.weight', 'layer1.0.bias', 'layer3.0.bias', 'layer2.0.weight', 'layer3.0.weight', 'fc.weight'}
Round 45, Aggregated Test Acc: 0.6932
================================================================================
Round 46, Subset 1, Test Acc: 0.6710
Round 46, Subset 2, Test Acc: 0.6683
Round 46, Subset 3, Test Acc: 0.6746
Round 46, Subset 4, Test Acc: 0.6619
Round 46, Subset 5, Test Acc: 0.6662
Round 46, Subset 6, Test Acc: 0.6506
Round 46, Subset 7, Test Acc: 0.6589
Round 46, Subset 8, Test Acc: 0.6666
Round 46, Subset 9, Test Acc: 0.6629
Round 46, Subset 10, Test Acc: 0.6704
Keys aggregated: {'layer2.0.bias', 'fc.bias', 'layer1.0.weight', 'layer1.0.bias', 'layer3.0.bias', 'layer2.0.weight', 'layer3.0.weight', 'fc.weight'}
Round 46, Aggregated Test Acc: 0.6940
================================================================================
Round 47, Subset 1, Test Acc: 0.6488
Round 47, Subset 2, Test Acc: 0.6672
Round 47, Subset 3, Test Acc: 0.6644
Round 47, Subset 4, Test Acc: 0.6622
Round 47, Subset 5, Test Acc: 0.6773
Round 47, Subset 6, Test Acc: 0.6665
Round 47, Subset 7, Test Acc: 0.6613
Round 47, Subset 8, Test Acc: 0.6706
Round 47, Subset 9, Test Acc: 0.6590
Round 47, Subset 10, Test Acc: 0.6595
Keys aggregated: {'layer2.0.bias', 'fc.bias', 'layer1.0.weight', 'layer1.0.bias', 'layer3.0.bias', 'layer2.0.weight', 'layer3.0.weight', 'fc.weight'}
Round 47, Aggregated Test Acc: 0.6933
================================================================================
Round 48, Subset 1, Test Acc: 0.6763
Round 48, Subset 2, Test Acc: 0.6697
Round 48, Subset 3, Test Acc: 0.6706
Round 48, Subset 4, Test Acc: 0.6548
Round 48, Subset 5, Test Acc: 0.6742
Round 48, Subset 6, Test Acc: 0.6537
Round 48, Subset 7, Test Acc: 0.6692
Round 48, Subset 8, Test Acc: 0.6607
Round 48, Subset 9, Test Acc: 0.6658
Round 48, Subset 10, Test Acc: 0.6599
Keys aggregated: {'layer2.0.bias', 'fc.bias', 'layer1.0.weight', 'layer1.0.bias', 'layer3.0.bias', 'layer2.0.weight', 'layer3.0.weight', 'fc.weight'}
Round 48, Aggregated Test Acc: 0.6973
================================================================================
Round 49, Subset 1, Test Acc: 0.6788
Round 49, Subset 2, Test Acc: 0.6628
Round 49, Subset 3, Test Acc: 0.6747
Round 49, Subset 4, Test Acc: 0.6622
Round 49, Subset 5, Test Acc: 0.6685
Round 49, Subset 6, Test Acc: 0.6697
Round 49, Subset 7, Test Acc: 0.6628
Round 49, Subset 8, Test Acc: 0.6493
Round 49, Subset 9, Test Acc: 0.6562
Round 49, Subset 10, Test Acc: 0.6440
Keys aggregated: {'layer2.0.bias', 'fc.bias', 'layer1.0.weight', 'layer1.0.bias', 'layer3.0.bias', 'layer2.0.weight', 'layer3.0.weight', 'fc.weight'}
Round 49, Aggregated Test Acc: 0.6966
================================================================================
Round 50, Subset 1, Test Acc: 0.6692
Round 50, Subset 2, Test Acc: 0.6665
Round 50, Subset 3, Test Acc: 0.6644
Round 50, Subset 4, Test Acc: 0.6759
Round 50, Subset 5, Test Acc: 0.6668
Round 50, Subset 6, Test Acc: 0.6662
Round 50, Subset 7, Test Acc: 0.6720
Round 50, Subset 8, Test Acc: 0.6621
Round 50, Subset 9, Test Acc: 0.6676
Round 50, Subset 10, Test Acc: 0.6581
Keys aggregated: {'layer2.0.bias', 'fc.bias', 'layer1.0.weight', 'layer1.0.bias', 'layer3.0.bias', 'layer2.0.weight', 'layer3.0.weight', 'fc.weight'}
Round 50, Aggregated Test Acc: 0.6937
================================================================================
Round 51, Subset 1, Test Acc: 0.6621
Round 51, Subset 2, Test Acc: 0.6613
Round 51, Subset 3, Test Acc: 0.6746
Round 51, Subset 4, Test Acc: 0.6747
Round 51, Subset 5, Test Acc: 0.6717
Round 51, Subset 6, Test Acc: 0.6712
Round 51, Subset 7, Test Acc: 0.6668
Round 51, Subset 8, Test Acc: 0.6661
Round 51, Subset 9, Test Acc: 0.6737
Round 51, Subset 10, Test Acc: 0.6641
Keys aggregated: {'layer2.0.bias', 'fc.bias', 'layer1.0.weight', 'layer1.0.bias', 'layer3.0.bias', 'layer2.0.weight', 'layer3.0.weight', 'fc.weight'}
Round 51, Aggregated Test Acc: 0.6961
================================================================================
Round 52, Subset 1, Test Acc: 0.6691
Round 52, Subset 2, Test Acc: 0.6709
Round 52, Subset 3, Test Acc: 0.6704
Round 52, Subset 4, Test Acc: 0.6684
Round 52, Subset 5, Test Acc: 0.6686
Round 52, Subset 6, Test Acc: 0.6737
Round 52, Subset 7, Test Acc: 0.6678
Round 52, Subset 8, Test Acc: 0.6776
Round 52, Subset 9, Test Acc: 0.6722
Round 52, Subset 10, Test Acc: 0.6727
Keys aggregated: {'layer2.0.bias', 'fc.bias', 'layer1.0.weight', 'layer1.0.bias', 'layer3.0.bias', 'layer2.0.weight', 'layer3.0.weight', 'fc.weight'}
Round 52, Aggregated Test Acc: 0.6975
================================================================================
Round 53, Subset 1, Test Acc: 0.6708
Round 53, Subset 2, Test Acc: 0.6727
Round 53, Subset 3, Test Acc: 0.6732
Round 53, Subset 4, Test Acc: 0.6602
Round 53, Subset 5, Test Acc: 0.6742
Round 53, Subset 6, Test Acc: 0.6531
Round 53, Subset 7, Test Acc: 0.6668
Round 53, Subset 8, Test Acc: 0.6688
Round 53, Subset 9, Test Acc: 0.6696
Round 53, Subset 10, Test Acc: 0.6741
Keys aggregated: {'layer2.0.bias', 'fc.bias', 'layer1.0.weight', 'layer1.0.bias', 'layer3.0.bias', 'layer2.0.weight', 'layer3.0.weight', 'fc.weight'}
Round 53, Aggregated Test Acc: 0.6987
================================================================================
Round 54, Subset 1, Test Acc: 0.6705
Round 54, Subset 2, Test Acc: 0.6700
Round 54, Subset 3, Test Acc: 0.6660
Round 54, Subset 4, Test Acc: 0.6649
Round 54, Subset 5, Test Acc: 0.6758
Round 54, Subset 6, Test Acc: 0.6682
Round 54, Subset 7, Test Acc: 0.6433
Round 54, Subset 8, Test Acc: 0.6782
Round 54, Subset 9, Test Acc: 0.6699
Round 54, Subset 10, Test Acc: 0.6729
Keys aggregated: {'layer2.0.bias', 'fc.bias', 'layer1.0.weight', 'layer1.0.bias', 'layer3.0.bias', 'layer2.0.weight', 'layer3.0.weight', 'fc.weight'}
Round 54, Aggregated Test Acc: 0.6996
================================================================================
Round 55, Subset 1, Test Acc: 0.6645
Round 55, Subset 2, Test Acc: 0.6657
Round 55, Subset 3, Test Acc: 0.6639
Round 55, Subset 4, Test Acc: 0.6537
Round 55, Subset 5, Test Acc: 0.6696
Round 55, Subset 6, Test Acc: 0.6649
Round 55, Subset 7, Test Acc: 0.6616
Round 55, Subset 8, Test Acc: 0.6656
Round 55, Subset 9, Test Acc: 0.6609
Round 55, Subset 10, Test Acc: 0.6763
Keys aggregated: {'layer2.0.bias', 'fc.bias', 'layer1.0.weight', 'layer1.0.bias', 'layer3.0.bias', 'layer2.0.weight', 'layer3.0.weight', 'fc.weight'}
Round 55, Aggregated Test Acc: 0.6980
================================================================================
Round 56, Subset 1, Test Acc: 0.6729
Round 56, Subset 2, Test Acc: 0.6740
Round 56, Subset 3, Test Acc: 0.6733
Round 56, Subset 4, Test Acc: 0.6745
Round 56, Subset 5, Test Acc: 0.6827
Round 56, Subset 6, Test Acc: 0.6650
Round 56, Subset 7, Test Acc: 0.6771
Round 56, Subset 8, Test Acc: 0.6711
Round 56, Subset 9, Test Acc: 0.6728
Round 56, Subset 10, Test Acc: 0.6642
Keys aggregated: {'layer2.0.bias', 'fc.bias', 'layer1.0.weight', 'layer1.0.bias', 'layer3.0.bias', 'layer2.0.weight', 'layer3.0.weight', 'fc.weight'}
Round 56, Aggregated Test Acc: 0.7004
================================================================================
Round 57, Subset 1, Test Acc: 0.6724
Round 57, Subset 2, Test Acc: 0.6693
Round 57, Subset 3, Test Acc: 0.6656
Round 57, Subset 4, Test Acc: 0.6771
Round 57, Subset 5, Test Acc: 0.6673
Round 57, Subset 6, Test Acc: 0.6743
Round 57, Subset 7, Test Acc: 0.6748
Round 57, Subset 8, Test Acc: 0.6790
Round 57, Subset 9, Test Acc: 0.6787
Round 57, Subset 10, Test Acc: 0.6735
Keys aggregated: {'layer2.0.bias', 'fc.bias', 'layer1.0.weight', 'layer1.0.bias', 'layer3.0.bias', 'layer2.0.weight', 'layer3.0.weight', 'fc.weight'}
Round 57, Aggregated Test Acc: 0.6986
================================================================================
Round 58, Subset 1, Test Acc: 0.6705
Round 58, Subset 2, Test Acc: 0.6797
Round 58, Subset 3, Test Acc: 0.6687
Round 58, Subset 4, Test Acc: 0.6651
Round 58, Subset 5, Test Acc: 0.6731
Round 58, Subset 6, Test Acc: 0.6529
Round 58, Subset 7, Test Acc: 0.6586
Round 58, Subset 8, Test Acc: 0.6726
Round 58, Subset 9, Test Acc: 0.6741
Round 58, Subset 10, Test Acc: 0.6691
Keys aggregated: {'layer2.0.bias', 'fc.bias', 'layer1.0.weight', 'layer1.0.bias', 'layer3.0.bias', 'layer2.0.weight', 'layer3.0.weight', 'fc.weight'}
Round 58, Aggregated Test Acc: 0.6959
================================================================================
Round 59, Subset 1, Test Acc: 0.6752
Round 59, Subset 2, Test Acc: 0.6789
Round 59, Subset 3, Test Acc: 0.6832
Round 59, Subset 4, Test Acc: 0.6691
Round 59, Subset 5, Test Acc: 0.6725
Round 59, Subset 6, Test Acc: 0.6554
Round 59, Subset 7, Test Acc: 0.6594
Round 59, Subset 8, Test Acc: 0.6798
Round 59, Subset 9, Test Acc: 0.6653
Round 59, Subset 10, Test Acc: 0.6747
Keys aggregated: {'layer2.0.bias', 'fc.bias', 'layer1.0.weight', 'layer1.0.bias', 'layer3.0.bias', 'layer2.0.weight', 'layer3.0.weight', 'fc.weight'}
Round 59, Aggregated Test Acc: 0.6999
================================================================================
Round 60, Subset 1, Test Acc: 0.6814
Round 60, Subset 2, Test Acc: 0.6621
Round 60, Subset 3, Test Acc: 0.6695
Round 60, Subset 4, Test Acc: 0.6702
Round 60, Subset 5, Test Acc: 0.6768
Round 60, Subset 6, Test Acc: 0.6606
Round 60, Subset 7, Test Acc: 0.6600
Round 60, Subset 8, Test Acc: 0.6784
Round 60, Subset 9, Test Acc: 0.6696
Round 60, Subset 10, Test Acc: 0.6633
Keys aggregated: {'layer2.0.bias', 'fc.bias', 'layer1.0.weight', 'layer1.0.bias', 'layer3.0.bias', 'layer2.0.weight', 'layer3.0.weight', 'fc.weight'}
Round 60, Aggregated Test Acc: 0.7022
================================================================================
Round 61, Subset 1, Test Acc: 0.6774
Round 61, Subset 2, Test Acc: 0.6824
Round 61, Subset 3, Test Acc: 0.6841
Round 61, Subset 4, Test Acc: 0.6625
Round 61, Subset 5, Test Acc: 0.6708
Round 61, Subset 6, Test Acc: 0.6664
Round 61, Subset 7, Test Acc: 0.6811
Round 61, Subset 8, Test Acc: 0.6708
Round 61, Subset 9, Test Acc: 0.6757
Round 61, Subset 10, Test Acc: 0.6707
Keys aggregated: {'layer2.0.bias', 'fc.bias', 'layer1.0.weight', 'layer1.0.bias', 'layer3.0.bias', 'layer2.0.weight', 'layer3.0.weight', 'fc.weight'}
Round 61, Aggregated Test Acc: 0.7017
================================================================================
Round 62, Subset 1, Test Acc: 0.6444
Round 62, Subset 2, Test Acc: 0.6652
Round 62, Subset 3, Test Acc: 0.6738
Round 62, Subset 4, Test Acc: 0.6677
Round 62, Subset 5, Test Acc: 0.6635
Round 62, Subset 6, Test Acc: 0.6753
Round 62, Subset 7, Test Acc: 0.6714
Round 62, Subset 8, Test Acc: 0.6450
Round 62, Subset 9, Test Acc: 0.6768
Round 62, Subset 10, Test Acc: 0.6765
Keys aggregated: {'layer2.0.bias', 'fc.bias', 'layer1.0.weight', 'layer1.0.bias', 'layer3.0.bias', 'layer2.0.weight', 'layer3.0.weight', 'fc.weight'}
Round 62, Aggregated Test Acc: 0.6986
================================================================================
Round 63, Subset 1, Test Acc: 0.6768
Round 63, Subset 2, Test Acc: 0.6804
Round 63, Subset 3, Test Acc: 0.6713
Round 63, Subset 4, Test Acc: 0.6766
Round 63, Subset 5, Test Acc: 0.6732
Round 63, Subset 6, Test Acc: 0.6722
Round 63, Subset 7, Test Acc: 0.6665
Round 63, Subset 8, Test Acc: 0.6754
Round 63, Subset 9, Test Acc: 0.6792
Round 63, Subset 10, Test Acc: 0.6653
Keys aggregated: {'layer2.0.bias', 'fc.bias', 'layer1.0.weight', 'layer1.0.bias', 'layer3.0.bias', 'layer2.0.weight', 'layer3.0.weight', 'fc.weight'}
Round 63, Aggregated Test Acc: 0.7020
================================================================================
Round 64, Subset 1, Test Acc: 0.6748
Round 64, Subset 2, Test Acc: 0.6747
Round 64, Subset 3, Test Acc: 0.6781
Round 64, Subset 4, Test Acc: 0.6725
Round 64, Subset 5, Test Acc: 0.6720
Round 64, Subset 6, Test Acc: 0.6724
Round 64, Subset 7, Test Acc: 0.6771
Round 64, Subset 8, Test Acc: 0.6703
Round 64, Subset 9, Test Acc: 0.6698
Round 64, Subset 10, Test Acc: 0.6583
Keys aggregated: {'layer2.0.bias', 'fc.bias', 'layer1.0.weight', 'layer1.0.bias', 'layer3.0.bias', 'layer2.0.weight', 'layer3.0.weight', 'fc.weight'}
Round 64, Aggregated Test Acc: 0.7002
================================================================================
Round 65, Subset 1, Test Acc: 0.6749
Round 65, Subset 2, Test Acc: 0.6752
Round 65, Subset 3, Test Acc: 0.6738
Round 65, Subset 4, Test Acc: 0.6763
Round 65, Subset 5, Test Acc: 0.6717
Round 65, Subset 6, Test Acc: 0.6675
Round 65, Subset 7, Test Acc: 0.6671
Round 65, Subset 8, Test Acc: 0.6763
Round 65, Subset 9, Test Acc: 0.6738
Round 65, Subset 10, Test Acc: 0.6631
Keys aggregated: {'layer2.0.bias', 'fc.bias', 'layer1.0.weight', 'layer1.0.bias', 'layer3.0.bias', 'layer2.0.weight', 'layer3.0.weight', 'fc.weight'}
Round 65, Aggregated Test Acc: 0.6997
================================================================================
Round 66, Subset 1, Test Acc: 0.6731
Round 66, Subset 2, Test Acc: 0.6766
Round 66, Subset 3, Test Acc: 0.6711
Round 66, Subset 4, Test Acc: 0.6635
Round 66, Subset 5, Test Acc: 0.6744
Round 66, Subset 6, Test Acc: 0.6636
Round 66, Subset 7, Test Acc: 0.6675
Round 66, Subset 8, Test Acc: 0.6735
Round 66, Subset 9, Test Acc: 0.6742
Round 66, Subset 10, Test Acc: 0.6765
Keys aggregated: {'layer2.0.bias', 'fc.bias', 'layer1.0.weight', 'layer1.0.bias', 'layer3.0.bias', 'layer2.0.weight', 'layer3.0.weight', 'fc.weight'}
Round 66, Aggregated Test Acc: 0.6994
================================================================================
Round 67, Subset 1, Test Acc: 0.6608
Round 67, Subset 2, Test Acc: 0.6533
Round 67, Subset 3, Test Acc: 0.6685
Round 67, Subset 4, Test Acc: 0.6804
Round 67, Subset 5, Test Acc: 0.6729
Round 67, Subset 6, Test Acc: 0.6698
Round 67, Subset 7, Test Acc: 0.6661
Round 67, Subset 8, Test Acc: 0.6738
Round 67, Subset 9, Test Acc: 0.6767
Round 67, Subset 10, Test Acc: 0.6724
Keys aggregated: {'layer2.0.bias', 'fc.bias', 'layer1.0.weight', 'layer1.0.bias', 'layer3.0.bias', 'layer2.0.weight', 'layer3.0.weight', 'fc.weight'}
Round 67, Aggregated Test Acc: 0.7045
================================================================================
Round 68, Subset 1, Test Acc: 0.6618
Round 68, Subset 2, Test Acc: 0.6820
Round 68, Subset 3, Test Acc: 0.6632
Round 68, Subset 4, Test Acc: 0.6597
Round 68, Subset 5, Test Acc: 0.6552
Round 68, Subset 6, Test Acc: 0.6666
Round 68, Subset 7, Test Acc: 0.6827
Round 68, Subset 8, Test Acc: 0.6698
Round 68, Subset 9, Test Acc: 0.6770
Round 68, Subset 10, Test Acc: 0.6803
Keys aggregated: {'layer2.0.bias', 'fc.bias', 'layer1.0.weight', 'layer1.0.bias', 'layer3.0.bias', 'layer2.0.weight', 'layer3.0.weight', 'fc.weight'}
Round 68, Aggregated Test Acc: 0.7012
================================================================================
Round 69, Subset 1, Test Acc: 0.6736
Round 69, Subset 2, Test Acc: 0.6757
Round 69, Subset 3, Test Acc: 0.6741
Round 69, Subset 4, Test Acc: 0.6784
Round 69, Subset 5, Test Acc: 0.6764
Round 69, Subset 6, Test Acc: 0.6719
Round 69, Subset 7, Test Acc: 0.6709
Round 69, Subset 8, Test Acc: 0.6778
Round 69, Subset 9, Test Acc: 0.6755
Round 69, Subset 10, Test Acc: 0.6697
Keys aggregated: {'layer2.0.bias', 'fc.bias', 'layer1.0.weight', 'layer1.0.bias', 'layer3.0.bias', 'layer2.0.weight', 'layer3.0.weight', 'fc.weight'}
Round 69, Aggregated Test Acc: 0.7006
================================================================================
Round 70, Subset 1, Test Acc: 0.6692
Round 70, Subset 2, Test Acc: 0.6575
Round 70, Subset 3, Test Acc: 0.6797
Round 70, Subset 4, Test Acc: 0.6752
Round 70, Subset 5, Test Acc: 0.6780
Round 70, Subset 6, Test Acc: 0.6687
Round 70, Subset 7, Test Acc: 0.6594
Round 70, Subset 8, Test Acc: 0.6689
Round 70, Subset 9, Test Acc: 0.6645
Round 70, Subset 10, Test Acc: 0.6673
Keys aggregated: {'layer2.0.bias', 'fc.bias', 'layer1.0.weight', 'layer1.0.bias', 'layer3.0.bias', 'layer2.0.weight', 'layer3.0.weight', 'fc.weight'}
Round 70, Aggregated Test Acc: 0.7003
================================================================================
Round 71, Subset 1, Test Acc: 0.6766
Round 71, Subset 2, Test Acc: 0.6702
Round 71, Subset 3, Test Acc: 0.6751
Round 71, Subset 4, Test Acc: 0.6547
Round 71, Subset 5, Test Acc: 0.6820
Round 71, Subset 6, Test Acc: 0.6759
Round 71, Subset 7, Test Acc: 0.6768
Round 71, Subset 8, Test Acc: 0.6764
Round 71, Subset 9, Test Acc: 0.6746
Round 71, Subset 10, Test Acc: 0.6722
Keys aggregated: {'layer2.0.bias', 'fc.bias', 'layer1.0.weight', 'layer1.0.bias', 'layer3.0.bias', 'layer2.0.weight', 'layer3.0.weight', 'fc.weight'}
Round 71, Aggregated Test Acc: 0.7002
================================================================================
Round 72, Subset 1, Test Acc: 0.6762
Round 72, Subset 2, Test Acc: 0.6742
Round 72, Subset 3, Test Acc: 0.6696
Round 72, Subset 4, Test Acc: 0.6703
Round 72, Subset 5, Test Acc: 0.6684
Round 72, Subset 6, Test Acc: 0.6794
Round 72, Subset 7, Test Acc: 0.6599
Round 72, Subset 8, Test Acc: 0.6677
Round 72, Subset 9, Test Acc: 0.6712
Round 72, Subset 10, Test Acc: 0.6737
Keys aggregated: {'layer2.0.bias', 'fc.bias', 'layer1.0.weight', 'layer1.0.bias', 'layer3.0.bias', 'layer2.0.weight', 'layer3.0.weight', 'fc.weight'}
Round 72, Aggregated Test Acc: 0.6984
================================================================================
Round 73, Subset 1, Test Acc: 0.6806
Round 73, Subset 2, Test Acc: 0.6831
Round 73, Subset 3, Test Acc: 0.6683
Round 73, Subset 4, Test Acc: 0.6774
Round 73, Subset 5, Test Acc: 0.6741
Round 73, Subset 6, Test Acc: 0.6567
Round 73, Subset 7, Test Acc: 0.6693
Round 73, Subset 8, Test Acc: 0.6518
Round 73, Subset 9, Test Acc: 0.6752
Round 73, Subset 10, Test Acc: 0.6622
Keys aggregated: {'layer2.0.bias', 'fc.bias', 'layer1.0.weight', 'layer1.0.bias', 'layer3.0.bias', 'layer2.0.weight', 'layer3.0.weight', 'fc.weight'}
Round 73, Aggregated Test Acc: 0.7004
================================================================================
Round 74, Subset 1, Test Acc: 0.6729
Round 74, Subset 2, Test Acc: 0.6667
Round 74, Subset 3, Test Acc: 0.6735
Round 74, Subset 4, Test Acc: 0.6764
Round 74, Subset 5, Test Acc: 0.6795
Round 74, Subset 6, Test Acc: 0.6783
Round 74, Subset 7, Test Acc: 0.6742
Round 74, Subset 8, Test Acc: 0.6799
Round 74, Subset 9, Test Acc: 0.6780
Round 74, Subset 10, Test Acc: 0.6798
Keys aggregated: {'layer2.0.bias', 'fc.bias', 'layer1.0.weight', 'layer1.0.bias', 'layer3.0.bias', 'layer2.0.weight', 'layer3.0.weight', 'fc.weight'}
Round 74, Aggregated Test Acc: 0.7004
================================================================================
Round 75, Subset 1, Test Acc: 0.6808
Round 75, Subset 2, Test Acc: 0.6791
Round 75, Subset 3, Test Acc: 0.6797
Round 75, Subset 4, Test Acc: 0.6751
Round 75, Subset 5, Test Acc: 0.6757
Round 75, Subset 6, Test Acc: 0.6754
Round 75, Subset 7, Test Acc: 0.6717
Round 75, Subset 8, Test Acc: 0.6686
Round 75, Subset 9, Test Acc: 0.6761
Round 75, Subset 10, Test Acc: 0.6776
Keys aggregated: {'layer2.0.bias', 'fc.bias', 'layer1.0.weight', 'layer1.0.bias', 'layer3.0.bias', 'layer2.0.weight', 'layer3.0.weight', 'fc.weight'}
Round 75, Aggregated Test Acc: 0.7018
================================================================================
Round 76, Subset 1, Test Acc: 0.6750
Round 76, Subset 2, Test Acc: 0.6728
Round 76, Subset 3, Test Acc: 0.6705
Round 76, Subset 4, Test Acc: 0.6637
Round 76, Subset 5, Test Acc: 0.6778
Round 76, Subset 6, Test Acc: 0.6705
Round 76, Subset 7, Test Acc: 0.6743
Round 76, Subset 8, Test Acc: 0.6823
Round 76, Subset 9, Test Acc: 0.6611
Round 76, Subset 10, Test Acc: 0.6768
Keys aggregated: {'layer2.0.bias', 'fc.bias', 'layer1.0.weight', 'layer1.0.bias', 'layer3.0.bias', 'layer2.0.weight', 'layer3.0.weight', 'fc.weight'}
Round 76, Aggregated Test Acc: 0.7019
================================================================================
Round 77, Subset 1, Test Acc: 0.6638
Round 77, Subset 2, Test Acc: 0.6376
Round 77, Subset 3, Test Acc: 0.6800
Round 77, Subset 4, Test Acc: 0.6724
Round 77, Subset 5, Test Acc: 0.6814
Round 77, Subset 6, Test Acc: 0.6854
Round 77, Subset 7, Test Acc: 0.6749
Round 77, Subset 8, Test Acc: 0.6754
Round 77, Subset 9, Test Acc: 0.6752
Round 77, Subset 10, Test Acc: 0.6700
Keys aggregated: {'layer2.0.bias', 'fc.bias', 'layer1.0.weight', 'layer1.0.bias', 'layer3.0.bias', 'layer2.0.weight', 'layer3.0.weight', 'fc.weight'}
Round 77, Aggregated Test Acc: 0.7015
================================================================================
Round 78, Subset 1, Test Acc: 0.6791
Round 78, Subset 2, Test Acc: 0.6706
Round 78, Subset 3, Test Acc: 0.6685
Round 78, Subset 4, Test Acc: 0.6717
Round 78, Subset 5, Test Acc: 0.6785
Round 78, Subset 6, Test Acc: 0.6738
Round 78, Subset 7, Test Acc: 0.6720
Round 78, Subset 8, Test Acc: 0.6779
Round 78, Subset 9, Test Acc: 0.6611
Round 78, Subset 10, Test Acc: 0.6726
Keys aggregated: {'layer2.0.bias', 'fc.bias', 'layer1.0.weight', 'layer1.0.bias', 'layer3.0.bias', 'layer2.0.weight', 'layer3.0.weight', 'fc.weight'}
Round 78, Aggregated Test Acc: 0.7016
================================================================================
Round 79, Subset 1, Test Acc: 0.6778
Round 79, Subset 2, Test Acc: 0.6809
Round 79, Subset 3, Test Acc: 0.6691
Round 79, Subset 4, Test Acc: 0.6665
Round 79, Subset 5, Test Acc: 0.6874
Round 79, Subset 6, Test Acc: 0.6812
Round 79, Subset 7, Test Acc: 0.6791
Round 79, Subset 8, Test Acc: 0.6801
Round 79, Subset 9, Test Acc: 0.6656
Round 79, Subset 10, Test Acc: 0.6680
Keys aggregated: {'layer2.0.bias', 'fc.bias', 'layer1.0.weight', 'layer1.0.bias', 'layer3.0.bias', 'layer2.0.weight', 'layer3.0.weight', 'fc.weight'}
Round 79, Aggregated Test Acc: 0.7024
================================================================================
Round 80, Subset 1, Test Acc: 0.6756
Round 80, Subset 2, Test Acc: 0.6788
Round 80, Subset 3, Test Acc: 0.6720
Round 80, Subset 4, Test Acc: 0.6760
Round 80, Subset 5, Test Acc: 0.6766
Round 80, Subset 6, Test Acc: 0.6708
Round 80, Subset 7, Test Acc: 0.6619
Round 80, Subset 8, Test Acc: 0.6772
Round 80, Subset 9, Test Acc: 0.6652
Round 80, Subset 10, Test Acc: 0.6737
Keys aggregated: {'layer2.0.bias', 'fc.bias', 'layer1.0.weight', 'layer1.0.bias', 'layer3.0.bias', 'layer2.0.weight', 'layer3.0.weight', 'fc.weight'}
Round 80, Aggregated Test Acc: 0.7035
================================================================================
Round 81, Subset 1, Test Acc: 0.6720
Round 81, Subset 2, Test Acc: 0.6840
Round 81, Subset 3, Test Acc: 0.6839
Round 81, Subset 4, Test Acc: 0.6757
Round 81, Subset 5, Test Acc: 0.6676
Round 81, Subset 6, Test Acc: 0.6733
Round 81, Subset 7, Test Acc: 0.6697
Round 81, Subset 8, Test Acc: 0.6817
Round 81, Subset 9, Test Acc: 0.6692
Round 81, Subset 10, Test Acc: 0.6762
Keys aggregated: {'layer2.0.bias', 'fc.bias', 'layer1.0.weight', 'layer1.0.bias', 'layer3.0.bias', 'layer2.0.weight', 'layer3.0.weight', 'fc.weight'}
Round 81, Aggregated Test Acc: 0.7040
================================================================================
Round 82, Subset 1, Test Acc: 0.6800
Round 82, Subset 2, Test Acc: 0.6790
Round 82, Subset 3, Test Acc: 0.6765
Round 82, Subset 4, Test Acc: 0.6698
Round 82, Subset 5, Test Acc: 0.6763
Round 82, Subset 6, Test Acc: 0.6684
Round 82, Subset 7, Test Acc: 0.6747
Round 82, Subset 8, Test Acc: 0.6803
Round 82, Subset 9, Test Acc: 0.6724
Round 82, Subset 10, Test Acc: 0.6738
Keys aggregated: {'layer2.0.bias', 'fc.bias', 'layer1.0.weight', 'layer1.0.bias', 'layer3.0.bias', 'layer2.0.weight', 'layer3.0.weight', 'fc.weight'}
Round 82, Aggregated Test Acc: 0.7014
================================================================================
Round 83, Subset 1, Test Acc: 0.6779
Round 83, Subset 2, Test Acc: 0.6835
Round 83, Subset 3, Test Acc: 0.6690
Round 83, Subset 4, Test Acc: 0.6821
Round 83, Subset 5, Test Acc: 0.6762
Round 83, Subset 6, Test Acc: 0.6737
Round 83, Subset 7, Test Acc: 0.6614
Round 83, Subset 8, Test Acc: 0.6728
Round 83, Subset 9, Test Acc: 0.6832
Round 83, Subset 10, Test Acc: 0.6772
Keys aggregated: {'layer2.0.bias', 'fc.bias', 'layer1.0.weight', 'layer1.0.bias', 'layer3.0.bias', 'layer2.0.weight', 'layer3.0.weight', 'fc.weight'}
Round 83, Aggregated Test Acc: 0.7033
================================================================================
Round 84, Subset 1, Test Acc: 0.6767
Round 84, Subset 2, Test Acc: 0.6789
Round 84, Subset 3, Test Acc: 0.6866
Round 84, Subset 4, Test Acc: 0.6745
Round 84, Subset 5, Test Acc: 0.6799
Round 84, Subset 6, Test Acc: 0.6633
Round 84, Subset 7, Test Acc: 0.6787
Round 84, Subset 8, Test Acc: 0.6768
Round 84, Subset 9, Test Acc: 0.6772
Round 84, Subset 10, Test Acc: 0.6786
Keys aggregated: {'layer2.0.bias', 'fc.bias', 'layer1.0.weight', 'layer1.0.bias', 'layer3.0.bias', 'layer2.0.weight', 'layer3.0.weight', 'fc.weight'}
Round 84, Aggregated Test Acc: 0.7030
================================================================================
Round 85, Subset 1, Test Acc: 0.6708
Round 85, Subset 2, Test Acc: 0.6712
Round 85, Subset 3, Test Acc: 0.6743
Round 85, Subset 4, Test Acc: 0.6807
Round 85, Subset 5, Test Acc: 0.6811
Round 85, Subset 6, Test Acc: 0.6647
Round 85, Subset 7, Test Acc: 0.6710
Round 85, Subset 8, Test Acc: 0.6805
Round 85, Subset 9, Test Acc: 0.6754
Round 85, Subset 10, Test Acc: 0.6785
Keys aggregated: {'layer2.0.bias', 'fc.bias', 'layer1.0.weight', 'layer1.0.bias', 'layer3.0.bias', 'layer2.0.weight', 'layer3.0.weight', 'fc.weight'}
Round 85, Aggregated Test Acc: 0.7018
================================================================================
Round 86, Subset 1, Test Acc: 0.6625
Round 86, Subset 2, Test Acc: 0.6723
Round 86, Subset 3, Test Acc: 0.6664
Round 86, Subset 4, Test Acc: 0.6697
Round 86, Subset 5, Test Acc: 0.6755
Round 86, Subset 6, Test Acc: 0.6706
Round 86, Subset 7, Test Acc: 0.6801
Round 86, Subset 8, Test Acc: 0.6824
Round 86, Subset 9, Test Acc: 0.6731
Round 86, Subset 10, Test Acc: 0.6780
Keys aggregated: {'layer2.0.bias', 'fc.bias', 'layer1.0.weight', 'layer1.0.bias', 'layer3.0.bias', 'layer2.0.weight', 'layer3.0.weight', 'fc.weight'}
Round 86, Aggregated Test Acc: 0.7025
================================================================================
Round 87, Subset 1, Test Acc: 0.6807
Round 87, Subset 2, Test Acc: 0.6760
Round 87, Subset 3, Test Acc: 0.6709
Round 87, Subset 4, Test Acc: 0.6680
Round 87, Subset 5, Test Acc: 0.6784
Round 87, Subset 6, Test Acc: 0.6719
Round 87, Subset 7, Test Acc: 0.6826
Round 87, Subset 8, Test Acc: 0.6829
Round 87, Subset 9, Test Acc: 0.6718
Round 87, Subset 10, Test Acc: 0.6704
Keys aggregated: {'layer2.0.bias', 'fc.bias', 'layer1.0.weight', 'layer1.0.bias', 'layer3.0.bias', 'layer2.0.weight', 'layer3.0.weight', 'fc.weight'}
Round 87, Aggregated Test Acc: 0.7043
================================================================================
Round 88, Subset 1, Test Acc: 0.6821
Round 88, Subset 2, Test Acc: 0.6814
Round 88, Subset 3, Test Acc: 0.6743
Round 88, Subset 4, Test Acc: 0.6784
Round 88, Subset 5, Test Acc: 0.6709
Round 88, Subset 6, Test Acc: 0.6653
Round 88, Subset 7, Test Acc: 0.6807
Round 88, Subset 8, Test Acc: 0.6829
Round 88, Subset 9, Test Acc: 0.6801
Round 88, Subset 10, Test Acc: 0.6767
Keys aggregated: {'layer2.0.bias', 'fc.bias', 'layer1.0.weight', 'layer1.0.bias', 'layer3.0.bias', 'layer2.0.weight', 'layer3.0.weight', 'fc.weight'}
Round 88, Aggregated Test Acc: 0.7039
================================================================================
Round 89, Subset 1, Test Acc: 0.6800
Round 89, Subset 2, Test Acc: 0.6706
Round 89, Subset 3, Test Acc: 0.6670
Round 89, Subset 4, Test Acc: 0.6779
Round 89, Subset 5, Test Acc: 0.6702
Round 89, Subset 6, Test Acc: 0.6702
Round 89, Subset 7, Test Acc: 0.6738
Round 89, Subset 8, Test Acc: 0.6820
Round 89, Subset 9, Test Acc: 0.6747
Round 89, Subset 10, Test Acc: 0.6684
Keys aggregated: {'layer2.0.bias', 'fc.bias', 'layer1.0.weight', 'layer1.0.bias', 'layer3.0.bias', 'layer2.0.weight', 'layer3.0.weight', 'fc.weight'}
Round 89, Aggregated Test Acc: 0.7014
================================================================================
Round 90, Subset 1, Test Acc: 0.6623
Round 90, Subset 2, Test Acc: 0.6774
Round 90, Subset 3, Test Acc: 0.6755
Round 90, Subset 4, Test Acc: 0.6776
Round 90, Subset 5, Test Acc: 0.6593
Round 90, Subset 6, Test Acc: 0.6715
Round 90, Subset 7, Test Acc: 0.6812
Round 90, Subset 8, Test Acc: 0.6764
Round 90, Subset 9, Test Acc: 0.6792
Round 90, Subset 10, Test Acc: 0.6713
Keys aggregated: {'layer2.0.bias', 'fc.bias', 'layer1.0.weight', 'layer1.0.bias', 'layer3.0.bias', 'layer2.0.weight', 'layer3.0.weight', 'fc.weight'}
Round 90, Aggregated Test Acc: 0.7039
================================================================================
Round 91, Subset 1, Test Acc: 0.6751
Round 91, Subset 2, Test Acc: 0.6747
Round 91, Subset 3, Test Acc: 0.6780
Round 91, Subset 4, Test Acc: 0.6726
Round 91, Subset 5, Test Acc: 0.6704
Round 91, Subset 6, Test Acc: 0.6777
Round 91, Subset 7, Test Acc: 0.6775
Round 91, Subset 8, Test Acc: 0.6723
Round 91, Subset 9, Test Acc: 0.6749
Round 91, Subset 10, Test Acc: 0.6749
Keys aggregated: {'layer2.0.bias', 'fc.bias', 'layer1.0.weight', 'layer1.0.bias', 'layer3.0.bias', 'layer2.0.weight', 'layer3.0.weight', 'fc.weight'}
Round 91, Aggregated Test Acc: 0.7013
================================================================================
Round 92, Subset 1, Test Acc: 0.6742
Round 92, Subset 2, Test Acc: 0.6791
Round 92, Subset 3, Test Acc: 0.6697
Round 92, Subset 4, Test Acc: 0.6712
Round 92, Subset 5, Test Acc: 0.6814
Round 92, Subset 6, Test Acc: 0.6718
Round 92, Subset 7, Test Acc: 0.6790
Round 92, Subset 8, Test Acc: 0.6770
Round 92, Subset 9, Test Acc: 0.6752
Round 92, Subset 10, Test Acc: 0.6729
Keys aggregated: {'layer2.0.bias', 'fc.bias', 'layer1.0.weight', 'layer1.0.bias', 'layer3.0.bias', 'layer2.0.weight', 'layer3.0.weight', 'fc.weight'}
Round 92, Aggregated Test Acc: 0.7007
================================================================================
Round 93, Subset 1, Test Acc: 0.6673
Round 93, Subset 2, Test Acc: 0.6751
Round 93, Subset 3, Test Acc: 0.6851
Round 93, Subset 4, Test Acc: 0.6730
Round 93, Subset 5, Test Acc: 0.6795
Round 93, Subset 6, Test Acc: 0.6628
Round 93, Subset 7, Test Acc: 0.6778
Round 93, Subset 8, Test Acc: 0.6750
Round 93, Subset 9, Test Acc: 0.6668
Round 93, Subset 10, Test Acc: 0.6594
Keys aggregated: {'layer2.0.bias', 'fc.bias', 'layer1.0.weight', 'layer1.0.bias', 'layer3.0.bias', 'layer2.0.weight', 'layer3.0.weight', 'fc.weight'}
Round 93, Aggregated Test Acc: 0.6997
================================================================================
Round 94, Subset 1, Test Acc: 0.6791
Round 94, Subset 2, Test Acc: 0.6682
Round 94, Subset 3, Test Acc: 0.6755
Round 94, Subset 4, Test Acc: 0.6781
Round 94, Subset 5, Test Acc: 0.6613
Round 94, Subset 6, Test Acc: 0.6670
Round 94, Subset 7, Test Acc: 0.6814
Round 94, Subset 8, Test Acc: 0.6797
Round 94, Subset 9, Test Acc: 0.6751
Round 94, Subset 10, Test Acc: 0.6729
Keys aggregated: {'layer2.0.bias', 'fc.bias', 'layer1.0.weight', 'layer1.0.bias', 'layer3.0.bias', 'layer2.0.weight', 'layer3.0.weight', 'fc.weight'}
Round 94, Aggregated Test Acc: 0.7002
================================================================================
Round 95, Subset 1, Test Acc: 0.6635
Round 95, Subset 2, Test Acc: 0.6617
Round 95, Subset 3, Test Acc: 0.6669
Round 95, Subset 4, Test Acc: 0.6637
Round 95, Subset 5, Test Acc: 0.6701
Round 95, Subset 6, Test Acc: 0.6720
Round 95, Subset 7, Test Acc: 0.6743
Round 95, Subset 8, Test Acc: 0.6686
Round 95, Subset 9, Test Acc: 0.6735
Round 95, Subset 10, Test Acc: 0.6798
Keys aggregated: {'layer2.0.bias', 'fc.bias', 'layer1.0.weight', 'layer1.0.bias', 'layer3.0.bias', 'layer2.0.weight', 'layer3.0.weight', 'fc.weight'}
Round 95, Aggregated Test Acc: 0.6995
================================================================================
Round 96, Subset 1, Test Acc: 0.6709
Round 96, Subset 2, Test Acc: 0.6717
Round 96, Subset 3, Test Acc: 0.6823
Round 96, Subset 4, Test Acc: 0.6815
Round 96, Subset 5, Test Acc: 0.6842
Round 96, Subset 6, Test Acc: 0.6741
Round 96, Subset 7, Test Acc: 0.6781
Round 96, Subset 8, Test Acc: 0.6668
Round 96, Subset 9, Test Acc: 0.6801
Round 96, Subset 10, Test Acc: 0.6654
Keys aggregated: {'layer2.0.bias', 'fc.bias', 'layer1.0.weight', 'layer1.0.bias', 'layer3.0.bias', 'layer2.0.weight', 'layer3.0.weight', 'fc.weight'}
Round 96, Aggregated Test Acc: 0.7001
================================================================================
Round 97, Subset 1, Test Acc: 0.6705
Round 97, Subset 2, Test Acc: 0.6819
Round 97, Subset 3, Test Acc: 0.6719
Round 97, Subset 4, Test Acc: 0.6733
Round 97, Subset 5, Test Acc: 0.6762
Round 97, Subset 6, Test Acc: 0.6708
Round 97, Subset 7, Test Acc: 0.6688
Round 97, Subset 8, Test Acc: 0.6850
Round 97, Subset 9, Test Acc: 0.6756
Round 97, Subset 10, Test Acc: 0.6795
Keys aggregated: {'layer2.0.bias', 'fc.bias', 'layer1.0.weight', 'layer1.0.bias', 'layer3.0.bias', 'layer2.0.weight', 'layer3.0.weight', 'fc.weight'}
Round 97, Aggregated Test Acc: 0.7006
================================================================================
Round 98, Subset 1, Test Acc: 0.6757
Round 98, Subset 2, Test Acc: 0.6587
Round 98, Subset 3, Test Acc: 0.6655
Round 98, Subset 4, Test Acc: 0.6760
Round 98, Subset 5, Test Acc: 0.6699
Round 98, Subset 6, Test Acc: 0.6723
Round 98, Subset 7, Test Acc: 0.6725
Round 98, Subset 8, Test Acc: 0.6662
Round 98, Subset 9, Test Acc: 0.6787
Round 98, Subset 10, Test Acc: 0.6731
Keys aggregated: {'layer2.0.bias', 'fc.bias', 'layer1.0.weight', 'layer1.0.bias', 'layer3.0.bias', 'layer2.0.weight', 'layer3.0.weight', 'fc.weight'}
Round 98, Aggregated Test Acc: 0.6999
================================================================================
Round 99, Subset 1, Test Acc: 0.6790
Round 99, Subset 2, Test Acc: 0.6524
Round 99, Subset 3, Test Acc: 0.6783
Round 99, Subset 4, Test Acc: 0.6759
Round 99, Subset 5, Test Acc: 0.6890
Round 99, Subset 6, Test Acc: 0.6782
Round 99, Subset 7, Test Acc: 0.6673
Round 99, Subset 8, Test Acc: 0.6834
Round 99, Subset 9, Test Acc: 0.6667
Round 99, Subset 10, Test Acc: 0.6782
Keys aggregated: {'layer2.0.bias', 'fc.bias', 'layer1.0.weight', 'layer1.0.bias', 'layer3.0.bias', 'layer2.0.weight', 'layer3.0.weight', 'fc.weight'}
Round 99, Aggregated Test Acc: 0.7067
================================================================================
Round 100, Subset 1, Test Acc: 0.6704
Round 100, Subset 2, Test Acc: 0.6783
Round 100, Subset 3, Test Acc: 0.6742
Round 100, Subset 4, Test Acc: 0.6766
Round 100, Subset 5, Test Acc: 0.6678
Round 100, Subset 6, Test Acc: 0.6685
Round 100, Subset 7, Test Acc: 0.6824
Round 100, Subset 8, Test Acc: 0.6763
Round 100, Subset 9, Test Acc: 0.6794
Round 100, Subset 10, Test Acc: 0.6703
Keys aggregated: {'layer2.0.bias', 'fc.bias', 'layer1.0.weight', 'layer1.0.bias', 'layer3.0.bias', 'layer2.0.weight', 'layer3.0.weight', 'fc.weight'}
Round 100, Aggregated Test Acc: 0.7030
================================================================================
