Method: fedrame
Model: cnn
Dataset: cifar10
Data distribution: alpha0.1
Dynamic Global learning rate: False
Global learning rate: 1.0
Number of clients: 10
Client selection ratio: 1.0
Local training data ratio: 0.9
Number of rounds: 200
Number of local epochs: 5
Batch size: 64
Learning rate: 0.001
Random seed: 42
Normalization type: sbn
Number of workers: 2
Client capacity distribution: 2
Use neuron combination: False
Use shrinking: True
[Model Architecture]
CNN(
  (layer1): Sequential(
    (0): Conv2d(3, 64, kernel_size=(3, 3), stride=(1, 1), padding=(1, 1))
    (1): ReLU()
    (2): MaxPool2d(kernel_size=2, stride=2, padding=0, dilation=1, ceil_mode=False)
  )
  (layer2): Sequential(
    (0): Conv2d(64, 128, kernel_size=(3, 3), stride=(1, 1), padding=(1, 1))
    (1): ReLU()
    (2): MaxPool2d(kernel_size=2, stride=2, padding=0, dilation=1, ceil_mode=False)
  )
  (layer3): Sequential(
    (0): Conv2d(128, 256, kernel_size=(3, 3), stride=(1, 1), padding=(1, 1))
    (1): ReLU()
    (2): MaxPool2d(kernel_size=2, stride=2, padding=0, dilation=1, ceil_mode=False)
  )
  (adaptive_pool): AdaptiveAvgPool2d(output_size=(1, 1))
  (fc): Linear(in_features=256, out_features=10, bias=True)
)
Global Model size: 1.42 MB
Possible client dropout rates: [0.0, 0.5, 0.9]
Weights: [0.1, 0.4, 0.5]
Client dropout rates: [0.9, 0.0, 0.5, 0.5, 0.9, 0.9, 0.9, 0.0, 0.5, 0.0]
Client dropout rate count: {0.9: 4, 0.0: 3, 0.5: 3}
Round 1
Selected 10 client IDs: [9 0 2 3 1 7 4 6 8 5]
Param name: layer1.0.weight, param overlap: 0.4656, param coverage: 1.0000, param coverage ablation: 0.9688
Param name: layer1.0.bias, param overlap: 0.4656, param coverage: 1.0000, param coverage ablation: 0.9688
Param name: layer2.0.weight, param overlap: 0.3415, param coverage: 1.0000, param coverage ablation: 0.4502
Param name: layer2.0.bias, param overlap: 0.4672, param coverage: 1.0000, param coverage ablation: 0.9688
Param name: layer3.0.weight, param overlap: 0.3409, param coverage: 1.0000, param coverage ablation: 0.4504
Param name: layer3.0.bias, param overlap: 0.4656, param coverage: 1.0000, param coverage ablation: 0.9805
Param name: fc.weight, param overlap: 0.4656, param coverage: 1.0000, param coverage ablation: 0.9805
Param name: fc.bias, param overlap: 1.0000, param coverage: 1.0000, param coverage ablation: 1.0000
eta_g: 1.0000, mean Overlap: 0.5015, mean Coverage: 1.0000, mean Coverage Ablation: 0.8460
Client 9	Dropout Rate: 0.0	Model Size: 1.42 MB	Train Loss: 0.6038	Train Acc: 0.8074	Local Validation  Loss: 0.5315	Local Validation Acc: 0.8095	Global Validation Loss: 4.5535	Global Validation Acc: 0.1713
Client 0	Dropout Rate: 0.9	Model Size: 0.01 MB	Train Loss: 0.8579	Train Acc: 0.6602	Local Validation  Loss: 0.9198	Local Validation Acc: 0.6535	Global Validation Loss: 7.6792	Global Validation Acc: 0.2263
Client 2	Dropout Rate: 0.5	Model Size: 0.36 MB	Train Loss: 0.9125	Train Acc: 0.6655	Local Validation  Loss: 0.9381	Local Validation Acc: 0.6576	Global Validation Loss: 7.3203	Global Validation Acc: 0.1419
Client 3	Dropout Rate: 0.5	Model Size: 0.36 MB	Train Loss: 0.4861	Train Acc: 0.8559	Local Validation  Loss: 0.5148	Local Validation Acc: 0.8514	Global Validation Loss: 5.5331	Global Validation Acc: 0.1084
Client 1	Dropout Rate: 0.0	Model Size: 1.42 MB	Train Loss: 0.7985	Train Acc: 0.7077	Local Validation  Loss: 0.8388	Local Validation Acc: 0.6675	Global Validation Loss: 5.2843	Global Validation Acc: 0.1943
Client 7	Dropout Rate: 0.0	Model Size: 1.42 MB	Train Loss: 0.2252	Train Acc: 0.9365	Local Validation  Loss: 0.2578	Local Validation Acc: 0.9125	Global Validation Loss: 5.4590	Global Validation Acc: 0.1138
Client 4	Dropout Rate: 0.9	Model Size: 0.01 MB	Train Loss: 0.3731	Train Acc: 0.8717	Local Validation  Loss: 0.3776	Local Validation Acc: 0.8951	Global Validation Loss: 8.2427	Global Validation Acc: 0.1770
Client 6	Dropout Rate: 0.9	Model Size: 0.01 MB	Train Loss: 0.4865	Train Acc: 0.7671	Local Validation  Loss: 0.4450	Local Validation Acc: 0.7758	Global Validation Loss: 9.4814	Global Validation Acc: 0.1461
Client 8	Dropout Rate: 0.5	Model Size: 0.36 MB	Train Loss: 0.7486	Train Acc: 0.7253	Local Validation  Loss: 0.7600	Local Validation Acc: 0.7294	Global Validation Loss: 5.0803	Global Validation Acc: 0.3519
Client 5	Dropout Rate: 0.9	Model Size: 0.01 MB	Train Loss: 0.1406	Train Acc: 0.9703	Local Validation  Loss: 0.1086	Local Validation Acc: 0.9755	Global Validation Loss: 6.7587	Global Validation Acc: 0.1272
Aggregated
Global Test Loss: 2.3019	Global Test Acc: 0.1274
Client 9	Local Validation Loss: 2.2953(1.7639)	Local Validation Acc: 0.0952(-0.7143)
Client 0	Local Validation Loss: 2.3056(1.3858)	Local Validation Acc: 0.0535(-0.6000)
Client 2	Local Validation Loss: 2.2792(1.3411)	Local Validation Acc: 0.0222(-0.6355)
Client 3	Local Validation Loss: 2.3401(1.8253)	Local Validation Acc: 0.0057(-0.8457)
Client 1	Local Validation Loss: 2.3193(1.4805)	Local Validation Acc: 0.0181(-0.6494)
Client 7	Local Validation Loss: 2.2854(2.0277)	Local Validation Acc: 0.0000(-0.9125)
Client 4	Local Validation Loss: 2.3429(1.9653)	Local Validation Acc: 0.0089(-0.8862)
Client 6	Local Validation Loss: 2.3270(1.8819)	Local Validation Acc: 0.0000(-0.7758)
Client 8	Local Validation Loss: 2.2799(1.5199)	Local Validation Acc: 0.1373(-0.5921)
Client 5	Local Validation Loss: 2.2517(2.1431)	Local Validation Acc: 0.9332(-0.0423)
Average: 0.1261 | 0.0000 (compared to average)
Drpout Rate 0.0: 0.0405 | -0.0855 (compared to average)
Drpout Rate 0.5: 0.0498 | -0.0763 (compared to average)
Drpout Rate 0.9: 0.2475 | 0.1214 (compared to average)
Round 1 use time: 1.86 min, ETA: 6.17 hours
================================================================================
Round 2
Selected 10 client IDs: [5 9 3 6 4 2 1 0 8 7]
Param name: layer1.0.weight, param overlap: 0.4484, param coverage: 1.0000, param coverage ablation: 0.9531
Param name: layer1.0.bias, param overlap: 0.4484, param coverage: 1.0000, param coverage ablation: 0.9531
Param name: layer2.0.weight, param overlap: 0.3108, param coverage: 0.9990, param coverage ablation: 0.3099
Param name: layer2.0.bias, param overlap: 0.4484, param coverage: 1.0000, param coverage ablation: 0.9219
Param name: layer3.0.weight, param overlap: 0.3115, param coverage: 0.9997, param coverage ablation: 0.3191
Param name: layer3.0.bias, param overlap: 0.4496, param coverage: 1.0000, param coverage ablation: 0.9453
Param name: fc.weight, param overlap: 0.4496, param coverage: 1.0000, param coverage ablation: 0.9453
Param name: fc.bias, param overlap: 1.0000, param coverage: 1.0000, param coverage ablation: 1.0000
eta_g: 1.0000, mean Overlap: 0.4834, mean Coverage: 0.9998, mean Coverage Ablation: 0.7935
Client 5	Dropout Rate: 0.9	Model Size: 0.01 MB	Train Loss: 0.1413	Train Acc: 0.9668	Local Validation  Loss: 0.1119	Local Validation Acc: 0.9688	Global Validation Loss: 6.4207	Global Validation Acc: 0.1000
Client 9	Dropout Rate: 0.0	Model Size: 1.42 MB	Train Loss: 0.6529	Train Acc: 0.7534	Local Validation  Loss: 0.5196	Local Validation Acc: 0.8190	Global Validation Loss: 5.4277	Global Validation Acc: 0.1587
Client 3	Dropout Rate: 0.5	Model Size: 0.36 MB	Train Loss: 0.5598	Train Acc: 0.8540	Local Validation  Loss: 0.6068	Local Validation Acc: 0.8571	Global Validation Loss: 5.3677	Global Validation Acc: 0.1000
Client 6	Dropout Rate: 0.9	Model Size: 0.01 MB	Train Loss: 0.4903	Train Acc: 0.7680	Local Validation  Loss: 0.4745	Local Validation Acc: 0.7739	Global Validation Loss: 10.8860	Global Validation Acc: 0.1518
Client 4	Dropout Rate: 0.9	Model Size: 0.01 MB	Train Loss: 0.5017	Train Acc: 0.8243	Local Validation  Loss: 0.4977	Local Validation Acc: 0.8259	Global Validation Loss: 6.9959	Global Validation Acc: 0.1733
Client 2	Dropout Rate: 0.5	Model Size: 0.36 MB	Train Loss: 0.9334	Train Acc: 0.6718	Local Validation  Loss: 0.9479	Local Validation Acc: 0.6798	Global Validation Loss: 7.0773	Global Validation Acc: 0.1757
Client 1	Dropout Rate: 0.0	Model Size: 1.42 MB	Train Loss: 0.8711	Train Acc: 0.6714	Local Validation  Loss: 0.9062	Local Validation Acc: 0.6494	Global Validation Loss: 5.8747	Global Validation Acc: 0.1750
Client 0	Dropout Rate: 0.9	Model Size: 0.01 MB	Train Loss: 0.8558	Train Acc: 0.6691	Local Validation  Loss: 0.9203	Local Validation Acc: 0.6631	Global Validation Loss: 6.6289	Global Validation Acc: 0.2402
Client 8	Dropout Rate: 0.5	Model Size: 0.36 MB	Train Loss: 0.9286	Train Acc: 0.6140	Local Validation  Loss: 0.9537	Local Validation Acc: 0.5992	Global Validation Loss: 5.9517	Global Validation Acc: 0.2742
Client 7	Dropout Rate: 0.0	Model Size: 1.42 MB	Train Loss: 0.2146	Train Acc: 0.9372	Local Validation  Loss: 0.2404	Local Validation Acc: 0.9250	Global Validation Loss: 6.7419	Global Validation Acc: 0.1117
Aggregated
Global Test Loss: 2.3005	Global Test Acc: 0.1325
Client 5	Local Validation Loss: 2.2448(2.1329)	Local Validation Acc: 0.4477(-0.5212)
Client 9	Local Validation Loss: 2.2976(1.7780)	Local Validation Acc: 0.0190(-0.8000)
Client 3	Local Validation Loss: 2.3493(1.7425)	Local Validation Acc: 0.0457(-0.8114)
Client 6	Local Validation Loss: 2.3321(1.8577)	Local Validation Acc: 0.0000(-0.7739)
Client 4	Local Validation Loss: 2.3507(1.8531)	Local Validation Acc: 0.0246(-0.8013)
Client 2	Local Validation Loss: 2.2634(1.3155)	Local Validation Acc: 0.5788(-0.1010)
Client 1	Local Validation Loss: 2.3099(1.4036)	Local Validation Acc: 0.0337(-0.6157)
Client 0	Local Validation Loss: 2.3087(1.3884)	Local Validation Acc: 0.0952(-0.5679)
Client 8	Local Validation Loss: 2.2783(1.3246)	Local Validation Acc: 0.1099(-0.4893)
Client 7	Local Validation Loss: 2.2901(2.0497)	Local Validation Acc: 0.0000(-0.9250)
Average: 0.1377 | 0.0000 (compared to average)
Drpout Rate 0.0: 0.0176 | -0.1201 (compared to average)
Drpout Rate 0.5: 0.2463 | 0.1086 (compared to average)
Drpout Rate 0.9: 0.1463 | 0.0086 (compared to average)
Round 2 use time: 1.65 min, ETA: 5.45 hours
================================================================================
Round 3
Selected 10 client IDs: [3 5 7 0 4 2 6 8 9 1]
Param name: layer1.0.weight, param overlap: 0.4172, param coverage: 1.0000, param coverage ablation: 0.8281
Param name: layer1.0.bias, param overlap: 0.4172, param coverage: 1.0000, param coverage ablation: 0.8281
Param name: layer2.0.weight, param overlap: 0.2560, param coverage: 0.9899, param coverage ablation: 0.1448
Param name: layer2.0.bias, param overlap: 0.4102, param coverage: 1.0000, param coverage ablation: 0.7812
Param name: layer3.0.weight, param overlap: 0.2530, param coverage: 0.9883, param coverage ablation: 0.1338
Param name: layer3.0.bias, param overlap: 0.4145, param coverage: 1.0000, param coverage ablation: 0.7969
Param name: fc.weight, param overlap: 0.4145, param coverage: 1.0000, param coverage ablation: 0.7969
Param name: fc.bias, param overlap: 1.0000, param coverage: 1.0000, param coverage ablation: 1.0000
eta_g: 1.0000, mean Overlap: 0.4478, mean Coverage: 0.9973, mean Coverage Ablation: 0.6637
Client 3	Dropout Rate: 0.5	Model Size: 0.36 MB	Train Loss: 0.5389	Train Acc: 0.8540	Local Validation  Loss: 0.5689	Local Validation Acc: 0.8571	Global Validation Loss: 6.7752	Global Validation Acc: 0.1000
Client 5	Dropout Rate: 0.9	Model Size: 0.01 MB	Train Loss: 0.1373	Train Acc: 0.9668	Local Validation  Loss: 0.1041	Local Validation Acc: 0.9688	Global Validation Loss: 6.3813	Global Validation Acc: 0.1000
Client 7	Dropout Rate: 0.0	Model Size: 1.42 MB	Train Loss: 0.2256	Train Acc: 0.9358	Local Validation  Loss: 0.2766	Local Validation Acc: 0.9250	Global Validation Loss: 6.9345	Global Validation Acc: 0.1000
Client 0	Dropout Rate: 0.9	Model Size: 0.01 MB	Train Loss: 0.9922	Train Acc: 0.6042	Local Validation  Loss: 1.0169	Local Validation Acc: 0.5947	Global Validation Loss: 6.3968	Global Validation Acc: 0.2173
Client 4	Dropout Rate: 0.9	Model Size: 0.01 MB	Train Loss: 0.4351	Train Acc: 0.8494	Local Validation  Loss: 0.4441	Local Validation Acc: 0.8661	Global Validation Loss: 8.8557	Global Validation Acc: 0.1540
Client 2	Dropout Rate: 0.5	Model Size: 0.36 MB	Train Loss: 0.9919	Train Acc: 0.6433	Local Validation  Loss: 1.0126	Local Validation Acc: 0.6527	Global Validation Loss: 7.3433	Global Validation Acc: 0.1733
Client 6	Dropout Rate: 0.9	Model Size: 0.01 MB	Train Loss: 0.6829	Train Acc: 0.6493	Local Validation  Loss: 0.6872	Local Validation Acc: 0.6569	Global Validation Loss: 7.9740	Global Validation Acc: 0.1173
Client 8	Dropout Rate: 0.5	Model Size: 0.36 MB	Train Loss: 0.8575	Train Acc: 0.6711	Local Validation  Loss: 0.8523	Local Validation Acc: 0.6846	Global Validation Loss: 5.3115	Global Validation Acc: 0.3024
Client 9	Dropout Rate: 0.0	Model Size: 1.42 MB	Train Loss: 0.6007	Train Acc: 0.7926	Local Validation  Loss: 0.4172	Local Validation Acc: 0.8857	Global Validation Loss: 5.2054	Global Validation Acc: 0.1664
Client 1	Dropout Rate: 0.0	Model Size: 1.42 MB	Train Loss: 0.8328	Train Acc: 0.6804	Local Validation  Loss: 0.8695	Local Validation Acc: 0.6663	Global Validation Loss: 6.5783	Global Validation Acc: 0.1638
Aggregated
Global Test Loss: 2.3012	Global Test Acc: 0.1000
Client 3	Local Validation Loss: 2.3524(1.7836)	Local Validation Acc: 0.0457(-0.8114)
Client 5	Local Validation Loss: 2.2430(2.1389)	Local Validation Acc: 0.0267(-0.9421)
Client 7	Local Validation Loss: 2.3029(2.0263)	Local Validation Acc: 0.0000(-0.9250)
Client 0	Local Validation Loss: 2.3086(1.2917)	Local Validation Acc: 0.1059(-0.4888)
Client 4	Local Validation Loss: 2.3525(1.9084)	Local Validation Acc: 0.0335(-0.8326)
Client 2	Local Validation Loss: 2.2493(1.2366)	Local Validation Acc: 0.6330(-0.0197)
Client 6	Local Validation Loss: 2.3350(1.6478)	Local Validation Acc: 0.0000(-0.6569)
Client 8	Local Validation Loss: 2.2838(1.4316)	Local Validation Acc: 0.0905(-0.5941)
Client 9	Local Validation Loss: 2.3023(1.8851)	Local Validation Acc: 0.0000(-0.8857)
Client 1	Local Validation Loss: 2.3084(1.4390)	Local Validation Acc: 0.0265(-0.6398)
Average: 0.0962 | 0.0000 (compared to average)
Drpout Rate 0.0: 0.0088 | -0.0874 (compared to average)
Drpout Rate 0.5: 0.2564 | 0.1602 (compared to average)
Drpout Rate 0.9: 0.0415 | -0.0547 (compared to average)
Round 3 use time: 1.66 min, ETA: 5.45 hours
================================================================================
Round 4
Selected 10 client IDs: [8 9 3 5 6 7 1 2 0 4]
Param name: layer1.0.weight, param overlap: 0.4313, param coverage: 1.0000, param coverage ablation: 0.8906
Param name: layer1.0.bias, param overlap: 0.4313, param coverage: 1.0000, param coverage ablation: 0.8906
Param name: layer2.0.weight, param overlap: 0.2900, param coverage: 0.9985, param coverage ablation: 0.2345
Param name: layer2.0.bias, param overlap: 0.4367, param coverage: 1.0000, param coverage ablation: 0.8359
Param name: layer3.0.weight, param overlap: 0.2978, param coverage: 0.9991, param coverage ablation: 0.2605
Param name: layer3.0.bias, param overlap: 0.4422, param coverage: 1.0000, param coverage ablation: 0.8906
Param name: fc.weight, param overlap: 0.4422, param coverage: 1.0000, param coverage ablation: 0.8906
Param name: fc.bias, param overlap: 1.0000, param coverage: 1.0000, param coverage ablation: 1.0000
eta_g: 1.0000, mean Overlap: 0.4714, mean Coverage: 0.9997, mean Coverage Ablation: 0.7367
Client 8	Dropout Rate: 0.5	Model Size: 0.36 MB	Train Loss: 0.9351	Train Acc: 0.6036	Local Validation  Loss: 0.9370	Local Validation Acc: 0.6104	Global Validation Loss: 5.2758	Global Validation Acc: 0.2666
Client 9	Dropout Rate: 0.0	Model Size: 1.42 MB	Train Loss: 0.7070	Train Acc: 0.7577	Local Validation  Loss: 0.5802	Local Validation Acc: 0.8000	Global Validation Loss: 5.6032	Global Validation Acc: 0.1612
Client 3	Dropout Rate: 0.5	Model Size: 0.36 MB	Train Loss: 0.5412	Train Acc: 0.8571	Local Validation  Loss: 0.5804	Local Validation Acc: 0.8571	Global Validation Loss: 6.3075	Global Validation Acc: 0.1083
Client 5	Dropout Rate: 0.9	Model Size: 0.01 MB	Train Loss: 0.1536	Train Acc: 0.9668	Local Validation  Loss: 0.1147	Local Validation Acc: 0.9688	Global Validation Loss: 8.6464	Global Validation Acc: 0.1000
Client 6	Dropout Rate: 0.9	Model Size: 0.01 MB	Train Loss: 0.5841	Train Acc: 0.7153	Local Validation  Loss: 0.5766	Local Validation Acc: 0.7037	Global Validation Loss: 10.7315	Global Validation Acc: 0.1371
Client 7	Dropout Rate: 0.0	Model Size: 1.42 MB	Train Loss: 0.2664	Train Acc: 0.9358	Local Validation  Loss: 0.2779	Local Validation Acc: 0.9250	Global Validation Loss: 6.1534	Global Validation Acc: 0.1000
Client 1	Dropout Rate: 0.0	Model Size: 1.42 MB	Train Loss: 0.8447	Train Acc: 0.6668	Local Validation  Loss: 0.8948	Local Validation Acc: 0.6277	Global Validation Loss: 5.7503	Global Validation Acc: 0.1658
Client 2	Dropout Rate: 0.5	Model Size: 0.36 MB	Train Loss: 0.9791	Train Acc: 0.6614	Local Validation  Loss: 1.0168	Local Validation Acc: 0.6429	Global Validation Loss: 6.1273	Global Validation Acc: 0.1691
Client 0	Dropout Rate: 0.9	Model Size: 0.01 MB	Train Loss: 0.9348	Train Acc: 0.6291	Local Validation  Loss: 0.9826	Local Validation Acc: 0.6150	Global Validation Loss: 6.7573	Global Validation Acc: 0.2327
Client 4	Dropout Rate: 0.9	Model Size: 0.01 MB	Train Loss: 0.4296	Train Acc: 0.8459	Local Validation  Loss: 0.4444	Local Validation Acc: 0.8661	Global Validation Loss: 7.9757	Global Validation Acc: 0.1486
Aggregated
Global Test Loss: 2.3016	Global Test Acc: 0.1000
Client 8	Local Validation Loss: 2.2881(1.3511)	Local Validation Acc: 0.0905(-0.5198)
Client 9	Local Validation Loss: 2.3043(1.7241)	Local Validation Acc: 0.0000(-0.8000)
Client 3	Local Validation Loss: 2.3599(1.7795)	Local Validation Acc: 0.0457(-0.8114)
Client 5	Local Validation Loss: 2.2369(2.1223)	Local Validation Acc: 0.0267(-0.9421)
Client 6	Local Validation Loss: 2.3360(1.7594)	Local Validation Acc: 0.0000(-0.7037)
Client 7	Local Validation Loss: 2.3122(2.0342)	Local Validation Acc: 0.0000(-0.9250)
Client 1	Local Validation Loss: 2.3067(1.4119)	Local Validation Acc: 0.0265(-0.6012)
Client 2	Local Validation Loss: 2.2396(1.2228)	Local Validation Acc: 0.6330(-0.0099)
Client 0	Local Validation Loss: 2.3082(1.3257)	Local Validation Acc: 0.1059(-0.5091)
Client 4	Local Validation Loss: 2.3586(1.9142)	Local Validation Acc: 0.0335(-0.8326)
Average: 0.0962 | 0.0000 (compared to average)
Drpout Rate 0.0: 0.0088 | -0.0874 (compared to average)
Drpout Rate 0.5: 0.2564 | 0.1602 (compared to average)
Drpout Rate 0.9: 0.0415 | -0.0547 (compared to average)
Round 4 use time: 1.66 min, ETA: 5.42 hours
================================================================================
Round 5
Selected 10 client IDs: [7 4 5 2 8 9 1 3 0 6]
Param name: layer1.0.weight, param overlap: 0.4078, param coverage: 1.0000, param coverage ablation: 0.7969
Param name: layer1.0.bias, param overlap: 0.4078, param coverage: 1.0000, param coverage ablation: 0.7969
Param name: layer2.0.weight, param overlap: 0.2460, param coverage: 0.9950, param coverage ablation: 0.0909
Param name: layer2.0.bias, param overlap: 0.4094, param coverage: 1.0000, param coverage ablation: 0.7969
Param name: layer3.0.weight, param overlap: 0.2516, param coverage: 0.9940, param coverage ablation: 0.1080
Param name: layer3.0.bias, param overlap: 0.4125, param coverage: 1.0000, param coverage ablation: 0.7891
Param name: fc.weight, param overlap: 0.4125, param coverage: 1.0000, param coverage ablation: 0.7891
Param name: fc.bias, param overlap: 1.0000, param coverage: 1.0000, param coverage ablation: 1.0000
eta_g: 1.0000, mean Overlap: 0.4434, mean Coverage: 0.9986, mean Coverage Ablation: 0.6460
Client 7	Dropout Rate: 0.0	Model Size: 1.42 MB	Train Loss: 0.2457	Train Acc: 0.9358	Local Validation  Loss: 0.2659	Local Validation Acc: 0.9250	Global Validation Loss: 7.4927	Global Validation Acc: 0.1000
Client 4	Dropout Rate: 0.9	Model Size: 0.01 MB	Train Loss: 0.4323	Train Acc: 0.8521	Local Validation  Loss: 0.4373	Local Validation Acc: 0.8616	Global Validation Loss: 8.4712	Global Validation Acc: 0.1476
Client 5	Dropout Rate: 0.9	Model Size: 0.01 MB	Train Loss: 0.1553	Train Acc: 0.9668	Local Validation  Loss: 0.1232	Local Validation Acc: 0.9688	Global Validation Loss: 6.0976	Global Validation Acc: 0.1000
Client 2	Dropout Rate: 0.5	Model Size: 0.36 MB	Train Loss: 1.0052	Train Acc: 0.6603	Local Validation  Loss: 1.0128	Local Validation Acc: 0.6650	Global Validation Loss: 6.8506	Global Validation Acc: 0.1739
Client 8	Dropout Rate: 0.5	Model Size: 0.36 MB	Train Loss: 0.9522	Train Acc: 0.6218	Local Validation  Loss: 0.9753	Local Validation Acc: 0.6267	Global Validation Loss: 6.2781	Global Validation Acc: 0.2711
Client 9	Dropout Rate: 0.0	Model Size: 1.42 MB	Train Loss: 0.8834	Train Acc: 0.5968	Local Validation  Loss: 0.8285	Local Validation Acc: 0.6095	Global Validation Loss: 5.6211	Global Validation Acc: 0.1260
Client 1	Dropout Rate: 0.0	Model Size: 1.42 MB	Train Loss: 0.8775	Train Acc: 0.6469	Local Validation  Loss: 0.9139	Local Validation Acc: 0.6205	Global Validation Loss: 5.1066	Global Validation Acc: 0.1349
Client 3	Dropout Rate: 0.5	Model Size: 0.36 MB	Train Loss: 0.5516	Train Acc: 0.8540	Local Validation  Loss: 0.5758	Local Validation Acc: 0.8571	Global Validation Loss: 6.6889	Global Validation Acc: 0.1000
Client 0	Dropout Rate: 0.9	Model Size: 0.01 MB	Train Loss: 0.9487	Train Acc: 0.6256	Local Validation  Loss: 0.9877	Local Validation Acc: 0.6439	Global Validation Loss: 6.8508	Global Validation Acc: 0.2223
Client 6	Dropout Rate: 0.9	Model Size: 0.01 MB	Train Loss: 0.6686	Train Acc: 0.6076	Local Validation  Loss: 0.6555	Local Validation Acc: 0.5887	Global Validation Loss: 12.1983	Global Validation Acc: 0.1000
Aggregated
Global Test Loss: 2.3028	Global Test Acc: 0.1000
Client 7	Local Validation Loss: 2.3262(2.0603)	Local Validation Acc: 0.0000(-0.9250)
Client 4	Local Validation Loss: 2.3575(1.9202)	Local Validation Acc: 0.0335(-0.8281)
Client 5	Local Validation Loss: 2.2335(2.1103)	Local Validation Acc: 0.0267(-0.9421)
Client 2	Local Validation Loss: 2.2341(1.2212)	Local Validation Acc: 0.6330(-0.0320)
Client 8	Local Validation Loss: 2.2966(1.3213)	Local Validation Acc: 0.0905(-0.5361)
Client 9	Local Validation Loss: 2.3011(1.4726)	Local Validation Acc: 0.0000(-0.6095)
Client 1	Local Validation Loss: 2.3111(1.3973)	Local Validation Acc: 0.0265(-0.5940)
Client 3	Local Validation Loss: 2.3614(1.7857)	Local Validation Acc: 0.0457(-0.8114)
Client 0	Local Validation Loss: 2.3078(1.3201)	Local Validation Acc: 0.1059(-0.5380)
Client 6	Local Validation Loss: 2.3287(1.6732)	Local Validation Acc: 0.0000(-0.5887)
Average: 0.0962 | 0.0000 (compared to average)
Drpout Rate 0.0: 0.0088 | -0.0874 (compared to average)
Drpout Rate 0.5: 0.2564 | 0.1602 (compared to average)
Drpout Rate 0.9: 0.0415 | -0.0547 (compared to average)
Round 5 use time: 1.66 min, ETA: 5.39 hours
================================================================================
Round 6
Selected 10 client IDs: [6 2 3 8 9 5 1 7 0 4]
Param name: layer1.0.weight, param overlap: 0.4688, param coverage: 1.0000, param coverage ablation: 0.9688
Param name: layer1.0.bias, param overlap: 0.4688, param coverage: 1.0000, param coverage ablation: 0.9688
Param name: layer2.0.weight, param overlap: 0.3473, param coverage: 0.9996, param coverage ablation: 0.4954
Param name: layer2.0.bias, param overlap: 0.4703, param coverage: 1.0000, param coverage ablation: 0.9688
Param name: layer3.0.weight, param overlap: 0.3317, param coverage: 0.9997, param coverage ablation: 0.4222
Param name: layer3.0.bias, param overlap: 0.4531, param coverage: 1.0000, param coverage ablation: 0.9414
Param name: fc.weight, param overlap: 0.4531, param coverage: 1.0000, param coverage ablation: 0.9414
Param name: fc.bias, param overlap: 1.0000, param coverage: 1.0000, param coverage ablation: 1.0000
eta_g: 1.0000, mean Overlap: 0.4991, mean Coverage: 0.9999, mean Coverage Ablation: 0.8383
Client 6	Dropout Rate: 0.9	Model Size: 0.01 MB	Train Loss: 0.6638	Train Acc: 0.6076	Local Validation  Loss: 0.6545	Local Validation Acc: 0.5887	Global Validation Loss: 11.1453	Global Validation Acc: 0.1000
Client 2	Dropout Rate: 0.5	Model Size: 0.36 MB	Train Loss: 0.9570	Train Acc: 0.6597	Local Validation  Loss: 0.9704	Local Validation Acc: 0.6552	Global Validation Loss: 7.7897	Global Validation Acc: 0.1341
Client 3	Dropout Rate: 0.5	Model Size: 0.36 MB	Train Loss: 0.5531	Train Acc: 0.8540	Local Validation  Loss: 0.5679	Local Validation Acc: 0.8571	Global Validation Loss: 6.3980	Global Validation Acc: 0.1000
Client 8	Dropout Rate: 0.5	Model Size: 0.36 MB	Train Loss: 0.9199	Train Acc: 0.6370	Local Validation  Loss: 0.9242	Local Validation Acc: 0.6439	Global Validation Loss: 5.6900	Global Validation Acc: 0.2711
Client 9	Dropout Rate: 0.0	Model Size: 1.42 MB	Train Loss: 0.8730	Train Acc: 0.5831	Local Validation  Loss: 0.8144	Local Validation Acc: 0.6000	Global Validation Loss: 4.6783	Global Validation Acc: 0.1034
Client 5	Dropout Rate: 0.9	Model Size: 0.01 MB	Train Loss: 0.1959	Train Acc: 0.9408	Local Validation  Loss: 0.1370	Local Validation Acc: 0.9555	Global Validation Loss: 8.3846	Global Validation Acc: 0.1415
Client 1	Dropout Rate: 0.0	Model Size: 1.42 MB	Train Loss: 0.9010	Train Acc: 0.6534	Local Validation  Loss: 0.9227	Local Validation Acc: 0.6446	Global Validation Loss: 4.6764	Global Validation Acc: 0.1547
Client 7	Dropout Rate: 0.0	Model Size: 1.42 MB	Train Loss: 0.2589	Train Acc: 0.9358	Local Validation  Loss: 0.2837	Local Validation Acc: 0.9250	Global Validation Loss: 7.7233	Global Validation Acc: 0.1000
Client 0	Dropout Rate: 0.9	Model Size: 0.01 MB	Train Loss: 0.9706	Train Acc: 0.6023	Local Validation  Loss: 1.0002	Local Validation Acc: 0.5925	Global Validation Loss: 6.8484	Global Validation Acc: 0.2145
Client 4	Dropout Rate: 0.9	Model Size: 0.01 MB	Train Loss: 0.5071	Train Acc: 0.8116	Local Validation  Loss: 0.5342	Local Validation Acc: 0.8013	Global Validation Loss: 8.6546	Global Validation Acc: 0.1660
Aggregated
Global Test Loss: 2.3025	Global Test Acc: 0.1000
Client 6	Local Validation Loss: 2.3317(1.6772)	Local Validation Acc: 0.0000(-0.5887)
Client 2	Local Validation Loss: 2.2201(1.2497)	Local Validation Acc: 0.6330(-0.0222)
Client 3	Local Validation Loss: 2.3754(1.8075)	Local Validation Acc: 0.0457(-0.8114)
Client 8	Local Validation Loss: 2.2946(1.3704)	Local Validation Acc: 0.0905(-0.5534)
Client 9	Local Validation Loss: 2.3016(1.4872)	Local Validation Acc: 0.0000(-0.6000)
Client 5	Local Validation Loss: 2.2311(2.0941)	Local Validation Acc: 0.0267(-0.9287)
Client 1	Local Validation Loss: 2.3059(1.3831)	Local Validation Acc: 0.0265(-0.6181)
Client 7	Local Validation Loss: 2.3257(2.0420)	Local Validation Acc: 0.0000(-0.9250)
Client 0	Local Validation Loss: 2.3099(1.3097)	Local Validation Acc: 0.1059(-0.4866)
Client 4	Local Validation Loss: 2.3698(1.8357)	Local Validation Acc: 0.0335(-0.7679)
Average: 0.0962 | 0.0000 (compared to average)
Drpout Rate 0.0: 0.0088 | -0.0874 (compared to average)
Drpout Rate 0.5: 0.2564 | 0.1602 (compared to average)
Drpout Rate 0.9: 0.0415 | -0.0547 (compared to average)
Round 6 use time: 1.65 min, ETA: 5.34 hours
================================================================================
Round 7
Selected 10 client IDs: [9 1 3 7 6 2 4 0 5 8]
