Round 1, Subset 1, Test Acc: 0.3763
Round 1, Subset 2, Test Acc: 0.3627
Round 1, Subset 3, Test Acc: 0.3802
Round 1, Subset 4, Test Acc: 0.2992
Round 1, Subset 5, Test Acc: 0.3582
Round 1, Subset 6, Test Acc: 0.3599
Round 1, Subset 7, Test Acc: 0.3445
Round 1, Subset 8, Test Acc: 0.3615
Round 1, Subset 9, Test Acc: 0.3591
Round 1, Subset 10, Test Acc: 0.3504
Round 1, Pruned-global Aggregated Test Acc: 0.3887
Round 1, Whole Aggregated Test Acc: 0.3898
================================================================================
Round 2, Subset 1, Test Acc: 0.4087
Round 2, Subset 2, Test Acc: 0.4350
Round 2, Subset 3, Test Acc: 0.3900
Round 2, Subset 4, Test Acc: 0.3430
Round 2, Subset 5, Test Acc: 0.4297
Round 2, Subset 6, Test Acc: 0.3779
Round 2, Subset 7, Test Acc: 0.4180
Round 2, Subset 8, Test Acc: 0.4259
Round 2, Subset 9, Test Acc: 0.3838
Round 2, Subset 10, Test Acc: 0.4248
Round 2, Pruned-global Aggregated Test Acc: 0.4351
Round 2, Whole Aggregated Test Acc: 0.4323
================================================================================
Round 3, Subset 1, Test Acc: 0.4621
Round 3, Subset 2, Test Acc: 0.4838
Round 3, Subset 3, Test Acc: 0.4804
Round 3, Subset 4, Test Acc: 0.4480
Round 3, Subset 5, Test Acc: 0.4594
Round 3, Subset 6, Test Acc: 0.4589
Round 3, Subset 7, Test Acc: 0.4544
Round 3, Subset 8, Test Acc: 0.4478
Round 3, Subset 9, Test Acc: 0.4588
Round 3, Subset 10, Test Acc: 0.4406
Round 3, Pruned-global Aggregated Test Acc: 0.4914
Round 3, Whole Aggregated Test Acc: 0.4884
================================================================================
Round 4, Subset 1, Test Acc: 0.4969
Round 4, Subset 2, Test Acc: 0.4973
Round 4, Subset 3, Test Acc: 0.4706
Round 4, Subset 4, Test Acc: 0.5034
Round 4, Subset 5, Test Acc: 0.4745
Round 4, Subset 6, Test Acc: 0.4673
Round 4, Subset 7, Test Acc: 0.4664
Round 4, Subset 8, Test Acc: 0.4809
Round 4, Subset 9, Test Acc: 0.4569
Round 4, Subset 10, Test Acc: 0.4916
Round 4, Pruned-global Aggregated Test Acc: 0.5180
Round 4, Whole Aggregated Test Acc: 0.5087
================================================================================
Round 5, Subset 1, Test Acc: 0.5243
Round 5, Subset 2, Test Acc: 0.5192
Round 5, Subset 3, Test Acc: 0.4883
Round 5, Subset 4, Test Acc: 0.5192
Round 5, Subset 5, Test Acc: 0.5245
Round 5, Subset 6, Test Acc: 0.4756
Round 5, Subset 7, Test Acc: 0.4926
Round 5, Subset 8, Test Acc: 0.5040
Round 5, Subset 9, Test Acc: 0.4756
Round 5, Subset 10, Test Acc: 0.4840
Round 5, Pruned-global Aggregated Test Acc: 0.5402
Round 5, Whole Aggregated Test Acc: 0.5293
================================================================================
Round 6, Subset 1, Test Acc: 0.5500
Round 6, Subset 2, Test Acc: 0.5454
Round 6, Subset 3, Test Acc: 0.5505
Round 6, Subset 4, Test Acc: 0.4887
Round 6, Subset 5, Test Acc: 0.5286
Round 6, Subset 6, Test Acc: 0.4955
Round 6, Subset 7, Test Acc: 0.4988
Round 6, Subset 8, Test Acc: 0.5263
Round 6, Subset 9, Test Acc: 0.5050
Round 6, Subset 10, Test Acc: 0.4892
Round 6, Pruned-global Aggregated Test Acc: 0.5660
Round 6, Whole Aggregated Test Acc: 0.5633
================================================================================
Round 7, Subset 1, Test Acc: 0.5678
Round 7, Subset 2, Test Acc: 0.5590
Round 7, Subset 3, Test Acc: 0.5360
Round 7, Subset 4, Test Acc: 0.5566
Round 7, Subset 5, Test Acc: 0.5497
Round 7, Subset 6, Test Acc: 0.5376
Round 7, Subset 7, Test Acc: 0.5137
Round 7, Subset 8, Test Acc: 0.5196
Round 7, Subset 9, Test Acc: 0.5293
Round 7, Subset 10, Test Acc: 0.5187
Round 7, Pruned-global Aggregated Test Acc: 0.5870
Round 7, Whole Aggregated Test Acc: 0.5783
================================================================================
Round 8, Subset 1, Test Acc: 0.5496
Round 8, Subset 2, Test Acc: 0.5828
Round 8, Subset 3, Test Acc: 0.5803
Round 8, Subset 4, Test Acc: 0.5631
Round 8, Subset 5, Test Acc: 0.5364
Round 8, Subset 6, Test Acc: 0.5426
Round 8, Subset 7, Test Acc: 0.5010
Round 8, Subset 8, Test Acc: 0.5427
Round 8, Subset 9, Test Acc: 0.5390
Round 8, Subset 10, Test Acc: 0.5349
Round 8, Pruned-global Aggregated Test Acc: 0.5852
Round 8, Whole Aggregated Test Acc: 0.5779
================================================================================
Round 9, Subset 1, Test Acc: 0.5912
Round 9, Subset 2, Test Acc: 0.5886
Round 9, Subset 3, Test Acc: 0.5900
Round 9, Subset 4, Test Acc: 0.5813
Round 9, Subset 5, Test Acc: 0.5838
Round 9, Subset 6, Test Acc: 0.5619
Round 9, Subset 7, Test Acc: 0.5530
Round 9, Subset 8, Test Acc: 0.5218
Round 9, Subset 9, Test Acc: 0.5265
Round 9, Subset 10, Test Acc: 0.5580
Round 9, Pruned-global Aggregated Test Acc: 0.6054
Round 9, Whole Aggregated Test Acc: 0.5998
================================================================================
Round 10, Subset 1, Test Acc: 0.5834
Round 10, Subset 2, Test Acc: 0.6005
Round 10, Subset 3, Test Acc: 0.5840
Round 10, Subset 4, Test Acc: 0.5913
Round 10, Subset 5, Test Acc: 0.6127
Round 10, Subset 6, Test Acc: 0.5659
Round 10, Subset 7, Test Acc: 0.5571
Round 10, Subset 8, Test Acc: 0.5387
Round 10, Subset 9, Test Acc: 0.5426
Round 10, Subset 10, Test Acc: 0.5493
Round 10, Pruned-global Aggregated Test Acc: 0.6156
Round 10, Whole Aggregated Test Acc: 0.6056
================================================================================
Round 11, Subset 1, Test Acc: 0.5976
Round 11, Subset 2, Test Acc: 0.5839
Round 11, Subset 3, Test Acc: 0.6112
Round 11, Subset 4, Test Acc: 0.6023
Round 11, Subset 5, Test Acc: 0.6061
Round 11, Subset 6, Test Acc: 0.5635
Round 11, Subset 7, Test Acc: 0.5806
Round 11, Subset 8, Test Acc: 0.5452
Round 11, Subset 9, Test Acc: 0.5639
Round 11, Subset 10, Test Acc: 0.5479
Round 11, Pruned-global Aggregated Test Acc: 0.6257
Round 11, Whole Aggregated Test Acc: 0.6241
================================================================================
Round 12, Subset 1, Test Acc: 0.6106
Round 12, Subset 2, Test Acc: 0.6267
Round 12, Subset 3, Test Acc: 0.6223
Round 12, Subset 4, Test Acc: 0.6178
Round 12, Subset 5, Test Acc: 0.6165
Round 12, Subset 6, Test Acc: 0.5592
Round 12, Subset 7, Test Acc: 0.5574
Round 12, Subset 8, Test Acc: 0.5741
Round 12, Subset 9, Test Acc: 0.5648
Round 12, Subset 10, Test Acc: 0.5872
Round 12, Pruned-global Aggregated Test Acc: 0.6416
Round 12, Whole Aggregated Test Acc: 0.6378
================================================================================
Round 13, Subset 1, Test Acc: 0.6238
Round 13, Subset 2, Test Acc: 0.6229
Round 13, Subset 3, Test Acc: 0.6338
Round 13, Subset 4, Test Acc: 0.6286
Round 13, Subset 5, Test Acc: 0.6314
Round 13, Subset 6, Test Acc: 0.5612
Round 13, Subset 7, Test Acc: 0.5663
Round 13, Subset 8, Test Acc: 0.5871
Round 13, Subset 9, Test Acc: 0.5751
Round 13, Subset 10, Test Acc: 0.5886
Round 13, Pruned-global Aggregated Test Acc: 0.6477
Round 13, Whole Aggregated Test Acc: 0.6440
================================================================================
Round 14, Subset 1, Test Acc: 0.6297
Round 14, Subset 2, Test Acc: 0.6169
Round 14, Subset 3, Test Acc: 0.6226
Round 14, Subset 4, Test Acc: 0.6172
Round 14, Subset 5, Test Acc: 0.6177
Round 14, Subset 6, Test Acc: 0.5708
Round 14, Subset 7, Test Acc: 0.5927
Round 14, Subset 8, Test Acc: 0.6024
Round 14, Subset 9, Test Acc: 0.5906
Round 14, Subset 10, Test Acc: 0.6036
Round 14, Pruned-global Aggregated Test Acc: 0.6511
Round 14, Whole Aggregated Test Acc: 0.6475
================================================================================
Round 15, Subset 1, Test Acc: 0.6412
Round 15, Subset 2, Test Acc: 0.6424
Round 15, Subset 3, Test Acc: 0.6335
Round 15, Subset 4, Test Acc: 0.6275
Round 15, Subset 5, Test Acc: 0.6291
Round 15, Subset 6, Test Acc: 0.5982
Round 15, Subset 7, Test Acc: 0.5993
Round 15, Subset 8, Test Acc: 0.6003
Round 15, Subset 9, Test Acc: 0.6004
Round 15, Subset 10, Test Acc: 0.5892
Round 15, Pruned-global Aggregated Test Acc: 0.6576
Round 15, Whole Aggregated Test Acc: 0.6564
================================================================================
Round 16, Subset 1, Test Acc: 0.6424
Round 16, Subset 2, Test Acc: 0.6524
Round 16, Subset 3, Test Acc: 0.6567
Round 16, Subset 4, Test Acc: 0.6509
Round 16, Subset 5, Test Acc: 0.6261
Round 16, Subset 6, Test Acc: 0.5964
Round 16, Subset 7, Test Acc: 0.6013
Round 16, Subset 8, Test Acc: 0.6054
Round 16, Subset 9, Test Acc: 0.6075
Round 16, Subset 10, Test Acc: 0.5785
Round 16, Pruned-global Aggregated Test Acc: 0.6650
Round 16, Whole Aggregated Test Acc: 0.6606
================================================================================
Round 17, Subset 1, Test Acc: 0.6517
Round 17, Subset 2, Test Acc: 0.6418
Round 17, Subset 3, Test Acc: 0.6569
Round 17, Subset 4, Test Acc: 0.6306
Round 17, Subset 5, Test Acc: 0.6390
Round 17, Subset 6, Test Acc: 0.6119
Round 17, Subset 7, Test Acc: 0.5965
Round 17, Subset 8, Test Acc: 0.5982
Round 17, Subset 9, Test Acc: 0.6185
Round 17, Subset 10, Test Acc: 0.6027
Round 17, Pruned-global Aggregated Test Acc: 0.6679
Round 17, Whole Aggregated Test Acc: 0.6648
================================================================================
Round 18, Subset 1, Test Acc: 0.6509
Round 18, Subset 2, Test Acc: 0.6453
Round 18, Subset 3, Test Acc: 0.6257
Round 18, Subset 4, Test Acc: 0.6516
Round 18, Subset 5, Test Acc: 0.6612
Round 18, Subset 6, Test Acc: 0.5918
Round 18, Subset 7, Test Acc: 0.5905
Round 18, Subset 8, Test Acc: 0.6139
Round 18, Subset 9, Test Acc: 0.6096
Round 18, Subset 10, Test Acc: 0.5967
Round 18, Pruned-global Aggregated Test Acc: 0.6726
Round 18, Whole Aggregated Test Acc: 0.6698
================================================================================
Round 19, Subset 1, Test Acc: 0.6524
Round 19, Subset 2, Test Acc: 0.6510
Round 19, Subset 3, Test Acc: 0.6519
Round 19, Subset 4, Test Acc: 0.6417
Round 19, Subset 5, Test Acc: 0.6314
Round 19, Subset 6, Test Acc: 0.6151
Round 19, Subset 7, Test Acc: 0.6150
Round 19, Subset 8, Test Acc: 0.6193
Round 19, Subset 9, Test Acc: 0.5981
Round 19, Subset 10, Test Acc: 0.6127
Round 19, Pruned-global Aggregated Test Acc: 0.6713
Round 19, Whole Aggregated Test Acc: 0.6712
================================================================================
Round 20, Subset 1, Test Acc: 0.6462
Round 20, Subset 2, Test Acc: 0.6473
Round 20, Subset 3, Test Acc: 0.6550
Round 20, Subset 4, Test Acc: 0.6598
Round 20, Subset 5, Test Acc: 0.6433
Round 20, Subset 6, Test Acc: 0.6098
Round 20, Subset 7, Test Acc: 0.6254
Round 20, Subset 8, Test Acc: 0.6201
Round 20, Subset 9, Test Acc: 0.6212
Round 20, Subset 10, Test Acc: 0.6163
Round 20, Pruned-global Aggregated Test Acc: 0.6713
Round 20, Whole Aggregated Test Acc: 0.6671
================================================================================
Round 21, Subset 1, Test Acc: 0.6615
Round 21, Subset 2, Test Acc: 0.6577
Round 21, Subset 3, Test Acc: 0.6621
Round 21, Subset 4, Test Acc: 0.6612
Round 21, Subset 5, Test Acc: 0.6705
Round 21, Subset 6, Test Acc: 0.6130
Round 21, Subset 7, Test Acc: 0.6123
Round 21, Subset 8, Test Acc: 0.5928
Round 21, Subset 9, Test Acc: 0.6147
Round 21, Subset 10, Test Acc: 0.6182
Round 21, Pruned-global Aggregated Test Acc: 0.6739
Round 21, Whole Aggregated Test Acc: 0.6749
================================================================================
Round 22, Subset 1, Test Acc: 0.6554
Round 22, Subset 2, Test Acc: 0.6535
Round 22, Subset 3, Test Acc: 0.6675
Round 22, Subset 4, Test Acc: 0.6453
Round 22, Subset 5, Test Acc: 0.6606
Round 22, Subset 6, Test Acc: 0.6097
Round 22, Subset 7, Test Acc: 0.6084
Round 22, Subset 8, Test Acc: 0.5963
Round 22, Subset 9, Test Acc: 0.6180
Round 22, Subset 10, Test Acc: 0.5988
Round 22, Pruned-global Aggregated Test Acc: 0.6740
Round 22, Whole Aggregated Test Acc: 0.6724
================================================================================
Round 23, Subset 1, Test Acc: 0.6648
Round 23, Subset 2, Test Acc: 0.6623
Round 23, Subset 3, Test Acc: 0.6622
Round 23, Subset 4, Test Acc: 0.6526
Round 23, Subset 5, Test Acc: 0.6631
Round 23, Subset 6, Test Acc: 0.6111
Round 23, Subset 7, Test Acc: 0.6299
Round 23, Subset 8, Test Acc: 0.6201
Round 23, Subset 9, Test Acc: 0.6133
Round 23, Subset 10, Test Acc: 0.6285
Round 23, Pruned-global Aggregated Test Acc: 0.6802
Round 23, Whole Aggregated Test Acc: 0.6768
================================================================================
Round 24, Subset 1, Test Acc: 0.6675
Round 24, Subset 2, Test Acc: 0.6637
Round 24, Subset 3, Test Acc: 0.6524
Round 24, Subset 4, Test Acc: 0.6499
Round 24, Subset 5, Test Acc: 0.6592
Round 24, Subset 6, Test Acc: 0.6139
Round 24, Subset 7, Test Acc: 0.6143
Round 24, Subset 8, Test Acc: 0.6301
Round 24, Subset 9, Test Acc: 0.6205
Round 24, Subset 10, Test Acc: 0.6300
Round 24, Pruned-global Aggregated Test Acc: 0.6812
Round 24, Whole Aggregated Test Acc: 0.6809
================================================================================
Round 25, Subset 1, Test Acc: 0.6650
Round 25, Subset 2, Test Acc: 0.6644
Round 25, Subset 3, Test Acc: 0.6567
Round 25, Subset 4, Test Acc: 0.6681
Round 25, Subset 5, Test Acc: 0.6620
Round 25, Subset 6, Test Acc: 0.6340
Round 25, Subset 7, Test Acc: 0.6269
Round 25, Subset 8, Test Acc: 0.6219
Round 25, Subset 9, Test Acc: 0.6216
Round 25, Subset 10, Test Acc: 0.6280
Round 25, Pruned-global Aggregated Test Acc: 0.6785
Round 25, Whole Aggregated Test Acc: 0.6760
================================================================================
Round 26, Subset 1, Test Acc: 0.6640
Round 26, Subset 2, Test Acc: 0.6672
Round 26, Subset 3, Test Acc: 0.6649
Round 26, Subset 4, Test Acc: 0.6625
Round 26, Subset 5, Test Acc: 0.6496
Round 26, Subset 6, Test Acc: 0.6303
Round 26, Subset 7, Test Acc: 0.6258
Round 26, Subset 8, Test Acc: 0.6208
Round 26, Subset 9, Test Acc: 0.6275
Round 26, Subset 10, Test Acc: 0.6046
Round 26, Pruned-global Aggregated Test Acc: 0.6789
Round 26, Whole Aggregated Test Acc: 0.6755
================================================================================
Round 27, Subset 1, Test Acc: 0.6660
Round 27, Subset 2, Test Acc: 0.6446
Round 27, Subset 3, Test Acc: 0.6713
Round 27, Subset 4, Test Acc: 0.6604
Round 27, Subset 5, Test Acc: 0.6785
Round 27, Subset 6, Test Acc: 0.6108
Round 27, Subset 7, Test Acc: 0.6180
Round 27, Subset 8, Test Acc: 0.6256
Round 27, Subset 9, Test Acc: 0.6311
Round 27, Subset 10, Test Acc: 0.6185
Round 27, Pruned-global Aggregated Test Acc: 0.6689
Round 27, Whole Aggregated Test Acc: 0.6685
================================================================================
Round 28, Subset 1, Test Acc: 0.6498
Round 28, Subset 2, Test Acc: 0.6564
Round 28, Subset 3, Test Acc: 0.6432
Round 28, Subset 4, Test Acc: 0.6739
Round 28, Subset 5, Test Acc: 0.6768
Round 28, Subset 6, Test Acc: 0.6333
Round 28, Subset 7, Test Acc: 0.6267
Round 28, Subset 8, Test Acc: 0.6351
Round 28, Subset 9, Test Acc: 0.6342
Round 28, Subset 10, Test Acc: 0.6239
Round 28, Pruned-global Aggregated Test Acc: 0.6786
Round 28, Whole Aggregated Test Acc: 0.6784
================================================================================
Round 29, Subset 1, Test Acc: 0.6605
Round 29, Subset 2, Test Acc: 0.6304
Round 29, Subset 3, Test Acc: 0.6733
Round 29, Subset 4, Test Acc: 0.6772
Round 29, Subset 5, Test Acc: 0.6754
Round 29, Subset 6, Test Acc: 0.6123
Round 29, Subset 7, Test Acc: 0.6253
Round 29, Subset 8, Test Acc: 0.6229
Round 29, Subset 9, Test Acc: 0.6297
Round 29, Subset 10, Test Acc: 0.6348
Round 29, Pruned-global Aggregated Test Acc: 0.6702
Round 29, Whole Aggregated Test Acc: 0.6675
================================================================================
Round 30, Subset 1, Test Acc: 0.6517
Round 30, Subset 2, Test Acc: 0.6593
Round 30, Subset 3, Test Acc: 0.6659
Round 30, Subset 4, Test Acc: 0.6779
Round 30, Subset 5, Test Acc: 0.6653
Round 30, Subset 6, Test Acc: 0.6210
Round 30, Subset 7, Test Acc: 0.6242
Round 30, Subset 8, Test Acc: 0.6154
Round 30, Subset 9, Test Acc: 0.6095
Round 30, Subset 10, Test Acc: 0.6309
Round 30, Pruned-global Aggregated Test Acc: 0.6750
Round 30, Whole Aggregated Test Acc: 0.6747
================================================================================
Round 31, Subset 1, Test Acc: 0.6597
Round 31, Subset 2, Test Acc: 0.6652
Round 31, Subset 3, Test Acc: 0.6852
Round 31, Subset 4, Test Acc: 0.6644
Round 31, Subset 5, Test Acc: 0.6784
Round 31, Subset 6, Test Acc: 0.6222
Round 31, Subset 7, Test Acc: 0.6359
Round 31, Subset 8, Test Acc: 0.6367
Round 31, Subset 9, Test Acc: 0.6354
Round 31, Subset 10, Test Acc: 0.6274
Round 31, Pruned-global Aggregated Test Acc: 0.6780
Round 31, Whole Aggregated Test Acc: 0.6764
================================================================================
Round 32, Subset 1, Test Acc: 0.6633
Round 32, Subset 2, Test Acc: 0.6525
Round 32, Subset 3, Test Acc: 0.6731
Round 32, Subset 4, Test Acc: 0.6556
Round 32, Subset 5, Test Acc: 0.6840
Round 32, Subset 6, Test Acc: 0.6402
Round 32, Subset 7, Test Acc: 0.6355
Round 32, Subset 8, Test Acc: 0.6271
Round 32, Subset 9, Test Acc: 0.6348
Round 32, Subset 10, Test Acc: 0.6342
Round 32, Pruned-global Aggregated Test Acc: 0.6727
Round 32, Whole Aggregated Test Acc: 0.6736
================================================================================
Round 33, Subset 1, Test Acc: 0.6570
Round 33, Subset 2, Test Acc: 0.6442
Round 33, Subset 3, Test Acc: 0.6588
Round 33, Subset 4, Test Acc: 0.6731
Round 33, Subset 5, Test Acc: 0.6705
Round 33, Subset 6, Test Acc: 0.6228
Round 33, Subset 7, Test Acc: 0.6288
Round 33, Subset 8, Test Acc: 0.6237
Round 33, Subset 9, Test Acc: 0.6206
Round 33, Subset 10, Test Acc: 0.6264
Round 33, Pruned-global Aggregated Test Acc: 0.6736
Round 33, Whole Aggregated Test Acc: 0.6734
================================================================================
Round 34, Subset 1, Test Acc: 0.6423
Round 34, Subset 2, Test Acc: 0.6618
Round 34, Subset 3, Test Acc: 0.6790
Round 34, Subset 4, Test Acc: 0.6696
Round 34, Subset 5, Test Acc: 0.6839
Round 34, Subset 6, Test Acc: 0.6304
Round 34, Subset 7, Test Acc: 0.6420
Round 34, Subset 8, Test Acc: 0.6292
Round 34, Subset 9, Test Acc: 0.6342
Round 34, Subset 10, Test Acc: 0.6393
Round 34, Pruned-global Aggregated Test Acc: 0.6707
Round 34, Whole Aggregated Test Acc: 0.6715
================================================================================
Round 35, Subset 1, Test Acc: 0.6571
Round 35, Subset 2, Test Acc: 0.6435
Round 35, Subset 3, Test Acc: 0.6707
Round 35, Subset 4, Test Acc: 0.6796
Round 35, Subset 5, Test Acc: 0.6669
Round 35, Subset 6, Test Acc: 0.6346
Round 35, Subset 7, Test Acc: 0.6363
Round 35, Subset 8, Test Acc: 0.6308
Round 35, Subset 9, Test Acc: 0.6297
Round 35, Subset 10, Test Acc: 0.6154
Round 35, Pruned-global Aggregated Test Acc: 0.6723
Round 35, Whole Aggregated Test Acc: 0.6714
================================================================================
Round 36, Subset 1, Test Acc: 0.6531
Round 36, Subset 2, Test Acc: 0.6588
Round 36, Subset 3, Test Acc: 0.6756
Round 36, Subset 4, Test Acc: 0.6780
Round 36, Subset 5, Test Acc: 0.6683
Round 36, Subset 6, Test Acc: 0.6352
Round 36, Subset 7, Test Acc: 0.6273
Round 36, Subset 8, Test Acc: 0.6382
Round 36, Subset 9, Test Acc: 0.6275
Round 36, Subset 10, Test Acc: 0.6292
Round 36, Pruned-global Aggregated Test Acc: 0.6721
Round 36, Whole Aggregated Test Acc: 0.6698
================================================================================
Round 37, Subset 1, Test Acc: 0.6654
Round 37, Subset 2, Test Acc: 0.6464
Round 37, Subset 3, Test Acc: 0.6795
Round 37, Subset 4, Test Acc: 0.6630
Round 37, Subset 5, Test Acc: 0.6771
Round 37, Subset 6, Test Acc: 0.6397
Round 37, Subset 7, Test Acc: 0.6393
Round 37, Subset 8, Test Acc: 0.6345
Round 37, Subset 9, Test Acc: 0.6392
Round 37, Subset 10, Test Acc: 0.6352
Round 37, Pruned-global Aggregated Test Acc: 0.6755
Round 37, Whole Aggregated Test Acc: 0.6727
================================================================================
Round 38, Subset 1, Test Acc: 0.6638
Round 38, Subset 2, Test Acc: 0.6516
Round 38, Subset 3, Test Acc: 0.6478
Round 38, Subset 4, Test Acc: 0.6643
Round 38, Subset 5, Test Acc: 0.6743
Round 38, Subset 6, Test Acc: 0.6279
Round 38, Subset 7, Test Acc: 0.6407
Round 38, Subset 8, Test Acc: 0.6167
Round 38, Subset 9, Test Acc: 0.6253
Round 38, Subset 10, Test Acc: 0.6369
Round 38, Pruned-global Aggregated Test Acc: 0.6719
Round 38, Whole Aggregated Test Acc: 0.6706
================================================================================
Round 39, Subset 1, Test Acc: 0.6656
Round 39, Subset 2, Test Acc: 0.6521
Round 39, Subset 3, Test Acc: 0.6835
Round 39, Subset 4, Test Acc: 0.6753
Round 39, Subset 5, Test Acc: 0.6744
Round 39, Subset 6, Test Acc: 0.6327
Round 39, Subset 7, Test Acc: 0.6329
Round 39, Subset 8, Test Acc: 0.6377
Round 39, Subset 9, Test Acc: 0.6306
Round 39, Subset 10, Test Acc: 0.6312
Round 39, Pruned-global Aggregated Test Acc: 0.6757
Round 39, Whole Aggregated Test Acc: 0.6724
================================================================================
Round 40, Subset 1, Test Acc: 0.6598
Round 40, Subset 2, Test Acc: 0.6519
Round 40, Subset 3, Test Acc: 0.6769
Round 40, Subset 4, Test Acc: 0.6662
Round 40, Subset 5, Test Acc: 0.6765
Round 40, Subset 6, Test Acc: 0.6367
Round 40, Subset 7, Test Acc: 0.6372
Round 40, Subset 8, Test Acc: 0.6299
Round 40, Subset 9, Test Acc: 0.6397
Round 40, Subset 10, Test Acc: 0.6367
Round 40, Pruned-global Aggregated Test Acc: 0.6716
Round 40, Whole Aggregated Test Acc: 0.6728
================================================================================
Round 41, Subset 1, Test Acc: 0.6364
Round 41, Subset 2, Test Acc: 0.6491
Round 41, Subset 3, Test Acc: 0.6809
Round 41, Subset 4, Test Acc: 0.6758
Round 41, Subset 5, Test Acc: 0.6681
Round 41, Subset 6, Test Acc: 0.6302
Round 41, Subset 7, Test Acc: 0.6325
Round 41, Subset 8, Test Acc: 0.6295
Round 41, Subset 9, Test Acc: 0.6403
Round 41, Subset 10, Test Acc: 0.6232
Round 41, Pruned-global Aggregated Test Acc: 0.6668
Round 41, Whole Aggregated Test Acc: 0.6625
================================================================================
Round 42, Subset 1, Test Acc: 0.6642
Round 42, Subset 2, Test Acc: 0.6576
Round 42, Subset 3, Test Acc: 0.6825
Round 42, Subset 4, Test Acc: 0.6805
Round 42, Subset 5, Test Acc: 0.6805
Round 42, Subset 6, Test Acc: 0.6350
Round 42, Subset 7, Test Acc: 0.6339
Round 42, Subset 8, Test Acc: 0.6313
Round 42, Subset 9, Test Acc: 0.6244
Round 42, Subset 10, Test Acc: 0.6422
Round 42, Pruned-global Aggregated Test Acc: 0.6720
Round 42, Whole Aggregated Test Acc: 0.6710
================================================================================
Round 43, Subset 1, Test Acc: 0.6429
Round 43, Subset 2, Test Acc: 0.6471
Round 43, Subset 3, Test Acc: 0.6797
Round 43, Subset 4, Test Acc: 0.6657
Round 43, Subset 5, Test Acc: 0.6823
Round 43, Subset 6, Test Acc: 0.6307
Round 43, Subset 7, Test Acc: 0.6273
Round 43, Subset 8, Test Acc: 0.6204
Round 43, Subset 9, Test Acc: 0.6430
Round 43, Subset 10, Test Acc: 0.6363
Round 43, Pruned-global Aggregated Test Acc: 0.6709
Round 43, Whole Aggregated Test Acc: 0.6705
================================================================================
Round 44, Subset 1, Test Acc: 0.6440
Round 44, Subset 2, Test Acc: 0.6595
Round 44, Subset 3, Test Acc: 0.6811
Round 44, Subset 4, Test Acc: 0.6728
Round 44, Subset 5, Test Acc: 0.6604
Round 44, Subset 6, Test Acc: 0.6297
Round 44, Subset 7, Test Acc: 0.6435
Round 44, Subset 8, Test Acc: 0.6410
Round 44, Subset 9, Test Acc: 0.6357
Round 44, Subset 10, Test Acc: 0.6389
Round 44, Pruned-global Aggregated Test Acc: 0.6677
Round 44, Whole Aggregated Test Acc: 0.6716
================================================================================
Round 45, Subset 1, Test Acc: 0.6531
Round 45, Subset 2, Test Acc: 0.6563
Round 45, Subset 3, Test Acc: 0.6743
Round 45, Subset 4, Test Acc: 0.6622
Round 45, Subset 5, Test Acc: 0.6847
Round 45, Subset 6, Test Acc: 0.6348
Round 45, Subset 7, Test Acc: 0.6241
Round 45, Subset 8, Test Acc: 0.6288
Round 45, Subset 9, Test Acc: 0.6311
Round 45, Subset 10, Test Acc: 0.6301
Round 45, Pruned-global Aggregated Test Acc: 0.6719
Round 45, Whole Aggregated Test Acc: 0.6724
================================================================================
Round 46, Subset 1, Test Acc: 0.6551
Round 46, Subset 2, Test Acc: 0.6535
Round 46, Subset 3, Test Acc: 0.6785
Round 46, Subset 4, Test Acc: 0.6629
Round 46, Subset 5, Test Acc: 0.6629
Round 46, Subset 6, Test Acc: 0.6318
Round 46, Subset 7, Test Acc: 0.6309
Round 46, Subset 8, Test Acc: 0.6470
Round 46, Subset 9, Test Acc: 0.6224
Round 46, Subset 10, Test Acc: 0.5975
Round 46, Pruned-global Aggregated Test Acc: 0.6677
Round 46, Whole Aggregated Test Acc: 0.6691
================================================================================
Round 47, Subset 1, Test Acc: 0.6457
Round 47, Subset 2, Test Acc: 0.6585
Round 47, Subset 3, Test Acc: 0.6681
Round 47, Subset 4, Test Acc: 0.6715
Round 47, Subset 5, Test Acc: 0.6620
Round 47, Subset 6, Test Acc: 0.6152
Round 47, Subset 7, Test Acc: 0.6376
Round 47, Subset 8, Test Acc: 0.6258
Round 47, Subset 9, Test Acc: 0.6177
Round 47, Subset 10, Test Acc: 0.6274
Round 47, Pruned-global Aggregated Test Acc: 0.6705
Round 47, Whole Aggregated Test Acc: 0.6718
================================================================================
Round 48, Subset 1, Test Acc: 0.6508
Round 48, Subset 2, Test Acc: 0.6643
Round 48, Subset 3, Test Acc: 0.6803
Round 48, Subset 4, Test Acc: 0.6730
Round 48, Subset 5, Test Acc: 0.6838
Round 48, Subset 6, Test Acc: 0.6259
Round 48, Subset 7, Test Acc: 0.6377
Round 48, Subset 8, Test Acc: 0.6325
Round 48, Subset 9, Test Acc: 0.6348
Round 48, Subset 10, Test Acc: 0.6216
Round 48, Pruned-global Aggregated Test Acc: 0.6732
Round 48, Whole Aggregated Test Acc: 0.6757
================================================================================
Round 49, Subset 1, Test Acc: 0.6506
Round 49, Subset 2, Test Acc: 0.6508
Round 49, Subset 3, Test Acc: 0.6767
Round 49, Subset 4, Test Acc: 0.6743
Round 49, Subset 5, Test Acc: 0.6763
Round 49, Subset 6, Test Acc: 0.6327
Round 49, Subset 7, Test Acc: 0.6281
Round 49, Subset 8, Test Acc: 0.6287
Round 49, Subset 9, Test Acc: 0.6350
Round 49, Subset 10, Test Acc: 0.6293
Round 49, Pruned-global Aggregated Test Acc: 0.6699
Round 49, Whole Aggregated Test Acc: 0.6699
================================================================================
Round 50, Subset 1, Test Acc: 0.6550
Round 50, Subset 2, Test Acc: 0.6551
Round 50, Subset 3, Test Acc: 0.6585
Round 50, Subset 4, Test Acc: 0.6779
Round 50, Subset 5, Test Acc: 0.6772
Round 50, Subset 6, Test Acc: 0.6202
Round 50, Subset 7, Test Acc: 0.6281
Round 50, Subset 8, Test Acc: 0.6320
Round 50, Subset 9, Test Acc: 0.6335
Round 50, Subset 10, Test Acc: 0.6254
Round 50, Pruned-global Aggregated Test Acc: 0.6720
Round 50, Whole Aggregated Test Acc: 0.6710
================================================================================
Round 51, Subset 1, Test Acc: 0.6563
Round 51, Subset 2, Test Acc: 0.6559
Round 51, Subset 3, Test Acc: 0.6820
Round 51, Subset 4, Test Acc: 0.6807
Round 51, Subset 5, Test Acc: 0.6706
Round 51, Subset 6, Test Acc: 0.6344
Round 51, Subset 7, Test Acc: 0.6228
Round 51, Subset 8, Test Acc: 0.6311
Round 51, Subset 9, Test Acc: 0.6193
Round 51, Subset 10, Test Acc: 0.6263
Round 51, Pruned-global Aggregated Test Acc: 0.6738
Round 51, Whole Aggregated Test Acc: 0.6759
================================================================================
Round 52, Subset 1, Test Acc: 0.6494
Round 52, Subset 2, Test Acc: 0.6443
Round 52, Subset 3, Test Acc: 0.6714
Round 52, Subset 4, Test Acc: 0.6608
Round 52, Subset 5, Test Acc: 0.6719
Round 52, Subset 6, Test Acc: 0.6320
Round 52, Subset 7, Test Acc: 0.6321
Round 52, Subset 8, Test Acc: 0.6300
Round 52, Subset 9, Test Acc: 0.6202
Round 52, Subset 10, Test Acc: 0.6342
Round 52, Pruned-global Aggregated Test Acc: 0.6634
Round 52, Whole Aggregated Test Acc: 0.6627
================================================================================
Round 53, Subset 1, Test Acc: 0.6582
Round 53, Subset 2, Test Acc: 0.6597
Round 53, Subset 3, Test Acc: 0.6767
Round 53, Subset 4, Test Acc: 0.6720
Round 53, Subset 5, Test Acc: 0.6775
Round 53, Subset 6, Test Acc: 0.6364
Round 53, Subset 7, Test Acc: 0.6320
Round 53, Subset 8, Test Acc: 0.6433
Round 53, Subset 9, Test Acc: 0.6411
Round 53, Subset 10, Test Acc: 0.6357
Round 53, Pruned-global Aggregated Test Acc: 0.6712
Round 53, Whole Aggregated Test Acc: 0.6712
================================================================================
Round 54, Subset 1, Test Acc: 0.6642
Round 54, Subset 2, Test Acc: 0.6405
Round 54, Subset 3, Test Acc: 0.6656
Round 54, Subset 4, Test Acc: 0.6574
Round 54, Subset 5, Test Acc: 0.6825
Round 54, Subset 6, Test Acc: 0.6187
Round 54, Subset 7, Test Acc: 0.6356
Round 54, Subset 8, Test Acc: 0.6368
Round 54, Subset 9, Test Acc: 0.6407
Round 54, Subset 10, Test Acc: 0.6280
Round 54, Pruned-global Aggregated Test Acc: 0.6741
Round 54, Whole Aggregated Test Acc: 0.6755
================================================================================
Round 55, Subset 1, Test Acc: 0.6551
Round 55, Subset 2, Test Acc: 0.6452
Round 55, Subset 3, Test Acc: 0.6768
Round 55, Subset 4, Test Acc: 0.6807
Round 55, Subset 5, Test Acc: 0.6687
Round 55, Subset 6, Test Acc: 0.6366
Round 55, Subset 7, Test Acc: 0.6205
Round 55, Subset 8, Test Acc: 0.6280
Round 55, Subset 9, Test Acc: 0.6197
Round 55, Subset 10, Test Acc: 0.6268
Round 55, Pruned-global Aggregated Test Acc: 0.6664
Round 55, Whole Aggregated Test Acc: 0.6707
================================================================================
Round 56, Subset 1, Test Acc: 0.6447
Round 56, Subset 2, Test Acc: 0.6486
Round 56, Subset 3, Test Acc: 0.6674
Round 56, Subset 4, Test Acc: 0.6671
Round 56, Subset 5, Test Acc: 0.6795
Round 56, Subset 6, Test Acc: 0.6398
Round 56, Subset 7, Test Acc: 0.6361
Round 56, Subset 8, Test Acc: 0.6429
Round 56, Subset 9, Test Acc: 0.6432
Round 56, Subset 10, Test Acc: 0.6096
Round 56, Pruned-global Aggregated Test Acc: 0.6699
Round 56, Whole Aggregated Test Acc: 0.6690
================================================================================
Round 57, Subset 1, Test Acc: 0.6431
Round 57, Subset 2, Test Acc: 0.6543
Round 57, Subset 3, Test Acc: 0.6836
Round 57, Subset 4, Test Acc: 0.6809
Round 57, Subset 5, Test Acc: 0.6686
Round 57, Subset 6, Test Acc: 0.6260
Round 57, Subset 7, Test Acc: 0.6239
Round 57, Subset 8, Test Acc: 0.6291
Round 57, Subset 9, Test Acc: 0.6340
Round 57, Subset 10, Test Acc: 0.6346
Round 57, Pruned-global Aggregated Test Acc: 0.6682
Round 57, Whole Aggregated Test Acc: 0.6685
================================================================================
Round 58, Subset 1, Test Acc: 0.6587
Round 58, Subset 2, Test Acc: 0.6359
Round 58, Subset 3, Test Acc: 0.6758
Round 58, Subset 4, Test Acc: 0.6709
Round 58, Subset 5, Test Acc: 0.6771
Round 58, Subset 6, Test Acc: 0.6281
Round 58, Subset 7, Test Acc: 0.6334
Round 58, Subset 8, Test Acc: 0.6175
Round 58, Subset 9, Test Acc: 0.6167
Round 58, Subset 10, Test Acc: 0.6156
Round 58, Pruned-global Aggregated Test Acc: 0.6669
Round 58, Whole Aggregated Test Acc: 0.6678
================================================================================
Round 59, Subset 1, Test Acc: 0.6410
Round 59, Subset 2, Test Acc: 0.6423
Round 59, Subset 3, Test Acc: 0.6705
Round 59, Subset 4, Test Acc: 0.6806
Round 59, Subset 5, Test Acc: 0.6701
Round 59, Subset 6, Test Acc: 0.6253
Round 59, Subset 7, Test Acc: 0.6323
Round 59, Subset 8, Test Acc: 0.6256
Round 59, Subset 9, Test Acc: 0.6317
Round 59, Subset 10, Test Acc: 0.6392
Round 59, Pruned-global Aggregated Test Acc: 0.6667
Round 59, Whole Aggregated Test Acc: 0.6662
================================================================================
Round 60, Subset 1, Test Acc: 0.6556
Round 60, Subset 2, Test Acc: 0.6523
Round 60, Subset 3, Test Acc: 0.6675
Round 60, Subset 4, Test Acc: 0.6796
Round 60, Subset 5, Test Acc: 0.6766
Round 60, Subset 6, Test Acc: 0.6265
Round 60, Subset 7, Test Acc: 0.6248
Round 60, Subset 8, Test Acc: 0.6405
Round 60, Subset 9, Test Acc: 0.6238
Round 60, Subset 10, Test Acc: 0.6260
Round 60, Pruned-global Aggregated Test Acc: 0.6688
Round 60, Whole Aggregated Test Acc: 0.6703
================================================================================
Round 61, Subset 1, Test Acc: 0.6505
Round 61, Subset 2, Test Acc: 0.6399
Round 61, Subset 3, Test Acc: 0.6624
Round 61, Subset 4, Test Acc: 0.6727
Round 61, Subset 5, Test Acc: 0.6657
Round 61, Subset 6, Test Acc: 0.6231
Round 61, Subset 7, Test Acc: 0.6320
Round 61, Subset 8, Test Acc: 0.6297
Round 61, Subset 9, Test Acc: 0.6256
Round 61, Subset 10, Test Acc: 0.6334
Round 61, Pruned-global Aggregated Test Acc: 0.6637
Round 61, Whole Aggregated Test Acc: 0.6638
================================================================================
Round 62, Subset 1, Test Acc: 0.6472
Round 62, Subset 2, Test Acc: 0.6560
Round 62, Subset 3, Test Acc: 0.6702
Round 62, Subset 4, Test Acc: 0.6777
Round 62, Subset 5, Test Acc: 0.6707
Round 62, Subset 6, Test Acc: 0.6212
Round 62, Subset 7, Test Acc: 0.6316
Round 62, Subset 8, Test Acc: 0.6329
Round 62, Subset 9, Test Acc: 0.6420
Round 62, Subset 10, Test Acc: 0.6351
Round 62, Pruned-global Aggregated Test Acc: 0.6676
Round 62, Whole Aggregated Test Acc: 0.6660
================================================================================
Round 63, Subset 1, Test Acc: 0.6291
Round 63, Subset 2, Test Acc: 0.6488
Round 63, Subset 3, Test Acc: 0.6729
Round 63, Subset 4, Test Acc: 0.6674
Round 63, Subset 5, Test Acc: 0.6729
Round 63, Subset 6, Test Acc: 0.6261
Round 63, Subset 7, Test Acc: 0.6338
Round 63, Subset 8, Test Acc: 0.6328
Round 63, Subset 9, Test Acc: 0.6434
Round 63, Subset 10, Test Acc: 0.6261
Round 63, Pruned-global Aggregated Test Acc: 0.6602
Round 63, Whole Aggregated Test Acc: 0.6619
================================================================================
Round 64, Subset 1, Test Acc: 0.6492
Round 64, Subset 2, Test Acc: 0.6313
Round 64, Subset 3, Test Acc: 0.6683
Round 64, Subset 4, Test Acc: 0.6704
Round 64, Subset 5, Test Acc: 0.6725
Round 64, Subset 6, Test Acc: 0.6336
Round 64, Subset 7, Test Acc: 0.6232
Round 64, Subset 8, Test Acc: 0.6299
Round 64, Subset 9, Test Acc: 0.6298
Round 64, Subset 10, Test Acc: 0.6348
Round 64, Pruned-global Aggregated Test Acc: 0.6586
Round 64, Whole Aggregated Test Acc: 0.6616
================================================================================
Round 65, Subset 1, Test Acc: 0.6510
Round 65, Subset 2, Test Acc: 0.6482
Round 65, Subset 3, Test Acc: 0.6737
Round 65, Subset 4, Test Acc: 0.6719
Round 65, Subset 5, Test Acc: 0.6711
Round 65, Subset 6, Test Acc: 0.6316
Round 65, Subset 7, Test Acc: 0.6367
Round 65, Subset 8, Test Acc: 0.6301
Round 65, Subset 9, Test Acc: 0.6286
Round 65, Subset 10, Test Acc: 0.6341
Round 65, Pruned-global Aggregated Test Acc: 0.6613
Round 65, Whole Aggregated Test Acc: 0.6621
================================================================================
Round 66, Subset 1, Test Acc: 0.6467
Round 66, Subset 2, Test Acc: 0.6482
Round 66, Subset 3, Test Acc: 0.6616
Round 66, Subset 4, Test Acc: 0.6725
Round 66, Subset 5, Test Acc: 0.6652
Round 66, Subset 6, Test Acc: 0.6222
Round 66, Subset 7, Test Acc: 0.6202
Round 66, Subset 8, Test Acc: 0.6280
Round 66, Subset 9, Test Acc: 0.6211
Round 66, Subset 10, Test Acc: 0.6350
Round 66, Pruned-global Aggregated Test Acc: 0.6678
Round 66, Whole Aggregated Test Acc: 0.6694
================================================================================
Round 67, Subset 1, Test Acc: 0.6462
Round 67, Subset 2, Test Acc: 0.6522
Round 67, Subset 3, Test Acc: 0.6750
Round 67, Subset 4, Test Acc: 0.6637
Round 67, Subset 5, Test Acc: 0.6795
Round 67, Subset 6, Test Acc: 0.6292
Round 67, Subset 7, Test Acc: 0.6260
Round 67, Subset 8, Test Acc: 0.6207
Round 67, Subset 9, Test Acc: 0.6248
Round 67, Subset 10, Test Acc: 0.6242
Round 67, Pruned-global Aggregated Test Acc: 0.6685
Round 67, Whole Aggregated Test Acc: 0.6679
================================================================================
Round 68, Subset 1, Test Acc: 0.6434
Round 68, Subset 2, Test Acc: 0.6574
Round 68, Subset 3, Test Acc: 0.6708
Round 68, Subset 4, Test Acc: 0.6743
Round 68, Subset 5, Test Acc: 0.6650
Round 68, Subset 6, Test Acc: 0.6320
Round 68, Subset 7, Test Acc: 0.6177
Round 68, Subset 8, Test Acc: 0.6332
Round 68, Subset 9, Test Acc: 0.6352
Round 68, Subset 10, Test Acc: 0.6283
Round 68, Pruned-global Aggregated Test Acc: 0.6707
Round 68, Whole Aggregated Test Acc: 0.6718
================================================================================
Round 69, Subset 1, Test Acc: 0.6455
Round 69, Subset 2, Test Acc: 0.6517
Round 69, Subset 3, Test Acc: 0.6814
Round 69, Subset 4, Test Acc: 0.6739
Round 69, Subset 5, Test Acc: 0.6763
Round 69, Subset 6, Test Acc: 0.6294
Round 69, Subset 7, Test Acc: 0.6333
Round 69, Subset 8, Test Acc: 0.6259
Round 69, Subset 9, Test Acc: 0.6268
Round 69, Subset 10, Test Acc: 0.6348
Round 69, Pruned-global Aggregated Test Acc: 0.6643
Round 69, Whole Aggregated Test Acc: 0.6647
================================================================================
Round 70, Subset 1, Test Acc: 0.6426
Round 70, Subset 2, Test Acc: 0.6355
Round 70, Subset 3, Test Acc: 0.6757
Round 70, Subset 4, Test Acc: 0.6669
Round 70, Subset 5, Test Acc: 0.6750
Round 70, Subset 6, Test Acc: 0.6239
Round 70, Subset 7, Test Acc: 0.6339
Round 70, Subset 8, Test Acc: 0.6273
Round 70, Subset 9, Test Acc: 0.6174
Round 70, Subset 10, Test Acc: 0.6303
Round 70, Pruned-global Aggregated Test Acc: 0.6608
Round 70, Whole Aggregated Test Acc: 0.6644
================================================================================
Round 71, Subset 1, Test Acc: 0.6488
Round 71, Subset 2, Test Acc: 0.6504
Round 71, Subset 3, Test Acc: 0.6704
Round 71, Subset 4, Test Acc: 0.6648
Round 71, Subset 5, Test Acc: 0.6748
Round 71, Subset 6, Test Acc: 0.6288
Round 71, Subset 7, Test Acc: 0.6327
Round 71, Subset 8, Test Acc: 0.6239
Round 71, Subset 9, Test Acc: 0.6274
Round 71, Subset 10, Test Acc: 0.6325
Round 71, Pruned-global Aggregated Test Acc: 0.6643
Round 71, Whole Aggregated Test Acc: 0.6666
================================================================================
Round 72, Subset 1, Test Acc: 0.6463
Round 72, Subset 2, Test Acc: 0.6501
Round 72, Subset 3, Test Acc: 0.6594
Round 72, Subset 4, Test Acc: 0.6597
Round 72, Subset 5, Test Acc: 0.6766
Round 72, Subset 6, Test Acc: 0.6258
Round 72, Subset 7, Test Acc: 0.6387
Round 72, Subset 8, Test Acc: 0.6292
Round 72, Subset 9, Test Acc: 0.6359
Round 72, Subset 10, Test Acc: 0.6283
Round 72, Pruned-global Aggregated Test Acc: 0.6646
Round 72, Whole Aggregated Test Acc: 0.6660
================================================================================
Round 73, Subset 1, Test Acc: 0.6396
Round 73, Subset 2, Test Acc: 0.6350
Round 73, Subset 3, Test Acc: 0.6721
Round 73, Subset 4, Test Acc: 0.6694
Round 73, Subset 5, Test Acc: 0.6765
Round 73, Subset 6, Test Acc: 0.6258
Round 73, Subset 7, Test Acc: 0.6219
Round 73, Subset 8, Test Acc: 0.6285
Round 73, Subset 9, Test Acc: 0.6311
Round 73, Subset 10, Test Acc: 0.6270
Round 73, Pruned-global Aggregated Test Acc: 0.6609
Round 73, Whole Aggregated Test Acc: 0.6624
================================================================================
Round 74, Subset 1, Test Acc: 0.6370
Round 74, Subset 2, Test Acc: 0.6438
Round 74, Subset 3, Test Acc: 0.6648
Round 74, Subset 4, Test Acc: 0.6606
Round 74, Subset 5, Test Acc: 0.6586
Round 74, Subset 6, Test Acc: 0.6254
Round 74, Subset 7, Test Acc: 0.6288
Round 74, Subset 8, Test Acc: 0.6242
Round 74, Subset 9, Test Acc: 0.6266
Round 74, Subset 10, Test Acc: 0.6218
Round 74, Pruned-global Aggregated Test Acc: 0.6664
Round 74, Whole Aggregated Test Acc: 0.6658
================================================================================
Round 75, Subset 1, Test Acc: 0.6354
Round 75, Subset 2, Test Acc: 0.6522
Round 75, Subset 3, Test Acc: 0.6756
Round 75, Subset 4, Test Acc: 0.6605
Round 75, Subset 5, Test Acc: 0.6728
Round 75, Subset 6, Test Acc: 0.6207
Round 75, Subset 7, Test Acc: 0.6313
Round 75, Subset 8, Test Acc: 0.6336
Round 75, Subset 9, Test Acc: 0.6329
Round 75, Subset 10, Test Acc: 0.6233
Round 75, Pruned-global Aggregated Test Acc: 0.6630
Round 75, Whole Aggregated Test Acc: 0.6643
================================================================================
Round 76, Subset 1, Test Acc: 0.6406
Round 76, Subset 2, Test Acc: 0.6504
Round 76, Subset 3, Test Acc: 0.6695
Round 76, Subset 4, Test Acc: 0.6502
Round 76, Subset 5, Test Acc: 0.6683
Round 76, Subset 6, Test Acc: 0.6200
Round 76, Subset 7, Test Acc: 0.6234
Round 76, Subset 8, Test Acc: 0.6302
Round 76, Subset 9, Test Acc: 0.6271
Round 76, Subset 10, Test Acc: 0.6222
Round 76, Pruned-global Aggregated Test Acc: 0.6635
Round 76, Whole Aggregated Test Acc: 0.6628
================================================================================
Round 77, Subset 1, Test Acc: 0.6549
Round 77, Subset 2, Test Acc: 0.6450
Round 77, Subset 3, Test Acc: 0.6784
Round 77, Subset 4, Test Acc: 0.6728
Round 77, Subset 5, Test Acc: 0.6768
Round 77, Subset 6, Test Acc: 0.6278
Round 77, Subset 7, Test Acc: 0.6334
Round 77, Subset 8, Test Acc: 0.6157
Round 77, Subset 9, Test Acc: 0.6289
Round 77, Subset 10, Test Acc: 0.6227
Round 77, Pruned-global Aggregated Test Acc: 0.6717
Round 77, Whole Aggregated Test Acc: 0.6720
================================================================================
Round 78, Subset 1, Test Acc: 0.6434
Round 78, Subset 2, Test Acc: 0.6212
Round 78, Subset 3, Test Acc: 0.6759
Round 78, Subset 4, Test Acc: 0.6638
Round 78, Subset 5, Test Acc: 0.6627
Round 78, Subset 6, Test Acc: 0.6293
Round 78, Subset 7, Test Acc: 0.6235
Round 78, Subset 8, Test Acc: 0.6265
Round 78, Subset 9, Test Acc: 0.6365
Round 78, Subset 10, Test Acc: 0.6252
Round 78, Pruned-global Aggregated Test Acc: 0.6589
Round 78, Whole Aggregated Test Acc: 0.6593
================================================================================
Round 79, Subset 1, Test Acc: 0.6306
Round 79, Subset 2, Test Acc: 0.6588
Round 79, Subset 3, Test Acc: 0.6641
Round 79, Subset 4, Test Acc: 0.6746
Round 79, Subset 5, Test Acc: 0.6822
Round 79, Subset 6, Test Acc: 0.6268
Round 79, Subset 7, Test Acc: 0.6206
Round 79, Subset 8, Test Acc: 0.6273
Round 79, Subset 9, Test Acc: 0.6259
Round 79, Subset 10, Test Acc: 0.6232
Round 79, Pruned-global Aggregated Test Acc: 0.6677
Round 79, Whole Aggregated Test Acc: 0.6664
================================================================================
Round 80, Subset 1, Test Acc: 0.6383
Round 80, Subset 2, Test Acc: 0.6386
Round 80, Subset 3, Test Acc: 0.6643
Round 80, Subset 4, Test Acc: 0.6650
Round 80, Subset 5, Test Acc: 0.6635
Round 80, Subset 6, Test Acc: 0.6341
Round 80, Subset 7, Test Acc: 0.6252
Round 80, Subset 8, Test Acc: 0.6229
Round 80, Subset 9, Test Acc: 0.6334
Round 80, Subset 10, Test Acc: 0.6261
Round 80, Pruned-global Aggregated Test Acc: 0.6579
Round 80, Whole Aggregated Test Acc: 0.6592
================================================================================
Round 81, Subset 1, Test Acc: 0.6466
Round 81, Subset 2, Test Acc: 0.6386
Round 81, Subset 3, Test Acc: 0.6763
Round 81, Subset 4, Test Acc: 0.6696
Round 81, Subset 5, Test Acc: 0.6737
Round 81, Subset 6, Test Acc: 0.6281
Round 81, Subset 7, Test Acc: 0.6268
Round 81, Subset 8, Test Acc: 0.6215
Round 81, Subset 9, Test Acc: 0.6382
Round 81, Subset 10, Test Acc: 0.6241
Round 81, Pruned-global Aggregated Test Acc: 0.6635
Round 81, Whole Aggregated Test Acc: 0.6646
================================================================================
Round 82, Subset 1, Test Acc: 0.6481
Round 82, Subset 2, Test Acc: 0.6368
Round 82, Subset 3, Test Acc: 0.6749
Round 82, Subset 4, Test Acc: 0.6692
Round 82, Subset 5, Test Acc: 0.6643
Round 82, Subset 6, Test Acc: 0.6289
Round 82, Subset 7, Test Acc: 0.6275
Round 82, Subset 8, Test Acc: 0.6279
Round 82, Subset 9, Test Acc: 0.6313
Round 82, Subset 10, Test Acc: 0.6288
Round 82, Pruned-global Aggregated Test Acc: 0.6660
Round 82, Whole Aggregated Test Acc: 0.6666
================================================================================
Round 83, Subset 1, Test Acc: 0.6391
Round 83, Subset 2, Test Acc: 0.6497
Round 83, Subset 3, Test Acc: 0.6687
Round 83, Subset 4, Test Acc: 0.6728
Round 83, Subset 5, Test Acc: 0.6726
Round 83, Subset 6, Test Acc: 0.6329
Round 83, Subset 7, Test Acc: 0.6272
Round 83, Subset 8, Test Acc: 0.6322
Round 83, Subset 9, Test Acc: 0.6309
Round 83, Subset 10, Test Acc: 0.6230
Round 83, Pruned-global Aggregated Test Acc: 0.6669
Round 83, Whole Aggregated Test Acc: 0.6675
================================================================================
Round 84, Subset 1, Test Acc: 0.6432
Round 84, Subset 2, Test Acc: 0.6566
Round 84, Subset 3, Test Acc: 0.6719
Round 84, Subset 4, Test Acc: 0.6711
Round 84, Subset 5, Test Acc: 0.6730
Round 84, Subset 6, Test Acc: 0.6170
Round 84, Subset 7, Test Acc: 0.6277
Round 84, Subset 8, Test Acc: 0.6197
Round 84, Subset 9, Test Acc: 0.6297
Round 84, Subset 10, Test Acc: 0.6280
Round 84, Pruned-global Aggregated Test Acc: 0.6675
Round 84, Whole Aggregated Test Acc: 0.6660
================================================================================
Round 85, Subset 1, Test Acc: 0.6412
Round 85, Subset 2, Test Acc: 0.6542
Round 85, Subset 3, Test Acc: 0.6537
Round 85, Subset 4, Test Acc: 0.6626
Round 85, Subset 5, Test Acc: 0.6726
Round 85, Subset 6, Test Acc: 0.6298
Round 85, Subset 7, Test Acc: 0.6134
Round 85, Subset 8, Test Acc: 0.6345
Round 85, Subset 9, Test Acc: 0.6239
Round 85, Subset 10, Test Acc: 0.6253
Round 85, Pruned-global Aggregated Test Acc: 0.6618
Round 85, Whole Aggregated Test Acc: 0.6625
================================================================================
Round 86, Subset 1, Test Acc: 0.6515
Round 86, Subset 2, Test Acc: 0.6474
Round 86, Subset 3, Test Acc: 0.6760
Round 86, Subset 4, Test Acc: 0.6724
Round 86, Subset 5, Test Acc: 0.6763
Round 86, Subset 6, Test Acc: 0.6330
Round 86, Subset 7, Test Acc: 0.6256
Round 86, Subset 8, Test Acc: 0.6282
Round 86, Subset 9, Test Acc: 0.6305
Round 86, Subset 10, Test Acc: 0.6167
Round 86, Pruned-global Aggregated Test Acc: 0.6663
Round 86, Whole Aggregated Test Acc: 0.6677
================================================================================
Round 87, Subset 1, Test Acc: 0.6392
Round 87, Subset 2, Test Acc: 0.6505
Round 87, Subset 3, Test Acc: 0.6662
Round 87, Subset 4, Test Acc: 0.6687
Round 87, Subset 5, Test Acc: 0.6636
Round 87, Subset 6, Test Acc: 0.6245
Round 87, Subset 7, Test Acc: 0.6259
Round 87, Subset 8, Test Acc: 0.6219
Round 87, Subset 9, Test Acc: 0.6333
Round 87, Subset 10, Test Acc: 0.6326
Round 87, Pruned-global Aggregated Test Acc: 0.6679
Round 87, Whole Aggregated Test Acc: 0.6666
================================================================================
Round 88, Subset 1, Test Acc: 0.6411
Round 88, Subset 2, Test Acc: 0.6357
Round 88, Subset 3, Test Acc: 0.6704
Round 88, Subset 4, Test Acc: 0.6725
Round 88, Subset 5, Test Acc: 0.6584
Round 88, Subset 6, Test Acc: 0.6135
Round 88, Subset 7, Test Acc: 0.6230
Round 88, Subset 8, Test Acc: 0.6318
Round 88, Subset 9, Test Acc: 0.6253
Round 88, Subset 10, Test Acc: 0.6222
Round 88, Pruned-global Aggregated Test Acc: 0.6712
Round 88, Whole Aggregated Test Acc: 0.6685
================================================================================
Round 89, Subset 1, Test Acc: 0.6515
Round 89, Subset 2, Test Acc: 0.6432
Round 89, Subset 3, Test Acc: 0.6672
Round 89, Subset 4, Test Acc: 0.6593
Round 89, Subset 5, Test Acc: 0.6713
Round 89, Subset 6, Test Acc: 0.6224
Round 89, Subset 7, Test Acc: 0.6242
Round 89, Subset 8, Test Acc: 0.6322
Round 89, Subset 9, Test Acc: 0.6267
Round 89, Subset 10, Test Acc: 0.6196
Round 89, Pruned-global Aggregated Test Acc: 0.6662
Round 89, Whole Aggregated Test Acc: 0.6673
================================================================================
Round 90, Subset 1, Test Acc: 0.6532
Round 90, Subset 2, Test Acc: 0.6503
Round 90, Subset 3, Test Acc: 0.6673
Round 90, Subset 4, Test Acc: 0.6581
Round 90, Subset 5, Test Acc: 0.6719
Round 90, Subset 6, Test Acc: 0.6266
Round 90, Subset 7, Test Acc: 0.6180
Round 90, Subset 8, Test Acc: 0.6323
Round 90, Subset 9, Test Acc: 0.6272
Round 90, Subset 10, Test Acc: 0.6330
Round 90, Pruned-global Aggregated Test Acc: 0.6700
Round 90, Whole Aggregated Test Acc: 0.6688
================================================================================
Round 91, Subset 1, Test Acc: 0.6496
Round 91, Subset 2, Test Acc: 0.6422
Round 91, Subset 3, Test Acc: 0.6676
Round 91, Subset 4, Test Acc: 0.6695
Round 91, Subset 5, Test Acc: 0.6743
Round 91, Subset 6, Test Acc: 0.6225
Round 91, Subset 7, Test Acc: 0.6209
Round 91, Subset 8, Test Acc: 0.6194
Round 91, Subset 9, Test Acc: 0.6315
Round 91, Subset 10, Test Acc: 0.6241
Round 91, Pruned-global Aggregated Test Acc: 0.6692
Round 91, Whole Aggregated Test Acc: 0.6679
================================================================================
Round 92, Subset 1, Test Acc: 0.6416
Round 92, Subset 2, Test Acc: 0.6489
Round 92, Subset 3, Test Acc: 0.6574
Round 92, Subset 4, Test Acc: 0.6537
Round 92, Subset 5, Test Acc: 0.6695
Round 92, Subset 6, Test Acc: 0.6159
Round 92, Subset 7, Test Acc: 0.6256
Round 92, Subset 8, Test Acc: 0.6284
Round 92, Subset 9, Test Acc: 0.6258
Round 92, Subset 10, Test Acc: 0.6220
Round 92, Pruned-global Aggregated Test Acc: 0.6659
Round 92, Whole Aggregated Test Acc: 0.6659
================================================================================
Round 93, Subset 1, Test Acc: 0.6421
Round 93, Subset 2, Test Acc: 0.6336
Round 93, Subset 3, Test Acc: 0.6716
Round 93, Subset 4, Test Acc: 0.6765
Round 93, Subset 5, Test Acc: 0.6612
Round 93, Subset 6, Test Acc: 0.6247
Round 93, Subset 7, Test Acc: 0.6162
Round 93, Subset 8, Test Acc: 0.6321
Round 93, Subset 9, Test Acc: 0.6302
Round 93, Subset 10, Test Acc: 0.6261
Round 93, Pruned-global Aggregated Test Acc: 0.6609
Round 93, Whole Aggregated Test Acc: 0.6609
================================================================================
Round 94, Subset 1, Test Acc: 0.6480
Round 94, Subset 2, Test Acc: 0.6399
Round 94, Subset 3, Test Acc: 0.6736
Round 94, Subset 4, Test Acc: 0.6620
Round 94, Subset 5, Test Acc: 0.6589
Round 94, Subset 6, Test Acc: 0.6083
Round 94, Subset 7, Test Acc: 0.6286
Round 94, Subset 8, Test Acc: 0.6175
Round 94, Subset 9, Test Acc: 0.6262
Round 94, Subset 10, Test Acc: 0.6246
Round 94, Pruned-global Aggregated Test Acc: 0.6653
Round 94, Whole Aggregated Test Acc: 0.6657
================================================================================
Round 95, Subset 1, Test Acc: 0.6494
Round 95, Subset 2, Test Acc: 0.6415
Round 95, Subset 3, Test Acc: 0.6714
Round 95, Subset 4, Test Acc: 0.6651
Round 95, Subset 5, Test Acc: 0.6658
Round 95, Subset 6, Test Acc: 0.6296
Round 95, Subset 7, Test Acc: 0.6239
Round 95, Subset 8, Test Acc: 0.6314
Round 95, Subset 9, Test Acc: 0.6247
Round 95, Subset 10, Test Acc: 0.6262
Round 95, Pruned-global Aggregated Test Acc: 0.6677
Round 95, Whole Aggregated Test Acc: 0.6678
================================================================================
Round 96, Subset 1, Test Acc: 0.6428
Round 96, Subset 2, Test Acc: 0.6492
Round 96, Subset 3, Test Acc: 0.6810
Round 96, Subset 4, Test Acc: 0.6646
Round 96, Subset 5, Test Acc: 0.6746
Round 96, Subset 6, Test Acc: 0.6207
Round 96, Subset 7, Test Acc: 0.6258
Round 96, Subset 8, Test Acc: 0.6222
Round 96, Subset 9, Test Acc: 0.6282
Round 96, Subset 10, Test Acc: 0.6221
Round 96, Pruned-global Aggregated Test Acc: 0.6651
Round 96, Whole Aggregated Test Acc: 0.6644
================================================================================
Round 97, Subset 1, Test Acc: 0.6472
Round 97, Subset 2, Test Acc: 0.6381
Round 97, Subset 3, Test Acc: 0.6679
Round 97, Subset 4, Test Acc: 0.6652
Round 97, Subset 5, Test Acc: 0.6552
Round 97, Subset 6, Test Acc: 0.6245
Round 97, Subset 7, Test Acc: 0.6290
Round 97, Subset 8, Test Acc: 0.6261
Round 97, Subset 9, Test Acc: 0.6271
Round 97, Subset 10, Test Acc: 0.6173
Round 97, Pruned-global Aggregated Test Acc: 0.6618
Round 97, Whole Aggregated Test Acc: 0.6627
================================================================================
Round 98, Subset 1, Test Acc: 0.6368
Round 98, Subset 2, Test Acc: 0.6358
Round 98, Subset 3, Test Acc: 0.6748
Round 98, Subset 4, Test Acc: 0.6766
Round 98, Subset 5, Test Acc: 0.6617
Round 98, Subset 6, Test Acc: 0.6206
Round 98, Subset 7, Test Acc: 0.6230
Round 98, Subset 8, Test Acc: 0.6129
Round 98, Subset 9, Test Acc: 0.6168
Round 98, Subset 10, Test Acc: 0.6303
Round 98, Pruned-global Aggregated Test Acc: 0.6610
Round 98, Whole Aggregated Test Acc: 0.6589
================================================================================
Round 99, Subset 1, Test Acc: 0.6448
Round 99, Subset 2, Test Acc: 0.6478
Round 99, Subset 3, Test Acc: 0.6587
Round 99, Subset 4, Test Acc: 0.6633
Round 99, Subset 5, Test Acc: 0.6688
Round 99, Subset 6, Test Acc: 0.6162
Round 99, Subset 7, Test Acc: 0.6240
Round 99, Subset 8, Test Acc: 0.6260
Round 99, Subset 9, Test Acc: 0.6315
Round 99, Subset 10, Test Acc: 0.6294
Round 99, Pruned-global Aggregated Test Acc: 0.6609
Round 99, Whole Aggregated Test Acc: 0.6634
================================================================================
Round 100, Subset 1, Test Acc: 0.6344
Round 100, Subset 2, Test Acc: 0.6560
Round 100, Subset 3, Test Acc: 0.6722
Round 100, Subset 4, Test Acc: 0.6699
Round 100, Subset 5, Test Acc: 0.6795
Round 100, Subset 6, Test Acc: 0.6210
Round 100, Subset 7, Test Acc: 0.6247
Round 100, Subset 8, Test Acc: 0.6239
Round 100, Subset 9, Test Acc: 0.6177
Round 100, Subset 10, Test Acc: 0.6285
Round 100, Pruned-global Aggregated Test Acc: 0.6689
Round 100, Whole Aggregated Test Acc: 0.6671
================================================================================
