Epochs: 200
CNN Results:
Train Loss: 0.0466
Evaluation Results: {'loss': 20.68560072741931, 'accuracy': 0.4054}
--------------------------------------------------
ResNet Results:
Train Loss: 0.0079
Evaluation Results: {'loss': 6.536251569096046, 'accuracy': 0.4515}
--------------------------------------------------
Epochs: 300
CNN Results:
Train Loss: 0.0313
Evaluation Results: {'loss': 29.788243523126916, 'accuracy': 0.3988}
--------------------------------------------------
ResNet Results:
Train Loss: 0.0060
Evaluation Results: {'loss': 7.088426559786253, 'accuracy': 0.4549}
--------------------------------------------------
Task completed.
Epochs: 100
CNN Results:
Train Loss: 0.0396
Evaluation Results: {'loss': 12.800904708572581, 'accuracy': 0.4075}
--------------------------------------------------
ResNet Results:
Train Loss: 0.0311
Evaluation Results: {'loss': 5.541220320930964, 'accuracy': 0.4434}
--------------------------------------------------
Task completed.
