Model type: resnet
Number of rounds: 200
Number of local epochs: 1
Batch size: 128
Learning rate: 0.001
Learning rate decay: False
Save directory: None
Results will not be saved.
[Model Architecture]
ResNet(
  (conv1): Conv2d(3, 64, kernel_size=(7, 7), stride=(2, 2), padding=(3, 3), bias=False)
  (bn1): LayerNorm((64, 16, 16), eps=1e-05, elementwise_affine=False)
  (relu): ReLU(inplace=True)
  (maxpool): MaxPool2d(kernel_size=3, stride=2, padding=1, dilation=1, ceil_mode=False)
  (layer1): Sequential(
    (0): BasicBlock(
      (conv1): Conv2d(64, 64, kernel_size=(3, 3), stride=(1, 1), padding=(1, 1), bias=False)
      (bn1): LayerNorm((64, 8, 8), eps=1e-05, elementwise_affine=False)
      (relu): ReLU(inplace=True)
      (conv2): Conv2d(64, 64, kernel_size=(3, 3), stride=(1, 1), padding=(1, 1), bias=False)
      (bn2): LayerNorm((64, 8, 8), eps=1e-05, elementwise_affine=False)
    )
    (1): BasicBlock(
      (conv1): Conv2d(64, 64, kernel_size=(3, 3), stride=(1, 1), padding=(1, 1), bias=False)
      (bn1): LayerNorm((64, 8, 8), eps=1e-05, elementwise_affine=False)
      (relu): ReLU(inplace=True)
      (conv2): Conv2d(64, 64, kernel_size=(3, 3), stride=(1, 1), padding=(1, 1), bias=False)
      (bn2): LayerNorm((64, 8, 8), eps=1e-05, elementwise_affine=False)
    )
  )
  (layer2): Sequential(
    (0): BasicBlock(
      (conv1): Conv2d(64, 128, kernel_size=(3, 3), stride=(2, 2), padding=(1, 1), bias=False)
      (bn1): LayerNorm((128, 4, 4), eps=1e-05, elementwise_affine=False)
      (relu): ReLU(inplace=True)
      (conv2): Conv2d(128, 128, kernel_size=(3, 3), stride=(1, 1), padding=(1, 1), bias=False)
      (bn2): LayerNorm((128, 4, 4), eps=1e-05, elementwise_affine=False)
      (downsample): Sequential(
        (0): Conv2d(64, 128, kernel_size=(1, 1), stride=(2, 2), bias=False)
        (1): LayerNorm((128, 4, 4), eps=1e-05, elementwise_affine=False)
      )
    )
    (1): BasicBlock(
      (conv1): Conv2d(128, 128, kernel_size=(3, 3), stride=(1, 1), padding=(1, 1), bias=False)
      (bn1): LayerNorm((128, 4, 4), eps=1e-05, elementwise_affine=False)
      (relu): ReLU(inplace=True)
      (conv2): Conv2d(128, 128, kernel_size=(3, 3), stride=(1, 1), padding=(1, 1), bias=False)
      (bn2): LayerNorm((128, 4, 4), eps=1e-05, elementwise_affine=False)
    )
  )
  (layer3): Sequential(
    (0): BasicBlock(
      (conv1): Conv2d(128, 256, kernel_size=(3, 3), stride=(2, 2), padding=(1, 1), bias=False)
      (bn1): LayerNorm((256, 2, 2), eps=1e-05, elementwise_affine=False)
      (relu): ReLU(inplace=True)
      (conv2): Conv2d(256, 256, kernel_size=(3, 3), stride=(1, 1), padding=(1, 1), bias=False)
      (bn2): LayerNorm((256, 2, 2), eps=1e-05, elementwise_affine=False)
      (downsample): Sequential(
        (0): Conv2d(128, 256, kernel_size=(1, 1), stride=(2, 2), bias=False)
        (1): LayerNorm((256, 2, 2), eps=1e-05, elementwise_affine=False)
      )
    )
    (1): BasicBlock(
      (conv1): Conv2d(256, 256, kernel_size=(3, 3), stride=(1, 1), padding=(1, 1), bias=False)
      (bn1): LayerNorm((256, 2, 2), eps=1e-05, elementwise_affine=False)
      (relu): ReLU(inplace=True)
      (conv2): Conv2d(256, 256, kernel_size=(3, 3), stride=(1, 1), padding=(1, 1), bias=False)
      (bn2): LayerNorm((256, 2, 2), eps=1e-05, elementwise_affine=False)
    )
  )
  (layer4): Sequential(
    (0): BasicBlock(
      (conv1): Conv2d(256, 512, kernel_size=(3, 3), stride=(2, 2), padding=(1, 1), bias=False)
      (bn1): LayerNorm((512, 1, 1), eps=1e-05, elementwise_affine=False)
      (relu): ReLU(inplace=True)
      (conv2): Conv2d(512, 512, kernel_size=(3, 3), stride=(1, 1), padding=(1, 1), bias=False)
      (bn2): LayerNorm((512, 1, 1), eps=1e-05, elementwise_affine=False)
      (downsample): Sequential(
        (0): Conv2d(256, 512, kernel_size=(1, 1), stride=(2, 2), bias=False)
        (1): LayerNorm((512, 1, 1), eps=1e-05, elementwise_affine=False)
      )
    )
    (1): BasicBlock(
      (conv1): Conv2d(512, 512, kernel_size=(3, 3), stride=(1, 1), padding=(1, 1), bias=False)
      (bn1): LayerNorm((512, 1, 1), eps=1e-05, elementwise_affine=False)
      (relu): ReLU(inplace=True)
      (conv2): Conv2d(512, 512, kernel_size=(3, 3), stride=(1, 1), padding=(1, 1), bias=False)
      (bn2): LayerNorm((512, 1, 1), eps=1e-05, elementwise_affine=False)
    )
  )
  (avgpool): AdaptiveAvgPool2d(output_size=(1, 1))
  (fc): Linear(in_features=512, out_features=10, bias=True)
)
Round 1
Subset 1	Model Size: 27.37 MB	Train Loss: 2.0873	Test Loss: 2.0919	Test Acc: 0.1865	Class Acc: {0: 0.0, 1: 0.0, 2: 0.703, 3: 0.0, 4: 0.0, 5: 0.0, 6: 0.0, 7: 0.173, 8: 0.632, 9: 0.357}
Subset 2	Model Size: 27.37 MB	Train Loss: 2.1247	Test Loss: 2.1244	Test Acc: 0.1974	Class Acc: {0: 0.415, 1: 0.161, 2: 0.001, 3: 0.818, 4: 0.0, 5: 0.004, 6: 0.0, 7: 0.233, 8: 0.342, 9: 0.0}
Subset 3	Model Size: 27.37 MB	Train Loss: 2.0153	Test Loss: 2.0242	Test Acc: 0.1958	Class Acc: {0: 0.844, 1: 0.066, 2: 0.0, 3: 0.0, 4: 0.309, 5: 0.0, 6: 0.652, 7: 0.0, 8: 0.0, 9: 0.087}
Subset 4	Model Size: 27.37 MB	Train Loss: 2.2825	Test Loss: 2.3126	Test Acc: 0.1495	Class Acc: {0: 0.01, 1: 0.129, 2: 0.043, 3: 0.0, 4: 0.0, 5: 0.05, 6: 0.06, 7: 0.128, 8: 0.936, 9: 0.139}
Subset 5	Model Size: 27.37 MB	Train Loss: 2.1154	Test Loss: 2.0999	Test Acc: 0.1777	Class Acc: {0: 0.872, 1: 0.013, 2: 0.015, 3: 0.0, 4: 0.0, 5: 0.693, 6: 0.0, 7: 0.178, 8: 0.005, 9: 0.001}
Subset 6	Model Size: 27.37 MB	Train Loss: 2.0056	Test Loss: 2.0205	Test Acc: 0.2326	Class Acc: {0: 0.0, 1: 0.077, 2: 0.0, 3: 0.079, 4: 0.001, 5: 0.08, 6: 0.837, 7: 0.179, 8: 0.589, 9: 0.484}
Subset 7	Model Size: 27.37 MB	Train Loss: 2.1510	Test Loss: 2.1414	Test Acc: 0.1712	Class Acc: {0: 0.0, 1: 0.38, 2: 0.0, 3: 0.0, 4: 0.0, 5: 0.913, 6: 0.0, 7: 0.0, 8: 0.419, 9: 0.0}
Subset 8	Model Size: 27.37 MB	Train Loss: 2.1145	Test Loss: 2.1140	Test Acc: 0.1870	Class Acc: {0: 0.694, 1: 0.0, 2: 0.0, 3: 0.0, 4: 0.0, 5: 0.86, 6: 0.0, 7: 0.0, 8: 0.043, 9: 0.273}
Subset 9	Model Size: 27.37 MB	Train Loss: 2.0233	Test Loss: 2.0233	Test Acc: 0.2048	Class Acc: {0: 0.0, 1: 0.003, 2: 0.004, 3: 0.027, 4: 0.0, 5: 0.702, 6: 0.0, 7: 0.383, 8: 0.796, 9: 0.133}
Subset 10	Model Size: 27.37 MB	Train Loss: 2.1190	Test Loss: 2.1100	Test Acc: 0.1930	Class Acc: {0: 0.616, 1: 0.0, 2: 0.0, 3: 0.537, 4: 0.0, 5: 0.0, 6: 0.0, 7: 0.602, 8: 0.0, 9: 0.175}
Using `aggregate_resnet18`
[aggregate_resnet18] Average time over 1 runs: 19.024788 seconds
Aggregated Test Loss: 2.6347	Aggregated Test Acc: 0.1000	Aggregated Class Acc: {0: 0.0, 1: 0.0, 2: 1.0, 3: 0.0, 4: 0.0, 5: 0.0, 6: 0.0, 7: 0.0, 8: 0.0, 9: 0.0}
Round 1 use time: 0.72 min, ETA: 2.40 hours
================================================================================
Round 2
Subset 1	Model Size: 27.37 MB	Train Loss: 1.9719	Test Loss: 1.9950	Test Acc: 0.2388	Class Acc: {0: 0.017, 1: 0.127, 2: 0.0, 3: 0.0, 4: 0.498, 5: 0.111, 6: 0.0, 7: 0.52, 8: 0.757, 9: 0.358}
Subset 2	Model Size: 27.37 MB	Train Loss: 2.0845	Test Loss: 2.0863	Test Acc: 0.2209	Class Acc: {0: 0.003, 1: 0.582, 2: 0.0, 3: 0.846, 4: 0.0, 5: 0.0, 6: 0.0, 7: 0.0, 8: 0.546, 9: 0.232}
Subset 3	Model Size: 27.37 MB	Train Loss: 1.9491	Test Loss: 1.9498	Test Acc: 0.2488	Class Acc: {0: 0.0, 1: 0.472, 2: 0.0, 3: 0.0, 4: 0.699, 5: 0.0, 6: 0.043, 7: 0.399, 8: 0.585, 9: 0.29}
Subset 4	Model Size: 27.37 MB	Train Loss: 2.0457	Test Loss: 2.0608	Test Acc: 0.2066	Class Acc: {0: 0.207, 1: 0.018, 2: 0.015, 3: 0.0, 4: 0.621, 5: 0.0, 6: 0.0, 7: 0.14, 8: 0.737, 9: 0.328}
Subset 5	Model Size: 27.37 MB	Train Loss: 2.1147	Test Loss: 2.1160	Test Acc: 0.1968	Class Acc: {0: 0.0, 1: 0.119, 2: 0.017, 3: 0.0, 4: 0.0, 5: 0.572, 6: 0.0, 7: 0.191, 8: 0.912, 9: 0.157}
Subset 6	Model Size: 27.37 MB	Train Loss: 2.0663	Test Loss: 2.0662	Test Acc: 0.2064	Class Acc: {0: 0.001, 1: 0.634, 2: 0.0, 3: 0.0, 4: 0.0, 5: 0.649, 6: 0.407, 7: 0.187, 8: 0.016, 9: 0.17}
Subset 7	Model Size: 27.37 MB	Train Loss: 2.0944	Test Loss: 2.0667	Test Acc: 0.2096	Class Acc: {0: 0.069, 1: 0.223, 2: 0.0, 3: 0.0, 4: 0.713, 5: 0.006, 6: 0.048, 7: 0.428, 8: 0.596, 9: 0.013}
Subset 8	Model Size: 27.37 MB	Train Loss: 2.0547	Test Loss: 2.0694	Test Acc: 0.2151	Class Acc: {0: 0.044, 1: 0.199, 2: 0.0, 3: 0.111, 4: 0.0, 5: 0.001, 6: 0.55, 7: 0.004, 8: 0.811, 9: 0.431}
Subset 9	Model Size: 27.37 MB	Train Loss: 2.0064	Test Loss: 2.0084	Test Acc: 0.2329	Class Acc: {0: 0.185, 1: 0.068, 2: 0.023, 3: 0.0, 4: 0.0, 5: 0.079, 6: 0.826, 7: 0.312, 8: 0.697, 9: 0.139}
Subset 10	Model Size: 27.37 MB	Train Loss: 2.1190	Test Loss: 2.1094	Test Acc: 0.1767	Class Acc: {0: 0.001, 1: 0.543, 2: 0.0, 3: 0.012, 4: 0.0, 5: 0.0, 6: 0.965, 7: 0.084, 8: 0.138, 9: 0.024}
Using `aggregate_resnet18`
[aggregate_resnet18] Average time over 1 runs: 19.030035 seconds
Aggregated Test Loss: 2.3652	Aggregated Test Acc: 0.0994	Aggregated Class Acc: {0: 0.017, 1: 0.0, 2: 0.0, 3: 0.0, 4: 0.0, 5: 0.0, 6: 0.0, 7: 0.0, 8: 0.0, 9: 0.977}
Round 2 use time: 0.72 min, ETA: 2.38 hours
================================================================================
Round 3
