(rd) (base) ➜  zero-footprint-dropout git:(main) ✗ python test_pruned_resnet18.py
Total parameters: 11689512
Memory Usage: 46758048 bytes (45662.16 KB / 44.59 MB)
Total parameters: 3051080
Memory Usage: 12204320 bytes (11918.28 KB / 11.64 MB)
Training Epochs:   0%|                                                                                                                                                 | 0/100 [00:00<?, ?it/s]Train Epoch: 0/100      Average Training Loss: 1.734394 Accuracy: 25728/50000 (51%)
Training Epochs:   1%|█▎                                                                                                                                       | 1/100 [00:34<56:25, 34.19s/it]Train Epoch: 1/100      Average Training Loss: 1.276319 Accuracy: 30208/50000 (60%)
Training Epochs:   2%|██▋                                                                                                                                      | 2/100 [01:01<48:49, 29.89s/it]Train Epoch: 2/100      Average Training Loss: 1.077123 Accuracy: 33557/50000 (67%)
Training Epochs:   3%|████                                                                                                                                     | 3/100 [01:29<47:18, 29.26s/it]Train Epoch: 3/100      Average Training Loss: 0.946608 Accuracy: 34499/50000 (69%)
Training Epochs:   4%|█████▍                                                                                                                                   | 4/100 [01:56<45:12, 28.25s/it]Train Epoch: 4/100      Average Training Loss: 0.832365 Accuracy: 37200/50000 (74%)
Training Epochs:   5%|██████▊                                                                                                                                  | 5/100 [02:23<43:57, 27.76s/it]Train Epoch: 5/100      Average Training Loss: 0.757344 Accuracy: 37720/50000 (75%)
Training Epochs:   6%|████████▏                                                                                                                                | 6/100 [02:49<42:58, 27.43s/it]Train Epoch: 6/100      Average Training Loss: 0.681313 Accuracy: 40091/50000 (80%)
Training Epochs:   7%|█████████▌                                                                                                                               | 7/100 [03:16<41:59, 27.10s/it]Train Epoch: 7/100      Average Training Loss: 0.616241 Accuracy: 41689/50000 (83%)
Training Epochs:   8%|██████████▉                                                                                                                              | 8/100 [03:42<41:04, 26.78s/it]Train Epoch: 8/100      Average Training Loss: 0.557002 Accuracy: 41780/50000 (84%)
Training Epochs:   9%|████████████▎                                                                                                                            | 9/100 [04:09<40:46, 26.88s/it]Train Epoch: 9/100      Average Training Loss: 0.500486 Accuracy: 42985/50000 (86%)
Training Epochs:  10%|█████████████▌                                                                                                                          | 10/100 [04:36<40:22, 26.92s/it]Train Epoch: 10/100     Average Training Loss: 0.449338 Accuracy: 43326/50000 (87%)
Training Epochs:  11%|██████████████▉                                                                                                                         | 11/100 [05:03<39:44, 26.79s/it]Train Epoch: 11/100     Average Training Loss: 0.412864 Accuracy: 45118/50000 (90%)
Training Epochs:  12%|████████████████▎                                                                                                                       | 12/100 [05:31<39:49, 27.16s/it]Train Epoch: 12/100     Average Training Loss: 0.366271 Accuracy: 45230/50000 (90%)

Train Epoch: 90/100     Average Training Loss: 0.033727 Accuracy: 49639/50000 (99%)
Training Epochs:  91%|███████████████████████████████████████████████████████████████████████████████████████████████████████████████████████████▊            | 91/100 [48:35<06:13, 41.55s/it]Train Epoch: 91/100     Average Training Loss: 0.016181 Accuracy: 49787/50000 (100%)
Training Epochs:  92%|█████████████████████████████████████████████████████████████████████████████████████████████████████████████████████████████           | 92/100 [49:38<06:23, 47.98s/it]Train Epoch: 92/100     Average Training Loss: 0.036963 Accuracy: 49856/50000 (100%)
Training Epochs:  93%|██████████████████████████████████████████████████████████████████████████████████████████████████████████████████████████████▍         | 93/100 [50:44<06:14, 53.51s/it]Train Epoch: 93/100     Average Training Loss: 0.027149 Accuracy: 49712/50000 (99%)
Training Epochs:  94%|███████████████████████████████████████████████████████████████████████████████████████████████████████████████████████████████▊        | 94/100 [51:39<05:22, 53.80s/it]Train Epoch: 94/100     Average Training Loss: 0.018254 Accuracy: 49618/50000 (99%)
Training Epochs:  95%|█████████████████████████████████████████████████████████████████████████████████████████████████████████████████████████████████▏      | 95/100 [52:30<04:24, 52.82s/it]Train Epoch: 95/100     Average Training Loss: 0.029595 Accuracy: 49651/50000 (99%)
Training Epochs:  96%|██████████████████████████████████████████████████████████████████████████████████████████████████████████████████████████████████▌     | 96/100 [53:33<03:44, 56.02s/it]Train Epoch: 96/100     Average Training Loss: 0.026710 Accuracy: 49616/50000 (99%)
Training Epochs:  97%|███████████████████████████████████████████████████████████████████████████████████████████████████████████████████████████████████▉    | 97/100 [54:37<02:55, 58.35s/it]Train Epoch: 97/100     Average Training Loss: 0.029390 Accuracy: 49633/50000 (99%)
Training Epochs:  98%|█████████████████████████████████████████████████████████████████████████████████████████████████████████████████████████████████████▎  | 98/100 [57:49<03:17, 98.57s/it]Train Epoch: 98/100     Average Training Loss: 0.021901 Accuracy: 49726/50000 (99%)
Training Epochs:  99%|██████████████████████████████████████████████████████████████████████████████████████████████████████████████████████████████████████▋ | 99/100 [58:41<01:24, 84.63s/it]Train Epoch: 99/100     Average Training Loss: 0.022556 Accuracy: 49812/50000 (100%)
Test Loss: 1.753253, Test Accuracy: 0.7382
