Round 1, Subset 1, Test Acc: 0.1000	Class Acc: {0: 1.0, 1: 0.0, 2: 0.0, 3: 0.0, 4: 0.0, 5: 0.0, 6: 0.0, 7: 0.0, 8: 0.0, 9: 0.0}
Round 1, Subset 2, Test Acc: 0.1000	Class Acc: {0: 0.0, 1: 1.0, 2: 0.0, 3: 0.0, 4: 0.0, 5: 0.0, 6: 0.0, 7: 0.0, 8: 0.0, 9: 0.0}
Round 1, Subset 3, Test Acc: 0.1000	Class Acc: {0: 0.0, 1: 0.0, 2: 1.0, 3: 0.0, 4: 0.0, 5: 0.0, 6: 0.0, 7: 0.0, 8: 0.0, 9: 0.0}
Round 1, Subset 4, Test Acc: 0.1000	Class Acc: {0: 0.0, 1: 0.0, 2: 0.0, 3: 1.0, 4: 0.0, 5: 0.0, 6: 0.0, 7: 0.0, 8: 0.0, 9: 0.0}
Round 1, Subset 5, Test Acc: 0.1000	Class Acc: {0: 0.0, 1: 0.0, 2: 0.0, 3: 0.0, 4: 1.0, 5: 0.0, 6: 0.0, 7: 0.0, 8: 0.0, 9: 0.0}
Round 1, Subset 6, Test Acc: 0.1000	Class Acc: {0: 0.0, 1: 0.0, 2: 0.0, 3: 0.0, 4: 0.0, 5: 1.0, 6: 0.0, 7: 0.0, 8: 0.0, 9: 0.0}
Round 1, Subset 7, Test Acc: 0.1000	Class Acc: {0: 0.0, 1: 0.0, 2: 0.0, 3: 0.0, 4: 0.0, 5: 0.0, 6: 1.0, 7: 0.0, 8: 0.0, 9: 0.0}
Round 1, Subset 8, Test Acc: 0.1000	Class Acc: {0: 0.0, 1: 0.0, 2: 0.0, 3: 0.0, 4: 0.0, 5: 0.0, 6: 0.0, 7: 1.0, 8: 0.0, 9: 0.0}
Round 1, Subset 9, Test Acc: 0.1000	Class Acc: {0: 0.0, 1: 0.0, 2: 0.0, 3: 0.0, 4: 0.0, 5: 0.0, 6: 0.0, 7: 0.0, 8: 1.0, 9: 0.0}
Round 1, Subset 10, Test Acc: 0.1000	Class Acc: {0: 0.0, 1: 0.0, 2: 0.0, 3: 0.0, 4: 0.0, 5: 0.0, 6: 0.0, 7: 0.0, 8: 0.0, 9: 1.0}
Keys aggregated: {'layer1.0.bias', 'fc.bias', 'layer2.0.weight', 'layer2.0.bias', 'fc.weight', 'layer1.0.weight', 'layer3.0.bias', 'layer3.0.weight'}
Round 1, Aggregated Test Acc: 0.1757	Class Acc: {0: 0.007, 1: 0.409, 2: 0.086, 3: 0.004, 4: 0.363, 5: 0.015, 6: 0.317, 7: 0.106, 8: 0.244, 9: 0.206}
================================================================================
Round 2, Subset 1, Test Acc: 0.1000	Class Acc: {0: 1.0, 1: 0.0, 2: 0.0, 3: 0.0, 4: 0.0, 5: 0.0, 6: 0.0, 7: 0.0, 8: 0.0, 9: 0.0}
Round 2, Subset 2, Test Acc: 0.1000	Class Acc: {0: 0.0, 1: 1.0, 2: 0.0, 3: 0.0, 4: 0.0, 5: 0.0, 6: 0.0, 7: 0.0, 8: 0.0, 9: 0.0}
Round 2, Subset 3, Test Acc: 0.1000	Class Acc: {0: 0.0, 1: 0.0, 2: 1.0, 3: 0.0, 4: 0.0, 5: 0.0, 6: 0.0, 7: 0.0, 8: 0.0, 9: 0.0}
Round 2, Subset 4, Test Acc: 0.1000	Class Acc: {0: 0.0, 1: 0.0, 2: 0.0, 3: 1.0, 4: 0.0, 5: 0.0, 6: 0.0, 7: 0.0, 8: 0.0, 9: 0.0}
Round 2, Subset 5, Test Acc: 0.1000	Class Acc: {0: 0.0, 1: 0.0, 2: 0.0, 3: 0.0, 4: 1.0, 5: 0.0, 6: 0.0, 7: 0.0, 8: 0.0, 9: 0.0}
Round 2, Subset 6, Test Acc: 0.1000	Class Acc: {0: 0.0, 1: 0.0, 2: 0.0, 3: 0.0, 4: 0.0, 5: 1.0, 6: 0.0, 7: 0.0, 8: 0.0, 9: 0.0}
Round 2, Subset 7, Test Acc: 0.1000	Class Acc: {0: 0.0, 1: 0.0, 2: 0.0, 3: 0.0, 4: 0.0, 5: 0.0, 6: 1.0, 7: 0.0, 8: 0.0, 9: 0.0}
Round 2, Subset 8, Test Acc: 0.1000	Class Acc: {0: 0.0, 1: 0.0, 2: 0.0, 3: 0.0, 4: 0.0, 5: 0.0, 6: 0.0, 7: 1.0, 8: 0.0, 9: 0.0}
Round 2, Subset 9, Test Acc: 0.1000	Class Acc: {0: 0.0, 1: 0.0, 2: 0.0, 3: 0.0, 4: 0.0, 5: 0.0, 6: 0.0, 7: 0.0, 8: 1.0, 9: 0.0}
Round 2, Subset 10, Test Acc: 0.1000	Class Acc: {0: 0.0, 1: 0.0, 2: 0.0, 3: 0.0, 4: 0.0, 5: 0.0, 6: 0.0, 7: 0.0, 8: 0.0, 9: 1.0}
Keys aggregated: {'layer1.0.bias', 'fc.bias', 'layer2.0.weight', 'layer2.0.bias', 'fc.weight', 'layer1.0.weight', 'layer3.0.bias', 'layer3.0.weight'}
Round 2, Aggregated Test Acc: 0.2205	Class Acc: {0: 0.271, 1: 0.178, 2: 0.021, 3: 0.069, 4: 0.232, 5: 0.218, 6: 0.062, 7: 0.207, 8: 0.515, 9: 0.432}
================================================================================
Round 3, Subset 1, Test Acc: 0.1000	Class Acc: {0: 1.0, 1: 0.0, 2: 0.0, 3: 0.0, 4: 0.0, 5: 0.0, 6: 0.0, 7: 0.0, 8: 0.0, 9: 0.0}
Round 3, Subset 2, Test Acc: 0.1000	Class Acc: {0: 0.0, 1: 1.0, 2: 0.0, 3: 0.0, 4: 0.0, 5: 0.0, 6: 0.0, 7: 0.0, 8: 0.0, 9: 0.0}
Round 3, Subset 3, Test Acc: 0.1000	Class Acc: {0: 0.0, 1: 0.0, 2: 1.0, 3: 0.0, 4: 0.0, 5: 0.0, 6: 0.0, 7: 0.0, 8: 0.0, 9: 0.0}
Round 3, Subset 4, Test Acc: 0.1000	Class Acc: {0: 0.0, 1: 0.0, 2: 0.0, 3: 1.0, 4: 0.0, 5: 0.0, 6: 0.0, 7: 0.0, 8: 0.0, 9: 0.0}
Round 3, Subset 5, Test Acc: 0.1000	Class Acc: {0: 0.0, 1: 0.0, 2: 0.0, 3: 0.0, 4: 1.0, 5: 0.0, 6: 0.0, 7: 0.0, 8: 0.0, 9: 0.0}
Round 3, Subset 6, Test Acc: 0.1003	Class Acc: {0: 0.0, 1: 0.0, 2: 0.0, 3: 0.0, 4: 0.0, 5: 1.0, 6: 0.0, 7: 0.0, 8: 0.003, 9: 0.0}
Round 3, Subset 7, Test Acc: 0.1000	Class Acc: {0: 0.0, 1: 0.0, 2: 0.0, 3: 0.0, 4: 0.0, 5: 0.0, 6: 1.0, 7: 0.0, 8: 0.0, 9: 0.0}
Round 3, Subset 8, Test Acc: 0.1000	Class Acc: {0: 0.0, 1: 0.0, 2: 0.0, 3: 0.0, 4: 0.0, 5: 0.0, 6: 0.0, 7: 1.0, 8: 0.0, 9: 0.0}
Round 3, Subset 9, Test Acc: 0.1001	Class Acc: {0: 0.0, 1: 0.0, 2: 0.0, 3: 0.001, 4: 0.0, 5: 0.0, 6: 0.0, 7: 0.0, 8: 1.0, 9: 0.0}
Round 3, Subset 10, Test Acc: 0.1000	Class Acc: {0: 0.0, 1: 0.0, 2: 0.0, 3: 0.0, 4: 0.0, 5: 0.0, 6: 0.0, 7: 0.0, 8: 0.0, 9: 1.0}
Keys aggregated: {'layer1.0.bias', 'fc.bias', 'layer2.0.weight', 'layer2.0.bias', 'fc.weight', 'layer1.0.weight', 'layer3.0.bias', 'layer3.0.weight'}
Round 3, Aggregated Test Acc: 0.2637	Class Acc: {0: 0.566, 1: 0.31, 2: 0.084, 3: 0.186, 4: 0.32, 5: 0.264, 6: 0.153, 7: 0.118, 8: 0.407, 9: 0.229}
================================================================================
Round 4, Subset 1, Test Acc: 0.1000	Class Acc: {0: 1.0, 1: 0.0, 2: 0.0, 3: 0.0, 4: 0.0, 5: 0.0, 6: 0.0, 7: 0.0, 8: 0.0, 9: 0.0}
Round 4, Subset 2, Test Acc: 0.1000	Class Acc: {0: 0.0, 1: 1.0, 2: 0.0, 3: 0.0, 4: 0.0, 5: 0.0, 6: 0.0, 7: 0.0, 8: 0.0, 9: 0.0}
Round 4, Subset 3, Test Acc: 0.1000	Class Acc: {0: 0.0, 1: 0.0, 2: 1.0, 3: 0.0, 4: 0.0, 5: 0.0, 6: 0.0, 7: 0.0, 8: 0.0, 9: 0.0}
Round 4, Subset 4, Test Acc: 0.1018	Class Acc: {0: 0.004, 1: 0.0, 2: 0.0, 3: 1.0, 4: 0.0, 5: 0.0, 6: 0.0, 7: 0.0, 8: 0.014, 9: 0.0}
Round 4, Subset 5, Test Acc: 0.1008	Class Acc: {0: 0.0, 1: 0.0, 2: 0.0, 3: 0.0, 4: 1.0, 5: 0.0, 6: 0.0, 7: 0.0, 8: 0.008, 9: 0.0}
Round 4, Subset 6, Test Acc: 0.1038	Class Acc: {0: 0.0, 1: 0.0, 2: 0.0, 3: 0.0, 4: 0.0, 5: 1.0, 6: 0.0, 7: 0.0, 8: 0.038, 9: 0.0}
Round 4, Subset 7, Test Acc: 0.1495	Class Acc: {0: 0.103, 1: 0.0, 2: 0.0, 3: 0.0, 4: 0.0, 5: 0.0, 6: 0.999, 7: 0.0, 8: 0.393, 9: 0.0}
Round 4, Subset 8, Test Acc: 0.1014	Class Acc: {0: 0.0, 1: 0.0, 2: 0.0, 3: 0.0, 4: 0.0, 5: 0.0, 6: 0.0, 7: 1.0, 8: 0.014, 9: 0.0}
Round 4, Subset 9, Test Acc: 0.1040	Class Acc: {0: 0.0, 1: 0.0, 2: 0.0, 3: 0.022, 4: 0.0, 5: 0.0, 6: 0.019, 7: 0.0, 8: 0.999, 9: 0.0}
Round 4, Subset 10, Test Acc: 0.1001	Class Acc: {0: 0.0, 1: 0.0, 2: 0.0, 3: 0.0, 4: 0.001, 5: 0.0, 6: 0.0, 7: 0.0, 8: 0.0, 9: 1.0}
Keys aggregated: {'layer1.0.bias', 'fc.bias', 'layer2.0.weight', 'layer2.0.bias', 'fc.weight', 'layer1.0.weight', 'layer3.0.bias', 'layer3.0.weight'}
Round 4, Aggregated Test Acc: 0.2953	Class Acc: {0: 0.531, 1: 0.251, 2: 0.042, 3: 0.161, 4: 0.183, 5: 0.272, 6: 0.433, 7: 0.249, 8: 0.519, 9: 0.312}
================================================================================
Round 5, Subset 1, Test Acc: 0.1028	Class Acc: {0: 1.0, 1: 0.0, 2: 0.0, 3: 0.0, 4: 0.0, 5: 0.0, 6: 0.028, 7: 0.0, 8: 0.0, 9: 0.0}
Round 5, Subset 2, Test Acc: 0.1000	Class Acc: {0: 0.0, 1: 1.0, 2: 0.0, 3: 0.0, 4: 0.0, 5: 0.0, 6: 0.0, 7: 0.0, 8: 0.0, 9: 0.0}
Round 5, Subset 3, Test Acc: 0.1000	Class Acc: {0: 0.0, 1: 0.0, 2: 1.0, 3: 0.0, 4: 0.0, 5: 0.0, 6: 0.0, 7: 0.0, 8: 0.0, 9: 0.0}
Round 5, Subset 4, Test Acc: 0.1079	Class Acc: {0: 0.0, 1: 0.0, 2: 0.0, 3: 1.0, 4: 0.0, 5: 0.0, 6: 0.0, 7: 0.0, 8: 0.078, 9: 0.001}
Round 5, Subset 5, Test Acc: 0.1019	Class Acc: {0: 0.0, 1: 0.001, 2: 0.0, 3: 0.0, 4: 1.0, 5: 0.0, 6: 0.0, 7: 0.0, 8: 0.011, 9: 0.007}
Round 5, Subset 6, Test Acc: 0.1079	Class Acc: {0: 0.0, 1: 0.0, 2: 0.0, 3: 0.0, 4: 0.0, 5: 1.0, 6: 0.0, 7: 0.0, 8: 0.077, 9: 0.002}
Round 5, Subset 7, Test Acc: 0.1416	Class Acc: {0: 0.228, 1: 0.0, 2: 0.0, 3: 0.0, 4: 0.0, 5: 0.0, 6: 0.998, 7: 0.0, 8: 0.131, 9: 0.059}
Round 5, Subset 8, Test Acc: 0.1106	Class Acc: {0: 0.0, 1: 0.0, 2: 0.0, 3: 0.0, 4: 0.0, 5: 0.0, 6: 0.0, 7: 1.0, 8: 0.106, 9: 0.0}
Round 5, Subset 9, Test Acc: 0.1244	Class Acc: {0: 0.0, 1: 0.0, 2: 0.045, 3: 0.002, 4: 0.152, 5: 0.026, 6: 0.005, 7: 0.015, 8: 0.999, 9: 0.0}
Round 5, Subset 10, Test Acc: 0.1031	Class Acc: {0: 0.0, 1: 0.0, 2: 0.0, 3: 0.0, 4: 0.028, 5: 0.0, 6: 0.003, 7: 0.0, 8: 0.0, 9: 1.0}
Keys aggregated: {'layer1.0.bias', 'fc.bias', 'layer2.0.weight', 'layer2.0.bias', 'fc.weight', 'layer1.0.weight', 'layer3.0.bias', 'layer3.0.weight'}
Round 5, Aggregated Test Acc: 0.3229	Class Acc: {0: 0.501, 1: 0.352, 2: 0.132, 3: 0.067, 4: 0.437, 5: 0.3, 6: 0.312, 7: 0.289, 8: 0.486, 9: 0.353}
================================================================================
Round 6, Subset 1, Test Acc: 0.1003	Class Acc: {0: 1.0, 1: 0.0, 2: 0.0, 3: 0.0, 4: 0.0, 5: 0.001, 6: 0.002, 7: 0.0, 8: 0.0, 9: 0.0}
Round 6, Subset 2, Test Acc: 0.1012	Class Acc: {0: 0.0, 1: 1.0, 2: 0.0, 3: 0.0, 4: 0.012, 5: 0.0, 6: 0.0, 7: 0.0, 8: 0.0, 9: 0.0}
Round 6, Subset 3, Test Acc: 0.1000	Class Acc: {0: 0.0, 1: 0.0, 2: 1.0, 3: 0.0, 4: 0.0, 5: 0.0, 6: 0.0, 7: 0.0, 8: 0.0, 9: 0.0}
Round 6, Subset 4, Test Acc: 0.1290	Class Acc: {0: 0.079, 1: 0.0, 2: 0.0, 3: 0.999, 4: 0.0, 5: 0.0, 6: 0.0, 7: 0.0, 8: 0.201, 9: 0.011}
Round 6, Subset 5, Test Acc: 0.1157	Class Acc: {0: 0.0, 1: 0.001, 2: 0.0, 3: 0.0, 4: 0.999, 5: 0.0, 6: 0.0, 7: 0.0, 8: 0.148, 9: 0.009}
Round 6, Subset 6, Test Acc: 0.1409	Class Acc: {0: 0.152, 1: 0.018, 2: 0.0, 3: 0.0, 4: 0.0, 5: 0.998, 6: 0.0, 7: 0.0, 8: 0.119, 9: 0.122}
Round 6, Subset 7, Test Acc: 0.1651	Class Acc: {0: 0.131, 1: 0.053, 2: 0.0, 3: 0.0, 4: 0.0, 5: 0.0, 6: 0.998, 7: 0.005, 8: 0.389, 9: 0.075}
Round 6, Subset 8, Test Acc: 0.1156	Class Acc: {0: 0.001, 1: 0.001, 2: 0.0, 3: 0.0, 4: 0.0, 5: 0.0, 6: 0.0, 7: 1.0, 8: 0.144, 9: 0.01}
Round 6, Subset 9, Test Acc: 0.1616	Class Acc: {0: 0.0, 1: 0.0, 2: 0.004, 3: 0.083, 4: 0.117, 5: 0.001, 6: 0.371, 7: 0.048, 8: 0.992, 9: 0.0}
Round 6, Subset 10, Test Acc: 0.1112	Class Acc: {0: 0.0, 1: 0.0, 2: 0.0, 3: 0.006, 4: 0.101, 5: 0.006, 6: 0.0, 7: 0.0, 8: 0.0, 9: 0.999}
Keys aggregated: {'layer1.0.bias', 'fc.bias', 'layer2.0.weight', 'layer2.0.bias', 'fc.weight', 'layer1.0.weight', 'layer3.0.bias', 'layer3.0.weight'}
Round 6, Aggregated Test Acc: 0.3427	Class Acc: {0: 0.515, 1: 0.361, 2: 0.129, 3: 0.143, 4: 0.477, 5: 0.141, 6: 0.377, 7: 0.395, 8: 0.481, 9: 0.408}
================================================================================
Round 7, Subset 1, Test Acc: 0.1163	Class Acc: {0: 0.999, 1: 0.0, 2: 0.0, 3: 0.007, 4: 0.019, 5: 0.02, 6: 0.118, 7: 0.0, 8: 0.0, 9: 0.0}
Round 7, Subset 2, Test Acc: 0.1153	Class Acc: {0: 0.0, 1: 0.999, 2: 0.001, 3: 0.002, 4: 0.151, 5: 0.0, 6: 0.0, 7: 0.0, 8: 0.0, 9: 0.0}
Round 7, Subset 3, Test Acc: 0.1003	Class Acc: {0: 0.0, 1: 0.0, 2: 1.0, 3: 0.0, 4: 0.0, 5: 0.0, 6: 0.0, 7: 0.0, 8: 0.003, 9: 0.0}
Round 7, Subset 4, Test Acc: 0.1273	Class Acc: {0: 0.01, 1: 0.0, 2: 0.0, 3: 1.0, 4: 0.0, 5: 0.0, 6: 0.0, 7: 0.0, 8: 0.262, 9: 0.001}
Round 7, Subset 5, Test Acc: 0.1110	Class Acc: {0: 0.0, 1: 0.004, 2: 0.0, 3: 0.0, 4: 0.998, 5: 0.0, 6: 0.0, 7: 0.0, 8: 0.058, 9: 0.05}
Round 7, Subset 6, Test Acc: 0.1389	Class Acc: {0: 0.014, 1: 0.041, 2: 0.0, 3: 0.0, 4: 0.0, 5: 0.999, 6: 0.0, 7: 0.0, 8: 0.221, 9: 0.114}
Round 7, Subset 7, Test Acc: 0.1314	Class Acc: {0: 0.002, 1: 0.008, 2: 0.0, 3: 0.0, 4: 0.0, 5: 0.0, 6: 1.0, 7: 0.0, 8: 0.273, 9: 0.031}
Round 7, Subset 8, Test Acc: 0.1127	Class Acc: {0: 0.0, 1: 0.003, 2: 0.0, 3: 0.0, 4: 0.0, 5: 0.0, 6: 0.0, 7: 1.0, 8: 0.124, 9: 0.0}
Round 7, Subset 9, Test Acc: 0.1669	Class Acc: {0: 0.0, 1: 0.0, 2: 0.003, 3: 0.003, 4: 0.27, 5: 0.073, 6: 0.167, 7: 0.159, 8: 0.994, 9: 0.0}
Round 7, Subset 10, Test Acc: 0.1366	Class Acc: {0: 0.0, 1: 0.0, 2: 0.008, 3: 0.126, 4: 0.212, 5: 0.003, 6: 0.008, 7: 0.012, 8: 0.0, 9: 0.997}
Keys aggregated: {'layer1.0.bias', 'fc.bias', 'layer2.0.weight', 'layer2.0.bias', 'fc.weight', 'layer1.0.weight', 'layer3.0.bias', 'layer3.0.weight'}
Round 7, Aggregated Test Acc: 0.3496	Class Acc: {0: 0.433, 1: 0.38, 2: 0.088, 3: 0.204, 4: 0.495, 5: 0.175, 6: 0.466, 7: 0.368, 8: 0.496, 9: 0.391}
================================================================================
Round 8, Subset 1, Test Acc: 0.1008	Class Acc: {0: 1.0, 1: 0.0, 2: 0.0, 3: 0.0, 4: 0.0, 5: 0.0, 6: 0.008, 7: 0.0, 8: 0.0, 9: 0.0}
Round 8, Subset 2, Test Acc: 0.1303	Class Acc: {0: 0.0, 1: 1.0, 2: 0.133, 3: 0.007, 4: 0.112, 5: 0.0, 6: 0.029, 7: 0.022, 8: 0.0, 9: 0.0}
Round 8, Subset 3, Test Acc: 0.1023	Class Acc: {0: 0.009, 1: 0.002, 2: 1.0, 3: 0.0, 4: 0.0, 5: 0.0, 6: 0.0, 7: 0.0, 8: 0.012, 9: 0.0}
Round 8, Subset 4, Test Acc: 0.1314	Class Acc: {0: 0.131, 1: 0.0, 2: 0.0, 3: 0.999, 4: 0.0, 5: 0.0, 6: 0.0, 7: 0.0, 8: 0.145, 9: 0.039}
Round 8, Subset 5, Test Acc: 0.1055	Class Acc: {0: 0.0, 1: 0.0, 2: 0.0, 3: 0.0, 4: 1.0, 5: 0.0, 6: 0.0, 7: 0.0, 8: 0.015, 9: 0.04}
Round 8, Subset 6, Test Acc: 0.1409	Class Acc: {0: 0.065, 1: 0.017, 2: 0.0, 3: 0.0, 4: 0.0, 5: 0.999, 6: 0.0, 7: 0.0, 8: 0.318, 9: 0.01}
Round 8, Subset 7, Test Acc: 0.1551	Class Acc: {0: 0.108, 1: 0.062, 2: 0.0, 3: 0.0, 4: 0.0, 5: 0.0, 6: 0.998, 7: 0.0, 8: 0.286, 9: 0.097}
Round 8, Subset 8, Test Acc: 0.1182	Class Acc: {0: 0.009, 1: 0.004, 2: 0.0, 3: 0.0, 4: 0.0, 5: 0.0, 6: 0.0, 7: 1.0, 8: 0.15, 9: 0.019}
Round 8, Subset 9, Test Acc: 0.1474	Class Acc: {0: 0.0, 1: 0.0, 2: 0.004, 3: 0.016, 4: 0.362, 5: 0.008, 6: 0.012, 7: 0.074, 8: 0.998, 9: 0.0}
Round 8, Subset 10, Test Acc: 0.1571	Class Acc: {0: 0.008, 1: 0.0, 2: 0.015, 3: 0.046, 4: 0.442, 5: 0.021, 6: 0.002, 7: 0.04, 8: 0.0, 9: 0.997}
Keys aggregated: {'layer1.0.bias', 'fc.bias', 'layer2.0.weight', 'layer2.0.bias', 'fc.weight', 'layer1.0.weight', 'layer3.0.bias', 'layer3.0.weight'}
Round 8, Aggregated Test Acc: 0.3599	Class Acc: {0: 0.532, 1: 0.424, 2: 0.218, 3: 0.13, 4: 0.458, 5: 0.203, 6: 0.396, 7: 0.401, 8: 0.417, 9: 0.42}
================================================================================
Round 9, Subset 1, Test Acc: 0.1260	Class Acc: {0: 1.0, 1: 0.0, 2: 0.0, 3: 0.0, 4: 0.038, 5: 0.057, 6: 0.165, 7: 0.0, 8: 0.0, 9: 0.0}
Round 9, Subset 2, Test Acc: 0.1436	Class Acc: {0: 0.034, 1: 0.998, 2: 0.044, 3: 0.002, 4: 0.31, 5: 0.003, 6: 0.011, 7: 0.033, 8: 0.001, 9: 0.0}
Round 9, Subset 3, Test Acc: 0.1061	Class Acc: {0: 0.0, 1: 0.001, 2: 1.0, 3: 0.0, 4: 0.0, 5: 0.0, 6: 0.0, 7: 0.0, 8: 0.058, 9: 0.002}
Round 9, Subset 4, Test Acc: 0.1142	Class Acc: {0: 0.012, 1: 0.0, 2: 0.0, 3: 1.0, 4: 0.0, 5: 0.0, 6: 0.0, 7: 0.0, 8: 0.122, 9: 0.008}
Round 9, Subset 5, Test Acc: 0.1180	Class Acc: {0: 0.0, 1: 0.032, 2: 0.0, 3: 0.0, 4: 1.0, 5: 0.0, 6: 0.0, 7: 0.0, 8: 0.114, 9: 0.034}
Round 9, Subset 6, Test Acc: 0.1618	Class Acc: {0: 0.084, 1: 0.191, 2: 0.0, 3: 0.0, 4: 0.0, 5: 0.999, 6: 0.0, 7: 0.0, 8: 0.238, 9: 0.106}
Round 9, Subset 7, Test Acc: 0.1539	Class Acc: {0: 0.062, 1: 0.019, 2: 0.0, 3: 0.0, 4: 0.0, 5: 0.0, 6: 0.999, 7: 0.0, 8: 0.374, 9: 0.085}
Round 9, Subset 8, Test Acc: 0.1224	Class Acc: {0: 0.007, 1: 0.019, 2: 0.0, 3: 0.0, 4: 0.0, 5: 0.0, 6: 0.0, 7: 1.0, 8: 0.198, 9: 0.0}
Round 9, Subset 9, Test Acc: 0.1447	Class Acc: {0: 0.0, 1: 0.0, 2: 0.018, 3: 0.015, 4: 0.272, 5: 0.028, 6: 0.085, 7: 0.033, 8: 0.996, 9: 0.0}
Round 9, Subset 10, Test Acc: 0.1293	Class Acc: {0: 0.04, 1: 0.0, 2: 0.001, 3: 0.01, 4: 0.173, 5: 0.04, 6: 0.024, 7: 0.0, 8: 0.006, 9: 0.999}
Keys aggregated: {'layer1.0.bias', 'fc.bias', 'layer2.0.weight', 'layer2.0.bias', 'fc.weight', 'layer1.0.weight', 'layer3.0.bias', 'layer3.0.weight'}
Round 9, Aggregated Test Acc: 0.3719	Class Acc: {0: 0.469, 1: 0.457, 2: 0.129, 3: 0.105, 4: 0.461, 5: 0.284, 6: 0.499, 7: 0.373, 8: 0.514, 9: 0.428}
================================================================================
Round 10, Subset 1, Test Acc: 0.1299	Class Acc: {0: 0.999, 1: 0.0, 2: 0.003, 3: 0.0, 4: 0.099, 5: 0.064, 6: 0.122, 7: 0.012, 8: 0.0, 9: 0.0}
Round 10, Subset 2, Test Acc: 0.1428	Class Acc: {0: 0.055, 1: 0.999, 2: 0.177, 3: 0.005, 4: 0.129, 5: 0.021, 6: 0.006, 7: 0.034, 8: 0.002, 9: 0.0}
Round 10, Subset 3, Test Acc: 0.1072	Class Acc: {0: 0.0, 1: 0.025, 2: 0.999, 3: 0.0, 4: 0.0, 5: 0.0, 6: 0.0, 7: 0.0, 8: 0.043, 9: 0.005}
Round 10, Subset 4, Test Acc: 0.1310	Class Acc: {0: 0.037, 1: 0.0, 2: 0.0, 3: 1.0, 4: 0.0, 5: 0.0, 6: 0.0, 7: 0.0, 8: 0.243, 9: 0.03}
Round 10, Subset 5, Test Acc: 0.1411	Class Acc: {0: 0.0, 1: 0.215, 2: 0.0, 3: 0.0, 4: 0.995, 5: 0.0, 6: 0.0, 7: 0.0, 8: 0.079, 9: 0.122}
Round 10, Subset 6, Test Acc: 0.1633	Class Acc: {0: 0.104, 1: 0.042, 2: 0.0, 3: 0.0, 4: 0.0, 5: 0.999, 6: 0.0, 7: 0.0, 8: 0.25, 9: 0.238}
Round 10, Subset 7, Test Acc: 0.1397	Class Acc: {0: 0.08, 1: 0.013, 2: 0.0, 3: 0.0, 4: 0.0, 5: 0.0, 6: 0.999, 7: 0.0, 8: 0.276, 9: 0.029}
Round 10, Subset 8, Test Acc: 0.1494	Class Acc: {0: 0.034, 1: 0.03, 2: 0.0, 3: 0.0, 4: 0.0, 5: 0.0, 6: 0.0, 7: 0.995, 8: 0.402, 9: 0.033}
Round 10, Subset 9, Test Acc: 0.1580	Class Acc: {0: 0.0, 1: 0.0, 2: 0.009, 3: 0.002, 4: 0.282, 5: 0.008, 6: 0.211, 7: 0.071, 8: 0.997, 9: 0.0}
Round 10, Subset 10, Test Acc: 0.1546	Class Acc: {0: 0.071, 1: 0.0, 2: 0.035, 3: 0.019, 4: 0.265, 5: 0.094, 6: 0.034, 7: 0.009, 8: 0.02, 9: 0.999}
Keys aggregated: {'layer1.0.bias', 'fc.bias', 'layer2.0.weight', 'layer2.0.bias', 'fc.weight', 'layer1.0.weight', 'layer3.0.bias', 'layer3.0.weight'}
Round 10, Aggregated Test Acc: 0.3783	Class Acc: {0: 0.464, 1: 0.501, 2: 0.198, 3: 0.115, 4: 0.36, 5: 0.289, 6: 0.473, 7: 0.434, 8: 0.477, 9: 0.472}
================================================================================
Round 11, Subset 1, Test Acc: 0.1172	Class Acc: {0: 1.0, 1: 0.002, 2: 0.01, 3: 0.012, 4: 0.007, 5: 0.027, 6: 0.103, 7: 0.01, 8: 0.0, 9: 0.001}
Round 11, Subset 2, Test Acc: 0.1734	Class Acc: {0: 0.042, 1: 0.995, 2: 0.122, 3: 0.006, 4: 0.411, 5: 0.001, 6: 0.011, 7: 0.137, 8: 0.009, 9: 0.0}
Round 11, Subset 3, Test Acc: 0.1224	Class Acc: {0: 0.001, 1: 0.033, 2: 0.998, 3: 0.0, 4: 0.0, 5: 0.0, 6: 0.0, 7: 0.0, 8: 0.121, 9: 0.071}
Round 11, Subset 4, Test Acc: 0.1441	Class Acc: {0: 0.149, 1: 0.003, 2: 0.0, 3: 1.0, 4: 0.0, 5: 0.0, 6: 0.0, 7: 0.0, 8: 0.168, 9: 0.121}
Round 11, Subset 5, Test Acc: 0.1446	Class Acc: {0: 0.0, 1: 0.103, 2: 0.0, 3: 0.0, 4: 0.996, 5: 0.0, 6: 0.0, 7: 0.0, 8: 0.238, 9: 0.109}
Round 11, Subset 6, Test Acc: 0.1713	Class Acc: {0: 0.093, 1: 0.078, 2: 0.0, 3: 0.0, 4: 0.0, 5: 0.999, 6: 0.0, 7: 0.0, 8: 0.259, 9: 0.284}
Round 11, Subset 7, Test Acc: 0.1765	Class Acc: {0: 0.267, 1: 0.041, 2: 0.0, 3: 0.0, 4: 0.0, 5: 0.0, 6: 0.998, 7: 0.016, 8: 0.361, 9: 0.082}
Round 11, Subset 8, Test Acc: 0.1563	Class Acc: {0: 0.027, 1: 0.148, 2: 0.0, 3: 0.0, 4: 0.0, 5: 0.0, 6: 0.0, 7: 0.995, 8: 0.289, 9: 0.104}
Round 11, Subset 9, Test Acc: 0.1893	Class Acc: {0: 0.0, 1: 0.0, 2: 0.019, 3: 0.022, 4: 0.25, 5: 0.043, 6: 0.429, 7: 0.137, 8: 0.993, 9: 0.0}
Round 11, Subset 10, Test Acc: 0.1573	Class Acc: {0: 0.086, 1: 0.0, 2: 0.069, 3: 0.059, 4: 0.273, 5: 0.029, 6: 0.005, 7: 0.043, 8: 0.01, 9: 0.999}
Keys aggregated: {'layer1.0.bias', 'fc.bias', 'layer2.0.weight', 'layer2.0.bias', 'fc.weight', 'layer1.0.weight', 'layer3.0.bias', 'layer3.0.weight'}
Round 11, Aggregated Test Acc: 0.3806	Class Acc: {0: 0.467, 1: 0.468, 2: 0.265, 3: 0.153, 4: 0.308, 5: 0.203, 6: 0.46, 7: 0.473, 8: 0.494, 9: 0.515}
================================================================================
Round 12, Subset 1, Test Acc: 0.1246	Class Acc: {0: 1.0, 1: 0.0, 2: 0.004, 3: 0.004, 4: 0.096, 5: 0.008, 6: 0.127, 7: 0.004, 8: 0.0, 9: 0.003}
Round 12, Subset 2, Test Acc: 0.1695	Class Acc: {0: 0.075, 1: 0.998, 2: 0.215, 3: 0.045, 4: 0.219, 5: 0.03, 6: 0.002, 7: 0.108, 8: 0.003, 9: 0.0}
Round 12, Subset 3, Test Acc: 0.1110	Class Acc: {0: 0.005, 1: 0.026, 2: 1.0, 3: 0.0, 4: 0.0, 5: 0.0, 6: 0.0, 7: 0.0, 8: 0.072, 9: 0.007}
Round 12, Subset 4, Test Acc: 0.1371	Class Acc: {0: 0.054, 1: 0.015, 2: 0.0, 3: 1.0, 4: 0.0, 5: 0.0, 6: 0.0, 7: 0.0, 8: 0.214, 9: 0.088}
Round 12, Subset 5, Test Acc: 0.1283	Class Acc: {0: 0.0, 1: 0.034, 2: 0.0, 3: 0.0, 4: 0.998, 5: 0.0, 6: 0.0, 7: 0.0, 8: 0.186, 9: 0.065}
Round 12, Subset 6, Test Acc: 0.1613	Class Acc: {0: 0.125, 1: 0.125, 2: 0.0, 3: 0.0, 4: 0.0, 5: 0.999, 6: 0.0, 7: 0.0, 8: 0.202, 9: 0.162}
Round 12, Subset 7, Test Acc: 0.1940	Class Acc: {0: 0.225, 1: 0.042, 2: 0.0, 3: 0.0, 4: 0.0, 5: 0.0, 6: 0.997, 7: 0.017, 8: 0.435, 9: 0.224}
Round 12, Subset 8, Test Acc: 0.1369	Class Acc: {0: 0.028, 1: 0.097, 2: 0.0, 3: 0.0, 4: 0.0, 5: 0.0, 6: 0.0, 7: 0.999, 8: 0.219, 9: 0.026}
Round 12, Subset 9, Test Acc: 0.1745	Class Acc: {0: 0.0, 1: 0.0, 2: 0.202, 3: 0.012, 4: 0.218, 5: 0.085, 6: 0.096, 7: 0.135, 8: 0.997, 9: 0.0}
Round 12, Subset 10, Test Acc: 0.1641	Class Acc: {0: 0.096, 1: 0.0, 2: 0.008, 3: 0.018, 4: 0.298, 5: 0.076, 6: 0.033, 7: 0.063, 8: 0.049, 9: 1.0}
Keys aggregated: {'layer1.0.bias', 'fc.bias', 'layer2.0.weight', 'layer2.0.bias', 'fc.weight', 'layer1.0.weight', 'layer3.0.bias', 'layer3.0.weight'}
Round 12, Aggregated Test Acc: 0.3901	Class Acc: {0: 0.461, 1: 0.516, 2: 0.236, 3: 0.145, 4: 0.375, 5: 0.274, 6: 0.444, 7: 0.444, 8: 0.51, 9: 0.496}
================================================================================
Round 13, Subset 1, Test Acc: 0.1043	Class Acc: {0: 1.0, 1: 0.001, 2: 0.0, 3: 0.005, 4: 0.003, 5: 0.004, 6: 0.02, 7: 0.009, 8: 0.0, 9: 0.001}
Round 13, Subset 2, Test Acc: 0.1706	Class Acc: {0: 0.092, 1: 0.999, 2: 0.299, 3: 0.026, 4: 0.103, 5: 0.047, 6: 0.054, 7: 0.076, 8: 0.01, 9: 0.0}
Round 13, Subset 3, Test Acc: 0.1084	Class Acc: {0: 0.001, 1: 0.027, 2: 0.999, 3: 0.0, 4: 0.0, 5: 0.0, 6: 0.0, 7: 0.0, 8: 0.035, 9: 0.022}
Round 13, Subset 4, Test Acc: 0.1413	Class Acc: {0: 0.091, 1: 0.014, 2: 0.0, 3: 0.999, 4: 0.0, 5: 0.0, 6: 0.0, 7: 0.0, 8: 0.255, 9: 0.054}
Round 13, Subset 5, Test Acc: 0.1107	Class Acc: {0: 0.0, 1: 0.007, 2: 0.0, 3: 0.0, 4: 1.0, 5: 0.0, 6: 0.0, 7: 0.0, 8: 0.041, 9: 0.059}
Round 13, Subset 6, Test Acc: 0.1372	Class Acc: {0: 0.085, 1: 0.011, 2: 0.0, 3: 0.0, 4: 0.0, 5: 0.999, 6: 0.0, 7: 0.0, 8: 0.208, 9: 0.069}
Round 13, Subset 7, Test Acc: 0.1676	Class Acc: {0: 0.149, 1: 0.02, 2: 0.0, 3: 0.0, 4: 0.0, 5: 0.0, 6: 0.998, 7: 0.012, 8: 0.327, 9: 0.17}
Round 13, Subset 8, Test Acc: 0.1469	Class Acc: {0: 0.172, 1: 0.073, 2: 0.0, 3: 0.0, 4: 0.0, 5: 0.0, 6: 0.0, 7: 0.997, 8: 0.216, 9: 0.011}
Round 13, Subset 9, Test Acc: 0.1520	Class Acc: {0: 0.0, 1: 0.0, 2: 0.069, 3: 0.026, 4: 0.204, 5: 0.044, 6: 0.049, 7: 0.129, 8: 0.999, 9: 0.0}
Round 13, Subset 10, Test Acc: 0.1757	Class Acc: {0: 0.142, 1: 0.0, 2: 0.077, 3: 0.012, 4: 0.296, 5: 0.09, 6: 0.016, 7: 0.059, 8: 0.066, 9: 0.999}
Keys aggregated: {'layer1.0.bias', 'fc.bias', 'layer2.0.weight', 'layer2.0.bias', 'fc.weight', 'layer1.0.weight', 'layer3.0.bias', 'layer3.0.weight'}
Round 13, Aggregated Test Acc: 0.3921	Class Acc: {0: 0.508, 1: 0.465, 2: 0.267, 3: 0.154, 4: 0.316, 5: 0.315, 6: 0.428, 7: 0.468, 8: 0.487, 9: 0.513}
================================================================================
Round 14, Subset 1, Test Acc: 0.1467	Class Acc: {0: 0.991, 1: 0.004, 2: 0.009, 3: 0.004, 4: 0.052, 5: 0.044, 6: 0.302, 7: 0.06, 8: 0.0, 9: 0.001}
Round 14, Subset 2, Test Acc: 0.1712	Class Acc: {0: 0.037, 1: 0.998, 2: 0.12, 3: 0.019, 4: 0.205, 5: 0.155, 6: 0.013, 7: 0.134, 8: 0.031, 9: 0.0}
Round 14, Subset 3, Test Acc: 0.1148	Class Acc: {0: 0.001, 1: 0.067, 2: 1.0, 3: 0.0, 4: 0.0, 5: 0.0, 6: 0.0, 7: 0.0, 8: 0.044, 9: 0.036}
Round 14, Subset 4, Test Acc: 0.1271	Class Acc: {0: 0.041, 1: 0.054, 2: 0.0, 3: 1.0, 4: 0.0, 5: 0.0, 6: 0.0, 7: 0.0, 8: 0.067, 9: 0.109}
Round 14, Subset 5, Test Acc: 0.1331	Class Acc: {0: 0.0, 1: 0.065, 2: 0.0, 3: 0.0, 4: 0.997, 5: 0.0, 6: 0.0, 7: 0.0, 8: 0.074, 9: 0.195}
Round 14, Subset 6, Test Acc: 0.1497	Class Acc: {0: 0.241, 1: 0.008, 2: 0.0, 3: 0.0, 4: 0.0, 5: 0.999, 6: 0.0, 7: 0.0, 8: 0.19, 9: 0.059}
Round 14, Subset 7, Test Acc: 0.1718	Class Acc: {0: 0.134, 1: 0.038, 2: 0.0, 3: 0.0, 4: 0.0, 5: 0.0, 6: 0.998, 7: 0.012, 8: 0.376, 9: 0.16}
Round 14, Subset 8, Test Acc: 0.1530	Class Acc: {0: 0.201, 1: 0.022, 2: 0.0, 3: 0.001, 4: 0.0, 5: 0.0, 6: 0.0, 7: 0.996, 8: 0.308, 9: 0.002}
Round 14, Subset 9, Test Acc: 0.1522	Class Acc: {0: 0.0, 1: 0.001, 2: 0.179, 3: 0.083, 4: 0.103, 5: 0.005, 6: 0.048, 7: 0.104, 8: 0.999, 9: 0.0}
Round 14, Subset 10, Test Acc: 0.1881	Class Acc: {0: 0.145, 1: 0.0, 2: 0.085, 3: 0.062, 4: 0.335, 5: 0.155, 6: 0.015, 7: 0.061, 8: 0.025, 9: 0.998}
Keys aggregated: {'layer1.0.bias', 'fc.bias', 'layer2.0.weight', 'layer2.0.bias', 'fc.weight', 'layer1.0.weight', 'layer3.0.bias', 'layer3.0.weight'}
Round 14, Aggregated Test Acc: 0.3969	Class Acc: {0: 0.468, 1: 0.492, 2: 0.273, 3: 0.174, 4: 0.339, 5: 0.315, 6: 0.445, 7: 0.455, 8: 0.501, 9: 0.507}
================================================================================
Round 15, Subset 1, Test Acc: 0.1232	Class Acc: {0: 1.0, 1: 0.006, 2: 0.023, 3: 0.027, 4: 0.007, 5: 0.091, 6: 0.063, 7: 0.015, 8: 0.0, 9: 0.0}
Round 15, Subset 2, Test Acc: 0.1693	Class Acc: {0: 0.046, 1: 0.998, 2: 0.13, 3: 0.025, 4: 0.282, 5: 0.066, 6: 0.021, 7: 0.115, 8: 0.01, 9: 0.0}
Round 15, Subset 3, Test Acc: 0.1218	Class Acc: {0: 0.005, 1: 0.078, 2: 1.0, 3: 0.0, 4: 0.0, 5: 0.0, 6: 0.0, 7: 0.0, 8: 0.071, 9: 0.064}
Round 15, Subset 4, Test Acc: 0.1549	Class Acc: {0: 0.093, 1: 0.057, 2: 0.0, 3: 0.999, 4: 0.0, 5: 0.0, 6: 0.0, 7: 0.0, 8: 0.286, 9: 0.114}
Round 15, Subset 5, Test Acc: 0.1345	Class Acc: {0: 0.001, 1: 0.034, 2: 0.0, 3: 0.0, 4: 0.998, 5: 0.0, 6: 0.0, 7: 0.0, 8: 0.185, 9: 0.127}
Round 15, Subset 6, Test Acc: 0.1808	Class Acc: {0: 0.166, 1: 0.174, 2: 0.0, 3: 0.0, 4: 0.0, 5: 0.999, 6: 0.0, 7: 0.0, 8: 0.271, 9: 0.198}
Round 15, Subset 7, Test Acc: 0.1872	Class Acc: {0: 0.266, 1: 0.049, 2: 0.001, 3: 0.0, 4: 0.0, 5: 0.0, 6: 0.998, 7: 0.046, 8: 0.329, 9: 0.183}
Round 15, Subset 8, Test Acc: 0.1576	Class Acc: {0: 0.054, 1: 0.131, 2: 0.0, 3: 0.0, 4: 0.0, 5: 0.0, 6: 0.0, 7: 0.997, 8: 0.357, 9: 0.037}
Round 15, Subset 9, Test Acc: 0.1672	Class Acc: {0: 0.0, 1: 0.003, 2: 0.134, 3: 0.027, 4: 0.174, 5: 0.053, 6: 0.124, 7: 0.158, 8: 0.999, 9: 0.0}
Round 15, Subset 10, Test Acc: 0.1836	Class Acc: {0: 0.14, 1: 0.0, 2: 0.173, 3: 0.042, 4: 0.151, 5: 0.183, 6: 0.059, 7: 0.082, 8: 0.007, 9: 0.999}
Keys aggregated: {'layer1.0.bias', 'fc.bias', 'layer2.0.weight', 'layer2.0.bias', 'fc.weight', 'layer1.0.weight', 'layer3.0.bias', 'layer3.0.weight'}
Round 15, Aggregated Test Acc: 0.3994	Class Acc: {0: 0.459, 1: 0.529, 2: 0.291, 3: 0.157, 4: 0.294, 5: 0.315, 6: 0.451, 7: 0.465, 8: 0.535, 9: 0.498}
================================================================================
Round 16, Subset 1, Test Acc: 0.1468	Class Acc: {0: 0.996, 1: 0.008, 2: 0.046, 3: 0.023, 4: 0.011, 5: 0.081, 6: 0.243, 7: 0.054, 8: 0.0, 9: 0.006}
Round 16, Subset 2, Test Acc: 0.2029	Class Acc: {0: 0.161, 1: 0.994, 2: 0.158, 3: 0.035, 4: 0.335, 5: 0.065, 6: 0.135, 7: 0.112, 8: 0.034, 9: 0.0}
Round 16, Subset 3, Test Acc: 0.1140	Class Acc: {0: 0.0, 1: 0.008, 2: 0.999, 3: 0.0, 4: 0.0, 5: 0.0, 6: 0.0, 7: 0.002, 8: 0.08, 9: 0.051}
Round 16, Subset 4, Test Acc: 0.1297	Class Acc: {0: 0.056, 1: 0.011, 2: 0.0, 3: 1.0, 4: 0.0, 5: 0.0, 6: 0.0, 7: 0.0, 8: 0.225, 9: 0.005}
Round 16, Subset 5, Test Acc: 0.1392	Class Acc: {0: 0.001, 1: 0.104, 2: 0.0, 3: 0.0, 4: 0.998, 5: 0.0, 6: 0.0, 7: 0.0, 8: 0.165, 9: 0.124}
Round 16, Subset 6, Test Acc: 0.1662	Class Acc: {0: 0.248, 1: 0.002, 2: 0.0, 3: 0.0, 4: 0.0, 5: 0.999, 6: 0.0, 7: 0.0, 8: 0.206, 9: 0.207}
Round 16, Subset 7, Test Acc: 0.1883	Class Acc: {0: 0.303, 1: 0.076, 2: 0.001, 3: 0.0, 4: 0.0, 5: 0.0, 6: 0.998, 7: 0.006, 8: 0.422, 9: 0.077}
Round 16, Subset 8, Test Acc: 0.1640	Class Acc: {0: 0.106, 1: 0.169, 2: 0.0, 3: 0.0, 4: 0.0, 5: 0.0, 6: 0.0, 7: 0.998, 8: 0.348, 9: 0.019}
Round 16, Subset 9, Test Acc: 0.1913	Class Acc: {0: 0.0, 1: 0.0, 2: 0.036, 3: 0.02, 4: 0.353, 5: 0.016, 6: 0.269, 7: 0.225, 8: 0.994, 9: 0.0}
Round 16, Subset 10, Test Acc: 0.1883	Class Acc: {0: 0.134, 1: 0.0, 2: 0.174, 3: 0.042, 4: 0.238, 5: 0.063, 6: 0.094, 7: 0.089, 8: 0.053, 9: 0.996}
Keys aggregated: {'layer1.0.bias', 'fc.bias', 'layer2.0.weight', 'layer2.0.bias', 'fc.weight', 'layer1.0.weight', 'layer3.0.bias', 'layer3.0.weight'}
Round 16, Aggregated Test Acc: 0.3984	Class Acc: {0: 0.49, 1: 0.477, 2: 0.271, 3: 0.138, 4: 0.325, 5: 0.264, 6: 0.523, 7: 0.478, 8: 0.554, 9: 0.464}
================================================================================
Round 17, Subset 1, Test Acc: 0.1344	Class Acc: {0: 1.0, 1: 0.007, 2: 0.063, 3: 0.002, 4: 0.013, 5: 0.097, 6: 0.114, 7: 0.048, 8: 0.0, 9: 0.0}
Round 17, Subset 2, Test Acc: 0.1752	Class Acc: {0: 0.158, 1: 0.999, 2: 0.131, 3: 0.027, 4: 0.213, 5: 0.105, 6: 0.011, 7: 0.091, 8: 0.017, 9: 0.0}
Round 17, Subset 3, Test Acc: 0.1229	Class Acc: {0: 0.0, 1: 0.112, 2: 0.999, 3: 0.0, 4: 0.0, 5: 0.0, 6: 0.0, 7: 0.0, 8: 0.081, 9: 0.037}
Round 17, Subset 4, Test Acc: 0.1338	Class Acc: {0: 0.113, 1: 0.015, 2: 0.0, 3: 1.0, 4: 0.0, 5: 0.0, 6: 0.0, 7: 0.0, 8: 0.148, 9: 0.062}
Round 17, Subset 5, Test Acc: 0.1530	Class Acc: {0: 0.0, 1: 0.217, 2: 0.0, 3: 0.0, 4: 0.998, 5: 0.0, 6: 0.0, 7: 0.0, 8: 0.212, 9: 0.103}
Round 17, Subset 6, Test Acc: 0.1966	Class Acc: {0: 0.316, 1: 0.228, 2: 0.0, 3: 0.0, 4: 0.0, 5: 0.996, 6: 0.0, 7: 0.0, 8: 0.224, 9: 0.202}
Round 17, Subset 7, Test Acc: 0.2065	Class Acc: {0: 0.254, 1: 0.102, 2: 0.0, 3: 0.0, 4: 0.0, 5: 0.0, 6: 0.997, 7: 0.046, 8: 0.418, 9: 0.248}
Round 17, Subset 8, Test Acc: 0.1614	Class Acc: {0: 0.059, 1: 0.159, 2: 0.0, 3: 0.0, 4: 0.0, 5: 0.0, 6: 0.001, 7: 0.997, 8: 0.272, 9: 0.126}
Round 17, Subset 9, Test Acc: 0.1775	Class Acc: {0: 0.0, 1: 0.001, 2: 0.069, 3: 0.03, 4: 0.263, 5: 0.046, 6: 0.244, 7: 0.124, 8: 0.998, 9: 0.0}
Round 17, Subset 10, Test Acc: 0.1981	Class Acc: {0: 0.112, 1: 0.0, 2: 0.136, 3: 0.036, 4: 0.323, 5: 0.17, 6: 0.099, 7: 0.065, 8: 0.042, 9: 0.998}
Keys aggregated: {'layer1.0.bias', 'fc.bias', 'layer2.0.weight', 'layer2.0.bias', 'fc.weight', 'layer1.0.weight', 'layer3.0.bias', 'layer3.0.weight'}
Round 17, Aggregated Test Acc: 0.4030	Class Acc: {0: 0.469, 1: 0.565, 2: 0.313, 3: 0.123, 4: 0.311, 5: 0.335, 6: 0.46, 7: 0.47, 8: 0.491, 9: 0.493}
================================================================================
Round 18, Subset 1, Test Acc: 0.1335	Class Acc: {0: 1.0, 1: 0.008, 2: 0.006, 3: 0.012, 4: 0.125, 5: 0.09, 6: 0.067, 7: 0.016, 8: 0.0, 9: 0.011}
Round 18, Subset 2, Test Acc: 0.1959	Class Acc: {0: 0.102, 1: 0.997, 2: 0.131, 3: 0.055, 4: 0.37, 5: 0.081, 6: 0.119, 7: 0.09, 8: 0.014, 9: 0.0}
Round 18, Subset 3, Test Acc: 0.1194	Class Acc: {0: 0.0, 1: 0.091, 2: 1.0, 3: 0.0, 4: 0.0, 5: 0.0, 6: 0.0, 7: 0.0, 8: 0.074, 9: 0.029}
Round 18, Subset 4, Test Acc: 0.1577	Class Acc: {0: 0.155, 1: 0.115, 2: 0.0, 3: 0.999, 4: 0.0, 5: 0.0, 6: 0.0, 7: 0.0, 8: 0.148, 9: 0.16}
Round 18, Subset 5, Test Acc: 0.1400	Class Acc: {0: 0.002, 1: 0.159, 2: 0.0, 3: 0.0, 4: 0.998, 5: 0.0, 6: 0.0, 7: 0.0, 8: 0.147, 9: 0.094}
Round 18, Subset 6, Test Acc: 0.1468	Class Acc: {0: 0.243, 1: 0.035, 2: 0.0, 3: 0.0, 4: 0.0, 5: 1.0, 6: 0.0, 7: 0.0, 8: 0.11, 9: 0.08}
Round 18, Subset 7, Test Acc: 0.2090	Class Acc: {0: 0.378, 1: 0.045, 2: 0.002, 3: 0.0, 4: 0.0, 5: 0.0, 6: 0.995, 7: 0.04, 8: 0.422, 9: 0.208}
Round 18, Subset 8, Test Acc: 0.1716	Class Acc: {0: 0.214, 1: 0.191, 2: 0.0, 3: 0.0, 4: 0.0, 5: 0.0, 6: 0.0, 7: 0.999, 8: 0.281, 9: 0.031}
Round 18, Subset 9, Test Acc: 0.1936	Class Acc: {0: 0.0, 1: 0.001, 2: 0.167, 3: 0.005, 4: 0.168, 5: 0.102, 6: 0.326, 7: 0.171, 8: 0.996, 9: 0.0}
Round 18, Subset 10, Test Acc: 0.2000	Class Acc: {0: 0.202, 1: 0.0, 2: 0.102, 3: 0.051, 4: 0.303, 5: 0.144, 6: 0.089, 7: 0.064, 8: 0.047, 9: 0.998}
Keys aggregated: {'layer1.0.bias', 'fc.bias', 'layer2.0.weight', 'layer2.0.bias', 'fc.weight', 'layer1.0.weight', 'layer3.0.bias', 'layer3.0.weight'}
Round 18, Aggregated Test Acc: 0.4057	Class Acc: {0: 0.498, 1: 0.588, 2: 0.239, 3: 0.137, 4: 0.402, 5: 0.334, 6: 0.487, 7: 0.433, 8: 0.473, 9: 0.466}
================================================================================
Round 19, Subset 1, Test Acc: 0.1345	Class Acc: {0: 0.999, 1: 0.005, 2: 0.008, 3: 0.014, 4: 0.091, 5: 0.047, 6: 0.159, 7: 0.02, 8: 0.0, 9: 0.002}
Round 19, Subset 2, Test Acc: 0.1949	Class Acc: {0: 0.178, 1: 0.998, 2: 0.262, 3: 0.08, 4: 0.054, 5: 0.083, 6: 0.108, 7: 0.144, 8: 0.042, 9: 0.0}
Round 19, Subset 3, Test Acc: 0.1302	Class Acc: {0: 0.007, 1: 0.121, 2: 0.999, 3: 0.0, 4: 0.0, 5: 0.0, 6: 0.0, 7: 0.002, 8: 0.031, 9: 0.142}
Round 19, Subset 4, Test Acc: 0.1183	Class Acc: {0: 0.037, 1: 0.032, 2: 0.0, 3: 1.0, 4: 0.0, 5: 0.0, 6: 0.0, 7: 0.0, 8: 0.072, 9: 0.042}
Round 19, Subset 5, Test Acc: 0.1333	Class Acc: {0: 0.002, 1: 0.141, 2: 0.0, 3: 0.0, 4: 0.998, 5: 0.0, 6: 0.0, 7: 0.0, 8: 0.044, 9: 0.148}
Round 19, Subset 6, Test Acc: 0.1799	Class Acc: {0: 0.141, 1: 0.061, 2: 0.0, 3: 0.0, 4: 0.0, 5: 0.999, 6: 0.0, 7: 0.0, 8: 0.268, 9: 0.33}
Round 19, Subset 7, Test Acc: 0.1852	Class Acc: {0: 0.19, 1: 0.034, 2: 0.002, 3: 0.0, 4: 0.0, 5: 0.0, 6: 0.999, 7: 0.018, 8: 0.352, 9: 0.257}
Round 19, Subset 8, Test Acc: 0.1448	Class Acc: {0: 0.118, 1: 0.111, 2: 0.0, 3: 0.0, 4: 0.0, 5: 0.0, 6: 0.002, 7: 1.0, 8: 0.209, 9: 0.008}
Round 19, Subset 9, Test Acc: 0.1955	Class Acc: {0: 0.0, 1: 0.003, 2: 0.035, 3: 0.043, 4: 0.203, 5: 0.182, 6: 0.287, 7: 0.206, 8: 0.996, 9: 0.0}
Round 19, Subset 10, Test Acc: 0.1704	Class Acc: {0: 0.17, 1: 0.0, 2: 0.126, 3: 0.086, 4: 0.089, 5: 0.06, 6: 0.051, 7: 0.067, 8: 0.055, 9: 1.0}
Keys aggregated: {'layer1.0.bias', 'fc.bias', 'layer2.0.weight', 'layer2.0.bias', 'fc.weight', 'layer1.0.weight', 'layer3.0.bias', 'layer3.0.weight'}
Round 19, Aggregated Test Acc: 0.4083	Class Acc: {0: 0.493, 1: 0.559, 2: 0.261, 3: 0.181, 4: 0.298, 5: 0.295, 6: 0.504, 7: 0.475, 8: 0.468, 9: 0.549}
================================================================================
Round 20, Subset 1, Test Acc: 0.1227	Class Acc: {0: 0.999, 1: 0.002, 2: 0.003, 3: 0.01, 4: 0.054, 5: 0.016, 6: 0.123, 7: 0.016, 8: 0.0, 9: 0.004}
Round 20, Subset 2, Test Acc: 0.2142	Class Acc: {0: 0.149, 1: 0.996, 2: 0.167, 3: 0.118, 4: 0.303, 5: 0.149, 6: 0.068, 7: 0.162, 8: 0.03, 9: 0.0}
Round 20, Subset 3, Test Acc: 0.1141	Class Acc: {0: 0.002, 1: 0.035, 2: 1.0, 3: 0.0, 4: 0.0, 5: 0.0, 6: 0.0, 7: 0.003, 8: 0.042, 9: 0.059}
Round 20, Subset 4, Test Acc: 0.1487	Class Acc: {0: 0.046, 1: 0.063, 2: 0.0, 3: 0.999, 4: 0.0, 5: 0.0, 6: 0.0, 7: 0.0, 8: 0.231, 9: 0.148}
Round 20, Subset 5, Test Acc: 0.1155	Class Acc: {0: 0.001, 1: 0.018, 2: 0.0, 3: 0.0, 4: 0.999, 5: 0.0, 6: 0.0, 7: 0.0, 8: 0.067, 9: 0.07}
Round 20, Subset 6, Test Acc: 0.1875	Class Acc: {0: 0.157, 1: 0.191, 2: 0.0, 3: 0.0, 4: 0.0, 5: 0.997, 6: 0.0, 7: 0.0, 8: 0.377, 9: 0.153}
Round 20, Subset 7, Test Acc: 0.2333	Class Acc: {0: 0.305, 1: 0.303, 2: 0.001, 3: 0.0, 4: 0.0, 5: 0.0, 6: 0.995, 7: 0.045, 8: 0.363, 9: 0.321}
Round 20, Subset 8, Test Acc: 0.1606	Class Acc: {0: 0.221, 1: 0.103, 2: 0.001, 3: 0.0, 4: 0.0, 5: 0.0, 6: 0.005, 7: 0.997, 8: 0.26, 9: 0.019}
Round 20, Subset 9, Test Acc: 0.2080	Class Acc: {0: 0.0, 1: 0.003, 2: 0.103, 3: 0.111, 4: 0.281, 5: 0.074, 6: 0.304, 7: 0.209, 8: 0.995, 9: 0.0}
Round 20, Subset 10, Test Acc: 0.2015	Class Acc: {0: 0.164, 1: 0.0, 2: 0.18, 3: 0.07, 4: 0.347, 5: 0.06, 6: 0.033, 7: 0.123, 8: 0.04, 9: 0.998}
Keys aggregated: {'layer1.0.bias', 'fc.bias', 'layer2.0.weight', 'layer2.0.bias', 'fc.weight', 'layer1.0.weight', 'layer3.0.bias', 'layer3.0.weight'}
Round 20, Aggregated Test Acc: 0.4087	Class Acc: {0: 0.479, 1: 0.525, 2: 0.26, 3: 0.232, 4: 0.394, 5: 0.254, 6: 0.446, 7: 0.48, 8: 0.527, 9: 0.49}
================================================================================
Round 21, Subset 1, Test Acc: 0.1498	Class Acc: {0: 0.993, 1: 0.014, 2: 0.013, 3: 0.003, 4: 0.13, 5: 0.031, 6: 0.238, 7: 0.071, 8: 0.0, 9: 0.005}
Round 21, Subset 2, Test Acc: 0.2278	Class Acc: {0: 0.163, 1: 0.994, 2: 0.118, 3: 0.187, 4: 0.362, 5: 0.132, 6: 0.084, 7: 0.186, 8: 0.052, 9: 0.0}
Round 21, Subset 3, Test Acc: 0.1093	Class Acc: {0: 0.013, 1: 0.015, 2: 0.999, 3: 0.0, 4: 0.0, 5: 0.0, 6: 0.0, 7: 0.001, 8: 0.044, 9: 0.021}
Round 21, Subset 4, Test Acc: 0.1288	Class Acc: {0: 0.07, 1: 0.034, 2: 0.0, 3: 1.0, 4: 0.0, 5: 0.0, 6: 0.0, 7: 0.0, 8: 0.117, 9: 0.067}
Round 21, Subset 5, Test Acc: 0.1437	Class Acc: {0: 0.003, 1: 0.06, 2: 0.0, 3: 0.0, 4: 0.998, 5: 0.0, 6: 0.0, 7: 0.0, 8: 0.161, 9: 0.215}
Round 21, Subset 6, Test Acc: 0.1953	Class Acc: {0: 0.297, 1: 0.168, 2: 0.0, 3: 0.0, 4: 0.0, 5: 0.999, 6: 0.0, 7: 0.0, 8: 0.247, 9: 0.242}
Round 21, Subset 7, Test Acc: 0.2095	Class Acc: {0: 0.371, 1: 0.107, 2: 0.001, 3: 0.0, 4: 0.0, 5: 0.0, 6: 0.998, 7: 0.102, 8: 0.36, 9: 0.156}
Round 21, Subset 8, Test Acc: 0.1656	Class Acc: {0: 0.117, 1: 0.226, 2: 0.003, 3: 0.0, 4: 0.0, 5: 0.0, 6: 0.003, 7: 0.999, 8: 0.244, 9: 0.064}
Round 21, Subset 9, Test Acc: 0.2066	Class Acc: {0: 0.0, 1: 0.001, 2: 0.209, 3: 0.046, 4: 0.187, 5: 0.259, 6: 0.15, 7: 0.219, 8: 0.995, 9: 0.0}
Round 21, Subset 10, Test Acc: 0.1992	Class Acc: {0: 0.181, 1: 0.0, 2: 0.161, 3: 0.032, 4: 0.261, 5: 0.125, 6: 0.079, 7: 0.088, 8: 0.069, 9: 0.996}
Keys aggregated: {'layer1.0.bias', 'fc.bias', 'layer2.0.weight', 'layer2.0.bias', 'fc.weight', 'layer1.0.weight', 'layer3.0.bias', 'layer3.0.weight'}
Round 21, Aggregated Test Acc: 0.4092	Class Acc: {0: 0.482, 1: 0.534, 2: 0.257, 3: 0.145, 4: 0.388, 5: 0.344, 6: 0.468, 7: 0.466, 8: 0.497, 9: 0.511}
================================================================================
Round 22, Subset 1, Test Acc: 0.1589	Class Acc: {0: 0.995, 1: 0.021, 2: 0.027, 3: 0.085, 4: 0.131, 5: 0.111, 6: 0.189, 7: 0.024, 8: 0.0, 9: 0.006}
Round 22, Subset 2, Test Acc: 0.2130	Class Acc: {0: 0.099, 1: 0.994, 2: 0.194, 3: 0.066, 4: 0.226, 5: 0.208, 6: 0.15, 7: 0.174, 8: 0.019, 9: 0.0}
Round 22, Subset 3, Test Acc: 0.1057	Class Acc: {0: 0.0, 1: 0.015, 2: 1.0, 3: 0.0, 4: 0.0, 5: 0.0, 6: 0.0, 7: 0.001, 8: 0.016, 9: 0.025}
Round 22, Subset 4, Test Acc: 0.1447	Class Acc: {0: 0.133, 1: 0.085, 2: 0.0, 3: 1.0, 4: 0.001, 5: 0.0, 6: 0.0, 7: 0.0, 8: 0.172, 9: 0.056}
Round 22, Subset 5, Test Acc: 0.1620	Class Acc: {0: 0.044, 1: 0.191, 2: 0.0, 3: 0.001, 4: 0.994, 5: 0.0, 6: 0.0, 7: 0.0, 8: 0.197, 9: 0.193}
Round 22, Subset 6, Test Acc: 0.1973	Class Acc: {0: 0.26, 1: 0.113, 2: 0.0, 3: 0.0, 4: 0.0, 5: 0.998, 6: 0.0, 7: 0.0, 8: 0.33, 9: 0.272}
Round 22, Subset 7, Test Acc: 0.1975	Class Acc: {0: 0.292, 1: 0.124, 2: 0.0, 3: 0.0, 4: 0.0, 5: 0.001, 6: 0.999, 7: 0.062, 8: 0.318, 9: 0.179}
Round 22, Subset 8, Test Acc: 0.1518	Class Acc: {0: 0.112, 1: 0.12, 2: 0.0, 3: 0.0, 4: 0.0, 5: 0.0, 6: 0.0, 7: 1.0, 8: 0.26, 9: 0.026}
Round 22, Subset 9, Test Acc: 0.2189	Class Acc: {0: 0.0, 1: 0.007, 2: 0.134, 3: 0.016, 4: 0.212, 5: 0.233, 6: 0.343, 7: 0.254, 8: 0.99, 9: 0.0}
Round 22, Subset 10, Test Acc: 0.2042	Class Acc: {0: 0.232, 1: 0.0, 2: 0.13, 3: 0.037, 4: 0.115, 5: 0.254, 6: 0.124, 7: 0.048, 8: 0.104, 9: 0.998}
Keys aggregated: {'layer1.0.bias', 'fc.bias', 'layer2.0.weight', 'layer2.0.bias', 'fc.weight', 'layer1.0.weight', 'layer3.0.bias', 'layer3.0.weight'}
Round 22, Aggregated Test Acc: 0.4111	Class Acc: {0: 0.468, 1: 0.573, 2: 0.273, 3: 0.164, 4: 0.351, 5: 0.354, 6: 0.489, 7: 0.456, 8: 0.513, 9: 0.47}
================================================================================
Round 23, Subset 1, Test Acc: 0.1498	Class Acc: {0: 0.999, 1: 0.043, 2: 0.099, 3: 0.006, 4: 0.089, 5: 0.137, 6: 0.073, 7: 0.039, 8: 0.0, 9: 0.013}
Round 23, Subset 2, Test Acc: 0.2075	Class Acc: {0: 0.167, 1: 0.997, 2: 0.208, 3: 0.092, 4: 0.276, 5: 0.079, 6: 0.048, 7: 0.157, 8: 0.051, 9: 0.0}
Round 23, Subset 3, Test Acc: 0.1309	Class Acc: {0: 0.02, 1: 0.071, 2: 0.998, 3: 0.0, 4: 0.0, 5: 0.0, 6: 0.0, 7: 0.003, 8: 0.069, 9: 0.148}
Round 23, Subset 4, Test Acc: 0.1636	Class Acc: {0: 0.212, 1: 0.075, 2: 0.0, 3: 1.0, 4: 0.0, 5: 0.0, 6: 0.0, 7: 0.0, 8: 0.205, 9: 0.144}
Round 23, Subset 5, Test Acc: 0.1380	Class Acc: {0: 0.001, 1: 0.058, 2: 0.0, 3: 0.0, 4: 0.999, 5: 0.0, 6: 0.0, 7: 0.0, 8: 0.158, 9: 0.164}
Round 23, Subset 6, Test Acc: 0.1764	Class Acc: {0: 0.282, 1: 0.075, 2: 0.0, 3: 0.0, 4: 0.0, 5: 0.998, 6: 0.0, 7: 0.001, 8: 0.196, 9: 0.212}
Round 23, Subset 7, Test Acc: 0.2471	Class Acc: {0: 0.298, 1: 0.227, 2: 0.002, 3: 0.0, 4: 0.0, 5: 0.001, 6: 0.994, 7: 0.09, 8: 0.508, 9: 0.351}
Round 23, Subset 8, Test Acc: 0.1640	Class Acc: {0: 0.116, 1: 0.2, 2: 0.003, 3: 0.0, 4: 0.0, 5: 0.001, 6: 0.015, 7: 0.997, 8: 0.277, 9: 0.031}
Round 23, Subset 9, Test Acc: 0.1950	Class Acc: {0: 0.0, 1: 0.001, 2: 0.163, 3: 0.034, 4: 0.195, 5: 0.154, 6: 0.22, 7: 0.184, 8: 0.997, 9: 0.002}
Round 23, Subset 10, Test Acc: 0.1998	Class Acc: {0: 0.164, 1: 0.0, 2: 0.157, 3: 0.067, 4: 0.199, 5: 0.13, 6: 0.068, 7: 0.126, 8: 0.09, 9: 0.997}
Keys aggregated: {'layer1.0.bias', 'fc.bias', 'layer2.0.weight', 'layer2.0.bias', 'fc.weight', 'layer1.0.weight', 'layer3.0.bias', 'layer3.0.weight'}
Round 23, Aggregated Test Acc: 0.4142	Class Acc: {0: 0.483, 1: 0.523, 2: 0.288, 3: 0.177, 4: 0.376, 5: 0.315, 6: 0.472, 7: 0.448, 8: 0.527, 9: 0.533}
================================================================================
Round 24, Subset 1, Test Acc: 0.1253	Class Acc: {0: 0.999, 1: 0.007, 2: 0.004, 3: 0.003, 4: 0.084, 5: 0.039, 6: 0.102, 7: 0.015, 8: 0.0, 9: 0.0}
Round 24, Subset 2, Test Acc: 0.2199	Class Acc: {0: 0.191, 1: 0.994, 2: 0.248, 3: 0.148, 4: 0.159, 5: 0.13, 6: 0.081, 7: 0.191, 8: 0.057, 9: 0.0}
Round 24, Subset 3, Test Acc: 0.1406	Class Acc: {0: 0.005, 1: 0.16, 2: 0.996, 3: 0.0, 4: 0.0, 5: 0.0, 6: 0.0, 7: 0.001, 8: 0.103, 9: 0.141}
Round 24, Subset 4, Test Acc: 0.1666	Class Acc: {0: 0.245, 1: 0.06, 2: 0.0, 3: 0.999, 4: 0.0, 5: 0.0, 6: 0.0, 7: 0.001, 8: 0.257, 9: 0.104}
Round 24, Subset 5, Test Acc: 0.1654	Class Acc: {0: 0.022, 1: 0.154, 2: 0.0, 3: 0.001, 4: 0.996, 5: 0.001, 6: 0.0, 7: 0.004, 8: 0.274, 9: 0.202}
Round 24, Subset 6, Test Acc: 0.2085	Class Acc: {0: 0.271, 1: 0.274, 2: 0.0, 3: 0.0, 4: 0.0, 5: 0.997, 6: 0.0, 7: 0.001, 8: 0.25, 9: 0.292}
Round 24, Subset 7, Test Acc: 0.2364	Class Acc: {0: 0.486, 1: 0.27, 2: 0.004, 3: 0.001, 4: 0.0, 5: 0.003, 6: 0.995, 7: 0.066, 8: 0.297, 9: 0.242}
Round 24, Subset 8, Test Acc: 0.1683	Class Acc: {0: 0.18, 1: 0.151, 2: 0.007, 3: 0.0, 4: 0.0, 5: 0.0, 6: 0.009, 7: 0.998, 8: 0.258, 9: 0.08}
Round 24, Subset 9, Test Acc: 0.2092	Class Acc: {0: 0.0, 1: 0.012, 2: 0.183, 3: 0.053, 4: 0.058, 5: 0.126, 6: 0.399, 7: 0.256, 8: 0.996, 9: 0.009}
Round 24, Subset 10, Test Acc: 0.2105	Class Acc: {0: 0.234, 1: 0.0, 2: 0.089, 3: 0.028, 4: 0.296, 5: 0.125, 6: 0.104, 7: 0.111, 8: 0.125, 9: 0.993}
Keys aggregated: {'layer1.0.bias', 'fc.bias', 'layer2.0.weight', 'layer2.0.bias', 'fc.weight', 'layer1.0.weight', 'layer3.0.bias', 'layer3.0.weight'}
Round 24, Aggregated Test Acc: 0.4182	Class Acc: {0: 0.515, 1: 0.591, 2: 0.276, 3: 0.162, 4: 0.335, 5: 0.307, 6: 0.519, 7: 0.472, 8: 0.509, 9: 0.496}
================================================================================
Round 25, Subset 1, Test Acc: 0.1474	Class Acc: {0: 0.999, 1: 0.011, 2: 0.096, 3: 0.009, 4: 0.027, 5: 0.099, 6: 0.189, 7: 0.042, 8: 0.0, 9: 0.002}
Round 25, Subset 2, Test Acc: 0.2260	Class Acc: {0: 0.145, 1: 0.993, 2: 0.195, 3: 0.122, 4: 0.299, 5: 0.166, 6: 0.113, 7: 0.169, 8: 0.058, 9: 0.0}
Round 25, Subset 3, Test Acc: 0.1277	Class Acc: {0: 0.0, 1: 0.085, 2: 0.999, 3: 0.0, 4: 0.0, 5: 0.0, 6: 0.0, 7: 0.0, 8: 0.119, 9: 0.074}
Round 25, Subset 4, Test Acc: 0.1486	Class Acc: {0: 0.147, 1: 0.082, 2: 0.0, 3: 1.0, 4: 0.0, 5: 0.0, 6: 0.0, 7: 0.001, 8: 0.171, 9: 0.085}
Round 25, Subset 5, Test Acc: 0.1430	Class Acc: {0: 0.009, 1: 0.132, 2: 0.0, 3: 0.0, 4: 0.998, 5: 0.0, 6: 0.0, 7: 0.0, 8: 0.222, 9: 0.069}
Round 25, Subset 6, Test Acc: 0.2232	Class Acc: {0: 0.306, 1: 0.234, 2: 0.0, 3: 0.0, 4: 0.0, 5: 0.995, 6: 0.0, 7: 0.008, 8: 0.266, 9: 0.423}
Round 25, Subset 7, Test Acc: 0.2180	Class Acc: {0: 0.324, 1: 0.211, 2: 0.002, 3: 0.0, 4: 0.0, 5: 0.0, 6: 0.999, 7: 0.065, 8: 0.354, 9: 0.225}
Round 25, Subset 8, Test Acc: 0.1826	Class Acc: {0: 0.21, 1: 0.131, 2: 0.001, 3: 0.001, 4: 0.0, 5: 0.0, 6: 0.006, 7: 0.997, 8: 0.425, 9: 0.055}
Round 25, Subset 9, Test Acc: 0.2063	Class Acc: {0: 0.0, 1: 0.012, 2: 0.079, 3: 0.045, 4: 0.169, 5: 0.142, 6: 0.279, 7: 0.335, 8: 0.995, 9: 0.007}
Round 25, Subset 10, Test Acc: 0.2050	Class Acc: {0: 0.212, 1: 0.0, 2: 0.074, 3: 0.051, 4: 0.382, 5: 0.097, 6: 0.102, 7: 0.069, 8: 0.064, 9: 0.999}
Keys aggregated: {'layer1.0.bias', 'fc.bias', 'layer2.0.weight', 'layer2.0.bias', 'fc.weight', 'layer1.0.weight', 'layer3.0.bias', 'layer3.0.weight'}
Round 25, Aggregated Test Acc: 0.4191	Class Acc: {0: 0.484, 1: 0.561, 2: 0.267, 3: 0.191, 4: 0.364, 5: 0.338, 6: 0.475, 7: 0.478, 8: 0.533, 9: 0.5}
================================================================================
Round 26, Subset 1, Test Acc: 0.1628	Class Acc: {0: 0.994, 1: 0.018, 2: 0.085, 3: 0.07, 4: 0.024, 5: 0.092, 6: 0.275, 7: 0.061, 8: 0.0, 9: 0.009}
Round 26, Subset 2, Test Acc: 0.2200	Class Acc: {0: 0.203, 1: 0.994, 2: 0.144, 3: 0.043, 4: 0.281, 5: 0.094, 6: 0.189, 7: 0.198, 8: 0.054, 9: 0.0}
Round 26, Subset 3, Test Acc: 0.1421	Class Acc: {0: 0.006, 1: 0.177, 2: 0.998, 3: 0.001, 4: 0.0, 5: 0.0, 6: 0.0, 7: 0.003, 8: 0.098, 9: 0.138}
Round 26, Subset 4, Test Acc: 0.1785	Class Acc: {0: 0.153, 1: 0.258, 2: 0.0, 3: 0.999, 4: 0.0, 5: 0.0, 6: 0.0, 7: 0.002, 8: 0.238, 9: 0.135}
Round 26, Subset 5, Test Acc: 0.1604	Class Acc: {0: 0.003, 1: 0.092, 2: 0.0, 3: 0.001, 4: 0.996, 5: 0.0, 6: 0.0, 7: 0.0, 8: 0.262, 9: 0.25}
Round 26, Subset 6, Test Acc: 0.1894	Class Acc: {0: 0.345, 1: 0.133, 2: 0.0, 3: 0.0, 4: 0.0, 5: 0.998, 6: 0.0, 7: 0.004, 8: 0.22, 9: 0.194}
Round 26, Subset 7, Test Acc: 0.2215	Class Acc: {0: 0.372, 1: 0.128, 2: 0.001, 3: 0.0, 4: 0.0, 5: 0.003, 6: 0.998, 7: 0.06, 8: 0.459, 9: 0.194}
Round 26, Subset 8, Test Acc: 0.1912	Class Acc: {0: 0.079, 1: 0.289, 2: 0.008, 3: 0.001, 4: 0.0, 5: 0.0, 6: 0.003, 7: 0.997, 8: 0.458, 9: 0.077}
Round 26, Subset 9, Test Acc: 0.2106	Class Acc: {0: 0.0, 1: 0.014, 2: 0.187, 3: 0.076, 4: 0.144, 5: 0.164, 6: 0.239, 7: 0.281, 8: 0.996, 9: 0.005}
Round 26, Subset 10, Test Acc: 0.2054	Class Acc: {0: 0.24, 1: 0.0, 2: 0.206, 3: 0.004, 4: 0.162, 5: 0.137, 6: 0.085, 7: 0.097, 8: 0.129, 9: 0.994}
Keys aggregated: {'layer1.0.bias', 'fc.bias', 'layer2.0.weight', 'layer2.0.bias', 'fc.weight', 'layer1.0.weight', 'layer3.0.bias', 'layer3.0.weight'}
Round 26, Aggregated Test Acc: 0.4185	Class Acc: {0: 0.479, 1: 0.578, 2: 0.328, 3: 0.196, 4: 0.31, 5: 0.289, 6: 0.498, 7: 0.472, 8: 0.541, 9: 0.494}
================================================================================
Round 27, Subset 1, Test Acc: 0.1606	Class Acc: {0: 0.994, 1: 0.015, 2: 0.035, 3: 0.014, 4: 0.073, 5: 0.127, 6: 0.267, 7: 0.071, 8: 0.0, 9: 0.01}
Round 27, Subset 2, Test Acc: 0.2118	Class Acc: {0: 0.206, 1: 0.996, 2: 0.315, 3: 0.073, 4: 0.089, 5: 0.204, 6: 0.072, 7: 0.134, 8: 0.029, 9: 0.0}
Round 27, Subset 3, Test Acc: 0.1278	Class Acc: {0: 0.004, 1: 0.074, 2: 1.0, 3: 0.0, 4: 0.0, 5: 0.0, 6: 0.0, 7: 0.001, 8: 0.167, 9: 0.032}
Round 27, Subset 4, Test Acc: 0.1671	Class Acc: {0: 0.161, 1: 0.101, 2: 0.0, 3: 0.998, 4: 0.0, 5: 0.0, 6: 0.0, 7: 0.001, 8: 0.288, 9: 0.122}
Round 27, Subset 5, Test Acc: 0.1267	Class Acc: {0: 0.002, 1: 0.045, 2: 0.0, 3: 0.0, 4: 0.998, 5: 0.0, 6: 0.0, 7: 0.0, 8: 0.127, 9: 0.095}
Round 27, Subset 6, Test Acc: 0.1789	Class Acc: {0: 0.178, 1: 0.213, 2: 0.0, 3: 0.0, 4: 0.0, 5: 0.997, 6: 0.0, 7: 0.0, 8: 0.305, 9: 0.096}
Round 27, Subset 7, Test Acc: 0.2363	Class Acc: {0: 0.402, 1: 0.225, 2: 0.007, 3: 0.002, 4: 0.0, 5: 0.001, 6: 0.999, 7: 0.114, 8: 0.34, 9: 0.273}
Round 27, Subset 8, Test Acc: 0.1866	Class Acc: {0: 0.09, 1: 0.277, 2: 0.003, 3: 0.002, 4: 0.0, 5: 0.0, 6: 0.012, 7: 0.998, 8: 0.415, 9: 0.069}
Round 27, Subset 9, Test Acc: 0.2068	Class Acc: {0: 0.0, 1: 0.008, 2: 0.069, 3: 0.027, 4: 0.304, 5: 0.197, 6: 0.228, 7: 0.232, 8: 0.996, 9: 0.007}
Round 27, Subset 10, Test Acc: 0.2282	Class Acc: {0: 0.276, 1: 0.0, 2: 0.283, 3: 0.029, 4: 0.245, 5: 0.151, 6: 0.066, 7: 0.108, 8: 0.137, 9: 0.987}
Keys aggregated: {'layer1.0.bias', 'fc.bias', 'layer2.0.weight', 'layer2.0.bias', 'fc.weight', 'layer1.0.weight', 'layer3.0.bias', 'layer3.0.weight'}
Round 27, Aggregated Test Acc: 0.4198	Class Acc: {0: 0.48, 1: 0.558, 2: 0.332, 3: 0.182, 4: 0.343, 5: 0.331, 6: 0.476, 7: 0.478, 8: 0.559, 9: 0.459}
================================================================================
Round 28, Subset 1, Test Acc: 0.1565	Class Acc: {0: 0.998, 1: 0.034, 2: 0.072, 3: 0.018, 4: 0.086, 5: 0.114, 6: 0.189, 7: 0.049, 8: 0.0, 9: 0.005}
Round 28, Subset 2, Test Acc: 0.2131	Class Acc: {0: 0.083, 1: 0.995, 2: 0.236, 3: 0.144, 4: 0.185, 5: 0.173, 6: 0.101, 7: 0.182, 8: 0.032, 9: 0.0}
Round 28, Subset 3, Test Acc: 0.1260	Class Acc: {0: 0.002, 1: 0.094, 2: 1.0, 3: 0.001, 4: 0.0, 5: 0.0, 6: 0.0, 7: 0.003, 8: 0.079, 9: 0.081}
Round 28, Subset 4, Test Acc: 0.1568	Class Acc: {0: 0.11, 1: 0.131, 2: 0.0, 3: 1.0, 4: 0.0, 5: 0.0, 6: 0.0, 7: 0.003, 8: 0.226, 9: 0.098}
Round 28, Subset 5, Test Acc: 0.1472	Class Acc: {0: 0.0, 1: 0.119, 2: 0.0, 3: 0.0, 4: 0.997, 5: 0.0, 6: 0.0, 7: 0.0, 8: 0.216, 9: 0.14}
Round 28, Subset 6, Test Acc: 0.1962	Class Acc: {0: 0.259, 1: 0.117, 2: 0.0, 3: 0.0, 4: 0.0, 5: 0.997, 6: 0.0, 7: 0.001, 8: 0.306, 9: 0.282}
Round 28, Subset 7, Test Acc: 0.2114	Class Acc: {0: 0.329, 1: 0.295, 2: 0.007, 3: 0.002, 4: 0.0, 5: 0.004, 6: 0.998, 7: 0.063, 8: 0.265, 9: 0.151}
Round 28, Subset 8, Test Acc: 0.1627	Class Acc: {0: 0.147, 1: 0.148, 2: 0.015, 3: 0.001, 4: 0.0, 5: 0.0, 6: 0.026, 7: 0.998, 8: 0.27, 9: 0.022}
Round 28, Subset 9, Test Acc: 0.2111	Class Acc: {0: 0.0, 1: 0.019, 2: 0.185, 3: 0.087, 4: 0.19, 5: 0.164, 6: 0.225, 7: 0.242, 8: 0.992, 9: 0.007}
Round 28, Subset 10, Test Acc: 0.2031	Class Acc: {0: 0.286, 1: 0.0, 2: 0.095, 3: 0.036, 4: 0.264, 5: 0.163, 6: 0.047, 7: 0.062, 8: 0.083, 9: 0.995}
Keys aggregated: {'layer1.0.bias', 'fc.bias', 'layer2.0.weight', 'layer2.0.bias', 'fc.weight', 'layer1.0.weight', 'layer3.0.bias', 'layer3.0.weight'}
Round 28, Aggregated Test Acc: 0.4222	Class Acc: {0: 0.464, 1: 0.6, 2: 0.293, 3: 0.223, 4: 0.355, 5: 0.306, 6: 0.482, 7: 0.478, 8: 0.535, 9: 0.486}
================================================================================
Round 29, Subset 1, Test Acc: 0.1512	Class Acc: {0: 0.998, 1: 0.007, 2: 0.04, 3: 0.006, 4: 0.12, 5: 0.062, 6: 0.212, 7: 0.06, 8: 0.0, 9: 0.007}
Round 29, Subset 2, Test Acc: 0.2169	Class Acc: {0: 0.184, 1: 0.997, 2: 0.214, 3: 0.089, 4: 0.169, 5: 0.12, 6: 0.14, 7: 0.197, 8: 0.059, 9: 0.0}
Round 29, Subset 3, Test Acc: 0.1445	Class Acc: {0: 0.017, 1: 0.115, 2: 0.999, 3: 0.001, 4: 0.0, 5: 0.0, 6: 0.0, 7: 0.007, 8: 0.167, 9: 0.139}
Round 29, Subset 4, Test Acc: 0.1561	Class Acc: {0: 0.148, 1: 0.131, 2: 0.0, 3: 1.0, 4: 0.0, 5: 0.0, 6: 0.0, 7: 0.0, 8: 0.12, 9: 0.162}
Round 29, Subset 5, Test Acc: 0.1392	Class Acc: {0: 0.005, 1: 0.088, 2: 0.0, 3: 0.0, 4: 0.999, 5: 0.0, 6: 0.0, 7: 0.0, 8: 0.122, 9: 0.178}
Round 29, Subset 6, Test Acc: 0.1991	Class Acc: {0: 0.248, 1: 0.141, 2: 0.0, 3: 0.0, 4: 0.0, 5: 0.997, 6: 0.0, 7: 0.0, 8: 0.368, 9: 0.237}
Round 29, Subset 7, Test Acc: 0.2085	Class Acc: {0: 0.342, 1: 0.247, 2: 0.004, 3: 0.001, 4: 0.0, 5: 0.002, 6: 0.999, 7: 0.042, 8: 0.263, 9: 0.185}
Round 29, Subset 8, Test Acc: 0.1684	Class Acc: {0: 0.156, 1: 0.12, 2: 0.004, 3: 0.0, 4: 0.002, 5: 0.0, 6: 0.016, 7: 0.998, 8: 0.374, 9: 0.014}
Round 29, Subset 9, Test Acc: 0.2016	Class Acc: {0: 0.0, 1: 0.024, 2: 0.214, 3: 0.094, 4: 0.077, 5: 0.212, 6: 0.162, 7: 0.23, 8: 0.993, 9: 0.01}
Round 29, Subset 10, Test Acc: 0.2110	Class Acc: {0: 0.223, 1: 0.0, 2: 0.085, 3: 0.082, 4: 0.239, 5: 0.115, 6: 0.151, 7: 0.128, 8: 0.089, 9: 0.998}
Keys aggregated: {'layer1.0.bias', 'fc.bias', 'layer2.0.weight', 'layer2.0.bias', 'fc.weight', 'layer1.0.weight', 'layer3.0.bias', 'layer3.0.weight'}
Round 29, Aggregated Test Acc: 0.4228	Class Acc: {0: 0.488, 1: 0.585, 2: 0.275, 3: 0.21, 4: 0.353, 5: 0.287, 6: 0.518, 7: 0.484, 8: 0.518, 9: 0.51}
================================================================================
Round 30, Subset 1, Test Acc: 0.1477	Class Acc: {0: 0.995, 1: 0.03, 2: 0.064, 3: 0.038, 4: 0.008, 5: 0.045, 6: 0.226, 7: 0.052, 8: 0.0, 9: 0.019}
Round 30, Subset 2, Test Acc: 0.2479	Class Acc: {0: 0.212, 1: 0.991, 2: 0.24, 3: 0.072, 4: 0.342, 5: 0.184, 6: 0.227, 7: 0.163, 8: 0.048, 9: 0.0}
Round 30, Subset 3, Test Acc: 0.1176	Class Acc: {0: 0.0, 1: 0.036, 2: 1.0, 3: 0.001, 4: 0.0, 5: 0.0, 6: 0.0, 7: 0.006, 8: 0.048, 9: 0.085}
Round 30, Subset 4, Test Acc: 0.1655	Class Acc: {0: 0.17, 1: 0.141, 2: 0.0, 3: 0.999, 4: 0.001, 5: 0.0, 6: 0.0, 7: 0.001, 8: 0.161, 9: 0.182}
Round 30, Subset 5, Test Acc: 0.1450	Class Acc: {0: 0.004, 1: 0.098, 2: 0.0, 3: 0.0, 4: 0.999, 5: 0.0, 6: 0.0, 7: 0.0, 8: 0.261, 9: 0.088}
Round 30, Subset 6, Test Acc: 0.1902	Class Acc: {0: 0.183, 1: 0.181, 2: 0.0, 3: 0.0, 4: 0.0, 5: 0.996, 6: 0.0, 7: 0.001, 8: 0.351, 9: 0.19}
Round 30, Subset 7, Test Acc: 0.2310	Class Acc: {0: 0.232, 1: 0.395, 2: 0.005, 3: 0.001, 4: 0.0, 5: 0.004, 6: 0.999, 7: 0.093, 8: 0.379, 9: 0.202}
Round 30, Subset 8, Test Acc: 0.1780	Class Acc: {0: 0.151, 1: 0.257, 2: 0.013, 3: 0.001, 4: 0.0, 5: 0.0, 6: 0.042, 7: 0.998, 8: 0.252, 9: 0.066}
Round 30, Subset 9, Test Acc: 0.2229	Class Acc: {0: 0.0, 1: 0.038, 2: 0.278, 3: 0.165, 4: 0.117, 5: 0.132, 6: 0.226, 7: 0.266, 8: 0.986, 9: 0.021}
Round 30, Subset 10, Test Acc: 0.2128	Class Acc: {0: 0.271, 1: 0.0, 2: 0.131, 3: 0.065, 4: 0.294, 5: 0.172, 6: 0.044, 7: 0.075, 8: 0.081, 9: 0.995}
Keys aggregated: {'layer1.0.bias', 'fc.bias', 'layer2.0.weight', 'layer2.0.bias', 'fc.weight', 'layer1.0.weight', 'layer3.0.bias', 'layer3.0.weight'}
Round 30, Aggregated Test Acc: 0.4220	Class Acc: {0: 0.489, 1: 0.651, 2: 0.317, 3: 0.241, 4: 0.353, 5: 0.303, 6: 0.48, 7: 0.434, 8: 0.494, 9: 0.458}
================================================================================
Round 31, Subset 1, Test Acc: 0.1518	Class Acc: {0: 0.996, 1: 0.014, 2: 0.048, 3: 0.035, 4: 0.112, 5: 0.107, 6: 0.121, 7: 0.059, 8: 0.0, 9: 0.026}
Round 31, Subset 2, Test Acc: 0.2315	Class Acc: {0: 0.142, 1: 0.994, 2: 0.21, 3: 0.07, 4: 0.249, 5: 0.134, 6: 0.258, 7: 0.197, 8: 0.061, 9: 0.0}
Round 31, Subset 3, Test Acc: 0.1364	Class Acc: {0: 0.005, 1: 0.042, 2: 0.999, 3: 0.0, 4: 0.0, 5: 0.0, 6: 0.0, 7: 0.006, 8: 0.182, 9: 0.13}
Round 31, Subset 4, Test Acc: 0.1644	Class Acc: {0: 0.18, 1: 0.132, 2: 0.0, 3: 1.0, 4: 0.001, 5: 0.0, 6: 0.0, 7: 0.002, 8: 0.157, 9: 0.172}
Round 31, Subset 5, Test Acc: 0.1410	Class Acc: {0: 0.016, 1: 0.074, 2: 0.0, 3: 0.0, 4: 0.999, 5: 0.0, 6: 0.0, 7: 0.0, 8: 0.168, 9: 0.153}
Round 31, Subset 6, Test Acc: 0.2066	Class Acc: {0: 0.224, 1: 0.285, 2: 0.0, 3: 0.0, 4: 0.0, 5: 0.996, 6: 0.0, 7: 0.003, 8: 0.239, 9: 0.319}
Round 31, Subset 7, Test Acc: 0.2032	Class Acc: {0: 0.239, 1: 0.276, 2: 0.004, 3: 0.0, 4: 0.0, 5: 0.003, 6: 0.999, 7: 0.044, 8: 0.306, 9: 0.161}
Round 31, Subset 8, Test Acc: 0.1905	Class Acc: {0: 0.198, 1: 0.147, 2: 0.029, 3: 0.001, 4: 0.0, 5: 0.0, 6: 0.071, 7: 0.994, 8: 0.424, 9: 0.041}
Round 31, Subset 9, Test Acc: 0.2263	Class Acc: {0: 0.0, 1: 0.01, 2: 0.229, 3: 0.061, 4: 0.12, 5: 0.146, 6: 0.363, 7: 0.33, 8: 0.993, 9: 0.011}
Round 31, Subset 10, Test Acc: 0.2227	Class Acc: {0: 0.287, 1: 0.0, 2: 0.154, 3: 0.074, 4: 0.211, 5: 0.186, 6: 0.096, 7: 0.07, 8: 0.157, 9: 0.992}
Keys aggregated: {'layer1.0.bias', 'fc.bias', 'layer2.0.weight', 'layer2.0.bias', 'fc.weight', 'layer1.0.weight', 'layer3.0.bias', 'layer3.0.weight'}
Round 31, Aggregated Test Acc: 0.4248	Class Acc: {0: 0.497, 1: 0.579, 2: 0.345, 3: 0.202, 4: 0.34, 5: 0.295, 6: 0.502, 7: 0.465, 8: 0.521, 9: 0.502}
================================================================================
Round 32, Subset 1, Test Acc: 0.1749	Class Acc: {0: 0.992, 1: 0.019, 2: 0.029, 3: 0.03, 4: 0.124, 5: 0.084, 6: 0.381, 7: 0.075, 8: 0.0, 9: 0.015}
Round 32, Subset 2, Test Acc: 0.2136	Class Acc: {0: 0.078, 1: 0.995, 2: 0.231, 3: 0.113, 4: 0.226, 5: 0.089, 6: 0.175, 7: 0.204, 8: 0.025, 9: 0.0}
Round 32, Subset 3, Test Acc: 0.1353	Class Acc: {0: 0.012, 1: 0.106, 2: 1.0, 3: 0.001, 4: 0.0, 5: 0.0, 6: 0.0, 7: 0.005, 8: 0.143, 9: 0.086}
Round 32, Subset 4, Test Acc: 0.1734	Class Acc: {0: 0.218, 1: 0.161, 2: 0.002, 3: 1.0, 4: 0.002, 5: 0.0, 6: 0.0, 7: 0.004, 8: 0.23, 9: 0.117}
Round 32, Subset 5, Test Acc: 0.1471	Class Acc: {0: 0.015, 1: 0.12, 2: 0.0, 3: 0.0, 4: 0.998, 5: 0.0, 6: 0.0, 7: 0.0, 8: 0.184, 9: 0.154}
Round 32, Subset 6, Test Acc: 0.1874	Class Acc: {0: 0.178, 1: 0.161, 2: 0.0, 3: 0.0, 4: 0.0, 5: 0.997, 6: 0.0, 7: 0.001, 8: 0.339, 9: 0.198}
Round 32, Subset 7, Test Acc: 0.2400	Class Acc: {0: 0.38, 1: 0.207, 2: 0.008, 3: 0.0, 4: 0.001, 5: 0.002, 6: 0.999, 7: 0.109, 8: 0.381, 9: 0.313}
Round 32, Subset 8, Test Acc: 0.1808	Class Acc: {0: 0.172, 1: 0.152, 2: 0.031, 3: 0.0, 4: 0.0, 5: 0.0, 6: 0.034, 7: 0.997, 8: 0.411, 9: 0.011}
Round 32, Subset 9, Test Acc: 0.2066	Class Acc: {0: 0.0, 1: 0.007, 2: 0.111, 3: 0.05, 4: 0.199, 5: 0.196, 6: 0.277, 7: 0.224, 8: 0.995, 9: 0.007}
Round 32, Subset 10, Test Acc: 0.2289	Class Acc: {0: 0.236, 1: 0.0, 2: 0.199, 3: 0.052, 4: 0.29, 5: 0.133, 6: 0.109, 7: 0.105, 8: 0.172, 9: 0.993}
Keys aggregated: {'layer1.0.bias', 'fc.bias', 'layer2.0.weight', 'layer2.0.bias', 'fc.weight', 'layer1.0.weight', 'layer3.0.bias', 'layer3.0.weight'}
Round 32, Aggregated Test Acc: 0.4255	Class Acc: {0: 0.503, 1: 0.574, 2: 0.325, 3: 0.205, 4: 0.352, 5: 0.317, 6: 0.498, 7: 0.468, 8: 0.517, 9: 0.496}
================================================================================
Round 33, Subset 1, Test Acc: 0.1789	Class Acc: {0: 0.989, 1: 0.052, 2: 0.058, 3: 0.006, 4: 0.172, 5: 0.179, 6: 0.208, 7: 0.09, 8: 0.0, 9: 0.035}
Round 33, Subset 2, Test Acc: 0.2211	Class Acc: {0: 0.182, 1: 0.996, 2: 0.317, 3: 0.122, 4: 0.078, 5: 0.098, 6: 0.144, 7: 0.188, 8: 0.086, 9: 0.0}
Round 33, Subset 3, Test Acc: 0.1306	Class Acc: {0: 0.015, 1: 0.064, 2: 1.0, 3: 0.001, 4: 0.0, 5: 0.0, 6: 0.0, 7: 0.001, 8: 0.115, 9: 0.11}
Round 33, Subset 4, Test Acc: 0.1596	Class Acc: {0: 0.114, 1: 0.124, 2: 0.0, 3: 1.0, 4: 0.0, 5: 0.0, 6: 0.0, 7: 0.002, 8: 0.244, 9: 0.112}
Round 33, Subset 5, Test Acc: 0.1514	Class Acc: {0: 0.011, 1: 0.141, 2: 0.0, 3: 0.0, 4: 0.998, 5: 0.0, 6: 0.0, 7: 0.0, 8: 0.209, 9: 0.155}
Round 33, Subset 6, Test Acc: 0.2007	Class Acc: {0: 0.115, 1: 0.248, 2: 0.0, 3: 0.0, 4: 0.0, 5: 0.996, 6: 0.0, 7: 0.006, 8: 0.358, 9: 0.284}
Round 33, Subset 7, Test Acc: 0.2311	Class Acc: {0: 0.3, 1: 0.22, 2: 0.012, 3: 0.001, 4: 0.001, 5: 0.001, 6: 1.0, 7: 0.11, 8: 0.513, 9: 0.153}
Round 33, Subset 8, Test Acc: 0.1866	Class Acc: {0: 0.253, 1: 0.178, 2: 0.013, 3: 0.001, 4: 0.0, 5: 0.0, 6: 0.015, 7: 0.999, 8: 0.344, 9: 0.063}
Round 33, Subset 9, Test Acc: 0.2224	Class Acc: {0: 0.0, 1: 0.031, 2: 0.151, 3: 0.036, 4: 0.139, 5: 0.217, 6: 0.33, 7: 0.306, 8: 0.992, 9: 0.022}
Round 33, Subset 10, Test Acc: 0.2195	Class Acc: {0: 0.241, 1: 0.0, 2: 0.096, 3: 0.101, 4: 0.304, 5: 0.118, 6: 0.101, 7: 0.113, 8: 0.124, 9: 0.997}
Keys aggregated: {'layer1.0.bias', 'fc.bias', 'layer2.0.weight', 'layer2.0.bias', 'fc.weight', 'layer1.0.weight', 'layer3.0.bias', 'layer3.0.weight'}
Round 33, Aggregated Test Acc: 0.4279	Class Acc: {0: 0.48, 1: 0.608, 2: 0.34, 3: 0.215, 4: 0.33, 5: 0.297, 6: 0.505, 7: 0.477, 8: 0.528, 9: 0.499}
================================================================================
Round 34, Subset 1, Test Acc: 0.1660	Class Acc: {0: 0.995, 1: 0.027, 2: 0.094, 3: 0.03, 4: 0.131, 5: 0.108, 6: 0.166, 7: 0.084, 8: 0.0, 9: 0.025}
Round 34, Subset 2, Test Acc: 0.2250	Class Acc: {0: 0.111, 1: 0.994, 2: 0.196, 3: 0.139, 4: 0.295, 5: 0.16, 6: 0.112, 7: 0.176, 8: 0.067, 9: 0.0}
Round 34, Subset 3, Test Acc: 0.1400	Class Acc: {0: 0.01, 1: 0.061, 2: 1.0, 3: 0.001, 4: 0.0, 5: 0.0, 6: 0.0, 7: 0.002, 8: 0.147, 9: 0.179}
Round 34, Subset 4, Test Acc: 0.1666	Class Acc: {0: 0.067, 1: 0.14, 2: 0.0, 3: 1.0, 4: 0.0, 5: 0.0, 6: 0.0, 7: 0.002, 8: 0.329, 9: 0.128}
Round 34, Subset 5, Test Acc: 0.1726	Class Acc: {0: 0.017, 1: 0.214, 2: 0.0, 3: 0.0, 4: 0.998, 5: 0.0, 6: 0.0, 7: 0.001, 8: 0.277, 9: 0.219}
Round 34, Subset 6, Test Acc: 0.2168	Class Acc: {0: 0.316, 1: 0.335, 2: 0.0, 3: 0.0, 4: 0.0, 5: 0.995, 6: 0.0, 7: 0.001, 8: 0.292, 9: 0.229}
Round 34, Subset 7, Test Acc: 0.2336	Class Acc: {0: 0.379, 1: 0.268, 2: 0.005, 3: 0.0, 4: 0.0, 5: 0.003, 6: 0.999, 7: 0.051, 8: 0.409, 9: 0.222}
Round 34, Subset 8, Test Acc: 0.2013	Class Acc: {0: 0.154, 1: 0.308, 2: 0.031, 3: 0.001, 4: 0.002, 5: 0.002, 6: 0.056, 7: 0.997, 8: 0.376, 9: 0.086}
Round 34, Subset 9, Test Acc: 0.2197	Class Acc: {0: 0.0, 1: 0.033, 2: 0.171, 3: 0.098, 4: 0.118, 5: 0.203, 6: 0.28, 7: 0.285, 8: 0.994, 9: 0.015}
Round 34, Subset 10, Test Acc: 0.2270	Class Acc: {0: 0.285, 1: 0.0, 2: 0.201, 3: 0.053, 4: 0.228, 5: 0.205, 6: 0.084, 7: 0.134, 8: 0.084, 9: 0.996}
Keys aggregated: {'layer1.0.bias', 'fc.bias', 'layer2.0.weight', 'layer2.0.bias', 'fc.weight', 'layer1.0.weight', 'layer3.0.bias', 'layer3.0.weight'}
Round 34, Aggregated Test Acc: 0.4291	Class Acc: {0: 0.497, 1: 0.631, 2: 0.322, 3: 0.243, 4: 0.33, 5: 0.298, 6: 0.495, 7: 0.474, 8: 0.507, 9: 0.494}
================================================================================
Round 35, Subset 1, Test Acc: 0.1576	Class Acc: {0: 0.996, 1: 0.031, 2: 0.038, 3: 0.029, 4: 0.061, 5: 0.114, 6: 0.256, 7: 0.034, 8: 0.0, 9: 0.017}
Round 35, Subset 2, Test Acc: 0.2554	Class Acc: {0: 0.174, 1: 0.991, 2: 0.226, 3: 0.162, 4: 0.342, 5: 0.106, 6: 0.302, 7: 0.152, 8: 0.098, 9: 0.001}
Round 35, Subset 3, Test Acc: 0.1511	Class Acc: {0: 0.015, 1: 0.152, 2: 0.999, 3: 0.001, 4: 0.0, 5: 0.0, 6: 0.0, 7: 0.006, 8: 0.143, 9: 0.195}
Round 35, Subset 4, Test Acc: 0.1902	Class Acc: {0: 0.223, 1: 0.191, 2: 0.0, 3: 0.999, 4: 0.001, 5: 0.0, 6: 0.0, 7: 0.004, 8: 0.3, 9: 0.184}
Round 35, Subset 5, Test Acc: 0.1255	Class Acc: {0: 0.008, 1: 0.106, 2: 0.0, 3: 0.0, 4: 0.999, 5: 0.0, 6: 0.0, 7: 0.0, 8: 0.097, 9: 0.045}
Round 35, Subset 6, Test Acc: 0.2158	Class Acc: {0: 0.179, 1: 0.379, 2: 0.0, 3: 0.0, 4: 0.0, 5: 0.996, 6: 0.0, 7: 0.003, 8: 0.298, 9: 0.303}
Round 35, Subset 7, Test Acc: 0.2522	Class Acc: {0: 0.37, 1: 0.282, 2: 0.018, 3: 0.001, 4: 0.001, 5: 0.002, 6: 0.997, 7: 0.095, 8: 0.427, 9: 0.329}
Round 35, Subset 8, Test Acc: 0.1893	Class Acc: {0: 0.2, 1: 0.125, 2: 0.056, 3: 0.001, 4: 0.0, 5: 0.002, 6: 0.039, 7: 0.996, 8: 0.45, 9: 0.024}
Round 35, Subset 9, Test Acc: 0.2229	Class Acc: {0: 0.0, 1: 0.024, 2: 0.095, 3: 0.061, 4: 0.147, 5: 0.248, 6: 0.361, 7: 0.276, 8: 0.993, 9: 0.024}
Round 35, Subset 10, Test Acc: 0.2337	Class Acc: {0: 0.191, 1: 0.0, 2: 0.114, 3: 0.033, 4: 0.327, 5: 0.224, 6: 0.224, 7: 0.126, 8: 0.101, 9: 0.997}
Keys aggregated: {'layer1.0.bias', 'fc.bias', 'layer2.0.weight', 'layer2.0.bias', 'fc.weight', 'layer1.0.weight', 'layer3.0.bias', 'layer3.0.weight'}
Round 35, Aggregated Test Acc: 0.4311	Class Acc: {0: 0.506, 1: 0.603, 2: 0.332, 3: 0.204, 4: 0.334, 5: 0.29, 6: 0.571, 7: 0.462, 8: 0.511, 9: 0.498}
================================================================================
Round 36, Subset 1, Test Acc: 0.1668	Class Acc: {0: 0.997, 1: 0.045, 2: 0.045, 3: 0.018, 4: 0.064, 5: 0.149, 6: 0.271, 7: 0.063, 8: 0.0, 9: 0.016}
Round 36, Subset 2, Test Acc: 0.2070	Class Acc: {0: 0.132, 1: 0.998, 2: 0.243, 3: 0.182, 4: 0.14, 5: 0.113, 6: 0.094, 7: 0.118, 8: 0.05, 9: 0.0}
Round 36, Subset 3, Test Acc: 0.1256	Class Acc: {0: 0.002, 1: 0.038, 2: 0.999, 3: 0.001, 4: 0.0, 5: 0.001, 6: 0.0, 7: 0.007, 8: 0.064, 9: 0.144}
Round 36, Subset 4, Test Acc: 0.1889	Class Acc: {0: 0.208, 1: 0.269, 2: 0.0, 3: 0.999, 4: 0.0, 5: 0.0, 6: 0.0, 7: 0.001, 8: 0.269, 9: 0.143}
Round 36, Subset 5, Test Acc: 0.1551	Class Acc: {0: 0.004, 1: 0.175, 2: 0.0, 3: 0.0, 4: 0.998, 5: 0.001, 6: 0.0, 7: 0.0, 8: 0.135, 9: 0.238}
Round 36, Subset 6, Test Acc: 0.2103	Class Acc: {0: 0.302, 1: 0.168, 2: 0.0, 3: 0.0, 4: 0.001, 5: 0.998, 6: 0.0, 7: 0.001, 8: 0.327, 9: 0.306}
Round 36, Subset 7, Test Acc: 0.2292	Class Acc: {0: 0.37, 1: 0.097, 2: 0.01, 3: 0.0, 4: 0.001, 5: 0.003, 6: 0.998, 7: 0.105, 8: 0.47, 9: 0.238}
Round 36, Subset 8, Test Acc: 0.2069	Class Acc: {0: 0.336, 1: 0.219, 2: 0.056, 3: 0.002, 4: 0.001, 5: 0.002, 6: 0.043, 7: 0.995, 8: 0.318, 9: 0.097}
Round 36, Subset 9, Test Acc: 0.2267	Class Acc: {0: 0.0, 1: 0.021, 2: 0.117, 3: 0.109, 4: 0.203, 5: 0.252, 6: 0.338, 7: 0.222, 8: 0.993, 9: 0.012}
Round 36, Subset 10, Test Acc: 0.2528	Class Acc: {0: 0.316, 1: 0.0, 2: 0.179, 3: 0.076, 4: 0.303, 5: 0.26, 6: 0.132, 7: 0.101, 8: 0.167, 9: 0.994}
Keys aggregated: {'layer1.0.bias', 'fc.bias', 'layer2.0.weight', 'layer2.0.bias', 'fc.weight', 'layer1.0.weight', 'layer3.0.bias', 'layer3.0.weight'}
Round 36, Aggregated Test Acc: 0.4315	Class Acc: {0: 0.523, 1: 0.583, 2: 0.328, 3: 0.213, 4: 0.343, 5: 0.332, 6: 0.512, 7: 0.462, 8: 0.499, 9: 0.52}
================================================================================
Round 37, Subset 1, Test Acc: 0.1749	Class Acc: {0: 0.994, 1: 0.042, 2: 0.058, 3: 0.059, 4: 0.083, 5: 0.102, 6: 0.287, 7: 0.074, 8: 0.001, 9: 0.049}
Round 37, Subset 2, Test Acc: 0.2276	Class Acc: {0: 0.162, 1: 0.995, 2: 0.233, 3: 0.107, 4: 0.179, 5: 0.141, 6: 0.147, 7: 0.233, 8: 0.079, 9: 0.0}
Round 37, Subset 3, Test Acc: 0.1618	Class Acc: {0: 0.006, 1: 0.132, 2: 0.998, 3: 0.001, 4: 0.0, 5: 0.0, 6: 0.0, 7: 0.0, 8: 0.253, 9: 0.228}
Round 37, Subset 4, Test Acc: 0.2062	Class Acc: {0: 0.185, 1: 0.238, 2: 0.002, 3: 0.999, 4: 0.002, 5: 0.0, 6: 0.0, 7: 0.015, 8: 0.356, 9: 0.265}
Round 37, Subset 5, Test Acc: 0.1514	Class Acc: {0: 0.042, 1: 0.085, 2: 0.0, 3: 0.0, 4: 0.998, 5: 0.0, 6: 0.0, 7: 0.0, 8: 0.138, 9: 0.251}
Round 37, Subset 6, Test Acc: 0.2346	Class Acc: {0: 0.304, 1: 0.425, 2: 0.0, 3: 0.0, 4: 0.0, 5: 0.995, 6: 0.0, 7: 0.012, 8: 0.337, 9: 0.273}
Round 37, Subset 7, Test Acc: 0.2542	Class Acc: {0: 0.418, 1: 0.273, 2: 0.013, 3: 0.002, 4: 0.001, 5: 0.006, 6: 0.999, 7: 0.127, 8: 0.382, 9: 0.321}
Round 37, Subset 8, Test Acc: 0.1911	Class Acc: {0: 0.214, 1: 0.245, 2: 0.045, 3: 0.001, 4: 0.0, 5: 0.002, 6: 0.058, 7: 0.994, 8: 0.315, 9: 0.037}
Round 37, Subset 9, Test Acc: 0.2119	Class Acc: {0: 0.0, 1: 0.033, 2: 0.182, 3: 0.03, 4: 0.169, 5: 0.134, 6: 0.324, 7: 0.235, 8: 0.997, 9: 0.015}
Round 37, Subset 10, Test Acc: 0.2391	Class Acc: {0: 0.354, 1: 0.0, 2: 0.286, 3: 0.038, 4: 0.159, 5: 0.188, 6: 0.081, 7: 0.098, 8: 0.197, 9: 0.99}
Keys aggregated: {'layer1.0.bias', 'fc.bias', 'layer2.0.weight', 'layer2.0.bias', 'fc.weight', 'layer1.0.weight', 'layer3.0.bias', 'layer3.0.weight'}
Round 37, Aggregated Test Acc: 0.4320	Class Acc: {0: 0.513, 1: 0.594, 2: 0.376, 3: 0.196, 4: 0.335, 5: 0.268, 6: 0.524, 7: 0.468, 8: 0.51, 9: 0.536}
================================================================================
Round 38, Subset 1, Test Acc: 0.1641	Class Acc: {0: 0.993, 1: 0.05, 2: 0.03, 3: 0.024, 4: 0.112, 5: 0.092, 6: 0.257, 7: 0.047, 8: 0.001, 9: 0.035}
Round 38, Subset 2, Test Acc: 0.2119	Class Acc: {0: 0.056, 1: 0.997, 2: 0.124, 3: 0.099, 4: 0.303, 5: 0.163, 6: 0.155, 7: 0.179, 8: 0.043, 9: 0.0}
Round 38, Subset 3, Test Acc: 0.1474	Class Acc: {0: 0.005, 1: 0.098, 2: 1.0, 3: 0.002, 4: 0.0, 5: 0.0, 6: 0.0, 7: 0.006, 8: 0.195, 9: 0.168}
Round 38, Subset 4, Test Acc: 0.1905	Class Acc: {0: 0.2, 1: 0.231, 2: 0.001, 3: 0.998, 4: 0.0, 5: 0.0, 6: 0.0, 7: 0.008, 8: 0.233, 9: 0.234}
Round 38, Subset 5, Test Acc: 0.1404	Class Acc: {0: 0.029, 1: 0.182, 2: 0.0, 3: 0.0, 4: 0.999, 5: 0.003, 6: 0.0, 7: 0.0, 8: 0.105, 9: 0.086}
Round 38, Subset 6, Test Acc: 0.2269	Class Acc: {0: 0.319, 1: 0.305, 2: 0.0, 3: 0.0, 4: 0.0, 5: 0.995, 6: 0.0, 7: 0.005, 8: 0.374, 9: 0.271}
Round 38, Subset 7, Test Acc: 0.2325	Class Acc: {0: 0.343, 1: 0.137, 2: 0.013, 3: 0.001, 4: 0.0, 5: 0.002, 6: 0.998, 7: 0.044, 8: 0.523, 9: 0.264}
Round 38, Subset 8, Test Acc: 0.2054	Class Acc: {0: 0.163, 1: 0.354, 2: 0.037, 3: 0.001, 4: 0.001, 5: 0.0, 6: 0.049, 7: 0.99, 8: 0.36, 9: 0.099}
Round 38, Subset 9, Test Acc: 0.2278	Class Acc: {0: 0.0, 1: 0.032, 2: 0.104, 3: 0.091, 4: 0.31, 5: 0.197, 6: 0.3, 7: 0.229, 8: 0.996, 9: 0.019}
Round 38, Subset 10, Test Acc: 0.2390	Class Acc: {0: 0.27, 1: 0.0, 2: 0.103, 3: 0.114, 4: 0.32, 5: 0.097, 6: 0.231, 7: 0.132, 8: 0.127, 9: 0.996}
Keys aggregated: {'layer1.0.bias', 'fc.bias', 'layer2.0.weight', 'layer2.0.bias', 'fc.weight', 'layer1.0.weight', 'layer3.0.bias', 'layer3.0.weight'}
Round 38, Aggregated Test Acc: 0.4323	Class Acc: {0: 0.537, 1: 0.61, 2: 0.291, 3: 0.244, 4: 0.404, 5: 0.257, 6: 0.524, 7: 0.455, 8: 0.498, 9: 0.503}
================================================================================
Round 39, Subset 1, Test Acc: 0.1670	Class Acc: {0: 0.998, 1: 0.041, 2: 0.073, 3: 0.039, 4: 0.094, 5: 0.084, 6: 0.229, 7: 0.091, 8: 0.0, 9: 0.021}
Round 39, Subset 2, Test Acc: 0.2217	Class Acc: {0: 0.118, 1: 0.997, 2: 0.22, 3: 0.098, 4: 0.214, 5: 0.175, 6: 0.135, 7: 0.201, 8: 0.059, 9: 0.0}
Round 39, Subset 3, Test Acc: 0.1576	Class Acc: {0: 0.024, 1: 0.197, 2: 0.999, 3: 0.002, 4: 0.0, 5: 0.0, 6: 0.0, 7: 0.006, 8: 0.241, 9: 0.107}
Round 39, Subset 4, Test Acc: 0.1829	Class Acc: {0: 0.232, 1: 0.208, 2: 0.0, 3: 0.999, 4: 0.0, 5: 0.0, 6: 0.0, 7: 0.004, 8: 0.218, 9: 0.168}
Round 39, Subset 5, Test Acc: 0.1513	Class Acc: {0: 0.009, 1: 0.168, 2: 0.0, 3: 0.0, 4: 0.998, 5: 0.0, 6: 0.0, 7: 0.0, 8: 0.112, 9: 0.226}
Round 39, Subset 6, Test Acc: 0.2169	Class Acc: {0: 0.247, 1: 0.23, 2: 0.0, 3: 0.0, 4: 0.0, 5: 0.996, 6: 0.0, 7: 0.006, 8: 0.44, 9: 0.25}
Round 39, Subset 7, Test Acc: 0.2241	Class Acc: {0: 0.382, 1: 0.22, 2: 0.012, 3: 0.0, 4: 0.0, 5: 0.008, 6: 0.999, 7: 0.074, 8: 0.359, 9: 0.187}
Round 39, Subset 8, Test Acc: 0.1931	Class Acc: {0: 0.132, 1: 0.249, 2: 0.04, 3: 0.002, 4: 0.001, 5: 0.0, 6: 0.074, 7: 0.997, 8: 0.33, 9: 0.106}
Round 39, Subset 9, Test Acc: 0.2177	Class Acc: {0: 0.0, 1: 0.027, 2: 0.128, 3: 0.15, 4: 0.215, 5: 0.179, 6: 0.217, 7: 0.25, 8: 0.993, 9: 0.018}
Round 39, Subset 10, Test Acc: 0.2443	Class Acc: {0: 0.259, 1: 0.0, 2: 0.257, 3: 0.047, 4: 0.122, 5: 0.248, 6: 0.225, 7: 0.114, 8: 0.177, 9: 0.994}
Keys aggregated: {'layer1.0.bias', 'fc.bias', 'layer2.0.weight', 'layer2.0.bias', 'fc.weight', 'layer1.0.weight', 'layer3.0.bias', 'layer3.0.weight'}
Round 39, Aggregated Test Acc: 0.4345	Class Acc: {0: 0.517, 1: 0.611, 2: 0.349, 3: 0.21, 4: 0.315, 5: 0.322, 6: 0.532, 7: 0.483, 8: 0.511, 9: 0.495}
================================================================================
Round 40, Subset 1, Test Acc: 0.1648	Class Acc: {0: 0.995, 1: 0.06, 2: 0.039, 3: 0.036, 4: 0.04, 5: 0.138, 6: 0.229, 7: 0.078, 8: 0.0, 9: 0.033}
Round 40, Subset 2, Test Acc: 0.2480	Class Acc: {0: 0.18, 1: 0.99, 2: 0.312, 3: 0.186, 4: 0.18, 5: 0.09, 6: 0.234, 7: 0.196, 8: 0.111, 9: 0.001}
Round 40, Subset 3, Test Acc: 0.1414	Class Acc: {0: 0.008, 1: 0.089, 2: 0.998, 3: 0.002, 4: 0.0, 5: 0.0, 6: 0.0, 7: 0.012, 8: 0.174, 9: 0.131}
Round 40, Subset 4, Test Acc: 0.1832	Class Acc: {0: 0.203, 1: 0.164, 2: 0.0, 3: 1.0, 4: 0.0, 5: 0.0, 6: 0.0, 7: 0.002, 8: 0.293, 9: 0.17}
Round 40, Subset 5, Test Acc: 0.1528	Class Acc: {0: 0.02, 1: 0.187, 2: 0.0, 3: 0.0, 4: 0.998, 5: 0.001, 6: 0.0, 7: 0.0, 8: 0.15, 9: 0.172}
Round 40, Subset 6, Test Acc: 0.2237	Class Acc: {0: 0.225, 1: 0.277, 2: 0.0, 3: 0.0, 4: 0.0, 5: 0.994, 6: 0.0, 7: 0.003, 8: 0.386, 9: 0.352}
Round 40, Subset 7, Test Acc: 0.2325	Class Acc: {0: 0.342, 1: 0.21, 2: 0.014, 3: 0.002, 4: 0.002, 5: 0.003, 6: 0.998, 7: 0.078, 8: 0.513, 9: 0.163}
Round 40, Subset 8, Test Acc: 0.2081	Class Acc: {0: 0.253, 1: 0.193, 2: 0.041, 3: 0.001, 4: 0.002, 5: 0.0, 6: 0.054, 7: 0.996, 8: 0.448, 9: 0.093}
Round 40, Subset 9, Test Acc: 0.2181	Class Acc: {0: 0.0, 1: 0.018, 2: 0.159, 3: 0.086, 4: 0.219, 5: 0.214, 6: 0.207, 7: 0.264, 8: 0.997, 9: 0.017}
Round 40, Subset 10, Test Acc: 0.2359	Class Acc: {0: 0.269, 1: 0.0, 2: 0.233, 3: 0.091, 4: 0.157, 5: 0.215, 6: 0.133, 7: 0.092, 8: 0.176, 9: 0.993}
Keys aggregated: {'layer1.0.bias', 'fc.bias', 'layer2.0.weight', 'layer2.0.bias', 'fc.weight', 'layer1.0.weight', 'layer3.0.bias', 'layer3.0.weight'}
Round 40, Aggregated Test Acc: 0.4384	Class Acc: {0: 0.538, 1: 0.581, 2: 0.341, 3: 0.231, 4: 0.311, 5: 0.312, 6: 0.535, 7: 0.47, 8: 0.541, 9: 0.524}
================================================================================
Round 41, Subset 1, Test Acc: 0.1587	Class Acc: {0: 0.998, 1: 0.043, 2: 0.035, 3: 0.01, 4: 0.017, 5: 0.188, 6: 0.186, 7: 0.071, 8: 0.002, 9: 0.037}
Round 41, Subset 2, Test Acc: 0.2303	Class Acc: {0: 0.055, 1: 0.994, 2: 0.173, 3: 0.1, 4: 0.282, 5: 0.247, 6: 0.189, 7: 0.228, 8: 0.035, 9: 0.0}
Round 41, Subset 3, Test Acc: 0.1357	Class Acc: {0: 0.003, 1: 0.104, 2: 1.0, 3: 0.002, 4: 0.0, 5: 0.0, 6: 0.0, 7: 0.006, 8: 0.119, 9: 0.123}
Round 41, Subset 4, Test Acc: 0.1744	Class Acc: {0: 0.198, 1: 0.133, 2: 0.0, 3: 1.0, 4: 0.0, 5: 0.0, 6: 0.0, 7: 0.004, 8: 0.293, 9: 0.116}
Round 41, Subset 5, Test Acc: 0.1475	Class Acc: {0: 0.012, 1: 0.182, 2: 0.0, 3: 0.0, 4: 0.999, 5: 0.0, 6: 0.0, 7: 0.0, 8: 0.188, 9: 0.094}
Round 41, Subset 6, Test Acc: 0.2252	Class Acc: {0: 0.208, 1: 0.346, 2: 0.0, 3: 0.0, 4: 0.0, 5: 0.994, 6: 0.004, 7: 0.001, 8: 0.43, 9: 0.269}
Round 41, Subset 7, Test Acc: 0.2328	Class Acc: {0: 0.388, 1: 0.23, 2: 0.014, 3: 0.003, 4: 0.0, 5: 0.007, 6: 0.999, 7: 0.043, 8: 0.387, 9: 0.257}
Round 41, Subset 8, Test Acc: 0.1862	Class Acc: {0: 0.202, 1: 0.163, 2: 0.034, 3: 0.001, 4: 0.009, 5: 0.0, 6: 0.057, 7: 0.996, 8: 0.314, 9: 0.086}
Round 41, Subset 9, Test Acc: 0.2453	Class Acc: {0: 0.0, 1: 0.017, 2: 0.162, 3: 0.086, 4: 0.206, 5: 0.269, 6: 0.416, 7: 0.285, 8: 0.991, 9: 0.021}
Round 41, Subset 10, Test Acc: 0.2172	Class Acc: {0: 0.25, 1: 0.0, 2: 0.156, 3: 0.107, 4: 0.193, 5: 0.157, 6: 0.096, 7: 0.084, 8: 0.135, 9: 0.994}
Keys aggregated: {'layer1.0.bias', 'fc.bias', 'layer2.0.weight', 'layer2.0.bias', 'fc.weight', 'layer1.0.weight', 'layer3.0.bias', 'layer3.0.weight'}
Round 41, Aggregated Test Acc: 0.4339	Class Acc: {0: 0.515, 1: 0.598, 2: 0.322, 3: 0.186, 4: 0.306, 5: 0.351, 6: 0.576, 7: 0.472, 8: 0.515, 9: 0.498}
================================================================================
Round 42, Subset 1, Test Acc: 0.1576	Class Acc: {0: 0.998, 1: 0.025, 2: 0.05, 3: 0.056, 4: 0.109, 5: 0.079, 6: 0.205, 7: 0.032, 8: 0.002, 9: 0.02}
Round 42, Subset 2, Test Acc: 0.2114	Class Acc: {0: 0.085, 1: 0.996, 2: 0.281, 3: 0.132, 4: 0.107, 5: 0.165, 6: 0.144, 7: 0.135, 8: 0.068, 9: 0.001}
Round 42, Subset 3, Test Acc: 0.1483	Class Acc: {0: 0.012, 1: 0.186, 2: 1.0, 3: 0.003, 4: 0.0, 5: 0.0, 6: 0.0, 7: 0.016, 8: 0.158, 9: 0.108}
Round 42, Subset 4, Test Acc: 0.2058	Class Acc: {0: 0.245, 1: 0.307, 2: 0.0, 3: 0.999, 4: 0.0, 5: 0.0, 6: 0.0, 7: 0.009, 8: 0.22, 9: 0.278}
Round 42, Subset 5, Test Acc: 0.1835	Class Acc: {0: 0.032, 1: 0.368, 2: 0.0, 3: 0.0, 4: 0.996, 5: 0.0, 6: 0.0, 7: 0.0, 8: 0.295, 9: 0.144}
Round 42, Subset 6, Test Acc: 0.2241	Class Acc: {0: 0.328, 1: 0.339, 2: 0.0, 3: 0.0, 4: 0.0, 5: 0.994, 6: 0.005, 7: 0.006, 8: 0.306, 9: 0.263}
Round 42, Subset 7, Test Acc: 0.2400	Class Acc: {0: 0.401, 1: 0.226, 2: 0.02, 3: 0.002, 4: 0.0, 5: 0.008, 6: 0.999, 7: 0.057, 8: 0.445, 9: 0.242}
Round 42, Subset 8, Test Acc: 0.2128	Class Acc: {0: 0.271, 1: 0.261, 2: 0.037, 3: 0.002, 4: 0.003, 5: 0.001, 6: 0.061, 7: 0.994, 8: 0.359, 9: 0.139}
Round 42, Subset 9, Test Acc: 0.2505	Class Acc: {0: 0.0, 1: 0.031, 2: 0.22, 3: 0.142, 4: 0.129, 5: 0.213, 6: 0.341, 7: 0.396, 8: 0.987, 9: 0.046}
Round 42, Subset 10, Test Acc: 0.2488	Class Acc: {0: 0.218, 1: 0.0, 2: 0.1, 3: 0.148, 4: 0.265, 5: 0.174, 6: 0.261, 7: 0.134, 8: 0.194, 9: 0.994}
Keys aggregated: {'layer1.0.bias', 'fc.bias', 'layer2.0.weight', 'layer2.0.bias', 'fc.weight', 'layer1.0.weight', 'layer3.0.bias', 'layer3.0.weight'}
Round 42, Aggregated Test Acc: 0.4352	Class Acc: {0: 0.515, 1: 0.622, 2: 0.336, 3: 0.247, 4: 0.283, 5: 0.296, 6: 0.555, 7: 0.492, 8: 0.516, 9: 0.49}
================================================================================
Round 43, Subset 1, Test Acc: 0.1811	Class Acc: {0: 0.99, 1: 0.08, 2: 0.037, 3: 0.008, 4: 0.056, 5: 0.16, 6: 0.361, 7: 0.089, 8: 0.002, 9: 0.028}
Round 43, Subset 2, Test Acc: 0.2324	Class Acc: {0: 0.096, 1: 0.993, 2: 0.25, 3: 0.054, 4: 0.209, 5: 0.184, 6: 0.245, 7: 0.173, 8: 0.12, 9: 0.0}
Round 43, Subset 3, Test Acc: 0.1419	Class Acc: {0: 0.009, 1: 0.134, 2: 1.0, 3: 0.001, 4: 0.0, 5: 0.0, 6: 0.0, 7: 0.009, 8: 0.143, 9: 0.123}
Round 43, Subset 4, Test Acc: 0.2060	Class Acc: {0: 0.23, 1: 0.254, 2: 0.0, 3: 1.0, 4: 0.0, 5: 0.0, 6: 0.0, 7: 0.004, 8: 0.326, 9: 0.246}
Round 43, Subset 5, Test Acc: 0.1604	Class Acc: {0: 0.01, 1: 0.207, 2: 0.0, 3: 0.0, 4: 0.998, 5: 0.001, 6: 0.0, 7: 0.0, 8: 0.19, 9: 0.198}
Round 43, Subset 6, Test Acc: 0.2252	Class Acc: {0: 0.275, 1: 0.259, 2: 0.0, 3: 0.0, 4: 0.0, 5: 0.996, 6: 0.001, 7: 0.003, 8: 0.442, 9: 0.276}
Round 43, Subset 7, Test Acc: 0.2595	Class Acc: {0: 0.487, 1: 0.32, 2: 0.013, 3: 0.005, 4: 0.0, 5: 0.013, 6: 0.994, 7: 0.063, 8: 0.324, 9: 0.376}
Round 43, Subset 8, Test Acc: 0.2312	Class Acc: {0: 0.266, 1: 0.376, 2: 0.051, 3: 0.002, 4: 0.004, 5: 0.001, 6: 0.053, 7: 0.992, 8: 0.453, 9: 0.114}
Round 43, Subset 9, Test Acc: 0.2145	Class Acc: {0: 0.0, 1: 0.025, 2: 0.052, 3: 0.054, 4: 0.3, 5: 0.201, 6: 0.257, 7: 0.24, 8: 0.995, 9: 0.021}
Round 43, Subset 10, Test Acc: 0.2519	Class Acc: {0: 0.302, 1: 0.0, 2: 0.203, 3: 0.132, 4: 0.231, 5: 0.218, 6: 0.15, 7: 0.131, 8: 0.159, 9: 0.993}
Keys aggregated: {'layer1.0.bias', 'fc.bias', 'layer2.0.weight', 'layer2.0.bias', 'fc.weight', 'layer1.0.weight', 'layer3.0.bias', 'layer3.0.weight'}
Round 43, Aggregated Test Acc: 0.4369	Class Acc: {0: 0.559, 1: 0.598, 2: 0.324, 3: 0.176, 4: 0.316, 5: 0.342, 6: 0.569, 7: 0.47, 8: 0.514, 9: 0.501}
================================================================================
Round 44, Subset 1, Test Acc: 0.1736	Class Acc: {0: 0.994, 1: 0.054, 2: 0.078, 3: 0.014, 4: 0.052, 5: 0.126, 6: 0.342, 7: 0.052, 8: 0.0, 9: 0.024}
Round 44, Subset 2, Test Acc: 0.2371	Class Acc: {0: 0.073, 1: 0.989, 2: 0.188, 3: 0.045, 4: 0.284, 5: 0.283, 6: 0.25, 7: 0.19, 8: 0.068, 9: 0.001}
Round 44, Subset 3, Test Acc: 0.1296	Class Acc: {0: 0.002, 1: 0.041, 2: 1.0, 3: 0.001, 4: 0.0, 5: 0.001, 6: 0.0, 7: 0.001, 8: 0.178, 9: 0.072}
Round 44, Subset 4, Test Acc: 0.1842	Class Acc: {0: 0.122, 1: 0.201, 2: 0.001, 3: 1.0, 4: 0.001, 5: 0.0, 6: 0.0, 7: 0.006, 8: 0.267, 9: 0.244}
Round 44, Subset 5, Test Acc: 0.1766	Class Acc: {0: 0.052, 1: 0.339, 2: 0.0, 3: 0.001, 4: 0.997, 5: 0.0, 6: 0.002, 7: 0.0, 8: 0.198, 9: 0.177}
Round 44, Subset 6, Test Acc: 0.2012	Class Acc: {0: 0.2, 1: 0.214, 2: 0.0, 3: 0.0, 4: 0.0, 5: 0.997, 6: 0.002, 7: 0.002, 8: 0.347, 9: 0.25}
Round 44, Subset 7, Test Acc: 0.2501	Class Acc: {0: 0.345, 1: 0.202, 2: 0.022, 3: 0.003, 4: 0.0, 5: 0.013, 6: 0.999, 7: 0.083, 8: 0.507, 9: 0.327}
Round 44, Subset 8, Test Acc: 0.2267	Class Acc: {0: 0.269, 1: 0.333, 2: 0.048, 3: 0.002, 4: 0.004, 5: 0.001, 6: 0.078, 7: 0.994, 8: 0.406, 9: 0.132}
Round 44, Subset 9, Test Acc: 0.2467	Class Acc: {0: 0.0, 1: 0.039, 2: 0.12, 3: 0.075, 4: 0.33, 5: 0.192, 6: 0.424, 7: 0.275, 8: 0.991, 9: 0.021}
Round 44, Subset 10, Test Acc: 0.2387	Class Acc: {0: 0.227, 1: 0.0, 2: 0.218, 3: 0.096, 4: 0.346, 5: 0.151, 6: 0.107, 7: 0.105, 8: 0.144, 9: 0.993}
Keys aggregated: {'layer1.0.bias', 'fc.bias', 'layer2.0.weight', 'layer2.0.bias', 'fc.weight', 'layer1.0.weight', 'layer3.0.bias', 'layer3.0.weight'}
Round 44, Aggregated Test Acc: 0.4339	Class Acc: {0: 0.513, 1: 0.581, 2: 0.341, 3: 0.182, 4: 0.353, 5: 0.31, 6: 0.569, 7: 0.452, 8: 0.525, 9: 0.513}
================================================================================
Round 45, Subset 1, Test Acc: 0.1953	Class Acc: {0: 0.985, 1: 0.071, 2: 0.085, 3: 0.034, 4: 0.105, 5: 0.187, 6: 0.343, 7: 0.115, 8: 0.001, 9: 0.027}
Round 45, Subset 2, Test Acc: 0.2612	Class Acc: {0: 0.123, 1: 0.989, 2: 0.124, 3: 0.069, 4: 0.342, 5: 0.391, 6: 0.276, 7: 0.235, 8: 0.062, 9: 0.001}
Round 45, Subset 3, Test Acc: 0.1540	Class Acc: {0: 0.002, 1: 0.209, 2: 0.999, 3: 0.002, 4: 0.0, 5: 0.0, 6: 0.0, 7: 0.01, 8: 0.13, 9: 0.188}
Round 45, Subset 4, Test Acc: 0.1967	Class Acc: {0: 0.111, 1: 0.18, 2: 0.003, 3: 0.998, 4: 0.0, 5: 0.0, 6: 0.0, 7: 0.006, 8: 0.339, 9: 0.33}
Round 45, Subset 5, Test Acc: 0.1647	Class Acc: {0: 0.02, 1: 0.251, 2: 0.0, 3: 0.0, 4: 0.998, 5: 0.003, 6: 0.002, 7: 0.0, 8: 0.122, 9: 0.251}
Round 45, Subset 6, Test Acc: 0.2089	Class Acc: {0: 0.172, 1: 0.239, 2: 0.0, 3: 0.0, 4: 0.0, 5: 0.997, 6: 0.0, 7: 0.003, 8: 0.321, 9: 0.357}
Round 45, Subset 7, Test Acc: 0.2616	Class Acc: {0: 0.255, 1: 0.374, 2: 0.011, 3: 0.0, 4: 0.002, 5: 0.012, 6: 0.999, 7: 0.118, 8: 0.467, 9: 0.378}
Round 45, Subset 8, Test Acc: 0.2055	Class Acc: {0: 0.259, 1: 0.232, 2: 0.049, 3: 0.004, 4: 0.003, 5: 0.002, 6: 0.055, 7: 0.997, 8: 0.391, 9: 0.063}
Round 45, Subset 9, Test Acc: 0.2311	Class Acc: {0: 0.0, 1: 0.036, 2: 0.172, 3: 0.177, 4: 0.294, 5: 0.119, 6: 0.204, 7: 0.296, 8: 0.991, 9: 0.022}
Round 45, Subset 10, Test Acc: 0.2597	Class Acc: {0: 0.321, 1: 0.0, 2: 0.187, 3: 0.06, 4: 0.289, 5: 0.229, 6: 0.212, 7: 0.16, 8: 0.15, 9: 0.989}
Keys aggregated: {'layer1.0.bias', 'fc.bias', 'layer2.0.weight', 'layer2.0.bias', 'fc.weight', 'layer1.0.weight', 'layer3.0.bias', 'layer3.0.weight'}
Round 45, Aggregated Test Acc: 0.4358	Class Acc: {0: 0.5, 1: 0.608, 2: 0.337, 3: 0.222, 4: 0.325, 5: 0.328, 6: 0.529, 7: 0.479, 8: 0.492, 9: 0.538}
================================================================================
Round 46, Subset 1, Test Acc: 0.1649	Class Acc: {0: 0.995, 1: 0.045, 2: 0.045, 3: 0.045, 4: 0.062, 5: 0.078, 6: 0.289, 7: 0.059, 8: 0.001, 9: 0.03}
Round 46, Subset 2, Test Acc: 0.2378	Class Acc: {0: 0.052, 1: 0.99, 2: 0.199, 3: 0.233, 4: 0.274, 5: 0.14, 6: 0.179, 7: 0.27, 8: 0.04, 9: 0.001}
Round 46, Subset 3, Test Acc: 0.1327	Class Acc: {0: 0.01, 1: 0.081, 2: 1.0, 3: 0.001, 4: 0.0, 5: 0.002, 6: 0.0, 7: 0.0, 8: 0.135, 9: 0.098}
Round 46, Subset 4, Test Acc: 0.2170	Class Acc: {0: 0.174, 1: 0.271, 2: 0.002, 3: 0.998, 4: 0.0, 5: 0.0, 6: 0.0, 7: 0.015, 8: 0.363, 9: 0.347}
Round 46, Subset 5, Test Acc: 0.1586	Class Acc: {0: 0.021, 1: 0.173, 2: 0.001, 3: 0.0, 4: 0.999, 5: 0.002, 6: 0.0, 7: 0.0, 8: 0.22, 9: 0.17}
Round 46, Subset 6, Test Acc: 0.2218	Class Acc: {0: 0.289, 1: 0.308, 2: 0.0, 3: 0.0, 4: 0.0, 5: 0.996, 6: 0.004, 7: 0.004, 8: 0.376, 9: 0.241}
Round 46, Subset 7, Test Acc: 0.2416	Class Acc: {0: 0.357, 1: 0.378, 2: 0.012, 3: 0.0, 4: 0.0, 5: 0.009, 6: 0.997, 7: 0.07, 8: 0.354, 9: 0.239}
Round 46, Subset 8, Test Acc: 0.1909	Class Acc: {0: 0.203, 1: 0.269, 2: 0.024, 3: 0.001, 4: 0.009, 5: 0.0, 6: 0.07, 7: 0.996, 8: 0.274, 9: 0.063}
Round 46, Subset 9, Test Acc: 0.2472	Class Acc: {0: 0.0, 1: 0.03, 2: 0.126, 3: 0.104, 4: 0.345, 5: 0.267, 6: 0.327, 7: 0.264, 8: 0.988, 9: 0.021}
Round 46, Subset 10, Test Acc: 0.2613	Class Acc: {0: 0.288, 1: 0.0, 2: 0.189, 3: 0.131, 4: 0.357, 5: 0.159, 6: 0.13, 7: 0.117, 8: 0.252, 9: 0.99}
Keys aggregated: {'layer1.0.bias', 'fc.bias', 'layer2.0.weight', 'layer2.0.bias', 'fc.weight', 'layer1.0.weight', 'layer3.0.bias', 'layer3.0.weight'}
Round 46, Aggregated Test Acc: 0.4405	Class Acc: {0: 0.542, 1: 0.602, 2: 0.339, 3: 0.24, 4: 0.335, 5: 0.318, 6: 0.541, 7: 0.46, 8: 0.531, 9: 0.497}
================================================================================
Round 47, Subset 1, Test Acc: 0.1666	Class Acc: {0: 0.996, 1: 0.043, 2: 0.081, 3: 0.029, 4: 0.053, 5: 0.196, 6: 0.161, 7: 0.076, 8: 0.001, 9: 0.03}
Round 47, Subset 2, Test Acc: 0.2363	Class Acc: {0: 0.068, 1: 0.994, 2: 0.218, 3: 0.146, 4: 0.233, 5: 0.207, 6: 0.156, 7: 0.291, 8: 0.049, 9: 0.001}
Round 47, Subset 3, Test Acc: 0.1615	Class Acc: {0: 0.028, 1: 0.24, 2: 0.998, 3: 0.004, 4: 0.0, 5: 0.002, 6: 0.0, 7: 0.023, 8: 0.202, 9: 0.118}
Round 47, Subset 4, Test Acc: 0.1874	Class Acc: {0: 0.234, 1: 0.208, 2: 0.002, 3: 1.0, 4: 0.001, 5: 0.0, 6: 0.0, 7: 0.007, 8: 0.286, 9: 0.136}
Round 47, Subset 5, Test Acc: 0.1765	Class Acc: {0: 0.029, 1: 0.24, 2: 0.0, 3: 0.0, 4: 0.996, 5: 0.0, 6: 0.0, 7: 0.0, 8: 0.253, 9: 0.247}
Round 47, Subset 6, Test Acc: 0.2253	Class Acc: {0: 0.295, 1: 0.196, 2: 0.0, 3: 0.0, 4: 0.0, 5: 0.995, 6: 0.002, 7: 0.012, 8: 0.451, 9: 0.302}
Round 47, Subset 7, Test Acc: 0.2365	Class Acc: {0: 0.447, 1: 0.218, 2: 0.012, 3: 0.001, 4: 0.0, 5: 0.015, 6: 0.997, 7: 0.091, 8: 0.411, 9: 0.173}
Round 47, Subset 8, Test Acc: 0.2140	Class Acc: {0: 0.217, 1: 0.267, 2: 0.046, 3: 0.003, 4: 0.013, 5: 0.001, 6: 0.055, 7: 0.993, 8: 0.446, 9: 0.099}
Round 47, Subset 9, Test Acc: 0.2580	Class Acc: {0: 0.001, 1: 0.053, 2: 0.139, 3: 0.088, 4: 0.296, 5: 0.171, 6: 0.494, 7: 0.303, 8: 0.984, 9: 0.051}
Round 47, Subset 10, Test Acc: 0.2404	Class Acc: {0: 0.279, 1: 0.0, 2: 0.231, 3: 0.046, 4: 0.204, 5: 0.181, 6: 0.108, 7: 0.141, 8: 0.221, 9: 0.993}
Keys aggregated: {'layer1.0.bias', 'fc.bias', 'layer2.0.weight', 'layer2.0.bias', 'fc.weight', 'layer1.0.weight', 'layer3.0.bias', 'layer3.0.weight'}
Round 47, Aggregated Test Acc: 0.4391	Class Acc: {0: 0.537, 1: 0.589, 2: 0.351, 3: 0.238, 4: 0.286, 5: 0.332, 6: 0.551, 7: 0.473, 8: 0.548, 9: 0.486}
================================================================================
Round 48, Subset 1, Test Acc: 0.1697	Class Acc: {0: 0.994, 1: 0.074, 2: 0.066, 3: 0.009, 4: 0.048, 5: 0.156, 6: 0.259, 7: 0.065, 8: 0.0, 9: 0.026}
Round 48, Subset 2, Test Acc: 0.2355	Class Acc: {0: 0.073, 1: 0.993, 2: 0.255, 3: 0.149, 4: 0.251, 5: 0.144, 6: 0.174, 7: 0.256, 8: 0.059, 9: 0.001}
Round 48, Subset 3, Test Acc: 0.1449	Class Acc: {0: 0.022, 1: 0.151, 2: 1.0, 3: 0.005, 4: 0.0, 5: 0.002, 6: 0.0, 7: 0.01, 8: 0.132, 9: 0.127}
Round 48, Subset 4, Test Acc: 0.1789	Class Acc: {0: 0.119, 1: 0.186, 2: 0.002, 3: 1.0, 4: 0.0, 5: 0.0, 6: 0.0, 7: 0.006, 8: 0.222, 9: 0.254}
Round 48, Subset 5, Test Acc: 0.1629	Class Acc: {0: 0.012, 1: 0.246, 2: 0.0, 3: 0.0, 4: 0.998, 5: 0.002, 6: 0.0, 7: 0.0, 8: 0.158, 9: 0.213}
Round 48, Subset 6, Test Acc: 0.2384	Class Acc: {0: 0.375, 1: 0.332, 2: 0.0, 3: 0.0, 4: 0.0, 5: 0.996, 6: 0.001, 7: 0.008, 8: 0.382, 9: 0.29}
Round 48, Subset 7, Test Acc: 0.2537	Class Acc: {0: 0.392, 1: 0.285, 2: 0.016, 3: 0.004, 4: 0.001, 5: 0.026, 6: 0.998, 7: 0.129, 8: 0.411, 9: 0.275}
Round 48, Subset 8, Test Acc: 0.2049	Class Acc: {0: 0.175, 1: 0.211, 2: 0.062, 3: 0.002, 4: 0.024, 5: 0.0, 6: 0.117, 7: 0.994, 8: 0.375, 9: 0.089}
Round 48, Subset 9, Test Acc: 0.2463	Class Acc: {0: 0.001, 1: 0.019, 2: 0.202, 3: 0.043, 4: 0.302, 5: 0.213, 6: 0.396, 7: 0.272, 8: 0.989, 9: 0.026}
Round 48, Subset 10, Test Acc: 0.2425	Class Acc: {0: 0.209, 1: 0.001, 2: 0.153, 3: 0.091, 4: 0.283, 5: 0.208, 6: 0.164, 7: 0.13, 8: 0.192, 9: 0.994}
Keys aggregated: {'layer1.0.bias', 'fc.bias', 'layer2.0.weight', 'layer2.0.bias', 'fc.weight', 'layer1.0.weight', 'layer3.0.bias', 'layer3.0.weight'}
Round 48, Aggregated Test Acc: 0.4359	Class Acc: {0: 0.515, 1: 0.595, 2: 0.349, 3: 0.229, 4: 0.315, 5: 0.327, 6: 0.558, 7: 0.467, 8: 0.499, 9: 0.505}
================================================================================
Round 49, Subset 1, Test Acc: 0.1936	Class Acc: {0: 0.991, 1: 0.088, 2: 0.05, 3: 0.043, 4: 0.116, 5: 0.232, 6: 0.234, 7: 0.105, 8: 0.002, 9: 0.075}
Round 49, Subset 2, Test Acc: 0.2411	Class Acc: {0: 0.129, 1: 0.993, 2: 0.206, 3: 0.109, 4: 0.256, 5: 0.155, 6: 0.175, 7: 0.289, 8: 0.099, 9: 0.0}
Round 49, Subset 3, Test Acc: 0.1630	Class Acc: {0: 0.013, 1: 0.278, 2: 1.0, 3: 0.005, 4: 0.0, 5: 0.001, 6: 0.0, 7: 0.015, 8: 0.213, 9: 0.105}
Round 49, Subset 4, Test Acc: 0.1967	Class Acc: {0: 0.251, 1: 0.25, 2: 0.006, 3: 0.999, 4: 0.002, 5: 0.0, 6: 0.0, 7: 0.008, 8: 0.316, 9: 0.135}
Round 49, Subset 5, Test Acc: 0.1759	Class Acc: {0: 0.024, 1: 0.324, 2: 0.0, 3: 0.0, 4: 0.998, 5: 0.003, 6: 0.001, 7: 0.0, 8: 0.184, 9: 0.225}
Round 49, Subset 6, Test Acc: 0.2156	Class Acc: {0: 0.257, 1: 0.292, 2: 0.0, 3: 0.0, 4: 0.0, 5: 0.994, 6: 0.005, 7: 0.004, 8: 0.389, 9: 0.215}
Round 49, Subset 7, Test Acc: 0.2677	Class Acc: {0: 0.406, 1: 0.312, 2: 0.017, 3: 0.005, 4: 0.001, 5: 0.028, 6: 0.997, 7: 0.149, 8: 0.44, 9: 0.322}
Round 49, Subset 8, Test Acc: 0.2299	Class Acc: {0: 0.279, 1: 0.252, 2: 0.053, 3: 0.002, 4: 0.046, 5: 0.0, 6: 0.103, 7: 0.991, 8: 0.449, 9: 0.124}
Round 49, Subset 9, Test Acc: 0.2491	Class Acc: {0: 0.0, 1: 0.048, 2: 0.125, 3: 0.063, 4: 0.393, 5: 0.152, 6: 0.379, 7: 0.317, 8: 0.991, 9: 0.023}
Round 49, Subset 10, Test Acc: 0.2474	Class Acc: {0: 0.241, 1: 0.0, 2: 0.211, 3: 0.106, 4: 0.3, 5: 0.153, 6: 0.161, 7: 0.15, 8: 0.159, 9: 0.993}
Keys aggregated: {'layer1.0.bias', 'fc.bias', 'layer2.0.weight', 'layer2.0.bias', 'fc.weight', 'layer1.0.weight', 'layer3.0.bias', 'layer3.0.weight'}
Round 49, Aggregated Test Acc: 0.4374	Class Acc: {0: 0.523, 1: 0.608, 2: 0.339, 3: 0.208, 4: 0.358, 5: 0.294, 6: 0.545, 7: 0.479, 8: 0.546, 9: 0.474}
================================================================================
Round 50, Subset 1, Test Acc: 0.1807	Class Acc: {0: 0.994, 1: 0.086, 2: 0.096, 3: 0.044, 4: 0.077, 5: 0.118, 6: 0.31, 7: 0.05, 8: 0.001, 9: 0.031}
Round 50, Subset 2, Test Acc: 0.2325	Class Acc: {0: 0.13, 1: 0.993, 2: 0.273, 3: 0.149, 4: 0.215, 5: 0.133, 6: 0.163, 7: 0.164, 8: 0.104, 9: 0.001}
Round 50, Subset 3, Test Acc: 0.1590	Class Acc: {0: 0.005, 1: 0.166, 2: 0.999, 3: 0.001, 4: 0.0, 5: 0.0, 6: 0.0, 7: 0.01, 8: 0.176, 9: 0.233}
Round 50, Subset 4, Test Acc: 0.2065	Class Acc: {0: 0.216, 1: 0.352, 2: 0.002, 3: 0.998, 4: 0.001, 5: 0.0, 6: 0.0, 7: 0.007, 8: 0.32, 9: 0.169}
Round 50, Subset 5, Test Acc: 0.1557	Class Acc: {0: 0.033, 1: 0.244, 2: 0.0, 3: 0.0, 4: 0.999, 5: 0.001, 6: 0.001, 7: 0.001, 8: 0.097, 9: 0.181}
Round 50, Subset 6, Test Acc: 0.2361	Class Acc: {0: 0.403, 1: 0.249, 2: 0.0, 3: 0.0, 4: 0.0, 5: 0.995, 6: 0.004, 7: 0.005, 8: 0.411, 9: 0.294}
Round 50, Subset 7, Test Acc: 0.2602	Class Acc: {0: 0.428, 1: 0.31, 2: 0.023, 3: 0.003, 4: 0.001, 5: 0.015, 6: 0.998, 7: 0.119, 8: 0.44, 9: 0.265}
Round 50, Subset 8, Test Acc: 0.2130	Class Acc: {0: 0.218, 1: 0.282, 2: 0.056, 3: 0.004, 4: 0.009, 5: 0.0, 6: 0.058, 7: 0.994, 8: 0.428, 9: 0.081}
Round 50, Subset 9, Test Acc: 0.2252	Class Acc: {0: 0.0, 1: 0.018, 2: 0.207, 3: 0.051, 4: 0.212, 5: 0.133, 6: 0.364, 7: 0.246, 8: 0.994, 9: 0.027}
Round 50, Subset 10, Test Acc: 0.2464	Class Acc: {0: 0.265, 1: 0.0, 2: 0.193, 3: 0.044, 4: 0.3, 5: 0.17, 6: 0.151, 7: 0.091, 8: 0.26, 9: 0.99}
Keys aggregated: {'layer1.0.bias', 'fc.bias', 'layer2.0.weight', 'layer2.0.bias', 'fc.weight', 'layer1.0.weight', 'layer3.0.bias', 'layer3.0.weight'}
Round 50, Aggregated Test Acc: 0.4404	Class Acc: {0: 0.571, 1: 0.586, 2: 0.371, 3: 0.223, 4: 0.321, 5: 0.301, 6: 0.552, 7: 0.449, 8: 0.533, 9: 0.497}
================================================================================
