Round 1, Subset 1, Group Averaging Test Acc: 0.2431
Round 1, Subset 2, Group Averaging Test Acc: 0.1350
Round 1, Subset 3, Group Averaging Test Acc: 0.1705
Round 1, Subset 4, Group Averaging Test Acc: 0.1716
Round 1, Subset 5, Group Averaging Test Acc: 0.1817
Round 1, Subset 6, Group Averaging Test Acc: 0.1780
Round 1, Subset 7, Group Averaging Test Acc: 0.1763
Round 1, Subset 8, Group Averaging Test Acc: 0.2149
Round 1, Subset 9, Test Acc: 0.3904
Round 1, Subset 10, Test Acc: 0.3510
Aggregating 82 models...
Round 1, Aggregated Test Acc: 0.1000
================================================================================
Round 2, Subset 1, Group Averaging Test Acc: 0.1566
Round 2, Subset 2, Group Averaging Test Acc: 0.1780
Round 2, Subset 3, Group Averaging Test Acc: 0.1825
Round 2, Subset 4, Group Averaging Test Acc: 0.1866
Round 2, Subset 5, Group Averaging Test Acc: 0.1666
Round 2, Subset 6, Group Averaging Test Acc: 0.1567
Round 2, Subset 7, Group Averaging Test Acc: 0.1544
Round 2, Subset 8, Group Averaging Test Acc: 0.1768
Round 2, Subset 9, Test Acc: 0.1620
Round 2, Subset 10, Test Acc: 0.1398
Aggregating 82 models...
Round 2, Aggregated Test Acc: 0.1000
================================================================================
Round 3, Subset 1, Group Averaging Test Acc: 0.1369
Round 3, Subset 2, Group Averaging Test Acc: 0.1751
Round 3, Subset 3, Group Averaging Test Acc: 0.1473
Round 3, Subset 4, Group Averaging Test Acc: 0.1812
Round 3, Subset 5, Group Averaging Test Acc: 0.1474
Round 3, Subset 6, Group Averaging Test Acc: 0.1672
Round 3, Subset 7, Group Averaging Test Acc: 0.1423
Round 3, Subset 8, Group Averaging Test Acc: 0.1535
Round 3, Subset 9, Test Acc: 0.1022
Round 3, Subset 10, Test Acc: 0.1092
Aggregating 82 models...
Round 3, Aggregated Test Acc: 0.1000
================================================================================
Round 4, Subset 1, Group Averaging Test Acc: 0.1974
Round 4, Subset 2, Group Averaging Test Acc: 0.1870
Round 4, Subset 3, Group Averaging Test Acc: 0.1461
Round 4, Subset 4, Group Averaging Test Acc: 0.1841
Round 4, Subset 5, Group Averaging Test Acc: 0.1827
Round 4, Subset 6, Group Averaging Test Acc: 0.1890
Round 4, Subset 7, Group Averaging Test Acc: 0.1865
Round 4, Subset 8, Group Averaging Test Acc: 0.1693
Round 4, Subset 9, Test Acc: 0.1034
Round 4, Subset 10, Test Acc: 0.1088
Aggregating 82 models...
Round 4, Aggregated Test Acc: 0.1000
================================================================================
Round 5, Subset 1, Group Averaging Test Acc: 0.2373
Round 5, Subset 2, Group Averaging Test Acc: 0.2163
Round 5, Subset 3, Group Averaging Test Acc: 0.2238
Round 5, Subset 4, Group Averaging Test Acc: 0.2344
Round 5, Subset 5, Group Averaging Test Acc: 0.2361
Round 5, Subset 6, Group Averaging Test Acc: 0.2075
Round 5, Subset 7, Group Averaging Test Acc: 0.2097
Round 5, Subset 8, Group Averaging Test Acc: 0.2274
Round 5, Subset 9, Test Acc: 0.1852
Round 5, Subset 10, Test Acc: 0.2516
Aggregating 82 models...
Round 5, Aggregated Test Acc: 0.1000
================================================================================
Round 6, Subset 1, Group Averaging Test Acc: 0.2836
Round 6, Subset 2, Group Averaging Test Acc: 0.2623
Round 6, Subset 3, Group Averaging Test Acc: 0.2543
Round 6, Subset 4, Group Averaging Test Acc: 0.2733
Round 6, Subset 5, Group Averaging Test Acc: 0.2693
Round 6, Subset 6, Group Averaging Test Acc: 0.2566
Round 6, Subset 7, Group Averaging Test Acc: 0.2671
Round 6, Subset 8, Group Averaging Test Acc: 0.2738
Round 6, Subset 9, Test Acc: 0.2602
Round 6, Subset 10, Test Acc: 0.2648
Aggregating 82 models...
Round 6, Aggregated Test Acc: 0.1000
================================================================================
Round 7, Subset 1, Group Averaging Test Acc: 0.3083
Round 7, Subset 2, Group Averaging Test Acc: 0.3136
Round 7, Subset 3, Group Averaging Test Acc: 0.2968
Round 7, Subset 4, Group Averaging Test Acc: 0.3194
Round 7, Subset 5, Group Averaging Test Acc: 0.3100
Round 7, Subset 6, Group Averaging Test Acc: 0.3121
Round 7, Subset 7, Group Averaging Test Acc: 0.3062
Round 7, Subset 8, Group Averaging Test Acc: 0.3122
Round 7, Subset 9, Test Acc: 0.2560
Round 7, Subset 10, Test Acc: 0.2810
Aggregating 82 models...
Round 7, Aggregated Test Acc: 0.1000
================================================================================
Round 8, Subset 1, Group Averaging Test Acc: 0.3403
Round 8, Subset 2, Group Averaging Test Acc: 0.3498
Round 8, Subset 3, Group Averaging Test Acc: 0.3221
Round 8, Subset 4, Group Averaging Test Acc: 0.3423
Round 8, Subset 5, Group Averaging Test Acc: 0.3416
Round 8, Subset 6, Group Averaging Test Acc: 0.3318
Round 8, Subset 7, Group Averaging Test Acc: 0.3314
Round 8, Subset 8, Group Averaging Test Acc: 0.3499
Round 8, Subset 9, Test Acc: 0.2822
Round 8, Subset 10, Test Acc: 0.2672
Aggregating 82 models...
Round 8, Aggregated Test Acc: 0.1000
================================================================================
Round 9, Subset 1, Group Averaging Test Acc: 0.3514
Round 9, Subset 2, Group Averaging Test Acc: 0.3621
Round 9, Subset 3, Group Averaging Test Acc: 0.3721
Round 9, Subset 4, Group Averaging Test Acc: 0.3772
Round 9, Subset 5, Group Averaging Test Acc: 0.3727
Round 9, Subset 6, Group Averaging Test Acc: 0.3526
Round 9, Subset 7, Group Averaging Test Acc: 0.3468
Round 9, Subset 8, Group Averaging Test Acc: 0.3664
Round 9, Subset 9, Test Acc: 0.2646
Round 9, Subset 10, Test Acc: 0.2666
Aggregating 82 models...
Round 9, Aggregated Test Acc: 0.1000
================================================================================
Round 10, Subset 1, Group Averaging Test Acc: 0.3841
Round 10, Subset 2, Group Averaging Test Acc: 0.3957
Round 10, Subset 3, Group Averaging Test Acc: 0.3644
Round 10, Subset 4, Group Averaging Test Acc: 0.3943
Round 10, Subset 5, Group Averaging Test Acc: 0.3754
Round 10, Subset 6, Group Averaging Test Acc: 0.3726
Round 10, Subset 7, Group Averaging Test Acc: 0.3803
Round 10, Subset 8, Group Averaging Test Acc: 0.3831
Round 10, Subset 9, Test Acc: 0.2928
Round 10, Subset 10, Test Acc: 0.2920
Aggregating 82 models...
Round 10, Aggregated Test Acc: 0.1000
================================================================================
Round 11, Subset 1, Group Averaging Test Acc: 0.3920
Round 11, Subset 2, Group Averaging Test Acc: 0.4155
Round 11, Subset 3, Group Averaging Test Acc: 0.4005
Round 11, Subset 4, Group Averaging Test Acc: 0.4065
Round 11, Subset 5, Group Averaging Test Acc: 0.4057
Round 11, Subset 6, Group Averaging Test Acc: 0.4090
Round 11, Subset 7, Group Averaging Test Acc: 0.3724
Round 11, Subset 8, Group Averaging Test Acc: 0.4153
Round 11, Subset 9, Test Acc: 0.3002
Round 11, Subset 10, Test Acc: 0.2724
Aggregating 82 models...
Round 11, Aggregated Test Acc: 0.1000
================================================================================
Round 12, Subset 1, Group Averaging Test Acc: 0.4372
Round 12, Subset 2, Group Averaging Test Acc: 0.4332
Round 12, Subset 3, Group Averaging Test Acc: 0.4204
Round 12, Subset 4, Group Averaging Test Acc: 0.4481
Round 12, Subset 5, Group Averaging Test Acc: 0.4124
Round 12, Subset 6, Group Averaging Test Acc: 0.4039
Round 12, Subset 7, Group Averaging Test Acc: 0.4138
Round 12, Subset 8, Group Averaging Test Acc: 0.4339
Round 12, Subset 9, Test Acc: 0.2814
Round 12, Subset 10, Test Acc: 0.2940
Aggregating 82 models...
Round 12, Aggregated Test Acc: 0.1000
================================================================================
Round 13, Subset 1, Group Averaging Test Acc: 0.4357
Round 13, Subset 2, Group Averaging Test Acc: 0.4577
Round 13, Subset 3, Group Averaging Test Acc: 0.4342
Round 13, Subset 4, Group Averaging Test Acc: 0.4454
Round 13, Subset 5, Group Averaging Test Acc: 0.4483
Round 13, Subset 6, Group Averaging Test Acc: 0.4363
Round 13, Subset 7, Group Averaging Test Acc: 0.4430
Round 13, Subset 8, Group Averaging Test Acc: 0.4603
Round 13, Subset 9, Test Acc: 0.3140
Round 13, Subset 10, Test Acc: 0.3126
Aggregating 82 models...
Round 13, Aggregated Test Acc: 0.1000
================================================================================
Round 14, Subset 1, Group Averaging Test Acc: 0.4619
Round 14, Subset 2, Group Averaging Test Acc: 0.4728
Round 14, Subset 3, Group Averaging Test Acc: 0.4503
Round 14, Subset 4, Group Averaging Test Acc: 0.4528
Round 14, Subset 5, Group Averaging Test Acc: 0.4705
Round 14, Subset 6, Group Averaging Test Acc: 0.4642
Round 14, Subset 7, Group Averaging Test Acc: 0.4516
Round 14, Subset 8, Group Averaging Test Acc: 0.4664
Round 14, Subset 9, Test Acc: 0.3046
Round 14, Subset 10, Test Acc: 0.2986
Aggregating 82 models...
Round 14, Aggregated Test Acc: 0.1000
================================================================================
Round 15, Subset 1, Group Averaging Test Acc: 0.4636
Round 15, Subset 2, Group Averaging Test Acc: 0.4786
Round 15, Subset 3, Group Averaging Test Acc: 0.4585
Round 15, Subset 4, Group Averaging Test Acc: 0.4907
Round 15, Subset 5, Group Averaging Test Acc: 0.4702
Round 15, Subset 6, Group Averaging Test Acc: 0.4753
Round 15, Subset 7, Group Averaging Test Acc: 0.4637
Round 15, Subset 8, Group Averaging Test Acc: 0.4709
Round 15, Subset 9, Test Acc: 0.3082
Round 15, Subset 10, Test Acc: 0.3008
Aggregating 82 models...
Round 15, Aggregated Test Acc: 0.1000
================================================================================
Round 16, Subset 1, Group Averaging Test Acc: 0.4810
Round 16, Subset 2, Group Averaging Test Acc: 0.4863
Round 16, Subset 3, Group Averaging Test Acc: 0.4679
Round 16, Subset 4, Group Averaging Test Acc: 0.4921
Round 16, Subset 5, Group Averaging Test Acc: 0.4934
Round 16, Subset 6, Group Averaging Test Acc: 0.4887
Round 16, Subset 7, Group Averaging Test Acc: 0.4762
Round 16, Subset 8, Group Averaging Test Acc: 0.4771
Round 16, Subset 9, Test Acc: 0.3098
Round 16, Subset 10, Test Acc: 0.3310
Aggregating 82 models...
Round 16, Aggregated Test Acc: 0.1000
================================================================================
Round 17, Subset 1, Group Averaging Test Acc: 0.4902
Round 17, Subset 2, Group Averaging Test Acc: 0.4938
Round 17, Subset 3, Group Averaging Test Acc: 0.4845
Round 17, Subset 4, Group Averaging Test Acc: 0.4852
Round 17, Subset 5, Group Averaging Test Acc: 0.4960
Round 17, Subset 6, Group Averaging Test Acc: 0.4787
Round 17, Subset 7, Group Averaging Test Acc: 0.4632
Round 17, Subset 8, Group Averaging Test Acc: 0.5077
Round 17, Subset 9, Test Acc: 0.2986
Round 17, Subset 10, Test Acc: 0.3252
Aggregating 82 models...
Round 17, Aggregated Test Acc: 0.1000
================================================================================
Round 18, Subset 1, Group Averaging Test Acc: 0.4918
Round 18, Subset 2, Group Averaging Test Acc: 0.5058
Round 18, Subset 3, Group Averaging Test Acc: 0.4590
Round 18, Subset 4, Group Averaging Test Acc: 0.5147
Round 18, Subset 5, Group Averaging Test Acc: 0.5031
Round 18, Subset 6, Group Averaging Test Acc: 0.5002
Round 18, Subset 7, Group Averaging Test Acc: 0.4880
Round 18, Subset 8, Group Averaging Test Acc: 0.4954
Round 18, Subset 9, Test Acc: 0.2968
Round 18, Subset 10, Test Acc: 0.3064
Aggregating 82 models...
Round 18, Aggregated Test Acc: 0.1000
================================================================================
Round 19, Subset 1, Group Averaging Test Acc: 0.4984
Round 19, Subset 2, Group Averaging Test Acc: 0.5187
Round 19, Subset 3, Group Averaging Test Acc: 0.5045
Round 19, Subset 4, Group Averaging Test Acc: 0.5159
Round 19, Subset 5, Group Averaging Test Acc: 0.5144
Round 19, Subset 6, Group Averaging Test Acc: 0.5129
Round 19, Subset 7, Group Averaging Test Acc: 0.4881
Round 19, Subset 8, Group Averaging Test Acc: 0.5041
Round 19, Subset 9, Test Acc: 0.3046
Round 19, Subset 10, Test Acc: 0.3252
Aggregating 82 models...
Round 19, Aggregated Test Acc: 0.1000
================================================================================
Round 20, Subset 1, Group Averaging Test Acc: 0.5080
Round 20, Subset 2, Group Averaging Test Acc: 0.5331
Round 20, Subset 3, Group Averaging Test Acc: 0.5067
Round 20, Subset 4, Group Averaging Test Acc: 0.5181
Round 20, Subset 5, Group Averaging Test Acc: 0.4867
Round 20, Subset 6, Group Averaging Test Acc: 0.5205
Round 20, Subset 7, Group Averaging Test Acc: 0.5024
Round 20, Subset 8, Group Averaging Test Acc: 0.5073
Round 20, Subset 9, Test Acc: 0.2882
Round 20, Subset 10, Test Acc: 0.3180
Aggregating 82 models...
Round 20, Aggregated Test Acc: 0.1000
================================================================================
Round 21, Subset 1, Group Averaging Test Acc: 0.5160
Round 21, Subset 2, Group Averaging Test Acc: 0.5205
Round 21, Subset 3, Group Averaging Test Acc: 0.5055
Round 21, Subset 4, Group Averaging Test Acc: 0.5232
Round 21, Subset 5, Group Averaging Test Acc: 0.5229
Round 21, Subset 6, Group Averaging Test Acc: 0.5207
Round 21, Subset 7, Group Averaging Test Acc: 0.5133
Round 21, Subset 8, Group Averaging Test Acc: 0.5237
Round 21, Subset 9, Test Acc: 0.3154
Round 21, Subset 10, Test Acc: 0.3098
Aggregating 82 models...
Round 21, Aggregated Test Acc: 0.1000
================================================================================
Round 22, Subset 1, Group Averaging Test Acc: 0.5192
Round 22, Subset 2, Group Averaging Test Acc: 0.5299
Round 22, Subset 3, Group Averaging Test Acc: 0.5089
Round 22, Subset 4, Group Averaging Test Acc: 0.5170
Round 22, Subset 5, Group Averaging Test Acc: 0.5234
Round 22, Subset 6, Group Averaging Test Acc: 0.5331
Round 22, Subset 7, Group Averaging Test Acc: 0.5164
Round 22, Subset 8, Group Averaging Test Acc: 0.5209
Round 22, Subset 9, Test Acc: 0.3126
Round 22, Subset 10, Test Acc: 0.3162
Aggregating 82 models...
Round 22, Aggregated Test Acc: 0.1000
================================================================================
Round 23, Subset 1, Group Averaging Test Acc: 0.5201
Round 23, Subset 2, Group Averaging Test Acc: 0.5355
Round 23, Subset 3, Group Averaging Test Acc: 0.5234
Round 23, Subset 4, Group Averaging Test Acc: 0.5189
Round 23, Subset 5, Group Averaging Test Acc: 0.5284
Round 23, Subset 6, Group Averaging Test Acc: 0.5314
Round 23, Subset 7, Group Averaging Test Acc: 0.5190
Round 23, Subset 8, Group Averaging Test Acc: 0.5103
Round 23, Subset 9, Test Acc: 0.2848
Round 23, Subset 10, Test Acc: 0.3168
Aggregating 82 models...
Round 23, Aggregated Test Acc: 0.1000
================================================================================
Round 24, Subset 1, Group Averaging Test Acc: 0.5249
Round 24, Subset 2, Group Averaging Test Acc: 0.5219
Round 24, Subset 3, Group Averaging Test Acc: 0.5189
Round 24, Subset 4, Group Averaging Test Acc: 0.5385
Round 24, Subset 5, Group Averaging Test Acc: 0.5195
Round 24, Subset 6, Group Averaging Test Acc: 0.5396
Round 24, Subset 7, Group Averaging Test Acc: 0.5112
Round 24, Subset 8, Group Averaging Test Acc: 0.5345
Round 24, Subset 9, Test Acc: 0.3104
Round 24, Subset 10, Test Acc: 0.3116
Aggregating 82 models...
Round 24, Aggregated Test Acc: 0.1000
================================================================================
Round 25, Subset 1, Group Averaging Test Acc: 0.5219
Round 25, Subset 2, Group Averaging Test Acc: 0.5404
Round 25, Subset 3, Group Averaging Test Acc: 0.5275
Round 25, Subset 4, Group Averaging Test Acc: 0.5502
Round 25, Subset 5, Group Averaging Test Acc: 0.5335
Round 25, Subset 6, Group Averaging Test Acc: 0.5377
Round 25, Subset 7, Group Averaging Test Acc: 0.5286
Round 25, Subset 8, Group Averaging Test Acc: 0.5245
Round 25, Subset 9, Test Acc: 0.3052
Round 25, Subset 10, Test Acc: 0.3122
Aggregating 82 models...
Round 25, Aggregated Test Acc: 0.1000
================================================================================
Round 26, Subset 1, Group Averaging Test Acc: 0.5390
Round 26, Subset 2, Group Averaging Test Acc: 0.5419
Round 26, Subset 3, Group Averaging Test Acc: 0.5170
Round 26, Subset 4, Group Averaging Test Acc: 0.5496
Round 26, Subset 5, Group Averaging Test Acc: 0.5358
Round 26, Subset 6, Group Averaging Test Acc: 0.5536
Round 26, Subset 7, Group Averaging Test Acc: 0.5373
Round 26, Subset 8, Group Averaging Test Acc: 0.5137
Round 26, Subset 9, Test Acc: 0.3018
Round 26, Subset 10, Test Acc: 0.2954
Aggregating 82 models...
Round 26, Aggregated Test Acc: 0.1000
================================================================================
Round 27, Subset 1, Group Averaging Test Acc: 0.5335
Round 27, Subset 2, Group Averaging Test Acc: 0.5436
Round 27, Subset 3, Group Averaging Test Acc: 0.5328
Round 27, Subset 4, Group Averaging Test Acc: 0.5391
Round 27, Subset 5, Group Averaging Test Acc: 0.5467
Round 27, Subset 6, Group Averaging Test Acc: 0.5393
Round 27, Subset 7, Group Averaging Test Acc: 0.5339
Round 27, Subset 8, Group Averaging Test Acc: 0.5398
Round 27, Subset 9, Test Acc: 0.3022
Round 27, Subset 10, Test Acc: 0.3384
Aggregating 82 models...
Round 27, Aggregated Test Acc: 0.1000
================================================================================
Round 28, Subset 1, Group Averaging Test Acc: 0.5372
Round 28, Subset 2, Group Averaging Test Acc: 0.5450
Round 28, Subset 3, Group Averaging Test Acc: 0.5341
Round 28, Subset 4, Group Averaging Test Acc: 0.5539
Round 28, Subset 5, Group Averaging Test Acc: 0.5495
Round 28, Subset 6, Group Averaging Test Acc: 0.5298
Round 28, Subset 7, Group Averaging Test Acc: 0.5386
Round 28, Subset 8, Group Averaging Test Acc: 0.5476
Round 28, Subset 9, Test Acc: 0.3104
Round 28, Subset 10, Test Acc: 0.2972
Aggregating 82 models...
Round 28, Aggregated Test Acc: 0.1000
================================================================================
Round 29, Subset 1, Group Averaging Test Acc: 0.5568
Round 29, Subset 2, Group Averaging Test Acc: 0.5458
Round 29, Subset 3, Group Averaging Test Acc: 0.5434
Round 29, Subset 4, Group Averaging Test Acc: 0.5662
Round 29, Subset 5, Group Averaging Test Acc: 0.5419
Round 29, Subset 6, Group Averaging Test Acc: 0.5498
Round 29, Subset 7, Group Averaging Test Acc: 0.5432
Round 29, Subset 8, Group Averaging Test Acc: 0.5545
Round 29, Subset 9, Test Acc: 0.2932
Round 29, Subset 10, Test Acc: 0.3372
Aggregating 82 models...
Round 29, Aggregated Test Acc: 0.1000
================================================================================
Round 30, Subset 1, Group Averaging Test Acc: 0.5546
Round 30, Subset 2, Group Averaging Test Acc: 0.5543
Round 30, Subset 3, Group Averaging Test Acc: 0.5400
Round 30, Subset 4, Group Averaging Test Acc: 0.5723
Round 30, Subset 5, Group Averaging Test Acc: 0.5513
Round 30, Subset 6, Group Averaging Test Acc: 0.5614
Round 30, Subset 7, Group Averaging Test Acc: 0.5508
Round 30, Subset 8, Group Averaging Test Acc: 0.5539
Round 30, Subset 9, Test Acc: 0.3052
Round 30, Subset 10, Test Acc: 0.3304
Aggregating 82 models...
Round 30, Aggregated Test Acc: 0.1000
================================================================================
Round 31, Subset 1, Group Averaging Test Acc: 0.5515
Round 31, Subset 2, Group Averaging Test Acc: 0.5563
Round 31, Subset 3, Group Averaging Test Acc: 0.5449
Round 31, Subset 4, Group Averaging Test Acc: 0.5677
Round 31, Subset 5, Group Averaging Test Acc: 0.5613
Round 31, Subset 6, Group Averaging Test Acc: 0.5595
Round 31, Subset 7, Group Averaging Test Acc: 0.5461
Round 31, Subset 8, Group Averaging Test Acc: 0.5654
Round 31, Subset 9, Test Acc: 0.3180
Round 31, Subset 10, Test Acc: 0.3140
Aggregating 82 models...
Round 31, Aggregated Test Acc: 0.1000
================================================================================
Round 32, Subset 1, Group Averaging Test Acc: 0.5614
Round 32, Subset 2, Group Averaging Test Acc: 0.5600
Round 32, Subset 3, Group Averaging Test Acc: 0.5429
Round 32, Subset 4, Group Averaging Test Acc: 0.5722
Round 32, Subset 5, Group Averaging Test Acc: 0.5650
Round 32, Subset 6, Group Averaging Test Acc: 0.5689
Round 32, Subset 7, Group Averaging Test Acc: 0.5485
Round 32, Subset 8, Group Averaging Test Acc: 0.5707
Round 32, Subset 9, Test Acc: 0.3118
Round 32, Subset 10, Test Acc: 0.3176
Aggregating 82 models...
Round 32, Aggregated Test Acc: 0.1000
================================================================================
Round 33, Subset 1, Group Averaging Test Acc: 0.5611
Round 33, Subset 2, Group Averaging Test Acc: 0.5669
Round 33, Subset 3, Group Averaging Test Acc: 0.5495
Round 33, Subset 4, Group Averaging Test Acc: 0.5767
Round 33, Subset 5, Group Averaging Test Acc: 0.5658
Round 33, Subset 6, Group Averaging Test Acc: 0.5721
Round 33, Subset 7, Group Averaging Test Acc: 0.5646
Round 33, Subset 8, Group Averaging Test Acc: 0.5603
Round 33, Subset 9, Test Acc: 0.3090
Round 33, Subset 10, Test Acc: 0.3240
Aggregating 82 models...
Round 33, Aggregated Test Acc: 0.1000
================================================================================
Round 34, Subset 1, Group Averaging Test Acc: 0.5687
Round 34, Subset 2, Group Averaging Test Acc: 0.5714
Round 34, Subset 3, Group Averaging Test Acc: 0.5562
Round 34, Subset 4, Group Averaging Test Acc: 0.5906
Round 34, Subset 5, Group Averaging Test Acc: 0.5649
Round 34, Subset 6, Group Averaging Test Acc: 0.5599
Round 34, Subset 7, Group Averaging Test Acc: 0.5618
Round 34, Subset 8, Group Averaging Test Acc: 0.5409
Round 34, Subset 9, Test Acc: 0.3070
Round 34, Subset 10, Test Acc: 0.3554
Aggregating 82 models...
Round 34, Aggregated Test Acc: 0.1000
================================================================================
Round 35, Subset 1, Group Averaging Test Acc: 0.5581
Round 35, Subset 2, Group Averaging Test Acc: 0.5654
Round 35, Subset 3, Group Averaging Test Acc: 0.5570
Round 35, Subset 4, Group Averaging Test Acc: 0.5744
Round 35, Subset 5, Group Averaging Test Acc: 0.5704
Round 35, Subset 6, Group Averaging Test Acc: 0.5624
Round 35, Subset 7, Group Averaging Test Acc: 0.5624
Round 35, Subset 8, Group Averaging Test Acc: 0.5727
Round 35, Subset 9, Test Acc: 0.3130
Round 35, Subset 10, Test Acc: 0.3018
Aggregating 82 models...
Round 35, Aggregated Test Acc: 0.1000
================================================================================
Round 36, Subset 1, Group Averaging Test Acc: 0.5692
Round 36, Subset 2, Group Averaging Test Acc: 0.5736
Round 36, Subset 3, Group Averaging Test Acc: 0.5532
Round 36, Subset 4, Group Averaging Test Acc: 0.5778
Round 36, Subset 5, Group Averaging Test Acc: 0.5688
Round 36, Subset 6, Group Averaging Test Acc: 0.5767
Round 36, Subset 7, Group Averaging Test Acc: 0.5508
Round 36, Subset 8, Group Averaging Test Acc: 0.5718
Round 36, Subset 9, Test Acc: 0.3062
Round 36, Subset 10, Test Acc: 0.3062
Aggregating 82 models...
Round 36, Aggregated Test Acc: 0.1000
================================================================================
Round 37, Subset 1, Group Averaging Test Acc: 0.5666
Round 37, Subset 2, Group Averaging Test Acc: 0.5699
Round 37, Subset 3, Group Averaging Test Acc: 0.5606
Round 37, Subset 4, Group Averaging Test Acc: 0.5839
Round 37, Subset 5, Group Averaging Test Acc: 0.5554
Round 37, Subset 6, Group Averaging Test Acc: 0.5795
Round 37, Subset 7, Group Averaging Test Acc: 0.5662
Round 37, Subset 8, Group Averaging Test Acc: 0.5736
Round 37, Subset 9, Test Acc: 0.3288
Round 37, Subset 10, Test Acc: 0.3328
Aggregating 82 models...
Round 37, Aggregated Test Acc: 0.1000
================================================================================
Round 38, Subset 1, Group Averaging Test Acc: 0.5728
Round 38, Subset 2, Group Averaging Test Acc: 0.5735
Round 38, Subset 3, Group Averaging Test Acc: 0.5460
Round 38, Subset 4, Group Averaging Test Acc: 0.5837
Round 38, Subset 5, Group Averaging Test Acc: 0.5694
Round 38, Subset 6, Group Averaging Test Acc: 0.5731
Round 38, Subset 7, Group Averaging Test Acc: 0.5661
Round 38, Subset 8, Group Averaging Test Acc: 0.5602
Round 38, Subset 9, Test Acc: 0.3074
Round 38, Subset 10, Test Acc: 0.3264
Aggregating 82 models...
Round 38, Aggregated Test Acc: 0.1000
================================================================================
Round 39, Subset 1, Group Averaging Test Acc: 0.5762
Round 39, Subset 2, Group Averaging Test Acc: 0.5994
Round 39, Subset 3, Group Averaging Test Acc: 0.5552
Round 39, Subset 4, Group Averaging Test Acc: 0.5856
Round 39, Subset 5, Group Averaging Test Acc: 0.5726
Round 39, Subset 6, Group Averaging Test Acc: 0.5758
Round 39, Subset 7, Group Averaging Test Acc: 0.5459
Round 39, Subset 8, Group Averaging Test Acc: 0.5932
Round 39, Subset 9, Test Acc: 0.3134
Round 39, Subset 10, Test Acc: 0.3376
Aggregating 82 models...
Round 39, Aggregated Test Acc: 0.1000
================================================================================
Round 40, Subset 1, Group Averaging Test Acc: 0.5810
Round 40, Subset 2, Group Averaging Test Acc: 0.5652
Round 40, Subset 3, Group Averaging Test Acc: 0.5655
Round 40, Subset 4, Group Averaging Test Acc: 0.5919
Round 40, Subset 5, Group Averaging Test Acc: 0.5653
Round 40, Subset 6, Group Averaging Test Acc: 0.5730
Round 40, Subset 7, Group Averaging Test Acc: 0.5714
Round 40, Subset 8, Group Averaging Test Acc: 0.5799
Round 40, Subset 9, Test Acc: 0.3216
Round 40, Subset 10, Test Acc: 0.3260
Aggregating 82 models...
Round 40, Aggregated Test Acc: 0.1001
================================================================================
Round 41, Subset 1, Group Averaging Test Acc: 0.5799
Round 41, Subset 2, Group Averaging Test Acc: 0.5663
Round 41, Subset 3, Group Averaging Test Acc: 0.5655
Round 41, Subset 4, Group Averaging Test Acc: 0.5917
Round 41, Subset 5, Group Averaging Test Acc: 0.5811
Round 41, Subset 6, Group Averaging Test Acc: 0.5838
Round 41, Subset 7, Group Averaging Test Acc: 0.5733
Round 41, Subset 8, Group Averaging Test Acc: 0.5835
Round 41, Subset 9, Test Acc: 0.3670
Round 41, Subset 10, Test Acc: 0.3690
Aggregating 82 models...
Round 41, Aggregated Test Acc: 0.1002
================================================================================
Round 42, Subset 1, Group Averaging Test Acc: 0.5957
Round 42, Subset 2, Group Averaging Test Acc: 0.5846
Round 42, Subset 3, Group Averaging Test Acc: 0.5701
Round 42, Subset 4, Group Averaging Test Acc: 0.5868
Round 42, Subset 5, Group Averaging Test Acc: 0.5778
Round 42, Subset 6, Group Averaging Test Acc: 0.5831
Round 42, Subset 7, Group Averaging Test Acc: 0.5684
Round 42, Subset 8, Group Averaging Test Acc: 0.5779
Round 42, Subset 9, Test Acc: 0.2986
Round 42, Subset 10, Test Acc: 0.3312
Aggregating 82 models...
Round 42, Aggregated Test Acc: 0.1002
================================================================================
Round 43, Subset 1, Group Averaging Test Acc: 0.5958
Round 43, Subset 2, Group Averaging Test Acc: 0.5889
Round 43, Subset 3, Group Averaging Test Acc: 0.5684
Round 43, Subset 4, Group Averaging Test Acc: 0.5973
Round 43, Subset 5, Group Averaging Test Acc: 0.5941
Round 43, Subset 6, Group Averaging Test Acc: 0.5825
Round 43, Subset 7, Group Averaging Test Acc: 0.5736
Round 43, Subset 8, Group Averaging Test Acc: 0.5838
Round 43, Subset 9, Test Acc: 0.3178
Round 43, Subset 10, Test Acc: 0.3616
Aggregating 82 models...
Round 43, Aggregated Test Acc: 0.1002
================================================================================
Round 44, Subset 1, Group Averaging Test Acc: 0.5819
Round 44, Subset 2, Group Averaging Test Acc: 0.5980
Round 44, Subset 3, Group Averaging Test Acc: 0.5746
Round 44, Subset 4, Group Averaging Test Acc: 0.5983
Round 44, Subset 5, Group Averaging Test Acc: 0.5947
Round 44, Subset 6, Group Averaging Test Acc: 0.5701
Round 44, Subset 7, Group Averaging Test Acc: 0.5736
Round 44, Subset 8, Group Averaging Test Acc: 0.5888
Round 44, Subset 9, Test Acc: 0.3318
Round 44, Subset 10, Test Acc: 0.3542
Aggregating 82 models...
Round 44, Aggregated Test Acc: 0.1010
================================================================================
Round 45, Subset 1, Group Averaging Test Acc: 0.5892
Round 45, Subset 2, Group Averaging Test Acc: 0.5899
Round 45, Subset 3, Group Averaging Test Acc: 0.5586
Round 45, Subset 4, Group Averaging Test Acc: 0.5909
Round 45, Subset 5, Group Averaging Test Acc: 0.5922
Round 45, Subset 6, Group Averaging Test Acc: 0.5848
Round 45, Subset 7, Group Averaging Test Acc: 0.5769
Round 45, Subset 8, Group Averaging Test Acc: 0.5826
Round 45, Subset 9, Test Acc: 0.3170
Round 45, Subset 10, Test Acc: 0.3390
Aggregating 82 models...
Round 45, Aggregated Test Acc: 0.1024
================================================================================
Round 46, Subset 1, Group Averaging Test Acc: 0.5751
Round 46, Subset 2, Group Averaging Test Acc: 0.5909
Round 46, Subset 3, Group Averaging Test Acc: 0.5745
Round 46, Subset 4, Group Averaging Test Acc: 0.6010
Round 46, Subset 5, Group Averaging Test Acc: 0.5892
Round 46, Subset 6, Group Averaging Test Acc: 0.5899
Round 46, Subset 7, Group Averaging Test Acc: 0.5734
Round 46, Subset 8, Group Averaging Test Acc: 0.5875
Round 46, Subset 9, Test Acc: 0.3314
Round 46, Subset 10, Test Acc: 0.3760
Aggregating 82 models...
Round 46, Aggregated Test Acc: 0.1034
================================================================================
Round 47, Subset 1, Group Averaging Test Acc: 0.6004
Round 47, Subset 2, Group Averaging Test Acc: 0.5929
Round 47, Subset 3, Group Averaging Test Acc: 0.5695
Round 47, Subset 4, Group Averaging Test Acc: 0.5898
Round 47, Subset 5, Group Averaging Test Acc: 0.5949
Round 47, Subset 6, Group Averaging Test Acc: 0.5830
Round 47, Subset 7, Group Averaging Test Acc: 0.5685
Round 47, Subset 8, Group Averaging Test Acc: 0.5904
Round 47, Subset 9, Test Acc: 0.3086
Round 47, Subset 10, Test Acc: 0.3842
Aggregating 82 models...
Round 47, Aggregated Test Acc: 0.1048
================================================================================
Round 48, Subset 1, Group Averaging Test Acc: 0.5936
Round 48, Subset 2, Group Averaging Test Acc: 0.5936
Round 48, Subset 3, Group Averaging Test Acc: 0.5802
Round 48, Subset 4, Group Averaging Test Acc: 0.5940
Round 48, Subset 5, Group Averaging Test Acc: 0.5970
Round 48, Subset 6, Group Averaging Test Acc: 0.5927
Round 48, Subset 7, Group Averaging Test Acc: 0.5838
Round 48, Subset 8, Group Averaging Test Acc: 0.5878
Round 48, Subset 9, Test Acc: 0.3158
Round 48, Subset 10, Test Acc: 0.3662
Aggregating 82 models...
Round 48, Aggregated Test Acc: 0.1050
================================================================================
Round 49, Subset 1, Group Averaging Test Acc: 0.5964
Round 49, Subset 2, Group Averaging Test Acc: 0.5956
Round 49, Subset 3, Group Averaging Test Acc: 0.5941
Round 49, Subset 4, Group Averaging Test Acc: 0.5976
Round 49, Subset 5, Group Averaging Test Acc: 0.5943
Round 49, Subset 6, Group Averaging Test Acc: 0.5876
Round 49, Subset 7, Group Averaging Test Acc: 0.5920
Round 49, Subset 8, Group Averaging Test Acc: 0.5840
Round 49, Subset 9, Test Acc: 0.3456
Round 49, Subset 10, Test Acc: 0.3722
Aggregating 82 models...
Round 49, Aggregated Test Acc: 0.1089
================================================================================
Round 50, Subset 1, Group Averaging Test Acc: 0.5956
Round 50, Subset 2, Group Averaging Test Acc: 0.5849
Round 50, Subset 3, Group Averaging Test Acc: 0.5776
Round 50, Subset 4, Group Averaging Test Acc: 0.6068
Round 50, Subset 5, Group Averaging Test Acc: 0.6085
Round 50, Subset 6, Group Averaging Test Acc: 0.5956
Round 50, Subset 7, Group Averaging Test Acc: 0.5787
Round 50, Subset 8, Group Averaging Test Acc: 0.6022
Round 50, Subset 9, Test Acc: 0.3510
Round 50, Subset 10, Test Acc: 0.3778
Aggregating 82 models...
Round 50, Aggregated Test Acc: 0.1120
================================================================================
Round 51, Subset 1, Group Averaging Test Acc: 0.5881
Round 51, Subset 2, Group Averaging Test Acc: 0.6096
Round 51, Subset 3, Group Averaging Test Acc: 0.5664
Round 51, Subset 4, Group Averaging Test Acc: 0.5995
Round 51, Subset 5, Group Averaging Test Acc: 0.5866
Round 51, Subset 6, Group Averaging Test Acc: 0.6009
Round 51, Subset 7, Group Averaging Test Acc: 0.5827
Round 51, Subset 8, Group Averaging Test Acc: 0.6047
Round 51, Subset 9, Test Acc: 0.3358
Round 51, Subset 10, Test Acc: 0.3718
Aggregating 82 models...
Round 51, Aggregated Test Acc: 0.1082
================================================================================
Round 52, Subset 1, Group Averaging Test Acc: 0.5918
Round 52, Subset 2, Group Averaging Test Acc: 0.5970
Round 52, Subset 3, Group Averaging Test Acc: 0.5826
Round 52, Subset 4, Group Averaging Test Acc: 0.5904
Round 52, Subset 5, Group Averaging Test Acc: 0.5948
Round 52, Subset 6, Group Averaging Test Acc: 0.5872
Round 52, Subset 7, Group Averaging Test Acc: 0.5938
Round 52, Subset 8, Group Averaging Test Acc: 0.5853
Round 52, Subset 9, Test Acc: 0.3262
Round 52, Subset 10, Test Acc: 0.3590
Aggregating 82 models...
Round 52, Aggregated Test Acc: 0.1126
================================================================================
Round 53, Subset 1, Group Averaging Test Acc: 0.6019
Round 53, Subset 2, Group Averaging Test Acc: 0.6012
Round 53, Subset 3, Group Averaging Test Acc: 0.5910
Round 53, Subset 4, Group Averaging Test Acc: 0.6237
Round 53, Subset 5, Group Averaging Test Acc: 0.5838
Round 53, Subset 6, Group Averaging Test Acc: 0.6050
Round 53, Subset 7, Group Averaging Test Acc: 0.5865
Round 53, Subset 8, Group Averaging Test Acc: 0.5988
Round 53, Subset 9, Test Acc: 0.3496
Round 53, Subset 10, Test Acc: 0.3632
Aggregating 82 models...
Round 53, Aggregated Test Acc: 0.1107
================================================================================
Round 54, Subset 1, Group Averaging Test Acc: 0.6000
Round 54, Subset 2, Group Averaging Test Acc: 0.6073
Round 54, Subset 3, Group Averaging Test Acc: 0.5872
Round 54, Subset 4, Group Averaging Test Acc: 0.6093
Round 54, Subset 5, Group Averaging Test Acc: 0.6132
Round 54, Subset 6, Group Averaging Test Acc: 0.6003
Round 54, Subset 7, Group Averaging Test Acc: 0.5998
Round 54, Subset 8, Group Averaging Test Acc: 0.6037
Round 54, Subset 9, Test Acc: 0.3370
Round 54, Subset 10, Test Acc: 0.3592
Aggregating 82 models...
Round 54, Aggregated Test Acc: 0.1177
================================================================================
Round 55, Subset 1, Group Averaging Test Acc: 0.6037
Round 55, Subset 2, Group Averaging Test Acc: 0.5969
Round 55, Subset 3, Group Averaging Test Acc: 0.5863
Round 55, Subset 4, Group Averaging Test Acc: 0.6047
Round 55, Subset 5, Group Averaging Test Acc: 0.5956
Round 55, Subset 6, Group Averaging Test Acc: 0.6093
Round 55, Subset 7, Group Averaging Test Acc: 0.5911
Round 55, Subset 8, Group Averaging Test Acc: 0.6100
Round 55, Subset 9, Test Acc: 0.3652
Round 55, Subset 10, Test Acc: 0.3682
Aggregating 82 models...
Round 55, Aggregated Test Acc: 0.1136
================================================================================
Round 56, Subset 1, Group Averaging Test Acc: 0.6059
Round 56, Subset 2, Group Averaging Test Acc: 0.6026
Round 56, Subset 3, Group Averaging Test Acc: 0.5760
Round 56, Subset 4, Group Averaging Test Acc: 0.6089
Round 56, Subset 5, Group Averaging Test Acc: 0.5999
Round 56, Subset 6, Group Averaging Test Acc: 0.6062
Round 56, Subset 7, Group Averaging Test Acc: 0.5902
Round 56, Subset 8, Group Averaging Test Acc: 0.6041
Round 56, Subset 9, Test Acc: 0.3374
Round 56, Subset 10, Test Acc: 0.3652
Aggregating 82 models...
Round 56, Aggregated Test Acc: 0.1335
================================================================================
Round 57, Subset 1, Group Averaging Test Acc: 0.6135
Round 57, Subset 2, Group Averaging Test Acc: 0.5950
Round 57, Subset 3, Group Averaging Test Acc: 0.5862
Round 57, Subset 4, Group Averaging Test Acc: 0.6166
Round 57, Subset 5, Group Averaging Test Acc: 0.6021
Round 57, Subset 6, Group Averaging Test Acc: 0.6139
Round 57, Subset 7, Group Averaging Test Acc: 0.6014
Round 57, Subset 8, Group Averaging Test Acc: 0.6140
Round 57, Subset 9, Test Acc: 0.3502
Round 57, Subset 10, Test Acc: 0.3620
Aggregating 82 models...
Round 57, Aggregated Test Acc: 0.1404
================================================================================
Round 58, Subset 1, Group Averaging Test Acc: 0.6123
Round 58, Subset 2, Group Averaging Test Acc: 0.6201
Round 58, Subset 3, Group Averaging Test Acc: 0.5836
Round 58, Subset 4, Group Averaging Test Acc: 0.6150
Round 58, Subset 5, Group Averaging Test Acc: 0.6101
Round 58, Subset 6, Group Averaging Test Acc: 0.6156
Round 58, Subset 7, Group Averaging Test Acc: 0.5963
Round 58, Subset 8, Group Averaging Test Acc: 0.6142
Round 58, Subset 9, Test Acc: 0.3564
Round 58, Subset 10, Test Acc: 0.3732
Aggregating 82 models...
Round 58, Aggregated Test Acc: 0.1376
================================================================================
Round 59, Subset 1, Group Averaging Test Acc: 0.6031
Round 59, Subset 2, Group Averaging Test Acc: 0.6300
Round 59, Subset 3, Group Averaging Test Acc: 0.5880
Round 59, Subset 4, Group Averaging Test Acc: 0.6143
Round 59, Subset 5, Group Averaging Test Acc: 0.5984
Round 59, Subset 6, Group Averaging Test Acc: 0.5945
Round 59, Subset 7, Group Averaging Test Acc: 0.6044
Round 59, Subset 8, Group Averaging Test Acc: 0.6100
Round 59, Subset 9, Test Acc: 0.3366
Round 59, Subset 10, Test Acc: 0.3712
Aggregating 82 models...
Round 59, Aggregated Test Acc: 0.1444
================================================================================
Round 60, Subset 1, Group Averaging Test Acc: 0.6107
Round 60, Subset 2, Group Averaging Test Acc: 0.6089
Round 60, Subset 3, Group Averaging Test Acc: 0.5940
Round 60, Subset 4, Group Averaging Test Acc: 0.6246
Round 60, Subset 5, Group Averaging Test Acc: 0.6088
Round 60, Subset 6, Group Averaging Test Acc: 0.6058
Round 60, Subset 7, Group Averaging Test Acc: 0.6022
Round 60, Subset 8, Group Averaging Test Acc: 0.6053
Round 60, Subset 9, Test Acc: 0.3152
Round 60, Subset 10, Test Acc: 0.3466
Aggregating 82 models...
Round 60, Aggregated Test Acc: 0.1455
================================================================================
Round 61, Subset 1, Group Averaging Test Acc: 0.6195
Round 61, Subset 2, Group Averaging Test Acc: 0.6063
Round 61, Subset 3, Group Averaging Test Acc: 0.5946
Round 61, Subset 4, Group Averaging Test Acc: 0.6180
Round 61, Subset 5, Group Averaging Test Acc: 0.6063
Round 61, Subset 6, Group Averaging Test Acc: 0.6112
Round 61, Subset 7, Group Averaging Test Acc: 0.6044
Round 61, Subset 8, Group Averaging Test Acc: 0.6107
Round 61, Subset 9, Test Acc: 0.2810
Round 61, Subset 10, Test Acc: 0.3806
Aggregating 82 models...
Round 61, Aggregated Test Acc: 0.1499
================================================================================
Round 62, Subset 1, Group Averaging Test Acc: 0.6040
Round 62, Subset 2, Group Averaging Test Acc: 0.6057
Round 62, Subset 3, Group Averaging Test Acc: 0.5898
Round 62, Subset 4, Group Averaging Test Acc: 0.6209
Round 62, Subset 5, Group Averaging Test Acc: 0.6148
Round 62, Subset 6, Group Averaging Test Acc: 0.6251
Round 62, Subset 7, Group Averaging Test Acc: 0.6037
Round 62, Subset 8, Group Averaging Test Acc: 0.6230
Round 62, Subset 9, Test Acc: 0.3618
Round 62, Subset 10, Test Acc: 0.3822
Aggregating 82 models...
Round 62, Aggregated Test Acc: 0.1544
================================================================================
Round 63, Subset 1, Group Averaging Test Acc: 0.6130
Round 63, Subset 2, Group Averaging Test Acc: 0.6091
Round 63, Subset 3, Group Averaging Test Acc: 0.5888
Round 63, Subset 4, Group Averaging Test Acc: 0.6192
Round 63, Subset 5, Group Averaging Test Acc: 0.6223
Round 63, Subset 6, Group Averaging Test Acc: 0.6217
Round 63, Subset 7, Group Averaging Test Acc: 0.6029
Round 63, Subset 8, Group Averaging Test Acc: 0.6160
Round 63, Subset 9, Test Acc: 0.3160
Round 63, Subset 10, Test Acc: 0.3462
Aggregating 82 models...
Round 63, Aggregated Test Acc: 0.1593
================================================================================
Round 64, Subset 1, Group Averaging Test Acc: 0.6149
Round 64, Subset 2, Group Averaging Test Acc: 0.6287
Round 64, Subset 3, Group Averaging Test Acc: 0.5975
Round 64, Subset 4, Group Averaging Test Acc: 0.6238
Round 64, Subset 5, Group Averaging Test Acc: 0.6173
Round 64, Subset 6, Group Averaging Test Acc: 0.6155
Round 64, Subset 7, Group Averaging Test Acc: 0.6023
Round 64, Subset 8, Group Averaging Test Acc: 0.5971
Round 64, Subset 9, Test Acc: 0.3568
Round 64, Subset 10, Test Acc: 0.3412
Aggregating 82 models...
Round 64, Aggregated Test Acc: 0.1603
================================================================================
Round 65, Subset 1, Group Averaging Test Acc: 0.6200
Round 65, Subset 2, Group Averaging Test Acc: 0.6247
Round 65, Subset 3, Group Averaging Test Acc: 0.6065
Round 65, Subset 4, Group Averaging Test Acc: 0.6230
Round 65, Subset 5, Group Averaging Test Acc: 0.6078
Round 65, Subset 6, Group Averaging Test Acc: 0.6180
Round 65, Subset 7, Group Averaging Test Acc: 0.6066
Round 65, Subset 8, Group Averaging Test Acc: 0.6208
Round 65, Subset 9, Test Acc: 0.2930
Round 65, Subset 10, Test Acc: 0.3762
Aggregating 82 models...
Round 65, Aggregated Test Acc: 0.1589
================================================================================
Round 66, Subset 1, Group Averaging Test Acc: 0.6204
Round 66, Subset 2, Group Averaging Test Acc: 0.6201
Round 66, Subset 3, Group Averaging Test Acc: 0.5990
Round 66, Subset 4, Group Averaging Test Acc: 0.6271
Round 66, Subset 5, Group Averaging Test Acc: 0.6283
Round 66, Subset 6, Group Averaging Test Acc: 0.6016
Round 66, Subset 7, Group Averaging Test Acc: 0.6051
Round 66, Subset 8, Group Averaging Test Acc: 0.6207
Round 66, Subset 9, Test Acc: 0.3354
Round 66, Subset 10, Test Acc: 0.3660
Aggregating 82 models...
Round 66, Aggregated Test Acc: 0.1606
================================================================================
Round 67, Subset 1, Group Averaging Test Acc: 0.6183
Round 67, Subset 2, Group Averaging Test Acc: 0.6221
Round 67, Subset 3, Group Averaging Test Acc: 0.6056
Round 67, Subset 4, Group Averaging Test Acc: 0.6266
Round 67, Subset 5, Group Averaging Test Acc: 0.6178
Round 67, Subset 6, Group Averaging Test Acc: 0.6235
Round 67, Subset 7, Group Averaging Test Acc: 0.6148
Round 67, Subset 8, Group Averaging Test Acc: 0.6202
Round 67, Subset 9, Test Acc: 0.3778
Round 67, Subset 10, Test Acc: 0.3908
Aggregating 82 models...
Round 67, Aggregated Test Acc: 0.1610
================================================================================
Round 68, Subset 1, Group Averaging Test Acc: 0.6186
Round 68, Subset 2, Group Averaging Test Acc: 0.6240
Round 68, Subset 3, Group Averaging Test Acc: 0.6060
Round 68, Subset 4, Group Averaging Test Acc: 0.6282
Round 68, Subset 5, Group Averaging Test Acc: 0.6258
Round 68, Subset 6, Group Averaging Test Acc: 0.6185
Round 68, Subset 7, Group Averaging Test Acc: 0.6120
Round 68, Subset 8, Group Averaging Test Acc: 0.6230
Round 68, Subset 9, Test Acc: 0.3012
Round 68, Subset 10, Test Acc: 0.3490
Aggregating 82 models...
Round 68, Aggregated Test Acc: 0.1578
================================================================================
Round 69, Subset 1, Group Averaging Test Acc: 0.6188
Round 69, Subset 2, Group Averaging Test Acc: 0.6277
Round 69, Subset 3, Group Averaging Test Acc: 0.6057
Round 69, Subset 4, Group Averaging Test Acc: 0.6311
Round 69, Subset 5, Group Averaging Test Acc: 0.6167
Round 69, Subset 6, Group Averaging Test Acc: 0.6175
Round 69, Subset 7, Group Averaging Test Acc: 0.6159
Round 69, Subset 8, Group Averaging Test Acc: 0.6227
Round 69, Subset 9, Test Acc: 0.3238
Round 69, Subset 10, Test Acc: 0.3788
Aggregating 82 models...
Round 69, Aggregated Test Acc: 0.1559
================================================================================
Round 70, Subset 1, Group Averaging Test Acc: 0.6249
Round 70, Subset 2, Group Averaging Test Acc: 0.6184
Round 70, Subset 3, Group Averaging Test Acc: 0.6020
Round 70, Subset 4, Group Averaging Test Acc: 0.6290
Round 70, Subset 5, Group Averaging Test Acc: 0.6172
Round 70, Subset 6, Group Averaging Test Acc: 0.6304
Round 70, Subset 7, Group Averaging Test Acc: 0.6154
Round 70, Subset 8, Group Averaging Test Acc: 0.6232
Round 70, Subset 9, Test Acc: 0.3322
Round 70, Subset 10, Test Acc: 0.3640
Aggregating 82 models...
Round 70, Aggregated Test Acc: 0.1569
================================================================================
Round 71, Subset 1, Group Averaging Test Acc: 0.6414
Round 71, Subset 2, Group Averaging Test Acc: 0.6189
Round 71, Subset 3, Group Averaging Test Acc: 0.6015
Round 71, Subset 4, Group Averaging Test Acc: 0.6291
Round 71, Subset 5, Group Averaging Test Acc: 0.6299
Round 71, Subset 6, Group Averaging Test Acc: 0.6279
Round 71, Subset 7, Group Averaging Test Acc: 0.6133
Round 71, Subset 8, Group Averaging Test Acc: 0.6259
Round 71, Subset 9, Test Acc: 0.3774
Round 71, Subset 10, Test Acc: 0.3838
Aggregating 82 models...
Round 71, Aggregated Test Acc: 0.1597
================================================================================
Round 72, Subset 1, Group Averaging Test Acc: 0.6277
Round 72, Subset 2, Group Averaging Test Acc: 0.6349
Round 72, Subset 3, Group Averaging Test Acc: 0.6077
Round 72, Subset 4, Group Averaging Test Acc: 0.6324
Round 72, Subset 5, Group Averaging Test Acc: 0.6193
Round 72, Subset 6, Group Averaging Test Acc: 0.6295
Round 72, Subset 7, Group Averaging Test Acc: 0.6055
Round 72, Subset 8, Group Averaging Test Acc: 0.6306
Round 72, Subset 9, Test Acc: 0.3732
Round 72, Subset 10, Test Acc: 0.3452
Aggregating 82 models...
Round 72, Aggregated Test Acc: 0.1569
================================================================================
Round 73, Subset 1, Group Averaging Test Acc: 0.6179
Round 73, Subset 2, Group Averaging Test Acc: 0.6296
Round 73, Subset 3, Group Averaging Test Acc: 0.6147
Round 73, Subset 4, Group Averaging Test Acc: 0.6355
Round 73, Subset 5, Group Averaging Test Acc: 0.6337
Round 73, Subset 6, Group Averaging Test Acc: 0.6251
Round 73, Subset 7, Group Averaging Test Acc: 0.6320
Round 73, Subset 8, Group Averaging Test Acc: 0.6270
Round 73, Subset 9, Test Acc: 0.3560
Round 73, Subset 10, Test Acc: 0.3360
Aggregating 82 models...
Round 73, Aggregated Test Acc: 0.1573
================================================================================
Round 74, Subset 1, Group Averaging Test Acc: 0.6262
Round 74, Subset 2, Group Averaging Test Acc: 0.6322
Round 74, Subset 3, Group Averaging Test Acc: 0.6070
Round 74, Subset 4, Group Averaging Test Acc: 0.6322
Round 74, Subset 5, Group Averaging Test Acc: 0.6381
Round 74, Subset 6, Group Averaging Test Acc: 0.6330
Round 74, Subset 7, Group Averaging Test Acc: 0.6193
Round 74, Subset 8, Group Averaging Test Acc: 0.6226
Round 74, Subset 9, Test Acc: 0.3506
Round 74, Subset 10, Test Acc: 0.3482
Aggregating 82 models...
Round 74, Aggregated Test Acc: 0.1568
================================================================================
Round 75, Subset 1, Group Averaging Test Acc: 0.6202
Round 75, Subset 2, Group Averaging Test Acc: 0.6295
Round 75, Subset 3, Group Averaging Test Acc: 0.6246
Round 75, Subset 4, Group Averaging Test Acc: 0.6267
Round 75, Subset 5, Group Averaging Test Acc: 0.6274
Round 75, Subset 6, Group Averaging Test Acc: 0.6350
Round 75, Subset 7, Group Averaging Test Acc: 0.6367
Round 75, Subset 8, Group Averaging Test Acc: 0.6390
Round 75, Subset 9, Test Acc: 0.3698
Round 75, Subset 10, Test Acc: 0.3438
Aggregating 82 models...
Round 75, Aggregated Test Acc: 0.1545
================================================================================
Round 76, Subset 1, Group Averaging Test Acc: 0.6346
Round 76, Subset 2, Group Averaging Test Acc: 0.6347
Round 76, Subset 3, Group Averaging Test Acc: 0.6260
Round 76, Subset 4, Group Averaging Test Acc: 0.6280
Round 76, Subset 5, Group Averaging Test Acc: 0.6271
Round 76, Subset 6, Group Averaging Test Acc: 0.6360
Round 76, Subset 7, Group Averaging Test Acc: 0.6214
Round 76, Subset 8, Group Averaging Test Acc: 0.6311
Round 76, Subset 9, Test Acc: 0.3534
Round 76, Subset 10, Test Acc: 0.3772
Aggregating 82 models...
Round 76, Aggregated Test Acc: 0.1540
================================================================================
Round 77, Subset 1, Group Averaging Test Acc: 0.6386
Round 77, Subset 2, Group Averaging Test Acc: 0.6347
Round 77, Subset 3, Group Averaging Test Acc: 0.6202
Round 77, Subset 4, Group Averaging Test Acc: 0.6294
Round 77, Subset 5, Group Averaging Test Acc: 0.6336
Round 77, Subset 6, Group Averaging Test Acc: 0.6368
Round 77, Subset 7, Group Averaging Test Acc: 0.6241
Round 77, Subset 8, Group Averaging Test Acc: 0.6428
Round 77, Subset 9, Test Acc: 0.3608
Round 77, Subset 10, Test Acc: 0.3212
Aggregating 82 models...
Round 77, Aggregated Test Acc: 0.1503
================================================================================
Round 78, Subset 1, Group Averaging Test Acc: 0.6412
Round 78, Subset 2, Group Averaging Test Acc: 0.6265
Round 78, Subset 3, Group Averaging Test Acc: 0.6306
Round 78, Subset 4, Group Averaging Test Acc: 0.6373
Round 78, Subset 5, Group Averaging Test Acc: 0.6254
Round 78, Subset 6, Group Averaging Test Acc: 0.6382
Round 78, Subset 7, Group Averaging Test Acc: 0.6173
Round 78, Subset 8, Group Averaging Test Acc: 0.6426
Round 78, Subset 9, Test Acc: 0.3532
Round 78, Subset 10, Test Acc: 0.3838
Aggregating 82 models...
Round 78, Aggregated Test Acc: 0.1470
================================================================================
Round 79, Subset 1, Group Averaging Test Acc: 0.6310
Round 79, Subset 2, Group Averaging Test Acc: 0.6361
Round 79, Subset 3, Group Averaging Test Acc: 0.6106
Round 79, Subset 4, Group Averaging Test Acc: 0.6475
Round 79, Subset 5, Group Averaging Test Acc: 0.6210
Round 79, Subset 6, Group Averaging Test Acc: 0.6278
Round 79, Subset 7, Group Averaging Test Acc: 0.6268
Round 79, Subset 8, Group Averaging Test Acc: 0.6459
Round 79, Subset 9, Test Acc: 0.3456
Round 79, Subset 10, Test Acc: 0.3884
Aggregating 82 models...
Round 79, Aggregated Test Acc: 0.1503
================================================================================
Round 80, Subset 1, Group Averaging Test Acc: 0.6377
Round 80, Subset 2, Group Averaging Test Acc: 0.6349
Round 80, Subset 3, Group Averaging Test Acc: 0.6204
Round 80, Subset 4, Group Averaging Test Acc: 0.6462
Round 80, Subset 5, Group Averaging Test Acc: 0.6239
Round 80, Subset 6, Group Averaging Test Acc: 0.6353
Round 80, Subset 7, Group Averaging Test Acc: 0.6368
Round 80, Subset 8, Group Averaging Test Acc: 0.6391
Round 80, Subset 9, Test Acc: 0.3648
Round 80, Subset 10, Test Acc: 0.3810
Aggregating 82 models...
Round 80, Aggregated Test Acc: 0.1442
================================================================================
Round 81, Subset 1, Group Averaging Test Acc: 0.6265
Round 81, Subset 2, Group Averaging Test Acc: 0.6445
Round 81, Subset 3, Group Averaging Test Acc: 0.6169
Round 81, Subset 4, Group Averaging Test Acc: 0.6347
Round 81, Subset 5, Group Averaging Test Acc: 0.6336
Round 81, Subset 6, Group Averaging Test Acc: 0.6334
Round 81, Subset 7, Group Averaging Test Acc: 0.6346
Round 81, Subset 8, Group Averaging Test Acc: 0.6415
Round 81, Subset 9, Test Acc: 0.3584
Round 81, Subset 10, Test Acc: 0.3626
Aggregating 82 models...
Round 81, Aggregated Test Acc: 0.1422
================================================================================
Round 82, Subset 1, Group Averaging Test Acc: 0.6375
Round 82, Subset 2, Group Averaging Test Acc: 0.6317
Round 82, Subset 3, Group Averaging Test Acc: 0.6237
Round 82, Subset 4, Group Averaging Test Acc: 0.6374
Round 82, Subset 5, Group Averaging Test Acc: 0.6466
Round 82, Subset 6, Group Averaging Test Acc: 0.6445
Round 82, Subset 7, Group Averaging Test Acc: 0.6428
Round 82, Subset 8, Group Averaging Test Acc: 0.6400
Round 82, Subset 9, Test Acc: 0.3754
Round 82, Subset 10, Test Acc: 0.3734
Aggregating 82 models...
Round 82, Aggregated Test Acc: 0.1427
================================================================================
Round 83, Subset 1, Group Averaging Test Acc: 0.6420
Round 83, Subset 2, Group Averaging Test Acc: 0.6378
Round 83, Subset 3, Group Averaging Test Acc: 0.6271
Round 83, Subset 4, Group Averaging Test Acc: 0.6515
Round 83, Subset 5, Group Averaging Test Acc: 0.6356
Round 83, Subset 6, Group Averaging Test Acc: 0.6388
Round 83, Subset 7, Group Averaging Test Acc: 0.6296
Round 83, Subset 8, Group Averaging Test Acc: 0.6506
Round 83, Subset 9, Test Acc: 0.3872
Round 83, Subset 10, Test Acc: 0.4040
Aggregating 82 models...
Round 83, Aggregated Test Acc: 0.1406
================================================================================
Round 84, Subset 1, Group Averaging Test Acc: 0.6584
Round 84, Subset 2, Group Averaging Test Acc: 0.6447
Round 84, Subset 3, Group Averaging Test Acc: 0.6258
Round 84, Subset 4, Group Averaging Test Acc: 0.6414
Round 84, Subset 5, Group Averaging Test Acc: 0.6367
Round 84, Subset 6, Group Averaging Test Acc: 0.6336
Round 84, Subset 7, Group Averaging Test Acc: 0.6331
Round 84, Subset 8, Group Averaging Test Acc: 0.6364
Round 84, Subset 9, Test Acc: 0.3744
Round 84, Subset 10, Test Acc: 0.4012
Aggregating 82 models...
Round 84, Aggregated Test Acc: 0.1338
================================================================================
Round 85, Subset 1, Group Averaging Test Acc: 0.6395
Round 85, Subset 2, Group Averaging Test Acc: 0.6456
Round 85, Subset 3, Group Averaging Test Acc: 0.6286
Round 85, Subset 4, Group Averaging Test Acc: 0.6657
Round 85, Subset 5, Group Averaging Test Acc: 0.6295
Round 85, Subset 6, Group Averaging Test Acc: 0.6486
Round 85, Subset 7, Group Averaging Test Acc: 0.6385
Round 85, Subset 8, Group Averaging Test Acc: 0.6425
Round 85, Subset 9, Test Acc: 0.3372
Round 85, Subset 10, Test Acc: 0.3866
Aggregating 82 models...
Round 85, Aggregated Test Acc: 0.1335
================================================================================
Round 86, Subset 1, Group Averaging Test Acc: 0.6605
Round 86, Subset 2, Group Averaging Test Acc: 0.6474
Round 86, Subset 3, Group Averaging Test Acc: 0.6245
Round 86, Subset 4, Group Averaging Test Acc: 0.6483
Round 86, Subset 5, Group Averaging Test Acc: 0.6489
Round 86, Subset 6, Group Averaging Test Acc: 0.6487
Round 86, Subset 7, Group Averaging Test Acc: 0.6378
Round 86, Subset 8, Group Averaging Test Acc: 0.6401
Round 86, Subset 9, Test Acc: 0.3778
Round 86, Subset 10, Test Acc: 0.3874
Aggregating 82 models...
Round 86, Aggregated Test Acc: 0.1330
================================================================================
Round 87, Subset 1, Group Averaging Test Acc: 0.6589
Round 87, Subset 2, Group Averaging Test Acc: 0.6446
Round 87, Subset 3, Group Averaging Test Acc: 0.6236
Round 87, Subset 4, Group Averaging Test Acc: 0.6519
Round 87, Subset 5, Group Averaging Test Acc: 0.6478
Round 87, Subset 6, Group Averaging Test Acc: 0.6516
Round 87, Subset 7, Group Averaging Test Acc: 0.6415
Round 87, Subset 8, Group Averaging Test Acc: 0.6584
Round 87, Subset 9, Test Acc: 0.3738
Round 87, Subset 10, Test Acc: 0.3372
Aggregating 82 models...
Round 87, Aggregated Test Acc: 0.1299
================================================================================
Round 88, Subset 1, Group Averaging Test Acc: 0.6446
Round 88, Subset 2, Group Averaging Test Acc: 0.6432
Round 88, Subset 3, Group Averaging Test Acc: 0.6464
Round 88, Subset 4, Group Averaging Test Acc: 0.6647
Round 88, Subset 5, Group Averaging Test Acc: 0.6471
Round 88, Subset 6, Group Averaging Test Acc: 0.6482
Round 88, Subset 7, Group Averaging Test Acc: 0.6551
Round 88, Subset 8, Group Averaging Test Acc: 0.6706
Round 88, Subset 9, Test Acc: 0.3884
Round 88, Subset 10, Test Acc: 0.3674
Aggregating 82 models...
Round 88, Aggregated Test Acc: 0.1298
================================================================================
Round 89, Subset 1, Group Averaging Test Acc: 0.6425
Round 89, Subset 2, Group Averaging Test Acc: 0.6557
Round 89, Subset 3, Group Averaging Test Acc: 0.6325
Round 89, Subset 4, Group Averaging Test Acc: 0.6673
Round 89, Subset 5, Group Averaging Test Acc: 0.6439
Round 89, Subset 6, Group Averaging Test Acc: 0.6453
Round 89, Subset 7, Group Averaging Test Acc: 0.6591
Round 89, Subset 8, Group Averaging Test Acc: 0.6600
Round 89, Subset 9, Test Acc: 0.3754
Round 89, Subset 10, Test Acc: 0.4040
Aggregating 82 models...
Round 89, Aggregated Test Acc: 0.1287
================================================================================
Round 90, Subset 1, Group Averaging Test Acc: 0.6570
Round 90, Subset 2, Group Averaging Test Acc: 0.6537
Round 90, Subset 3, Group Averaging Test Acc: 0.6297
Round 90, Subset 4, Group Averaging Test Acc: 0.6556
Round 90, Subset 5, Group Averaging Test Acc: 0.6472
Round 90, Subset 6, Group Averaging Test Acc: 0.6548
Round 90, Subset 7, Group Averaging Test Acc: 0.6450
Round 90, Subset 8, Group Averaging Test Acc: 0.6560
Round 90, Subset 9, Test Acc: 0.3844
Round 90, Subset 10, Test Acc: 0.3868
Aggregating 82 models...
Round 90, Aggregated Test Acc: 0.1228
================================================================================
Round 91, Subset 1, Group Averaging Test Acc: 0.6523
Round 91, Subset 2, Group Averaging Test Acc: 0.6577
Round 91, Subset 3, Group Averaging Test Acc: 0.6448
Round 91, Subset 4, Group Averaging Test Acc: 0.6541
Round 91, Subset 5, Group Averaging Test Acc: 0.6410
Round 91, Subset 6, Group Averaging Test Acc: 0.6549
Round 91, Subset 7, Group Averaging Test Acc: 0.6514
Round 91, Subset 8, Group Averaging Test Acc: 0.6583
Round 91, Subset 9, Test Acc: 0.3658
Round 91, Subset 10, Test Acc: 0.4122
Aggregating 82 models...
Round 91, Aggregated Test Acc: 0.1201
================================================================================
Round 92, Subset 1, Group Averaging Test Acc: 0.6558
Round 92, Subset 2, Group Averaging Test Acc: 0.6592
Round 92, Subset 3, Group Averaging Test Acc: 0.6427
Round 92, Subset 4, Group Averaging Test Acc: 0.6624
Round 92, Subset 5, Group Averaging Test Acc: 0.6640
Round 92, Subset 6, Group Averaging Test Acc: 0.6552
Round 92, Subset 7, Group Averaging Test Acc: 0.6477
Round 92, Subset 8, Group Averaging Test Acc: 0.6671
Round 92, Subset 9, Test Acc: 0.3480
Round 92, Subset 10, Test Acc: 0.4148
Aggregating 82 models...
Round 92, Aggregated Test Acc: 0.1202
================================================================================
Round 93, Subset 1, Group Averaging Test Acc: 0.6600
Round 93, Subset 2, Group Averaging Test Acc: 0.6492
Round 93, Subset 3, Group Averaging Test Acc: 0.6559
Round 93, Subset 4, Group Averaging Test Acc: 0.6701
Round 93, Subset 5, Group Averaging Test Acc: 0.6554
Round 93, Subset 6, Group Averaging Test Acc: 0.6569
Round 93, Subset 7, Group Averaging Test Acc: 0.6431
Round 93, Subset 8, Group Averaging Test Acc: 0.6622
Round 93, Subset 9, Test Acc: 0.3822
Round 93, Subset 10, Test Acc: 0.3878
Aggregating 82 models...
Round 93, Aggregated Test Acc: 0.1197
================================================================================
Round 94, Subset 1, Group Averaging Test Acc: 0.6633
Round 94, Subset 2, Group Averaging Test Acc: 0.6612
Round 94, Subset 3, Group Averaging Test Acc: 0.6404
Round 94, Subset 4, Group Averaging Test Acc: 0.6666
Round 94, Subset 5, Group Averaging Test Acc: 0.6572
Round 94, Subset 6, Group Averaging Test Acc: 0.6781
Round 94, Subset 7, Group Averaging Test Acc: 0.6555
Round 94, Subset 8, Group Averaging Test Acc: 0.6647
Round 94, Subset 9, Test Acc: 0.3822
Round 94, Subset 10, Test Acc: 0.3856
Aggregating 82 models...
Round 94, Aggregated Test Acc: 0.1173
================================================================================
Round 95, Subset 1, Group Averaging Test Acc: 0.6551
Round 95, Subset 2, Group Averaging Test Acc: 0.6604
Round 95, Subset 3, Group Averaging Test Acc: 0.6442
Round 95, Subset 4, Group Averaging Test Acc: 0.6671
Round 95, Subset 5, Group Averaging Test Acc: 0.6609
Round 95, Subset 6, Group Averaging Test Acc: 0.6575
Round 95, Subset 7, Group Averaging Test Acc: 0.6547
Round 95, Subset 8, Group Averaging Test Acc: 0.6645
Round 95, Subset 9, Test Acc: 0.3780
Round 95, Subset 10, Test Acc: 0.4066
Aggregating 82 models...
Round 95, Aggregated Test Acc: 0.1163
================================================================================
Round 96, Subset 1, Group Averaging Test Acc: 0.6631
Round 96, Subset 2, Group Averaging Test Acc: 0.6608
Round 96, Subset 3, Group Averaging Test Acc: 0.6445
Round 96, Subset 4, Group Averaging Test Acc: 0.6744
Round 96, Subset 5, Group Averaging Test Acc: 0.6635
Round 96, Subset 6, Group Averaging Test Acc: 0.6630
Round 96, Subset 7, Group Averaging Test Acc: 0.6555
Round 96, Subset 8, Group Averaging Test Acc: 0.6649
Round 96, Subset 9, Test Acc: 0.3870
Round 96, Subset 10, Test Acc: 0.4200
Aggregating 82 models...
Round 96, Aggregated Test Acc: 0.1159
================================================================================
Round 97, Subset 1, Group Averaging Test Acc: 0.6624
Round 97, Subset 2, Group Averaging Test Acc: 0.6591
Round 97, Subset 3, Group Averaging Test Acc: 0.6674
Round 97, Subset 4, Group Averaging Test Acc: 0.6682
Round 97, Subset 5, Group Averaging Test Acc: 0.6627
Round 97, Subset 6, Group Averaging Test Acc: 0.6568
Round 97, Subset 7, Group Averaging Test Acc: 0.6631
Round 97, Subset 8, Group Averaging Test Acc: 0.6790
Round 97, Subset 9, Test Acc: 0.3954
Round 97, Subset 10, Test Acc: 0.4254
Aggregating 82 models...
Round 97, Aggregated Test Acc: 0.1156
================================================================================
Round 98, Subset 1, Group Averaging Test Acc: 0.6647
Round 98, Subset 2, Group Averaging Test Acc: 0.6720
Round 98, Subset 3, Group Averaging Test Acc: 0.6483
Round 98, Subset 4, Group Averaging Test Acc: 0.6710
Round 98, Subset 5, Group Averaging Test Acc: 0.6630
Round 98, Subset 6, Group Averaging Test Acc: 0.6700
Round 98, Subset 7, Group Averaging Test Acc: 0.6677
Round 98, Subset 8, Group Averaging Test Acc: 0.6761
Round 98, Subset 9, Test Acc: 0.3868
Round 98, Subset 10, Test Acc: 0.4218
Aggregating 82 models...
Round 98, Aggregated Test Acc: 0.1157
================================================================================
Round 99, Subset 1, Group Averaging Test Acc: 0.6580
Round 99, Subset 2, Group Averaging Test Acc: 0.6752
Round 99, Subset 3, Group Averaging Test Acc: 0.6506
Round 99, Subset 4, Group Averaging Test Acc: 0.6664
Round 99, Subset 5, Group Averaging Test Acc: 0.6676
Round 99, Subset 6, Group Averaging Test Acc: 0.6682
Round 99, Subset 7, Group Averaging Test Acc: 0.6620
Round 99, Subset 8, Group Averaging Test Acc: 0.6766
Round 99, Subset 9, Test Acc: 0.3950
Round 99, Subset 10, Test Acc: 0.4024
Aggregating 82 models...
Round 99, Aggregated Test Acc: 0.1147
================================================================================
Round 100, Subset 1, Group Averaging Test Acc: 0.6757
Round 100, Subset 2, Group Averaging Test Acc: 0.6767
Round 100, Subset 3, Group Averaging Test Acc: 0.6581
Round 100, Subset 4, Group Averaging Test Acc: 0.6769
Round 100, Subset 5, Group Averaging Test Acc: 0.6641
Round 100, Subset 6, Group Averaging Test Acc: 0.6709
Round 100, Subset 7, Group Averaging Test Acc: 0.6682
Round 100, Subset 8, Group Averaging Test Acc: 0.6821
Round 100, Subset 9, Test Acc: 0.4086
Round 100, Subset 10, Test Acc: 0.4118
Aggregating 82 models...
Round 100, Aggregated Test Acc: 0.1127
================================================================================
All rounds time cost: 19393.50s
