Method: fedrd
Model: cnn
Dataset: cifar100
Data distribution: alpha0.5
Global step size: 1.0
Dynamic Global step size: False
Number of clients: 100
Client selection ratio: 0.1
Local training data ratio: 1.0
Number of rounds: 300
Number of local epochs: 5
Batch size: 16
Learning rate: 0.001
Weight decay: 0.0001
Random seed: 42
Normalization type: sbn
Number of workers: 2
Client capacity distribution: 0
Parameter delta norm type: mean
Global learning rate decay: True
Gamma: 0.9
Data augmentation: False
[Model Architecture]
CNN(
  (layer1): Sequential(
    (0): Conv2d(3, 64, kernel_size=(3, 3), stride=(1, 1), padding=(1, 1))
    (1): ReLU()
    (2): MaxPool2d(kernel_size=2, stride=2, padding=0, dilation=1, ceil_mode=False)
  )
  (layer2): Sequential(
    (0): Conv2d(64, 128, kernel_size=(3, 3), stride=(1, 1), padding=(1, 1))
    (1): ReLU()
    (2): MaxPool2d(kernel_size=2, stride=2, padding=0, dilation=1, ceil_mode=False)
  )
  (layer3): Sequential(
    (0): Conv2d(128, 256, kernel_size=(3, 3), stride=(1, 1), padding=(1, 1))
    (1): ReLU()
    (2): MaxPool2d(kernel_size=2, stride=2, padding=0, dilation=1, ceil_mode=False)
  )
  (fc): Linear(in_features=4096, out_features=100, bias=True)
)
Global Model size: 2.98 MB
Optional client capacities: [1.0, 0.75, 0.5, 0.25, 0.1]
Weights: [0.05, 0.1, 0.15, 0.2, 0.5]
Capacity counts: [5, 10, 15, 20, 50]
Specific client capacities: [0.25, 0.25, 0.1, 0.75, 0.1, 0.1, 1.0, 0.1, 0.5, 0.1, 0.1, 0.75, 0.1, 0.1, 0.1, 0.25, 0.25, 0.1, 0.1, 0.25, 0.25, 0.5, 0.25, 0.1, 0.1, 0.25, 0.1, 0.5, 0.1, 0.25, 0.75, 0.25, 0.1, 0.1, 0.1, 0.25, 0.1, 0.1, 0.1, 0.75, 0.25, 0.5, 0.25, 0.25, 0.5, 0.1, 0.1, 0.1, 0.75, 0.25, 0.1, 0.25, 1.0, 0.1, 0.5, 0.25, 0.1, 0.1, 0.5, 0.1, 0.5, 0.75, 0.75, 0.1, 0.1, 0.5, 0.1, 0.25, 0.1, 0.5, 1.0, 0.1, 0.1, 0.1, 0.1, 0.1, 0.5, 0.1, 0.1, 0.1, 0.1, 0.5, 0.5, 0.1, 0.1, 1.0, 0.1, 0.1, 0.75, 0.1, 0.1, 0.75, 0.5, 0.5, 0.25, 0.25, 0.1, 1.0, 0.75, 0.1]
Decay steps: [10, 20, 30, 40, 50, 60, 70, 80, 90, 100, 110, 120, 130, 140, 150, 160, 170, 180, 190, 200]
Round 1
Selected 10 client IDs: [29 11 65 43 32 13 47  3 83  7]
eta_g: 1.0000, mean Overlap: 0.3581, mean Coverage: 0.9593, mean Coverage Ablation: 0.9593
Param name: layer1.0.weight, param overlap: 0.3016, param coverage: 0.9844, param coverage ablation: 0.9844
Param name: layer1.0.bias, param overlap: 0.3016, param coverage: 0.9844, param coverage ablation: 0.9844
Param name: layer2.0.weight, param overlap: 0.1760, param coverage: 0.8772, param coverage ablation: 0.8772
Param name: layer2.0.bias, param overlap: 0.2969, param coverage: 1.0000, param coverage ablation: 1.0000
Param name: layer3.0.weight, param overlap: 0.1766, param coverage: 0.8752, param coverage ablation: 0.8752
Param name: layer3.0.bias, param overlap: 0.3060, param coverage: 0.9766, param coverage ablation: 0.9766
Param name: fc.weight, param overlap: 0.3060, param coverage: 0.9766, param coverage ablation: 0.9766
Param name: fc.bias, param overlap: 1.0000, param coverage: 1.0000, param coverage ablation: 1.0000
Client 29	Capacity: 0.25	Model Size: 0.48 MB	Train Loss: 1.0460	Train Acc: 0.7146	Local Validation  Loss: 0.0000	Local Validation Acc: 0.0000	Global Validation Loss: 9.4028	Global Validation Acc: 0.0642
Client 11	Capacity: 0.75	Model Size: 1.97 MB	Train Loss: 1.2414	Train Acc: 0.6339	Local Validation  Loss: 0.0000	Local Validation Acc: 0.0000	Global Validation Loss: 10.5336	Global Validation Acc: 0.0645
Client 65	Capacity: 0.5	Model Size: 1.14 MB	Train Loss: 1.2574	Train Acc: 0.6479	Local Validation  Loss: 0.0000	Local Validation Acc: 0.0000	Global Validation Loss: 9.4913	Global Validation Acc: 0.0620
Client 43	Capacity: 0.25	Model Size: 0.48 MB	Train Loss: 0.8568	Train Acc: 0.7394	Local Validation  Loss: 0.0000	Local Validation Acc: 0.0000	Global Validation Loss: 10.7534	Global Validation Acc: 0.0601
Client 32	Capacity: 0.1	Model Size: 0.17 MB	Train Loss: 1.3333	Train Acc: 0.6716	Local Validation  Loss: 0.0000	Local Validation Acc: 0.0000	Global Validation Loss: 10.5843	Global Validation Acc: 0.0469
Client 13	Capacity: 0.1	Model Size: 0.17 MB	Train Loss: 1.0015	Train Acc: 0.7362	Local Validation  Loss: 0.0000	Local Validation Acc: 0.0000	Global Validation Loss: 10.6288	Global Validation Acc: 0.0533
Client 47	Capacity: 0.1	Model Size: 0.17 MB	Train Loss: 1.0665	Train Acc: 0.7373	Local Validation  Loss: 0.0000	Local Validation Acc: 0.0000	Global Validation Loss: 9.6032	Global Validation Acc: 0.0434
Client 3	Capacity: 0.75	Model Size: 1.97 MB	Train Loss: 1.2618	Train Acc: 0.6463	Local Validation  Loss: 0.0000	Local Validation Acc: 0.0000	Global Validation Loss: 9.7309	Global Validation Acc: 0.0683
Client 83	Capacity: 0.1	Model Size: 0.17 MB	Train Loss: 0.7527	Train Acc: 0.8377	Local Validation  Loss: 0.0000	Local Validation Acc: 0.0000	Global Validation Loss: 9.2213	Global Validation Acc: 0.0528
Client 7	Capacity: 0.1	Model Size: 0.17 MB	Train Loss: 1.4684	Train Acc: 0.6071	Local Validation  Loss: 0.0000	Local Validation Acc: 0.0000	Global Validation Loss: 10.5848	Global Validation Acc: 0.0428
Aggregated
Global Test Loss: 4.4639	Global Test Acc: 0.0500
Round 1 use time: 1.13 min, ETA: 5.63 hours
================================================================================
Round 2
Selected 10 client IDs: [57  8 50 87 61 90 25 34 39 86]
eta_g: 1.0000, mean Overlap: 0.3464, mean Coverage: 0.9595, mean Coverage Ablation: 0.9595
Param name: layer1.0.weight, param overlap: 0.2812, param coverage: 1.0000, param coverage ablation: 1.0000
Param name: layer1.0.bias, param overlap: 0.2812, param coverage: 1.0000, param coverage ablation: 1.0000
Param name: layer2.0.weight, param overlap: 0.1702, param coverage: 0.8754, param coverage ablation: 0.8754
Param name: layer2.0.bias, param overlap: 0.2857, param coverage: 0.9844, param coverage ablation: 0.9844
Param name: layer3.0.weight, param overlap: 0.1745, param coverage: 0.8553, param coverage ablation: 0.8553
Param name: layer3.0.bias, param overlap: 0.2892, param coverage: 0.9805, param coverage ablation: 0.9805
Param name: fc.weight, param overlap: 0.2892, param coverage: 0.9805, param coverage ablation: 0.9805
Param name: fc.bias, param overlap: 1.0000, param coverage: 1.0000, param coverage ablation: 1.0000
Client 57	Capacity: 0.1	Model Size: 0.17 MB	Train Loss: 1.7337	Train Acc: 0.5406	Local Validation  Loss: 0.0000	Local Validation Acc: 0.0000	Global Validation Loss: 9.3023	Global Validation Acc: 0.0495
Client 8	Capacity: 0.5	Model Size: 1.14 MB	Train Loss: 0.7769	Train Acc: 0.8088	Local Validation  Loss: 0.0000	Local Validation Acc: 0.0000	Global Validation Loss: 9.4434	Global Validation Acc: 0.0654
Client 50	Capacity: 0.1	Model Size: 0.17 MB	Train Loss: 0.9710	Train Acc: 0.7310	Local Validation  Loss: 0.0000	Local Validation Acc: 0.0000	Global Validation Loss: 10.3601	Global Validation Acc: 0.0440
Client 87	Capacity: 0.1	Model Size: 0.17 MB	Train Loss: 2.4913	Train Acc: 0.3752	Local Validation  Loss: 0.0000	Local Validation Acc: 0.0000	Global Validation Loss: 6.6450	Global Validation Acc: 0.0375
Client 61	Capacity: 0.75	Model Size: 1.97 MB	Train Loss: 0.2988	Train Acc: 0.9310	Local Validation  Loss: 0.0000	Local Validation Acc: 0.0000	Global Validation Loss: 10.9390	Global Validation Acc: 0.0716
Client 90	Capacity: 0.1	Model Size: 0.17 MB	Train Loss: 1.2699	Train Acc: 0.6329	Local Validation  Loss: 0.0000	Local Validation Acc: 0.0000	Global Validation Loss: 9.3171	Global Validation Acc: 0.0305
Client 25	Capacity: 0.25	Model Size: 0.48 MB	Train Loss: 0.7154	Train Acc: 0.7944	Local Validation  Loss: 0.0000	Local Validation Acc: 0.0000	Global Validation Loss: 10.9829	Global Validation Acc: 0.0753
Client 34	Capacity: 0.1	Model Size: 0.17 MB	Train Loss: 1.4176	Train Acc: 0.5934	Local Validation  Loss: 0.0000	Local Validation Acc: 0.0000	Global Validation Loss: 9.3364	Global Validation Acc: 0.0545
Client 39	Capacity: 0.75	Model Size: 1.97 MB	Train Loss: 0.4510	Train Acc: 0.8926	Local Validation  Loss: 0.0000	Local Validation Acc: 0.0000	Global Validation Loss: 9.6471	Global Validation Acc: 0.0830
Client 86	Capacity: 0.1	Model Size: 0.17 MB	Train Loss: 1.8878	Train Acc: 0.4902	Local Validation  Loss: 0.0000	Local Validation Acc: 0.0000	Global Validation Loss: 7.3326	Global Validation Acc: 0.0473
Aggregated
Global Test Loss: 4.3480	Global Test Acc: 0.0836
Round 2 use time: 1.08 min, ETA: 5.34 hours
================================================================================
Round 3
Selected 10 client IDs: [39 47 66 19 44 36 14 11 75 60]
eta_g: 1.0000, mean Overlap: 0.3753, mean Coverage: 0.9741, mean Coverage Ablation: 0.9741
Param name: layer1.0.weight, param overlap: 0.3219, param coverage: 1.0000, param coverage ablation: 1.0000
Param name: layer1.0.bias, param overlap: 0.3219, param coverage: 1.0000, param coverage ablation: 1.0000
Param name: layer2.0.weight, param overlap: 0.1914, param coverage: 0.9045, param coverage ablation: 0.9045
Param name: layer2.0.bias, param overlap: 0.3270, param coverage: 0.9844, param coverage ablation: 0.9844
Param name: layer3.0.weight, param overlap: 0.1902, param coverage: 0.9114, param coverage ablation: 0.9114
Param name: layer3.0.bias, param overlap: 0.3251, param coverage: 0.9961, param coverage ablation: 0.9961
Param name: fc.weight, param overlap: 0.3251, param coverage: 0.9961, param coverage ablation: 0.9961
Param name: fc.bias, param overlap: 1.0000, param coverage: 1.0000, param coverage ablation: 1.0000
Client 39	Capacity: 0.75	Model Size: 1.97 MB	Train Loss: 0.0879	Train Acc: 0.9815	Local Validation  Loss: 0.0000	Local Validation Acc: 0.0000	Global Validation Loss: 12.3639	Global Validation Acc: 0.0908
Client 47	Capacity: 0.1	Model Size: 0.17 MB	Train Loss: 1.4744	Train Acc: 0.6038	Local Validation  Loss: 0.0000	Local Validation Acc: 0.0000	Global Validation Loss: 8.8303	Global Validation Acc: 0.0459
Client 66	Capacity: 0.1	Model Size: 0.17 MB	Train Loss: 0.7245	Train Acc: 0.8163	Local Validation  Loss: 0.0000	Local Validation Acc: 0.0000	Global Validation Loss: 9.5197	Global Validation Acc: 0.0543
Client 19	Capacity: 0.25	Model Size: 0.48 MB	Train Loss: 0.6937	Train Acc: 0.8164	Local Validation  Loss: 0.0000	Local Validation Acc: 0.0000	Global Validation Loss: 8.9537	Global Validation Acc: 0.0775
Client 44	Capacity: 0.5	Model Size: 1.14 MB	Train Loss: 0.2365	Train Acc: 0.9494	Local Validation  Loss: 0.0000	Local Validation Acc: 0.0000	Global Validation Loss: 11.0343	Global Validation Acc: 0.0838
Client 36	Capacity: 0.1	Model Size: 0.17 MB	Train Loss: 0.6961	Train Acc: 0.8376	Local Validation  Loss: 0.0000	Local Validation Acc: 0.0000	Global Validation Loss: 10.5103	Global Validation Acc: 0.0572
Client 14	Capacity: 0.1	Model Size: 0.17 MB	Train Loss: 1.9153	Train Acc: 0.5027	Local Validation  Loss: 0.0000	Local Validation Acc: 0.0000	Global Validation Loss: 7.9883	Global Validation Acc: 0.0473
Client 11	Capacity: 0.75	Model Size: 1.97 MB	Train Loss: 0.1266	Train Acc: 0.9711	Local Validation  Loss: 0.0000	Local Validation Acc: 0.0000	Global Validation Loss: 11.7235	Global Validation Acc: 0.0882
Client 75	Capacity: 0.1	Model Size: 0.17 MB	Train Loss: 1.6505	Train Acc: 0.5491	Local Validation  Loss: 0.0000	Local Validation Acc: 0.0000	Global Validation Loss: 8.3372	Global Validation Acc: 0.0508
Client 60	Capacity: 0.5	Model Size: 1.14 MB	Train Loss: 0.3090	Train Acc: 0.9355	Local Validation  Loss: 0.0000	Local Validation Acc: 0.0000	Global Validation Loss: 11.1400	Global Validation Acc: 0.0683
Aggregated
Global Test Loss: 5.0776	Global Test Acc: 0.0999
Round 3 use time: 1.11 min, ETA: 5.48 hours
================================================================================
Round 4
Selected 10 client IDs: [48 36 96 40  4 17 69 31 39  6]
eta_g: 1.0000, mean Overlap: 0.4310, mean Coverage: 1.0000, mean Coverage Ablation: 0.9591
Param name: layer1.0.weight, param overlap: 0.3875, param coverage: 1.0000, param coverage ablation: 0.9844
Param name: layer1.0.bias, param overlap: 0.3875, param coverage: 1.0000, param coverage ablation: 0.9844
Param name: layer2.0.weight, param overlap: 0.2535, param coverage: 1.0000, param coverage ablation: 0.8715
Param name: layer2.0.bias, param overlap: 0.3875, param coverage: 1.0000, param coverage ablation: 0.9844
Param name: layer3.0.weight, param overlap: 0.2537, param coverage: 1.0000, param coverage ablation: 0.8717
Param name: layer3.0.bias, param overlap: 0.3891, param coverage: 1.0000, param coverage ablation: 0.9883
Param name: fc.weight, param overlap: 0.3891, param coverage: 1.0000, param coverage ablation: 0.9883
Param name: fc.bias, param overlap: 1.0000, param coverage: 1.0000, param coverage ablation: 1.0000
Client 48	Capacity: 0.75	Model Size: 1.97 MB	Train Loss: 0.1523	Train Acc: 0.9577	Local Validation  Loss: 0.0000	Local Validation Acc: 0.0000	Global Validation Loss: 10.2912	Global Validation Acc: 0.0922
Client 36	Capacity: 0.1	Model Size: 0.17 MB	Train Loss: 0.4610	Train Acc: 0.8950	Local Validation  Loss: 0.0000	Local Validation Acc: 0.0000	Global Validation Loss: 12.8631	Global Validation Acc: 0.0592
Client 96	Capacity: 0.1	Model Size: 0.17 MB	Train Loss: 1.4319	Train Acc: 0.6242	Local Validation  Loss: 0.0000	Local Validation Acc: 0.0000	Global Validation Loss: 8.5473	Global Validation Acc: 0.0443
Client 40	Capacity: 0.25	Model Size: 0.48 MB	Train Loss: 0.3003	Train Acc: 0.9321	Local Validation  Loss: 0.0000	Local Validation Acc: 0.0000	Global Validation Loss: 11.6148	Global Validation Acc: 0.0704
Client 4	Capacity: 0.1	Model Size: 0.17 MB	Train Loss: 1.9318	Train Acc: 0.4642	Local Validation  Loss: 0.0000	Local Validation Acc: 0.0000	Global Validation Loss: 7.3954	Global Validation Acc: 0.0446
Client 17	Capacity: 0.1	Model Size: 0.17 MB	Train Loss: 0.7905	Train Acc: 0.8333	Local Validation  Loss: 0.0000	Local Validation Acc: 0.0000	Global Validation Loss: 9.8062	Global Validation Acc: 0.0432
Client 69	Capacity: 0.5	Model Size: 1.14 MB	Train Loss: 0.1014	Train Acc: 0.9866	Local Validation  Loss: 0.0000	Local Validation Acc: 0.0000	Global Validation Loss: 10.4804	Global Validation Acc: 0.0790
Client 31	Capacity: 0.25	Model Size: 0.48 MB	Train Loss: 0.3324	Train Acc: 0.9461	Local Validation  Loss: 0.0000	Local Validation Acc: 0.0000	Global Validation Loss: 10.8850	Global Validation Acc: 0.0652
Client 39	Capacity: 0.75	Model Size: 1.97 MB	Train Loss: 0.0892	Train Acc: 0.9748	Local Validation  Loss: 0.0000	Local Validation Acc: 0.0000	Global Validation Loss: 12.2472	Global Validation Acc: 0.0921
Client 6	Capacity: 1.0	Model Size: 2.98 MB	Train Loss: 0.0687	Train Acc: 0.9860	Local Validation  Loss: 0.0000	Local Validation Acc: 0.0000	Global Validation Loss: 10.7901	Global Validation Acc: 0.0842
Aggregated
Global Test Loss: 5.1919	Global Test Acc: 0.1307
Round 4 use time: 1.13 min, ETA: 5.58 hours
================================================================================
Round 5
Selected 10 client IDs: [19 47 32 72 62 33 35  8 96 88]
eta_g: 1.0000, mean Overlap: 0.3558, mean Coverage: 0.9682, mean Coverage Ablation: 0.9682
Param name: layer1.0.weight, param overlap: 0.3016, param coverage: 0.9844, param coverage ablation: 0.9844
Param name: layer1.0.bias, param overlap: 0.3016, param coverage: 0.9844, param coverage ablation: 0.9844
Param name: layer2.0.weight, param overlap: 0.1727, param coverage: 0.8938, param coverage ablation: 0.8938
Param name: layer2.0.bias, param overlap: 0.2969, param coverage: 1.0000, param coverage ablation: 1.0000
Param name: layer3.0.weight, param overlap: 0.1736, param coverage: 0.8905, param coverage ablation: 0.8905
Param name: layer3.0.bias, param overlap: 0.3000, param coverage: 0.9961, param coverage ablation: 0.9961
Param name: fc.weight, param overlap: 0.3000, param coverage: 0.9961, param coverage ablation: 0.9961
Param name: fc.bias, param overlap: 1.0000, param coverage: 1.0000, param coverage ablation: 1.0000
Client 19	Capacity: 0.25	Model Size: 0.48 MB	Train Loss: 0.3043	Train Acc: 0.9246	Local Validation  Loss: 0.0000	Local Validation Acc: 0.0000	Global Validation Loss: 11.1827	Global Validation Acc: 0.0738
Client 47	Capacity: 0.1	Model Size: 0.17 MB	Train Loss: 1.5994	Train Acc: 0.5487	Local Validation  Loss: 0.0000	Local Validation Acc: 0.0000	Global Validation Loss: 8.4149	Global Validation Acc: 0.0414
Client 32	Capacity: 0.1	Model Size: 0.17 MB	Train Loss: 1.1390	Train Acc: 0.6775	Local Validation  Loss: 0.0000	Local Validation Acc: 0.0000	Global Validation Loss: 10.1958	Global Validation Acc: 0.0529
Client 72	Capacity: 0.1	Model Size: 0.17 MB	Train Loss: 1.7945	Train Acc: 0.5219	Local Validation  Loss: 0.0000	Local Validation Acc: 0.0000	Global Validation Loss: 8.2231	Global Validation Acc: 0.0411
Client 62	Capacity: 0.75	Model Size: 1.97 MB	Train Loss: 0.0919	Train Acc: 0.9807	Local Validation  Loss: 0.0000	Local Validation Acc: 0.0000	Global Validation Loss: 10.2803	Global Validation Acc: 0.0963
Client 33	Capacity: 0.1	Model Size: 0.17 MB	Train Loss: 2.3705	Train Acc: 0.3873	Local Validation  Loss: 0.0000	Local Validation Acc: 0.0000	Global Validation Loss: 7.5626	Global Validation Acc: 0.0384
Client 35	Capacity: 0.25	Model Size: 0.48 MB	Train Loss: 0.2261	Train Acc: 0.9571	Local Validation  Loss: 0.0000	Local Validation Acc: 0.0000	Global Validation Loss: 11.3455	Global Validation Acc: 0.0752
Client 8	Capacity: 0.5	Model Size: 1.14 MB	Train Loss: 0.0765	Train Acc: 0.9895	Local Validation  Loss: 0.0000	Local Validation Acc: 0.0000	Global Validation Loss: 11.5626	Global Validation Acc: 0.0812
Client 96	Capacity: 0.1	Model Size: 0.17 MB	Train Loss: 0.5857	Train Acc: 0.8747	Local Validation  Loss: 0.0000	Local Validation Acc: 0.0000	Global Validation Loss: 10.4529	Global Validation Acc: 0.0458
Client 88	Capacity: 0.75	Model Size: 1.97 MB	Train Loss: 0.0822	Train Acc: 0.9874	Local Validation  Loss: 0.0000	Local Validation Acc: 0.0000	Global Validation Loss: 10.2434	Global Validation Acc: 0.0888
Aggregated
Global Test Loss: 4.9041	Global Test Acc: 0.1303
Round 5 use time: 1.06 min, ETA: 5.19 hours
================================================================================
Round 6
Selected 10 client IDs: [85 58 42 70 63 71 23  7 53 83]
eta_g: 1.0000, mean Overlap: 0.3918, mean Coverage: 1.0000, mean Coverage Ablation: 0.6984
Param name: layer1.0.weight, param overlap: 0.3312, param coverage: 1.0000, param coverage ablation: 0.7656
Param name: layer1.0.bias, param overlap: 0.3312, param coverage: 1.0000, param coverage ablation: 0.7656
Param name: layer2.0.weight, param overlap: 0.2365, param coverage: 1.0000, param coverage ablation: 0.3372
Param name: layer2.0.bias, param overlap: 0.3312, param coverage: 1.0000, param coverage ablation: 0.8125
Param name: layer3.0.weight, param overlap: 0.2367, param coverage: 1.0000, param coverage ablation: 0.3357
Param name: layer3.0.bias, param overlap: 0.3336, param coverage: 1.0000, param coverage ablation: 0.7852
Param name: fc.weight, param overlap: 0.3336, param coverage: 1.0000, param coverage ablation: 0.7852
Param name: fc.bias, param overlap: 1.0000, param coverage: 1.0000, param coverage ablation: 1.0000
Client 85	Capacity: 1.0	Model Size: 2.98 MB	Train Loss: 0.0332	Train Acc: 0.9964	Local Validation  Loss: 0.0000	Local Validation Acc: 0.0000	Global Validation Loss: 9.8089	Global Validation Acc: 0.1088
Client 58	Capacity: 0.5	Model Size: 1.14 MB	Train Loss: 0.1152	Train Acc: 0.9803	Local Validation  Loss: 0.0000	Local Validation Acc: 0.0000	Global Validation Loss: 10.4820	Global Validation Acc: 0.0763
Client 42	Capacity: 0.25	Model Size: 0.48 MB	Train Loss: 0.4945	Train Acc: 0.8897	Local Validation  Loss: 0.0000	Local Validation Acc: 0.0000	Global Validation Loss: 9.5721	Global Validation Acc: 0.0726
Client 70	Capacity: 1.0	Model Size: 2.98 MB	Train Loss: 0.0230	Train Acc: 0.9979	Local Validation  Loss: 0.0000	Local Validation Acc: 0.0000	Global Validation Loss: 9.6651	Global Validation Acc: 0.0913
Client 63	Capacity: 0.1	Model Size: 0.17 MB	Train Loss: 1.9653	Train Acc: 0.4531	Local Validation  Loss: 0.0000	Local Validation Acc: 0.0000	Global Validation Loss: 8.4026	Global Validation Acc: 0.0357
Client 71	Capacity: 0.1	Model Size: 0.17 MB	Train Loss: 2.4378	Train Acc: 0.3507	Local Validation  Loss: 0.0000	Local Validation Acc: 0.0000	Global Validation Loss: 8.9321	Global Validation Acc: 0.0352
Client 23	Capacity: 0.1	Model Size: 0.17 MB	Train Loss: 1.7167	Train Acc: 0.5304	Local Validation  Loss: 0.0000	Local Validation Acc: 0.0000	Global Validation Loss: 7.6667	Global Validation Acc: 0.0469
Client 7	Capacity: 0.1	Model Size: 0.17 MB	Train Loss: 1.5482	Train Acc: 0.5952	Local Validation  Loss: 0.0000	Local Validation Acc: 0.0000	Global Validation Loss: 9.7945	Global Validation Acc: 0.0485
Client 53	Capacity: 0.1	Model Size: 0.17 MB	Train Loss: 2.0423	Train Acc: 0.4751	Local Validation  Loss: 0.0000	Local Validation Acc: 0.0000	Global Validation Loss: 7.3993	Global Validation Acc: 0.0528
Client 83	Capacity: 0.1	Model Size: 0.17 MB	Train Loss: 1.7470	Train Acc: 0.4988	Local Validation  Loss: 0.0000	Local Validation Acc: 0.0000	Global Validation Loss: 9.4418	Global Validation Acc: 0.0429
Aggregated
Global Test Loss: 4.6387	Global Test Acc: 0.1475
Round 6 use time: 1.11 min, ETA: 5.42 hours
================================================================================
Round 7
Selected 10 client IDs: [44 18 83 23 22 64  2 61 12 10]
eta_g: 1.0000, mean Overlap: 0.3012, mean Coverage: 0.8936, mean Coverage Ablation: 0.8936
Param name: layer1.0.weight, param overlap: 0.2300, param coverage: 0.9375, param coverage ablation: 0.9375
Param name: layer1.0.bias, param overlap: 0.2300, param coverage: 0.9375, param coverage ablation: 0.9375
Param name: layer2.0.weight, param overlap: 0.1325, param coverage: 0.7070, param coverage ablation: 0.7070
Param name: layer2.0.bias, param overlap: 0.2281, param coverage: 0.9453, param coverage ablation: 0.9453
Param name: layer3.0.weight, param overlap: 0.1342, param coverage: 0.6999, param coverage ablation: 0.6999
Param name: layer3.0.bias, param overlap: 0.2272, param coverage: 0.9609, param coverage ablation: 0.9609
Param name: fc.weight, param overlap: 0.2272, param coverage: 0.9609, param coverage ablation: 0.9609
Param name: fc.bias, param overlap: 1.0000, param coverage: 1.0000, param coverage ablation: 1.0000
Client 44	Capacity: 0.5	Model Size: 1.14 MB	Train Loss: 0.0744	Train Acc: 0.9873	Local Validation  Loss: 0.0000	Local Validation Acc: 0.0000	Global Validation Loss: 10.7427	Global Validation Acc: 0.0888
Client 18	Capacity: 0.1	Model Size: 0.17 MB	Train Loss: 2.7775	Train Acc: 0.2662	Local Validation  Loss: 0.0000	Local Validation Acc: 0.0000	Global Validation Loss: 7.3431	Global Validation Acc: 0.0282
Client 83	Capacity: 0.1	Model Size: 0.17 MB	Train Loss: 1.4234	Train Acc: 0.6468	Local Validation  Loss: 0.0000	Local Validation Acc: 0.0000	Global Validation Loss: 8.2271	Global Validation Acc: 0.0485
Client 23	Capacity: 0.1	Model Size: 0.17 MB	Train Loss: 2.3227	Train Acc: 0.3739	Local Validation  Loss: 0.0000	Local Validation Acc: 0.0000	Global Validation Loss: 6.9728	Global Validation Acc: 0.0520
Client 22	Capacity: 0.25	Model Size: 0.48 MB	Train Loss: 0.2900	Train Acc: 0.9223	Local Validation  Loss: 0.0000	Local Validation Acc: 0.0000	Global Validation Loss: 10.0618	Global Validation Acc: 0.0851
Client 64	Capacity: 0.1	Model Size: 0.17 MB	Train Loss: 2.3578	Train Acc: 0.3792	Local Validation  Loss: 0.0000	Local Validation Acc: 0.0000	Global Validation Loss: 7.7564	Global Validation Acc: 0.0200
Client 2	Capacity: 0.1	Model Size: 0.17 MB	Train Loss: 1.4113	Train Acc: 0.6238	Local Validation  Loss: 0.0000	Local Validation Acc: 0.0000	Global Validation Loss: 9.3110	Global Validation Acc: 0.0413
Client 61	Capacity: 0.75	Model Size: 1.97 MB	Train Loss: 0.0406	Train Acc: 0.9933	Local Validation  Loss: 0.0000	Local Validation Acc: 0.0000	Global Validation Loss: 9.8635	Global Validation Acc: 0.0867
Client 12	Capacity: 0.1	Model Size: 0.17 MB	Train Loss: 1.5086	Train Acc: 0.6155	Local Validation  Loss: 0.0000	Local Validation Acc: 0.0000	Global Validation Loss: 8.1422	Global Validation Acc: 0.0437
Client 10	Capacity: 0.1	Model Size: 0.17 MB	Train Loss: 2.2833	Train Acc: 0.3961	Local Validation  Loss: 0.0000	Local Validation Acc: 0.0000	Global Validation Loss: 8.3015	Global Validation Acc: 0.0347
Aggregated
Global Test Loss: 4.6739	Global Test Acc: 0.1387
Round 7 use time: 1.03 min, ETA: 5.04 hours
================================================================================
Round 8
Selected 10 client IDs: [37  7 72 73 38 55 28 78 61 29]
eta_g: 1.0000, mean Overlap: 0.2809, mean Coverage: 0.8773, mean Coverage Ablation: 0.8773
Param name: layer1.0.weight, param overlap: 0.1968, param coverage: 0.9688, param coverage ablation: 0.9688
Param name: layer1.0.bias, param overlap: 0.1968, param coverage: 0.9688, param coverage ablation: 0.9688
Param name: layer2.0.weight, param overlap: 0.1151, param coverage: 0.6506, param coverage ablation: 0.6506
Param name: layer2.0.bias, param overlap: 0.2033, param coverage: 0.9375, param coverage ablation: 0.9375
Param name: layer3.0.weight, param overlap: 0.1172, param coverage: 0.6411, param coverage ablation: 0.6411
Param name: layer3.0.bias, param overlap: 0.2089, param coverage: 0.9258, param coverage ablation: 0.9258
Param name: fc.weight, param overlap: 0.2089, param coverage: 0.9258, param coverage ablation: 0.9258
Param name: fc.bias, param overlap: 1.0000, param coverage: 1.0000, param coverage ablation: 1.0000
Client 37	Capacity: 0.1	Model Size: 0.17 MB	Train Loss: 1.8023	Train Acc: 0.5377	Local Validation  Loss: 0.0000	Local Validation Acc: 0.0000	Global Validation Loss: 9.5792	Global Validation Acc: 0.0443
Client 7	Capacity: 0.1	Model Size: 0.17 MB	Train Loss: 1.7651	Train Acc: 0.5381	Local Validation  Loss: 0.0000	Local Validation Acc: 0.0000	Global Validation Loss: 10.0890	Global Validation Acc: 0.0302
Client 72	Capacity: 0.1	Model Size: 0.17 MB	Train Loss: 0.4306	Train Acc: 0.8904	Local Validation  Loss: 0.0000	Local Validation Acc: 0.0000	Global Validation Loss: 12.9062	Global Validation Acc: 0.0472
Client 73	Capacity: 0.1	Model Size: 0.17 MB	Train Loss: 1.8484	Train Acc: 0.5453	Local Validation  Loss: 0.0000	Local Validation Acc: 0.0000	Global Validation Loss: 7.7446	Global Validation Acc: 0.0424
Client 38	Capacity: 0.1	Model Size: 0.17 MB	Train Loss: 1.6710	Train Acc: 0.5683	Local Validation  Loss: 0.0000	Local Validation Acc: 0.0000	Global Validation Loss: 8.7140	Global Validation Acc: 0.0379
Client 55	Capacity: 0.25	Model Size: 0.48 MB	Train Loss: 0.4699	Train Acc: 0.8739	Local Validation  Loss: 0.0000	Local Validation Acc: 0.0000	Global Validation Loss: 9.5210	Global Validation Acc: 0.0756
Client 28	Capacity: 0.1	Model Size: 0.17 MB	Train Loss: 1.8060	Train Acc: 0.5339	Local Validation  Loss: 0.0000	Local Validation Acc: 0.0000	Global Validation Loss: 7.1589	Global Validation Acc: 0.0446
Client 78	Capacity: 0.1	Model Size: 0.17 MB	Train Loss: 1.5753	Train Acc: 0.5611	Local Validation  Loss: 0.0000	Local Validation Acc: 0.0000	Global Validation Loss: 9.6795	Global Validation Acc: 0.0397
Client 61	Capacity: 0.75	Model Size: 1.97 MB	Train Loss: 0.0055	Train Acc: 1.0000	Local Validation  Loss: 0.0000	Local Validation Acc: 0.0000	Global Validation Loss: 9.5448	Global Validation Acc: 0.0921
Client 29	Capacity: 0.25	Model Size: 0.48 MB	Train Loss: 0.7913	Train Acc: 0.7709	Local Validation  Loss: 0.0000	Local Validation Acc: 0.0000	Global Validation Loss: 9.4688	Global Validation Acc: 0.0642
Aggregated
Global Test Loss: 5.7484	Global Test Acc: 0.1139
Round 8 use time: 1.01 min, ETA: 4.91 hours
================================================================================
Round 9
Selected 10 client IDs: [71 20 56 50 49 86  2 31 65 74]
eta_g: 1.0000, mean Overlap: 0.2882, mean Coverage: 0.7618, mean Coverage Ablation: 0.7618
Param name: layer1.0.weight, param overlap: 0.2148, param coverage: 0.8438, param coverage ablation: 0.8438
Param name: layer1.0.bias, param overlap: 0.2148, param coverage: 0.8438, param coverage ablation: 0.8438
Param name: layer2.0.weight, param overlap: 0.1202, param coverage: 0.4078, param coverage ablation: 0.4078
Param name: layer2.0.bias, param overlap: 0.2128, param coverage: 0.8516, param coverage ablation: 0.8516
Param name: layer3.0.weight, param overlap: 0.1192, param coverage: 0.4131, param coverage ablation: 0.4131
Param name: layer3.0.bias, param overlap: 0.2117, param coverage: 0.8672, param coverage ablation: 0.8672
Param name: fc.weight, param overlap: 0.2117, param coverage: 0.8672, param coverage ablation: 0.8672
Param name: fc.bias, param overlap: 1.0000, param coverage: 1.0000, param coverage ablation: 1.0000
Client 71	Capacity: 0.1	Model Size: 0.17 MB	Train Loss: 1.8851	Train Acc: 0.5386	Local Validation  Loss: 0.0000	Local Validation Acc: 0.0000	Global Validation Loss: 8.1433	Global Validation Acc: 0.0334
Client 20	Capacity: 0.25	Model Size: 0.48 MB	Train Loss: 0.6400	Train Acc: 0.8413	Local Validation  Loss: 0.0000	Local Validation Acc: 0.0000	Global Validation Loss: 8.9582	Global Validation Acc: 0.0696
Client 56	Capacity: 0.1	Model Size: 0.17 MB	Train Loss: 3.1999	Train Acc: 0.2045	Local Validation  Loss: 0.0000	Local Validation Acc: 0.0000	Global Validation Loss: 6.1330	Global Validation Acc: 0.0273
Client 50	Capacity: 0.1	Model Size: 0.17 MB	Train Loss: 3.0232	Train Acc: 0.2177	Local Validation  Loss: 0.0000	Local Validation Acc: 0.0000	Global Validation Loss: 7.3437	Global Validation Acc: 0.0230
Client 49	Capacity: 0.25	Model Size: 0.48 MB	Train Loss: 0.5685	Train Acc: 0.8874	Local Validation  Loss: 0.0000	Local Validation Acc: 0.0000	Global Validation Loss: 8.6375	Global Validation Acc: 0.0672
Client 86	Capacity: 0.1	Model Size: 0.17 MB	Train Loss: 1.7829	Train Acc: 0.4863	Local Validation  Loss: 0.0000	Local Validation Acc: 0.0000	Global Validation Loss: 9.1055	Global Validation Acc: 0.0466
Client 2	Capacity: 0.1	Model Size: 0.17 MB	Train Loss: 1.7129	Train Acc: 0.5345	Local Validation  Loss: 0.0000	Local Validation Acc: 0.0000	Global Validation Loss: 9.2429	Global Validation Acc: 0.0462
Client 31	Capacity: 0.25	Model Size: 0.48 MB	Train Loss: 0.3879	Train Acc: 0.9180	Local Validation  Loss: 0.0000	Local Validation Acc: 0.0000	Global Validation Loss: 10.1635	Global Validation Acc: 0.0678
Client 65	Capacity: 0.5	Model Size: 1.14 MB	Train Loss: 0.0470	Train Acc: 0.9917	Local Validation  Loss: 0.0000	Local Validation Acc: 0.0000	Global Validation Loss: 10.3999	Global Validation Acc: 0.0836
Client 74	Capacity: 0.1	Model Size: 0.17 MB	Train Loss: 2.5830	Train Acc: 0.2985	Local Validation  Loss: 0.0000	Local Validation Acc: 0.0000	Global Validation Loss: 9.3537	Global Validation Acc: 0.0368
Aggregated
Global Test Loss: 4.8202	Global Test Acc: 0.1055
Round 9 use time: 1.01 min, ETA: 4.91 hours
================================================================================
Round 10
Selected 10 client IDs: [17  6 90 80 10 98 95 18 45 31]
eta_g: 1.0000, mean Overlap: 0.3449, mean Coverage: 1.0000, mean Coverage Ablation: 0.8628
Param name: layer1.0.weight, param overlap: 0.2812, param coverage: 1.0000, param coverage ablation: 0.9062
Param name: layer1.0.bias, param overlap: 0.2812, param coverage: 1.0000, param coverage ablation: 0.9062
Param name: layer2.0.weight, param overlap: 0.1740, param coverage: 1.0000, param coverage ablation: 0.6429
Param name: layer2.0.bias, param overlap: 0.2812, param coverage: 1.0000, param coverage ablation: 0.9609
Param name: layer3.0.weight, param overlap: 0.1742, param coverage: 1.0000, param coverage ablation: 0.6421
Param name: layer3.0.bias, param overlap: 0.2836, param coverage: 1.0000, param coverage ablation: 0.9219
Param name: fc.weight, param overlap: 0.2836, param coverage: 1.0000, param coverage ablation: 0.9219
Param name: fc.bias, param overlap: 1.0000, param coverage: 1.0000, param coverage ablation: 1.0000
Decaying global learning rate at round 10, new eta_g: 0.9000
Client 17	Capacity: 0.1	Model Size: 0.17 MB	Train Loss: 2.2180	Train Acc: 0.3985	Local Validation  Loss: 0.0000	Local Validation Acc: 0.0000	Global Validation Loss: 7.9657	Global Validation Acc: 0.0311
Client 6	Capacity: 1.0	Model Size: 2.98 MB	Train Loss: 0.0222	Train Acc: 0.9977	Local Validation  Loss: 0.0000	Local Validation Acc: 0.0000	Global Validation Loss: 9.9743	Global Validation Acc: 0.0982
Client 90	Capacity: 0.1	Model Size: 0.17 MB	Train Loss: 2.5489	Train Acc: 0.3108	Local Validation  Loss: 0.0000	Local Validation Acc: 0.0000	Global Validation Loss: 8.1120	Global Validation Acc: 0.0306
Client 80	Capacity: 0.1	Model Size: 0.17 MB	Train Loss: 2.7152	Train Acc: 0.2896	Local Validation  Loss: 0.0000	Local Validation Acc: 0.0000	Global Validation Loss: 7.0129	Global Validation Acc: 0.0256
Client 10	Capacity: 0.1	Model Size: 0.17 MB	Train Loss: 2.1346	Train Acc: 0.4505	Local Validation  Loss: 0.0000	Local Validation Acc: 0.0000	Global Validation Loss: 8.0006	Global Validation Acc: 0.0354
Client 98	Capacity: 0.75	Model Size: 1.97 MB	Train Loss: 0.0364	Train Acc: 0.9887	Local Validation  Loss: 0.0000	Local Validation Acc: 0.0000	Global Validation Loss: 10.3018	Global Validation Acc: 0.1030
Client 95	Capacity: 0.25	Model Size: 0.48 MB	Train Loss: 0.8673	Train Acc: 0.7673	Local Validation  Loss: 0.0000	Local Validation Acc: 0.0000	Global Validation Loss: 8.8490	Global Validation Acc: 0.0567
Client 18	Capacity: 0.1	Model Size: 0.17 MB	Train Loss: 1.5243	Train Acc: 0.6104	Local Validation  Loss: 0.0000	Local Validation Acc: 0.0000	Global Validation Loss: 9.6808	Global Validation Acc: 0.0504
Client 45	Capacity: 0.1	Model Size: 0.17 MB	Train Loss: 1.5515	Train Acc: 0.6004	Local Validation  Loss: 0.0000	Local Validation Acc: 0.0000	Global Validation Loss: 9.2926	Global Validation Acc: 0.0408
Client 31	Capacity: 0.25	Model Size: 0.48 MB	Train Loss: 0.1795	Train Acc: 0.9672	Local Validation  Loss: 0.0000	Local Validation Acc: 0.0000	Global Validation Loss: 10.8867	Global Validation Acc: 0.0653
Aggregated
Global Test Loss: 5.4141	Global Test Acc: 0.1263
Round 10 use time: 1.06 min, ETA: 5.12 hours
================================================================================
Round 11
Selected 10 client IDs: [ 3 18 31 72 78 87 40 52 96 58]
eta_g: 0.9000, mean Overlap: 0.3762, mean Coverage: 1.0000, mean Coverage Ablation: 0.9019
Param name: layer1.0.weight, param overlap: 0.3219, param coverage: 1.0000, param coverage ablation: 0.9688
Param name: layer1.0.bias, param overlap: 0.3219, param coverage: 1.0000, param coverage ablation: 0.9688
Param name: layer2.0.weight, param overlap: 0.1981, param coverage: 1.0000, param coverage ablation: 0.7352
Param name: layer2.0.bias, param overlap: 0.3219, param coverage: 1.0000, param coverage ablation: 0.9688
Param name: layer3.0.weight, param overlap: 0.1983, param coverage: 1.0000, param coverage ablation: 0.7147
Param name: layer3.0.bias, param overlap: 0.3238, param coverage: 1.0000, param coverage ablation: 0.9297
Param name: fc.weight, param overlap: 0.3238, param coverage: 1.0000, param coverage ablation: 0.9297
Param name: fc.bias, param overlap: 1.0000, param coverage: 1.0000, param coverage ablation: 1.0000
Client 3	Capacity: 0.75	Model Size: 1.97 MB	Train Loss: 0.0295	Train Acc: 0.9966	Local Validation  Loss: 0.0000	Local Validation Acc: 0.0000	Global Validation Loss: 9.3886	Global Validation Acc: 0.0986
Client 18	Capacity: 0.1	Model Size: 0.17 MB	Train Loss: 2.0591	Train Acc: 0.4048	Local Validation  Loss: 0.0000	Local Validation Acc: 0.0000	Global Validation Loss: 9.9978	Global Validation Acc: 0.0387
Client 31	Capacity: 0.25	Model Size: 0.48 MB	Train Loss: 0.2384	Train Acc: 0.9485	Local Validation  Loss: 0.0000	Local Validation Acc: 0.0000	Global Validation Loss: 11.0556	Global Validation Acc: 0.0666
Client 72	Capacity: 0.1	Model Size: 0.17 MB	Train Loss: 2.1964	Train Acc: 0.4254	Local Validation  Loss: 0.0000	Local Validation Acc: 0.0000	Global Validation Loss: 8.2002	Global Validation Acc: 0.0388
Client 78	Capacity: 0.1	Model Size: 0.17 MB	Train Loss: 2.0605	Train Acc: 0.4864	Local Validation  Loss: 0.0000	Local Validation Acc: 0.0000	Global Validation Loss: 8.1176	Global Validation Acc: 0.0390
Client 87	Capacity: 0.1	Model Size: 0.17 MB	Train Loss: 1.5705	Train Acc: 0.5629	Local Validation  Loss: 0.0000	Local Validation Acc: 0.0000	Global Validation Loss: 8.7452	Global Validation Acc: 0.0530
Client 40	Capacity: 0.25	Model Size: 0.48 MB	Train Loss: 0.3943	Train Acc: 0.9156	Local Validation  Loss: 0.0000	Local Validation Acc: 0.0000	Global Validation Loss: 9.5716	Global Validation Acc: 0.0814
Client 52	Capacity: 1.0	Model Size: 2.98 MB	Train Loss: 0.0340	Train Acc: 0.9978	Local Validation  Loss: 0.0000	Local Validation Acc: 0.0000	Global Validation Loss: 8.7649	Global Validation Acc: 0.0904
Client 96	Capacity: 0.1	Model Size: 0.17 MB	Train Loss: 3.4710	Train Acc: 0.1417	Local Validation  Loss: 0.0000	Local Validation Acc: 0.0000	Global Validation Loss: 7.9766	Global Validation Acc: 0.0272
Client 58	Capacity: 0.5	Model Size: 1.14 MB	Train Loss: 0.0371	Train Acc: 1.0000	Local Validation  Loss: 0.0000	Local Validation Acc: 0.0000	Global Validation Loss: 10.2703	Global Validation Acc: 0.0800
Aggregated
Global Test Loss: 4.4942	Global Test Acc: 0.1537
Round 11 use time: 1.09 min, ETA: 5.27 hours
================================================================================
Round 12
Selected 10 client IDs: [89 27 62  3 64 53 68 35 31 50]
eta_g: 0.9000, mean Overlap: 0.3547, mean Coverage: 0.9724, mean Coverage Ablation: 0.9724
Param name: layer1.0.weight, param overlap: 0.2969, param coverage: 1.0000, param coverage ablation: 1.0000
Param name: layer1.0.bias, param overlap: 0.2969, param coverage: 1.0000, param coverage ablation: 1.0000
Param name: layer2.0.weight, param overlap: 0.1721, param coverage: 0.8971, param coverage ablation: 0.8971
Param name: layer2.0.bias, param overlap: 0.2969, param coverage: 1.0000, param coverage ablation: 1.0000
Param name: layer3.0.weight, param overlap: 0.1722, param coverage: 0.8979, param coverage ablation: 0.8979
Param name: layer3.0.bias, param overlap: 0.3012, param coverage: 0.9922, param coverage ablation: 0.9922
Param name: fc.weight, param overlap: 0.3012, param coverage: 0.9922, param coverage ablation: 0.9922
Param name: fc.bias, param overlap: 1.0000, param coverage: 1.0000, param coverage ablation: 1.0000
Client 89	Capacity: 0.1	Model Size: 0.17 MB	Train Loss: 2.0889	Train Acc: 0.4242	Local Validation  Loss: 0.0000	Local Validation Acc: 0.0000	Global Validation Loss: 8.6244	Global Validation Acc: 0.0464
Client 27	Capacity: 0.5	Model Size: 1.14 MB	Train Loss: 0.0533	Train Acc: 0.9942	Local Validation  Loss: 0.0000	Local Validation Acc: 0.0000	Global Validation Loss: 11.1609	Global Validation Acc: 0.0788
Client 62	Capacity: 0.75	Model Size: 1.97 MB	Train Loss: 0.0081	Train Acc: 1.0000	Local Validation  Loss: 0.0000	Local Validation Acc: 0.0000	Global Validation Loss: 9.1675	Global Validation Acc: 0.1141
Client 3	Capacity: 0.75	Model Size: 1.97 MB	Train Loss: 0.0090	Train Acc: 1.0000	Local Validation  Loss: 0.0000	Local Validation Acc: 0.0000	Global Validation Loss: 9.2373	Global Validation Acc: 0.1071
Client 64	Capacity: 0.1	Model Size: 0.17 MB	Train Loss: 1.9959	Train Acc: 0.4469	Local Validation  Loss: 0.0000	Local Validation Acc: 0.0000	Global Validation Loss: 8.9081	Global Validation Acc: 0.0426
Client 53	Capacity: 0.1	Model Size: 0.17 MB	Train Loss: 1.9412	Train Acc: 0.4685	Local Validation  Loss: 0.0000	Local Validation Acc: 0.0000	Global Validation Loss: 8.8316	Global Validation Acc: 0.0394
Client 68	Capacity: 0.1	Model Size: 0.17 MB	Train Loss: 3.0539	Train Acc: 0.2164	Local Validation  Loss: 0.0000	Local Validation Acc: 0.0000	Global Validation Loss: 7.4454	Global Validation Acc: 0.0251
Client 35	Capacity: 0.25	Model Size: 0.48 MB	Train Loss: 0.5713	Train Acc: 0.8673	Local Validation  Loss: 0.0000	Local Validation Acc: 0.0000	Global Validation Loss: 9.8170	Global Validation Acc: 0.0706
Client 31	Capacity: 0.25	Model Size: 0.48 MB	Train Loss: 0.0724	Train Acc: 0.9883	Local Validation  Loss: 0.0000	Local Validation Acc: 0.0000	Global Validation Loss: 12.8174	Global Validation Acc: 0.0762
Client 50	Capacity: 0.1	Model Size: 0.17 MB	Train Loss: 1.7154	Train Acc: 0.5416	Local Validation  Loss: 0.0000	Local Validation Acc: 0.0000	Global Validation Loss: 8.7706	Global Validation Acc: 0.0380
Aggregated
Global Test Loss: 4.5630	Global Test Acc: 0.1612
Round 12 use time: 1.08 min, ETA: 5.21 hours
================================================================================
Round 13
Selected 10 client IDs: [34 63 13 21 86  5 80 67 26 52]
eta_g: 0.9000, mean Overlap: 0.3105, mean Coverage: 1.0000, mean Coverage Ablation: 0.7206
Param name: layer1.0.weight, param overlap: 0.2406, param coverage: 1.0000, param coverage ablation: 0.8281
Param name: layer1.0.bias, param overlap: 0.2406, param coverage: 1.0000, param coverage ablation: 0.8281
Param name: layer2.0.weight, param overlap: 0.1374, param coverage: 1.0000, param coverage ablation: 0.3439
Param name: layer2.0.bias, param overlap: 0.2406, param coverage: 1.0000, param coverage ablation: 0.7969
Param name: layer3.0.weight, param overlap: 0.1377, param coverage: 1.0000, param coverage ablation: 0.3431
Param name: layer3.0.bias, param overlap: 0.2434, param coverage: 1.0000, param coverage ablation: 0.8125
Param name: fc.weight, param overlap: 0.2434, param coverage: 1.0000, param coverage ablation: 0.8125
Param name: fc.bias, param overlap: 1.0000, param coverage: 1.0000, param coverage ablation: 1.0000
Client 34	Capacity: 0.1	Model Size: 0.17 MB	Train Loss: 2.3308	Train Acc: 0.3911	Local Validation  Loss: 0.0000	Local Validation Acc: 0.0000	Global Validation Loss: 7.0655	Global Validation Acc: 0.0393
Client 63	Capacity: 0.1	Model Size: 0.17 MB	Train Loss: 2.6011	Train Acc: 0.3231	Local Validation  Loss: 0.0000	Local Validation Acc: 0.0000	Global Validation Loss: 7.6016	Global Validation Acc: 0.0230
Client 13	Capacity: 0.1	Model Size: 0.17 MB	Train Loss: 1.8639	Train Acc: 0.5252	Local Validation  Loss: 0.0000	Local Validation Acc: 0.0000	Global Validation Loss: 8.1230	Global Validation Acc: 0.0452
Client 21	Capacity: 0.5	Model Size: 1.14 MB	Train Loss: 0.0309	Train Acc: 0.9980	Local Validation  Loss: 0.0000	Local Validation Acc: 0.0000	Global Validation Loss: 9.6484	Global Validation Acc: 0.0927
Client 86	Capacity: 0.1	Model Size: 0.17 MB	Train Loss: 2.9888	Train Acc: 0.2255	Local Validation  Loss: 0.0000	Local Validation Acc: 0.0000	Global Validation Loss: 6.3995	Global Validation Acc: 0.0331
Client 5	Capacity: 0.1	Model Size: 0.17 MB	Train Loss: 1.9693	Train Acc: 0.4776	Local Validation  Loss: 0.0000	Local Validation Acc: 0.0000	Global Validation Loss: 8.0681	Global Validation Acc: 0.0324
Client 80	Capacity: 0.1	Model Size: 0.17 MB	Train Loss: 1.9574	Train Acc: 0.4955	Local Validation  Loss: 0.0000	Local Validation Acc: 0.0000	Global Validation Loss: 8.4820	Global Validation Acc: 0.0391
Client 67	Capacity: 0.25	Model Size: 0.48 MB	Train Loss: 0.1794	Train Acc: 0.9575	Local Validation  Loss: 0.0000	Local Validation Acc: 0.0000	Global Validation Loss: 10.4894	Global Validation Acc: 0.0662
Client 26	Capacity: 0.1	Model Size: 0.17 MB	Train Loss: 2.2897	Train Acc: 0.3777	Local Validation  Loss: 0.0000	Local Validation Acc: 0.0000	Global Validation Loss: 8.2624	Global Validation Acc: 0.0420
Client 52	Capacity: 1.0	Model Size: 2.98 MB	Train Loss: 0.0051	Train Acc: 1.0000	Local Validation  Loss: 0.0000	Local Validation Acc: 0.0000	Global Validation Loss: 8.4008	Global Validation Acc: 0.1015
Aggregated
Global Test Loss: 4.9010	Global Test Acc: 0.1529
Round 13 use time: 1.04 min, ETA: 4.98 hours
================================================================================
Round 14
Selected 10 client IDs: [60 66 88 44 46 29 28 36 56 35]
eta_g: 0.9000, mean Overlap: 0.3363, mean Coverage: 0.9426, mean Coverage Ablation: 0.9426
Param name: layer1.0.weight, param overlap: 0.2762, param coverage: 0.9844, param coverage ablation: 0.9844
Param name: layer1.0.bias, param overlap: 0.2762, param coverage: 0.9844, param coverage ablation: 0.9844
Param name: layer2.0.weight, param overlap: 0.1502, param coverage: 0.8201, param coverage ablation: 0.8201
Param name: layer2.0.bias, param overlap: 0.2762, param coverage: 0.9844, param coverage ablation: 0.9844
Param name: layer3.0.weight, param overlap: 0.1530, param coverage: 0.8063, param coverage ablation: 0.8063
Param name: layer3.0.bias, param overlap: 0.2793, param coverage: 0.9805, param coverage ablation: 0.9805
Param name: fc.weight, param overlap: 0.2793, param coverage: 0.9805, param coverage ablation: 0.9805
Param name: fc.bias, param overlap: 1.0000, param coverage: 1.0000, param coverage ablation: 1.0000
Client 60	Capacity: 0.5	Model Size: 1.14 MB	Train Loss: 0.0854	Train Acc: 0.9878	Local Validation  Loss: 0.0000	Local Validation Acc: 0.0000	Global Validation Loss: 10.2778	Global Validation Acc: 0.0786
Client 66	Capacity: 0.1	Model Size: 0.17 MB	Train Loss: 2.0053	Train Acc: 0.4510	Local Validation  Loss: 0.0000	Local Validation Acc: 0.0000	Global Validation Loss: 8.0332	Global Validation Acc: 0.0415
Client 88	Capacity: 0.75	Model Size: 1.97 MB	Train Loss: 0.0144	Train Acc: 1.0000	Local Validation  Loss: 0.0000	Local Validation Acc: 0.0000	Global Validation Loss: 9.2445	Global Validation Acc: 0.0897
Client 44	Capacity: 0.5	Model Size: 1.14 MB	Train Loss: 0.0220	Train Acc: 0.9982	Local Validation  Loss: 0.0000	Local Validation Acc: 0.0000	Global Validation Loss: 10.0863	Global Validation Acc: 0.1006
Client 46	Capacity: 0.1	Model Size: 0.17 MB	Train Loss: 1.8641	Train Acc: 0.5215	Local Validation  Loss: 0.0000	Local Validation Acc: 0.0000	Global Validation Loss: 8.2172	Global Validation Acc: 0.0387
Client 29	Capacity: 0.25	Model Size: 0.48 MB	Train Loss: 0.1006	Train Acc: 0.9825	Local Validation  Loss: 0.0000	Local Validation Acc: 0.0000	Global Validation Loss: 12.3366	Global Validation Acc: 0.0748
Client 28	Capacity: 0.1	Model Size: 0.17 MB	Train Loss: 3.0048	Train Acc: 0.2232	Local Validation  Loss: 0.0000	Local Validation Acc: 0.0000	Global Validation Loss: 6.3315	Global Validation Acc: 0.0328
Client 36	Capacity: 0.1	Model Size: 0.17 MB	Train Loss: 1.7271	Train Acc: 0.5366	Local Validation  Loss: 0.0000	Local Validation Acc: 0.0000	Global Validation Loss: 9.4080	Global Validation Acc: 0.0505
Client 56	Capacity: 0.1	Model Size: 0.17 MB	Train Loss: 2.0449	Train Acc: 0.4278	Local Validation  Loss: 0.0000	Local Validation Acc: 0.0000	Global Validation Loss: 8.1783	Global Validation Acc: 0.0384
Client 35	Capacity: 0.25	Model Size: 0.48 MB	Train Loss: 0.2161	Train Acc: 0.9694	Local Validation  Loss: 0.0000	Local Validation Acc: 0.0000	Global Validation Loss: 10.4107	Global Validation Acc: 0.0701
Aggregated
Global Test Loss: 4.2882	Global Test Acc: 0.1616
Round 14 use time: 1.04 min, ETA: 4.97 hours
================================================================================
Round 15
Selected 10 client IDs: [ 1 29 60 70  4 88 61 38 33 59]
eta_g: 0.9000, mean Overlap: 0.4310, mean Coverage: 1.0000, mean Coverage Ablation: 0.9661
Param name: layer1.0.weight, param overlap: 0.3875, param coverage: 1.0000, param coverage ablation: 0.9844
Param name: layer1.0.bias, param overlap: 0.3875, param coverage: 1.0000, param coverage ablation: 0.9844
Param name: layer2.0.weight, param overlap: 0.2535, param coverage: 1.0000, param coverage ablation: 0.8773
Param name: layer2.0.bias, param overlap: 0.3875, param coverage: 1.0000, param coverage ablation: 1.0000
Param name: layer3.0.weight, param overlap: 0.2537, param coverage: 1.0000, param coverage ablation: 0.8902
Param name: layer3.0.bias, param overlap: 0.3891, param coverage: 1.0000, param coverage ablation: 0.9961
Param name: fc.weight, param overlap: 0.3891, param coverage: 1.0000, param coverage ablation: 0.9961
Param name: fc.bias, param overlap: 1.0000, param coverage: 1.0000, param coverage ablation: 1.0000
Client 1	Capacity: 0.25	Model Size: 0.48 MB	Train Loss: 0.3418	Train Acc: 0.9328	Local Validation  Loss: 0.0000	Local Validation Acc: 0.0000	Global Validation Loss: 10.8277	Global Validation Acc: 0.0593
Client 29	Capacity: 0.25	Model Size: 0.48 MB	Train Loss: 0.1242	Train Acc: 0.9748	Local Validation  Loss: 0.0000	Local Validation Acc: 0.0000	Global Validation Loss: 10.6310	Global Validation Acc: 0.0847
Client 60	Capacity: 0.5	Model Size: 1.14 MB	Train Loss: 0.0148	Train Acc: 1.0000	Local Validation  Loss: 0.0000	Local Validation Acc: 0.0000	Global Validation Loss: 10.1228	Global Validation Acc: 0.0893
Client 70	Capacity: 1.0	Model Size: 2.98 MB	Train Loss: 0.0094	Train Acc: 0.9979	Local Validation  Loss: 0.0000	Local Validation Acc: 0.0000	Global Validation Loss: 7.6384	Global Validation Acc: 0.1128
Client 4	Capacity: 0.1	Model Size: 0.17 MB	Train Loss: 1.8017	Train Acc: 0.4888	Local Validation  Loss: 0.0000	Local Validation Acc: 0.0000	Global Validation Loss: 9.8615	Global Validation Acc: 0.0400
Client 88	Capacity: 0.75	Model Size: 1.97 MB	Train Loss: 0.0070	Train Acc: 1.0000	Local Validation  Loss: 0.0000	Local Validation Acc: 0.0000	Global Validation Loss: 8.4789	Global Validation Acc: 0.1067
Client 61	Capacity: 0.75	Model Size: 1.97 MB	Train Loss: 0.0065	Train Acc: 1.0000	Local Validation  Loss: 0.0000	Local Validation Acc: 0.0000	Global Validation Loss: 8.3861	Global Validation Acc: 0.1045
Client 38	Capacity: 0.1	Model Size: 0.17 MB	Train Loss: 1.4723	Train Acc: 0.5839	Local Validation  Loss: 0.0000	Local Validation Acc: 0.0000	Global Validation Loss: 10.7668	Global Validation Acc: 0.0370
Client 33	Capacity: 0.1	Model Size: 0.17 MB	Train Loss: 1.7020	Train Acc: 0.5780	Local Validation  Loss: 0.0000	Local Validation Acc: 0.0000	Global Validation Loss: 8.3136	Global Validation Acc: 0.0384
Client 59	Capacity: 0.1	Model Size: 0.17 MB	Train Loss: 2.7250	Train Acc: 0.2504	Local Validation  Loss: 0.0000	Local Validation Acc: 0.0000	Global Validation Loss: 8.1704	Global Validation Acc: 0.0269
Aggregated
Global Test Loss: 4.2449	Global Test Acc: 0.1862
Round 15 use time: 1.12 min, ETA: 5.32 hours
================================================================================
Round 16
Selected 10 client IDs: [59 60 97 64 15 44 77 52 71  1]
eta_g: 0.9000, mean Overlap: 0.4341, mean Coverage: 1.0000, mean Coverage Ablation: 0.8102
Param name: layer1.0.weight, param overlap: 0.3875, param coverage: 1.0000, param coverage ablation: 0.8906
Param name: layer1.0.bias, param overlap: 0.3875, param coverage: 1.0000, param coverage ablation: 0.8906
Param name: layer2.0.weight, param overlap: 0.2660, param coverage: 1.0000, param coverage ablation: 0.5001
Param name: layer2.0.bias, param overlap: 0.3875, param coverage: 1.0000, param coverage ablation: 0.8750
Param name: layer3.0.weight, param overlap: 0.2662, param coverage: 1.0000, param coverage ablation: 0.5126
Param name: layer3.0.bias, param overlap: 0.3891, param coverage: 1.0000, param coverage ablation: 0.9062
Param name: fc.weight, param overlap: 0.3891, param coverage: 1.0000, param coverage ablation: 0.9062
Param name: fc.bias, param overlap: 1.0000, param coverage: 1.0000, param coverage ablation: 1.0000
Client 59	Capacity: 0.1	Model Size: 0.17 MB	Train Loss: 2.2512	Train Acc: 0.3696	Local Validation  Loss: 0.0000	Local Validation Acc: 0.0000	Global Validation Loss: 8.3803	Global Validation Acc: 0.0360
Client 60	Capacity: 0.5	Model Size: 1.14 MB	Train Loss: 0.0095	Train Acc: 1.0000	Local Validation  Loss: 0.0000	Local Validation Acc: 0.0000	Global Validation Loss: 10.5918	Global Validation Acc: 0.0874
Client 97	Capacity: 1.0	Model Size: 2.98 MB	Train Loss: 0.0221	Train Acc: 0.9982	Local Validation  Loss: 0.0000	Local Validation Acc: 0.0000	Global Validation Loss: 8.6495	Global Validation Acc: 0.1155
Client 64	Capacity: 0.1	Model Size: 0.17 MB	Train Loss: 1.4927	Train Acc: 0.6063	Local Validation  Loss: 0.0000	Local Validation Acc: 0.0000	Global Validation Loss: 9.2010	Global Validation Acc: 0.0454
Client 15	Capacity: 0.25	Model Size: 0.48 MB	Train Loss: 0.2463	Train Acc: 0.9713	Local Validation  Loss: 0.0000	Local Validation Acc: 0.0000	Global Validation Loss: 9.0879	Global Validation Acc: 0.0728
Client 44	Capacity: 0.5	Model Size: 1.14 MB	Train Loss: 0.0107	Train Acc: 1.0000	Local Validation  Loss: 0.0000	Local Validation Acc: 0.0000	Global Validation Loss: 10.1951	Global Validation Acc: 0.0992
Client 77	Capacity: 0.1	Model Size: 0.17 MB	Train Loss: 1.6253	Train Acc: 0.5231	Local Validation  Loss: 0.0000	Local Validation Acc: 0.0000	Global Validation Loss: 10.5671	Global Validation Acc: 0.0405
Client 52	Capacity: 1.0	Model Size: 2.98 MB	Train Loss: 0.0025	Train Acc: 1.0000	Local Validation  Loss: 0.0000	Local Validation Acc: 0.0000	Global Validation Loss: 7.6454	Global Validation Acc: 0.1139
Client 71	Capacity: 0.1	Model Size: 0.17 MB	Train Loss: 1.5778	Train Acc: 0.5846	Local Validation  Loss: 0.0000	Local Validation Acc: 0.0000	Global Validation Loss: 8.7276	Global Validation Acc: 0.0394
Client 1	Capacity: 0.25	Model Size: 0.48 MB	Train Loss: 0.3464	Train Acc: 0.9276	Local Validation  Loss: 0.0000	Local Validation Acc: 0.0000	Global Validation Loss: 10.7029	Global Validation Acc: 0.0659
Aggregated
Global Test Loss: 4.3721	Global Test Acc: 0.1905
Round 16 use time: 1.12 min, ETA: 5.30 hours
================================================================================
Round 17
Selected 10 client IDs: [40  5 57 19 28 32 16 98 72 92]
eta_g: 0.9000, mean Overlap: 0.3208, mean Coverage: 0.9132, mean Coverage Ablation: 0.9132
Param name: layer1.0.weight, param overlap: 0.2548, param coverage: 0.9688, param coverage ablation: 0.9688
Param name: layer1.0.bias, param overlap: 0.2548, param coverage: 0.9688, param coverage ablation: 0.9688
Param name: layer2.0.weight, param overlap: 0.1380, param coverage: 0.7565, param coverage ablation: 0.7565
Param name: layer2.0.bias, param overlap: 0.2569, param coverage: 0.9609, param coverage ablation: 0.9609
Param name: layer3.0.weight, param overlap: 0.1420, param coverage: 0.7364, param coverage ablation: 0.7364
Param name: layer3.0.bias, param overlap: 0.2600, param coverage: 0.9570, param coverage ablation: 0.9570
Param name: fc.weight, param overlap: 0.2600, param coverage: 0.9570, param coverage ablation: 0.9570
Param name: fc.bias, param overlap: 1.0000, param coverage: 1.0000, param coverage ablation: 1.0000
Client 40	Capacity: 0.25	Model Size: 0.48 MB	Train Loss: 0.2425	Train Acc: 0.9588	Local Validation  Loss: 0.0000	Local Validation Acc: 0.0000	Global Validation Loss: 9.8632	Global Validation Acc: 0.0812
Client 5	Capacity: 0.1	Model Size: 0.17 MB	Train Loss: 1.3890	Train Acc: 0.6233	Local Validation  Loss: 0.0000	Local Validation Acc: 0.0000	Global Validation Loss: 9.1080	Global Validation Acc: 0.0450
Client 57	Capacity: 0.1	Model Size: 0.17 MB	Train Loss: 1.9476	Train Acc: 0.4499	Local Validation  Loss: 0.0000	Local Validation Acc: 0.0000	Global Validation Loss: 9.8468	Global Validation Acc: 0.0434
Client 19	Capacity: 0.25	Model Size: 0.48 MB	Train Loss: 0.2075	Train Acc: 0.9525	Local Validation  Loss: 0.0000	Local Validation Acc: 0.0000	Global Validation Loss: 10.0581	Global Validation Acc: 0.0746
Client 28	Capacity: 0.1	Model Size: 0.17 MB	Train Loss: 2.3464	Train Acc: 0.3807	Local Validation  Loss: 0.0000	Local Validation Acc: 0.0000	Global Validation Loss: 7.0092	Global Validation Acc: 0.0388
Client 32	Capacity: 0.1	Model Size: 0.17 MB	Train Loss: 1.8664	Train Acc: 0.5444	Local Validation  Loss: 0.0000	Local Validation Acc: 0.0000	Global Validation Loss: 9.5326	Global Validation Acc: 0.0413
Client 16	Capacity: 0.25	Model Size: 0.48 MB	Train Loss: 0.2027	Train Acc: 0.9568	Local Validation  Loss: 0.0000	Local Validation Acc: 0.0000	Global Validation Loss: 9.0569	Global Validation Acc: 0.0783
Client 98	Capacity: 0.75	Model Size: 1.97 MB	Train Loss: 0.0061	Train Acc: 1.0000	Local Validation  Loss: 0.0000	Local Validation Acc: 0.0000	Global Validation Loss: 8.6383	Global Validation Acc: 0.1243
Client 72	Capacity: 0.1	Model Size: 0.17 MB	Train Loss: 2.5133	Train Acc: 0.3662	Local Validation  Loss: 0.0000	Local Validation Acc: 0.0000	Global Validation Loss: 8.6921	Global Validation Acc: 0.0358
Client 92	Capacity: 0.5	Model Size: 1.14 MB	Train Loss: 0.0135	Train Acc: 1.0000	Local Validation  Loss: 0.0000	Local Validation Acc: 0.0000	Global Validation Loss: 9.2946	Global Validation Acc: 0.1084
Aggregated
Global Test Loss: 4.3453	Global Test Acc: 0.1799
Round 17 use time: 1.07 min, ETA: 5.03 hours
================================================================================
Round 18
Selected 10 client IDs: [89 84 81 16 68 87 20 29 65 60]
eta_g: 0.9000, mean Overlap: 0.3296, mean Coverage: 0.9038, mean Coverage Ablation: 0.9038
Param name: layer1.0.weight, param overlap: 0.2710, param coverage: 0.9688, param coverage ablation: 0.9688
Param name: layer1.0.bias, param overlap: 0.2710, param coverage: 0.9688, param coverage ablation: 0.9688
Param name: layer2.0.weight, param overlap: 0.1418, param coverage: 0.6862, param coverage ablation: 0.6862
Param name: layer2.0.bias, param overlap: 0.2688, param coverage: 0.9766, param coverage ablation: 0.9766
Param name: layer3.0.weight, param overlap: 0.1438, param coverage: 0.6772, param coverage ablation: 0.6772
Param name: layer3.0.bias, param overlap: 0.2704, param coverage: 0.9766, param coverage ablation: 0.9766
Param name: fc.weight, param overlap: 0.2704, param coverage: 0.9766, param coverage ablation: 0.9766
Param name: fc.bias, param overlap: 1.0000, param coverage: 1.0000, param coverage ablation: 1.0000
Client 89	Capacity: 0.1	Model Size: 0.17 MB	Train Loss: 2.7625	Train Acc: 0.3064	Local Validation  Loss: 0.0000	Local Validation Acc: 0.0000	Global Validation Loss: 7.0131	Global Validation Acc: 0.0411
Client 84	Capacity: 0.1	Model Size: 0.17 MB	Train Loss: 2.2566	Train Acc: 0.4280	Local Validation  Loss: 0.0000	Local Validation Acc: 0.0000	Global Validation Loss: 7.2773	Global Validation Acc: 0.0309
Client 81	Capacity: 0.5	Model Size: 1.14 MB	Train Loss: 0.1102	Train Acc: 0.9799	Local Validation  Loss: 0.0000	Local Validation Acc: 0.0000	Global Validation Loss: 10.8835	Global Validation Acc: 0.0644
Client 16	Capacity: 0.25	Model Size: 0.48 MB	Train Loss: 0.1672	Train Acc: 0.9689	Local Validation  Loss: 0.0000	Local Validation Acc: 0.0000	Global Validation Loss: 10.9106	Global Validation Acc: 0.0738
Client 68	Capacity: 0.1	Model Size: 0.17 MB	Train Loss: 1.5493	Train Acc: 0.6132	Local Validation  Loss: 0.0000	Local Validation Acc: 0.0000	Global Validation Loss: 8.4250	Global Validation Acc: 0.0348
Client 87	Capacity: 0.1	Model Size: 0.17 MB	Train Loss: 1.9505	Train Acc: 0.4990	Local Validation  Loss: 0.0000	Local Validation Acc: 0.0000	Global Validation Loss: 8.4537	Global Validation Acc: 0.0477
Client 20	Capacity: 0.25	Model Size: 0.48 MB	Train Loss: 0.2921	Train Acc: 0.9306	Local Validation  Loss: 0.0000	Local Validation Acc: 0.0000	Global Validation Loss: 9.8768	Global Validation Acc: 0.0766
Client 29	Capacity: 0.25	Model Size: 0.48 MB	Train Loss: 0.4608	Train Acc: 0.9010	Local Validation  Loss: 0.0000	Local Validation Acc: 0.0000	Global Validation Loss: 8.4659	Global Validation Acc: 0.0785
Client 65	Capacity: 0.5	Model Size: 1.14 MB	Train Loss: 0.0254	Train Acc: 0.9917	Local Validation  Loss: 0.0000	Local Validation Acc: 0.0000	Global Validation Loss: 9.7220	Global Validation Acc: 0.0859
Client 60	Capacity: 0.5	Model Size: 1.14 MB	Train Loss: 0.0066	Train Acc: 1.0000	Local Validation  Loss: 0.0000	Local Validation Acc: 0.0000	Global Validation Loss: 10.5066	Global Validation Acc: 0.0853
Aggregated
Global Test Loss: 4.0934	Global Test Acc: 0.1574
Round 18 use time: 1.07 min, ETA: 5.02 hours
================================================================================
Round 19
Selected 10 client IDs: [70 45 76  6 58 63 14 11  0 75]
eta_g: 0.9000, mean Overlap: 0.4779, mean Coverage: 1.0000, mean Coverage Ablation: 0.9247
Param name: layer1.0.weight, param overlap: 0.4375, param coverage: 1.0000, param coverage ablation: 0.9844
Param name: layer1.0.bias, param overlap: 0.4375, param coverage: 1.0000, param coverage ablation: 0.9844
Param name: layer2.0.weight, param overlap: 0.3160, param coverage: 1.0000, param coverage ablation: 0.7750
Param name: layer2.0.bias, param overlap: 0.4375, param coverage: 1.0000, param coverage ablation: 0.9766
Param name: layer3.0.weight, param overlap: 0.3162, param coverage: 1.0000, param coverage ablation: 0.7712
Param name: layer3.0.bias, param overlap: 0.4391, param coverage: 1.0000, param coverage ablation: 0.9531
Param name: fc.weight, param overlap: 0.4391, param coverage: 1.0000, param coverage ablation: 0.9531
Param name: fc.bias, param overlap: 1.0000, param coverage: 1.0000, param coverage ablation: 1.0000
Client 70	Capacity: 1.0	Model Size: 2.98 MB	Train Loss: 0.0057	Train Acc: 1.0000	Local Validation  Loss: 0.0000	Local Validation Acc: 0.0000	Global Validation Loss: 7.8723	Global Validation Acc: 0.1251
Client 45	Capacity: 0.1	Model Size: 0.17 MB	Train Loss: 2.0442	Train Acc: 0.4419	Local Validation  Loss: 0.0000	Local Validation Acc: 0.0000	Global Validation Loss: 9.1930	Global Validation Acc: 0.0417
Client 76	Capacity: 0.5	Model Size: 1.14 MB	Train Loss: 0.0425	Train Acc: 0.9939	Local Validation  Loss: 0.0000	Local Validation Acc: 0.0000	Global Validation Loss: 9.1660	Global Validation Acc: 0.0917
Client 6	Capacity: 1.0	Model Size: 2.98 MB	Train Loss: 0.0034	Train Acc: 1.0000	Local Validation  Loss: 0.0000	Local Validation Acc: 0.0000	Global Validation Loss: 7.8639	Global Validation Acc: 0.1234
Client 58	Capacity: 0.5	Model Size: 1.14 MB	Train Loss: 0.0205	Train Acc: 0.9964	Local Validation  Loss: 0.0000	Local Validation Acc: 0.0000	Global Validation Loss: 9.2302	Global Validation Acc: 0.0916
Client 63	Capacity: 0.1	Model Size: 0.17 MB	Train Loss: 1.6152	Train Acc: 0.5903	Local Validation  Loss: 0.0000	Local Validation Acc: 0.0000	Global Validation Loss: 8.6177	Global Validation Acc: 0.0425
Client 14	Capacity: 0.1	Model Size: 0.17 MB	Train Loss: 3.0121	Train Acc: 0.2478	Local Validation  Loss: 0.0000	Local Validation Acc: 0.0000	Global Validation Loss: 7.1326	Global Validation Acc: 0.0268
Client 11	Capacity: 0.75	Model Size: 1.97 MB	Train Loss: 0.0059	Train Acc: 1.0000	Local Validation  Loss: 0.0000	Local Validation Acc: 0.0000	Global Validation Loss: 8.4917	Global Validation Acc: 0.1162
Client 0	Capacity: 0.25	Model Size: 0.48 MB	Train Loss: 0.1240	Train Acc: 0.9894	Local Validation  Loss: 0.0000	Local Validation Acc: 0.0000	Global Validation Loss: 9.8550	Global Validation Acc: 0.0809
Client 75	Capacity: 0.1	Model Size: 0.17 MB	Train Loss: 1.9213	Train Acc: 0.4850	Local Validation  Loss: 0.0000	Local Validation Acc: 0.0000	Global Validation Loss: 8.2132	Global Validation Acc: 0.0419
Aggregated
Global Test Loss: 3.9657	Global Test Acc: 0.1998
Round 19 use time: 1.14 min, ETA: 5.32 hours
================================================================================
Round 20
Selected 10 client IDs: [57 58 64 84 52 87 40 46 54  3]
eta_g: 0.9000, mean Overlap: 0.3965, mean Coverage: 1.0000, mean Coverage Ablation: 0.9206
Param name: layer1.0.weight, param overlap: 0.3469, param coverage: 1.0000, param coverage ablation: 0.9531
Param name: layer1.0.bias, param overlap: 0.3469, param coverage: 1.0000, param coverage ablation: 0.9531
Param name: layer2.0.weight, param overlap: 0.2169, param coverage: 1.0000, param coverage ablation: 0.7729
Param name: layer2.0.bias, param overlap: 0.3469, param coverage: 1.0000, param coverage ablation: 0.9766
Param name: layer3.0.weight, param overlap: 0.2171, param coverage: 1.0000, param coverage ablation: 0.7797
Param name: layer3.0.bias, param overlap: 0.3488, param coverage: 1.0000, param coverage ablation: 0.9648
Param name: fc.weight, param overlap: 0.3488, param coverage: 1.0000, param coverage ablation: 0.9648
Param name: fc.bias, param overlap: 1.0000, param coverage: 1.0000, param coverage ablation: 1.0000
Decaying global learning rate at round 20, new eta_g: 0.8100
Client 57	Capacity: 0.1	Model Size: 0.17 MB	Train Loss: 4.5274	Train Acc: 0.0227	Local Validation  Loss: 0.0000	Local Validation Acc: 0.0000	Global Validation Loss: 4.6102	Global Validation Acc: 0.0103
Client 58	Capacity: 0.5	Model Size: 1.14 MB	Train Loss: 0.0138	Train Acc: 1.0000	Local Validation  Loss: 0.0000	Local Validation Acc: 0.0000	Global Validation Loss: 8.8423	Global Validation Acc: 0.0951
Client 64	Capacity: 0.1	Model Size: 0.17 MB	Train Loss: 1.8006	Train Acc: 0.5193	Local Validation  Loss: 0.0000	Local Validation Acc: 0.0000	Global Validation Loss: 10.0518	Global Validation Acc: 0.0521
Client 84	Capacity: 0.1	Model Size: 0.17 MB	Train Loss: 2.8194	Train Acc: 0.3097	Local Validation  Loss: 0.0000	Local Validation Acc: 0.0000	Global Validation Loss: 6.5439	Global Validation Acc: 0.0406
Client 52	Capacity: 1.0	Model Size: 2.98 MB	Train Loss: 0.0025	Train Acc: 1.0000	Local Validation  Loss: 0.0000	Local Validation Acc: 0.0000	Global Validation Loss: 6.9853	Global Validation Acc: 0.1296
Client 87	Capacity: 0.1	Model Size: 0.17 MB	Train Loss: 2.5009	Train Acc: 0.3393	Local Validation  Loss: 0.0000	Local Validation Acc: 0.0000	Global Validation Loss: 6.6282	Global Validation Acc: 0.0424
Client 40	Capacity: 0.25	Model Size: 0.48 MB	Train Loss: 0.2526	Train Acc: 0.9424	Local Validation  Loss: 0.0000	Local Validation Acc: 0.0000	Global Validation Loss: 10.1722	Global Validation Acc: 0.0815
Client 46	Capacity: 0.1	Model Size: 0.17 MB	Train Loss: 3.0487	Train Acc: 0.2000	Local Validation  Loss: 0.0000	Local Validation Acc: 0.0000	Global Validation Loss: 7.3956	Global Validation Acc: 0.0249
Client 54	Capacity: 0.5	Model Size: 1.14 MB	Train Loss: 0.0173	Train Acc: 1.0000	Local Validation  Loss: 0.0000	Local Validation Acc: 0.0000	Global Validation Loss: 10.2624	Global Validation Acc: 0.0908
Client 3	Capacity: 0.75	Model Size: 1.97 MB	Train Loss: 0.0149	Train Acc: 0.9966	Local Validation  Loss: 0.0000	Local Validation Acc: 0.0000	Global Validation Loss: 8.1302	Global Validation Acc: 0.1191
Aggregated
Global Test Loss: 4.2523	Global Test Acc: 0.1883
Round 20 use time: 1.10 min, ETA: 5.15 hours
================================================================================
Round 21
Selected 10 client IDs: [ 0 24 44  2 98 12 57 62 66 97]
eta_g: 0.8100, mean Overlap: 0.4200, mean Coverage: 1.0000, mean Coverage Ablation: 0.9549
Param name: layer1.0.weight, param overlap: 0.3719, param coverage: 1.0000, param coverage ablation: 0.9688
Param name: layer1.0.bias, param overlap: 0.3719, param coverage: 1.0000, param coverage ablation: 0.9688
Param name: layer2.0.weight, param overlap: 0.2481, param coverage: 1.0000, param coverage ablation: 0.8645
Param name: layer2.0.bias, param overlap: 0.3719, param coverage: 1.0000, param coverage ablation: 0.9922
Param name: layer3.0.weight, param overlap: 0.2483, param coverage: 1.0000, param coverage ablation: 0.8684
Param name: layer3.0.bias, param overlap: 0.3738, param coverage: 1.0000, param coverage ablation: 0.9883
Param name: fc.weight, param overlap: 0.3738, param coverage: 1.0000, param coverage ablation: 0.9883
Param name: fc.bias, param overlap: 1.0000, param coverage: 1.0000, param coverage ablation: 1.0000
Client 0	Capacity: 0.25	Model Size: 0.48 MB	Train Loss: 0.1278	Train Acc: 0.9789	Local Validation  Loss: 0.0000	Local Validation Acc: 0.0000	Global Validation Loss: 11.6254	Global Validation Acc: 0.0750
Client 24	Capacity: 0.1	Model Size: 0.17 MB	Train Loss: 1.8588	Train Acc: 0.4423	Local Validation  Loss: 0.0000	Local Validation Acc: 0.0000	Global Validation Loss: 10.0668	Global Validation Acc: 0.0432
Client 44	Capacity: 0.5	Model Size: 1.14 MB	Train Loss: 0.0080	Train Acc: 1.0000	Local Validation  Loss: 0.0000	Local Validation Acc: 0.0000	Global Validation Loss: 9.8378	Global Validation Acc: 0.1059
Client 2	Capacity: 0.1	Model Size: 0.17 MB	Train Loss: 2.4602	Train Acc: 0.3594	Local Validation  Loss: 0.0000	Local Validation Acc: 0.0000	Global Validation Loss: 8.5719	Global Validation Acc: 0.0364
Client 98	Capacity: 0.75	Model Size: 1.97 MB	Train Loss: 0.0042	Train Acc: 1.0000	Local Validation  Loss: 0.0000	Local Validation Acc: 0.0000	Global Validation Loss: 7.9898	Global Validation Acc: 0.1201
Client 12	Capacity: 0.1	Model Size: 0.17 MB	Train Loss: 3.0171	Train Acc: 0.2252	Local Validation  Loss: 0.0000	Local Validation Acc: 0.0000	Global Validation Loss: 7.1028	Global Validation Acc: 0.0283
Client 57	Capacity: 0.1	Model Size: 0.17 MB	Train Loss: 3.5016	Train Acc: 0.1796	Local Validation  Loss: 0.0000	Local Validation Acc: 0.0000	Global Validation Loss: 6.0250	Global Validation Acc: 0.0260
Client 62	Capacity: 0.75	Model Size: 1.97 MB	Train Loss: 0.0044	Train Acc: 1.0000	Local Validation  Loss: 0.0000	Local Validation Acc: 0.0000	Global Validation Loss: 8.0696	Global Validation Acc: 0.1350
Client 66	Capacity: 0.1	Model Size: 0.17 MB	Train Loss: 2.2461	Train Acc: 0.4163	Local Validation  Loss: 0.0000	Local Validation Acc: 0.0000	Global Validation Loss: 8.0904	Global Validation Acc: 0.0418
Client 97	Capacity: 1.0	Model Size: 2.98 MB	Train Loss: 0.0036	Train Acc: 1.0000	Local Validation  Loss: 0.0000	Local Validation Acc: 0.0000	Global Validation Loss: 7.5098	Global Validation Acc: 0.1300
Aggregated
Global Test Loss: 4.2142	Global Test Acc: 0.2031
Round 21 use time: 1.14 min, ETA: 5.28 hours
================================================================================
Round 22
Selected 10 client IDs: [11 62 55 81 90 29 34 51 98 85]
eta_g: 0.8100, mean Overlap: 0.4967, mean Coverage: 1.0000, mean Coverage Ablation: 0.9877
Param name: layer1.0.weight, param overlap: 0.4688, param coverage: 1.0000, param coverage ablation: 1.0000
Param name: layer1.0.bias, param overlap: 0.4688, param coverage: 1.0000, param coverage ablation: 1.0000
Param name: layer2.0.weight, param overlap: 0.3143, param coverage: 1.0000, param coverage ablation: 0.9532
Param name: layer2.0.bias, param overlap: 0.4688, param coverage: 1.0000, param coverage ablation: 1.0000
Param name: layer3.0.weight, param overlap: 0.3143, param coverage: 1.0000, param coverage ablation: 0.9558
Param name: layer3.0.bias, param overlap: 0.4695, param coverage: 1.0000, param coverage ablation: 0.9961
Param name: fc.weight, param overlap: 0.4695, param coverage: 1.0000, param coverage ablation: 0.9961
Param name: fc.bias, param overlap: 1.0000, param coverage: 1.0000, param coverage ablation: 1.0000
Client 11	Capacity: 0.75	Model Size: 1.97 MB	Train Loss: 0.0048	Train Acc: 1.0000	Local Validation  Loss: 0.0000	Local Validation Acc: 0.0000	Global Validation Loss: 7.5829	Global Validation Acc: 0.1319
Client 62	Capacity: 0.75	Model Size: 1.97 MB	Train Loss: 0.0040	Train Acc: 1.0000	Local Validation  Loss: 0.0000	Local Validation Acc: 0.0000	Global Validation Loss: 7.7666	Global Validation Acc: 0.1384
Client 55	Capacity: 0.25	Model Size: 0.48 MB	Train Loss: 0.5214	Train Acc: 0.8899	Local Validation  Loss: 0.0000	Local Validation Acc: 0.0000	Global Validation Loss: 8.5432	Global Validation Acc: 0.0715
Client 81	Capacity: 0.5	Model Size: 1.14 MB	Train Loss: 0.0333	Train Acc: 1.0000	Local Validation  Loss: 0.0000	Local Validation Acc: 0.0000	Global Validation Loss: 9.8844	Global Validation Acc: 0.0730
Client 90	Capacity: 0.1	Model Size: 0.17 MB	Train Loss: 3.0398	Train Acc: 0.2207	Local Validation  Loss: 0.0000	Local Validation Acc: 0.0000	Global Validation Loss: 7.6102	Global Validation Acc: 0.0251
Client 29	Capacity: 0.25	Model Size: 0.48 MB	Train Loss: 0.1114	Train Acc: 0.9806	Local Validation  Loss: 0.0000	Local Validation Acc: 0.0000	Global Validation Loss: 10.1820	Global Validation Acc: 0.0872
Client 34	Capacity: 0.1	Model Size: 0.17 MB	Train Loss: 1.7488	Train Acc: 0.5019	Local Validation  Loss: 0.0000	Local Validation Acc: 0.0000	Global Validation Loss: 8.9314	Global Validation Acc: 0.0440
Client 51	Capacity: 0.25	Model Size: 0.48 MB	Train Loss: 0.5721	Train Acc: 0.8627	Local Validation  Loss: 0.0000	Local Validation Acc: 0.0000	Global Validation Loss: 8.3828	Global Validation Acc: 0.0613
Client 98	Capacity: 0.75	Model Size: 1.97 MB	Train Loss: 0.0028	Train Acc: 1.0000	Local Validation  Loss: 0.0000	Local Validation Acc: 0.0000	Global Validation Loss: 7.9140	Global Validation Acc: 0.1274
Client 85	Capacity: 1.0	Model Size: 2.98 MB	Train Loss: 0.0036	Train Acc: 1.0000	Local Validation  Loss: 0.0000	Local Validation Acc: 0.0000	Global Validation Loss: 7.3796	Global Validation Acc: 0.1425
Aggregated
Global Test Loss: 4.1223	Global Test Acc: 0.2101
Round 22 use time: 1.18 min, ETA: 5.48 hours
================================================================================
Round 23
Selected 10 client IDs: [82 17 15 54 41 86  3 70 89 55]
eta_g: 0.8100, mean Overlap: 0.4389, mean Coverage: 1.0000, mean Coverage Ablation: 0.9477
Param name: layer1.0.weight, param overlap: 0.4031, param coverage: 1.0000, param coverage ablation: 0.9844
Param name: layer1.0.bias, param overlap: 0.4031, param coverage: 1.0000, param coverage ablation: 0.9844
Param name: layer2.0.weight, param overlap: 0.2464, param coverage: 1.0000, param coverage ablation: 0.8434
Param name: layer2.0.bias, param overlap: 0.4031, param coverage: 1.0000, param coverage ablation: 0.9844
Param name: layer3.0.weight, param overlap: 0.2465, param coverage: 1.0000, param coverage ablation: 0.8401
Param name: layer3.0.bias, param overlap: 0.4043, param coverage: 1.0000, param coverage ablation: 0.9727
Param name: fc.weight, param overlap: 0.4043, param coverage: 1.0000, param coverage ablation: 0.9727
Param name: fc.bias, param overlap: 1.0000, param coverage: 1.0000, param coverage ablation: 1.0000
Client 82	Capacity: 0.5	Model Size: 1.14 MB	Train Loss: 0.0163	Train Acc: 1.0000	Local Validation  Loss: 0.0000	Local Validation Acc: 0.0000	Global Validation Loss: 9.8216	Global Validation Acc: 0.0943
Client 17	Capacity: 0.1	Model Size: 0.17 MB	Train Loss: 2.7107	Train Acc: 0.2854	Local Validation  Loss: 0.0000	Local Validation Acc: 0.0000	Global Validation Loss: 7.0745	Global Validation Acc: 0.0257
Client 15	Capacity: 0.25	Model Size: 0.48 MB	Train Loss: 0.2255	Train Acc: 0.9598	Local Validation  Loss: 0.0000	Local Validation Acc: 0.0000	Global Validation Loss: 8.9993	Global Validation Acc: 0.0783
Client 54	Capacity: 0.5	Model Size: 1.14 MB	Train Loss: 0.0132	Train Acc: 1.0000	Local Validation  Loss: 0.0000	Local Validation Acc: 0.0000	Global Validation Loss: 9.7717	Global Validation Acc: 0.0940
Client 41	Capacity: 0.5	Model Size: 1.14 MB	Train Loss: 0.0259	Train Acc: 0.9960	Local Validation  Loss: 0.0000	Local Validation Acc: 0.0000	Global Validation Loss: 8.5192	Global Validation Acc: 0.0943
Client 86	Capacity: 0.1	Model Size: 0.17 MB	Train Loss: 2.0697	Train Acc: 0.4686	Local Validation  Loss: 0.0000	Local Validation Acc: 0.0000	Global Validation Loss: 8.1920	Global Validation Acc: 0.0340
Client 3	Capacity: 0.75	Model Size: 1.97 MB	Train Loss: 0.0070	Train Acc: 0.9983	Local Validation  Loss: 0.0000	Local Validation Acc: 0.0000	Global Validation Loss: 7.8786	Global Validation Acc: 0.1198
Client 70	Capacity: 1.0	Model Size: 2.98 MB	Train Loss: 0.0020	Train Acc: 1.0000	Local Validation  Loss: 0.0000	Local Validation Acc: 0.0000	Global Validation Loss: 7.0410	Global Validation Acc: 0.1478
Client 89	Capacity: 0.1	Model Size: 0.17 MB	Train Loss: 2.7816	Train Acc: 0.3165	Local Validation  Loss: 0.0000	Local Validation Acc: 0.0000	Global Validation Loss: 7.1979	Global Validation Acc: 0.0358
Client 55	Capacity: 0.25	Model Size: 0.48 MB	Train Loss: 0.4226	Train Acc: 0.9059	Local Validation  Loss: 0.0000	Local Validation Acc: 0.0000	Global Validation Loss: 10.2853	Global Validation Acc: 0.0655
Aggregated
Global Test Loss: 4.0152	Global Test Acc: 0.2201
Round 23 use time: 1.15 min, ETA: 5.29 hours
================================================================================
Round 24
Selected 10 client IDs: [46 62 50 41  5 98 65 48 33 76]
eta_g: 0.8100, mean Overlap: 0.4473, mean Coverage: 0.9912, mean Coverage Ablation: 0.9912
Param name: layer1.0.weight, param overlap: 0.4125, param coverage: 1.0000, param coverage ablation: 1.0000
Param name: layer1.0.bias, param overlap: 0.4125, param coverage: 1.0000, param coverage ablation: 1.0000
Param name: layer2.0.weight, param overlap: 0.2587, param coverage: 0.9559, param coverage ablation: 0.9559
Param name: layer2.0.bias, param overlap: 0.4125, param coverage: 1.0000, param coverage ablation: 1.0000
Param name: layer3.0.weight, param overlap: 0.2541, param coverage: 0.9738, param coverage ablation: 0.9738
Param name: layer3.0.bias, param overlap: 0.4141, param coverage: 1.0000, param coverage ablation: 1.0000
Param name: fc.weight, param overlap: 0.4141, param coverage: 1.0000, param coverage ablation: 1.0000
Param name: fc.bias, param overlap: 1.0000, param coverage: 1.0000, param coverage ablation: 1.0000
Client 46	Capacity: 0.1	Model Size: 0.17 MB	Train Loss: 2.3760	Train Acc: 0.3677	Local Validation  Loss: 0.0000	Local Validation Acc: 0.0000	Global Validation Loss: 7.9564	Global Validation Acc: 0.0439
Client 62	Capacity: 0.75	Model Size: 1.97 MB	Train Loss: 0.0032	Train Acc: 1.0000	Local Validation  Loss: 0.0000	Local Validation Acc: 0.0000	Global Validation Loss: 7.2641	Global Validation Acc: 0.1487
Client 50	Capacity: 0.1	Model Size: 0.17 MB	Train Loss: 1.6992	Train Acc: 0.5150	Local Validation  Loss: 0.0000	Local Validation Acc: 0.0000	Global Validation Loss: 9.4014	Global Validation Acc: 0.0360
Client 41	Capacity: 0.5	Model Size: 1.14 MB	Train Loss: 0.0148	Train Acc: 1.0000	Local Validation  Loss: 0.0000	Local Validation Acc: 0.0000	Global Validation Loss: 9.4153	Global Validation Acc: 0.0898
Client 5	Capacity: 0.1	Model Size: 0.17 MB	Train Loss: 2.5905	Train Acc: 0.3879	Local Validation  Loss: 0.0000	Local Validation Acc: 0.0000	Global Validation Loss: 6.4223	Global Validation Acc: 0.0371
Client 98	Capacity: 0.75	Model Size: 1.97 MB	Train Loss: 0.0034	Train Acc: 1.0000	Local Validation  Loss: 0.0000	Local Validation Acc: 0.0000	Global Validation Loss: 7.5165	Global Validation Acc: 0.1355
Client 65	Capacity: 0.5	Model Size: 1.14 MB	Train Loss: 0.0142	Train Acc: 1.0000	Local Validation  Loss: 0.0000	Local Validation Acc: 0.0000	Global Validation Loss: 9.1052	Global Validation Acc: 0.0893
Client 48	Capacity: 0.75	Model Size: 1.97 MB	Train Loss: 0.0048	Train Acc: 1.0000	Local Validation  Loss: 0.0000	Local Validation Acc: 0.0000	Global Validation Loss: 8.0018	Global Validation Acc: 0.1352
Client 33	Capacity: 0.1	Model Size: 0.17 MB	Train Loss: 2.1223	Train Acc: 0.4913	Local Validation  Loss: 0.0000	Local Validation Acc: 0.0000	Global Validation Loss: 8.8038	Global Validation Acc: 0.0317
Client 76	Capacity: 0.5	Model Size: 1.14 MB	Train Loss: 0.0123	Train Acc: 1.0000	Local Validation  Loss: 0.0000	Local Validation Acc: 0.0000	Global Validation Loss: 8.8929	Global Validation Acc: 0.1064
Aggregated
Global Test Loss: 3.9131	Global Test Acc: 0.2152
Round 24 use time: 1.13 min, ETA: 5.21 hours
================================================================================
Round 25
Selected 10 client IDs: [ 3 54 81 24 66  1 62 73 88 46]
eta_g: 0.8100, mean Overlap: 0.4272, mean Coverage: 0.9895, mean Coverage Ablation: 0.9895
Param name: layer1.0.weight, param overlap: 0.3875, param coverage: 1.0000, param coverage ablation: 1.0000
Param name: layer1.0.bias, param overlap: 0.3875, param coverage: 1.0000, param coverage ablation: 1.0000
Param name: layer2.0.weight, param overlap: 0.2395, param coverage: 0.9542, param coverage ablation: 0.9542
Param name: layer2.0.bias, param overlap: 0.3875, param coverage: 1.0000, param coverage ablation: 1.0000
Param name: layer3.0.weight, param overlap: 0.2378, param coverage: 0.9617, param coverage ablation: 0.9617
Param name: layer3.0.bias, param overlap: 0.3891, param coverage: 1.0000, param coverage ablation: 1.0000
Param name: fc.weight, param overlap: 0.3891, param coverage: 1.0000, param coverage ablation: 1.0000
Param name: fc.bias, param overlap: 1.0000, param coverage: 1.0000, param coverage ablation: 1.0000
Client 3	Capacity: 0.75	Model Size: 1.97 MB	Train Loss: 0.0028	Train Acc: 1.0000	Local Validation  Loss: 0.0000	Local Validation Acc: 0.0000	Global Validation Loss: 7.3463	Global Validation Acc: 0.1390
Client 54	Capacity: 0.5	Model Size: 1.14 MB	Train Loss: 0.0104	Train Acc: 0.9978	Local Validation  Loss: 0.0000	Local Validation Acc: 0.0000	Global Validation Loss: 9.3104	Global Validation Acc: 0.1014
Client 81	Capacity: 0.5	Model Size: 1.14 MB	Train Loss: 0.0144	Train Acc: 1.0000	Local Validation  Loss: 0.0000	Local Validation Acc: 0.0000	Global Validation Loss: 10.0318	Global Validation Acc: 0.0887
Client 24	Capacity: 0.1	Model Size: 0.17 MB	Train Loss: 3.1149	Train Acc: 0.2042	Local Validation  Loss: 0.0000	Local Validation Acc: 0.0000	Global Validation Loss: 7.6726	Global Validation Acc: 0.0244
Client 66	Capacity: 0.1	Model Size: 0.17 MB	Train Loss: 2.9059	Train Acc: 0.2469	Local Validation  Loss: 0.0000	Local Validation Acc: 0.0000	Global Validation Loss: 7.2033	Global Validation Acc: 0.0290
Client 1	Capacity: 0.25	Model Size: 0.48 MB	Train Loss: 0.5225	Train Acc: 0.8579	Local Validation  Loss: 0.0000	Local Validation Acc: 0.0000	Global Validation Loss: 9.6863	Global Validation Acc: 0.0530
Client 62	Capacity: 0.75	Model Size: 1.97 MB	Train Loss: 0.0014	Train Acc: 1.0000	Local Validation  Loss: 0.0000	Local Validation Acc: 0.0000	Global Validation Loss: 8.0447	Global Validation Acc: 0.1501
Client 73	Capacity: 0.1	Model Size: 0.17 MB	Train Loss: 2.5517	Train Acc: 0.3672	Local Validation  Loss: 0.0000	Local Validation Acc: 0.0000	Global Validation Loss: 6.6348	Global Validation Acc: 0.0326
Client 88	Capacity: 0.75	Model Size: 1.97 MB	Train Loss: 0.0047	Train Acc: 1.0000	Local Validation  Loss: 0.0000	Local Validation Acc: 0.0000	Global Validation Loss: 7.4396	Global Validation Acc: 0.1272
Client 46	Capacity: 0.1	Model Size: 0.17 MB	Train Loss: 2.7840	Train Acc: 0.2708	Local Validation  Loss: 0.0000	Local Validation Acc: 0.0000	Global Validation Loss: 7.4052	Global Validation Acc: 0.0360
Aggregated
Global Test Loss: 4.0129	Global Test Acc: 0.2024
Round 25 use time: 1.13 min, ETA: 5.18 hours
================================================================================
Round 26
Selected 10 client IDs: [83  5 77 28 57 59 87 93 82 23]
eta_g: 0.8100, mean Overlap: 0.2786, mean Coverage: 0.8013, mean Coverage Ablation: 0.8013
Param name: layer1.0.weight, param overlap: 0.1931, param coverage: 0.9062, param coverage ablation: 0.9062
Param name: layer1.0.bias, param overlap: 0.1931, param coverage: 0.9062, param coverage ablation: 0.9062
Param name: layer2.0.weight, param overlap: 0.1182, param coverage: 0.4824, param coverage ablation: 0.4824
Param name: layer2.0.bias, param overlap: 0.2000, param coverage: 0.8750, param coverage ablation: 0.8750
Param name: layer3.0.weight, param overlap: 0.1207, param coverage: 0.4751, param coverage ablation: 0.4751
Param name: layer3.0.bias, param overlap: 0.2018, param coverage: 0.8828, param coverage ablation: 0.8828
Param name: fc.weight, param overlap: 0.2018, param coverage: 0.8828, param coverage ablation: 0.8828
Param name: fc.bias, param overlap: 1.0000, param coverage: 1.0000, param coverage ablation: 1.0000
Client 83	Capacity: 0.1	Model Size: 0.17 MB	Train Loss: 1.4150	Train Acc: 0.6181	Local Validation  Loss: 0.0000	Local Validation Acc: 0.0000	Global Validation Loss: 9.2807	Global Validation Acc: 0.0456
Client 5	Capacity: 0.1	Model Size: 0.17 MB	Train Loss: 2.5201	Train Acc: 0.3229	Local Validation  Loss: 0.0000	Local Validation Acc: 0.0000	Global Validation Loss: 6.8123	Global Validation Acc: 0.0260
Client 77	Capacity: 0.1	Model Size: 0.17 MB	Train Loss: 1.5953	Train Acc: 0.5671	Local Validation  Loss: 0.0000	Local Validation Acc: 0.0000	Global Validation Loss: 9.5439	Global Validation Acc: 0.0491
Client 28	Capacity: 0.1	Model Size: 0.17 MB	Train Loss: 1.8199	Train Acc: 0.5208	Local Validation  Loss: 0.0000	Local Validation Acc: 0.0000	Global Validation Loss: 7.3967	Global Validation Acc: 0.0412
Client 57	Capacity: 0.1	Model Size: 0.17 MB	Train Loss: 3.3242	Train Acc: 0.1758	Local Validation  Loss: 0.0000	Local Validation Acc: 0.0000	Global Validation Loss: 7.8252	Global Validation Acc: 0.0264
Client 59	Capacity: 0.1	Model Size: 0.17 MB	Train Loss: 2.0878	Train Acc: 0.4491	Local Validation  Loss: 0.0000	Local Validation Acc: 0.0000	Global Validation Loss: 8.8495	Global Validation Acc: 0.0353
Client 87	Capacity: 0.1	Model Size: 0.17 MB	Train Loss: 2.3103	Train Acc: 0.3932	Local Validation  Loss: 0.0000	Local Validation Acc: 0.0000	Global Validation Loss: 7.4786	Global Validation Acc: 0.0421
Client 93	Capacity: 0.5	Model Size: 1.14 MB	Train Loss: 0.0154	Train Acc: 1.0000	Local Validation  Loss: 0.0000	Local Validation Acc: 0.0000	Global Validation Loss: 9.8756	Global Validation Acc: 0.0917
Client 82	Capacity: 0.5	Model Size: 1.14 MB	Train Loss: 0.0269	Train Acc: 0.9962	Local Validation  Loss: 0.0000	Local Validation Acc: 0.0000	Global Validation Loss: 9.8637	Global Validation Acc: 0.0954
Client 23	Capacity: 0.1	Model Size: 0.17 MB	Train Loss: 3.0751	Train Acc: 0.2264	Local Validation  Loss: 0.0000	Local Validation Acc: 0.0000	Global Validation Loss: 6.4174	Global Validation Acc: 0.0306
Aggregated
Global Test Loss: 4.0307	Global Test Acc: 0.1812
Round 26 use time: 1.02 min, ETA: 4.66 hours
================================================================================
Round 27
Selected 10 client IDs: [69 61 49 12 21 23 54 88 74 24]
