Random seed: 42
Method: rdbagging
Strategy: p-based-frequent
Use control variates: True
Model type: cnn
Dataset: cifar10
Data distribution: non-iid
Alpha: 0.5
Aggregation method: sparse
Number of clients: 100
Select ratio: 0.1
Local train ratio: 0.8
Number of rounds: 200
Number of local epochs: 10
Batch size: 128
Learning rate: 0.001
Results save directory: None
Results will not be saved.
[Model Architecture]
CNN(
  (layer1): Sequential(
    (0): Conv2d(3, 64, kernel_size=(3, 3), stride=(1, 1), padding=(1, 1))
    (1): ReLU()
    (2): MaxPool2d(kernel_size=2, stride=2, padding=0, dilation=1, ceil_mode=False)
  )
  (layer2): Sequential(
    (0): Conv2d(64, 128, kernel_size=(3, 3), stride=(1, 1), padding=(1, 1))
    (1): ReLU()
    (2): MaxPool2d(kernel_size=2, stride=2, padding=0, dilation=1, ceil_mode=False)
  )
  (layer3): Sequential(
    (0): Conv2d(128, 256, kernel_size=(3, 3), stride=(1, 1), padding=(1, 1))
    (1): ReLU()
    (2): MaxPool2d(kernel_size=2, stride=2, padding=0, dilation=1, ceil_mode=False)
  )
  (fc): Linear(in_features=4096, out_features=10, bias=True)
)
Global Model size: 1.57 MB
Client dropout rates: [0.9, 0.1, 0.5, 0.5, 0.9, 0.9, 0.9, 0.25, 0.75, 0.1, 0.5, 0.9, 0.1, 0.5, 0.9, 0.9, 0.5, 0.9, 0.9, 0.1, 0.9, 0.9, 0.75, 0.5, 0.9, 0.75, 0.25, 0.25, 0.9, 0.9, 0.9, 0.9, 0.9, 0.9, 0.75, 0.9, 0.9, 0.9, 0.9, 0.9, 0.9, 0.1, 0.5, 0.5, 0.25, 0.5, 0.25, 0.5, 0.9, 0.75, 0.75, 0.5, 0.5, 0.9, 0.9, 0.9, 0.5, 0.9, 0.5, 0.75, 0.9, 0.9, 0.9, 0.9, 0.9, 0.9, 0.5, 0.1, 0.75, 0.5, 0.5, 0.9, 0.9, 0.75, 0.9, 0.75, 0.9, 0.75, 0.5, 0.5, 0.9, 0.5, 0.9, 0.9, 0.75, 0.5, 0.9, 0.9, 0.25, 0.1, 0.25, 0.9, 0.9, 0.75, 0.25, 0.75, 0.9, 0.9, 0.9, 0.9]
Client dropout rate count: {0.9: 50, 0.1: 7, 0.5: 21, 0.25: 8, 0.75: 14}
Round 1
Selected 10 client IDs: [31 28 21 72 47 75  4  8 97 44]
Client 31	Dropout Rate: 0.9	Model Size: 0.03 MB	Train Loss: 0.3147	Train Acc: 0.8964	Local Validation  Loss: 0.6770	Local Validation Acc: 0.8365	Global Validation Loss: 6.9000	Global Validation Acc: 0.1743
Client 28	Dropout Rate: 0.9	Model Size: 0.03 MB	Train Loss: 0.9246	Train Acc: 0.6082	Local Validation  Loss: 1.2776	Local Validation Acc: 0.6020	Global Validation Loss: 3.5189	Global Validation Acc: 0.2154
Client 21	Dropout Rate: 0.9	Model Size: 0.03 MB	Train Loss: 1.0655	Train Acc: 0.6375	Local Validation  Loss: 2.0577	Local Validation Acc: 0.5122	Global Validation Loss: 4.3454	Global Validation Acc: 0.1879
Client 72	Dropout Rate: 0.9	Model Size: 0.03 MB	Train Loss: 0.7022	Train Acc: 0.7566	Local Validation  Loss: 1.4919	Local Validation Acc: 0.5193	Global Validation Loss: 4.1540	Global Validation Acc: 0.2541
Client 47	Dropout Rate: 0.5	Model Size: 0.43 MB	Train Loss: 0.6879	Train Acc: 0.7592	Local Validation  Loss: 1.4933	Local Validation Acc: 0.6985	Global Validation Loss: 4.3310	Global Validation Acc: 0.2792
Client 75	Dropout Rate: 0.75	Model Size: 0.13 MB	Train Loss: 1.1762	Train Acc: 0.5992	Local Validation  Loss: 1.4257	Local Validation Acc: 0.5167	Global Validation Loss: 3.9935	Global Validation Acc: 0.2307
Client 4	Dropout Rate: 0.9	Model Size: 0.03 MB	Train Loss: 1.3618	Train Acc: 0.5672	Local Validation  Loss: 2.2760	Local Validation Acc: 0.4296	Global Validation Loss: 2.5310	Global Validation Acc: 0.2322
Client 8	Dropout Rate: 0.75	Model Size: 0.13 MB	Train Loss: 0.8214	Train Acc: 0.7164	Local Validation  Loss: 1.5261	Local Validation Acc: 0.5333	Global Validation Loss: 7.1297	Global Validation Acc: 0.2481
Client 97	Dropout Rate: 0.9	Model Size: 0.03 MB	Train Loss: 1.3446	Train Acc: 0.5055	Local Validation  Loss: 1.7966	Local Validation Acc: 0.3772	Global Validation Loss: 3.5874	Global Validation Acc: 0.1335
Client 44	Dropout Rate: 0.25	Model Size: 0.91 MB	Train Loss: 0.5732	Train Acc: 0.7845	Local Validation  Loss: 1.1635	Local Validation Acc: 0.7383	Global Validation Loss: 4.6182	Global Validation Acc: 0.1871
Aggregated
Global Test Loss: 2.2186	Global Test Acc: 0.1956
Client 31	Local Validation Loss: 2.0115(1.3345)	Local Validation Acc: 0.3173(-0.5192)
Client 28	Local Validation Loss: 2.3763(1.0987)	Local Validation Acc: 0.0918(-0.5102)
Client 21	Local Validation Loss: 1.9201(-0.1377)	Local Validation Acc: 0.3902(-0.1220)
Client 72	Local Validation Loss: 2.0458(0.5539)	Local Validation Acc: 0.3425(-0.1768)
Client 47	Local Validation Loss: 2.1027(0.6094)	Local Validation Acc: 0.2279(-0.4706)
Client 75	Local Validation Loss: 2.0903(0.6645)	Local Validation Acc: 0.2333(-0.2833)
Client 4	Local Validation Loss: 2.4684(0.1924)	Local Validation Acc: 0.1185(-0.3111)
Client 8	Local Validation Loss: 1.9816(0.4555)	Local Validation Acc: 0.3083(-0.2250)
Client 97	Local Validation Loss: 2.0527(0.2561)	Local Validation Acc: 0.2368(-0.1404)
Client 44	Local Validation Loss: 2.0583(0.8948)	Local Validation Acc: 0.1776(-0.5607)
Round 1 use time: 0.39 min, ETA: 1.29 hours
================================================================================
Round 2
Selected 10 client IDs: [47 76 58 72 32 80 86 79 95 24]
Client 47	Dropout Rate: 0.5	Model Size: 0.43 MB	Train Loss: 1.9278	Train Acc: 0.6176	Local Validation  Loss: 5.1490	Local Validation Acc: 0.6029	Global Validation Loss: 7.1133	Global Validation Acc: 0.2391
Client 76	Dropout Rate: 0.9	Model Size: 0.03 MB	Train Loss: 1.4547	Train Acc: 0.5266	Local Validation  Loss: 2.2322	Local Validation Acc: 0.4000	Global Validation Loss: 3.7288	Global Validation Acc: 0.2280
Client 58	Dropout Rate: 0.5	Model Size: 0.43 MB	Train Loss: 1.3302	Train Acc: 0.5341	Local Validation  Loss: 1.9338	Local Validation Acc: 0.4478	Global Validation Loss: 4.0792	Global Validation Acc: 0.2556
Client 72	Dropout Rate: 0.9	Model Size: 0.03 MB	Train Loss: 1.5238	Train Acc: 0.5477	Local Validation  Loss: 1.8982	Local Validation Acc: 0.4751	Global Validation Loss: 5.3803	Global Validation Acc: 0.2076
Client 32	Dropout Rate: 0.9	Model Size: 0.03 MB	Train Loss: 1.2950	Train Acc: 0.5836	Local Validation  Loss: 1.7822	Local Validation Acc: 0.5217	Global Validation Loss: 5.1621	Global Validation Acc: 0.2449
Client 80	Dropout Rate: 0.9	Model Size: 0.03 MB	Train Loss: 1.7556	Train Acc: 0.4788	Local Validation  Loss: 2.1126	Local Validation Acc: 0.4915	Global Validation Loss: 4.1040	Global Validation Acc: 0.2061
Client 86	Dropout Rate: 0.9	Model Size: 0.03 MB	Train Loss: 1.4292	Train Acc: 0.5449	Local Validation  Loss: 2.0706	Local Validation Acc: 0.3810	Global Validation Loss: 3.2815	Global Validation Acc: 0.1668
Client 79	Dropout Rate: 0.5	Model Size: 0.43 MB	Train Loss: 2.1740	Train Acc: 0.4990	Local Validation  Loss: 2.8845	Local Validation Acc: 0.4206	Global Validation Loss: 5.1060	Global Validation Acc: 0.3154
Client 95	Dropout Rate: 0.75	Model Size: 0.13 MB	Train Loss: 0.4295	Train Acc: 0.8829	Local Validation  Loss: 1.7577	Local Validation Acc: 0.6786	Global Validation Loss: 7.4564	Global Validation Acc: 0.1967
Client 24	Dropout Rate: 0.9	Model Size: 0.03 MB	Train Loss: 1.9017	Train Acc: 0.5106	Local Validation  Loss: 2.6698	Local Validation Acc: 0.3564	Global Validation Loss: 4.3039	Global Validation Acc: 0.2260
Aggregated
Global Test Loss: 5.7078	Global Test Acc: 0.2037
Client 47	Local Validation Loss: 4.2002(-0.9488)	Local Validation Acc: 0.4191(-0.1838)
Client 76	Local Validation Loss: 4.4536(2.2214)	Local Validation Acc: 0.2353(-0.1647)
Client 58	Local Validation Loss: 8.9120(6.9781)	Local Validation Acc: 0.0149(-0.4328)
Client 72	Local Validation Loss: 3.9719(2.0736)	Local Validation Acc: 0.2928(-0.1823)
Client 32	Local Validation Loss: 6.4961(4.7139)	Local Validation Acc: 0.1196(-0.4022)
Client 80	Local Validation Loss: 9.2288(7.1162)	Local Validation Acc: 0.0169(-0.4746)
Client 86	Local Validation Loss: 5.8923(3.8216)	Local Validation Acc: 0.0952(-0.2857)
Client 79	Local Validation Loss: 4.8194(1.9349)	Local Validation Acc: 0.3095(-0.1111)
Client 95	Local Validation Loss: 7.7616(6.0039)	Local Validation Acc: 0.0833(-0.5952)
Client 24	Local Validation Loss: 4.5874(1.9177)	Local Validation Acc: 0.1755(-0.1809)
Round 2 use time: 0.43 min, ETA: 1.43 hours
================================================================================
Round 3
Selected 10 client IDs: [23 97 82 56 41 35 44 94 88 22]
Client 23	Dropout Rate: 0.5	Model Size: 0.43 MB	Train Loss: 1.5580	Train Acc: 0.5897	Local Validation  Loss: 2.2167	Local Validation Acc: 0.5085	Global Validation Loss: 4.4264	Global Validation Acc: 0.1889
Client 97	Dropout Rate: 0.9	Model Size: 0.03 MB	Train Loss: 10.0002	Train Acc: 0.2980	Local Validation  Loss: 11.6254	Local Validation Acc: 0.3158	Global Validation Loss: 29.0434	Global Validation Acc: 0.1360
Client 82	Dropout Rate: 0.9	Model Size: 0.03 MB	Train Loss: 8.5068	Train Acc: 0.3158	Local Validation  Loss: 12.9484	Local Validation Acc: 0.3387	Global Validation Loss: 19.9177	Global Validation Acc: 0.1491
Client 56	Dropout Rate: 0.5	Model Size: 0.43 MB	Train Loss: 1.7865	Train Acc: 0.6074	Local Validation  Loss: 2.3332	Local Validation Acc: 0.5684	Global Validation Loss: 10.3262	Global Validation Acc: 0.2691
Client 41	Dropout Rate: 0.1	Model Size: 1.28 MB	Train Loss: 1.1716	Train Acc: 0.5424	Local Validation  Loss: 1.5820	Local Validation Acc: 0.4337	Global Validation Loss: 2.9811	Global Validation Acc: 0.3391
Client 35	Dropout Rate: 0.9	Model Size: 0.03 MB	Train Loss: 16.6583	Train Acc: 0.5396	Local Validation  Loss: 18.3351	Local Validation Acc: 0.4767	Global Validation Loss: 53.8077	Global Validation Acc: 0.1889
Client 44	Dropout Rate: 0.25	Model Size: 0.91 MB	Train Loss: 0.7574	Train Acc: 0.7799	Local Validation  Loss: 1.0640	Local Validation Acc: 0.6636	Global Validation Loss: 2.9791	Global Validation Acc: 0.2340
Client 94	Dropout Rate: 0.25	Model Size: 0.91 MB	Train Loss: 1.0578	Train Acc: 0.6306	Local Validation  Loss: 1.4543	Local Validation Acc: 0.5366	Global Validation Loss: 3.6480	Global Validation Acc: 0.2588
Client 88	Dropout Rate: 0.25	Model Size: 0.91 MB	Train Loss: 1.4597	Train Acc: 0.4928	Local Validation  Loss: 2.0586	Local Validation Acc: 0.3371	Global Validation Loss: 4.2957	Global Validation Acc: 0.2569
Client 22	Dropout Rate: 0.75	Model Size: 0.13 MB	Train Loss: 8.3971	Train Acc: 0.4469	Local Validation  Loss: 10.3881	Local Validation Acc: 0.4250	Global Validation Loss: 25.9415	Global Validation Acc: 0.2149
Aggregated
Global Test Loss: 2.2023	Global Test Acc: 0.2505
Client 23	Local Validation Loss: 1.9695(-0.2472)	Local Validation Acc: 0.3898(-0.1186)
Client 97	Local Validation Loss: 2.2812(-9.3441)	Local Validation Acc: 0.2281(-0.0877)
Client 82	Local Validation Loss: 2.5272(-10.4212)	Local Validation Acc: 0.2258(-0.1129)
Client 56	Local Validation Loss: 2.1445(-0.1887)	Local Validation Acc: 0.1789(-0.3895)
Client 41	Local Validation Loss: 2.3987(0.8167)	Local Validation Acc: 0.0964(-0.3373)
Client 35	Local Validation Loss: 2.5903(-15.7448)	Local Validation Acc: 0.0233(-0.4535)
Client 44	Local Validation Loss: 1.6660(0.6019)	Local Validation Acc: 0.3738(-0.2897)
Client 94	Local Validation Loss: 1.8418(0.3875)	Local Validation Acc: 0.3659(-0.1707)
Client 88	Local Validation Loss: 2.6470(0.5885)	Local Validation Acc: 0.1486(-0.1886)
Client 22	Local Validation Loss: 2.6229(-7.7652)	Local Validation Acc: 0.1375(-0.2875)
Round 3 use time: 0.65 min, ETA: 2.13 hours
================================================================================
Round 4
Selected 10 client IDs: [75 35 25 13 31 85 56 64 41 53]
Client 75	Dropout Rate: 0.75	Model Size: 0.13 MB	Train Loss: 3.7268	Train Acc: 0.3418	Local Validation  Loss: 3.3223	Local Validation Acc: 0.4000	Global Validation Loss: 7.8635	Global Validation Acc: 0.1647
Client 35	Dropout Rate: 0.9	Model Size: 0.03 MB	Train Loss: 73.4917	Train Acc: 0.4575	Local Validation  Loss: 74.4829	Local Validation Acc: 0.4302	Global Validation Loss: 200.1994	Global Validation Acc: 0.1500
Client 25	Dropout Rate: 0.75	Model Size: 0.13 MB	Train Loss: 4.3155	Train Acc: 0.3491	Local Validation  Loss: 6.0061	Local Validation Acc: 0.2804	Global Validation Loss: 15.1977	Global Validation Acc: 0.1967
Client 13	Dropout Rate: 0.5	Model Size: 0.43 MB	Train Loss: 1.2240	Train Acc: 0.6709	Local Validation  Loss: 1.5652	Local Validation Acc: 0.5650	Global Validation Loss: 9.5014	Global Validation Acc: 0.2443
Client 31	Dropout Rate: 0.9	Model Size: 0.03 MB	Train Loss: 14.6835	Train Acc: 0.5976	Local Validation  Loss: 12.3651	Local Validation Acc: 0.6058	Global Validation Loss: 141.7796	Global Validation Acc: 0.1276
Client 85	Dropout Rate: 0.5	Model Size: 0.43 MB	Train Loss: 1.0361	Train Acc: 0.6230	Local Validation  Loss: 1.2920	Local Validation Acc: 0.5176	Global Validation Loss: 3.6202	Global Validation Acc: 0.2564
Client 56	Dropout Rate: 0.5	Model Size: 0.43 MB	Train Loss: 1.1539	Train Acc: 0.5889	Local Validation  Loss: 1.8648	Local Validation Acc: 0.5579	Global Validation Loss: 5.5205	Global Validation Acc: 0.2392
Client 64	Dropout Rate: 0.9	Model Size: 0.03 MB	Train Loss: 59.3457	Train Acc: 0.3712	Local Validation  Loss: 52.5710	Local Validation Acc: 0.3529	Global Validation Loss: 192.5931	Global Validation Acc: 0.1535
Client 41	Dropout Rate: 0.1	Model Size: 1.28 MB	Train Loss: 1.1388	Train Acc: 0.5879	Local Validation  Loss: 1.4196	Local Validation Acc: 0.3976	Global Validation Loss: 2.7842	Global Validation Acc: 0.3118
Client 53	Dropout Rate: 0.9	Model Size: 0.03 MB	Train Loss: 34.9163	Train Acc: 0.3314	Local Validation  Loss: 39.3106	Local Validation Acc: 0.3563	Global Validation Loss: 108.4377	Global Validation Acc: 0.1554
Aggregated
Global Test Loss: 2.6757	Global Test Acc: 0.1543
Client 75	Local Validation Loss: 2.7110(-0.6113)	Local Validation Acc: 0.2000(-0.2000)
Client 35	Local Validation Loss: 2.2498(-72.2331)	Local Validation Acc: 0.1628(-0.2674)
Client 25	Local Validation Loss: 2.3836(-3.6225)	Local Validation Acc: 0.1308(-0.1495)
Client 13	Local Validation Loss: 1.5178(-0.0474)	Local Validation Acc: 0.4294(-0.1356)
Client 31	Local Validation Loss: 2.7735(-9.5915)	Local Validation Acc: 0.0385(-0.5673)
Client 85	Local Validation Loss: 2.0977(0.8058)	Local Validation Acc: 0.2647(-0.2529)
Client 56	Local Validation Loss: 2.4397(0.5750)	Local Validation Acc: 0.1263(-0.4316)
Client 64	Local Validation Loss: 2.5707(-50.0003)	Local Validation Acc: 0.1176(-0.2353)
Client 41	Local Validation Loss: 2.4517(1.0321)	Local Validation Acc: 0.2651(-0.1325)
Client 53	Local Validation Loss: 2.7635(-36.5470)	Local Validation Acc: 0.1724(-0.1839)
Round 4 use time: 0.50 min, ETA: 1.65 hours
================================================================================
Round 5
Selected 10 client IDs: [21  2 74 88 35 60 64 52 95 20]
Client 21	Dropout Rate: 0.9	Model Size: 0.03 MB	Train Loss: 45.1354	Train Acc: 0.3063	Local Validation  Loss: 61.4304	Local Validation Acc: 0.2195	Global Validation Loss: 87.9928	Global Validation Acc: 0.1370
Client 2	Dropout Rate: 0.5	Model Size: 0.43 MB	Train Loss: 1.6307	Train Acc: 0.5268	Local Validation  Loss: 2.3383	Local Validation Acc: 0.4157	Global Validation Loss: 4.2408	Global Validation Acc: 0.2269
Client 74	Dropout Rate: 0.9	Model Size: 0.03 MB	Train Loss: 11.5177	Train Acc: 0.4082	Local Validation  Loss: 14.7957	Local Validation Acc: 0.4130	Global Validation Loss: 37.5624	Global Validation Acc: 0.1538
Client 88	Dropout Rate: 0.25	Model Size: 0.91 MB	Train Loss: 1.1963	Train Acc: 0.5458	Local Validation  Loss: 1.6643	Local Validation Acc: 0.4171	Global Validation Loss: 2.9187	Global Validation Acc: 0.2780
Client 35	Dropout Rate: 0.9	Model Size: 0.03 MB	Train Loss: 129.1845	Train Acc: 0.5396	Local Validation  Loss: 184.1482	Local Validation Acc: 0.4535	Global Validation Loss: 441.9592	Global Validation Acc: 0.1627
Client 60	Dropout Rate: 0.9	Model Size: 0.03 MB	Train Loss: 53.0817	Train Acc: 0.3306	Local Validation  Loss: 61.5711	Local Validation Acc: 0.3617	Global Validation Loss: 158.7034	Global Validation Acc: 0.1636
Client 64	Dropout Rate: 0.9	Model Size: 0.03 MB	Train Loss: 13.8479	Train Acc: 0.3409	Local Validation  Loss: 36.5610	Local Validation Acc: 0.1765	Global Validation Loss: 51.6468	Global Validation Acc: 0.1482
Client 52	Dropout Rate: 0.5	Model Size: 0.43 MB	Train Loss: 1.6421	Train Acc: 0.5431	Local Validation  Loss: 1.9944	Local Validation Acc: 0.4400	Global Validation Loss: 3.7412	Global Validation Acc: 0.1915
Client 95	Dropout Rate: 0.75	Model Size: 0.13 MB	Train Loss: 4.8014	Train Acc: 0.8048	Local Validation  Loss: 13.1184	Local Validation Acc: 0.6905	Global Validation Loss: 36.0774	Global Validation Acc: 0.1649
Client 20	Dropout Rate: 0.9	Model Size: 0.03 MB	Train Loss: 65.3611	Train Acc: 0.4751	Local Validation  Loss: 66.4320	Local Validation Acc: 0.5045	Global Validation Loss: 176.5342	Global Validation Acc: 0.1327
Aggregated
Global Test Loss: 2.8766	Global Test Acc: 0.1705
Client 21	Local Validation Loss: 3.0141(-58.4162)	Local Validation Acc: 0.1463(-0.0732)
Client 2	Local Validation Loss: 2.6841(0.3458)	Local Validation Acc: 0.1124(-0.3034)
Client 74	Local Validation Loss: 1.7572(-13.0385)	Local Validation Acc: 0.3152(-0.0978)
Client 88	Local Validation Loss: 2.8845(1.2203)	Local Validation Acc: 0.1314(-0.2857)
Client 35	Local Validation Loss: 2.5557(-181.5925)	Local Validation Acc: 0.1744(-0.2791)
Client 60	Local Validation Loss: 2.9155(-58.6555)	Local Validation Acc: 0.0957(-0.2660)
Client 64	Local Validation Loss: 2.7559(-33.8051)	Local Validation Acc: 0.1765(0.0000)
Client 52	Local Validation Loss: 2.3889(0.3945)	Local Validation Acc: 0.1200(-0.3200)
Client 95	Local Validation Loss: 2.6904(-10.4280)	Local Validation Acc: 0.0238(-0.6667)
Client 20	Local Validation Loss: 2.2064(-64.2256)	Local Validation Acc: 0.2613(-0.2432)
Round 5 use time: 0.44 min, ETA: 1.42 hours
================================================================================
Round 6
Selected 10 client IDs: [57  4 37 90 62 32 46 89 75 56]
Client 57	Dropout Rate: 0.9	Model Size: 0.03 MB	Train Loss: 35.1308	Train Acc: 0.2051	Local Validation  Loss: 20.5368	Local Validation Acc: 0.2653	Global Validation Loss: 55.4305	Global Validation Acc: 0.0948
Client 4	Dropout Rate: 0.9	Model Size: 0.03 MB	Train Loss: 82.6719	Train Acc: 0.2948	Local Validation  Loss: 101.5346	Local Validation Acc: 0.2519	Global Validation Loss: 145.5477	Global Validation Acc: 0.1661
Client 37	Dropout Rate: 0.9	Model Size: 0.03 MB	Train Loss: 12.4884	Train Acc: 0.2892	Local Validation  Loss: 16.0227	Local Validation Acc: 0.2597	Global Validation Loss: 24.2907	Global Validation Acc: 0.1552
Client 90	Dropout Rate: 0.25	Model Size: 0.91 MB	Train Loss: 1.4731	Train Acc: 0.4450	Local Validation  Loss: 1.7664	Local Validation Acc: 0.3673	Global Validation Loss: 2.7790	Global Validation Acc: 0.2198
Client 62	Dropout Rate: 0.9	Model Size: 0.03 MB	Train Loss: 10.9801	Train Acc: 0.3037	Local Validation  Loss: 13.6310	Local Validation Acc: 0.2908	Global Validation Loss: 33.6697	Global Validation Acc: 0.1357
Client 32	Dropout Rate: 0.9	Model Size: 0.03 MB	Train Loss: 18.5153	Train Acc: 0.3836	Local Validation  Loss: 26.4371	Local Validation Acc: 0.3478	Global Validation Loss: 41.3182	Global Validation Acc: 0.1784
Client 46	Dropout Rate: 0.25	Model Size: 0.91 MB	Train Loss: 1.2065	Train Acc: 0.5724	Local Validation  Loss: 1.9095	Local Validation Acc: 0.3699	Global Validation Loss: 2.6014	Global Validation Acc: 0.2330
Client 89	Dropout Rate: 0.1	Model Size: 1.28 MB	Train Loss: 1.1146	Train Acc: 0.5902	Local Validation  Loss: 1.6635	Local Validation Acc: 0.4179	Global Validation Loss: 3.2859	Global Validation Acc: 0.2286
Client 75	Dropout Rate: 0.75	Model Size: 0.13 MB	Train Loss: 26.0324	Train Acc: 0.3122	Local Validation  Loss: 27.6841	Local Validation Acc: 0.3500	Global Validation Loss: 40.1469	Global Validation Acc: 0.1651
Client 56	Dropout Rate: 0.5	Model Size: 0.43 MB	Train Loss: 1.3968	Train Acc: 0.5358	Local Validation  Loss: 1.7684	Local Validation Acc: 0.4316	Global Validation Loss: 4.4100	Global Validation Acc: 0.2115
Aggregated
Global Test Loss: 2.2734	Global Test Acc: 0.1620
Client 57	Local Validation Loss: 1.7224(-18.8144)	Local Validation Acc: 0.3980(0.1327)
Client 4	Local Validation Loss: 2.8162(-98.7184)	Local Validation Acc: 0.1111(-0.1407)
Client 37	Local Validation Loss: 2.4684(-13.5544)	Local Validation Acc: 0.1429(-0.1169)
Client 90	Local Validation Loss: 1.9582(0.1919)	Local Validation Acc: 0.3265(-0.0408)
Client 62	Local Validation Loss: 1.8712(-11.7598)	Local Validation Acc: 0.3050(0.0142)
Client 32	Local Validation Loss: 2.3342(-24.1029)	Local Validation Acc: 0.2391(-0.1087)
Client 46	Local Validation Loss: 2.0502(0.1407)	Local Validation Acc: 0.2466(-0.1233)
Client 89	Local Validation Loss: 2.1455(0.4820)	Local Validation Acc: 0.1194(-0.2985)
Client 75	Local Validation Loss: 2.4934(-25.1907)	Local Validation Acc: 0.0667(-0.2833)
Client 56	Local Validation Loss: 2.2028(0.4344)	Local Validation Acc: 0.1368(-0.2947)
Round 6 use time: 0.55 min, ETA: 1.77 hours
================================================================================
Round 7
Selected 10 client IDs: [19 77 38 96 22  0 65  8 60 92]
Client 19	Dropout Rate: 0.1	Model Size: 1.28 MB	Train Loss: 0.7165	Train Acc: 0.7627	Local Validation  Loss: 0.9225	Local Validation Acc: 0.7059	Global Validation Loss: 3.9749	Global Validation Acc: 0.2481
Client 77	Dropout Rate: 0.75	Model Size: 0.13 MB	Train Loss: 12.2427	Train Acc: 0.4551	Local Validation  Loss: 9.9447	Local Validation Acc: 0.5000	Global Validation Loss: 49.1684	Global Validation Acc: 0.1469
Client 38	Dropout Rate: 0.9	Model Size: 0.03 MB	Train Loss: 1660.3917	Train Acc: 0.0476	Local Validation  Loss: 2112.3979	Local Validation Acc: 0.0476	Global Validation Loss: 1440.3105	Global Validation Acc: 0.1194
Client 96	Dropout Rate: 0.9	Model Size: 0.03 MB	Train Loss: 46.6713	Train Acc: 0.2125	Local Validation  Loss: 48.7603	Local Validation Acc: 0.1500	Global Validation Loss: 59.4043	Global Validation Acc: 0.1444
Client 22	Dropout Rate: 0.75	Model Size: 0.13 MB	Train Loss: 7.8259	Train Acc: 0.4437	Local Validation  Loss: 6.7591	Local Validation Acc: 0.4125	Global Validation Loss: 22.5128	Global Validation Acc: 0.1951
Client 0	Dropout Rate: 0.9	Model Size: 0.03 MB	Train Loss: 36.8523	Train Acc: 0.2989	Local Validation  Loss: 40.4573	Local Validation Acc: 0.2385	Global Validation Loss: 114.9389	Global Validation Acc: 0.1428
Client 65	Dropout Rate: 0.9	Model Size: 0.03 MB	Train Loss: 103.3532	Train Acc: 0.4327	Local Validation  Loss: 103.0310	Local Validation Acc: 0.3256	Global Validation Loss: 252.5209	Global Validation Acc: 0.1138
Client 8	Dropout Rate: 0.75	Model Size: 0.13 MB	Train Loss: 23.5143	Train Acc: 0.4286	Local Validation  Loss: 25.0132	Local Validation Acc: 0.4250	Global Validation Loss: 79.7919	Global Validation Acc: 0.1857
Client 60	Dropout Rate: 0.9	Model Size: 0.03 MB	Train Loss: 11.3113	Train Acc: 0.2204	Local Validation  Loss: 12.8181	Local Validation Acc: 0.1915	Global Validation Loss: 22.4660	Global Validation Acc: 0.1343
Client 92	Dropout Rate: 0.9	Model Size: 0.03 MB	Train Loss: 394.4327	Train Acc: 0.2274	Local Validation  Loss: 340.5362	Local Validation Acc: 0.2143	Global Validation Loss: 451.0540	Global Validation Acc: 0.1507
Aggregated
Global Test Loss: 2.4946	Global Test Acc: 0.1812
Client 19	Local Validation Loss: 2.4310(1.5085)	Local Validation Acc: 0.1497(-0.5561)
Client 77	Local Validation Loss: 2.3865(-7.5582)	Local Validation Acc: 0.1795(-0.3205)
Client 38	Local Validation Loss: 2.5459(-2109.8521)	Local Validation Acc: 0.1429(0.0952)
Client 96	Local Validation Loss: 2.8709(-45.8894)	Local Validation Acc: 0.1100(-0.0400)
Client 22	Local Validation Loss: 2.2895(-4.4696)	Local Validation Acc: 0.2875(-0.1250)
Client 0	Local Validation Loss: 2.2889(-38.1683)	Local Validation Acc: 0.1927(-0.0459)
Client 65	Local Validation Loss: 2.2416(-100.7894)	Local Validation Acc: 0.2791(-0.0465)
Client 8	Local Validation Loss: 2.8458(-22.1674)	Local Validation Acc: 0.1333(-0.2917)
Client 60	Local Validation Loss: 2.0726(-10.7455)	Local Validation Acc: 0.1596(-0.0319)
Client 92	Local Validation Loss: 2.3174(-338.2188)	Local Validation Acc: 0.2143(0.0000)
Round 7 use time: 0.44 min, ETA: 1.42 hours
================================================================================
Round 8
Selected 10 client IDs: [17 46 34 16 12 78 69 73 83 59]
Client 17	Dropout Rate: 0.9	Model Size: 0.03 MB	Train Loss: 4669.1479	Train Acc: 0.0268	Local Validation  Loss: 4385.5718	Local Validation Acc: 0.1429	Global Validation Loss: 4954.7894	Global Validation Acc: 0.1223
Client 46	Dropout Rate: 0.25	Model Size: 0.91 MB	Train Loss: 1.3549	Train Acc: 0.5448	Local Validation  Loss: 2.1426	Local Validation Acc: 0.3836	Global Validation Loss: 2.7626	Global Validation Acc: 0.1953
Client 34	Dropout Rate: 0.75	Model Size: 0.13 MB	Train Loss: 139.1556	Train Acc: 0.4654	Local Validation  Loss: 200.3031	Local Validation Acc: 0.4146	Global Validation Loss: 635.8478	Global Validation Acc: 0.1653
Client 16	Dropout Rate: 0.5	Model Size: 0.43 MB	Train Loss: 2.2585	Train Acc: 0.2655	Local Validation  Loss: 4.0532	Local Validation Acc: 0.2135	Global Validation Loss: 3.8724	Global Validation Acc: 0.1661
Client 12	Dropout Rate: 0.1	Model Size: 1.28 MB	Train Loss: 0.8442	Train Acc: 0.7108	Local Validation  Loss: 1.1766	Local Validation Acc: 0.6190	Global Validation Loss: 3.6406	Global Validation Acc: 0.2154
Client 78	Dropout Rate: 0.5	Model Size: 0.43 MB	Train Loss: 3.5169	Train Acc: 0.5372	Local Validation  Loss: 5.2219	Local Validation Acc: 0.5135	Global Validation Loss: 17.1087	Global Validation Acc: 0.1692
Client 69	Dropout Rate: 0.5	Model Size: 0.43 MB	Train Loss: 2.5560	Train Acc: 0.3307	Local Validation  Loss: 2.9148	Local Validation Acc: 0.2704	Global Validation Loss: 4.7698	Global Validation Acc: 0.1640
Client 73	Dropout Rate: 0.75	Model Size: 0.13 MB	Train Loss: 133.1886	Train Acc: 0.2512	Local Validation  Loss: 190.1602	Local Validation Acc: 0.2642	Global Validation Loss: 248.7799	Global Validation Acc: 0.1572
Client 83	Dropout Rate: 0.9	Model Size: 0.03 MB	Train Loss: 202.3195	Train Acc: 0.2435	Local Validation  Loss: 212.2401	Local Validation Acc: 0.2228	Global Validation Loss: 463.0329	Global Validation Acc: 0.1469
Client 59	Dropout Rate: 0.75	Model Size: 0.13 MB	Train Loss: 87.7054	Train Acc: 0.3486	Local Validation  Loss: 104.5755	Local Validation Acc: 0.3239	Global Validation Loss: 215.8389	Global Validation Acc: 0.1498
Aggregated
Global Test Loss: 2.7832	Global Test Acc: 0.1544
Client 17	Local Validation Loss: 2.4793(-4383.0925)	Local Validation Acc: 0.0357(-0.1071)
Client 46	Local Validation Loss: 2.6509(0.5083)	Local Validation Acc: 0.2055(-0.1781)
Client 34	Local Validation Loss: 3.5142(-196.7889)	Local Validation Acc: 0.0244(-0.3902)
Client 16	Local Validation Loss: 2.8548(-1.1984)	Local Validation Acc: 0.2697(0.0562)
Client 12	Local Validation Loss: 2.7455(1.5689)	Local Validation Acc: 0.0952(-0.5238)
Client 78	Local Validation Loss: 2.7865(-2.4355)	Local Validation Acc: 0.0203(-0.4932)
Client 69	Local Validation Loss: 2.2744(-0.6403)	Local Validation Acc: 0.1824(-0.0881)
Client 73	Local Validation Loss: 2.3194(-187.8408)	Local Validation Acc: 0.2264(-0.0377)
Client 83	Local Validation Loss: 2.2755(-209.9645)	Local Validation Acc: 0.2120(-0.0109)
Client 59	Local Validation Loss: 3.1836(-101.3918)	Local Validation Acc: 0.0282(-0.2958)
Round 8 use time: 0.56 min, ETA: 1.78 hours
================================================================================
Round 9
Selected 10 client IDs: [88 59 58 22 15 57 69 71 70 10]
Client 88	Dropout Rate: 0.25	Model Size: 0.91 MB	Train Loss: 1.5100	Train Acc: 0.4713	Local Validation  Loss: 1.7001	Local Validation Acc: 0.3657	Global Validation Loss: 3.3450	Global Validation Acc: 0.1954
Client 59	Dropout Rate: 0.75	Model Size: 0.13 MB	Train Loss: 4.3898	Train Acc: 0.1268	Local Validation  Loss: 4.6689	Local Validation Acc: 0.0845	Global Validation Loss: 7.1007	Global Validation Acc: 0.0857
Client 58	Dropout Rate: 0.5	Model Size: 0.43 MB	Train Loss: 21.3709	Train Acc: 0.4280	Local Validation  Loss: 24.6412	Local Validation Acc: 0.3433	Global Validation Loss: 63.3615	Global Validation Acc: 0.1653
Client 22	Dropout Rate: 0.75	Model Size: 0.13 MB	Train Loss: 91.8309	Train Acc: 0.3906	Local Validation  Loss: 76.5073	Local Validation Acc: 0.3875	Global Validation Loss: 242.9239	Global Validation Acc: 0.1518
Client 15	Dropout Rate: 0.9	Model Size: 0.03 MB	Train Loss: 2296.5793	Train Acc: 0.2655	Local Validation  Loss: 1776.2501	Local Validation Acc: 0.3291	Global Validation Loss: 5262.8231	Global Validation Acc: 0.0965
Client 57	Dropout Rate: 0.9	Model Size: 0.03 MB	Train Loss: 412.4790	Train Acc: 0.3308	Local Validation  Loss: 406.5348	Local Validation Acc: 0.2857	Global Validation Loss: 1155.7571	Global Validation Acc: 0.1461
Client 69	Dropout Rate: 0.5	Model Size: 0.43 MB	Train Loss: 1.7617	Train Acc: 0.3149	Local Validation  Loss: 2.1003	Local Validation Acc: 0.2830	Global Validation Loss: 3.1053	Global Validation Acc: 0.1553
Client 71	Dropout Rate: 0.9	Model Size: 0.03 MB	Train Loss: 870.9915	Train Acc: 0.3605	Local Validation  Loss: 1000.2214	Local Validation Acc: 0.3231	Global Validation Loss: 3363.9108	Global Validation Acc: 0.1311
Client 70	Dropout Rate: 0.5	Model Size: 0.43 MB	Train Loss: 24.5369	Train Acc: 0.2162	Local Validation  Loss: 22.8515	Local Validation Acc: 0.1786	Global Validation Loss: 40.7168	Global Validation Acc: 0.1224
Client 10	Dropout Rate: 0.5	Model Size: 0.43 MB	Train Loss: 17.4728	Train Acc: 0.4481	Local Validation  Loss: 27.6315	Local Validation Acc: 0.3396	Global Validation Loss: 77.5505	Global Validation Acc: 0.1786
Aggregated
Global Test Loss: 2.9388	Global Test Acc: 0.1053
Client 88	Local Validation Loss: 2.7417(1.0416)	Local Validation Acc: 0.0971(-0.2686)
Client 59	Local Validation Loss: 3.5656(-1.1032)	Local Validation Acc: 0.0000(-0.0845)
Client 58	Local Validation Loss: 2.3887(-22.2525)	Local Validation Acc: 0.2388(-0.1045)
Client 22	Local Validation Loss: 2.5773(-73.9300)	Local Validation Acc: 0.0250(-0.3625)
Client 15	Local Validation Loss: 3.2650(-1772.9851)	Local Validation Acc: 0.1266(-0.2025)
Client 57	Local Validation Loss: 2.8152(-403.7195)	Local Validation Acc: 0.2653(-0.0204)
Client 69	Local Validation Loss: 2.5726(0.4723)	Local Validation Acc: 0.1006(-0.1824)
Client 71	Local Validation Loss: 3.1151(-997.1063)	Local Validation Acc: 0.0615(-0.2615)
Client 70	Local Validation Loss: 2.7557(-20.0959)	Local Validation Acc: 0.1786(0.0000)
Client 10	Local Validation Loss: 2.9053(-24.7262)	Local Validation Acc: 0.0377(-0.3019)
Round 9 use time: 0.51 min, ETA: 1.62 hours
================================================================================
Round 10
Selected 10 client IDs: [18 66 25 49  2 10 33 53 36 15]
Client 18	Dropout Rate: 0.9	Model Size: 0.03 MB	Train Loss: 684.6424	Train Acc: 0.2711	Local Validation  Loss: 853.5793	Local Validation Acc: 0.2554	Global Validation Loss: 1193.7435	Global Validation Acc: 0.1593
Client 66	Dropout Rate: 0.5	Model Size: 0.43 MB	Train Loss: 1.8005	Train Acc: 0.4017	Local Validation  Loss: 2.0667	Local Validation Acc: 0.4167	Global Validation Loss: 2.7186	Global Validation Acc: 0.1570
Client 25	Dropout Rate: 0.75	Model Size: 0.13 MB	Train Loss: 118.7511	Train Acc: 0.2524	Local Validation  Loss: 164.5620	Local Validation Acc: 0.2617	Global Validation Loss: 361.5555	Global Validation Acc: 0.1553
Client 49	Dropout Rate: 0.75	Model Size: 0.13 MB	Train Loss: 3.1200	Train Acc: 0.2585	Local Validation  Loss: 2.3653	Local Validation Acc: 0.2921	Global Validation Loss: 3.0043	Global Validation Acc: 0.0979
Client 2	Dropout Rate: 0.5	Model Size: 0.43 MB	Train Loss: 14.0193	Train Acc: 0.3493	Local Validation  Loss: 10.8058	Local Validation Acc: 0.4270	Global Validation Loss: 29.9743	Global Validation Acc: 0.1413
Client 10	Dropout Rate: 0.5	Model Size: 0.43 MB	Train Loss: 1.4100	Train Acc: 0.4811	Local Validation  Loss: 1.5058	Local Validation Acc: 0.4906	Global Validation Loss: 3.5633	Global Validation Acc: 0.1720
Client 33	Dropout Rate: 0.9	Model Size: 0.03 MB	Train Loss: 516.1476	Train Acc: 0.3360	Local Validation  Loss: 620.8295	Local Validation Acc: 0.3567	Global Validation Loss: 1128.4841	Global Validation Acc: 0.1446
Client 53	Dropout Rate: 0.9	Model Size: 0.03 MB	Train Loss: 2555.1197	Train Acc: 0.2853	Local Validation  Loss: 2787.1143	Local Validation Acc: 0.3448	Global Validation Loss: 5158.1190	Global Validation Acc: 0.1423
Client 36	Dropout Rate: 0.9	Model Size: 0.03 MB	Train Loss: 219.4593	Train Acc: 0.4904	Local Validation  Loss: 280.1408	Local Validation Acc: 0.4786	Global Validation Loss: 833.5923	Global Validation Acc: 0.1483
Client 15	Dropout Rate: 0.9	Model Size: 0.03 MB	Train Loss: 510.0984	Train Acc: 0.3831	Local Validation  Loss: 406.5753	Local Validation Acc: 0.3544	Global Validation Loss: 1345.0739	Global Validation Acc: 0.1461
Aggregated
Global Test Loss: 3.9640	Global Test Acc: 0.1420
Client 18	Local Validation Loss: 4.6706(-848.9088)	Local Validation Acc: 0.0815(-0.1739)
Client 66	Local Validation Loss: 4.3611(2.2944)	Local Validation Acc: 0.0167(-0.4000)
Client 25	Local Validation Loss: 4.1510(-160.4110)	Local Validation Acc: 0.1121(-0.1495)
Client 49	Local Validation Loss: 3.5383(1.1731)	Local Validation Acc: 0.0337(-0.2584)
Client 2	Local Validation Loss: 5.2543(-5.5515)	Local Validation Acc: 0.0674(-0.3596)
Client 10	Local Validation Loss: 4.1276(2.6218)	Local Validation Acc: 0.1604(-0.3302)
Client 33	Local Validation Loss: 4.5761(-616.2534)	Local Validation Acc: 0.1274(-0.2293)
Client 53	Local Validation Loss: 3.5185(-2783.5957)	Local Validation Acc: 0.1954(-0.1494)
Client 36	Local Validation Loss: 2.6214(-277.5194)	Local Validation Acc: 0.3419(-0.1368)
Client 15	Local Validation Loss: 5.3807(-401.1945)	Local Validation Acc: 0.0443(-0.3101)
Average: 0.1338 | 0.0000 (compared to average)
Drpout Rate 0.1: 0.1541 | 0.0203 (compared to average)
Drpout Rate 0.25: 0.1153 | -0.0185 (compared to average)
Drpout Rate 0.5: 0.1370 | 0.0032 (compared to average)
Drpout Rate 0.75: 0.0905 | -0.0433 (compared to average)
Drpout Rate 0.9: 0.1447 | 0.0109 (compared to average)
Round 10 use time: 0.57 min, ETA: 1.79 hours
================================================================================
Round 11
Selected 10 client IDs: [98 21  1  9 45 90 39 81  2 89]
Client 98	Dropout Rate: 0.9	Model Size: 0.03 MB	Train Loss: 557.9622	Train Acc: 0.3401	Local Validation  Loss: 604.4292	Local Validation Acc: 0.3939	Global Validation Loss: 1353.4780	Global Validation Acc: 0.1691
Client 21	Dropout Rate: 0.9	Model Size: 0.03 MB	Train Loss: 1731.0884	Train Acc: 0.3250	Local Validation  Loss: 2701.6829	Local Validation Acc: 0.1951	Global Validation Loss: 5009.5907	Global Validation Acc: 0.1134
Client 1	Dropout Rate: 0.1	Model Size: 1.28 MB	Train Loss: 1.0527	Train Acc: 0.6250	Local Validation  Loss: 1.1896	Local Validation Acc: 0.5769	Global Validation Loss: 3.8432	Global Validation Acc: 0.1658
Client 9	Dropout Rate: 0.1	Model Size: 1.28 MB	Train Loss: 2.0997	Train Acc: 0.3000	Local Validation  Loss: 2.0896	Local Validation Acc: 0.3605	Global Validation Loss: 2.4067	Global Validation Acc: 0.1998
Client 45	Dropout Rate: 0.5	Model Size: 0.43 MB	Train Loss: 2.3796	Train Acc: 0.4366	Local Validation  Loss: 2.1958	Local Validation Acc: 0.4306	Global Validation Loss: 2.9604	Global Validation Acc: 0.1073
Client 90	Dropout Rate: 0.25	Model Size: 0.91 MB	Train Loss: 1.8906	Train Acc: 0.3529	Local Validation  Loss: 1.9854	Local Validation Acc: 0.2449	Global Validation Loss: 2.4741	Global Validation Acc: 0.1751
Client 39	Dropout Rate: 0.9	Model Size: 0.03 MB	Train Loss: 1103.3636	Train Acc: 0.0817	Local Validation  Loss: 852.9695	Local Validation Acc: 0.0566	Global Validation Loss: 1198.8737	Global Validation Acc: 0.0959
Client 81	Dropout Rate: 0.5	Model Size: 0.43 MB	Train Loss: 16.2904	Train Acc: 0.5368	Local Validation  Loss: 22.6506	Local Validation Acc: 0.4583	Global Validation Loss: 62.6228	Global Validation Acc: 0.1725
Client 2	Dropout Rate: 0.5	Model Size: 0.43 MB	Train Loss: 1.6407	Train Acc: 0.4901	Local Validation  Loss: 1.7697	Local Validation Acc: 0.4719	Global Validation Loss: 3.0252	Global Validation Acc: 0.1671
Client 89	Dropout Rate: 0.1	Model Size: 1.28 MB	Train Loss: 1.8401	Train Acc: 0.3308	Local Validation  Loss: 2.2098	Local Validation Acc: 0.1642	Global Validation Loss: 2.3900	Global Validation Acc: 0.1592
Aggregated
Global Test Loss: 2.2528	Global Test Acc: 0.1456
Client 98	Local Validation Loss: 2.2741(-602.1551)	Local Validation Acc: 0.1313(-0.2626)
Client 21	Local Validation Loss: 2.2914(-2699.3915)	Local Validation Acc: 0.0244(-0.1707)
Client 1	Local Validation Loss: 2.1931(1.0035)	Local Validation Acc: 0.4615(-0.1154)
Client 9	Local Validation Loss: 2.2131(0.1235)	Local Validation Acc: 0.2674(-0.0930)
Client 45	Local Validation Loss: 2.2582(0.0624)	Local Validation Acc: 0.0694(-0.3611)
Client 90	Local Validation Loss: 2.2352(0.2498)	Local Validation Acc: 0.2857(0.0408)
Client 39	Local Validation Loss: 2.2182(-850.7513)	Local Validation Acc: 0.1132(0.0566)
Client 81	Local Validation Loss: 2.2457(-20.4049)	Local Validation Acc: 0.1389(-0.3194)
Client 2	Local Validation Loss: 2.3354(0.5657)	Local Validation Acc: 0.1461(-0.3258)
Client 89	Local Validation Loss: 2.2634(0.0536)	Local Validation Acc: 0.1194(-0.0448)
Round 11 use time: 0.63 min, ETA: 1.97 hours
================================================================================
Round 12
Selected 10 client IDs: [60 52 32 29 22 21 71 17 50 48]
Client 60	Dropout Rate: 0.9	Model Size: 0.03 MB	Train Loss: 1206.1539	Train Acc: 0.2392	Local Validation  Loss: 1171.6246	Local Validation Acc: 0.3085	Global Validation Loss: 2586.0552	Global Validation Acc: 0.0968
Client 52	Dropout Rate: 0.5	Model Size: 0.43 MB	Train Loss: 30.5587	Train Acc: 0.4061	Local Validation  Loss: 32.3740	Local Validation Acc: 0.3000	Global Validation Loss: 62.6296	Global Validation Acc: 0.1676
Client 32	Dropout Rate: 0.9	Model Size: 0.03 MB	Train Loss: 336.7393	Train Acc: 0.2384	Local Validation  Loss: 392.4872	Local Validation Acc: 0.1630	Global Validation Loss: 492.4468	Global Validation Acc: 0.1337
Client 29	Dropout Rate: 0.9	Model Size: 0.03 MB	Train Loss: 200.0741	Train Acc: 0.2560	Local Validation  Loss: 274.5182	Local Validation Acc: 0.2806	Global Validation Loss: 584.4662	Global Validation Acc: 0.1403
Client 22	Dropout Rate: 0.75	Model Size: 0.13 MB	Train Loss: 16.7139	Train Acc: 0.4094	Local Validation  Loss: 16.0875	Local Validation Acc: 0.3625	Global Validation Loss: 55.3705	Global Validation Acc: 0.1751
Client 21	Dropout Rate: 0.9	Model Size: 0.03 MB	Train Loss: 1122.5411	Train Acc: 0.3063	Local Validation  Loss: 1241.8221	Local Validation Acc: 0.2927	Global Validation Loss: 3003.0235	Global Validation Acc: 0.1212
Client 71	Dropout Rate: 0.9	Model Size: 0.03 MB	Train Loss: 23.9562	Train Acc: 0.0620	Local Validation  Loss: 30.5392	Local Validation Acc: 0.0308	Global Validation Loss: 39.0042	Global Validation Acc: 0.1230
Client 17	Dropout Rate: 0.9	Model Size: 0.03 MB	Train Loss: 3278.5269	Train Acc: 0.2857	Local Validation  Loss: 3416.2427	Local Validation Acc: 0.2500	Global Validation Loss: 6179.3810	Global Validation Acc: 0.1056
Client 50	Dropout Rate: 0.75	Model Size: 0.13 MB	Train Loss: 70.1128	Train Acc: 0.2896	Local Validation  Loss: 76.9776	Local Validation Acc: 0.2554	Global Validation Loss: 105.9645	Global Validation Acc: 0.1950
Client 48	Dropout Rate: 0.9	Model Size: 0.03 MB	Train Loss: 156.2279	Train Acc: 0.4489	Local Validation  Loss: 166.7233	Local Validation Acc: 0.4014	Global Validation Loss: 449.1647	Global Validation Acc: 0.1400
Aggregated
Global Test Loss: 2.2471	Global Test Acc: 0.1551
Client 60	Local Validation Loss: 2.2813(-1169.3433)	Local Validation Acc: 0.1277(-0.1809)
Client 52	Local Validation Loss: 2.2607(-30.1134)	Local Validation Acc: 0.1600(-0.1400)
Client 32	Local Validation Loss: 2.1369(-390.3503)	Local Validation Acc: 0.1522(-0.0109)
Client 29	Local Validation Loss: 2.1443(-272.3739)	Local Validation Acc: 0.2688(-0.0119)
Client 22	Local Validation Loss: 2.3435(-13.7440)	Local Validation Acc: 0.0500(-0.3125)
Client 21	Local Validation Loss: 2.2920(-1239.5301)	Local Validation Acc: 0.0732(-0.2195)
Client 71	Local Validation Loss: 2.1494(-28.3898)	Local Validation Acc: 0.1385(0.1077)
Client 17	Local Validation Loss: 2.2006(-3414.0420)	Local Validation Acc: 0.0357(-0.2143)
Client 50	Local Validation Loss: 2.1350(-74.8426)	Local Validation Acc: 0.2011(-0.0543)
Client 48	Local Validation Loss: 2.1320(-164.5913)	Local Validation Acc: 0.3028(-0.0986)
Round 12 use time: 0.38 min, ETA: 1.19 hours
================================================================================
Round 13
Selected 10 client IDs: [89 67  0 81  3 36 20 17 33  8]
Client 89	Dropout Rate: 0.1	Model Size: 1.28 MB	Train Loss: 1.6248	Train Acc: 0.3947	Local Validation  Loss: 1.9488	Local Validation Acc: 0.2836	Global Validation Loss: 2.6715	Global Validation Acc: 0.1541
Client 67	Dropout Rate: 0.1	Model Size: 1.28 MB	Train Loss: 1.1885	Train Acc: 0.5905	Local Validation  Loss: 1.9005	Local Validation Acc: 0.4556	Global Validation Loss: 3.1396	Global Validation Acc: 0.2020
Client 0	Dropout Rate: 0.9	Model Size: 0.03 MB	Train Loss: 360.6165	Train Acc: 0.1885	Local Validation  Loss: 435.9400	Local Validation Acc: 0.1560	Global Validation Loss: 558.7088	Global Validation Acc: 0.1119
Client 81	Dropout Rate: 0.5	Model Size: 0.43 MB	Train Loss: 2.6570	Train Acc: 0.5158	Local Validation  Loss: 2.8262	Local Validation Acc: 0.5417	Global Validation Loss: 9.8881	Global Validation Acc: 0.1601
Client 3	Dropout Rate: 0.5	Model Size: 0.43 MB	Train Loss: 1.3977	Train Acc: 0.5279	Local Validation  Loss: 1.7029	Local Validation Acc: 0.5033	Global Validation Loss: 3.5583	Global Validation Acc: 0.1638
Client 36	Dropout Rate: 0.9	Model Size: 0.03 MB	Train Loss: 279.9621	Train Acc: 0.4454	Local Validation  Loss: 278.9079	Local Validation Acc: 0.4786	Global Validation Loss: 956.9879	Global Validation Acc: 0.1267
Client 20	Dropout Rate: 0.9	Model Size: 0.03 MB	Train Loss: 466.2602	Train Acc: 0.4570	Local Validation  Loss: 569.7727	Local Validation Acc: 0.4595	Global Validation Loss: 1152.8194	Global Validation Acc: 0.1362
Client 17	Dropout Rate: 0.9	Model Size: 0.03 MB	Train Loss: 2848.3220	Train Acc: 0.1071	Local Validation  Loss: 2348.0762	Local Validation Acc: 0.1071	Global Validation Loss: 3326.3480	Global Validation Acc: 0.1031
Client 33	Dropout Rate: 0.9	Model Size: 0.03 MB	Train Loss: 341.3897	Train Acc: 0.2580	Local Validation  Loss: 327.2132	Local Validation Acc: 0.2293	Global Validation Loss: 504.2242	Global Validation Acc: 0.1258
Client 8	Dropout Rate: 0.75	Model Size: 0.13 MB	Train Loss: 30.1903	Train Acc: 0.4391	Local Validation  Loss: 37.2970	Local Validation Acc: 0.4000	Global Validation Loss: 157.8704	Global Validation Acc: 0.1937
Aggregated
Global Test Loss: 2.2906	Global Test Acc: 0.1600
Client 89	Local Validation Loss: 2.1200(0.1711)	Local Validation Acc: 0.2388(-0.0448)
Client 67	Local Validation Loss: 2.1793(0.2788)	Local Validation Acc: 0.1006(-0.3550)
Client 0	Local Validation Loss: 2.3654(-433.5746)	Local Validation Acc: 0.1468(-0.0092)
Client 81	Local Validation Loss: 2.1281(-0.6980)	Local Validation Acc: 0.2500(-0.2917)
Client 3	Local Validation Loss: 2.1862(0.4833)	Local Validation Acc: 0.2680(-0.2353)
Client 36	Local Validation Loss: 2.3493(-276.5586)	Local Validation Acc: 0.0940(-0.3846)
Client 20	Local Validation Loss: 2.4847(-567.2880)	Local Validation Acc: 0.0811(-0.3784)
Client 17	Local Validation Loss: 2.1312(-2345.9450)	Local Validation Acc: 0.2857(0.1786)
Client 33	Local Validation Loss: 2.5545(-324.6587)	Local Validation Acc: 0.0955(-0.1338)
Client 8	Local Validation Loss: 2.2288(-35.0682)	Local Validation Acc: 0.1083(-0.2917)
Round 13 use time: 0.53 min, ETA: 1.64 hours
================================================================================
Round 14
Selected 10 client IDs: [ 7 10 95 98 63 92  6 35 48 80]
Client 7	Dropout Rate: 0.25	Model Size: 0.91 MB	Train Loss: 6.2512	Train Acc: 0.3710	Local Validation  Loss: 6.6178	Local Validation Acc: 0.3438	Global Validation Loss: 17.7221	Global Validation Acc: 0.1461
Client 10	Dropout Rate: 0.5	Model Size: 0.43 MB	Train Loss: 3.6419	Train Acc: 0.4316	Local Validation  Loss: 7.7789	Local Validation Acc: 0.3302	Global Validation Loss: 13.6876	Global Validation Acc: 0.1819
Client 95	Dropout Rate: 0.75	Model Size: 0.13 MB	Train Loss: 319.3845	Train Acc: 0.7898	Local Validation  Loss: 620.8014	Local Validation Acc: 0.6429	Global Validation Loss: 1972.7673	Global Validation Acc: 0.0958
Client 98	Dropout Rate: 0.9	Model Size: 0.03 MB	Train Loss: 461.6740	Train Acc: 0.3299	Local Validation  Loss: 525.6161	Local Validation Acc: 0.3131	Global Validation Loss: 834.8001	Global Validation Acc: 0.1761
Client 63	Dropout Rate: 0.9	Model Size: 0.03 MB	Train Loss: 978.8502	Train Acc: 0.2893	Local Validation  Loss: 1047.7587	Local Validation Acc: 0.3736	Global Validation Loss: 2208.3659	Global Validation Acc: 0.1441
Client 92	Dropout Rate: 0.9	Model Size: 0.03 MB	Train Loss: 526.9011	Train Acc: 0.2996	Local Validation  Loss: 529.5789	Local Validation Acc: 0.3143	Global Validation Loss: 731.1727	Global Validation Acc: 0.1290
Client 6	Dropout Rate: 0.9	Model Size: 0.03 MB	Train Loss: 196.5802	Train Acc: 0.1000	Local Validation  Loss: 148.0331	Local Validation Acc: 0.1207	Global Validation Loss: 180.9639	Global Validation Acc: 0.0988
Client 35	Dropout Rate: 0.9	Model Size: 0.03 MB	Train Loss: 622.2891	Train Acc: 0.5249	Local Validation  Loss: 741.6512	Local Validation Acc: 0.5000	Global Validation Loss: 1507.6295	Global Validation Acc: 0.1581
Client 48	Dropout Rate: 0.9	Model Size: 0.03 MB	Train Loss: 465.4176	Train Acc: 0.4032	Local Validation  Loss: 404.7218	Local Validation Acc: 0.4296	Global Validation Loss: 1651.3584	Global Validation Acc: 0.1295
Client 80	Dropout Rate: 0.9	Model Size: 0.03 MB	Train Loss: 3754.8320	Train Acc: 0.0551	Local Validation  Loss: 3417.6626	Local Validation Acc: 0.0508	Global Validation Loss: 4048.5410	Global Validation Acc: 0.0640
Aggregated
Global Test Loss: 2.2710	Global Test Acc: 0.1441
Client 7	Local Validation Loss: 2.2223(-4.3955)	Local Validation Acc: 0.2188(-0.1250)
Client 10	Local Validation Loss: 2.3707(-5.4082)	Local Validation Acc: 0.0566(-0.2736)
Client 95	Local Validation Loss: 2.3668(-618.4346)	Local Validation Acc: 0.0238(-0.6190)
Client 98	Local Validation Loss: 2.3311(-523.2850)	Local Validation Acc: 0.0909(-0.2222)
Client 63	Local Validation Loss: 2.2787(-1045.4799)	Local Validation Acc: 0.1209(-0.2527)
Client 92	Local Validation Loss: 2.2568(-527.3221)	Local Validation Acc: 0.0714(-0.2429)
Client 6	Local Validation Loss: 2.3108(-145.7223)	Local Validation Acc: 0.1552(0.0345)
Client 35	Local Validation Loss: 2.2970(-739.3542)	Local Validation Acc: 0.0233(-0.4767)
Client 48	Local Validation Loss: 2.2422(-402.4797)	Local Validation Acc: 0.1761(-0.2535)
Client 80	Local Validation Loss: 2.2672(-3415.3954)	Local Validation Acc: 0.1864(0.1356)
Round 14 use time: 0.42 min, ETA: 1.29 hours
================================================================================
Round 15
Selected 10 client IDs: [87 12 42 99 26 69 52 11 72  8]
Client 87	Dropout Rate: 0.9	Model Size: 0.03 MB	Train Loss: 613.9317	Train Acc: 0.3583	Local Validation  Loss: 613.8766	Local Validation Acc: 0.4219	Global Validation Loss: 1205.6565	Global Validation Acc: 0.0918
Client 12	Dropout Rate: 0.1	Model Size: 1.28 MB	Train Loss: 1.5486	Train Acc: 0.5181	Local Validation  Loss: 1.5509	Local Validation Acc: 0.5238	Global Validation Loss: 3.2316	Global Validation Acc: 0.1218
Client 42	Dropout Rate: 0.5	Model Size: 0.43 MB	Train Loss: 10.0281	Train Acc: 0.3941	Local Validation  Loss: 14.9634	Local Validation Acc: 0.3506	Global Validation Loss: 23.0815	Global Validation Acc: 0.1656
Client 99	Dropout Rate: 0.9	Model Size: 0.03 MB	Train Loss: 942.2554	Train Acc: 0.2701	Local Validation  Loss: 1054.5786	Local Validation Acc: 0.2398	Global Validation Loss: 1519.6122	Global Validation Acc: 0.1428
Client 26	Dropout Rate: 0.25	Model Size: 0.91 MB	Train Loss: 1.8499	Train Acc: 0.3725	Local Validation  Loss: 1.8867	Local Validation Acc: 0.3100	Global Validation Loss: 2.7638	Global Validation Acc: 0.1203
Client 69	Dropout Rate: 0.5	Model Size: 0.43 MB	Train Loss: 33.5786	Train Acc: 0.2991	Local Validation  Loss: 36.2145	Local Validation Acc: 0.2642	Global Validation Loss: 62.5231	Global Validation Acc: 0.1623
Client 52	Dropout Rate: 0.5	Model Size: 0.43 MB	Train Loss: 2.7088	Train Acc: 0.3147	Local Validation  Loss: 2.9252	Local Validation Acc: 0.2400	Global Validation Loss: 5.8194	Global Validation Acc: 0.1325
Client 11	Dropout Rate: 0.9	Model Size: 0.03 MB	Train Loss: 882.3302	Train Acc: 0.2117	Local Validation  Loss: 959.4409	Local Validation Acc: 0.2073	Global Validation Loss: 1524.0267	Global Validation Acc: 0.1364
Client 72	Dropout Rate: 0.9	Model Size: 0.03 MB	Train Loss: 103.5099	Train Acc: 0.2434	Local Validation  Loss: 106.8977	Local Validation Acc: 0.2983	Global Validation Loss: 211.5231	Global Validation Acc: 0.1379
Client 8	Dropout Rate: 0.75	Model Size: 0.13 MB	Train Loss: 123.3772	Train Acc: 0.2836	Local Validation  Loss: 182.0542	Local Validation Acc: 0.2083	Global Validation Loss: 298.8132	Global Validation Acc: 0.1301
Aggregated
Global Test Loss: 2.3025	Global Test Acc: 0.1262
Client 87	Local Validation Loss: 2.3880(-611.4886)	Local Validation Acc: 0.0938(-0.3281)
Client 12	Local Validation Loss: 2.4123(0.8614)	Local Validation Acc: 0.0317(-0.4921)
Client 42	Local Validation Loss: 2.1823(-12.7811)	Local Validation Acc: 0.2338(-0.1169)
Client 99	Local Validation Loss: 2.4033(-1052.1753)	Local Validation Acc: 0.0407(-0.1991)
Client 26	Local Validation Loss: 2.2437(0.3570)	Local Validation Acc: 0.2000(-0.1100)
Client 69	Local Validation Loss: 2.2132(-34.0013)	Local Validation Acc: 0.1761(-0.0881)
Client 52	Local Validation Loss: 2.3770(-0.5482)	Local Validation Acc: 0.0600(-0.1800)
Client 11	Local Validation Loss: 2.1810(-957.2599)	Local Validation Acc: 0.3293(0.1220)
Client 72	Local Validation Loss: 2.3203(-104.5773)	Local Validation Acc: 0.0829(-0.2155)
Client 8	Local Validation Loss: 2.2410(-179.8132)	Local Validation Acc: 0.1083(-0.1000)
Round 15 use time: 0.55 min, ETA: 1.69 hours
================================================================================
Round 16
Selected 10 client IDs: [68 29 77 46 80 20  0 50 43 61]
Client 68	Dropout Rate: 0.75	Model Size: 0.13 MB	Train Loss: 41.0406	Train Acc: 0.6031	Local Validation  Loss: 55.7891	Local Validation Acc: 0.5102	Global Validation Loss: 212.4598	Global Validation Acc: 0.1238
Client 29	Dropout Rate: 0.9	Model Size: 0.03 MB	Train Loss: 255.8741	Train Acc: 0.3323	Local Validation  Loss: 267.3512	Local Validation Acc: 0.3992	Global Validation Loss: 799.6373	Global Validation Acc: 0.1789
Client 77	Dropout Rate: 0.75	Model Size: 0.13 MB	Train Loss: 124.6864	Train Acc: 0.4327	Local Validation  Loss: 89.2578	Local Validation Acc: 0.5000	Global Validation Loss: 489.2153	Global Validation Acc: 0.1553
Client 46	Dropout Rate: 0.25	Model Size: 0.91 MB	Train Loss: 1.8512	Train Acc: 0.4172	Local Validation  Loss: 2.3008	Local Validation Acc: 0.3151	Global Validation Loss: 2.9359	Global Validation Acc: 0.1443
Client 80	Dropout Rate: 0.9	Model Size: 0.03 MB	Train Loss: 7965.0977	Train Acc: 0.2331	Local Validation  Loss: 8780.2422	Local Validation Acc: 0.2542	Global Validation Loss: 9033.3082	Global Validation Acc: 0.1089
Client 20	Dropout Rate: 0.9	Model Size: 0.03 MB	Train Loss: 1567.6821	Train Acc: 0.4593	Local Validation  Loss: 1950.9357	Local Validation Acc: 0.5225	Global Validation Loss: 5468.2168	Global Validation Acc: 0.1331
Client 0	Dropout Rate: 0.9	Model Size: 0.03 MB	Train Loss: 442.7622	Train Acc: 0.2276	Local Validation  Loss: 490.1514	Local Validation Acc: 0.2294	Global Validation Loss: 1223.0844	Global Validation Acc: 0.1091
Client 50	Dropout Rate: 0.75	Model Size: 0.13 MB	Train Loss: 3.5393	Train Acc: 0.1489	Local Validation  Loss: 5.0131	Local Validation Acc: 0.1413	Global Validation Loss: 4.7929	Global Validation Acc: 0.1228
Client 43	Dropout Rate: 0.5	Model Size: 0.43 MB	Train Loss: 18.2374	Train Acc: 0.3634	Local Validation  Loss: 26.1934	Local Validation Acc: 0.2759	Global Validation Loss: 42.0170	Global Validation Acc: 0.1574
Client 61	Dropout Rate: 0.9	Model Size: 0.03 MB	Train Loss: 632.3664	Train Acc: 0.5399	Local Validation  Loss: 768.0036	Local Validation Acc: 0.5143	Global Validation Loss: 2678.7497	Global Validation Acc: 0.1345
Aggregated
Global Test Loss: 2.4060	Global Test Acc: 0.0986
Client 68	Local Validation Loss: 2.5735(-53.2156)	Local Validation Acc: 0.0612(-0.4490)
Client 29	Local Validation Loss: 2.4958(-264.8554)	Local Validation Acc: 0.1225(-0.2767)
Client 77	Local Validation Loss: 2.3640(-86.8938)	Local Validation Acc: 0.2564(-0.2436)
Client 46	Local Validation Loss: 2.2662(-0.0346)	Local Validation Acc: 0.0274(-0.2877)
Client 80	Local Validation Loss: 2.2157(-8778.0264)	Local Validation Acc: 0.0000(-0.2542)
Client 20	Local Validation Loss: 2.7027(-1948.2330)	Local Validation Acc: 0.0000(-0.5225)
Client 0	Local Validation Loss: 2.2715(-487.8799)	Local Validation Acc: 0.0000(-0.2294)
Client 50	Local Validation Loss: 2.5766(-2.4365)	Local Validation Acc: 0.0326(-0.1087)
Client 43	Local Validation Loss: 2.3085(-23.8849)	Local Validation Acc: 0.0920(-0.1839)
Client 61	Local Validation Loss: 2.4981(-765.5055)	Local Validation Acc: 0.0429(-0.4714)
Round 16 use time: 0.46 min, ETA: 1.40 hours
================================================================================
Round 17
Selected 10 client IDs: [ 8 87 12 39 94 66 83 98 72 65]
