Random seed: 42
Method: rdbagging
Strategy: p-based-frequent
Use control variates: True
Model type: cnn
Dataset: cifar10
Data distribution: non-iid
Alpha: 0.5
Aggregation method: sparse
Number of clients: 100
Select ratio: 0.1
Local train ratio: 0.8
Number of rounds: 200
Number of local epochs: 10
Batch size: 128
Learning rate: 0.001
Results save directory: None
Results will not be saved.
[Model Architecture]
CNN(
  (layer1): Sequential(
    (0): Conv2d(3, 64, kernel_size=(3, 3), stride=(1, 1), padding=(1, 1))
    (1): ReLU()
    (2): MaxPool2d(kernel_size=2, stride=2, padding=0, dilation=1, ceil_mode=False)
  )
  (layer2): Sequential(
    (0): Conv2d(64, 128, kernel_size=(3, 3), stride=(1, 1), padding=(1, 1))
    (1): ReLU()
    (2): MaxPool2d(kernel_size=2, stride=2, padding=0, dilation=1, ceil_mode=False)
  )
  (layer3): Sequential(
    (0): Conv2d(128, 256, kernel_size=(3, 3), stride=(1, 1), padding=(1, 1))
    (1): ReLU()
    (2): MaxPool2d(kernel_size=2, stride=2, padding=0, dilation=1, ceil_mode=False)
  )
  (fc): Linear(in_features=4096, out_features=10, bias=True)
)
Global Model size: 1.57 MB
Client dropout rates: [0.9, 0.1, 0.5, 0.5, 0.9, 0.9, 0.9, 0.25, 0.75, 0.1, 0.5, 0.9, 0.1, 0.5, 0.9, 0.9, 0.5, 0.9, 0.9, 0.1, 0.9, 0.9, 0.75, 0.5, 0.9, 0.75, 0.25, 0.25, 0.9, 0.9, 0.9, 0.9, 0.9, 0.9, 0.75, 0.9, 0.9, 0.9, 0.9, 0.9, 0.9, 0.1, 0.5, 0.5, 0.25, 0.5, 0.25, 0.5, 0.9, 0.75, 0.75, 0.5, 0.5, 0.9, 0.9, 0.9, 0.5, 0.9, 0.5, 0.75, 0.9, 0.9, 0.9, 0.9, 0.9, 0.9, 0.5, 0.1, 0.75, 0.5, 0.5, 0.9, 0.9, 0.75, 0.9, 0.75, 0.9, 0.75, 0.5, 0.5, 0.9, 0.5, 0.9, 0.9, 0.75, 0.5, 0.9, 0.9, 0.25, 0.1, 0.25, 0.9, 0.9, 0.75, 0.25, 0.75, 0.9, 0.9, 0.9, 0.9]
Client dropout rate count: {0.9: 50, 0.1: 7, 0.5: 21, 0.25: 8, 0.75: 14}
Round 1
Selected 10 client IDs: [31 28 21 72 47 75  4  8 97 44]
Client 31	Dropout Rate: 0.9	Model Size: 0.03 MB	Train Loss: 0.3147	Train Acc: 0.8964	Local Validation  Loss: 0.6770	Local Validation Acc: 0.8365	Global Validation Loss: 6.9000	Global Validation Acc: 0.1743
Client 28	Dropout Rate: 0.9	Model Size: 0.03 MB	Train Loss: 0.9246	Train Acc: 0.6082	Local Validation  Loss: 1.2776	Local Validation Acc: 0.6020	Global Validation Loss: 3.5189	Global Validation Acc: 0.2154
Client 21	Dropout Rate: 0.9	Model Size: 0.03 MB	Train Loss: 1.0655	Train Acc: 0.6375	Local Validation  Loss: 2.0577	Local Validation Acc: 0.5122	Global Validation Loss: 4.3454	Global Validation Acc: 0.1879
Client 72	Dropout Rate: 0.9	Model Size: 0.03 MB	Train Loss: 0.7022	Train Acc: 0.7566	Local Validation  Loss: 1.4919	Local Validation Acc: 0.5193	Global Validation Loss: 4.1540	Global Validation Acc: 0.2541
Client 47	Dropout Rate: 0.5	Model Size: 0.43 MB	Train Loss: 0.6879	Train Acc: 0.7592	Local Validation  Loss: 1.4933	Local Validation Acc: 0.6985	Global Validation Loss: 4.3310	Global Validation Acc: 0.2792
Client 75	Dropout Rate: 0.75	Model Size: 0.13 MB	Train Loss: 1.1762	Train Acc: 0.5992	Local Validation  Loss: 1.4257	Local Validation Acc: 0.5167	Global Validation Loss: 3.9935	Global Validation Acc: 0.2307
Client 4	Dropout Rate: 0.9	Model Size: 0.03 MB	Train Loss: 1.3618	Train Acc: 0.5672	Local Validation  Loss: 2.2760	Local Validation Acc: 0.4296	Global Validation Loss: 2.5310	Global Validation Acc: 0.2322
Client 8	Dropout Rate: 0.75	Model Size: 0.13 MB	Train Loss: 0.8214	Train Acc: 0.7164	Local Validation  Loss: 1.5261	Local Validation Acc: 0.5333	Global Validation Loss: 7.1297	Global Validation Acc: 0.2481
Client 97	Dropout Rate: 0.9	Model Size: 0.03 MB	Train Loss: 1.3446	Train Acc: 0.5055	Local Validation  Loss: 1.7966	Local Validation Acc: 0.3772	Global Validation Loss: 3.5874	Global Validation Acc: 0.1335
Client 44	Dropout Rate: 0.25	Model Size: 0.91 MB	Train Loss: 0.5732	Train Acc: 0.7845	Local Validation  Loss: 1.1635	Local Validation Acc: 0.7383	Global Validation Loss: 4.6182	Global Validation Acc: 0.1871
Aggregated
Global Test Loss: 2.2186	Global Test Acc: 0.1956
Client 31	Local Validation Loss: 2.0115(1.3345)	Local Validation Acc: 0.3173(-0.5192)
Client 28	Local Validation Loss: 2.3763(1.0987)	Local Validation Acc: 0.0918(-0.5102)
Client 21	Local Validation Loss: 1.9201(-0.1377)	Local Validation Acc: 0.3902(-0.1220)
Client 72	Local Validation Loss: 2.0458(0.5539)	Local Validation Acc: 0.3425(-0.1768)
Client 47	Local Validation Loss: 2.1027(0.6094)	Local Validation Acc: 0.2279(-0.4706)
Client 75	Local Validation Loss: 2.0903(0.6645)	Local Validation Acc: 0.2333(-0.2833)
Client 4	Local Validation Loss: 2.4684(0.1924)	Local Validation Acc: 0.1185(-0.3111)
Client 8	Local Validation Loss: 1.9816(0.4555)	Local Validation Acc: 0.3083(-0.2250)
Client 97	Local Validation Loss: 2.0527(0.2561)	Local Validation Acc: 0.2368(-0.1404)
Client 44	Local Validation Loss: 2.0583(0.8948)	Local Validation Acc: 0.1776(-0.5607)
Round 1 use time: 0.41 min, ETA: 1.35 hours
================================================================================
Round 2
Selected 10 client IDs: [47 76 58 72 32 80 86 79 95 24]
Client 47	Dropout Rate: 0.5	Model Size: 0.43 MB	Train Loss: 1.9892	Train Acc: 0.5919	Local Validation  Loss: 4.7498	Local Validation Acc: 0.5662	Global Validation Loss: 6.8732	Global Validation Acc: 0.2385
Client 76	Dropout Rate: 0.9	Model Size: 0.03 MB	Train Loss: 1.4547	Train Acc: 0.5266	Local Validation  Loss: 2.2322	Local Validation Acc: 0.4000	Global Validation Loss: 3.7288	Global Validation Acc: 0.2280
Client 58	Dropout Rate: 0.5	Model Size: 0.43 MB	Train Loss: 1.3302	Train Acc: 0.5341	Local Validation  Loss: 1.9338	Local Validation Acc: 0.4478	Global Validation Loss: 4.0792	Global Validation Acc: 0.2556
Client 72	Dropout Rate: 0.9	Model Size: 0.03 MB	Train Loss: 1.5248	Train Acc: 0.5491	Local Validation  Loss: 1.9040	Local Validation Acc: 0.4751	Global Validation Loss: 5.3985	Global Validation Acc: 0.2102
Client 32	Dropout Rate: 0.9	Model Size: 0.03 MB	Train Loss: 1.2950	Train Acc: 0.5836	Local Validation  Loss: 1.7822	Local Validation Acc: 0.5217	Global Validation Loss: 5.1621	Global Validation Acc: 0.2449
Client 80	Dropout Rate: 0.9	Model Size: 0.03 MB	Train Loss: 1.7556	Train Acc: 0.4788	Local Validation  Loss: 2.1126	Local Validation Acc: 0.4915	Global Validation Loss: 4.1040	Global Validation Acc: 0.2061
Client 86	Dropout Rate: 0.9	Model Size: 0.03 MB	Train Loss: 1.4292	Train Acc: 0.5449	Local Validation  Loss: 2.0706	Local Validation Acc: 0.3810	Global Validation Loss: 3.2815	Global Validation Acc: 0.1668
Client 79	Dropout Rate: 0.5	Model Size: 0.43 MB	Train Loss: 2.1740	Train Acc: 0.4990	Local Validation  Loss: 2.8845	Local Validation Acc: 0.4206	Global Validation Loss: 5.1060	Global Validation Acc: 0.3154
Client 95	Dropout Rate: 0.75	Model Size: 0.13 MB	Train Loss: 0.4295	Train Acc: 0.8829	Local Validation  Loss: 1.7577	Local Validation Acc: 0.6786	Global Validation Loss: 7.4564	Global Validation Acc: 0.1967
Client 24	Dropout Rate: 0.9	Model Size: 0.03 MB	Train Loss: 1.9017	Train Acc: 0.5106	Local Validation  Loss: 2.6698	Local Validation Acc: 0.3564	Global Validation Loss: 4.3039	Global Validation Acc: 0.2260
Aggregated
Global Test Loss: 5.7504	Global Test Acc: 0.1995
Client 47	Local Validation Loss: 4.2305(-0.5193)	Local Validation Acc: 0.4265(-0.1397)
Client 76	Local Validation Loss: 4.5219(2.2897)	Local Validation Acc: 0.2235(-0.1765)
Client 58	Local Validation Loss: 9.0223(7.0885)	Local Validation Acc: 0.0149(-0.4328)
Client 72	Local Validation Loss: 4.0452(2.1412)	Local Validation Acc: 0.2983(-0.1768)
Client 32	Local Validation Loss: 6.4750(4.6928)	Local Validation Acc: 0.1196(-0.4022)
Client 80	Local Validation Loss: 9.2695(7.1569)	Local Validation Acc: 0.0169(-0.4746)
Client 86	Local Validation Loss: 5.9430(3.8723)	Local Validation Acc: 0.0952(-0.2857)
Client 79	Local Validation Loss: 4.8145(1.9300)	Local Validation Acc: 0.3016(-0.1190)
Client 95	Local Validation Loss: 7.8116(6.0539)	Local Validation Acc: 0.0833(-0.5952)
Client 24	Local Validation Loss: 4.5449(1.8751)	Local Validation Acc: 0.1968(-0.1596)
Round 2 use time: 0.42 min, ETA: 1.39 hours
================================================================================
Round 3
Selected 10 client IDs: [23 97 82 56 41 35 44 94 88 22]
Client 23	Dropout Rate: 0.5	Model Size: 0.43 MB	Train Loss: 1.6029	Train Acc: 0.5983	Local Validation  Loss: 2.2649	Local Validation Acc: 0.5424	Global Validation Loss: 4.5240	Global Validation Acc: 0.1765
Client 97	Dropout Rate: 0.9	Model Size: 0.03 MB	Train Loss: 9.1740	Train Acc: 0.3091	Local Validation  Loss: 10.3927	Local Validation Acc: 0.2719	Global Validation Loss: 26.0521	Global Validation Acc: 0.1347
Client 82	Dropout Rate: 0.9	Model Size: 0.03 MB	Train Loss: 9.1062	Train Acc: 0.3279	Local Validation  Loss: 14.1493	Local Validation Acc: 0.3548	Global Validation Loss: 21.3926	Global Validation Acc: 0.1471
Client 56	Dropout Rate: 0.5	Model Size: 0.43 MB	Train Loss: 1.7814	Train Acc: 0.6048	Local Validation  Loss: 2.3598	Local Validation Acc: 0.5684	Global Validation Loss: 10.5912	Global Validation Acc: 0.2683
Client 41	Dropout Rate: 0.1	Model Size: 1.28 MB	Train Loss: 1.1678	Train Acc: 0.5424	Local Validation  Loss: 1.5435	Local Validation Acc: 0.4458	Global Validation Loss: 3.0122	Global Validation Acc: 0.3380
Client 35	Dropout Rate: 0.9	Model Size: 0.03 MB	Train Loss: 16.9530	Train Acc: 0.5396	Local Validation  Loss: 18.5824	Local Validation Acc: 0.4767	Global Validation Loss: 55.2123	Global Validation Acc: 0.1896
Client 44	Dropout Rate: 0.25	Model Size: 0.91 MB	Train Loss: 0.5590	Train Acc: 0.8384	Local Validation  Loss: 1.0027	Local Validation Acc: 0.7196	Global Validation Loss: 3.2553	Global Validation Acc: 0.2477
Client 94	Dropout Rate: 0.25	Model Size: 0.91 MB	Train Loss: 1.0593	Train Acc: 0.6265	Local Validation  Loss: 1.4333	Local Validation Acc: 0.5203	Global Validation Loss: 3.6523	Global Validation Acc: 0.2522
Client 88	Dropout Rate: 0.25	Model Size: 0.91 MB	Train Loss: 1.4552	Train Acc: 0.4957	Local Validation  Loss: 2.0868	Local Validation Acc: 0.3429	Global Validation Loss: 4.4036	Global Validation Acc: 0.2632
Client 22	Dropout Rate: 0.75	Model Size: 0.13 MB	Train Loss: 8.2767	Train Acc: 0.4531	Local Validation  Loss: 10.4228	Local Validation Acc: 0.4250	Global Validation Loss: 26.0249	Global Validation Acc: 0.2084
Aggregated
Global Test Loss: 2.2401	Global Test Acc: 0.2552
Client 23	Local Validation Loss: 2.0565(-0.2083)	Local Validation Acc: 0.4068(-0.1356)
Client 97	Local Validation Loss: 2.2839(-8.1088)	Local Validation Acc: 0.2018(-0.0702)
Client 82	Local Validation Loss: 2.6563(-11.4930)	Local Validation Acc: 0.2258(-0.1290)
Client 56	Local Validation Loss: 2.0817(-0.2781)	Local Validation Acc: 0.2316(-0.3368)
Client 41	Local Validation Loss: 2.3952(0.8516)	Local Validation Acc: 0.0723(-0.3735)
Client 35	Local Validation Loss: 2.5588(-16.0236)	Local Validation Acc: 0.1163(-0.3605)
Client 44	Local Validation Loss: 1.5402(0.5375)	Local Validation Acc: 0.4299(-0.2897)
Client 94	Local Validation Loss: 1.7729(0.3396)	Local Validation Acc: 0.4146(-0.1057)
Client 88	Local Validation Loss: 2.6910(0.6042)	Local Validation Acc: 0.1429(-0.2000)
Client 22	Local Validation Loss: 2.8525(-7.5703)	Local Validation Acc: 0.1000(-0.3250)
Round 3 use time: 0.65 min, ETA: 2.13 hours
================================================================================
Round 4
Selected 10 client IDs: [75 35 25 13 31 85 56 64 41 53]
Client 75	Dropout Rate: 0.75	Model Size: 0.13 MB	Train Loss: 3.8138	Train Acc: 0.3671	Local Validation  Loss: 3.6409	Local Validation Acc: 0.3833	Global Validation Loss: 8.4563	Global Validation Acc: 0.1628
Client 35	Dropout Rate: 0.9	Model Size: 0.03 MB	Train Loss: 83.0257	Train Acc: 0.4399	Local Validation  Loss: 78.7647	Local Validation Acc: 0.3721	Global Validation Loss: 211.5181	Global Validation Acc: 0.1427
Client 25	Dropout Rate: 0.75	Model Size: 0.13 MB	Train Loss: 5.8090	Train Acc: 0.3349	Local Validation  Loss: 7.7942	Local Validation Acc: 0.2897	Global Validation Loss: 20.1785	Global Validation Acc: 0.1917
Client 13	Dropout Rate: 0.5	Model Size: 0.43 MB	Train Loss: 1.1717	Train Acc: 0.6681	Local Validation  Loss: 1.6325	Local Validation Acc: 0.5424	Global Validation Loss: 8.8540	Global Validation Acc: 0.2554
Client 31	Dropout Rate: 0.9	Model Size: 0.03 MB	Train Loss: 13.0379	Train Acc: 0.6458	Local Validation  Loss: 15.2229	Local Validation Acc: 0.6538	Global Validation Loss: 134.1382	Global Validation Acc: 0.1480
Client 85	Dropout Rate: 0.5	Model Size: 0.43 MB	Train Loss: 1.0843	Train Acc: 0.6009	Local Validation  Loss: 1.4211	Local Validation Acc: 0.4882	Global Validation Loss: 4.1890	Global Validation Acc: 0.2259
Client 56	Dropout Rate: 0.5	Model Size: 0.43 MB	Train Loss: 1.2900	Train Acc: 0.5836	Local Validation  Loss: 1.8270	Local Validation Acc: 0.5158	Global Validation Loss: 5.8645	Global Validation Acc: 0.2455
Client 64	Dropout Rate: 0.9	Model Size: 0.03 MB	Train Loss: 76.9199	Train Acc: 0.3561	Local Validation  Loss: 53.7259	Local Validation Acc: 0.3529	Global Validation Loss: 211.4051	Global Validation Acc: 0.1516
Client 41	Dropout Rate: 0.1	Model Size: 1.28 MB	Train Loss: 1.1494	Train Acc: 0.5697	Local Validation  Loss: 1.5066	Local Validation Acc: 0.4337	Global Validation Loss: 2.9923	Global Validation Acc: 0.3036
Client 53	Dropout Rate: 0.9	Model Size: 0.03 MB	Train Loss: 42.0154	Train Acc: 0.3429	Local Validation  Loss: 49.2500	Local Validation Acc: 0.3448	Global Validation Loss: 136.1290	Global Validation Acc: 0.1464
Aggregated
Global Test Loss: 3.2615	Global Test Acc: 0.1746
Client 75	Local Validation Loss: 3.2587(-0.3822)	Local Validation Acc: 0.1833(-0.2000)
Client 35	Local Validation Loss: 2.4073(-76.3574)	Local Validation Acc: 0.3140(-0.0581)
Client 25	Local Validation Loss: 2.8347(-4.9595)	Local Validation Acc: 0.1308(-0.1589)
Client 13	Local Validation Loss: 1.5941(-0.0384)	Local Validation Acc: 0.4689(-0.0734)
Client 31	Local Validation Loss: 3.8210(-11.4019)	Local Validation Acc: 0.0096(-0.6442)
Client 85	Local Validation Loss: 2.3201(0.8990)	Local Validation Acc: 0.2824(-0.2059)
Client 56	Local Validation Loss: 3.1098(1.2828)	Local Validation Acc: 0.2000(-0.3158)
Client 64	Local Validation Loss: 3.6607(-50.0652)	Local Validation Acc: 0.0882(-0.2647)
Client 41	Local Validation Loss: 2.8097(1.3031)	Local Validation Acc: 0.3012(-0.1325)
Client 53	Local Validation Loss: 3.3131(-45.9369)	Local Validation Acc: 0.1954(-0.1494)
Round 4 use time: 0.51 min, ETA: 1.67 hours
================================================================================
Round 5
Selected 10 client IDs: [21  2 74 88 35 60 64 52 95 20]
Client 21	Dropout Rate: 0.9	Model Size: 0.03 MB	Train Loss: 78.1075	Train Acc: 0.3812	Local Validation  Loss: 81.8074	Local Validation Acc: 0.4390	Global Validation Loss: 152.3981	Global Validation Acc: 0.1530
Client 2	Dropout Rate: 0.5	Model Size: 0.43 MB	Train Loss: 2.2246	Train Acc: 0.5099	Local Validation  Loss: 3.3099	Local Validation Acc: 0.4045	Global Validation Loss: 7.3671	Global Validation Acc: 0.2054
Client 74	Dropout Rate: 0.9	Model Size: 0.03 MB	Train Loss: 19.9889	Train Acc: 0.4000	Local Validation  Loss: 24.1570	Local Validation Acc: 0.3696	Global Validation Loss: 57.9940	Global Validation Acc: 0.1500
Client 88	Dropout Rate: 0.25	Model Size: 0.91 MB	Train Loss: 1.2358	Train Acc: 0.5473	Local Validation  Loss: 1.9535	Local Validation Acc: 0.3600	Global Validation Loss: 3.4262	Global Validation Acc: 0.2617
Client 35	Dropout Rate: 0.9	Model Size: 0.03 MB	Train Loss: 181.9231	Train Acc: 0.4692	Local Validation  Loss: 231.9975	Local Validation Acc: 0.4186	Global Validation Loss: 504.6266	Global Validation Acc: 0.1384
Client 60	Dropout Rate: 0.9	Model Size: 0.03 MB	Train Loss: 68.1320	Train Acc: 0.3360	Local Validation  Loss: 71.1887	Local Validation Acc: 0.3511	Global Validation Loss: 243.8242	Global Validation Acc: 0.1500
Client 64	Dropout Rate: 0.9	Model Size: 0.03 MB	Train Loss: 76.3077	Train Acc: 0.2955	Local Validation  Loss: 88.4033	Local Validation Acc: 0.2647	Global Validation Loss: 127.1843	Global Validation Acc: 0.1542
Client 52	Dropout Rate: 0.5	Model Size: 0.43 MB	Train Loss: 2.0234	Train Acc: 0.4975	Local Validation  Loss: 2.6746	Local Validation Acc: 0.4400	Global Validation Loss: 4.7350	Global Validation Acc: 0.1782
Client 95	Dropout Rate: 0.75	Model Size: 0.13 MB	Train Loss: 10.3650	Train Acc: 0.7087	Local Validation  Loss: 26.1519	Local Validation Acc: 0.6190	Global Validation Loss: 62.3864	Global Validation Acc: 0.1505
Client 20	Dropout Rate: 0.9	Model Size: 0.03 MB	Train Loss: 99.0319	Train Acc: 0.4615	Local Validation  Loss: 98.9458	Local Validation Acc: 0.3423	Global Validation Loss: 248.5247	Global Validation Acc: 0.1392
Aggregated
Global Test Loss: 3.2692	Global Test Acc: 0.1928
Client 21	Local Validation Loss: 3.3694(-78.4380)	Local Validation Acc: 0.1951(-0.2439)
Client 2	Local Validation Loss: 3.2351(-0.0748)	Local Validation Acc: 0.1348(-0.2697)
Client 74	Local Validation Loss: 1.9131(-22.2439)	Local Validation Acc: 0.4348(0.0652)
Client 88	Local Validation Loss: 2.9499(0.9964)	Local Validation Acc: 0.2514(-0.1086)
Client 35	Local Validation Loss: 3.0539(-228.9436)	Local Validation Acc: 0.1047(-0.3140)
Client 60	Local Validation Loss: 2.7276(-68.4610)	Local Validation Acc: 0.2128(-0.1383)
Client 64	Local Validation Loss: 3.3340(-85.0693)	Local Validation Acc: 0.0588(-0.2059)
Client 52	Local Validation Loss: 2.6684(-0.0062)	Local Validation Acc: 0.2000(-0.2400)
Client 95	Local Validation Loss: 3.1264(-23.0256)	Local Validation Acc: 0.0595(-0.5595)
Client 20	Local Validation Loss: 2.8447(-96.1011)	Local Validation Acc: 0.3153(-0.0270)
Round 5 use time: 0.47 min, ETA: 1.52 hours
================================================================================
Round 6
Selected 10 client IDs: [57  4 37 90 62 32 46 89 75 56]
