Random seed: 42
Method: rdbagging
Strategy: p-based-frequent
Use control variates: True
Model type: cnn
Dataset: cifar10
Data distribution: non-iid
Alpha: 0.5
Aggregation method: sparse
Number of clients: 100
Select ratio: 0.1
Local train ratio: 0.8
Number of rounds: 200
Number of local epochs: 10
Batch size: 128
Learning rate: 0.001
Results save directory: None
Results will not be saved.
[Model Architecture]
CNN(
  (layer1): Sequential(
    (0): Conv2d(3, 64, kernel_size=(3, 3), stride=(1, 1), padding=(1, 1))
    (1): ReLU()
    (2): MaxPool2d(kernel_size=2, stride=2, padding=0, dilation=1, ceil_mode=False)
  )
  (layer2): Sequential(
    (0): Conv2d(64, 128, kernel_size=(3, 3), stride=(1, 1), padding=(1, 1))
    (1): ReLU()
    (2): MaxPool2d(kernel_size=2, stride=2, padding=0, dilation=1, ceil_mode=False)
  )
  (layer3): Sequential(
    (0): Conv2d(128, 256, kernel_size=(3, 3), stride=(1, 1), padding=(1, 1))
    (1): ReLU()
    (2): MaxPool2d(kernel_size=2, stride=2, padding=0, dilation=1, ceil_mode=False)
  )
  (fc): Linear(in_features=4096, out_features=10, bias=True)
)
Global Model size: 1.57 MB
Client dropout rates: [0.9, 0.1, 0.5, 0.5, 0.9, 0.9, 0.9, 0.25, 0.75, 0.1, 0.5, 0.9, 0.1, 0.5, 0.9, 0.9, 0.5, 0.9, 0.9, 0.1, 0.9, 0.9, 0.75, 0.5, 0.9, 0.75, 0.25, 0.25, 0.9, 0.9, 0.9, 0.9, 0.9, 0.9, 0.75, 0.9, 0.9, 0.9, 0.9, 0.9, 0.9, 0.1, 0.5, 0.5, 0.25, 0.5, 0.25, 0.5, 0.9, 0.75, 0.75, 0.5, 0.5, 0.9, 0.9, 0.9, 0.5, 0.9, 0.5, 0.75, 0.9, 0.9, 0.9, 0.9, 0.9, 0.9, 0.5, 0.1, 0.75, 0.5, 0.5, 0.9, 0.9, 0.75, 0.9, 0.75, 0.9, 0.75, 0.5, 0.5, 0.9, 0.5, 0.9, 0.9, 0.75, 0.5, 0.9, 0.9, 0.25, 0.1, 0.25, 0.9, 0.9, 0.75, 0.25, 0.75, 0.9, 0.9, 0.9, 0.9]
Client dropout rate count: {0.9: 50, 0.1: 7, 0.5: 21, 0.25: 8, 0.75: 14}
Round 1
Selected 10 client IDs: [31 28 21 72 47 75  4  8 97 44]
Client 31	Dropout Rate: 0.9	Model Size: 0.03 MB	Train Loss: 0.3147	Train Acc: 0.8964	Local Validation  Loss: 0.6770	Local Validation Acc: 0.8365	Global Validation Loss: 6.9000	Global Validation Acc: 0.1743
Client 28	Dropout Rate: 0.9	Model Size: 0.03 MB	Train Loss: 0.9246	Train Acc: 0.6082	Local Validation  Loss: 1.2776	Local Validation Acc: 0.6020	Global Validation Loss: 3.5189	Global Validation Acc: 0.2154
Client 21	Dropout Rate: 0.9	Model Size: 0.03 MB	Train Loss: 1.0655	Train Acc: 0.6375	Local Validation  Loss: 2.0577	Local Validation Acc: 0.5122	Global Validation Loss: 4.3454	Global Validation Acc: 0.1879
Client 72	Dropout Rate: 0.9	Model Size: 0.03 MB	Train Loss: 0.7022	Train Acc: 0.7566	Local Validation  Loss: 1.4919	Local Validation Acc: 0.5193	Global Validation Loss: 4.1540	Global Validation Acc: 0.2541
Client 47	Dropout Rate: 0.5	Model Size: 0.43 MB	Train Loss: 0.6879	Train Acc: 0.7592	Local Validation  Loss: 1.4933	Local Validation Acc: 0.6985	Global Validation Loss: 4.3310	Global Validation Acc: 0.2792
Client 75	Dropout Rate: 0.75	Model Size: 0.13 MB	Train Loss: 1.1762	Train Acc: 0.5992	Local Validation  Loss: 1.4257	Local Validation Acc: 0.5167	Global Validation Loss: 3.9935	Global Validation Acc: 0.2307
Client 4	Dropout Rate: 0.9	Model Size: 0.03 MB	Train Loss: 1.3618	Train Acc: 0.5672	Local Validation  Loss: 2.2760	Local Validation Acc: 0.4296	Global Validation Loss: 2.5310	Global Validation Acc: 0.2322
Client 8	Dropout Rate: 0.75	Model Size: 0.13 MB	Train Loss: 0.8214	Train Acc: 0.7164	Local Validation  Loss: 1.5261	Local Validation Acc: 0.5333	Global Validation Loss: 7.1297	Global Validation Acc: 0.2481
Client 97	Dropout Rate: 0.9	Model Size: 0.03 MB	Train Loss: 1.3446	Train Acc: 0.5055	Local Validation  Loss: 1.7966	Local Validation Acc: 0.3772	Global Validation Loss: 3.5874	Global Validation Acc: 0.1335
Client 44	Dropout Rate: 0.25	Model Size: 0.91 MB	Train Loss: 0.5732	Train Acc: 0.7845	Local Validation  Loss: 1.1635	Local Validation Acc: 0.7383	Global Validation Loss: 4.6182	Global Validation Acc: 0.1871
Aggregated
Global Test Loss: 2.2186	Global Test Acc: 0.1956
Client 31	Local Validation Loss: 2.0115(1.3345)	Local Validation Acc: 0.3173(-0.5192)
Client 28	Local Validation Loss: 2.3763(1.0987)	Local Validation Acc: 0.0918(-0.5102)
Client 21	Local Validation Loss: 1.9201(-0.1377)	Local Validation Acc: 0.3902(-0.1220)
Client 72	Local Validation Loss: 2.0458(0.5539)	Local Validation Acc: 0.3425(-0.1768)
Client 47	Local Validation Loss: 2.1027(0.6094)	Local Validation Acc: 0.2279(-0.4706)
Client 75	Local Validation Loss: 2.0903(0.6645)	Local Validation Acc: 0.2333(-0.2833)
Client 4	Local Validation Loss: 2.4684(0.1924)	Local Validation Acc: 0.1185(-0.3111)
Client 8	Local Validation Loss: 1.9816(0.4555)	Local Validation Acc: 0.3083(-0.2250)
Client 97	Local Validation Loss: 2.0527(0.2561)	Local Validation Acc: 0.2368(-0.1404)
Client 44	Local Validation Loss: 2.0583(0.8948)	Local Validation Acc: 0.1776(-0.5607)
Round 1 use time: 0.43 min, ETA: 1.43 hours
================================================================================
Round 2
Selected 10 client IDs: [47 76 58 72 32 80 86 79 95 24]
Client 47	Dropout Rate: 0.5	Model Size: 0.43 MB	Train Loss: 0.7542	Train Acc: 0.7132	Local Validation  Loss: 1.5402	Local Validation Acc: 0.7132	Global Validation Loss: 4.1284	Global Validation Acc: 0.2665
Client 76	Dropout Rate: 0.9	Model Size: 0.03 MB	Train Loss: 0.6885	Train Acc: 0.7633	Local Validation  Loss: 1.5606	Local Validation Acc: 0.4588	Global Validation Loss: 3.3080	Global Validation Acc: 0.2548
Client 58	Dropout Rate: 0.5	Model Size: 0.43 MB	Train Loss: 0.7741	Train Acc: 0.7121	Local Validation  Loss: 1.3272	Local Validation Acc: 0.5672	Global Validation Loss: 3.5402	Global Validation Acc: 0.2858
Client 72	Dropout Rate: 0.9	Model Size: 0.03 MB	Train Loss: 0.9540	Train Acc: 0.6694	Local Validation  Loss: 1.4185	Local Validation Acc: 0.4917	Global Validation Loss: 3.3633	Global Validation Acc: 0.2501
Client 32	Dropout Rate: 0.9	Model Size: 0.03 MB	Train Loss: 1.0511	Train Acc: 0.6466	Local Validation  Loss: 1.3569	Local Validation Acc: 0.5435	Global Validation Loss: 3.6037	Global Validation Acc: 0.2306
Client 80	Dropout Rate: 0.9	Model Size: 0.03 MB	Train Loss: 1.4131	Train Acc: 0.5127	Local Validation  Loss: 1.7391	Local Validation Acc: 0.5085	Global Validation Loss: 3.8239	Global Validation Acc: 0.1830
Client 86	Dropout Rate: 0.9	Model Size: 0.03 MB	Train Loss: 1.3809	Train Acc: 0.5030	Local Validation  Loss: 1.8800	Local Validation Acc: 0.4286	Global Validation Loss: 3.0782	Global Validation Acc: 0.1540
Client 79	Dropout Rate: 0.5	Model Size: 0.43 MB	Train Loss: 0.7909	Train Acc: 0.7265	Local Validation  Loss: 1.5044	Local Validation Acc: 0.5159	Global Validation Loss: 5.3092	Global Validation Acc: 0.3615
Client 95	Dropout Rate: 0.75	Model Size: 0.13 MB	Train Loss: 0.2881	Train Acc: 0.9099	Local Validation  Loss: 1.2821	Local Validation Acc: 0.6786	Global Validation Loss: 5.2826	Global Validation Acc: 0.1627
Client 24	Dropout Rate: 0.9	Model Size: 0.03 MB	Train Loss: 0.6303	Train Acc: 0.8032	Local Validation  Loss: 1.4223	Local Validation Acc: 0.5638	Global Validation Loss: 2.5469	Global Validation Acc: 0.2912
Aggregated
Global Test Loss: 2.3227	Global Test Acc: 0.1856
Client 47	Local Validation Loss: 1.7425(0.2023)	Local Validation Acc: 0.4412(-0.2721)
Client 76	Local Validation Loss: 2.5320(0.9714)	Local Validation Acc: 0.2118(-0.2471)
Client 58	Local Validation Loss: 2.4545(1.1273)	Local Validation Acc: 0.0746(-0.4925)
Client 72	Local Validation Loss: 2.5521(1.1337)	Local Validation Acc: 0.1105(-0.3812)
Client 32	Local Validation Loss: 2.1114(0.7545)	Local Validation Acc: 0.4239(-0.1196)
Client 80	Local Validation Loss: 2.2337(0.4946)	Local Validation Acc: 0.1017(-0.4068)
Client 86	Local Validation Loss: 2.4423(0.5623)	Local Validation Acc: 0.3571(-0.0714)
Client 79	Local Validation Loss: 1.6789(0.1745)	Local Validation Acc: 0.3968(-0.1190)
Client 95	Local Validation Loss: 2.0117(0.7296)	Local Validation Acc: 0.1429(-0.5357)
Client 24	Local Validation Loss: 2.3197(0.8974)	Local Validation Acc: 0.3777(-0.1862)
Round 2 use time: 0.44 min, ETA: 1.45 hours
================================================================================
Round 3
Selected 10 client IDs: [23 97 82 56 41 35 44 94 88 22]
Client 23	Dropout Rate: 0.5	Model Size: 0.43 MB	Train Loss: 0.6768	Train Acc: 0.7821	Local Validation  Loss: 1.5273	Local Validation Acc: 0.5763	Global Validation Loss: 3.5214	Global Validation Acc: 0.2220
Client 97	Dropout Rate: 0.9	Model Size: 0.03 MB	Train Loss: 1.2312	Train Acc: 0.5629	Local Validation  Loss: 1.7655	Local Validation Acc: 0.3947	Global Validation Loss: 3.9657	Global Validation Acc: 0.2098
Client 82	Dropout Rate: 0.9	Model Size: 0.03 MB	Train Loss: 1.3111	Train Acc: 0.5304	Local Validation  Loss: 2.0164	Local Validation Acc: 0.3871	Global Validation Loss: 3.5996	Global Validation Acc: 0.1478
Client 56	Dropout Rate: 0.5	Model Size: 0.43 MB	Train Loss: 0.7440	Train Acc: 0.7560	Local Validation  Loss: 1.2809	Local Validation Acc: 0.6632	Global Validation Loss: 5.8042	Global Validation Acc: 0.3002
Client 41	Dropout Rate: 0.1	Model Size: 1.28 MB	Train Loss: 0.8295	Train Acc: 0.7182	Local Validation  Loss: 1.4362	Local Validation Acc: 0.3614	Global Validation Loss: 3.8444	Global Validation Acc: 0.3430
Client 35	Dropout Rate: 0.9	Model Size: 0.03 MB	Train Loss: 0.8090	Train Acc: 0.7478	Local Validation  Loss: 1.1515	Local Validation Acc: 0.6163	Global Validation Loss: 4.3731	Global Validation Acc: 0.2374
Client 44	Dropout Rate: 0.25	Model Size: 0.91 MB	Train Loss: 0.4682	Train Acc: 0.8478	Local Validation  Loss: 1.0960	Local Validation Acc: 0.7196	Global Validation Loss: 4.0557	Global Validation Acc: 0.2208
Client 94	Dropout Rate: 0.25	Model Size: 0.91 MB	Train Loss: 0.6705	Train Acc: 0.7592	Local Validation  Loss: 1.3808	Local Validation Acc: 0.5772	Global Validation Loss: 5.0421	Global Validation Acc: 0.2897
Client 88	Dropout Rate: 0.25	Model Size: 0.91 MB	Train Loss: 0.7591	Train Acc: 0.7034	Local Validation  Loss: 1.5349	Local Validation Acc: 0.4571	Global Validation Loss: 4.1603	Global Validation Acc: 0.3124
Client 22	Dropout Rate: 0.75	Model Size: 0.13 MB	Train Loss: 0.9584	Train Acc: 0.6906	Local Validation  Loss: 1.4070	Local Validation Acc: 0.5875	Global Validation Loss: 3.3992	Global Validation Acc: 0.2254
Aggregated
Global Test Loss: 2.1890	Global Test Acc: 0.3043
Client 23	Local Validation Loss: 1.4347(-0.0926)	Local Validation Acc: 0.5424(-0.0339)
Client 97	Local Validation Loss: 2.1961(0.4306)	Local Validation Acc: 0.2632(-0.1316)
Client 82	Local Validation Loss: 2.4167(0.4003)	Local Validation Acc: 0.1452(-0.2419)
Client 56	Local Validation Loss: 1.6845(0.4036)	Local Validation Acc: 0.5053(-0.1579)
Client 41	Local Validation Loss: 2.2940(0.8578)	Local Validation Acc: 0.2048(-0.1566)
Client 35	Local Validation Loss: 2.5262(1.3747)	Local Validation Acc: 0.2674(-0.3488)
Client 44	Local Validation Loss: 1.1665(0.0705)	Local Validation Acc: 0.6729(-0.0467)
Client 94	Local Validation Loss: 1.6112(0.2304)	Local Validation Acc: 0.4959(-0.0813)
Client 88	Local Validation Loss: 2.0205(0.4856)	Local Validation Acc: 0.2686(-0.1886)
Client 22	Local Validation Loss: 2.2835(0.8765)	Local Validation Acc: 0.1250(-0.4625)
Round 3 use time: 0.64 min, ETA: 2.10 hours
================================================================================
Round 4
Selected 10 client IDs: [75 35 25 13 31 85 56 64 41 53]
Client 75	Dropout Rate: 0.75	Model Size: 0.13 MB	Train Loss: 0.8374	Train Acc: 0.7426	Local Validation  Loss: 1.4914	Local Validation Acc: 0.5500	Global Validation Loss: 3.7860	Global Validation Acc: 0.2739
Client 35	Dropout Rate: 0.9	Model Size: 0.03 MB	Train Loss: 0.9221	Train Acc: 0.6716	Local Validation  Loss: 1.2724	Local Validation Acc: 0.6279	Global Validation Loss: 4.8282	Global Validation Acc: 0.2106
Client 25	Dropout Rate: 0.75	Model Size: 0.13 MB	Train Loss: 0.7532	Train Acc: 0.7406	Local Validation  Loss: 1.3070	Local Validation Acc: 0.4579	Global Validation Loss: 4.8043	Global Validation Acc: 0.3012
Client 13	Dropout Rate: 0.5	Model Size: 0.43 MB	Train Loss: 0.5102	Train Acc: 0.8071	Local Validation  Loss: 0.7806	Local Validation Acc: 0.7345	Global Validation Loss: 7.5231	Global Validation Acc: 0.2864
Client 31	Dropout Rate: 0.9	Model Size: 0.03 MB	Train Loss: 0.3559	Train Acc: 0.8916	Local Validation  Loss: 0.6748	Local Validation Acc: 0.8269	Global Validation Loss: 6.7073	Global Validation Acc: 0.1664
Client 85	Dropout Rate: 0.5	Model Size: 0.43 MB	Train Loss: 0.3194	Train Acc: 0.9234	Local Validation  Loss: 1.0157	Local Validation Acc: 0.6412	Global Validation Loss: 3.9306	Global Validation Acc: 0.3324
Client 56	Dropout Rate: 0.5	Model Size: 0.43 MB	Train Loss: 0.4560	Train Acc: 0.8727	Local Validation  Loss: 1.1662	Local Validation Acc: 0.6737	Global Validation Loss: 6.5749	Global Validation Acc: 0.3368
Client 64	Dropout Rate: 0.9	Model Size: 0.03 MB	Train Loss: 0.6839	Train Acc: 0.6818	Local Validation  Loss: 1.6669	Local Validation Acc: 0.4706	Global Validation Loss: 4.6818	Global Validation Acc: 0.1970
Client 41	Dropout Rate: 0.1	Model Size: 1.28 MB	Train Loss: 0.5264	Train Acc: 0.8242	Local Validation  Loss: 1.4610	Local Validation Acc: 0.4699	Global Validation Loss: 4.2162	Global Validation Acc: 0.3474
Client 53	Dropout Rate: 0.9	Model Size: 0.03 MB	Train Loss: 1.0345	Train Acc: 0.6455	Local Validation  Loss: 1.4218	Local Validation Acc: 0.4713	Global Validation Loss: 2.4537	Global Validation Acc: 0.2272
Aggregated
Global Test Loss: 2.6322	Global Test Acc: 0.2820
Client 75	Local Validation Loss: 2.1646(0.6732)	Local Validation Acc: 0.3667(-0.1833)
Client 35	Local Validation Loss: 1.8390(0.5666)	Local Validation Acc: 0.4070(-0.2209)
Client 25	Local Validation Loss: 3.5485(2.2415)	Local Validation Acc: 0.1963(-0.2617)
Client 13	Local Validation Loss: 0.9911(0.2105)	Local Validation Acc: 0.6610(-0.0734)
Client 31	Local Validation Loss: 2.2070(1.5321)	Local Validation Acc: 0.1250(-0.7019)
Client 85	Local Validation Loss: 1.2757(0.2600)	Local Validation Acc: 0.5235(-0.1176)
Client 56	Local Validation Loss: 2.2831(1.1169)	Local Validation Acc: 0.2421(-0.4316)
Client 64	Local Validation Loss: 2.7247(1.0577)	Local Validation Acc: 0.0588(-0.4118)
Client 41	Local Validation Loss: 2.1546(0.6936)	Local Validation Acc: 0.3012(-0.1687)
Client 53	Local Validation Loss: 1.9499(0.5280)	Local Validation Acc: 0.3908(-0.0805)
Round 4 use time: 0.50 min, ETA: 1.65 hours
================================================================================
Round 5
Selected 10 client IDs: [21  2 74 88 35 60 64 52 95 20]
Client 21	Dropout Rate: 0.9	Model Size: 0.03 MB	Train Loss: 1.0053	Train Acc: 0.6188	Local Validation  Loss: 1.2993	Local Validation Acc: 0.6341	Global Validation Loss: 3.6767	Global Validation Acc: 0.2117
Client 2	Dropout Rate: 0.5	Model Size: 0.43 MB	Train Loss: 0.6674	Train Acc: 0.7690	Local Validation  Loss: 1.2703	Local Validation Acc: 0.6292	Global Validation Loss: 3.2697	Global Validation Acc: 0.3061
Client 74	Dropout Rate: 0.9	Model Size: 0.03 MB	Train Loss: 0.5501	Train Acc: 0.7781	Local Validation  Loss: 0.9381	Local Validation Acc: 0.7283	Global Validation Loss: 6.0419	Global Validation Acc: 0.2362
Client 88	Dropout Rate: 0.25	Model Size: 0.91 MB	Train Loss: 0.5615	Train Acc: 0.8080	Local Validation  Loss: 1.6030	Local Validation Acc: 0.4686	Global Validation Loss: 4.5155	Global Validation Acc: 0.3668
Client 35	Dropout Rate: 0.9	Model Size: 0.03 MB	Train Loss: 0.6357	Train Acc: 0.8065	Local Validation  Loss: 1.2589	Local Validation Acc: 0.5814	Global Validation Loss: 4.5242	Global Validation Acc: 0.2485
Client 60	Dropout Rate: 0.9	Model Size: 0.03 MB	Train Loss: 1.3590	Train Acc: 0.4624	Local Validation  Loss: 1.3558	Local Validation Acc: 0.4255	Global Validation Loss: 4.4304	Global Validation Acc: 0.1451
Client 64	Dropout Rate: 0.9	Model Size: 0.03 MB	Train Loss: 0.5384	Train Acc: 0.7273	Local Validation  Loss: 1.4511	Local Validation Acc: 0.5294	Global Validation Loss: 4.5168	Global Validation Acc: 0.2048
Client 52	Dropout Rate: 0.5	Model Size: 0.43 MB	Train Loss: 0.5764	Train Acc: 0.8020	Local Validation  Loss: 1.0449	Local Validation Acc: 0.6600	Global Validation Loss: 3.6067	Global Validation Acc: 0.2883
Client 95	Dropout Rate: 0.75	Model Size: 0.13 MB	Train Loss: 0.3257	Train Acc: 0.8919	Local Validation  Loss: 1.1605	Local Validation Acc: 0.7619	Global Validation Loss: 4.8303	Global Validation Acc: 0.1579
Client 20	Dropout Rate: 0.9	Model Size: 0.03 MB	Train Loss: 0.6559	Train Acc: 0.7896	Local Validation  Loss: 0.9142	Local Validation Acc: 0.7027	Global Validation Loss: 5.1120	Global Validation Acc: 0.2522
Aggregated
Global Test Loss: 2.3902	Global Test Acc: 0.3369
Client 21	Local Validation Loss: 1.8869(0.5877)	Local Validation Acc: 0.4146(-0.2195)
Client 2	Local Validation Loss: 1.2370(-0.0332)	Local Validation Acc: 0.6292(0.0000)
Client 74	Local Validation Loss: 1.9741(1.0360)	Local Validation Acc: 0.3587(-0.3696)
Client 88	Local Validation Loss: 1.9210(0.3181)	Local Validation Acc: 0.2971(-0.1714)
Client 35	Local Validation Loss: 2.4701(1.2112)	Local Validation Acc: 0.1744(-0.4070)
Client 60	Local Validation Loss: 2.1083(0.7525)	Local Validation Acc: 0.1915(-0.2340)
Client 64	Local Validation Loss: 1.4375(-0.0135)	Local Validation Acc: 0.5000(-0.0294)
Client 52	Local Validation Loss: 1.1711(0.1262)	Local Validation Acc: 0.6200(-0.0400)
Client 95	Local Validation Loss: 1.6847(0.5243)	Local Validation Acc: 0.5595(-0.2024)
Client 20	Local Validation Loss: 1.3466(0.4324)	Local Validation Acc: 0.6396(-0.0631)
Round 5 use time: 0.45 min, ETA: 1.46 hours
================================================================================
Round 6
Selected 10 client IDs: [57  4 37 90 62 32 46 89 75 56]
