class CNN(nn.Module):
    def __init__(self):
        super(CNN, self).__init__()
        self.layer1 = nn.Sequential(
            nn.Conv2d(3, 32, kernel_size=3, padding=1),
            nn.ReLU(),
            nn.MaxPool2d(kernel_size=2, stride=2),
        )
        self.layer2 = nn.Sequential(
            nn.Conv2d(32, 64, kernel_size=3, padding=1),
            nn.ReLU(),
            nn.MaxPool2d(kernel_size=2, stride=2),
        )
        self.layer3 = nn.Sequential(
            nn.Conv2d(64, 128, kernel_size=3, padding=1),
            nn.ReLU(),
            nn.MaxPool2d(kernel_size=2, stride=2),
        )
        self.fc = nn.Linear(128 * 4 * 4, 10)

    def forward(self, x):
        out = self.layer1(x)
        out = self.layer2(out)
        out = self.layer3(out)
        out = out.view(out.size(0), -1)
        out = self.fc(out)
        return out

Pruned model with dropout_rate 0.8 test accuracy: 0.659100                                                                                                                                                               
Pruned model with dropout_rate 0.6 test accuracy: 0.737900                                                                                                                                                               
Pruned model with dropout_rate 0.3999999999999999 test accuracy: 0.786500                                                                                                                                                
Pruned model with dropout_rate 0.19999999999999996 test accuracy: 0.806100                                                                                                                                               
Pruned model with dropout_rate 0.0 test accuracy: 0.809700