Random seed: 42
Method: heterofl
Model type: resnet
Dataset: cifar10
Data distribution: non-iid
Alpha: 0.5
Aggregation method: sparse
Number of clients: 100
Select ratio: 0.1
Local train ratio: 0.8
Number of rounds: 200
Number of local epochs: 20
Batch size: 128
Learning rate: 0.001
Results save directory: None
Results will not be saved.
[Model Architecture]
ResNet(
  (conv1): Conv2d(3, 64, kernel_size=(7, 7), stride=(2, 2), padding=(3, 3), bias=False)
  (bn1): LayerNorm((64, 16, 16), eps=1e-05, elementwise_affine=False)
  (relu): ReLU(inplace=True)
  (maxpool): MaxPool2d(kernel_size=3, stride=2, padding=1, dilation=1, ceil_mode=False)
  (layer1): Sequential(
    (0): BasicBlock(
      (conv1): Conv2d(64, 64, kernel_size=(3, 3), stride=(1, 1), padding=(1, 1), bias=False)
      (bn1): LayerNorm((64, 8, 8), eps=1e-05, elementwise_affine=False)
      (relu): ReLU(inplace=True)
      (conv2): Conv2d(64, 64, kernel_size=(3, 3), stride=(1, 1), padding=(1, 1), bias=False)
      (bn2): LayerNorm((64, 8, 8), eps=1e-05, elementwise_affine=False)
    )
    (1): BasicBlock(
      (conv1): Conv2d(64, 64, kernel_size=(3, 3), stride=(1, 1), padding=(1, 1), bias=False)
      (bn1): LayerNorm((64, 8, 8), eps=1e-05, elementwise_affine=False)
      (relu): ReLU(inplace=True)
      (conv2): Conv2d(64, 64, kernel_size=(3, 3), stride=(1, 1), padding=(1, 1), bias=False)
      (bn2): LayerNorm((64, 8, 8), eps=1e-05, elementwise_affine=False)
    )
  )
  (layer2): Sequential(
    (0): BasicBlock(
      (conv1): Conv2d(64, 128, kernel_size=(3, 3), stride=(2, 2), padding=(1, 1), bias=False)
      (bn1): LayerNorm((128, 4, 4), eps=1e-05, elementwise_affine=False)
      (relu): ReLU(inplace=True)
      (conv2): Conv2d(128, 128, kernel_size=(3, 3), stride=(1, 1), padding=(1, 1), bias=False)
      (bn2): LayerNorm((128, 4, 4), eps=1e-05, elementwise_affine=False)
      (downsample): Sequential(
        (0): Conv2d(64, 128, kernel_size=(1, 1), stride=(2, 2), bias=False)
        (1): LayerNorm((128, 4, 4), eps=1e-05, elementwise_affine=False)
      )
    )
    (1): BasicBlock(
      (conv1): Conv2d(128, 128, kernel_size=(3, 3), stride=(1, 1), padding=(1, 1), bias=False)
      (bn1): LayerNorm((128, 4, 4), eps=1e-05, elementwise_affine=False)
      (relu): ReLU(inplace=True)
      (conv2): Conv2d(128, 128, kernel_size=(3, 3), stride=(1, 1), padding=(1, 1), bias=False)
      (bn2): LayerNorm((128, 4, 4), eps=1e-05, elementwise_affine=False)
    )
  )
  (layer3): Sequential(
    (0): BasicBlock(
      (conv1): Conv2d(128, 256, kernel_size=(3, 3), stride=(2, 2), padding=(1, 1), bias=False)
      (bn1): LayerNorm((256, 2, 2), eps=1e-05, elementwise_affine=False)
      (relu): ReLU(inplace=True)
      (conv2): Conv2d(256, 256, kernel_size=(3, 3), stride=(1, 1), padding=(1, 1), bias=False)
      (bn2): LayerNorm((256, 2, 2), eps=1e-05, elementwise_affine=False)
      (downsample): Sequential(
        (0): Conv2d(128, 256, kernel_size=(1, 1), stride=(2, 2), bias=False)
        (1): LayerNorm((256, 2, 2), eps=1e-05, elementwise_affine=False)
      )
    )
    (1): BasicBlock(
      (conv1): Conv2d(256, 256, kernel_size=(3, 3), stride=(1, 1), padding=(1, 1), bias=False)
      (bn1): LayerNorm((256, 2, 2), eps=1e-05, elementwise_affine=False)
      (relu): ReLU(inplace=True)
      (conv2): Conv2d(256, 256, kernel_size=(3, 3), stride=(1, 1), padding=(1, 1), bias=False)
      (bn2): LayerNorm((256, 2, 2), eps=1e-05, elementwise_affine=False)
    )
  )
  (layer4): Sequential(
    (0): BasicBlock(
      (conv1): Conv2d(256, 512, kernel_size=(3, 3), stride=(2, 2), padding=(1, 1), bias=False)
      (bn1): LayerNorm((512, 1, 1), eps=1e-05, elementwise_affine=False)
      (relu): ReLU(inplace=True)
      (conv2): Conv2d(512, 512, kernel_size=(3, 3), stride=(1, 1), padding=(1, 1), bias=False)
      (bn2): LayerNorm((512, 1, 1), eps=1e-05, elementwise_affine=False)
      (downsample): Sequential(
        (0): Conv2d(256, 512, kernel_size=(1, 1), stride=(2, 2), bias=False)
        (1): LayerNorm((512, 1, 1), eps=1e-05, elementwise_affine=False)
      )
    )
    (1): BasicBlock(
      (conv1): Conv2d(512, 512, kernel_size=(3, 3), stride=(1, 1), padding=(1, 1), bias=False)
      (bn1): LayerNorm((512, 1, 1), eps=1e-05, elementwise_affine=False)
      (relu): ReLU(inplace=True)
      (conv2): Conv2d(512, 512, kernel_size=(3, 3), stride=(1, 1), padding=(1, 1), bias=False)
      (bn2): LayerNorm((512, 1, 1), eps=1e-05, elementwise_affine=False)
    )
  )
  (avgpool): AdaptiveAvgPool2d(output_size=(1, 1))
  (fc): Linear(in_features=512, out_features=10, bias=True)
)
Global Model size: 42.62 MB
Client dropout rates: [0.9, 0.1, 0.5, 0.5, 0.9, 0.9, 0.9, 0.25, 0.75, 0.1, 0.5, 0.9, 0.1, 0.5, 0.9, 0.9, 0.5, 0.9, 0.9, 0.1, 0.9, 0.9, 0.75, 0.5, 0.9, 0.75, 0.25, 0.25, 0.9, 0.9, 0.9, 0.9, 0.9, 0.9, 0.75, 0.9, 0.9, 0.9, 0.9, 0.9, 0.9, 0.1, 0.5, 0.5, 0.25, 0.5, 0.25, 0.5, 0.9, 0.75, 0.75, 0.5, 0.5, 0.9, 0.9, 0.9, 0.5, 0.9, 0.5, 0.75, 0.9, 0.9, 0.9, 0.9, 0.9, 0.9, 0.5, 0.1, 0.75, 0.5, 0.5, 0.9, 0.9, 0.75, 0.9, 0.75, 0.9, 0.75, 0.5, 0.5, 0.9, 0.5, 0.9, 0.9, 0.75, 0.5, 0.9, 0.9, 0.25, 0.1, 0.25, 0.9, 0.9, 0.75, 0.25, 0.75, 0.9, 0.9, 0.9, 0.9]
Client dropout rate count: {0.9: 50, 0.1: 7, 0.5: 21, 0.25: 8, 0.75: 14}
Round 1
Selected 10 client IDs: [31 28 21 72 47 75  4  8 97 44]
Client 31	Dropout Rate: 0.9	Model Size: 0.42 MB	Train Loss: 0.4294	Train Acc: 0.8964	Local Validation  Loss: 0.7088	Local Validation Acc: 0.7885	Global Validation Loss: 4.0198	Global Validation Acc: 0.1474
Client 28	Dropout Rate: 0.9	Model Size: 0.42 MB	Train Loss: 1.4135	Train Acc: 0.4820	Local Validation  Loss: 1.3699	Local Validation Acc: 0.5714	Global Validation Loss: 3.2172	Global Validation Acc: 0.1499
Client 21	Dropout Rate: 0.9	Model Size: 0.42 MB	Train Loss: 1.0399	Train Acc: 0.7125	Local Validation  Loss: 1.4908	Local Validation Acc: 0.4878	Global Validation Loss: 3.0253	Global Validation Acc: 0.1964
Client 72	Dropout Rate: 0.9	Model Size: 0.42 MB	Train Loss: 1.0972	Train Acc: 0.6210	Local Validation  Loss: 1.5443	Local Validation Acc: 0.4254	Global Validation Loss: 2.8826	Global Validation Acc: 0.2099
Client 47	Dropout Rate: 0.5	Model Size: 10.67 MB	Train Loss: 1.1155	Train Acc: 0.6213	Local Validation  Loss: 1.9680	Local Validation Acc: 0.5662	Global Validation Loss: 3.0812	Global Validation Acc: 0.2005
Client 75	Dropout Rate: 0.75	Model Size: 2.67 MB	Train Loss: 0.7932	Train Acc: 0.7131	Local Validation  Loss: 1.5786	Local Validation Acc: 0.5000	Global Validation Loss: 3.1913	Global Validation Acc: 0.2061
Client 4	Dropout Rate: 0.9	Model Size: 0.42 MB	Train Loss: 1.2389	Train Acc: 0.6101	Local Validation  Loss: 2.0459	Local Validation Acc: 0.4667	Global Validation Loss: 2.4183	Global Validation Acc: 0.2362
Client 8	Dropout Rate: 0.75	Model Size: 2.67 MB	Train Loss: 0.2322	Train Acc: 0.9475	Local Validation  Loss: 1.7786	Local Validation Acc: 0.5417	Global Validation Loss: 3.9524	Global Validation Acc: 0.2476
Client 97	Dropout Rate: 0.9	Model Size: 0.42 MB	Train Loss: 1.2412	Train Acc: 0.5740	Local Validation  Loss: 1.9210	Local Validation Acc: 0.3509	Global Validation Loss: 3.1059	Global Validation Acc: 0.1382
Client 44	Dropout Rate: 0.25	Model Size: 23.98 MB	Train Loss: 0.7496	Train Acc: 0.7728	Local Validation  Loss: 1.1541	Local Validation Acc: 0.6916	Global Validation Loss: 3.6877	Global Validation Acc: 0.1887
Aggregated
Global Test Loss: 3.0090	Global Test Acc: 0.1890
Client 31	Local Validation Loss: 1.6378(0.9290)	Local Validation Acc: 0.6442(-0.1442)
Client 28	Local Validation Loss: 3.7692(2.3993)	Local Validation Acc: 0.0204(-0.5510)
Client 21	Local Validation Loss: 2.4271(0.9363)	Local Validation Acc: 0.1707(-0.3171)
Client 72	Local Validation Loss: 2.9810(1.4367)	Local Validation Acc: 0.0939(-0.3315)
Client 47	Local Validation Loss: 2.7435(0.7754)	Local Validation Acc: 0.0662(-0.5000)
Client 75	Local Validation Loss: 3.3072(1.7286)	Local Validation Acc: 0.0333(-0.4667)
Client 4	Local Validation Loss: 3.2531(1.2072)	Local Validation Acc: 0.0889(-0.3778)
Client 8	Local Validation Loss: 2.4573(0.6787)	Local Validation Acc: 0.3083(-0.2333)
Client 97	Local Validation Loss: 3.0963(1.1753)	Local Validation Acc: 0.1842(-0.1667)
Client 44	Local Validation Loss: 1.5808(0.4267)	Local Validation Acc: 0.5140(-0.1776)
Round 1 use time: 82.97 min, ETA: 275.20 hours
================================================================================
Round 2
Selected 10 client IDs: [60 67 48 69 40 91 64 68 55 71]
Client 60	Dropout Rate: 0.9	Model Size: 0.42 MB	Train Loss: 0.9608	Train Acc: 0.6828	Local Validation  Loss: 1.3502	Local Validation Acc: 0.5000	Global Validation Loss: 3.5078	Global Validation Acc: 0.1532
Client 67	Dropout Rate: 0.1	Model Size: 34.40 MB	Train Loss: 0.8591	Train Acc: 0.7136	Local Validation  Loss: 2.1655	Local Validation Acc: 0.5385	Global Validation Loss: 3.9601	Global Validation Acc: 0.2143
Client 48	Dropout Rate: 0.9	Model Size: 0.42 MB	Train Loss: 0.7150	Train Acc: 0.7923	Local Validation  Loss: 1.6129	Local Validation Acc: 0.5915	Global Validation Loss: 3.6525	Global Validation Acc: 0.1881
Client 69	Dropout Rate: 0.5	Model Size: 10.67 MB	Train Loss: 0.3250	Train Acc: 0.9114	Local Validation  Loss: 1.9771	Local Validation Acc: 0.3836	Global Validation Loss: 3.2908	Global Validation Acc: 0.2814
Client 40	Dropout Rate: 0.9	Model Size: 0.42 MB	Train Loss: 0.7478	Train Acc: 0.7987	Local Validation  Loss: 2.0645	Local Validation Acc: 0.4342	Global Validation Loss: 3.0753	Global Validation Acc: 0.2065
Client 91	Dropout Rate: 0.9	Model Size: 0.42 MB	Train Loss: 0.5492	Train Acc: 0.8505	Local Validation  Loss: 1.7498	Local Validation Acc: 0.4082	Global Validation Loss: 3.1353	Global Validation Acc: 0.1877
Client 64	Dropout Rate: 0.9	Model Size: 0.42 MB	Train Loss: 0.7944	Train Acc: 0.5985	Local Validation  Loss: 1.5047	Local Validation Acc: 0.5000	Global Validation Loss: 3.2835	Global Validation Acc: 0.1715
Client 68	Dropout Rate: 0.75	Model Size: 2.67 MB	Train Loss: 0.7408	Train Acc: 0.7474	Local Validation  Loss: 1.2811	Local Validation Acc: 0.6327	Global Validation Loss: 4.3107	Global Validation Acc: 0.1542
Client 55	Dropout Rate: 0.9	Model Size: 0.42 MB	Train Loss: 1.4751	Train Acc: 0.5773	Local Validation  Loss: 1.6422	Local Validation Acc: 0.4184	Global Validation Loss: 2.6737	Global Validation Acc: 0.2219
Client 71	Dropout Rate: 0.9	Model Size: 0.42 MB	Train Loss: 1.6973	Train Acc: 0.3023	Local Validation  Loss: 1.5051	Local Validation Acc: 0.3231	Global Validation Loss: 3.5682	Global Validation Acc: 0.1000
Aggregated
Global Test Loss: 3.3732	Global Test Acc: 0.2260
Client 60	Local Validation Loss: 2.1478(0.7976)	Local Validation Acc: 0.3085(-0.1915)
Client 67	Local Validation Loss: 2.0234(-0.1421)	Local Validation Acc: 0.4260(-0.1124)
Client 48	Local Validation Loss: 3.0239(1.4111)	Local Validation Acc: 0.2394(-0.3521)
Client 69	Local Validation Loss: 3.0179(1.0408)	Local Validation Acc: 0.2642(-0.1195)
Client 40	Local Validation Loss: 2.1858(0.1213)	Local Validation Acc: 0.3816(-0.0526)
Client 91	Local Validation Loss: 5.0582(3.3084)	Local Validation Acc: 0.1633(-0.2449)
Client 64	Local Validation Loss: 2.2324(0.7277)	Local Validation Acc: 0.4706(-0.0294)
Client 68	Local Validation Loss: 4.4034(3.1224)	Local Validation Acc: 0.1224(-0.5102)
Client 55	Local Validation Loss: 2.6853(1.0431)	Local Validation Acc: 0.3776(-0.0408)
Client 71	Local Validation Loss: 4.0839(2.5789)	Local Validation Acc: 0.2000(-0.1231)
Round 2 use time: 96.12 min, ETA: 317.20 hours
================================================================================
Round 3
Selected 10 client IDs: [26 54 76 16 79  6  5 50 34 63]
Client 26	Dropout Rate: 0.25	Model Size: 23.98 MB	Train Loss: 0.3547	Train Acc: 0.8525	Local Validation  Loss: 1.7070	Local Validation Acc: 0.4800	Global Validation Loss: 3.7756	Global Validation Acc: 0.2518
Client 54	Dropout Rate: 0.9	Model Size: 0.42 MB	Train Loss: 1.0957	Train Acc: 0.6057	Local Validation  Loss: 1.8733	Local Validation Acc: 0.4621	Global Validation Loss: 2.7677	Global Validation Acc: 0.2206
Client 76	Dropout Rate: 0.9	Model Size: 0.42 MB	Train Loss: 1.0323	Train Acc: 0.6331	Local Validation  Loss: 1.3993	Local Validation Acc: 0.4941	Global Validation Loss: 2.7118	Global Validation Acc: 0.2204
Client 16	Dropout Rate: 0.5	Model Size: 10.67 MB	Train Loss: 0.1236	Train Acc: 0.9633	Local Validation  Loss: 2.7905	Local Validation Acc: 0.3483	Global Validation Loss: 3.8587	Global Validation Acc: 0.2880
Client 79	Dropout Rate: 0.5	Model Size: 10.67 MB	Train Loss: 0.1215	Train Acc: 0.9661	Local Validation  Loss: 2.3350	Local Validation Acc: 0.5159	Global Validation Loss: 4.3616	Global Validation Acc: 0.3081
Client 6	Dropout Rate: 0.9	Model Size: 0.42 MB	Train Loss: 0.8827	Train Acc: 0.7217	Local Validation  Loss: 1.9088	Local Validation Acc: 0.4655	Global Validation Loss: 2.9184	Global Validation Acc: 0.1882
Client 5	Dropout Rate: 0.9	Model Size: 0.42 MB	Train Loss: 0.5321	Train Acc: 0.8549	Local Validation  Loss: 0.7610	Local Validation Acc: 0.8000	Global Validation Loss: 3.7051	Global Validation Acc: 0.1656
Client 50	Dropout Rate: 0.75	Model Size: 2.67 MB	Train Loss: 0.3610	Train Acc: 0.8743	Local Validation  Loss: 2.2280	Local Validation Acc: 0.4130	Global Validation Loss: 3.1309	Global Validation Acc: 0.3134
Client 34	Dropout Rate: 0.75	Model Size: 2.67 MB	Train Loss: 0.2379	Train Acc: 0.9390	Local Validation  Loss: 1.9785	Local Validation Acc: 0.5122	Global Validation Loss: 3.7814	Global Validation Acc: 0.2510
Client 63	Dropout Rate: 0.9	Model Size: 0.42 MB	Train Loss: 0.4876	Train Acc: 0.8595	Local Validation  Loss: 2.2774	Local Validation Acc: 0.3297	Global Validation Loss: 3.0152	Global Validation Acc: 0.2291
Aggregated
Global Test Loss: 3.7103	Global Test Acc: 0.2084
Client 26	Local Validation Loss: 2.0483(0.3413)	Local Validation Acc: 0.4400(-0.0400)
Client 54	Local Validation Loss: 4.5581(2.6848)	Local Validation Acc: 0.1515(-0.3106)
Client 76	Local Validation Loss: 4.1126(2.7132)	Local Validation Acc: 0.2000(-0.2941)
Client 16	Local Validation Loss: 3.3318(0.5414)	Local Validation Acc: 0.3258(-0.0225)
Client 79	Local Validation Loss: 4.3102(1.9752)	Local Validation Acc: 0.1508(-0.3651)
Client 6	Local Validation Loss: 3.8918(1.9830)	Local Validation Acc: 0.1207(-0.3448)
Client 5	Local Validation Loss: 2.3130(1.5520)	Local Validation Acc: 0.2125(-0.5875)
Client 50	Local Validation Loss: 4.2338(2.0058)	Local Validation Acc: 0.1685(-0.2446)
Client 34	Local Validation Loss: 2.8640(0.8855)	Local Validation Acc: 0.2927(-0.2195)
Client 63	Local Validation Loss: 2.8022(0.5248)	Local Validation Acc: 0.2637(-0.0659)
Round 3 use time: 100.65 min, ETA: 330.46 hours
================================================================================
Round 4
Selected 10 client IDs: [81 43 88 63 72 41 76  9 83 69]
Client 81	Dropout Rate: 0.5	Model Size: 10.67 MB	Train Loss: 0.3686	Train Acc: 0.8772	Local Validation  Loss: 2.1020	Local Validation Acc: 0.5556	Global Validation Loss: 3.5796	Global Validation Acc: 0.2168
Client 43	Dropout Rate: 0.5	Model Size: 10.67 MB	Train Loss: 0.1327	Train Acc: 0.9448	Local Validation  Loss: 2.4185	Local Validation Acc: 0.5402	Global Validation Loss: 4.0570	Global Validation Acc: 0.2988
Client 88	Dropout Rate: 0.25	Model Size: 23.98 MB	Train Loss: 0.2134	Train Acc: 0.9384	Local Validation  Loss: 2.1760	Local Validation Acc: 0.4457	Global Validation Loss: 3.8310	Global Validation Acc: 0.2855
Client 63	Dropout Rate: 0.9	Model Size: 0.42 MB	Train Loss: 0.4194	Train Acc: 0.8733	Local Validation  Loss: 1.7932	Local Validation Acc: 0.3956	Global Validation Loss: 3.0634	Global Validation Acc: 0.2267
Client 72	Dropout Rate: 0.9	Model Size: 0.42 MB	Train Loss: 0.7140	Train Acc: 0.7732	Local Validation  Loss: 1.8051	Local Validation Acc: 0.4088	Global Validation Loss: 2.8616	Global Validation Acc: 0.2308
Client 41	Dropout Rate: 0.1	Model Size: 34.40 MB	Train Loss: 0.4798	Train Acc: 0.8455	Local Validation  Loss: 1.9913	Local Validation Acc: 0.3614	Global Validation Loss: 3.2618	Global Validation Acc: 0.3054
Client 76	Dropout Rate: 0.9	Model Size: 0.42 MB	Train Loss: 0.8072	Train Acc: 0.7396	Local Validation  Loss: 1.6162	Local Validation Acc: 0.4471	Global Validation Loss: 2.7650	Global Validation Acc: 0.2200
Client 9	Dropout Rate: 0.1	Model Size: 34.40 MB	Train Loss: 0.5000	Train Acc: 0.8294	Local Validation  Loss: 1.9237	Local Validation Acc: 0.4651	Global Validation Loss: 3.7345	Global Validation Acc: 0.2684
Client 83	Dropout Rate: 0.9	Model Size: 0.42 MB	Train Loss: 0.7586	Train Acc: 0.7782	Local Validation  Loss: 1.9755	Local Validation Acc: 0.3261	Global Validation Loss: 3.0069	Global Validation Acc: 0.2187
Client 69	Dropout Rate: 0.5	Model Size: 10.67 MB	Train Loss: 0.1658	Train Acc: 0.9478	Local Validation  Loss: 2.7367	Local Validation Acc: 0.4151	Global Validation Loss: 4.6036	Global Validation Acc: 0.2903
Aggregated
Global Test Loss: 2.7094	Global Test Acc: 0.2357
Client 81	Local Validation Loss: 1.7868(-0.3152)	Local Validation Acc: 0.3472(-0.2083)
Client 43	Local Validation Loss: 2.4843(0.0659)	Local Validation Acc: 0.3103(-0.2299)
Client 88	Local Validation Loss: 2.5035(0.3275)	Local Validation Acc: 0.2229(-0.2229)
Client 63	Local Validation Loss: 3.0071(1.2139)	Local Validation Acc: 0.1648(-0.2308)
Client 72	Local Validation Loss: 2.6456(0.8405)	Local Validation Acc: 0.1602(-0.2486)
Client 41	Local Validation Loss: 2.5529(0.5615)	Local Validation Acc: 0.3133(-0.0482)
Client 76	Local Validation Loss: 2.5449(0.9287)	Local Validation Acc: 0.2000(-0.2471)
Client 9	Local Validation Loss: 2.1415(0.2179)	Local Validation Acc: 0.4070(-0.0581)
Client 83	Local Validation Loss: 2.9156(0.9401)	Local Validation Acc: 0.1793(-0.1467)
Client 69	Local Validation Loss: 2.4809(-0.2558)	Local Validation Acc: 0.2830(-0.1321)
Round 4 use time: 108.06 min, ETA: 352.99 hours
================================================================================
Round 5
Selected 10 client IDs: [70 41 33  3 65 80 27 30 72  7]
Client 70	Dropout Rate: 0.5	Model Size: 10.67 MB	Train Loss: 0.0236	Train Acc: 1.0000	Local Validation  Loss: 3.7791	Local Validation Acc: 0.2500	Global Validation Loss: 3.2967	Global Validation Acc: 0.2796
Client 41	Dropout Rate: 0.1	Model Size: 34.40 MB	Train Loss: 0.2646	Train Acc: 0.9212	Local Validation  Loss: 3.5920	Local Validation Acc: 0.4337	Global Validation Loss: 5.2722	Global Validation Acc: 0.2750
Client 33	Dropout Rate: 0.9	Model Size: 0.42 MB	Train Loss: 0.5698	Train Acc: 0.8217	Local Validation  Loss: 1.9174	Local Validation Acc: 0.5032	Global Validation Loss: 2.9405	Global Validation Acc: 0.2574
Client 3	Dropout Rate: 0.5	Model Size: 10.67 MB	Train Loss: 0.0923	Train Acc: 0.9705	Local Validation  Loss: 1.3864	Local Validation Acc: 0.5948	Global Validation Loss: 3.8741	Global Validation Acc: 0.3142
Client 65	Dropout Rate: 0.9	Model Size: 0.42 MB	Train Loss: 0.6196	Train Acc: 0.7427	Local Validation  Loss: 1.3731	Local Validation Acc: 0.3953	Global Validation Loss: 3.5140	Global Validation Acc: 0.1838
Client 80	Dropout Rate: 0.9	Model Size: 0.42 MB	Train Loss: 0.5331	Train Acc: 0.8305	Local Validation  Loss: 1.9660	Local Validation Acc: 0.4237	Global Validation Loss: 3.1384	Global Validation Acc: 0.2138
Client 27	Dropout Rate: 0.25	Model Size: 23.98 MB	Train Loss: 0.0307	Train Acc: 0.9901	Local Validation  Loss: 1.7487	Local Validation Acc: 0.6650	Global Validation Loss: 4.7563	Global Validation Acc: 0.2885
Client 30	Dropout Rate: 0.9	Model Size: 0.42 MB	Train Loss: 0.8730	Train Acc: 0.7033	Local Validation  Loss: 1.6801	Local Validation Acc: 0.4474	Global Validation Loss: 3.2477	Global Validation Acc: 0.2049
Client 72	Dropout Rate: 0.9	Model Size: 0.42 MB	Train Loss: 0.4804	Train Acc: 0.8520	Local Validation  Loss: 1.8785	Local Validation Acc: 0.4641	Global Validation Loss: 3.1264	Global Validation Acc: 0.2324
Client 7	Dropout Rate: 0.25	Model Size: 23.98 MB	Train Loss: 0.0924	Train Acc: 0.9839	Local Validation  Loss: 2.5417	Local Validation Acc: 0.4375	Global Validation Loss: 3.9040	Global Validation Acc: 0.2596
Aggregated
Global Test Loss: 2.9376	Global Test Acc: 0.3203
Client 70	Local Validation Loss: 2.4220(-1.3571)	Local Validation Acc: 0.3214(0.0714)
Client 41	Local Validation Loss: 2.5410(-1.0510)	Local Validation Acc: 0.3735(-0.0602)
Client 33	Local Validation Loss: 3.8323(1.9149)	Local Validation Acc: 0.1911(-0.3121)
Client 3	Local Validation Loss: 1.9914(0.6050)	Local Validation Acc: 0.5163(-0.0784)
Client 65	Local Validation Loss: 2.2103(0.8372)	Local Validation Acc: 0.4884(0.0930)
Client 80	Local Validation Loss: 3.5813(1.6153)	Local Validation Acc: 0.1864(-0.2373)
Client 27	Local Validation Loss: 3.3746(1.6259)	Local Validation Acc: 0.2709(-0.3941)
Client 30	Local Validation Loss: 2.3371(0.6571)	Local Validation Acc: 0.4342(-0.0132)
Client 72	Local Validation Loss: 3.3355(1.4570)	Local Validation Acc: 0.1713(-0.2928)
Client 7	Local Validation Loss: 2.2664(-0.2754)	Local Validation Acc: 0.4688(0.0312)
Round 5 use time: 104.60 min, ETA: 339.96 hours
================================================================================
Round 6
Selected 10 client IDs: [86 18 13 90 98 99 53 43 55 57]
Client 86	Dropout Rate: 0.9	Model Size: 0.42 MB	Train Loss: 0.9049	Train Acc: 0.7006	Local Validation  Loss: 1.9919	Local Validation Acc: 0.3333	Global Validation Loss: 3.0492	Global Validation Acc: 0.1940
Client 18	Dropout Rate: 0.9	Model Size: 0.42 MB	Train Loss: 0.4940	Train Acc: 0.8392	Local Validation  Loss: 2.1011	Local Validation Acc: 0.4565	Global Validation Loss: 3.1186	Global Validation Acc: 0.2549
Client 13	Dropout Rate: 0.5	Model Size: 10.67 MB	Train Loss: 0.0983	Train Acc: 0.9702	Local Validation  Loss: 1.8056	Local Validation Acc: 0.6667	Global Validation Loss: 5.6887	Global Validation Acc: 0.2872
Client 90	Dropout Rate: 0.25	Model Size: 23.98 MB	Train Loss: 0.2963	Train Acc: 0.9463	Local Validation  Loss: 2.2308	Local Validation Acc: 0.3980	Global Validation Loss: 3.2101	Global Validation Acc: 0.3294
Client 98	Dropout Rate: 0.9	Model Size: 0.42 MB	Train Loss: 0.9012	Train Acc: 0.6650	Local Validation  Loss: 1.6797	Local Validation Acc: 0.4848	Global Validation Loss: 2.8733	Global Validation Acc: 0.2220
Client 99	Dropout Rate: 0.9	Model Size: 0.42 MB	Train Loss: 0.4928	Train Acc: 0.8343	Local Validation  Loss: 2.0332	Local Validation Acc: 0.4706	Global Validation Loss: 2.7712	Global Validation Acc: 0.2702
Client 53	Dropout Rate: 0.9	Model Size: 0.42 MB	Train Loss: 0.5070	Train Acc: 0.8501	Local Validation  Loss: 1.9229	Local Validation Acc: 0.3448	Global Validation Loss: 3.1734	Global Validation Acc: 0.1998
Client 43	Dropout Rate: 0.5	Model Size: 10.67 MB	Train Loss: 0.0262	Train Acc: 1.0000	Local Validation  Loss: 2.5858	Local Validation Acc: 0.4943	Global Validation Loss: 4.1474	Global Validation Acc: 0.2785
Client 55	Dropout Rate: 0.9	Model Size: 0.42 MB	Train Loss: 1.2384	Train Acc: 0.5180	Local Validation  Loss: 1.5869	Local Validation Acc: 0.5000	Global Validation Loss: 2.7959	Global Validation Acc: 0.1672
Client 57	Dropout Rate: 0.9	Model Size: 0.42 MB	Train Loss: 0.8221	Train Acc: 0.7282	Local Validation  Loss: 1.2502	Local Validation Acc: 0.5102	Global Validation Loss: 3.2727	Global Validation Acc: 0.2323
Aggregated
Global Test Loss: 2.8725	Global Test Acc: 0.3337
Client 86	Local Validation Loss: 3.1077(1.1159)	Local Validation Acc: 0.2857(-0.0476)
Client 18	Local Validation Loss: 2.3885(0.2875)	Local Validation Acc: 0.3967(-0.0598)
Client 13	Local Validation Loss: 1.8962(0.0905)	Local Validation Acc: 0.4689(-0.1977)
Client 90	Local Validation Loss: 2.6002(0.3694)	Local Validation Acc: 0.3163(-0.0816)
Client 98	Local Validation Loss: 3.6020(1.9223)	Local Validation Acc: 0.2424(-0.2424)
Client 99	Local Validation Loss: 3.7237(1.6905)	Local Validation Acc: 0.2851(-0.1855)
Client 53	Local Validation Loss: 3.1441(1.2212)	Local Validation Acc: 0.4253(0.0805)
Client 43	Local Validation Loss: 3.0331(0.4473)	Local Validation Acc: 0.3218(-0.1724)
Client 55	Local Validation Loss: 3.0273(1.4405)	Local Validation Acc: 0.3469(-0.1531)
Client 57	Local Validation Loss: 1.9078(0.6576)	Local Validation Acc: 0.4796(-0.0306)
Round 6 use time: 98.76 min, ETA: 319.34 hours
================================================================================
Round 7
Selected 10 client IDs: [74 50 93 40 82 73 99 98  3 83]
Client 74	Dropout Rate: 0.9	Model Size: 0.42 MB	Train Loss: 0.2316	Train Acc: 0.9452	Local Validation  Loss: 1.7354	Local Validation Acc: 0.5435	Global Validation Loss: 3.5491	Global Validation Acc: 0.2238
Client 50	Dropout Rate: 0.75	Model Size: 2.67 MB	Train Loss: 0.1048	Train Acc: 0.9699	Local Validation  Loss: 2.9102	Local Validation Acc: 0.4130	Global Validation Loss: 3.6121	Global Validation Acc: 0.3334
Client 93	Dropout Rate: 0.75	Model Size: 2.67 MB	Train Loss: 0.8935	Train Acc: 0.7887	Local Validation  Loss: 2.3509	Local Validation Acc: 0.4722	Global Validation Loss: 4.3759	Global Validation Acc: 0.1761
Client 40	Dropout Rate: 0.9	Model Size: 0.42 MB	Train Loss: 0.3248	Train Acc: 0.9109	Local Validation  Loss: 2.1695	Local Validation Acc: 0.4079	Global Validation Loss: 3.1508	Global Validation Acc: 0.2204
Client 82	Dropout Rate: 0.9	Model Size: 0.42 MB	Train Loss: 0.3647	Train Acc: 0.9028	Local Validation  Loss: 1.8076	Local Validation Acc: 0.5161	Global Validation Loss: 3.3739	Global Validation Acc: 0.1952
Client 73	Dropout Rate: 0.75	Model Size: 2.67 MB	Train Loss: 0.3478	Train Acc: 0.8934	Local Validation  Loss: 2.4918	Local Validation Acc: 0.3962	Global Validation Loss: 3.1013	Global Validation Acc: 0.3053
Client 99	Dropout Rate: 0.9	Model Size: 0.42 MB	Train Loss: 0.3651	Train Acc: 0.8865	Local Validation  Loss: 2.2728	Local Validation Acc: 0.4480	Global Validation Loss: 3.0330	Global Validation Acc: 0.2862
Client 98	Dropout Rate: 0.9	Model Size: 0.42 MB	Train Loss: 1.1836	Train Acc: 0.5761	Local Validation  Loss: 1.7808	Local Validation Acc: 0.4444	Global Validation Loss: 3.2174	Global Validation Acc: 0.2088
Client 3	Dropout Rate: 0.5	Model Size: 10.67 MB	Train Loss: 0.0799	Train Acc: 0.9820	Local Validation  Loss: 1.1026	Local Validation Acc: 0.6667	Global Validation Loss: 3.2985	Global Validation Acc: 0.3247
Client 83	Dropout Rate: 0.9	Model Size: 0.42 MB	Train Loss: 0.4671	Train Acc: 0.8449	Local Validation  Loss: 2.0731	Local Validation Acc: 0.3859	Global Validation Loss: 3.2438	Global Validation Acc: 0.2349
Aggregated
Global Test Loss: 2.5050	Global Test Acc: 0.3531
Client 74	Local Validation Loss: 2.5144(0.7789)	Local Validation Acc: 0.3804(-0.1630)
Client 50	Local Validation Loss: 2.9908(0.0806)	Local Validation Acc: 0.2663(-0.1467)
Client 93	Local Validation Loss: 2.2810(-0.0699)	Local Validation Acc: 0.3333(-0.1389)
Client 40	Local Validation Loss: 2.7223(0.5528)	Local Validation Acc: 0.3553(-0.0526)
Client 82	Local Validation Loss: 2.6013(0.7937)	Local Validation Acc: 0.2903(-0.2258)
Client 73	Local Validation Loss: 2.7965(0.3047)	Local Validation Acc: 0.3679(-0.0283)
Client 99	Local Validation Loss: 2.8731(0.6003)	Local Validation Acc: 0.3077(-0.1403)
Client 98	Local Validation Loss: 3.0920(1.3112)	Local Validation Acc: 0.2828(-0.1616)
Client 3	Local Validation Loss: 2.6905(1.5879)	Local Validation Acc: 0.2484(-0.4183)
Client 83	Local Validation Loss: 2.3894(0.3163)	Local Validation Acc: 0.3152(-0.0707)
Round 7 use time: 97.70 min, ETA: 314.28 hours
================================================================================
Round 8
Selected 10 client IDs: [34  1 16 32 86 28 91 11 29 71]
Client 34	Dropout Rate: 0.75	Model Size: 2.67 MB	Train Loss: 0.1028	Train Acc: 0.9736	Local Validation  Loss: 1.9486	Local Validation Acc: 0.5935	Global Validation Loss: 4.3288	Global Validation Acc: 0.2541
Client 1	Dropout Rate: 0.1	Model Size: 34.40 MB	Train Loss: 0.0589	Train Acc: 0.9856	Local Validation  Loss: 1.6336	Local Validation Acc: 0.6538	Global Validation Loss: 5.4827	Global Validation Acc: 0.2538
Client 16	Dropout Rate: 0.5	Model Size: 10.67 MB	Train Loss: 0.0134	Train Acc: 0.9972	Local Validation  Loss: 2.8967	Local Validation Acc: 0.3820	Global Validation Loss: 3.8230	Global Validation Acc: 0.3162
Client 32	Dropout Rate: 0.9	Model Size: 0.42 MB	Train Loss: 0.1870	Train Acc: 0.9562	Local Validation  Loss: 1.8351	Local Validation Acc: 0.5109	Global Validation Loss: 3.3634	Global Validation Acc: 0.2582
Client 86	Dropout Rate: 0.9	Model Size: 0.42 MB	Train Loss: 0.3586	Train Acc: 0.9102	Local Validation  Loss: 2.4559	Local Validation Acc: 0.3810	Global Validation Loss: 2.9313	Global Validation Acc: 0.2416
Client 28	Dropout Rate: 0.9	Model Size: 0.42 MB	Train Loss: 1.0642	Train Acc: 0.6649	Local Validation  Loss: 1.2983	Local Validation Acc: 0.5918	Global Validation Loss: 3.0046	Global Validation Acc: 0.2250
Client 91	Dropout Rate: 0.9	Model Size: 0.42 MB	Train Loss: 0.2564	Train Acc: 0.9227	Local Validation  Loss: 1.9554	Local Validation Acc: 0.4898	Global Validation Loss: 3.3081	Global Validation Acc: 0.2302
Client 11	Dropout Rate: 0.9	Model Size: 0.42 MB	Train Loss: 0.4334	Train Acc: 0.8650	Local Validation  Loss: 1.7327	Local Validation Acc: 0.5854	Global Validation Loss: 3.1672	Global Validation Acc: 0.2142
Client 29	Dropout Rate: 0.9	Model Size: 0.42 MB	Train Loss: 0.3120	Train Acc: 0.9048	Local Validation  Loss: 2.0262	Local Validation Acc: 0.4862	Global Validation Loss: 3.5462	Global Validation Acc: 0.2615
Client 71	Dropout Rate: 0.9	Model Size: 0.42 MB	Train Loss: 1.0658	Train Acc: 0.6434	Local Validation  Loss: 1.4248	Local Validation Acc: 0.4462	Global Validation Loss: 3.6039	Global Validation Acc: 0.2028
Aggregated
Global Test Loss: 4.6264	Global Test Acc: 0.2612
Client 34	Local Validation Loss: 3.2249(1.2763)	Local Validation Acc: 0.3333(-0.2602)
Client 1	Local Validation Loss: 1.4481(-0.1856)	Local Validation Acc: 0.6538(0.0000)
Client 16	Local Validation Loss: 3.3673(0.4706)	Local Validation Acc: 0.3258(-0.0562)
Client 32	Local Validation Loss: 4.6746(2.8395)	Local Validation Acc: 0.2717(-0.2391)
Client 86	Local Validation Loss: 6.3145(3.8586)	Local Validation Acc: 0.1429(-0.2381)
Client 28	Local Validation Loss: 5.0030(3.7047)	Local Validation Acc: 0.2449(-0.3469)
Client 91	Local Validation Loss: 3.0820(1.1265)	Local Validation Acc: 0.5102(0.0204)
Client 11	Local Validation Loss: 3.0948(1.3621)	Local Validation Acc: 0.4390(-0.1463)
Client 29	Local Validation Loss: 4.3845(2.3584)	Local Validation Acc: 0.2648(-0.2213)
Client 71	Local Validation Loss: 5.5696(4.1448)	Local Validation Acc: 0.0615(-0.3846)
Round 8 use time: 95.60 min, ETA: 305.92 hours
================================================================================
Round 9
Selected 10 client IDs: [56 46 20 22 18 92 62 44 45  1]
Client 56	Dropout Rate: 0.5	Model Size: 10.67 MB	Train Loss: 0.0033	Train Acc: 1.0000	Local Validation  Loss: 2.4188	Local Validation Acc: 0.6000	Global Validation Loss: 5.3438	Global Validation Acc: 0.3083
Client 46	Dropout Rate: 0.25	Model Size: 23.98 MB	Train Loss: 0.2988	Train Acc: 0.9241	Local Validation  Loss: 2.4905	Local Validation Acc: 0.5205	Global Validation Loss: 3.1079	Global Validation Acc: 0.3038
Client 20	Dropout Rate: 0.9	Model Size: 0.42 MB	Train Loss: 0.2550	Train Acc: 0.9186	Local Validation  Loss: 1.5037	Local Validation Acc: 0.6306	Global Validation Loss: 4.2040	Global Validation Acc: 0.2087
Client 22	Dropout Rate: 0.75	Model Size: 2.67 MB	Train Loss: 0.1049	Train Acc: 0.9750	Local Validation  Loss: 2.1399	Local Validation Acc: 0.5875	Global Validation Loss: 4.3197	Global Validation Acc: 0.2773
Client 18	Dropout Rate: 0.9	Model Size: 0.42 MB	Train Loss: 0.3602	Train Acc: 0.8896	Local Validation  Loss: 2.0737	Local Validation Acc: 0.4565	Global Validation Loss: 3.2725	Global Validation Acc: 0.2655
Client 92	Dropout Rate: 0.9	Model Size: 0.42 MB	Train Loss: 0.8624	Train Acc: 0.6643	Local Validation  Loss: 1.5157	Local Validation Acc: 0.5429	Global Validation Loss: 3.3616	Global Validation Acc: 0.1502
Client 62	Dropout Rate: 0.9	Model Size: 0.42 MB	Train Loss: 0.1518	Train Acc: 0.9680	Local Validation  Loss: 1.9141	Local Validation Acc: 0.5461	Global Validation Loss: 3.8780	Global Validation Acc: 0.2632
Client 44	Dropout Rate: 0.25	Model Size: 23.98 MB	Train Loss: 0.0808	Train Acc: 0.9883	Local Validation  Loss: 1.3496	Local Validation Acc: 0.6729	Global Validation Loss: 3.9881	Global Validation Acc: 0.2898
Client 45	Dropout Rate: 0.5	Model Size: 10.67 MB	Train Loss: 0.1097	Train Acc: 0.9613	Local Validation  Loss: 1.9935	Local Validation Acc: 0.5278	Global Validation Loss: 4.1323	Global Validation Acc: 0.2295
Client 1	Dropout Rate: 0.1	Model Size: 34.40 MB	Train Loss: 0.0018	Train Acc: 1.0000	Local Validation  Loss: 2.1653	Local Validation Acc: 0.6154	Global Validation Loss: 6.7491	Global Validation Acc: 0.2358
Aggregated
Global Test Loss: 4.3250	Global Test Acc: 0.2226
Client 56	Local Validation Loss: 4.0979(1.6791)	Local Validation Acc: 0.1895(-0.4105)
Client 46	Local Validation Loss: 2.8611(0.3706)	Local Validation Acc: 0.4658(-0.0548)
Client 20	Local Validation Loss: 4.9196(3.4159)	Local Validation Acc: 0.1982(-0.4324)
Client 22	Local Validation Loss: 3.8838(1.7438)	Local Validation Acc: 0.1500(-0.4375)
Client 18	Local Validation Loss: 3.6154(1.5417)	Local Validation Acc: 0.3696(-0.0870)
Client 92	Local Validation Loss: 4.5931(3.0774)	Local Validation Acc: 0.1143(-0.4286)
Client 62	Local Validation Loss: 6.0937(4.1797)	Local Validation Acc: 0.1348(-0.4113)
Client 44	Local Validation Loss: 1.8995(0.5499)	Local Validation Acc: 0.5794(-0.0935)
Client 45	Local Validation Loss: 3.6904(1.6970)	Local Validation Acc: 0.2361(-0.2917)
Client 1	Local Validation Loss: 5.6945(3.5292)	Local Validation Acc: 0.0577(-0.5577)
Round 9 use time: 105.54 min, ETA: 335.96 hours
================================================================================
Round 10
Selected 10 client IDs: [20 78 88 27 33 97 54 39 36 43]
Client 20	Dropout Rate: 0.9	Model Size: 0.42 MB	Train Loss: 0.0724	Train Acc: 0.9864	Local Validation  Loss: 1.4198	Local Validation Acc: 0.6847	Global Validation Loss: 4.0415	Global Validation Acc: 0.2587
Client 78	Dropout Rate: 0.5	Model Size: 10.67 MB	Train Loss: 0.0516	Train Acc: 0.9797	Local Validation  Loss: 1.3200	Local Validation Acc: 0.6351	Global Validation Loss: 5.2601	Global Validation Acc: 0.2859
Client 88	Dropout Rate: 0.25	Model Size: 23.98 MB	Train Loss: 0.0875	Train Acc: 0.9713	Local Validation  Loss: 2.9286	Local Validation Acc: 0.4286	Global Validation Loss: 4.7896	Global Validation Acc: 0.3027
Client 27	Dropout Rate: 0.25	Model Size: 23.98 MB	Train Loss: 0.0423	Train Acc: 0.9803	Local Validation  Loss: 1.7637	Local Validation Acc: 0.7094	Global Validation Loss: 4.7176	Global Validation Acc: 0.2914
Client 33	Dropout Rate: 0.9	Model Size: 0.42 MB	Train Loss: 0.1808	Train Acc: 0.9522	Local Validation  Loss: 2.2012	Local Validation Acc: 0.4459	Global Validation Loss: 3.3097	Global Validation Acc: 0.2709
Client 97	Dropout Rate: 0.9	Model Size: 0.42 MB	Train Loss: 0.1812	Train Acc: 0.9603	Local Validation  Loss: 2.5821	Local Validation Acc: 0.4035	Global Validation Loss: 3.6336	Global Validation Acc: 0.2084
Client 54	Dropout Rate: 0.9	Model Size: 0.42 MB	Train Loss: 0.7333	Train Acc: 0.7200	Local Validation  Loss: 2.3394	Local Validation Acc: 0.4394	Global Validation Loss: 2.9249	Global Validation Acc: 0.2610
Client 39	Dropout Rate: 0.9	Model Size: 0.42 MB	Train Loss: 0.1792	Train Acc: 0.9615	Local Validation  Loss: 2.4221	Local Validation Acc: 0.4528	Global Validation Loss: 3.4570	Global Validation Acc: 0.2338
Client 36	Dropout Rate: 0.9	Model Size: 0.42 MB	Train Loss: 0.2616	Train Acc: 0.9336	Local Validation  Loss: 1.6622	Local Validation Acc: 0.5983	Global Validation Loss: 3.5412	Global Validation Acc: 0.2373
Client 43	Dropout Rate: 0.5	Model Size: 10.67 MB	Train Loss: 0.0795	Train Acc: 0.9913	Local Validation  Loss: 3.0177	Local Validation Acc: 0.5287	Global Validation Loss: 5.1235	Global Validation Acc: 0.2922
Aggregated
Global Test Loss: 3.0682	Global Test Acc: 0.3058
Client 20	Local Validation Loss: 2.9293(1.5095)	Local Validation Acc: 0.3514(-0.3333)
Client 78	Local Validation Loss: 2.5976(1.2776)	Local Validation Acc: 0.4054(-0.2297)
Client 88	Local Validation Loss: 2.1535(-0.7751)	Local Validation Acc: 0.4400(0.0114)
Client 27	Local Validation Loss: 1.8776(0.1139)	Local Validation Acc: 0.6207(-0.0887)
Client 33	Local Validation Loss: 3.3472(1.1460)	Local Validation Acc: 0.2994(-0.1465)
Client 97	Local Validation Loss: 2.6896(0.1075)	Local Validation Acc: 0.3333(-0.0702)
Client 54	Local Validation Loss: 3.3775(1.0381)	Local Validation Acc: 0.2576(-0.1818)
Client 39	Local Validation Loss: 4.1638(1.7417)	Local Validation Acc: 0.2453(-0.2075)
Client 36	Local Validation Loss: 3.4945(1.8323)	Local Validation Acc: 0.1709(-0.4274)
Client 43	Local Validation Loss: 2.2098(-0.8080)	Local Validation Acc: 0.4483(-0.0805)
Average: 0.3007 | 0.0000 (compared to average)
Drpout Rate 0.1: 0.2962 | -0.0045 (compared to average)
Drpout Rate 0.25: 0.3401 | 0.0394 (compared to average)
Drpout Rate 0.5: 0.2993 | -0.0014 (compared to average)
Drpout Rate 0.75: 0.2611 | -0.0396 (compared to average)
Drpout Rate 0.9: 0.3067 | 0.0060 (compared to average)
Round 10 use time: 116.64 min, ETA: 369.37 hours
================================================================================
Round 11
Selected 10 client IDs: [96 56  6  2 73 41 90 47 89 95]
Client 96	Dropout Rate: 0.9	Model Size: 0.42 MB	Train Loss: 0.4624	Train Acc: 0.8550	Local Validation  Loss: 1.9977	Local Validation Acc: 0.4800	Global Validation Loss: 3.0026	Global Validation Acc: 0.2439
Client 56	Dropout Rate: 0.5	Model Size: 10.67 MB	Train Loss: 0.0019	Train Acc: 1.0000	Local Validation  Loss: 2.9084	Local Validation Acc: 0.5579	Global Validation Loss: 5.9833	Global Validation Acc: 0.3121
Client 6	Dropout Rate: 0.9	Model Size: 0.42 MB	Train Loss: 0.1528	Train Acc: 0.9609	Local Validation  Loss: 2.2390	Local Validation Acc: 0.4655	Global Validation Loss: 3.2125	Global Validation Acc: 0.2677
Client 2	Dropout Rate: 0.5	Model Size: 10.67 MB	Train Loss: 0.0553	Train Acc: 0.9859	Local Validation  Loss: 2.3591	Local Validation Acc: 0.5506	Global Validation Loss: 4.5367	Global Validation Acc: 0.3091
Client 73	Dropout Rate: 0.75	Model Size: 2.67 MB	Train Loss: 0.0624	Train Acc: 0.9858	Local Validation  Loss: 2.6791	Local Validation Acc: 0.4717	Global Validation Loss: 4.0476	Global Validation Acc: 0.2956
Client 41	Dropout Rate: 0.1	Model Size: 34.40 MB	Train Loss: 0.0022	Train Acc: 1.0000	Local Validation  Loss: 3.0674	Local Validation Acc: 0.4337	Global Validation Loss: 4.9019	Global Validation Acc: 0.3340
Client 90	Dropout Rate: 0.25	Model Size: 23.98 MB	Train Loss: 0.3508	Train Acc: 0.9233	Local Validation  Loss: 2.5340	Local Validation Acc: 0.4490	Global Validation Loss: 3.5741	Global Validation Acc: 0.3388
Client 47	Dropout Rate: 0.5	Model Size: 10.67 MB	Train Loss: 0.0771	Train Acc: 0.9853	Local Validation  Loss: 2.1049	Local Validation Acc: 0.6544	Global Validation Loss: 4.0134	Global Validation Acc: 0.3082
Client 89	Dropout Rate: 0.1	Model Size: 34.40 MB	Train Loss: 0.2238	Train Acc: 0.9586	Local Validation  Loss: 2.5718	Local Validation Acc: 0.5075	Global Validation Loss: 4.3556	Global Validation Acc: 0.2915
Client 95	Dropout Rate: 0.75	Model Size: 2.67 MB	Train Loss: 0.2173	Train Acc: 0.9189	Local Validation  Loss: 0.9771	Local Validation Acc: 0.7500	Global Validation Loss: 4.3002	Global Validation Acc: 0.1824
Aggregated
Global Test Loss: 2.1840	Global Test Acc: 0.3785
Client 96	Local Validation Loss: 2.0808(0.0831)	Local Validation Acc: 0.4400(-0.0400)
Client 56	Local Validation Loss: 2.0736(-0.8347)	Local Validation Acc: 0.3263(-0.2316)
Client 6	Local Validation Loss: 2.2058(-0.0332)	Local Validation Acc: 0.3793(-0.0862)
Client 2	Local Validation Loss: 2.0516(-0.3075)	Local Validation Acc: 0.3820(-0.1685)
Client 73	Local Validation Loss: 2.7119(0.0329)	Local Validation Acc: 0.2453(-0.2264)
Client 41	Local Validation Loss: 2.2904(-0.7770)	Local Validation Acc: 0.4217(-0.0120)
Client 90	Local Validation Loss: 2.3887(-0.1452)	Local Validation Acc: 0.3571(-0.0918)
Client 47	Local Validation Loss: 1.8155(-0.2894)	Local Validation Acc: 0.5515(-0.1029)
Client 89	Local Validation Loss: 2.0731(-0.4987)	Local Validation Acc: 0.4030(-0.1045)
Client 95	Local Validation Loss: 1.2858(0.3086)	Local Validation Acc: 0.5714(-0.1786)
Round 11 use time: 110.65 min, ETA: 348.53 hours
================================================================================
Round 12
Selected 10 client IDs: [ 5 20 29  0 45 36 47 62 94 84]
Client 5	Dropout Rate: 0.9	Model Size: 0.42 MB	Train Loss: 0.3350	Train Acc: 0.8959	Local Validation  Loss: 0.7116	Local Validation Acc: 0.7875	Global Validation Loss: 3.8791	Global Validation Acc: 0.1726
Client 20	Dropout Rate: 0.9	Model Size: 0.42 MB	Train Loss: 0.1056	Train Acc: 0.9796	Local Validation  Loss: 1.3122	Local Validation Acc: 0.6757	Global Validation Loss: 3.9220	Global Validation Acc: 0.2542
Client 29	Dropout Rate: 0.9	Model Size: 0.42 MB	Train Loss: 0.3038	Train Acc: 0.9107	Local Validation  Loss: 2.3021	Local Validation Acc: 0.4466	Global Validation Loss: 3.8646	Global Validation Acc: 0.2682
Client 0	Dropout Rate: 0.9	Model Size: 0.42 MB	Train Loss: 0.1747	Train Acc: 0.9678	Local Validation  Loss: 2.3551	Local Validation Acc: 0.4037	Global Validation Loss: 4.0379	Global Validation Acc: 0.2458
Client 45	Dropout Rate: 0.5	Model Size: 10.67 MB	Train Loss: 0.0021	Train Acc: 1.0000	Local Validation  Loss: 3.1525	Local Validation Acc: 0.5694	Global Validation Loss: 5.1013	Global Validation Acc: 0.3015
Client 36	Dropout Rate: 0.9	Model Size: 0.42 MB	Train Loss: 0.1343	Train Acc: 0.9700	Local Validation  Loss: 1.7746	Local Validation Acc: 0.5812	Global Validation Loss: 3.8288	Global Validation Acc: 0.2138
Client 47	Dropout Rate: 0.5	Model Size: 10.67 MB	Train Loss: 0.0104	Train Acc: 1.0000	Local Validation  Loss: 3.6233	Local Validation Acc: 0.6691	Global Validation Loss: 4.9995	Global Validation Acc: 0.3083
Client 62	Dropout Rate: 0.9	Model Size: 0.42 MB	Train Loss: 0.0794	Train Acc: 0.9858	Local Validation  Loss: 1.7428	Local Validation Acc: 0.5177	Global Validation Loss: 3.9149	Global Validation Acc: 0.2672
Client 94	Dropout Rate: 0.25	Model Size: 23.98 MB	Train Loss: 0.0058	Train Acc: 0.9980	Local Validation  Loss: 2.8641	Local Validation Acc: 0.5122	Global Validation Loss: 5.2262	Global Validation Acc: 0.3049
Client 84	Dropout Rate: 0.75	Model Size: 2.67 MB	Train Loss: 0.1290	Train Acc: 0.9583	Local Validation  Loss: 3.2971	Local Validation Acc: 0.4271	Global Validation Loss: 4.8183	Global Validation Acc: 0.2628
Aggregated
Global Test Loss: 3.7847	Global Test Acc: 0.3065
Client 5	Local Validation Loss: 2.9961(2.2845)	Local Validation Acc: 0.3750(-0.4125)
Client 20	Local Validation Loss: 4.2703(2.9581)	Local Validation Acc: 0.2432(-0.4324)
Client 29	Local Validation Loss: 3.6981(1.3960)	Local Validation Acc: 0.3281(-0.1186)
Client 0	Local Validation Loss: 3.5641(1.2091)	Local Validation Acc: 0.3486(-0.0550)
Client 45	Local Validation Loss: 4.4040(1.2514)	Local Validation Acc: 0.2361(-0.3333)
Client 36	Local Validation Loss: 2.7398(0.9652)	Local Validation Acc: 0.4444(-0.1368)
Client 47	Local Validation Loss: 3.6445(0.0212)	Local Validation Acc: 0.1912(-0.4779)
Client 62	Local Validation Loss: 4.0185(2.2758)	Local Validation Acc: 0.2766(-0.2411)
Client 94	Local Validation Loss: 2.8186(-0.0455)	Local Validation Acc: 0.4715(-0.0407)
Client 84	Local Validation Loss: 3.4801(0.1830)	Local Validation Acc: 0.1771(-0.2500)
Round 12 use time: 100.98 min, ETA: 316.40 hours
================================================================================
Round 13
Selected 10 client IDs: [91 31 45 82 71 98 52  3 88 32]
Client 91	Dropout Rate: 0.9	Model Size: 0.42 MB	Train Loss: 0.1073	Train Acc: 0.9794	Local Validation  Loss: 1.8293	Local Validation Acc: 0.5714	Global Validation Loss: 3.7933	Global Validation Acc: 0.2423
Client 31	Dropout Rate: 0.9	Model Size: 0.42 MB	Train Loss: 0.0843	Train Acc: 0.9831	Local Validation  Loss: 0.7589	Local Validation Acc: 0.7885	Global Validation Loss: 4.0269	Global Validation Acc: 0.2028
Client 45	Dropout Rate: 0.5	Model Size: 10.67 MB	Train Loss: 0.0030	Train Acc: 1.0000	Local Validation  Loss: 2.6437	Local Validation Acc: 0.5139	Global Validation Loss: 4.9169	Global Validation Acc: 0.2756
Client 82	Dropout Rate: 0.9	Model Size: 0.42 MB	Train Loss: 0.1358	Train Acc: 0.9798	Local Validation  Loss: 2.1183	Local Validation Acc: 0.4677	Global Validation Loss: 3.9590	Global Validation Acc: 0.1962
Client 71	Dropout Rate: 0.9	Model Size: 0.42 MB	Train Loss: 1.0793	Train Acc: 0.6047	Local Validation  Loss: 1.5823	Local Validation Acc: 0.4000	Global Validation Loss: 3.6087	Global Validation Acc: 0.2041
Client 98	Dropout Rate: 0.9	Model Size: 0.42 MB	Train Loss: 0.4792	Train Acc: 0.8401	Local Validation  Loss: 2.0227	Local Validation Acc: 0.4848	Global Validation Loss: 3.3154	Global Validation Acc: 0.2573
Client 52	Dropout Rate: 0.5	Model Size: 10.67 MB	Train Loss: 0.0088	Train Acc: 1.0000	Local Validation  Loss: 1.8206	Local Validation Acc: 0.6600	Global Validation Loss: 4.6140	Global Validation Acc: 0.3075
Client 3	Dropout Rate: 0.5	Model Size: 10.67 MB	Train Loss: 0.0159	Train Acc: 0.9934	Local Validation  Loss: 2.2881	Local Validation Acc: 0.6078	Global Validation Loss: 5.0000	Global Validation Acc: 0.3361
Client 88	Dropout Rate: 0.25	Model Size: 23.98 MB	Train Loss: 0.1212	Train Acc: 0.9613	Local Validation  Loss: 2.8395	Local Validation Acc: 0.4286	Global Validation Loss: 5.0724	Global Validation Acc: 0.3048
Client 32	Dropout Rate: 0.9	Model Size: 0.42 MB	Train Loss: 0.2183	Train Acc: 0.9288	Local Validation  Loss: 1.6652	Local Validation Acc: 0.5761	Global Validation Loss: 3.7511	Global Validation Acc: 0.2792
Aggregated
Global Test Loss: 4.3369	Global Test Acc: 0.2851
Client 91	Local Validation Loss: 6.3437(4.5143)	Local Validation Acc: 0.1020(-0.4694)
Client 31	Local Validation Loss: 3.3459(2.5870)	Local Validation Acc: 0.3654(-0.4231)
Client 45	Local Validation Loss: 4.3339(1.6902)	Local Validation Acc: 0.2639(-0.2500)
Client 82	Local Validation Loss: 5.5597(3.4414)	Local Validation Acc: 0.1935(-0.2742)
Client 71	Local Validation Loss: 5.5029(3.9205)	Local Validation Acc: 0.2154(-0.1846)
Client 98	Local Validation Loss: 2.9864(0.9636)	Local Validation Acc: 0.3939(-0.0909)
Client 52	Local Validation Loss: 2.8031(0.9825)	Local Validation Acc: 0.5600(-0.1000)
Client 3	Local Validation Loss: 2.8330(0.5449)	Local Validation Acc: 0.4837(-0.1242)
Client 88	Local Validation Loss: 2.9503(0.1108)	Local Validation Acc: 0.3771(-0.0514)
Client 32	Local Validation Loss: 5.5014(3.8362)	Local Validation Acc: 0.2717(-0.3043)
Round 13 use time: 99.48 min, ETA: 310.04 hours
================================================================================
Round 14
Selected 10 client IDs: [ 5 41 23 48 74 72 58 22 45 59]
Client 5	Dropout Rate: 0.9	Model Size: 0.42 MB	Train Loss: 0.0575	Train Acc: 0.9874	Local Validation  Loss: 1.0497	Local Validation Acc: 0.7875	Global Validation Loss: 5.0237	Global Validation Acc: 0.1854
Client 41	Dropout Rate: 0.1	Model Size: 34.40 MB	Train Loss: 0.0010	Train Acc: 1.0000	Local Validation  Loss: 3.5226	Local Validation Acc: 0.4217	Global Validation Loss: 4.9881	Global Validation Acc: 0.3454
Client 23	Dropout Rate: 0.5	Model Size: 10.67 MB	Train Loss: 0.0044	Train Acc: 1.0000	Local Validation  Loss: 2.6686	Local Validation Acc: 0.5932	Global Validation Loss: 5.5219	Global Validation Acc: 0.2440
Client 48	Dropout Rate: 0.9	Model Size: 0.42 MB	Train Loss: 0.4790	Train Acc: 0.8363	Local Validation  Loss: 1.8565	Local Validation Acc: 0.5352	Global Validation Loss: 3.8521	Global Validation Acc: 0.2244
Client 74	Dropout Rate: 0.9	Model Size: 0.42 MB	Train Loss: 0.2509	Train Acc: 0.9315	Local Validation  Loss: 1.6528	Local Validation Acc: 0.6630	Global Validation Loss: 3.9184	Global Validation Acc: 0.2457
Client 72	Dropout Rate: 0.9	Model Size: 0.42 MB	Train Loss: 0.2444	Train Acc: 0.9308	Local Validation  Loss: 2.4528	Local Validation Acc: 0.4917	Global Validation Loss: 3.7491	Global Validation Acc: 0.2549
Client 58	Dropout Rate: 0.5	Model Size: 10.67 MB	Train Loss: 0.1737	Train Acc: 0.9242	Local Validation  Loss: 2.2491	Local Validation Acc: 0.5224	Global Validation Loss: 4.0766	Global Validation Acc: 0.2909
Client 22	Dropout Rate: 0.75	Model Size: 2.67 MB	Train Loss: 0.0036	Train Acc: 1.0000	Local Validation  Loss: 2.7115	Local Validation Acc: 0.5750	Global Validation Loss: 5.2873	Global Validation Acc: 0.2775
Client 45	Dropout Rate: 0.5	Model Size: 10.67 MB	Train Loss: 0.0014	Train Acc: 1.0000	Local Validation  Loss: 2.9178	Local Validation Acc: 0.5000	Global Validation Loss: 4.4394	Global Validation Acc: 0.3354
Client 59	Dropout Rate: 0.75	Model Size: 2.67 MB	Train Loss: 0.1115	Train Acc: 0.9683	Local Validation  Loss: 2.9933	Local Validation Acc: 0.4930	Global Validation Loss: 4.4086	Global Validation Acc: 0.2893
Aggregated
Global Test Loss: 3.7868	Global Test Acc: 0.3650
Client 5	Local Validation Loss: 6.4721(5.4224)	Local Validation Acc: 0.0875(-0.7000)
Client 41	Local Validation Loss: 2.8654(-0.6572)	Local Validation Acc: 0.3614(-0.0602)
Client 23	Local Validation Loss: 3.0477(0.3791)	Local Validation Acc: 0.4237(-0.1695)
Client 48	Local Validation Loss: 2.8104(0.9539)	Local Validation Acc: 0.4155(-0.1197)
Client 74	Local Validation Loss: 3.0676(1.4148)	Local Validation Acc: 0.3696(-0.2935)
Client 72	Local Validation Loss: 3.6202(1.1674)	Local Validation Acc: 0.3812(-0.1105)
Client 58	Local Validation Loss: 4.8187(2.5696)	Local Validation Acc: 0.2388(-0.2836)
Client 22	Local Validation Loss: 2.4426(-0.2689)	Local Validation Acc: 0.4500(-0.1250)
Client 45	Local Validation Loss: 3.1919(0.2741)	Local Validation Acc: 0.3472(-0.1528)
Client 59	Local Validation Loss: 2.8874(-0.1058)	Local Validation Acc: 0.2958(-0.1972)
Round 14 use time: 103.88 min, ETA: 322.03 hours
================================================================================
Round 15
Selected 10 client IDs: [55 58 96 22 37 52 27 93 47 39]
Client 55	Dropout Rate: 0.9	Model Size: 0.42 MB	Train Loss: 0.8423	Train Acc: 0.8428	Local Validation  Loss: 1.6161	Local Validation Acc: 0.5102	Global Validation Loss: 3.0019	Global Validation Acc: 0.2855
Client 58	Dropout Rate: 0.5	Model Size: 10.67 MB	Train Loss: 0.0128	Train Acc: 1.0000	Local Validation  Loss: 2.5738	Local Validation Acc: 0.5224	Global Validation Loss: 4.7695	Global Validation Acc: 0.3024
Client 96	Dropout Rate: 0.9	Model Size: 0.42 MB	Train Loss: 0.4030	Train Acc: 0.8900	Local Validation  Loss: 1.9240	Local Validation Acc: 0.5000	Global Validation Loss: 3.1732	Global Validation Acc: 0.2506
Client 22	Dropout Rate: 0.75	Model Size: 2.67 MB	Train Loss: 0.0017	Train Acc: 1.0000	Local Validation  Loss: 2.8661	Local Validation Acc: 0.5875	Global Validation Loss: 5.4836	Global Validation Acc: 0.2768
Client 37	Dropout Rate: 0.9	Model Size: 0.42 MB	Train Loss: 0.2880	Train Acc: 0.9134	Local Validation  Loss: 2.4056	Local Validation Acc: 0.5000	Global Validation Loss: 3.2352	Global Validation Acc: 0.2899
Client 52	Dropout Rate: 0.5	Model Size: 10.67 MB	Train Loss: 0.0021	Train Acc: 1.0000	Local Validation  Loss: 2.0528	Local Validation Acc: 0.6400	Global Validation Loss: 5.1908	Global Validation Acc: 0.3026
Client 27	Dropout Rate: 0.25	Model Size: 23.98 MB	Train Loss: 0.0021	Train Acc: 1.0000	Local Validation  Loss: 2.3428	Local Validation Acc: 0.7192	Global Validation Loss: 5.1671	Global Validation Acc: 0.3142
Client 93	Dropout Rate: 0.75	Model Size: 2.67 MB	Train Loss: 0.1490	Train Acc: 0.9507	Local Validation  Loss: 2.2726	Local Validation Acc: 0.4167	Global Validation Loss: 4.1311	Global Validation Acc: 0.2491
Client 47	Dropout Rate: 0.5	Model Size: 10.67 MB	Train Loss: 0.0018	Train Acc: 1.0000	Local Validation  Loss: 4.2764	Local Validation Acc: 0.6618	Global Validation Loss: 5.1961	Global Validation Acc: 0.3272
Client 39	Dropout Rate: 0.9	Model Size: 0.42 MB	Train Loss: 0.1488	Train Acc: 0.9808	Local Validation  Loss: 2.6492	Local Validation Acc: 0.4151	Global Validation Loss: 3.4809	Global Validation Acc: 0.2643
Aggregated
Global Test Loss: 3.3103	Global Test Acc: 0.3513
Client 55	Local Validation Loss: 3.7561(2.1400)	Local Validation Acc: 0.3265(-0.1837)
Client 58	Local Validation Loss: 3.0588(0.4850)	Local Validation Acc: 0.4328(-0.0896)
Client 96	Local Validation Loss: 3.6465(1.7225)	Local Validation Acc: 0.3200(-0.1800)
Client 22	Local Validation Loss: 3.5088(0.6426)	Local Validation Acc: 0.3125(-0.2750)
Client 37	Local Validation Loss: 3.6639(1.2583)	Local Validation Acc: 0.3766(-0.1234)
Client 52	Local Validation Loss: 3.3756(1.3228)	Local Validation Acc: 0.2000(-0.4400)
Client 27	Local Validation Loss: 2.6210(0.2782)	Local Validation Acc: 0.5320(-0.1872)
Client 93	Local Validation Loss: 3.2834(1.0107)	Local Validation Acc: 0.3611(-0.0556)
Client 47	Local Validation Loss: 3.3282(-0.9482)	Local Validation Acc: 0.4265(-0.2353)
Client 39	Local Validation Loss: 2.9756(0.3263)	Local Validation Acc: 0.4528(0.0377)
Round 15 use time: 103.59 min, ETA: 319.40 hours
================================================================================
Round 16
Selected 10 client IDs: [47 15 55 92 37 42 89 80 77 40]
Client 47	Dropout Rate: 0.5	Model Size: 10.67 MB	Train Loss: 0.0729	Train Acc: 0.9669	Local Validation  Loss: 3.1340	Local Validation Acc: 0.6618	Global Validation Loss: 4.6575	Global Validation Acc: 0.3152
Client 15	Dropout Rate: 0.9	Model Size: 0.42 MB	Train Loss: 0.3872	Train Acc: 0.8760	Local Validation  Loss: 1.6928	Local Validation Acc: 0.5443	Global Validation Loss: 3.6329	Global Validation Acc: 0.2525
Client 55	Dropout Rate: 0.9	Model Size: 0.42 MB	Train Loss: 0.6493	Train Acc: 0.9175	Local Validation  Loss: 1.9875	Local Validation Acc: 0.5306	Global Validation Loss: 3.3971	Global Validation Acc: 0.2778
Client 92	Dropout Rate: 0.9	Model Size: 0.42 MB	Train Loss: 0.3316	Train Acc: 0.8881	Local Validation  Loss: 1.8937	Local Validation Acc: 0.4714	Global Validation Loss: 3.3005	Global Validation Acc: 0.2032
Client 37	Dropout Rate: 0.9	Model Size: 0.42 MB	Train Loss: 0.1147	Train Acc: 0.9722	Local Validation  Loss: 2.5787	Local Validation Acc: 0.4286	Global Validation Loss: 3.3458	Global Validation Acc: 0.2977
Client 42	Dropout Rate: 0.5	Model Size: 10.67 MB	Train Loss: 0.0020	Train Acc: 1.0000	Local Validation  Loss: 2.7340	Local Validation Acc: 0.5844	Global Validation Loss: 4.5388	Global Validation Acc: 0.3220
Client 89	Dropout Rate: 0.1	Model Size: 34.40 MB	Train Loss: 0.0756	Train Acc: 0.9887	Local Validation  Loss: 2.6319	Local Validation Acc: 0.5075	Global Validation Loss: 4.9097	Global Validation Acc: 0.3229
Client 80	Dropout Rate: 0.9	Model Size: 0.42 MB	Train Loss: 0.1158	Train Acc: 0.9831	Local Validation  Loss: 2.1992	Local Validation Acc: 0.4576	Global Validation Loss: 3.6943	Global Validation Acc: 0.2446
Client 77	Dropout Rate: 0.75	Model Size: 2.67 MB	Train Loss: 0.0041	Train Acc: 1.0000	Local Validation  Loss: 2.4667	Local Validation Acc: 0.6282	Global Validation Loss: 5.8414	Global Validation Acc: 0.2309
Client 40	Dropout Rate: 0.9	Model Size: 0.42 MB	Train Loss: 0.1390	Train Acc: 0.9604	Local Validation  Loss: 3.2405	Local Validation Acc: 0.3289	Global Validation Loss: 3.7169	Global Validation Acc: 0.2376
Aggregated
Global Test Loss: 4.2010	Global Test Acc: 0.3376
Client 47	Local Validation Loss: 5.7752(2.6412)	Local Validation Acc: 0.3824(-0.2794)
Client 15	Local Validation Loss: 3.9121(2.2193)	Local Validation Acc: 0.3861(-0.1582)
Client 55	Local Validation Loss: 3.8841(1.8965)	Local Validation Acc: 0.3980(-0.1327)
Client 92	Local Validation Loss: 2.8326(0.9390)	Local Validation Acc: 0.4000(-0.0714)
Client 37	Local Validation Loss: 5.0353(2.4566)	Local Validation Acc: 0.2273(-0.2013)
Client 42	Local Validation Loss: 6.1680(3.4340)	Local Validation Acc: 0.2208(-0.3636)
Client 89	Local Validation Loss: 2.5804(-0.0515)	Local Validation Acc: 0.4776(-0.0299)
Client 80	Local Validation Loss: 3.5815(1.3823)	Local Validation Acc: 0.3220(-0.1356)
Client 77	Local Validation Loss: 3.8631(1.3964)	Local Validation Acc: 0.4103(-0.2179)
Client 40	Local Validation Loss: 4.0470(0.8065)	Local Validation Acc: 0.2763(-0.0526)
Round 16 use time: 99.07 min, ETA: 303.81 hours
================================================================================
Round 17
Selected 10 client IDs: [28 10 92 58 89 34 53 76 24 30]
Client 28	Dropout Rate: 0.9	Model Size: 0.42 MB	Train Loss: 0.8856	Train Acc: 0.7320	Local Validation  Loss: 1.2114	Local Validation Acc: 0.6429	Global Validation Loss: 2.8623	Global Validation Acc: 0.2411
Client 10	Dropout Rate: 0.5	Model Size: 10.67 MB	Train Loss: 0.2062	Train Acc: 0.9175	Local Validation  Loss: 2.2772	Local Validation Acc: 0.5660	Global Validation Loss: 4.4079	Global Validation Acc: 0.2970
Client 92	Dropout Rate: 0.9	Model Size: 0.42 MB	Train Loss: 0.3417	Train Acc: 0.8736	Local Validation  Loss: 2.1776	Local Validation Acc: 0.4000	Global Validation Loss: 3.6473	Global Validation Acc: 0.2012
Client 58	Dropout Rate: 0.5	Model Size: 10.67 MB	Train Loss: 0.1111	Train Acc: 0.9583	Local Validation  Loss: 2.8645	Local Validation Acc: 0.4627	Global Validation Loss: 4.4410	Global Validation Acc: 0.3119
Client 89	Dropout Rate: 0.1	Model Size: 34.40 MB	Train Loss: 0.0012	Train Acc: 1.0000	Local Validation  Loss: 3.3784	Local Validation Acc: 0.4776	Global Validation Loss: 5.4586	Global Validation Acc: 0.3102
Client 34	Dropout Rate: 0.75	Model Size: 2.67 MB	Train Loss: 0.0872	Train Acc: 0.9675	Local Validation  Loss: 1.7447	Local Validation Acc: 0.5935	Global Validation Loss: 3.9290	Global Validation Acc: 0.2856
Client 53	Dropout Rate: 0.9	Model Size: 0.42 MB	Train Loss: 0.1781	Train Acc: 0.9597	Local Validation  Loss: 2.2637	Local Validation Acc: 0.4943	Global Validation Loss: 3.4932	Global Validation Acc: 0.2627
Client 76	Dropout Rate: 0.9	Model Size: 0.42 MB	Train Loss: 0.1747	Train Acc: 0.9349	Local Validation  Loss: 2.5580	Local Validation Acc: 0.4588	Global Validation Loss: 3.3304	Global Validation Acc: 0.2920
Client 24	Dropout Rate: 0.9	Model Size: 0.42 MB	Train Loss: 0.1976	Train Acc: 0.9402	Local Validation  Loss: 2.3542	Local Validation Acc: 0.5106	Global Validation Loss: 3.4942	Global Validation Acc: 0.2836
Client 30	Dropout Rate: 0.9	Model Size: 0.42 MB	Train Loss: 0.0799	Train Acc: 0.9800	Local Validation  Loss: 1.8877	Local Validation Acc: 0.5526	Global Validation Loss: 3.8159	Global Validation Acc: 0.2546
Aggregated
Global Test Loss: 4.9729	Global Test Acc: 0.3137
Client 28	Local Validation Loss: 6.5956(5.3842)	Local Validation Acc: 0.1633(-0.4796)
Client 10	Local Validation Loss: 3.3036(1.0264)	Local Validation Acc: 0.4623(-0.1038)
Client 92	Local Validation Loss: 4.2640(2.0865)	Local Validation Acc: 0.2857(-0.1143)
Client 58	Local Validation Loss: 3.2131(0.3486)	Local Validation Acc: 0.3731(-0.0896)
Client 89	Local Validation Loss: 2.9977(-0.3806)	Local Validation Acc: 0.4925(0.0149)
Client 34	Local Validation Loss: 6.0095(4.2649)	Local Validation Acc: 0.1707(-0.4228)
Client 53	Local Validation Loss: 7.0242(4.7605)	Local Validation Acc: 0.2989(-0.1954)
Client 76	Local Validation Loss: 5.8760(3.3180)	Local Validation Acc: 0.2118(-0.2471)
Client 24	Local Validation Loss: 5.5824(3.2282)	Local Validation Acc: 0.2128(-0.2979)
Client 30	Local Validation Loss: 4.1281(2.2404)	Local Validation Acc: 0.3684(-0.1842)
Round 17 use time: 98.64 min, ETA: 300.86 hours
================================================================================
Round 18
Selected 10 client IDs: [88 76 47 52 81 21 34 44 83 59]
Client 88	Dropout Rate: 0.25	Model Size: 23.98 MB	Train Loss: 0.0109	Train Acc: 0.9971	Local Validation  Loss: 3.8243	Local Validation Acc: 0.4000	Global Validation Loss: 4.7315	Global Validation Acc: 0.3352
Client 76	Dropout Rate: 0.9	Model Size: 0.42 MB	Train Loss: 0.0632	Train Acc: 0.9882	Local Validation  Loss: 2.4830	Local Validation Acc: 0.4235	Global Validation Loss: 3.3986	Global Validation Acc: 0.2959
Client 47	Dropout Rate: 0.5	Model Size: 10.67 MB	Train Loss: 0.0157	Train Acc: 0.9963	Local Validation  Loss: 3.4289	Local Validation Acc: 0.6250	Global Validation Loss: 4.3314	Global Validation Acc: 0.3338
Client 52	Dropout Rate: 0.5	Model Size: 10.67 MB	Train Loss: 0.0022	Train Acc: 1.0000	Local Validation  Loss: 1.9409	Local Validation Acc: 0.7200	Global Validation Loss: 5.0239	Global Validation Acc: 0.3216
Client 81	Dropout Rate: 0.5	Model Size: 10.67 MB	Train Loss: 0.0046	Train Acc: 1.0000	Local Validation  Loss: 2.2858	Local Validation Acc: 0.6111	Global Validation Loss: 4.5792	Global Validation Acc: 0.3047
Client 21	Dropout Rate: 0.9	Model Size: 0.42 MB	Train Loss: 0.1765	Train Acc: 0.9500	Local Validation  Loss: 2.4017	Local Validation Acc: 0.4146	Global Validation Loss: 3.7421	Global Validation Acc: 0.2320
Client 34	Dropout Rate: 0.75	Model Size: 2.67 MB	Train Loss: 0.0458	Train Acc: 0.9919	Local Validation  Loss: 2.1477	Local Validation Acc: 0.5772	Global Validation Loss: 4.3707	Global Validation Acc: 0.2835
Client 44	Dropout Rate: 0.25	Model Size: 23.98 MB	Train Loss: 0.0119	Train Acc: 1.0000	Local Validation  Loss: 1.5055	Local Validation Acc: 0.7383	Global Validation Loss: 4.7163	Global Validation Acc: 0.2913
Client 83	Dropout Rate: 0.9	Model Size: 0.42 MB	Train Loss: 0.2053	Train Acc: 0.9415	Local Validation  Loss: 2.1899	Local Validation Acc: 0.4130	Global Validation Loss: 3.3173	Global Validation Acc: 0.2949
Client 59	Dropout Rate: 0.75	Model Size: 2.67 MB	Train Loss: 0.2278	Train Acc: 0.9366	Local Validation  Loss: 2.5697	Local Validation Acc: 0.5070	Global Validation Loss: 4.4079	Global Validation Acc: 0.2688
Aggregated
Global Test Loss: 3.9899	Global Test Acc: 0.3391
Client 88	Local Validation Loss: 3.4608(-0.3635)	Local Validation Acc: 0.3486(-0.0514)
Client 76	Local Validation Loss: 3.9905(1.5075)	Local Validation Acc: 0.3529(-0.0706)
Client 47	Local Validation Loss: 4.2293(0.8004)	Local Validation Acc: 0.2279(-0.3971)
Client 52	Local Validation Loss: 2.5452(0.6043)	Local Validation Acc: 0.5600(-0.1600)
Client 81	Local Validation Loss: 3.2249(0.9391)	Local Validation Acc: 0.3750(-0.2361)
Client 21	Local Validation Loss: 2.6729(0.2713)	Local Validation Acc: 0.4634(0.0488)
Client 34	Local Validation Loss: 2.7898(0.6421)	Local Validation Acc: 0.3984(-0.1789)
Client 44	Local Validation Loss: 1.8555(0.3500)	Local Validation Acc: 0.6262(-0.1121)
Client 83	Local Validation Loss: 3.7336(1.5437)	Local Validation Acc: 0.3750(-0.0380)
Client 59	Local Validation Loss: 2.1728(-0.3970)	Local Validation Acc: 0.4789(-0.0282)
Round 18 use time: 107.37 min, ETA: 325.69 hours
================================================================================
Round 19
Selected 10 client IDs: [50 71 70 42 77 23 74 80 11 19]
Client 50	Dropout Rate: 0.75	Model Size: 2.67 MB	Train Loss: 0.1441	Train Acc: 0.9590	Local Validation  Loss: 2.6065	Local Validation Acc: 0.4891	Global Validation Loss: 3.9946	Global Validation Acc: 0.3317
Client 71	Dropout Rate: 0.9	Model Size: 0.42 MB	Train Loss: 0.7337	Train Acc: 0.7946	Local Validation  Loss: 1.5844	Local Validation Acc: 0.4769	Global Validation Loss: 3.7080	Global Validation Acc: 0.2322
Client 70	Dropout Rate: 0.5	Model Size: 10.67 MB	Train Loss: 0.0109	Train Acc: 1.0000	Local Validation  Loss: 2.7245	Local Validation Acc: 0.3214	Global Validation Loss: 3.3577	Global Validation Acc: 0.3457
Client 42	Dropout Rate: 0.5	Model Size: 10.67 MB	Train Loss: 0.0027	Train Acc: 1.0000	Local Validation  Loss: 2.6756	Local Validation Acc: 0.6104	Global Validation Loss: 4.3597	Global Validation Acc: 0.3308
Client 77	Dropout Rate: 0.75	Model Size: 2.67 MB	Train Loss: 0.0025	Train Acc: 1.0000	Local Validation  Loss: 2.3482	Local Validation Acc: 0.6667	Global Validation Loss: 6.4931	Global Validation Acc: 0.2313
Client 23	Dropout Rate: 0.5	Model Size: 10.67 MB	Train Loss: 0.0031	Train Acc: 1.0000	Local Validation  Loss: 2.9780	Local Validation Acc: 0.5593	Global Validation Loss: 5.1182	Global Validation Acc: 0.2812
Client 74	Dropout Rate: 0.9	Model Size: 0.42 MB	Train Loss: 0.2353	Train Acc: 0.9315	Local Validation  Loss: 2.0260	Local Validation Acc: 0.5435	Global Validation Loss: 3.7483	Global Validation Acc: 0.2618
Client 80	Dropout Rate: 0.9	Model Size: 0.42 MB	Train Loss: 0.0962	Train Acc: 0.9788	Local Validation  Loss: 2.7230	Local Validation Acc: 0.3729	Global Validation Loss: 3.7527	Global Validation Acc: 0.2534
Client 11	Dropout Rate: 0.9	Model Size: 0.42 MB	Train Loss: 0.1410	Train Acc: 0.9601	Local Validation  Loss: 2.1046	Local Validation Acc: 0.5732	Global Validation Loss: 4.4897	Global Validation Acc: 0.2239
Client 19	Dropout Rate: 0.1	Model Size: 34.40 MB	Train Loss: 0.0213	Train Acc: 0.9946	Local Validation  Loss: 1.4638	Local Validation Acc: 0.7219	Global Validation Loss: 4.8977	Global Validation Acc: 0.3235
Aggregated
Global Test Loss: 4.3532	Global Test Acc: 0.3129
Client 50	Local Validation Loss: 5.2245(2.6181)	Local Validation Acc: 0.2446(-0.2446)
Client 71	Local Validation Loss: 3.5090(1.9246)	Local Validation Acc: 0.3846(-0.0923)
Client 70	Local Validation Loss: 2.8618(0.1373)	Local Validation Acc: 0.5357(0.2143)
Client 42	Local Validation Loss: 3.2655(0.5899)	Local Validation Acc: 0.5325(-0.0779)
Client 77	Local Validation Loss: 2.1334(-0.2148)	Local Validation Acc: 0.5897(-0.0769)
Client 23	Local Validation Loss: 1.9401(-1.0378)	Local Validation Acc: 0.5932(0.0339)
Client 74	Local Validation Loss: 4.2781(2.2521)	Local Validation Acc: 0.3478(-0.1957)
Client 80	Local Validation Loss: 3.8605(1.1375)	Local Validation Acc: 0.3729(0.0000)
Client 11	Local Validation Loss: 6.4405(4.3359)	Local Validation Acc: 0.0976(-0.4756)
Client 19	Local Validation Loss: 1.2670(-0.1968)	Local Validation Acc: 0.6898(-0.0321)
Round 19 use time: 101.98 min, ETA: 307.65 hours
================================================================================
Round 20
Selected 10 client IDs: [39 78 26 66 52 68 79 63  0 90]
Client 39	Dropout Rate: 0.9	Model Size: 0.42 MB	Train Loss: 0.0722	Train Acc: 0.9904	Local Validation  Loss: 3.1761	Local Validation Acc: 0.3396	Global Validation Loss: 3.6018	Global Validation Acc: 0.2668
Client 78	Dropout Rate: 0.5	Model Size: 10.67 MB	Train Loss: 0.0499	Train Acc: 0.9848	Local Validation  Loss: 1.4345	Local Validation Acc: 0.7230	Global Validation Loss: 4.8056	Global Validation Acc: 0.2868
Client 26	Dropout Rate: 0.25	Model Size: 23.98 MB	Train Loss: 0.0283	Train Acc: 0.9950	Local Validation  Loss: 2.3113	Local Validation Acc: 0.5900	Global Validation Loss: 4.4120	Global Validation Acc: 0.3225
Client 66	Dropout Rate: 0.5	Model Size: 10.67 MB	Train Loss: 0.0137	Train Acc: 1.0000	Local Validation  Loss: 2.5194	Local Validation Acc: 0.5917	Global Validation Loss: 4.2177	Global Validation Acc: 0.3718
Client 52	Dropout Rate: 0.5	Model Size: 10.67 MB	Train Loss: 0.0032	Train Acc: 1.0000	Local Validation  Loss: 2.4173	Local Validation Acc: 0.6200	Global Validation Loss: 4.9034	Global Validation Acc: 0.3204
Client 68	Dropout Rate: 0.75	Model Size: 2.67 MB	Train Loss: 0.0098	Train Acc: 1.0000	Local Validation  Loss: 2.5351	Local Validation Acc: 0.6735	Global Validation Loss: 5.9258	Global Validation Acc: 0.2311
Client 79	Dropout Rate: 0.5	Model Size: 10.67 MB	Train Loss: 0.0037	Train Acc: 1.0000	Local Validation  Loss: 3.2788	Local Validation Acc: 0.4921	Global Validation Loss: 4.8236	Global Validation Acc: 0.3794
Client 63	Dropout Rate: 0.9	Model Size: 0.42 MB	Train Loss: 0.1355	Train Acc: 0.9669	Local Validation  Loss: 2.4253	Local Validation Acc: 0.3846	Global Validation Loss: 3.7895	Global Validation Acc: 0.2573
Client 0	Dropout Rate: 0.9	Model Size: 0.42 MB	Train Loss: 0.1390	Train Acc: 0.9678	Local Validation  Loss: 2.2640	Local Validation Acc: 0.5046	Global Validation Loss: 4.0207	Global Validation Acc: 0.2531
Client 90	Dropout Rate: 0.25	Model Size: 23.98 MB	Train Loss: 0.0046	Train Acc: 1.0000	Local Validation  Loss: 3.5353	Local Validation Acc: 0.4796	Global Validation Loss: 4.9256	Global Validation Acc: 0.3576
Aggregated
Global Test Loss: 3.7854	Global Test Acc: 0.3142
Client 39	Local Validation Loss: 3.9484(0.7723)	Local Validation Acc: 0.3019(-0.0377)
Client 78	Local Validation Loss: 3.9382(2.5037)	Local Validation Acc: 0.1892(-0.5338)
Client 26	Local Validation Loss: 3.0807(0.7693)	Local Validation Acc: 0.4600(-0.1300)
Client 66	Local Validation Loss: 2.9616(0.4423)	Local Validation Acc: 0.4417(-0.1500)
Client 52	Local Validation Loss: 3.5042(1.0869)	Local Validation Acc: 0.3400(-0.2800)
Client 68	Local Validation Loss: 3.2786(0.7434)	Local Validation Acc: 0.4082(-0.2653)
Client 79	Local Validation Loss: 2.5635(-0.7153)	Local Validation Acc: 0.4683(-0.0238)
Client 63	Local Validation Loss: 4.6196(2.1944)	Local Validation Acc: 0.2198(-0.1648)
Client 0	Local Validation Loss: 4.5406(2.2765)	Local Validation Acc: 0.2385(-0.2661)
Client 90	Local Validation Loss: 3.8887(0.3533)	Local Validation Acc: 0.3673(-0.1122)
Average: 0.3142 | 0.0000 (compared to average)
Drpout Rate 0.1: 0.3459 | 0.0318 (compared to average)
Drpout Rate 0.25: 0.2758 | -0.0383 (compared to average)
Drpout Rate 0.5: 0.3229 | 0.0088 (compared to average)
Drpout Rate 0.75: 0.3382 | 0.0240 (compared to average)
Drpout Rate 0.9: 0.3054 | -0.0087 (compared to average)
Round 20 use time: 121.17 min, ETA: 363.52 hours
================================================================================
Round 21
Selected 10 client IDs: [ 9 41 48 11 74 53 83 58 51  4]
