Random seed: 42
Method: legacy
Model type: resnet
Dataset: cifar10
Data distribution: non-iid
Alpha: 0.5
Aggregation method: sparse
Number of clients: 100
Select ratio: 0.1
Local train ratio: 0.8
Number of rounds: 200
Number of local epochs: 20
Batch size: 128
Learning rate: 0.001
Results save directory: None
Results will not be saved.
[Model Architecture]
ResNet(
  (conv1): Conv2d(3, 64, kernel_size=(7, 7), stride=(2, 2), padding=(3, 3), bias=False)
  (bn1): LayerNorm((64, 16, 16), eps=1e-05, elementwise_affine=False)
  (relu): ReLU(inplace=True)
  (maxpool): MaxPool2d(kernel_size=3, stride=2, padding=1, dilation=1, ceil_mode=False)
  (layer1): Sequential(
    (0): BasicBlock(
      (conv1): Conv2d(64, 64, kernel_size=(3, 3), stride=(1, 1), padding=(1, 1), bias=False)
      (bn1): LayerNorm((64, 8, 8), eps=1e-05, elementwise_affine=False)
      (relu): ReLU(inplace=True)
      (conv2): Conv2d(64, 64, kernel_size=(3, 3), stride=(1, 1), padding=(1, 1), bias=False)
      (bn2): LayerNorm((64, 8, 8), eps=1e-05, elementwise_affine=False)
    )
    (1): BasicBlock(
      (conv1): Conv2d(64, 64, kernel_size=(3, 3), stride=(1, 1), padding=(1, 1), bias=False)
      (bn1): LayerNorm((64, 8, 8), eps=1e-05, elementwise_affine=False)
      (relu): ReLU(inplace=True)
      (conv2): Conv2d(64, 64, kernel_size=(3, 3), stride=(1, 1), padding=(1, 1), bias=False)
      (bn2): LayerNorm((64, 8, 8), eps=1e-05, elementwise_affine=False)
    )
  )
  (layer2): Sequential(
    (0): BasicBlock(
      (conv1): Conv2d(64, 128, kernel_size=(3, 3), stride=(2, 2), padding=(1, 1), bias=False)
      (bn1): LayerNorm((128, 4, 4), eps=1e-05, elementwise_affine=False)
      (relu): ReLU(inplace=True)
      (conv2): Conv2d(128, 128, kernel_size=(3, 3), stride=(1, 1), padding=(1, 1), bias=False)
      (bn2): LayerNorm((128, 4, 4), eps=1e-05, elementwise_affine=False)
      (downsample): Sequential(
        (0): Conv2d(64, 128, kernel_size=(1, 1), stride=(2, 2), bias=False)
        (1): LayerNorm((128, 4, 4), eps=1e-05, elementwise_affine=False)
      )
    )
    (1): BasicBlock(
      (conv1): Conv2d(128, 128, kernel_size=(3, 3), stride=(1, 1), padding=(1, 1), bias=False)
      (bn1): LayerNorm((128, 4, 4), eps=1e-05, elementwise_affine=False)
      (relu): ReLU(inplace=True)
      (conv2): Conv2d(128, 128, kernel_size=(3, 3), stride=(1, 1), padding=(1, 1), bias=False)
      (bn2): LayerNorm((128, 4, 4), eps=1e-05, elementwise_affine=False)
    )
  )
  (layer3): Sequential(
    (0): BasicBlock(
      (conv1): Conv2d(128, 256, kernel_size=(3, 3), stride=(2, 2), padding=(1, 1), bias=False)
      (bn1): LayerNorm((256, 2, 2), eps=1e-05, elementwise_affine=False)
      (relu): ReLU(inplace=True)
      (conv2): Conv2d(256, 256, kernel_size=(3, 3), stride=(1, 1), padding=(1, 1), bias=False)
      (bn2): LayerNorm((256, 2, 2), eps=1e-05, elementwise_affine=False)
      (downsample): Sequential(
        (0): Conv2d(128, 256, kernel_size=(1, 1), stride=(2, 2), bias=False)
        (1): LayerNorm((256, 2, 2), eps=1e-05, elementwise_affine=False)
      )
    )
    (1): BasicBlock(
      (conv1): Conv2d(256, 256, kernel_size=(3, 3), stride=(1, 1), padding=(1, 1), bias=False)
      (bn1): LayerNorm((256, 2, 2), eps=1e-05, elementwise_affine=False)
      (relu): ReLU(inplace=True)
      (conv2): Conv2d(256, 256, kernel_size=(3, 3), stride=(1, 1), padding=(1, 1), bias=False)
      (bn2): LayerNorm((256, 2, 2), eps=1e-05, elementwise_affine=False)
    )
  )
  (layer4): Sequential(
    (0): BasicBlock(
      (conv1): Conv2d(256, 512, kernel_size=(3, 3), stride=(2, 2), padding=(1, 1), bias=False)
      (bn1): LayerNorm((512, 1, 1), eps=1e-05, elementwise_affine=False)
      (relu): ReLU(inplace=True)
      (conv2): Conv2d(512, 512, kernel_size=(3, 3), stride=(1, 1), padding=(1, 1), bias=False)
      (bn2): LayerNorm((512, 1, 1), eps=1e-05, elementwise_affine=False)
      (downsample): Sequential(
        (0): Conv2d(256, 512, kernel_size=(1, 1), stride=(2, 2), bias=False)
        (1): LayerNorm((512, 1, 1), eps=1e-05, elementwise_affine=False)
      )
    )
    (1): BasicBlock(
      (conv1): Conv2d(512, 512, kernel_size=(3, 3), stride=(1, 1), padding=(1, 1), bias=False)
      (bn1): LayerNorm((512, 1, 1), eps=1e-05, elementwise_affine=False)
      (relu): ReLU(inplace=True)
      (conv2): Conv2d(512, 512, kernel_size=(3, 3), stride=(1, 1), padding=(1, 1), bias=False)
      (bn2): LayerNorm((512, 1, 1), eps=1e-05, elementwise_affine=False)
    )
  )
  (avgpool): AdaptiveAvgPool2d(output_size=(1, 1))
  (fc): Linear(in_features=512, out_features=10, bias=True)
)
Global Model size: 42.62 MB
Client dropout rates: [0.9, 0.1, 0.5, 0.5, 0.9, 0.9, 0.9, 0.25, 0.75, 0.1, 0.5, 0.9, 0.1, 0.5, 0.9, 0.9, 0.5, 0.9, 0.9, 0.1, 0.9, 0.9, 0.75, 0.5, 0.9, 0.75, 0.25, 0.25, 0.9, 0.9, 0.9, 0.9, 0.9, 0.9, 0.75, 0.9, 0.9, 0.9, 0.9, 0.9, 0.9, 0.1, 0.5, 0.5, 0.25, 0.5, 0.25, 0.5, 0.9, 0.75, 0.75, 0.5, 0.5, 0.9, 0.9, 0.9, 0.5, 0.9, 0.5, 0.75, 0.9, 0.9, 0.9, 0.9, 0.9, 0.9, 0.5, 0.1, 0.75, 0.5, 0.5, 0.9, 0.9, 0.75, 0.9, 0.75, 0.9, 0.75, 0.5, 0.5, 0.9, 0.5, 0.9, 0.9, 0.75, 0.5, 0.9, 0.9, 0.25, 0.1, 0.25, 0.9, 0.9, 0.75, 0.25, 0.75, 0.9, 0.9, 0.9, 0.9]
Client dropout rate count: {0.9: 50, 0.1: 7, 0.5: 21, 0.25: 8, 0.75: 14}
Round 1
Selected 10 client IDs: [31 28 21 72 47 75  4  8 97 44]
[aggregate_resnet18] Average time over 1 runs: 35.469225 seconds
Client 31	Dropout Rate: 0.9	Model Size: 0.45 MB	Train Loss: 0.6136	Train Acc: 0.8434	Local Validation  Loss: 0.7236	Local Validation Acc: 0.8077	Global Validation Loss: 3.9624	Global Validation Acc: 0.1447
Client 28	Dropout Rate: 0.9	Model Size: 0.45 MB	Train Loss: 1.6856	Train Acc: 0.4021	Local Validation  Loss: 1.5568	Local Validation Acc: 0.4898	Global Validation Loss: 3.1998	Global Validation Acc: 0.1175
Client 21	Dropout Rate: 0.9	Model Size: 0.45 MB	Train Loss: 1.0067	Train Acc: 0.7125	Local Validation  Loss: 1.4831	Local Validation Acc: 0.4878	Global Validation Loss: 3.0531	Global Validation Acc: 0.1884
Client 72	Dropout Rate: 0.9	Model Size: 0.45 MB	Train Loss: 0.8895	Train Acc: 0.7068	Local Validation  Loss: 1.7654	Local Validation Acc: 0.4420	Global Validation Loss: 2.9857	Global Validation Acc: 0.2126
Client 47	Dropout Rate: 0.5	Model Size: 10.67 MB	Train Loss: 0.9409	Train Acc: 0.6857	Local Validation  Loss: 1.8244	Local Validation Acc: 0.6250	Global Validation Loss: 2.9246	Global Validation Acc: 0.2256
Client 75	Dropout Rate: 0.75	Model Size: 2.67 MB	Train Loss: 0.6578	Train Acc: 0.7890	Local Validation  Loss: 1.9500	Local Validation Acc: 0.4333	Global Validation Loss: 3.4105	Global Validation Acc: 0.2040
Client 4	Dropout Rate: 0.9	Model Size: 0.45 MB	Train Loss: 0.9611	Train Acc: 0.6996	Local Validation  Loss: 2.5504	Local Validation Acc: 0.3926	Global Validation Loss: 2.6485	Global Validation Acc: 0.2248
Client 8	Dropout Rate: 0.75	Model Size: 2.67 MB	Train Loss: 0.6779	Train Acc: 0.7878	Local Validation  Loss: 1.8234	Local Validation Acc: 0.4583	Global Validation Loss: 3.8936	Global Validation Acc: 0.2357
Client 97	Dropout Rate: 0.9	Model Size: 0.45 MB	Train Loss: 1.0506	Train Acc: 0.6578	Local Validation  Loss: 1.8765	Local Validation Acc: 0.4211	Global Validation Loss: 3.1818	Global Validation Acc: 0.1713
Client 44	Dropout Rate: 0.25	Model Size: 23.98 MB	Train Loss: 0.8103	Train Acc: 0.7728	Local Validation  Loss: 1.0688	Local Validation Acc: 0.7290	Global Validation Loss: 3.5567	Global Validation Acc: 0.1791
Aggregated
Global Test Loss: 3.3722	Global Test Acc: 0.1502
Client 31	Local Validation Loss: 2.4921(1.7685)	Local Validation Acc: 0.2596(-0.5481)
Client 28	Local Validation Loss: 4.0434(2.4865)	Local Validation Acc: 0.0816(-0.4082)
Client 21	Local Validation Loss: 2.2484(0.7652)	Local Validation Acc: 0.1463(-0.3415)
Client 72	Local Validation Loss: 2.8972(1.1318)	Local Validation Acc: 0.1271(-0.3149)
Client 47	Local Validation Loss: 2.8287(1.0044)	Local Validation Acc: 0.1397(-0.4853)
Client 75	Local Validation Loss: 3.7443(1.7943)	Local Validation Acc: 0.0667(-0.3667)
Client 4	Local Validation Loss: 3.5625(1.0121)	Local Validation Acc: 0.1556(-0.2370)
Client 8	Local Validation Loss: 2.4270(0.6036)	Local Validation Acc: 0.3417(-0.1167)
Client 97	Local Validation Loss: 2.9901(1.1136)	Local Validation Acc: 0.1754(-0.2456)
Client 44	Local Validation Loss: 2.0853(1.0165)	Local Validation Acc: 0.2150(-0.5140)
Round 1 use time: 98.45 min, ETA: 326.51 hours
================================================================================
Round 2
Selected 10 client IDs: [41 27 76  9 83 74 63 97 94 66]
[aggregate_resnet18] Average time over 1 runs: 45.840210 seconds
Client 41	Dropout Rate: 0.1	Model Size: 34.62 MB	Train Loss: 0.5903	Train Acc: 0.7939	Local Validation  Loss: 1.9400	Local Validation Acc: 0.4217	Global Validation Loss: 3.6078	Global Validation Acc: 0.2869
Client 27	Dropout Rate: 0.25	Model Size: 23.98 MB	Train Loss: 0.3785	Train Acc: 0.8867	Local Validation  Loss: 1.1485	Local Validation Acc: 0.6946	Global Validation Loss: 3.5770	Global Validation Acc: 0.2543
Client 76	Dropout Rate: 0.9	Model Size: 0.45 MB	Train Loss: 0.9995	Train Acc: 0.6598	Local Validation  Loss: 1.7126	Local Validation Acc: 0.3882	Global Validation Loss: 2.7932	Global Validation Acc: 0.1884
Client 9	Dropout Rate: 0.1	Model Size: 34.62 MB	Train Loss: 1.1130	Train Acc: 0.5853	Local Validation  Loss: 1.8291	Local Validation Acc: 0.4302	Global Validation Loss: 3.3803	Global Validation Acc: 0.2511
Client 83	Dropout Rate: 0.9	Model Size: 0.45 MB	Train Loss: 0.9383	Train Acc: 0.6966	Local Validation  Loss: 1.7147	Local Validation Acc: 0.3967	Global Validation Loss: 2.8615	Global Validation Acc: 0.2274
Client 74	Dropout Rate: 0.9	Model Size: 0.45 MB	Train Loss: 0.8300	Train Acc: 0.7288	Local Validation  Loss: 1.1817	Local Validation Acc: 0.6413	Global Validation Loss: 3.4145	Global Validation Acc: 0.1631
Client 63	Dropout Rate: 0.9	Model Size: 0.45 MB	Train Loss: 0.8615	Train Acc: 0.7438	Local Validation  Loss: 1.6174	Local Validation Acc: 0.4725	Global Validation Loss: 3.2209	Global Validation Acc: 0.2069
Client 97	Dropout Rate: 0.9	Model Size: 0.45 MB	Train Loss: 1.1559	Train Acc: 0.5982	Local Validation  Loss: 1.7890	Local Validation Acc: 0.4211	Global Validation Loss: 3.0461	Global Validation Acc: 0.1522
Client 94	Dropout Rate: 0.25	Model Size: 23.98 MB	Train Loss: 0.6215	Train Acc: 0.7837	Local Validation  Loss: 1.9127	Local Validation Acc: 0.5041	Global Validation Loss: 3.9943	Global Validation Acc: 0.2459
Client 66	Dropout Rate: 0.5	Model Size: 10.67 MB	Train Loss: 0.3497	Train Acc: 0.8891	Local Validation  Loss: 2.2772	Local Validation Acc: 0.4917	Global Validation Loss: 4.1704	Global Validation Acc: 0.2804
Aggregated
Global Test Loss: 2.3557	Global Test Acc: 0.1951
Client 41	Local Validation Loss: 2.2983(0.3582)	Local Validation Acc: 0.3373(-0.0843)
Client 27	Local Validation Loss: 2.5123(1.3639)	Local Validation Acc: 0.1034(-0.5911)
Client 76	Local Validation Loss: 2.7149(1.0023)	Local Validation Acc: 0.1529(-0.2353)
Client 9	Local Validation Loss: 2.0321(0.2030)	Local Validation Acc: 0.3256(-0.1047)
Client 83	Local Validation Loss: 2.6446(0.9299)	Local Validation Acc: 0.1576(-0.2391)
Client 74	Local Validation Loss: 2.5327(1.3510)	Local Validation Acc: 0.0870(-0.5543)
Client 63	Local Validation Loss: 1.6599(0.0425)	Local Validation Acc: 0.3187(-0.1538)
Client 97	Local Validation Loss: 2.5603(0.7713)	Local Validation Acc: 0.1404(-0.2807)
Client 94	Local Validation Loss: 2.0677(0.1551)	Local Validation Acc: 0.2195(-0.2846)
Client 66	Local Validation Loss: 2.6954(0.4182)	Local Validation Acc: 0.1500(-0.3417)
Round 2 use time: 106.47 min, ETA: 351.35 hours
================================================================================
Round 3
Selected 10 client IDs: [55 44 78 56 22 19 57 29 34 61]
[aggregate_resnet18] Average time over 1 runs: 45.758578 seconds
Client 55	Dropout Rate: 0.9	Model Size: 0.45 MB	Train Loss: 1.4692	Train Acc: 0.5232	Local Validation  Loss: 1.6133	Local Validation Acc: 0.5000	Global Validation Loss: 2.7521	Global Validation Acc: 0.1736
Client 44	Dropout Rate: 0.25	Model Size: 23.98 MB	Train Loss: 0.4758	Train Acc: 0.8618	Local Validation  Loss: 1.3127	Local Validation Acc: 0.6636	Global Validation Loss: 3.4871	Global Validation Acc: 0.2211
Client 78	Dropout Rate: 0.5	Model Size: 10.67 MB	Train Loss: 0.2488	Train Acc: 0.9240	Local Validation  Loss: 0.9032	Local Validation Acc: 0.6622	Global Validation Loss: 3.5484	Global Validation Acc: 0.2427
Client 56	Dropout Rate: 0.5	Model Size: 10.67 MB	Train Loss: 0.2121	Train Acc: 0.9310	Local Validation  Loss: 1.9736	Local Validation Acc: 0.5895	Global Validation Loss: 4.7941	Global Validation Acc: 0.2654
Client 22	Dropout Rate: 0.75	Model Size: 2.67 MB	Train Loss: 0.5154	Train Acc: 0.8438	Local Validation  Loss: 1.4575	Local Validation Acc: 0.5500	Global Validation Loss: 3.1524	Global Validation Acc: 0.2412
Client 19	Dropout Rate: 0.1	Model Size: 34.62 MB	Train Loss: 0.1600	Train Acc: 0.9410	Local Validation  Loss: 1.4054	Local Validation Acc: 0.7273	Global Validation Loss: 4.4138	Global Validation Acc: 0.2738
Client 57	Dropout Rate: 0.9	Model Size: 0.45 MB	Train Loss: 1.2956	Train Acc: 0.5205	Local Validation  Loss: 1.4548	Local Validation Acc: 0.3878	Global Validation Loss: 3.4369	Global Validation Acc: 0.1479
Client 29	Dropout Rate: 0.9	Model Size: 0.45 MB	Train Loss: 0.7887	Train Acc: 0.7440	Local Validation  Loss: 1.6084	Local Validation Acc: 0.4822	Global Validation Loss: 3.3393	Global Validation Acc: 0.2468
Client 34	Dropout Rate: 0.75	Model Size: 2.67 MB	Train Loss: 0.4350	Train Acc: 0.8740	Local Validation  Loss: 1.3750	Local Validation Acc: 0.5528	Global Validation Loss: 3.3983	Global Validation Acc: 0.2577
Client 61	Dropout Rate: 0.9	Model Size: 0.45 MB	Train Loss: 0.7800	Train Acc: 0.7754	Local Validation  Loss: 1.2404	Local Validation Acc: 0.6857	Global Validation Loss: 3.3292	Global Validation Acc: 0.1794
Aggregated
Global Test Loss: 2.9478	Global Test Acc: 0.2999
Client 55	Local Validation Loss: 2.5846(0.9713)	Local Validation Acc: 0.3980(-0.1020)
Client 44	Local Validation Loss: 2.1643(0.8516)	Local Validation Acc: 0.4766(-0.1869)
Client 78	Local Validation Loss: 2.8980(1.9948)	Local Validation Acc: 0.2905(-0.3716)
Client 56	Local Validation Loss: 2.0920(0.1184)	Local Validation Acc: 0.4421(-0.1474)
Client 22	Local Validation Loss: 3.3996(1.9421)	Local Validation Acc: 0.1875(-0.3625)
Client 19	Local Validation Loss: 1.7692(0.3637)	Local Validation Acc: 0.4385(-0.2888)
Client 57	Local Validation Loss: 2.9217(1.4669)	Local Validation Acc: 0.3469(-0.0408)
Client 29	Local Validation Loss: 3.4395(1.8311)	Local Validation Acc: 0.2016(-0.2806)
Client 34	Local Validation Loss: 2.0996(0.7245)	Local Validation Acc: 0.3902(-0.1626)
Client 61	Local Validation Loss: 1.9056(0.6653)	Local Validation Acc: 0.3000(-0.3857)
Round 3 use time: 106.10 min, ETA: 348.37 hours
================================================================================
Round 4
Selected 10 client IDs: [98 48 71 82 77 97 54 57 85 91]
[aggregate_resnet18] Average time over 1 runs: 27.645562 seconds
Client 98	Dropout Rate: 0.9	Model Size: 0.45 MB	Train Loss: 1.2508	Train Acc: 0.5787	Local Validation  Loss: 1.4304	Local Validation Acc: 0.4848	Global Validation Loss: 2.8530	Global Validation Acc: 0.2124
Client 48	Dropout Rate: 0.9	Model Size: 0.45 MB	Train Loss: 0.7404	Train Acc: 0.7746	Local Validation  Loss: 1.5321	Local Validation Acc: 0.5915	Global Validation Loss: 3.5606	Global Validation Acc: 0.1910
Client 71	Dropout Rate: 0.9	Model Size: 0.45 MB	Train Loss: 1.4788	Train Acc: 0.3372	Local Validation  Loss: 1.4628	Local Validation Acc: 0.3385	Global Validation Loss: 3.4546	Global Validation Acc: 0.1000
Client 82	Dropout Rate: 0.9	Model Size: 0.45 MB	Train Loss: 0.8030	Train Acc: 0.7935	Local Validation  Loss: 1.9727	Local Validation Acc: 0.3871	Global Validation Loss: 2.9947	Global Validation Acc: 0.1687
Client 77	Dropout Rate: 0.75	Model Size: 2.67 MB	Train Loss: 0.4221	Train Acc: 0.8686	Local Validation  Loss: 1.4693	Local Validation Acc: 0.5769	Global Validation Loss: 4.1555	Global Validation Acc: 0.2069
Client 97	Dropout Rate: 0.9	Model Size: 0.45 MB	Train Loss: 1.1709	Train Acc: 0.5717	Local Validation  Loss: 1.8805	Local Validation Acc: 0.3596	Global Validation Loss: 3.1279	Global Validation Acc: 0.1350
Client 54	Dropout Rate: 0.9	Model Size: 0.45 MB	Train Loss: 1.4409	Train Acc: 0.5048	Local Validation  Loss: 1.6508	Local Validation Acc: 0.4773	Global Validation Loss: 2.9062	Global Validation Acc: 0.1768
Client 57	Dropout Rate: 0.9	Model Size: 0.45 MB	Train Loss: 1.2461	Train Acc: 0.5795	Local Validation  Loss: 1.5177	Local Validation Acc: 0.4184	Global Validation Loss: 3.4066	Global Validation Acc: 0.1589
Client 85	Dropout Rate: 0.5	Model Size: 10.67 MB	Train Loss: 0.2045	Train Acc: 0.9249	Local Validation  Loss: 1.6749	Local Validation Acc: 0.6412	Global Validation Loss: 3.9792	Global Validation Acc: 0.2918
Client 91	Dropout Rate: 0.9	Model Size: 0.45 MB	Train Loss: 1.1033	Train Acc: 0.6443	Local Validation  Loss: 1.5618	Local Validation Acc: 0.4490	Global Validation Loss: 2.9820	Global Validation Acc: 0.1797
Aggregated
Global Test Loss: 3.1560	Global Test Acc: 0.2749
Client 98	Local Validation Loss: 2.8783(1.4479)	Local Validation Acc: 0.3030(-0.1818)
Client 48	Local Validation Loss: 3.1271(1.5950)	Local Validation Acc: 0.2042(-0.3873)
Client 71	Local Validation Loss: 3.0768(1.6140)	Local Validation Acc: 0.3538(0.0154)
Client 82	Local Validation Loss: 3.8272(1.8545)	Local Validation Acc: 0.1290(-0.2581)
Client 77	Local Validation Loss: 2.8043(1.3350)	Local Validation Acc: 0.2692(-0.3077)
Client 97	Local Validation Loss: 2.6818(0.8013)	Local Validation Acc: 0.2807(-0.0789)
Client 54	Local Validation Loss: 2.1667(0.5159)	Local Validation Acc: 0.4773(0.0000)
Client 57	Local Validation Loss: 4.0856(2.5679)	Local Validation Acc: 0.2347(-0.1837)
Client 85	Local Validation Loss: 1.7718(0.0969)	Local Validation Acc: 0.4941(-0.1471)
Client 91	Local Validation Loss: 5.0218(3.4600)	Local Validation Acc: 0.2041(-0.2449)
Round 4 use time: 93.28 min, ETA: 304.70 hours
================================================================================
Round 5
Selected 10 client IDs: [91 54 15 61 32 37 96 72 79 18]
[aggregate_resnet18] Average time over 1 runs: 24.893099 seconds
Client 91	Dropout Rate: 0.9	Model Size: 0.45 MB	Train Loss: 1.1825	Train Acc: 0.6082	Local Validation  Loss: 1.6946	Local Validation Acc: 0.3265	Global Validation Loss: 2.9978	Global Validation Acc: 0.1815
Client 54	Dropout Rate: 0.9	Model Size: 0.45 MB	Train Loss: 1.3583	Train Acc: 0.6114	Local Validation  Loss: 1.7268	Local Validation Acc: 0.5455	Global Validation Loss: 2.8157	Global Validation Acc: 0.2382
Client 15	Dropout Rate: 0.9	Model Size: 0.45 MB	Train Loss: 1.0194	Train Acc: 0.6248	Local Validation  Loss: 1.1824	Local Validation Acc: 0.6646	Global Validation Loss: 2.8936	Global Validation Acc: 0.1725
Client 61	Dropout Rate: 0.9	Model Size: 0.45 MB	Train Loss: 1.0432	Train Acc: 0.7138	Local Validation  Loss: 1.0114	Local Validation Acc: 0.7571	Global Validation Loss: 3.4336	Global Validation Acc: 0.1750
Client 32	Dropout Rate: 0.9	Model Size: 0.45 MB	Train Loss: 0.9729	Train Acc: 0.6849	Local Validation  Loss: 1.4288	Local Validation Acc: 0.5435	Global Validation Loss: 3.0123	Global Validation Acc: 0.2158
Client 37	Dropout Rate: 0.9	Model Size: 0.45 MB	Train Loss: 0.8849	Train Acc: 0.6993	Local Validation  Loss: 1.6940	Local Validation Acc: 0.4481	Global Validation Loss: 2.7288	Global Validation Acc: 0.2282
Client 96	Dropout Rate: 0.9	Model Size: 0.45 MB	Train Loss: 1.1435	Train Acc: 0.5850	Local Validation  Loss: 1.6814	Local Validation Acc: 0.3900	Global Validation Loss: 2.7344	Global Validation Acc: 0.1978
Client 72	Dropout Rate: 0.9	Model Size: 0.45 MB	Train Loss: 1.0858	Train Acc: 0.6404	Local Validation  Loss: 1.5409	Local Validation Acc: 0.4917	Global Validation Loss: 2.8695	Global Validation Acc: 0.2190
Client 79	Dropout Rate: 0.5	Model Size: 10.67 MB	Train Loss: 0.3028	Train Acc: 0.8882	Local Validation  Loss: 2.1362	Local Validation Acc: 0.4921	Global Validation Loss: 4.2303	Global Validation Acc: 0.3019
Client 18	Dropout Rate: 0.9	Model Size: 0.45 MB	Train Loss: 0.7170	Train Acc: 0.7956	Local Validation  Loss: 1.6355	Local Validation Acc: 0.5109	Global Validation Loss: 2.5961	Global Validation Acc: 0.2797
Aggregated
Global Test Loss: 3.7799	Global Test Acc: 0.2904
Client 91	Local Validation Loss: 4.8143(3.1197)	Local Validation Acc: 0.0816(-0.2449)
Client 54	Local Validation Loss: 2.6369(0.9101)	Local Validation Acc: 0.4318(-0.1136)
Client 15	Local Validation Loss: 4.2304(3.0480)	Local Validation Acc: 0.0949(-0.5696)
Client 61	Local Validation Loss: 2.1336(1.1223)	Local Validation Acc: 0.6429(-0.1143)
Client 32	Local Validation Loss: 2.3950(0.9661)	Local Validation Acc: 0.4565(-0.0870)
Client 37	Local Validation Loss: 3.9000(2.2059)	Local Validation Acc: 0.2078(-0.2403)
Client 96	Local Validation Loss: 3.0702(1.3888)	Local Validation Acc: 0.3300(-0.0600)
Client 72	Local Validation Loss: 3.9377(2.3969)	Local Validation Acc: 0.2044(-0.2873)
Client 79	Local Validation Loss: 3.0147(0.8785)	Local Validation Acc: 0.4048(-0.0873)
Client 18	Local Validation Loss: 3.6638(2.0283)	Local Validation Acc: 0.3750(-0.1359)
Round 5 use time: 92.06 min, ETA: 299.19 hours
================================================================================
Round 6
Selected 10 client IDs: [45 16 27 13 30 86  3 55 40 79]
[aggregate_resnet18] Average time over 1 runs: 48.641200 seconds
Client 45	Dropout Rate: 0.5	Model Size: 10.67 MB	Train Loss: 0.9430	Train Acc: 0.6514	Local Validation  Loss: 1.3674	Local Validation Acc: 0.5556	Global Validation Loss: 3.2917	Global Validation Acc: 0.1578
Client 16	Dropout Rate: 0.5	Model Size: 10.67 MB	Train Loss: 0.1958	Train Acc: 0.9407	Local Validation  Loss: 2.5024	Local Validation Acc: 0.3483	Global Validation Loss: 3.2089	Global Validation Acc: 0.2876
Client 27	Dropout Rate: 0.25	Model Size: 23.98 MB	Train Loss: 0.2046	Train Acc: 0.9310	Local Validation  Loss: 1.3055	Local Validation Acc: 0.7094	Global Validation Loss: 3.6978	Global Validation Acc: 0.2744
Client 13	Dropout Rate: 0.5	Model Size: 10.67 MB	Train Loss: 0.0821	Train Acc: 0.9801	Local Validation  Loss: 1.5352	Local Validation Acc: 0.6723	Global Validation Loss: 5.5254	Global Validation Acc: 0.2822
Client 30	Dropout Rate: 0.9	Model Size: 0.45 MB	Train Loss: 0.8282	Train Acc: 0.7433	Local Validation  Loss: 1.2998	Local Validation Acc: 0.5658	Global Validation Loss: 3.1207	Global Validation Acc: 0.2107
Client 86	Dropout Rate: 0.9	Model Size: 0.45 MB	Train Loss: 1.2146	Train Acc: 0.6527	Local Validation  Loss: 1.6296	Local Validation Acc: 0.5476	Global Validation Loss: 2.7882	Global Validation Acc: 0.1813
Client 3	Dropout Rate: 0.5	Model Size: 10.67 MB	Train Loss: 0.1995	Train Acc: 0.9426	Local Validation  Loss: 1.3942	Local Validation Acc: 0.5425	Global Validation Loss: 3.2988	Global Validation Acc: 0.2850
Client 55	Dropout Rate: 0.9	Model Size: 0.45 MB	Train Loss: 1.4629	Train Acc: 0.5593	Local Validation  Loss: 1.5414	Local Validation Acc: 0.5612	Global Validation Loss: 2.6747	Global Validation Acc: 0.1913
Client 40	Dropout Rate: 0.9	Model Size: 0.45 MB	Train Loss: 1.1347	Train Acc: 0.5974	Local Validation  Loss: 1.6930	Local Validation Acc: 0.4211	Global Validation Loss: 2.7761	Global Validation Acc: 0.2162
Client 79	Dropout Rate: 0.5	Model Size: 10.67 MB	Train Loss: 0.1237	Train Acc: 0.9661	Local Validation  Loss: 2.9212	Local Validation Acc: 0.4841	Global Validation Loss: 5.2209	Global Validation Acc: 0.3143
Aggregated
Global Test Loss: 3.2308	Global Test Acc: 0.2463
Client 45	Local Validation Loss: 3.0661(1.6987)	Local Validation Acc: 0.2500(-0.3056)
Client 16	Local Validation Loss: 3.4189(0.9165)	Local Validation Acc: 0.2135(-0.1348)
Client 27	Local Validation Loss: 2.7243(1.4188)	Local Validation Acc: 0.3202(-0.3892)
Client 13	Local Validation Loss: 1.5218(-0.0134)	Local Validation Acc: 0.5706(-0.1017)
Client 30	Local Validation Loss: 2.4555(1.1557)	Local Validation Acc: 0.3816(-0.1842)
Client 86	Local Validation Loss: 3.1897(1.5601)	Local Validation Acc: 0.3095(-0.2381)
Client 3	Local Validation Loss: 3.4599(2.0657)	Local Validation Acc: 0.1830(-0.3595)
Client 55	Local Validation Loss: 2.9340(1.3927)	Local Validation Acc: 0.3163(-0.2449)
Client 40	Local Validation Loss: 2.7213(1.0283)	Local Validation Acc: 0.3947(-0.0263)
Client 79	Local Validation Loss: 3.4738(0.5526)	Local Validation Acc: 0.1587(-0.3254)
Round 6 use time: 105.28 min, ETA: 340.39 hours
================================================================================
Round 7
Selected 10 client IDs: [32 65 49 62 83 66  7 95 55 31]
[aggregate_resnet18] Average time over 1 runs: 35.826290 seconds
Client 32	Dropout Rate: 0.9	Model Size: 0.45 MB	Train Loss: 0.8836	Train Acc: 0.7233	Local Validation  Loss: 1.4240	Local Validation Acc: 0.5543	Global Validation Loss: 2.9320	Global Validation Acc: 0.2431
Client 65	Dropout Rate: 0.9	Model Size: 0.45 MB	Train Loss: 0.9393	Train Acc: 0.5497	Local Validation  Loss: 1.3280	Local Validation Acc: 0.3023	Global Validation Loss: 3.5202	Global Validation Acc: 0.1599
Client 49	Dropout Rate: 0.75	Model Size: 2.67 MB	Train Loss: 0.4702	Train Acc: 0.8267	Local Validation  Loss: 2.0211	Local Validation Acc: 0.4944	Global Validation Loss: 3.5657	Global Validation Acc: 0.2058
Client 62	Dropout Rate: 0.9	Model Size: 0.45 MB	Train Loss: 1.1134	Train Acc: 0.6181	Local Validation  Loss: 1.4143	Local Validation Acc: 0.5390	Global Validation Loss: 3.1701	Global Validation Acc: 0.1961
Client 83	Dropout Rate: 0.9	Model Size: 0.45 MB	Train Loss: 1.0506	Train Acc: 0.6177	Local Validation  Loss: 1.6052	Local Validation Acc: 0.4402	Global Validation Loss: 2.8102	Global Validation Acc: 0.2177
Client 66	Dropout Rate: 0.5	Model Size: 10.67 MB	Train Loss: 0.2132	Train Acc: 0.9331	Local Validation  Loss: 2.2773	Local Validation Acc: 0.5417	Global Validation Loss: 3.8873	Global Validation Acc: 0.3243
Client 7	Dropout Rate: 0.25	Model Size: 23.98 MB	Train Loss: 0.2048	Train Acc: 0.9516	Local Validation  Loss: 2.3197	Local Validation Acc: 0.5312	Global Validation Loss: 3.6472	Global Validation Acc: 0.2573
Client 95	Dropout Rate: 0.75	Model Size: 2.67 MB	Train Loss: 0.4232	Train Acc: 0.8919	Local Validation  Loss: 1.0583	Local Validation Acc: 0.6786	Global Validation Loss: 4.0121	Global Validation Acc: 0.1370
Client 55	Dropout Rate: 0.9	Model Size: 0.45 MB	Train Loss: 1.1171	Train Acc: 0.5670	Local Validation  Loss: 1.6068	Local Validation Acc: 0.4592	Global Validation Loss: 2.8519	Global Validation Acc: 0.1891
Client 31	Dropout Rate: 0.9	Model Size: 0.45 MB	Train Loss: 0.4705	Train Acc: 0.8530	Local Validation  Loss: 0.6519	Local Validation Acc: 0.8365	Global Validation Loss: 4.1244	Global Validation Acc: 0.1490
Aggregated
Global Test Loss: 4.0398	Global Test Acc: 0.2660
Client 32	Local Validation Loss: 3.0370(1.6131)	Local Validation Acc: 0.4783(-0.0761)
Client 65	Local Validation Loss: 4.1345(2.8064)	Local Validation Acc: 0.4419(0.1395)
Client 49	Local Validation Loss: 3.2215(1.2004)	Local Validation Acc: 0.3933(-0.1011)
Client 62	Local Validation Loss: 5.1169(3.7026)	Local Validation Acc: 0.1986(-0.3404)
Client 83	Local Validation Loss: 4.6835(3.0783)	Local Validation Acc: 0.2174(-0.2228)
Client 66	Local Validation Loss: 3.0801(0.8028)	Local Validation Acc: 0.4083(-0.1333)
Client 7	Local Validation Loss: 3.2177(0.8980)	Local Validation Acc: 0.2812(-0.2500)
Client 95	Local Validation Loss: 2.0812(1.0228)	Local Validation Acc: 0.4524(-0.2262)
Client 55	Local Validation Loss: 4.2464(2.6396)	Local Validation Acc: 0.1939(-0.2653)
Client 31	Local Validation Loss: 3.9040(3.2521)	Local Validation Acc: 0.1635(-0.6731)
Round 7 use time: 98.33 min, ETA: 316.29 hours
================================================================================
Round 8
Selected 10 client IDs: [68 72 31 74 13 66 73 24 92 79]
[aggregate_resnet18] Average time over 1 runs: 38.766491 seconds
Client 68	Dropout Rate: 0.75	Model Size: 2.67 MB	Train Loss: 0.8557	Train Acc: 0.7268	Local Validation  Loss: 1.1336	Local Validation Acc: 0.6327	Global Validation Loss: 3.9565	Global Validation Acc: 0.1862
Client 72	Dropout Rate: 0.9	Model Size: 0.45 MB	Train Loss: 1.0604	Train Acc: 0.6542	Local Validation  Loss: 1.5825	Local Validation Acc: 0.5028	Global Validation Loss: 2.9982	Global Validation Acc: 0.2069
Client 31	Dropout Rate: 0.9	Model Size: 0.45 MB	Train Loss: 0.3952	Train Acc: 0.8795	Local Validation  Loss: 0.6565	Local Validation Acc: 0.8173	Global Validation Loss: 3.7858	Global Validation Acc: 0.1554
Client 74	Dropout Rate: 0.9	Model Size: 0.45 MB	Train Loss: 0.6631	Train Acc: 0.7945	Local Validation  Loss: 1.1950	Local Validation Acc: 0.6304	Global Validation Loss: 3.3626	Global Validation Acc: 0.1895
Client 13	Dropout Rate: 0.5	Model Size: 10.67 MB	Train Loss: 0.0862	Train Acc: 0.9801	Local Validation  Loss: 1.6547	Local Validation Acc: 0.6554	Global Validation Loss: 5.6297	Global Validation Acc: 0.2764
Client 66	Dropout Rate: 0.5	Model Size: 10.67 MB	Train Loss: 0.0701	Train Acc: 0.9833	Local Validation  Loss: 2.6427	Local Validation Acc: 0.5083	Global Validation Loss: 4.7799	Global Validation Acc: 0.3236
Client 73	Dropout Rate: 0.75	Model Size: 2.67 MB	Train Loss: 0.6410	Train Acc: 0.7796	Local Validation  Loss: 2.1139	Local Validation Acc: 0.4340	Global Validation Loss: 3.1397	Global Validation Acc: 0.2608
Client 24	Dropout Rate: 0.9	Model Size: 0.45 MB	Train Loss: 0.9081	Train Acc: 0.7221	Local Validation  Loss: 1.6234	Local Validation Acc: 0.5000	Global Validation Loss: 2.5913	Global Validation Acc: 0.2331
Client 92	Dropout Rate: 0.9	Model Size: 0.45 MB	Train Loss: 1.0488	Train Acc: 0.6895	Local Validation  Loss: 1.6404	Local Validation Acc: 0.4714	Global Validation Loss: 3.2536	Global Validation Acc: 0.1317
Client 79	Dropout Rate: 0.5	Model Size: 10.67 MB	Train Loss: 0.1263	Train Acc: 0.9641	Local Validation  Loss: 2.7067	Local Validation Acc: 0.4841	Global Validation Loss: 4.7538	Global Validation Acc: 0.3172
Aggregated
Global Test Loss: 6.0128	Global Test Acc: 0.2938
Client 68	Local Validation Loss: 4.0499(2.9163)	Local Validation Acc: 0.5714(-0.0612)
Client 72	Local Validation Loss: 7.7332(6.1507)	Local Validation Acc: 0.2210(-0.2818)
Client 31	Local Validation Loss: 6.7912(6.1347)	Local Validation Acc: 0.2500(-0.5673)
Client 74	Local Validation Loss: 3.2838(2.0889)	Local Validation Acc: 0.3913(-0.2391)
Client 13	Local Validation Loss: 3.5338(1.8791)	Local Validation Acc: 0.4463(-0.2090)
Client 66	Local Validation Loss: 3.6102(0.9676)	Local Validation Acc: 0.5417(0.0333)
Client 73	Local Validation Loss: 7.8518(5.7379)	Local Validation Acc: 0.1887(-0.2453)
Client 24	Local Validation Loss: 6.0990(4.4756)	Local Validation Acc: 0.4202(-0.0798)
Client 92	Local Validation Loss: 8.0271(6.3867)	Local Validation Acc: 0.0714(-0.4000)
Client 79	Local Validation Loss: 5.2095(2.5029)	Local Validation Acc: 0.4365(-0.0476)
Round 8 use time: 101.12 min, ETA: 323.57 hours
================================================================================
Round 9
Selected 10 client IDs: [13 89 71 39 16 10 38  1 62 34]
[aggregate_resnet18] Average time over 1 runs: 48.600865 seconds
Client 13	Dropout Rate: 0.5	Model Size: 10.67 MB	Train Loss: 0.2948	Train Acc: 0.8950	Local Validation  Loss: 1.9475	Local Validation Acc: 0.6215	Global Validation Loss: 6.1595	Global Validation Acc: 0.2992
Client 89	Dropout Rate: 0.1	Model Size: 34.62 MB	Train Loss: 0.5292	Train Acc: 0.7857	Local Validation  Loss: 2.2005	Local Validation Acc: 0.3731	Global Validation Loss: 3.6283	Global Validation Acc: 0.2510
Client 71	Dropout Rate: 0.9	Model Size: 0.45 MB	Train Loss: 1.7552	Train Acc: 0.4496	Local Validation  Loss: 1.4664	Local Validation Acc: 0.4308	Global Validation Loss: 3.7083	Global Validation Acc: 0.1310
Client 39	Dropout Rate: 0.9	Model Size: 0.45 MB	Train Loss: 0.8473	Train Acc: 0.7596	Local Validation  Loss: 1.9518	Local Validation Acc: 0.3962	Global Validation Loss: 2.7758	Global Validation Acc: 0.2101
Client 16	Dropout Rate: 0.5	Model Size: 10.67 MB	Train Loss: 0.0750	Train Acc: 0.9859	Local Validation  Loss: 3.0323	Local Validation Acc: 0.3820	Global Validation Loss: 4.0310	Global Validation Acc: 0.2986
Client 10	Dropout Rate: 0.5	Model Size: 10.67 MB	Train Loss: 0.1690	Train Acc: 0.9458	Local Validation  Loss: 2.6902	Local Validation Acc: 0.4717	Global Validation Loss: 3.9325	Global Validation Acc: 0.3192
Client 38	Dropout Rate: 0.9	Model Size: 0.45 MB	Train Loss: 0.8475	Train Acc: 0.6786	Local Validation  Loss: 1.8582	Local Validation Acc: 0.3333	Global Validation Loss: 3.0562	Global Validation Acc: 0.1603
Client 1	Dropout Rate: 0.1	Model Size: 34.62 MB	Train Loss: 0.2687	Train Acc: 0.9279	Local Validation  Loss: 1.1083	Local Validation Acc: 0.6731	Global Validation Loss: 4.9544	Global Validation Acc: 0.2196
Client 62	Dropout Rate: 0.9	Model Size: 0.45 MB	Train Loss: 0.7377	Train Acc: 0.7638	Local Validation  Loss: 1.4904	Local Validation Acc: 0.5248	Global Validation Loss: 3.3847	Global Validation Acc: 0.2240
Client 34	Dropout Rate: 0.75	Model Size: 2.67 MB	Train Loss: 0.1600	Train Acc: 0.9593	Local Validation  Loss: 1.6020	Local Validation Acc: 0.6585	Global Validation Loss: 3.8684	Global Validation Acc: 0.2621
Aggregated
Global Test Loss: 2.7650	Global Test Acc: 0.2750
Client 13	Local Validation Loss: 2.2150(0.2675)	Local Validation Acc: 0.2881(-0.3333)
Client 89	Local Validation Loss: 2.3923(0.1917)	Local Validation Acc: 0.2388(-0.1343)
Client 71	Local Validation Loss: 3.5000(2.0336)	Local Validation Acc: 0.1385(-0.2923)
Client 39	Local Validation Loss: 3.5557(1.6038)	Local Validation Acc: 0.1698(-0.2264)
Client 16	Local Validation Loss: 2.4316(-0.6007)	Local Validation Acc: 0.3258(-0.0562)
Client 10	Local Validation Loss: 2.6927(0.0025)	Local Validation Acc: 0.3113(-0.1604)
Client 38	Local Validation Loss: 3.7807(1.9225)	Local Validation Acc: 0.2857(-0.0476)
Client 1	Local Validation Loss: 2.5833(1.4751)	Local Validation Acc: 0.2115(-0.4615)
Client 62	Local Validation Loss: 3.4408(1.9504)	Local Validation Acc: 0.1206(-0.4043)
Client 34	Local Validation Loss: 2.2226(0.6206)	Local Validation Acc: 0.3740(-0.2846)
Round 9 use time: 104.47 min, ETA: 332.55 hours
================================================================================
Round 10
Selected 10 client IDs: [52 28 94 62 78 86 57 91 69 93]
[aggregate_resnet18] Average time over 1 runs: 41.004509 seconds
Client 52	Dropout Rate: 0.5	Model Size: 10.67 MB	Train Loss: 0.0579	Train Acc: 0.9949	Local Validation  Loss: 2.2720	Local Validation Acc: 0.5400	Global Validation Loss: 5.1937	Global Validation Acc: 0.2691
Client 28	Dropout Rate: 0.9	Model Size: 0.45 MB	Train Loss: 1.2273	Train Acc: 0.5232	Local Validation  Loss: 1.2643	Local Validation Acc: 0.5714	Global Validation Loss: 3.0865	Global Validation Acc: 0.1688
Client 94	Dropout Rate: 0.25	Model Size: 23.98 MB	Train Loss: 0.0521	Train Acc: 0.9898	Local Validation  Loss: 2.3388	Local Validation Acc: 0.5447	Global Validation Loss: 4.8250	Global Validation Acc: 0.2773
Client 62	Dropout Rate: 0.9	Model Size: 0.45 MB	Train Loss: 0.5921	Train Acc: 0.8082	Local Validation  Loss: 1.6200	Local Validation Acc: 0.5957	Global Validation Loss: 3.4497	Global Validation Acc: 0.2416
Client 78	Dropout Rate: 0.5	Model Size: 10.67 MB	Train Loss: 0.0453	Train Acc: 0.9882	Local Validation  Loss: 1.4302	Local Validation Acc: 0.6216	Global Validation Loss: 4.4792	Global Validation Acc: 0.2753
Client 86	Dropout Rate: 0.9	Model Size: 0.45 MB	Train Loss: 1.0710	Train Acc: 0.6467	Local Validation  Loss: 1.7506	Local Validation Acc: 0.5000	Global Validation Loss: 2.8193	Global Validation Acc: 0.1858
Client 57	Dropout Rate: 0.9	Model Size: 0.45 MB	Train Loss: 1.2335	Train Acc: 0.5949	Local Validation  Loss: 1.5531	Local Validation Acc: 0.4490	Global Validation Loss: 3.4433	Global Validation Acc: 0.1650
Client 91	Dropout Rate: 0.9	Model Size: 0.45 MB	Train Loss: 0.7759	Train Acc: 0.7526	Local Validation  Loss: 1.6626	Local Validation Acc: 0.4898	Global Validation Loss: 3.1390	Global Validation Acc: 0.2038
Client 69	Dropout Rate: 0.5	Model Size: 10.67 MB	Train Loss: 0.0360	Train Acc: 0.9968	Local Validation  Loss: 2.8391	Local Validation Acc: 0.4591	Global Validation Loss: 4.0004	Global Validation Acc: 0.3314
Client 93	Dropout Rate: 0.75	Model Size: 2.67 MB	Train Loss: 0.7250	Train Acc: 0.8099	Local Validation  Loss: 1.9355	Local Validation Acc: 0.5556	Global Validation Loss: 4.1129	Global Validation Acc: 0.2071
Aggregated
Global Test Loss: 3.5759	Global Test Acc: 0.3310
Client 52	Local Validation Loss: 2.7199(0.4479)	Local Validation Acc: 0.4800(-0.0600)
Client 28	Local Validation Loss: 3.3659(2.1016)	Local Validation Acc: 0.3163(-0.2551)
Client 94	Local Validation Loss: 2.4705(0.1317)	Local Validation Acc: 0.4228(-0.1220)
Client 62	Local Validation Loss: 2.5859(0.9659)	Local Validation Acc: 0.4610(-0.1348)
Client 78	Local Validation Loss: 3.7375(2.3073)	Local Validation Acc: 0.2905(-0.3311)
Client 86	Local Validation Loss: 5.0640(3.3134)	Local Validation Acc: 0.1190(-0.3810)
Client 57	Local Validation Loss: 2.7067(1.1536)	Local Validation Acc: 0.3673(-0.0816)
Client 91	Local Validation Loss: 3.8580(2.1954)	Local Validation Acc: 0.3673(-0.1224)
Client 69	Local Validation Loss: 2.8939(0.0548)	Local Validation Acc: 0.2893(-0.1698)
Client 93	Local Validation Loss: 3.5287(1.5932)	Local Validation Acc: 0.3611(-0.1944)
Average: 0.3181 | 0.0000 (compared to average)
Drpout Rate 0.1: 0.3260 | 0.0079 (compared to average)
Drpout Rate 0.25: 0.3226 | 0.0045 (compared to average)
Drpout Rate 0.5: 0.3244 | 0.0063 (compared to average)
Drpout Rate 0.75: 0.2819 | -0.0362 (compared to average)
Drpout Rate 0.9: 0.3237 | 0.0057 (compared to average)
Round 10 use time: 115.13 min, ETA: 364.58 hours
================================================================================
Round 11
Selected 10 client IDs: [18 69 73 21  2 59 56 95  9 89]
[aggregate_resnet18] Average time over 1 runs: 53.633029 seconds
Client 18	Dropout Rate: 0.9	Model Size: 0.45 MB	Train Loss: 0.9440	Train Acc: 0.7098	Local Validation  Loss: 1.6668	Local Validation Acc: 0.4891	Global Validation Loss: 2.7981	Global Validation Acc: 0.2307
Client 69	Dropout Rate: 0.5	Model Size: 10.67 MB	Train Loss: 0.1537	Train Acc: 0.9462	Local Validation  Loss: 2.9200	Local Validation Acc: 0.3774	Global Validation Loss: 4.8295	Global Validation Acc: 0.3045
Client 73	Dropout Rate: 0.75	Model Size: 2.67 MB	Train Loss: 0.4549	Train Acc: 0.8507	Local Validation  Loss: 1.7832	Local Validation Acc: 0.5189	Global Validation Loss: 3.2923	Global Validation Acc: 0.2688
Client 21	Dropout Rate: 0.9	Model Size: 0.45 MB	Train Loss: 0.7955	Train Acc: 0.7438	Local Validation  Loss: 1.2584	Local Validation Acc: 0.5610	Global Validation Loss: 3.2684	Global Validation Acc: 0.2051
Client 2	Dropout Rate: 0.5	Model Size: 10.67 MB	Train Loss: 0.0352	Train Acc: 0.9944	Local Validation  Loss: 2.8193	Local Validation Acc: 0.5506	Global Validation Loss: 4.7857	Global Validation Acc: 0.2985
Client 59	Dropout Rate: 0.75	Model Size: 2.67 MB	Train Loss: 0.5198	Train Acc: 0.8275	Local Validation  Loss: 1.8988	Local Validation Acc: 0.4366	Global Validation Loss: 3.1795	Global Validation Acc: 0.2290
Client 56	Dropout Rate: 0.5	Model Size: 10.67 MB	Train Loss: 0.0196	Train Acc: 1.0000	Local Validation  Loss: 2.2506	Local Validation Acc: 0.6632	Global Validation Loss: 5.6466	Global Validation Acc: 0.2978
Client 95	Dropout Rate: 0.75	Model Size: 2.67 MB	Train Loss: 0.1107	Train Acc: 0.9610	Local Validation  Loss: 1.5065	Local Validation Acc: 0.6905	Global Validation Loss: 5.5026	Global Validation Acc: 0.1662
Client 9	Dropout Rate: 0.1	Model Size: 34.62 MB	Train Loss: 0.0170	Train Acc: 1.0000	Local Validation  Loss: 3.3820	Local Validation Acc: 0.4535	Global Validation Loss: 4.8924	Global Validation Acc: 0.3105
Client 89	Dropout Rate: 0.1	Model Size: 34.62 MB	Train Loss: 0.1087	Train Acc: 0.9737	Local Validation  Loss: 2.9148	Local Validation Acc: 0.4478	Global Validation Loss: 4.7094	Global Validation Acc: 0.2729
Aggregated
Global Test Loss: 3.5169	Global Test Acc: 0.3481
Client 18	Local Validation Loss: 2.5319(0.8651)	Local Validation Acc: 0.5109(0.0217)
Client 69	Local Validation Loss: 2.8253(-0.0947)	Local Validation Acc: 0.4465(0.0692)
Client 73	Local Validation Loss: 5.0043(3.2212)	Local Validation Acc: 0.2170(-0.3019)
Client 21	Local Validation Loss: 5.2761(4.0177)	Local Validation Acc: 0.1707(-0.3902)
Client 2	Local Validation Loss: 3.1938(0.3744)	Local Validation Acc: 0.3933(-0.1573)
Client 59	Local Validation Loss: 3.3459(1.4471)	Local Validation Acc: 0.4789(0.0423)
Client 56	Local Validation Loss: 2.8325(0.5819)	Local Validation Acc: 0.4105(-0.2526)
Client 95	Local Validation Loss: 2.9242(1.4177)	Local Validation Acc: 0.4167(-0.2738)
Client 9	Local Validation Loss: 2.5218(-0.8602)	Local Validation Acc: 0.4651(0.0116)
Client 89	Local Validation Loss: 2.5150(-0.3998)	Local Validation Acc: 0.4328(-0.0149)
Round 11 use time: 108.63 min, ETA: 342.17 hours
================================================================================
Round 12
Selected 10 client IDs: [75 86 41 45 94 71 65 14 68 96]
[aggregate_resnet18] Average time over 1 runs: 42.665594 seconds
Client 75	Dropout Rate: 0.75	Model Size: 2.67 MB	Train Loss: 0.2951	Train Acc: 0.9325	Local Validation  Loss: 2.0431	Local Validation Acc: 0.4833	Global Validation Loss: 3.8380	Global Validation Acc: 0.2467
Client 86	Dropout Rate: 0.9	Model Size: 0.45 MB	Train Loss: 1.0877	Train Acc: 0.6587	Local Validation  Loss: 1.5688	Local Validation Acc: 0.4286	Global Validation Loss: 2.6734	Global Validation Acc: 0.1768
Client 41	Dropout Rate: 0.1	Model Size: 34.62 MB	Train Loss: 0.0060	Train Acc: 1.0000	Local Validation  Loss: 3.2668	Local Validation Acc: 0.4217	Global Validation Loss: 5.0405	Global Validation Acc: 0.3354
Client 45	Dropout Rate: 0.5	Model Size: 10.67 MB	Train Loss: 0.2646	Train Acc: 0.8908	Local Validation  Loss: 1.5494	Local Validation Acc: 0.5833	Global Validation Loss: 3.4203	Global Validation Acc: 0.2595
Client 94	Dropout Rate: 0.25	Model Size: 23.98 MB	Train Loss: 0.0103	Train Acc: 1.0000	Local Validation  Loss: 3.1167	Local Validation Acc: 0.5610	Global Validation Loss: 5.6509	Global Validation Acc: 0.2842
Client 71	Dropout Rate: 0.9	Model Size: 0.45 MB	Train Loss: 1.1532	Train Acc: 0.4225	Local Validation  Loss: 1.5550	Local Validation Acc: 0.4154	Global Validation Loss: 3.7756	Global Validation Acc: 0.1238
Client 65	Dropout Rate: 0.9	Model Size: 0.45 MB	Train Loss: 0.9073	Train Acc: 0.6433	Local Validation  Loss: 1.1993	Local Validation Acc: 0.4419	Global Validation Loss: 3.5280	Global Validation Acc: 0.1707
Client 14	Dropout Rate: 0.9	Model Size: 0.45 MB	Train Loss: 1.1997	Train Acc: 0.5972	Local Validation  Loss: 2.0896	Local Validation Acc: 0.3962	Global Validation Loss: 2.7874	Global Validation Acc: 0.1900
Client 68	Dropout Rate: 0.75	Model Size: 2.67 MB	Train Loss: 0.4463	Train Acc: 0.8299	Local Validation  Loss: 1.8120	Local Validation Acc: 0.4490	Global Validation Loss: 4.2414	Global Validation Acc: 0.2081
Client 96	Dropout Rate: 0.9	Model Size: 0.45 MB	Train Loss: 1.3286	Train Acc: 0.5525	Local Validation  Loss: 1.6207	Local Validation Acc: 0.3900	Global Validation Loss: 2.6464	Global Validation Acc: 0.1964
Aggregated
Global Test Loss: 3.4767	Global Test Acc: 0.3500
Client 75	Local Validation Loss: 4.0933(2.0503)	Local Validation Acc: 0.3667(-0.1167)
Client 86	Local Validation Loss: 4.5887(3.0199)	Local Validation Acc: 0.2143(-0.2143)
Client 41	Local Validation Loss: 2.8253(-0.4415)	Local Validation Acc: 0.4096(-0.0120)
Client 45	Local Validation Loss: 3.9294(2.3800)	Local Validation Acc: 0.2778(-0.3056)
Client 94	Local Validation Loss: 4.1518(1.0351)	Local Validation Acc: 0.2602(-0.3008)
Client 71	Local Validation Loss: 2.7934(1.2384)	Local Validation Acc: 0.4154(0.0000)
Client 65	Local Validation Loss: 2.8257(1.6264)	Local Validation Acc: 0.5349(0.0930)
Client 14	Local Validation Loss: 2.8915(0.8019)	Local Validation Acc: 0.5472(0.1509)
Client 68	Local Validation Loss: 3.3005(1.4884)	Local Validation Acc: 0.4082(-0.0408)
Client 96	Local Validation Loss: 3.6562(2.0355)	Local Validation Acc: 0.3200(-0.0700)
Round 12 use time: 99.60 min, ETA: 312.07 hours
================================================================================
Round 13
Selected 10 client IDs: [89 72 22 53 41 74 59 47 20 57]
[aggregate_resnet18] Average time over 1 runs: 41.885246 seconds
Client 89	Dropout Rate: 0.1	Model Size: 34.62 MB	Train Loss: 0.2029	Train Acc: 0.9135	Local Validation  Loss: 4.3147	Local Validation Acc: 0.3134	Global Validation Loss: 5.0242	Global Validation Acc: 0.2711
Client 72	Dropout Rate: 0.9	Model Size: 0.45 MB	Train Loss: 0.6812	Train Acc: 0.7773	Local Validation  Loss: 1.7254	Local Validation Acc: 0.4862	Global Validation Loss: 3.1463	Global Validation Acc: 0.2317
Client 22	Dropout Rate: 0.75	Model Size: 2.67 MB	Train Loss: 0.2568	Train Acc: 0.9187	Local Validation  Loss: 1.7492	Local Validation Acc: 0.5750	Global Validation Loss: 3.4103	Global Validation Acc: 0.2741
Client 53	Dropout Rate: 0.9	Model Size: 0.45 MB	Train Loss: 0.8431	Train Acc: 0.7291	Local Validation  Loss: 1.6751	Local Validation Acc: 0.4713	Global Validation Loss: 3.3782	Global Validation Acc: 0.1859
Client 41	Dropout Rate: 0.1	Model Size: 34.62 MB	Train Loss: 0.0019	Train Acc: 1.0000	Local Validation  Loss: 3.1601	Local Validation Acc: 0.4458	Global Validation Loss: 5.1851	Global Validation Acc: 0.3290
Client 74	Dropout Rate: 0.9	Model Size: 0.45 MB	Train Loss: 0.7522	Train Acc: 0.7479	Local Validation  Loss: 0.9111	Local Validation Acc: 0.7391	Global Validation Loss: 3.2509	Global Validation Acc: 0.1815
Client 59	Dropout Rate: 0.75	Model Size: 2.67 MB	Train Loss: 0.3844	Train Acc: 0.8944	Local Validation  Loss: 1.7738	Local Validation Acc: 0.5211	Global Validation Loss: 3.0402	Global Validation Acc: 0.2547
Client 47	Dropout Rate: 0.5	Model Size: 10.67 MB	Train Loss: 0.0288	Train Acc: 0.9963	Local Validation  Loss: 2.4087	Local Validation Acc: 0.6618	Global Validation Loss: 4.6829	Global Validation Acc: 0.2913
Client 20	Dropout Rate: 0.9	Model Size: 0.45 MB	Train Loss: 0.5827	Train Acc: 0.8303	Local Validation  Loss: 0.9471	Local Validation Acc: 0.6937	Global Validation Loss: 3.2583	Global Validation Acc: 0.2380
Client 57	Dropout Rate: 0.9	Model Size: 0.45 MB	Train Loss: 0.9762	Train Acc: 0.6308	Local Validation  Loss: 1.2355	Local Validation Acc: 0.4796	Global Validation Loss: 3.2632	Global Validation Acc: 0.2136
Aggregated
Global Test Loss: 3.6945	Global Test Acc: 0.3523
Client 89	Local Validation Loss: 3.6001(-0.7145)	Local Validation Acc: 0.4030(0.0896)
Client 72	Local Validation Loss: 3.3432(1.6178)	Local Validation Acc: 0.3425(-0.1436)
Client 22	Local Validation Loss: 3.0094(1.2602)	Local Validation Acc: 0.3000(-0.2750)
Client 53	Local Validation Loss: 3.5046(1.8294)	Local Validation Acc: 0.4368(-0.0345)
Client 41	Local Validation Loss: 2.9761(-0.1841)	Local Validation Acc: 0.4337(-0.0120)
Client 74	Local Validation Loss: 3.6940(2.7829)	Local Validation Acc: 0.2500(-0.4891)
Client 59	Local Validation Loss: 2.8337(1.0599)	Local Validation Acc: 0.4507(-0.0704)
Client 47	Local Validation Loss: 2.9367(0.5281)	Local Validation Acc: 0.5294(-0.1324)
Client 20	Local Validation Loss: 3.5492(2.6021)	Local Validation Acc: 0.2883(-0.4054)
Client 57	Local Validation Loss: 4.0574(2.8218)	Local Validation Acc: 0.3061(-0.1735)
Round 13 use time: 102.27 min, ETA: 318.74 hours
================================================================================
Round 14
Selected 10 client IDs: [60 21 42 28  8 62 27 12 64 33]
[aggregate_resnet18] Average time over 1 runs: 39.361538 seconds
Client 60	Dropout Rate: 0.9	Model Size: 0.45 MB	Train Loss: 0.7877	Train Acc: 0.7231	Local Validation  Loss: 1.7044	Local Validation Acc: 0.3723	Global Validation Loss: 3.2007	Global Validation Acc: 0.1753
Client 21	Dropout Rate: 0.9	Model Size: 0.45 MB	Train Loss: 0.6238	Train Acc: 0.8125	Local Validation  Loss: 1.5879	Local Validation Acc: 0.4634	Global Validation Loss: 3.3215	Global Validation Acc: 0.2159
Client 42	Dropout Rate: 0.5	Model Size: 10.67 MB	Train Loss: 0.0668	Train Acc: 0.9935	Local Validation  Loss: 2.6463	Local Validation Acc: 0.4675	Global Validation Loss: 3.6856	Global Validation Acc: 0.3036
Client 28	Dropout Rate: 0.9	Model Size: 0.45 MB	Train Loss: 1.2821	Train Acc: 0.6314	Local Validation  Loss: 1.1870	Local Validation Acc: 0.6122	Global Validation Loss: 3.0840	Global Validation Acc: 0.1918
Client 8	Dropout Rate: 0.75	Model Size: 2.67 MB	Train Loss: 0.2012	Train Acc: 0.9454	Local Validation  Loss: 2.5651	Local Validation Acc: 0.4417	Global Validation Loss: 4.2376	Global Validation Acc: 0.2645
Client 62	Dropout Rate: 0.9	Model Size: 0.45 MB	Train Loss: 1.0521	Train Acc: 0.6536	Local Validation  Loss: 2.0563	Local Validation Acc: 0.4894	Global Validation Loss: 3.3498	Global Validation Acc: 0.2140
Client 27	Dropout Rate: 0.25	Model Size: 23.98 MB	Train Loss: 0.0350	Train Acc: 0.9889	Local Validation  Loss: 1.6182	Local Validation Acc: 0.7241	Global Validation Loss: 4.3063	Global Validation Acc: 0.3175
Client 12	Dropout Rate: 0.1	Model Size: 34.62 MB	Train Loss: 0.1012	Train Acc: 0.9759	Local Validation  Loss: 1.7403	Local Validation Acc: 0.7143	Global Validation Loss: 4.5083	Global Validation Acc: 0.2856
Client 64	Dropout Rate: 0.9	Model Size: 0.45 MB	Train Loss: 0.9127	Train Acc: 0.5530	Local Validation  Loss: 1.4365	Local Validation Acc: 0.5294	Global Validation Loss: 3.6905	Global Validation Acc: 0.1703
Client 33	Dropout Rate: 0.9	Model Size: 0.45 MB	Train Loss: 0.5590	Train Acc: 0.8217	Local Validation  Loss: 1.8607	Local Validation Acc: 0.4777	Global Validation Loss: 2.8841	Global Validation Acc: 0.2547
Aggregated
Global Test Loss: 3.8453	Global Test Acc: 0.2969
Client 60	Local Validation Loss: 3.0671(1.3627)	Local Validation Acc: 0.3404(-0.0319)
Client 21	Local Validation Loss: 2.6901(1.1022)	Local Validation Acc: 0.3415(-0.1220)
Client 42	Local Validation Loss: 2.5837(-0.0626)	Local Validation Acc: 0.4286(-0.0390)
Client 28	Local Validation Loss: 4.8682(3.6811)	Local Validation Acc: 0.2347(-0.3776)
Client 8	Local Validation Loss: 2.7856(0.2205)	Local Validation Acc: 0.4500(0.0083)
Client 62	Local Validation Loss: 4.6753(2.6190)	Local Validation Acc: 0.2553(-0.2340)
Client 27	Local Validation Loss: 2.7852(1.1671)	Local Validation Acc: 0.4433(-0.2808)
Client 12	Local Validation Loss: 2.5178(0.7775)	Local Validation Acc: 0.3492(-0.3651)
Client 64	Local Validation Loss: 4.7721(3.3356)	Local Validation Acc: 0.2647(-0.2647)
Client 33	Local Validation Loss: 2.5668(0.7061)	Local Validation Acc: 0.4777(0.0000)
Round 14 use time: 100.99 min, ETA: 313.08 hours
================================================================================
Round 15
Selected 10 client IDs: [18 27 72 80 95  6 20 42  1 46]
[aggregate_resnet18] Average time over 1 runs: 45.229821 seconds
Client 18	Dropout Rate: 0.9	Model Size: 0.45 MB	Train Loss: 0.9560	Train Acc: 0.6948	Local Validation  Loss: 1.6326	Local Validation Acc: 0.5054	Global Validation Loss: 2.7776	Global Validation Acc: 0.2381
Client 27	Dropout Rate: 0.25	Model Size: 23.98 MB	Train Loss: 0.0251	Train Acc: 0.9926	Local Validation  Loss: 1.6320	Local Validation Acc: 0.7438	Global Validation Loss: 5.3932	Global Validation Acc: 0.2767
Client 72	Dropout Rate: 0.9	Model Size: 0.45 MB	Train Loss: 1.0382	Train Acc: 0.6639	Local Validation  Loss: 1.9239	Local Validation Acc: 0.4807	Global Validation Loss: 3.3501	Global Validation Acc: 0.2025
Client 80	Dropout Rate: 0.9	Model Size: 0.45 MB	Train Loss: 1.0030	Train Acc: 0.6525	Local Validation  Loss: 1.8522	Local Validation Acc: 0.4746	Global Validation Loss: 3.2891	Global Validation Acc: 0.1802
Client 95	Dropout Rate: 0.75	Model Size: 2.67 MB	Train Loss: 0.6445	Train Acc: 0.8529	Local Validation  Loss: 1.1537	Local Validation Acc: 0.7381	Global Validation Loss: 4.2786	Global Validation Acc: 0.1000
Client 6	Dropout Rate: 0.9	Model Size: 0.45 MB	Train Loss: 1.2309	Train Acc: 0.5957	Local Validation  Loss: 1.7715	Local Validation Acc: 0.4310	Global Validation Loss: 2.4777	Global Validation Acc: 0.1825
Client 20	Dropout Rate: 0.9	Model Size: 0.45 MB	Train Loss: 0.6151	Train Acc: 0.8009	Local Validation  Loss: 0.9722	Local Validation Acc: 0.6847	Global Validation Loss: 3.5275	Global Validation Acc: 0.2032
Client 42	Dropout Rate: 0.5	Model Size: 10.67 MB	Train Loss: 0.0369	Train Acc: 0.9870	Local Validation  Loss: 2.7899	Local Validation Acc: 0.5455	Global Validation Loss: 4.5601	Global Validation Acc: 0.2743
Client 1	Dropout Rate: 0.1	Model Size: 34.62 MB	Train Loss: 0.0434	Train Acc: 0.9808	Local Validation  Loss: 2.0682	Local Validation Acc: 0.6731	Global Validation Loss: 6.3672	Global Validation Acc: 0.2290
Client 46	Dropout Rate: 0.25	Model Size: 23.98 MB	Train Loss: 0.3417	Train Acc: 0.8759	Local Validation  Loss: 2.3943	Local Validation Acc: 0.4932	Global Validation Loss: 3.2284	Global Validation Acc: 0.3154
Aggregated
Global Test Loss: 3.7197	Global Test Acc: 0.3138
Client 18	Local Validation Loss: 4.3982(2.7656)	Local Validation Acc: 0.2283(-0.2772)
Client 27	Local Validation Loss: 1.8292(0.1972)	Local Validation Acc: 0.6650(-0.0788)
Client 72	Local Validation Loss: 3.8264(1.9024)	Local Validation Acc: 0.2652(-0.2155)
Client 80	Local Validation Loss: 2.6920(0.8398)	Local Validation Acc: 0.4407(-0.0339)
Client 95	Local Validation Loss: 4.4302(3.2765)	Local Validation Acc: 0.1429(-0.5952)
Client 6	Local Validation Loss: 2.7260(0.9545)	Local Validation Acc: 0.3966(-0.0345)
Client 20	Local Validation Loss: 2.9831(2.0108)	Local Validation Acc: 0.3514(-0.3333)
Client 42	Local Validation Loss: 3.6940(0.9041)	Local Validation Acc: 0.3247(-0.2208)
Client 1	Local Validation Loss: 1.5593(-0.5089)	Local Validation Acc: 0.6538(-0.0192)
Client 46	Local Validation Loss: 4.3983(2.0040)	Local Validation Acc: 0.3014(-0.1918)
Round 15 use time: 104.48 min, ETA: 322.16 hours
================================================================================
Round 16
Selected 10 client IDs: [ 4 73 86 43 51 66  3 74 45 98]
[aggregate_resnet18] Average time over 1 runs: 45.091947 seconds
Client 4	Dropout Rate: 0.9	Model Size: 0.45 MB	Train Loss: 0.9337	Train Acc: 0.6884	Local Validation  Loss: 2.2511	Local Validation Acc: 0.4370	Global Validation Loss: 2.5497	Global Validation Acc: 0.2427
Client 73	Dropout Rate: 0.75	Model Size: 2.67 MB	Train Loss: 0.5355	Train Acc: 0.8223	Local Validation  Loss: 2.1100	Local Validation Acc: 0.5000	Global Validation Loss: 3.1896	Global Validation Acc: 0.2698
Client 86	Dropout Rate: 0.9	Model Size: 0.45 MB	Train Loss: 0.9588	Train Acc: 0.7545	Local Validation  Loss: 1.6554	Local Validation Acc: 0.4286	Global Validation Loss: 2.7546	Global Validation Acc: 0.1869
Client 43	Dropout Rate: 0.5	Model Size: 10.67 MB	Train Loss: 0.0760	Train Acc: 0.9738	Local Validation  Loss: 2.9446	Local Validation Acc: 0.4713	Global Validation Loss: 4.8891	Global Validation Acc: 0.2741
Client 51	Dropout Rate: 0.5	Model Size: 10.67 MB	Train Loss: 0.0401	Train Acc: 0.9912	Local Validation  Loss: 2.1299	Local Validation Acc: 0.6897	Global Validation Loss: 6.7287	Global Validation Acc: 0.2174
Client 66	Dropout Rate: 0.5	Model Size: 10.67 MB	Train Loss: 0.1040	Train Acc: 0.9665	Local Validation  Loss: 2.4692	Local Validation Acc: 0.5417	Global Validation Loss: 4.3330	Global Validation Acc: 0.3132
Client 3	Dropout Rate: 0.5	Model Size: 10.67 MB	Train Loss: 0.1164	Train Acc: 0.9656	Local Validation  Loss: 1.6017	Local Validation Acc: 0.6209	Global Validation Loss: 4.7567	Global Validation Acc: 0.2738
Client 74	Dropout Rate: 0.9	Model Size: 0.45 MB	Train Loss: 1.1731	Train Acc: 0.6274	Local Validation  Loss: 1.1627	Local Validation Acc: 0.6739	Global Validation Loss: 3.4847	Global Validation Acc: 0.1568
Client 45	Dropout Rate: 0.5	Model Size: 10.67 MB	Train Loss: 0.2801	Train Acc: 0.9401	Local Validation  Loss: 2.0817	Local Validation Acc: 0.4583	Global Validation Loss: 3.3663	Global Validation Acc: 0.3000
Client 98	Dropout Rate: 0.9	Model Size: 0.45 MB	Train Loss: 1.2552	Train Acc: 0.6117	Local Validation  Loss: 1.3987	Local Validation Acc: 0.5253	Global Validation Loss: 2.8757	Global Validation Acc: 0.2141
Aggregated
Global Test Loss: 3.3710	Global Test Acc: 0.3936
Client 4	Local Validation Loss: 4.0644(1.8133)	Local Validation Acc: 0.3704(-0.0667)
Client 73	Local Validation Loss: 4.4426(2.3326)	Local Validation Acc: 0.2547(-0.2453)
Client 86	Local Validation Loss: 3.2116(1.5561)	Local Validation Acc: 0.3810(-0.0476)
Client 43	Local Validation Loss: 2.9124(-0.0322)	Local Validation Acc: 0.4023(-0.0690)
Client 51	Local Validation Loss: 3.2497(1.1198)	Local Validation Acc: 0.3103(-0.3793)
Client 66	Local Validation Loss: 3.2449(0.7758)	Local Validation Acc: 0.4750(-0.0667)
Client 3	Local Validation Loss: 2.0561(0.4544)	Local Validation Acc: 0.4248(-0.1961)
Client 74	Local Validation Loss: 2.1704(1.0077)	Local Validation Acc: 0.5543(-0.1196)
Client 45	Local Validation Loss: 4.1954(2.1137)	Local Validation Acc: 0.2500(-0.2083)
Client 98	Local Validation Loss: 3.3920(1.9933)	Local Validation Acc: 0.3939(-0.1313)
Round 16 use time: 103.07 min, ETA: 316.09 hours
================================================================================
Round 17
Selected 10 client IDs: [24 21 63 38 13 72 31 32 73  3]
[aggregate_resnet18] Average time over 1 runs: 31.853585 seconds
Client 24	Dropout Rate: 0.9	Model Size: 0.45 MB	Train Loss: 0.6908	Train Acc: 0.7899	Local Validation  Loss: 1.6628	Local Validation Acc: 0.5266	Global Validation Loss: 2.5439	Global Validation Acc: 0.2585
Client 21	Dropout Rate: 0.9	Model Size: 0.45 MB	Train Loss: 0.6022	Train Acc: 0.7937	Local Validation  Loss: 1.7089	Local Validation Acc: 0.5366	Global Validation Loss: 3.0690	Global Validation Acc: 0.1969
Client 63	Dropout Rate: 0.9	Model Size: 0.45 MB	Train Loss: 1.0005	Train Acc: 0.6804	Local Validation  Loss: 1.4938	Local Validation Acc: 0.4505	Global Validation Loss: 2.7873	Global Validation Acc: 0.2334
Client 38	Dropout Rate: 0.9	Model Size: 0.45 MB	Train Loss: 0.6493	Train Acc: 0.7857	Local Validation  Loss: 1.4712	Local Validation Acc: 0.5238	Global Validation Loss: 3.1669	Global Validation Acc: 0.1792
Client 13	Dropout Rate: 0.5	Model Size: 10.67 MB	Train Loss: 0.0531	Train Acc: 0.9830	Local Validation  Loss: 1.7287	Local Validation Acc: 0.7062	Global Validation Loss: 5.7859	Global Validation Acc: 0.3081
Client 72	Dropout Rate: 0.9	Model Size: 0.45 MB	Train Loss: 0.9439	Train Acc: 0.6833	Local Validation  Loss: 1.4561	Local Validation Acc: 0.5083	Global Validation Loss: 3.0794	Global Validation Acc: 0.2148
Client 31	Dropout Rate: 0.9	Model Size: 0.45 MB	Train Loss: 0.6802	Train Acc: 0.7928	Local Validation  Loss: 0.7796	Local Validation Acc: 0.7500	Global Validation Loss: 4.1484	Global Validation Acc: 0.1475
Client 32	Dropout Rate: 0.9	Model Size: 0.45 MB	Train Loss: 1.0324	Train Acc: 0.6137	Local Validation  Loss: 1.5263	Local Validation Acc: 0.5543	Global Validation Loss: 2.9694	Global Validation Acc: 0.2224
Client 73	Dropout Rate: 0.75	Model Size: 2.67 MB	Train Loss: 0.5765	Train Acc: 0.8199	Local Validation  Loss: 1.9621	Local Validation Acc: 0.4717	Global Validation Loss: 2.9378	Global Validation Acc: 0.2815
Client 3	Dropout Rate: 0.5	Model Size: 10.67 MB	Train Loss: 0.0981	Train Acc: 0.9672	Local Validation  Loss: 1.7046	Local Validation Acc: 0.6144	Global Validation Loss: 4.5560	Global Validation Acc: 0.3101
Aggregated
Global Test Loss: 4.4167	Global Test Acc: 0.3694
Client 24	Local Validation Loss: 4.1608(2.4980)	Local Validation Acc: 0.3883(-0.1383)
Client 21	Local Validation Loss: 4.1554(2.4464)	Local Validation Acc: 0.3171(-0.2195)
Client 63	Local Validation Loss: 4.1608(2.6670)	Local Validation Acc: 0.4176(-0.0330)
Client 38	Local Validation Loss: 3.8283(2.3570)	Local Validation Acc: 0.4762(-0.0476)
Client 13	Local Validation Loss: 2.2768(0.5481)	Local Validation Acc: 0.6441(-0.0621)
Client 72	Local Validation Loss: 5.2394(3.7834)	Local Validation Acc: 0.1878(-0.3204)
Client 31	Local Validation Loss: 3.7264(2.9468)	Local Validation Acc: 0.4519(-0.2981)
Client 32	Local Validation Loss: 3.7495(2.2232)	Local Validation Acc: 0.5109(-0.0435)
Client 73	Local Validation Loss: 5.6552(3.6932)	Local Validation Acc: 0.1604(-0.3113)
Client 3	Local Validation Loss: 2.9824(1.2778)	Local Validation Acc: 0.4771(-0.1373)
Round 17 use time: 96.32 min, ETA: 293.77 hours
================================================================================
Round 18
Selected 10 client IDs: [ 8 20  7 23 46 26 30 39 35 96]
[aggregate_resnet18] Average time over 1 runs: 44.439765 seconds
Client 8	Dropout Rate: 0.75	Model Size: 2.67 MB	Train Loss: 0.1693	Train Acc: 0.9433	Local Validation  Loss: 1.6665	Local Validation Acc: 0.6000	Global Validation Loss: 4.3899	Global Validation Acc: 0.2739
Client 20	Dropout Rate: 0.9	Model Size: 0.45 MB	Train Loss: 0.4528	Train Acc: 0.8688	Local Validation  Loss: 1.1818	Local Validation Acc: 0.6486	Global Validation Loss: 3.3685	Global Validation Acc: 0.2307
Client 7	Dropout Rate: 0.25	Model Size: 23.98 MB	Train Loss: 0.0402	Train Acc: 0.9919	Local Validation  Loss: 2.0191	Local Validation Acc: 0.5938	Global Validation Loss: 4.2317	Global Validation Acc: 0.2828
Client 23	Dropout Rate: 0.5	Model Size: 10.67 MB	Train Loss: 0.1605	Train Acc: 0.9573	Local Validation  Loss: 2.0016	Local Validation Acc: 0.5763	Global Validation Loss: 3.7901	Global Validation Acc: 0.2244
Client 46	Dropout Rate: 0.25	Model Size: 23.98 MB	Train Loss: 0.0275	Train Acc: 0.9966	Local Validation  Loss: 2.8102	Local Validation Acc: 0.4932	Global Validation Loss: 3.9537	Global Validation Acc: 0.3346
Client 26	Dropout Rate: 0.25	Model Size: 23.98 MB	Train Loss: 0.1595	Train Acc: 0.9575	Local Validation  Loss: 2.1921	Local Validation Acc: 0.5200	Global Validation Loss: 3.8733	Global Validation Acc: 0.3289
Client 30	Dropout Rate: 0.9	Model Size: 0.45 MB	Train Loss: 0.7028	Train Acc: 0.7767	Local Validation  Loss: 1.5541	Local Validation Acc: 0.5132	Global Validation Loss: 3.2150	Global Validation Acc: 0.2181
Client 39	Dropout Rate: 0.9	Model Size: 0.45 MB	Train Loss: 0.7163	Train Acc: 0.7885	Local Validation  Loss: 2.5809	Local Validation Acc: 0.2264	Global Validation Loss: 2.8380	Global Validation Acc: 0.2271
Client 35	Dropout Rate: 0.9	Model Size: 0.45 MB	Train Loss: 0.6344	Train Acc: 0.8182	Local Validation  Loss: 1.5540	Local Validation Acc: 0.5349	Global Validation Loss: 3.4976	Global Validation Acc: 0.1925
Client 96	Dropout Rate: 0.9	Model Size: 0.45 MB	Train Loss: 0.9820	Train Acc: 0.6825	Local Validation  Loss: 1.6992	Local Validation Acc: 0.4300	Global Validation Loss: 2.6331	Global Validation Acc: 0.2256
Aggregated
Global Test Loss: 3.2338	Global Test Acc: 0.4035
Client 8	Local Validation Loss: 3.2743(1.6078)	Local Validation Acc: 0.3417(-0.2583)
Client 20	Local Validation Loss: 3.7708(2.5890)	Local Validation Acc: 0.3153(-0.3333)
Client 7	Local Validation Loss: 4.4933(2.4742)	Local Validation Acc: 0.2188(-0.3750)
Client 23	Local Validation Loss: 4.0565(2.0549)	Local Validation Acc: 0.3390(-0.2373)
Client 46	Local Validation Loss: 3.3898(0.5796)	Local Validation Acc: 0.4247(-0.0685)
Client 26	Local Validation Loss: 2.5955(0.4034)	Local Validation Acc: 0.4600(-0.0600)
Client 30	Local Validation Loss: 2.6361(1.0819)	Local Validation Acc: 0.5000(-0.0132)
Client 39	Local Validation Loss: 3.2040(0.6231)	Local Validation Acc: 0.3019(0.0755)
Client 35	Local Validation Loss: 2.6066(1.0526)	Local Validation Acc: 0.5581(0.0233)
Client 96	Local Validation Loss: 2.3363(0.6370)	Local Validation Acc: 0.4900(0.0600)
Round 18 use time: 101.84 min, ETA: 308.93 hours
================================================================================
Round 19
Selected 10 client IDs: [68 89 73 59 19 84 47  7 45 18]
[aggregate_resnet18] Average time over 1 runs: 57.109171 seconds
Client 68	Dropout Rate: 0.75	Model Size: 2.67 MB	Train Loss: 0.0952	Train Acc: 0.9794	Local Validation  Loss: 1.7161	Local Validation Acc: 0.6735	Global Validation Loss: 4.9670	Global Validation Acc: 0.2065
Client 89	Dropout Rate: 0.1	Model Size: 34.62 MB	Train Loss: 0.0161	Train Acc: 0.9962	Local Validation  Loss: 3.1671	Local Validation Acc: 0.4776	Global Validation Loss: 5.3134	Global Validation Acc: 0.3153
Client 73	Dropout Rate: 0.75	Model Size: 2.67 MB	Train Loss: 0.3312	Train Acc: 0.8673	Local Validation  Loss: 3.1007	Local Validation Acc: 0.3396	Global Validation Loss: 3.5056	Global Validation Acc: 0.2945
Client 59	Dropout Rate: 0.75	Model Size: 2.67 MB	Train Loss: 0.9537	Train Acc: 0.6901	Local Validation  Loss: 1.6781	Local Validation Acc: 0.4085	Global Validation Loss: 3.0239	Global Validation Acc: 0.2322
Client 19	Dropout Rate: 0.1	Model Size: 34.62 MB	Train Loss: 0.0306	Train Acc: 0.9946	Local Validation  Loss: 1.7728	Local Validation Acc: 0.6791	Global Validation Loss: 4.6299	Global Validation Acc: 0.3343
Client 84	Dropout Rate: 0.75	Model Size: 2.67 MB	Train Loss: 0.3385	Train Acc: 0.8646	Local Validation  Loss: 2.6199	Local Validation Acc: 0.4479	Global Validation Loss: 4.6385	Global Validation Acc: 0.2342
Client 47	Dropout Rate: 0.5	Model Size: 10.67 MB	Train Loss: 0.0783	Train Acc: 0.9706	Local Validation  Loss: 3.5094	Local Validation Acc: 0.6618	Global Validation Loss: 4.4760	Global Validation Acc: 0.3105
Client 7	Dropout Rate: 0.25	Model Size: 23.98 MB	Train Loss: 0.0149	Train Acc: 1.0000	Local Validation  Loss: 2.8520	Local Validation Acc: 0.5312	Global Validation Loss: 5.2973	Global Validation Acc: 0.2841
Client 45	Dropout Rate: 0.5	Model Size: 10.67 MB	Train Loss: 0.0677	Train Acc: 0.9894	Local Validation  Loss: 2.2698	Local Validation Acc: 0.5556	Global Validation Loss: 4.4666	Global Validation Acc: 0.2648
Client 18	Dropout Rate: 0.9	Model Size: 0.45 MB	Train Loss: 0.6060	Train Acc: 0.8079	Local Validation  Loss: 2.0852	Local Validation Acc: 0.4457	Global Validation Loss: 2.9036	Global Validation Acc: 0.2601
Aggregated
Global Test Loss: 3.2624	Global Test Acc: 0.3949
Client 68	Local Validation Loss: 2.9987(1.2826)	Local Validation Acc: 0.5102(-0.1633)
Client 89	Local Validation Loss: 3.6768(0.5097)	Local Validation Acc: 0.2985(-0.1791)
Client 73	Local Validation Loss: 3.0487(-0.0519)	Local Validation Acc: 0.4057(0.0660)
Client 59	Local Validation Loss: 2.5597(0.8816)	Local Validation Acc: 0.4930(0.0845)
Client 19	Local Validation Loss: 2.6273(0.8546)	Local Validation Acc: 0.5348(-0.1444)
Client 84	Local Validation Loss: 3.1736(0.5537)	Local Validation Acc: 0.2708(-0.1771)
Client 47	Local Validation Loss: 2.5083(-1.0011)	Local Validation Acc: 0.6250(-0.0368)
Client 7	Local Validation Loss: 3.2140(0.3620)	Local Validation Acc: 0.3750(-0.1562)
Client 45	Local Validation Loss: 2.8491(0.5793)	Local Validation Acc: 0.4167(-0.1389)
Client 18	Local Validation Loss: 2.8264(0.7412)	Local Validation Acc: 0.4946(0.0489)
Round 19 use time: 110.57 min, ETA: 333.56 hours
================================================================================
Round 20
Selected 10 client IDs: [83 51 14  9  1 77 35 90 28 18]
[aggregate_resnet18] Average time over 1 runs: 45.206561 seconds
Client 83	Dropout Rate: 0.9	Model Size: 0.45 MB	Train Loss: 1.0332	Train Acc: 0.6163	Local Validation  Loss: 1.7955	Local Validation Acc: 0.3913	Global Validation Loss: 2.9910	Global Validation Acc: 0.2219
Client 51	Dropout Rate: 0.5	Model Size: 10.67 MB	Train Loss: 0.0166	Train Acc: 1.0000	Local Validation  Loss: 1.4123	Local Validation Acc: 0.6207	Global Validation Loss: 6.0544	Global Validation Acc: 0.2328
Client 14	Dropout Rate: 0.9	Model Size: 0.45 MB	Train Loss: 0.8703	Train Acc: 0.7014	Local Validation  Loss: 2.2700	Local Validation Acc: 0.3962	Global Validation Loss: 2.8689	Global Validation Acc: 0.1963
Client 9	Dropout Rate: 0.1	Model Size: 34.62 MB	Train Loss: 0.0510	Train Acc: 0.9853	Local Validation  Loss: 3.2767	Local Validation Acc: 0.5116	Global Validation Loss: 5.3974	Global Validation Acc: 0.3004
Client 1	Dropout Rate: 0.1	Model Size: 34.62 MB	Train Loss: 0.0483	Train Acc: 0.9856	Local Validation  Loss: 1.9534	Local Validation Acc: 0.6731	Global Validation Loss: 6.8476	Global Validation Acc: 0.2487
Client 77	Dropout Rate: 0.75	Model Size: 2.67 MB	Train Loss: 0.1206	Train Acc: 0.9712	Local Validation  Loss: 1.8840	Local Validation Acc: 0.6282	Global Validation Loss: 4.7365	Global Validation Acc: 0.2226
Client 35	Dropout Rate: 0.9	Model Size: 0.45 MB	Train Loss: 0.6196	Train Acc: 0.8182	Local Validation  Loss: 1.5023	Local Validation Acc: 0.5698	Global Validation Loss: 3.5218	Global Validation Acc: 0.2104
Client 90	Dropout Rate: 0.25	Model Size: 23.98 MB	Train Loss: 0.4211	Train Acc: 0.8414	Local Validation  Loss: 2.7317	Local Validation Acc: 0.4898	Global Validation Loss: 4.3745	Global Validation Acc: 0.3056
Client 28	Dropout Rate: 0.9	Model Size: 0.45 MB	Train Loss: 1.2820	Train Acc: 0.5412	Local Validation  Loss: 1.3735	Local Validation Acc: 0.5408	Global Validation Loss: 2.9439	Global Validation Acc: 0.1647
Client 18	Dropout Rate: 0.9	Model Size: 0.45 MB	Train Loss: 0.8423	Train Acc: 0.7207	Local Validation  Loss: 1.8299	Local Validation Acc: 0.4891	Global Validation Loss: 2.9457	Global Validation Acc: 0.2531
Aggregated
Global Test Loss: 3.3368	Global Test Acc: 0.3319
Client 83	Local Validation Loss: 3.7435(1.9480)	Local Validation Acc: 0.2772(-0.1141)
Client 51	Local Validation Loss: 1.1079(-0.3044)	Local Validation Acc: 0.6207(0.0000)
Client 14	Local Validation Loss: 3.2625(0.9925)	Local Validation Acc: 0.3962(0.0000)
Client 9	Local Validation Loss: 2.6284(-0.6483)	Local Validation Acc: 0.4884(-0.0233)
Client 1	Local Validation Loss: 1.8807(-0.0727)	Local Validation Acc: 0.6346(-0.0385)
Client 77	Local Validation Loss: 2.7013(0.8173)	Local Validation Acc: 0.3974(-0.2308)
Client 35	Local Validation Loss: 4.2524(2.7501)	Local Validation Acc: 0.1860(-0.3837)
Client 90	Local Validation Loss: 2.4331(-0.2986)	Local Validation Acc: 0.4592(-0.0306)
Client 28	Local Validation Loss: 2.4119(1.0384)	Local Validation Acc: 0.4184(-0.1224)
Client 18	Local Validation Loss: 3.2782(1.4483)	Local Validation Acc: 0.2935(-0.1957)
Average: 0.3190 | 0.0000 (compared to average)
Drpout Rate 0.1: 0.3695 | 0.0505 (compared to average)
Drpout Rate 0.25: 0.3293 | 0.0103 (compared to average)
Drpout Rate 0.5: 0.3165 | -0.0025 (compared to average)
Drpout Rate 0.75: 0.2913 | -0.0278 (compared to average)
Drpout Rate 0.9: 0.3191 | 0.0001 (compared to average)
Round 20 use time: 115.83 min, ETA: 347.48 hours
================================================================================
Round 21
Selected 10 client IDs: [ 0 12 79 47 50 38 66  7 88 18]
