Random seed: 42
Method: rdbagging
Model type: resnet
Dataset: cifar10
Data distribution: non-iid
Alpha: 0.5
Aggregation method: sparse
Number of clients: 100
Select ratio: 0.1
Local train ratio: 0.8
Number of rounds: 200
Number of local epochs: 20
Batch size: 128
Learning rate: 0.001
Results save directory: None
Results will not be saved.
[Model Architecture]
ResNet(
  (conv1): Conv2d(3, 64, kernel_size=(7, 7), stride=(2, 2), padding=(3, 3), bias=False)
  (bn1): LayerNorm((64, 16, 16), eps=1e-05, elementwise_affine=False)
  (relu): ReLU(inplace=True)
  (maxpool): MaxPool2d(kernel_size=3, stride=2, padding=1, dilation=1, ceil_mode=False)
  (layer1): Sequential(
    (0): BasicBlock(
      (conv1): Conv2d(64, 64, kernel_size=(3, 3), stride=(1, 1), padding=(1, 1), bias=False)
      (bn1): LayerNorm((64, 8, 8), eps=1e-05, elementwise_affine=False)
      (relu): ReLU(inplace=True)
      (conv2): Conv2d(64, 64, kernel_size=(3, 3), stride=(1, 1), padding=(1, 1), bias=False)
      (bn2): LayerNorm((64, 8, 8), eps=1e-05, elementwise_affine=False)
    )
    (1): BasicBlock(
      (conv1): Conv2d(64, 64, kernel_size=(3, 3), stride=(1, 1), padding=(1, 1), bias=False)
      (bn1): LayerNorm((64, 8, 8), eps=1e-05, elementwise_affine=False)
      (relu): ReLU(inplace=True)
      (conv2): Conv2d(64, 64, kernel_size=(3, 3), stride=(1, 1), padding=(1, 1), bias=False)
      (bn2): LayerNorm((64, 8, 8), eps=1e-05, elementwise_affine=False)
    )
  )
  (layer2): Sequential(
    (0): BasicBlock(
      (conv1): Conv2d(64, 128, kernel_size=(3, 3), stride=(2, 2), padding=(1, 1), bias=False)
      (bn1): LayerNorm((128, 4, 4), eps=1e-05, elementwise_affine=False)
      (relu): ReLU(inplace=True)
      (conv2): Conv2d(128, 128, kernel_size=(3, 3), stride=(1, 1), padding=(1, 1), bias=False)
      (bn2): LayerNorm((128, 4, 4), eps=1e-05, elementwise_affine=False)
      (downsample): Sequential(
        (0): Conv2d(64, 128, kernel_size=(1, 1), stride=(2, 2), bias=False)
        (1): LayerNorm((128, 4, 4), eps=1e-05, elementwise_affine=False)
      )
    )
    (1): BasicBlock(
      (conv1): Conv2d(128, 128, kernel_size=(3, 3), stride=(1, 1), padding=(1, 1), bias=False)
      (bn1): LayerNorm((128, 4, 4), eps=1e-05, elementwise_affine=False)
      (relu): ReLU(inplace=True)
      (conv2): Conv2d(128, 128, kernel_size=(3, 3), stride=(1, 1), padding=(1, 1), bias=False)
      (bn2): LayerNorm((128, 4, 4), eps=1e-05, elementwise_affine=False)
    )
  )
  (layer3): Sequential(
    (0): BasicBlock(
      (conv1): Conv2d(128, 256, kernel_size=(3, 3), stride=(2, 2), padding=(1, 1), bias=False)
      (bn1): LayerNorm((256, 2, 2), eps=1e-05, elementwise_affine=False)
      (relu): ReLU(inplace=True)
      (conv2): Conv2d(256, 256, kernel_size=(3, 3), stride=(1, 1), padding=(1, 1), bias=False)
      (bn2): LayerNorm((256, 2, 2), eps=1e-05, elementwise_affine=False)
      (downsample): Sequential(
        (0): Conv2d(128, 256, kernel_size=(1, 1), stride=(2, 2), bias=False)
        (1): LayerNorm((256, 2, 2), eps=1e-05, elementwise_affine=False)
      )
    )
    (1): BasicBlock(
      (conv1): Conv2d(256, 256, kernel_size=(3, 3), stride=(1, 1), padding=(1, 1), bias=False)
      (bn1): LayerNorm((256, 2, 2), eps=1e-05, elementwise_affine=False)
      (relu): ReLU(inplace=True)
      (conv2): Conv2d(256, 256, kernel_size=(3, 3), stride=(1, 1), padding=(1, 1), bias=False)
      (bn2): LayerNorm((256, 2, 2), eps=1e-05, elementwise_affine=False)
    )
  )
  (layer4): Sequential(
    (0): BasicBlock(
      (conv1): Conv2d(256, 512, kernel_size=(3, 3), stride=(2, 2), padding=(1, 1), bias=False)
      (bn1): LayerNorm((512, 1, 1), eps=1e-05, elementwise_affine=False)
      (relu): ReLU(inplace=True)
      (conv2): Conv2d(512, 512, kernel_size=(3, 3), stride=(1, 1), padding=(1, 1), bias=False)
      (bn2): LayerNorm((512, 1, 1), eps=1e-05, elementwise_affine=False)
      (downsample): Sequential(
        (0): Conv2d(256, 512, kernel_size=(1, 1), stride=(2, 2), bias=False)
        (1): LayerNorm((512, 1, 1), eps=1e-05, elementwise_affine=False)
      )
    )
    (1): BasicBlock(
      (conv1): Conv2d(512, 512, kernel_size=(3, 3), stride=(1, 1), padding=(1, 1), bias=False)
      (bn1): LayerNorm((512, 1, 1), eps=1e-05, elementwise_affine=False)
      (relu): ReLU(inplace=True)
      (conv2): Conv2d(512, 512, kernel_size=(3, 3), stride=(1, 1), padding=(1, 1), bias=False)
      (bn2): LayerNorm((512, 1, 1), eps=1e-05, elementwise_affine=False)
    )
  )
  (avgpool): AdaptiveAvgPool2d(output_size=(1, 1))
  (fc): Linear(in_features=512, out_features=10, bias=True)
)
Global Model size: 42.62 MB
Client dropout rates: [0.9, 0.1, 0.5, 0.5, 0.9, 0.9, 0.9, 0.25, 0.75, 0.1, 0.5, 0.9, 0.1, 0.5, 0.9, 0.9, 0.5, 0.9, 0.9, 0.1, 0.9, 0.9, 0.75, 0.5, 0.9, 0.75, 0.25, 0.25, 0.9, 0.9, 0.9, 0.9, 0.9, 0.9, 0.75, 0.9, 0.9, 0.9, 0.9, 0.9, 0.9, 0.1, 0.5, 0.5, 0.25, 0.5, 0.25, 0.5, 0.9, 0.75, 0.75, 0.5, 0.5, 0.9, 0.9, 0.9, 0.5, 0.9, 0.5, 0.75, 0.9, 0.9, 0.9, 0.9, 0.9, 0.9, 0.5, 0.1, 0.75, 0.5, 0.5, 0.9, 0.9, 0.75, 0.9, 0.75, 0.9, 0.75, 0.5, 0.5, 0.9, 0.5, 0.9, 0.9, 0.75, 0.5, 0.9, 0.9, 0.25, 0.1, 0.25, 0.9, 0.9, 0.75, 0.25, 0.75, 0.9, 0.9, 0.9, 0.9]
Client dropout rate count: {0.9: 50, 0.1: 7, 0.5: 21, 0.25: 8, 0.75: 14}
Round 1
Selected 10 client IDs: [31 28 21 72 47 75  4  8 97 44]
Client 31	Dropout Rate: 0.9	Model Size: 0.42 MB	Train Loss: 0.4411	Train Acc: 0.9060	Local Validation  Loss: 0.7889	Local Validation Acc: 0.7981	Global Validation Loss: 4.3398	Global Validation Acc: 0.1402
Client 28	Dropout Rate: 0.9	Model Size: 0.42 MB	Train Loss: 1.4749	Train Acc: 0.4201	Local Validation  Loss: 1.5145	Local Validation Acc: 0.3469	Global Validation Loss: 3.1126	Global Validation Acc: 0.1205
Client 21	Dropout Rate: 0.9	Model Size: 0.42 MB	Train Loss: 1.0982	Train Acc: 0.6250	Local Validation  Loss: 1.8489	Local Validation Acc: 0.4634	Global Validation Loss: 3.2323	Global Validation Acc: 0.1737
Client 72	Dropout Rate: 0.9	Model Size: 0.42 MB	Train Loss: 0.9683	Train Acc: 0.6763	Local Validation  Loss: 2.0004	Local Validation Acc: 0.3978	Global Validation Loss: 3.2017	Global Validation Acc: 0.1915
Client 47	Dropout Rate: 0.5	Model Size: 10.67 MB	Train Loss: 1.2633	Train Acc: 0.5460	Local Validation  Loss: 2.1263	Local Validation Acc: 0.5588	Global Validation Loss: 3.2895	Global Validation Acc: 0.1601
Client 75	Dropout Rate: 0.75	Model Size: 2.67 MB	Train Loss: 0.3667	Train Acc: 0.8903	Local Validation  Loss: 2.1605	Local Validation Acc: 0.4333	Global Validation Loss: 3.8248	Global Validation Acc: 0.1992
Client 4	Dropout Rate: 0.9	Model Size: 0.42 MB	Train Loss: 1.2073	Train Acc: 0.6157	Local Validation  Loss: 2.6060	Local Validation Acc: 0.3481	Global Validation Loss: 2.5492	Global Validation Acc: 0.1982
Client 8	Dropout Rate: 0.75	Model Size: 2.67 MB	Train Loss: 0.5619	Train Acc: 0.8046	Local Validation  Loss: 1.5373	Local Validation Acc: 0.5667	Global Validation Loss: 3.5591	Global Validation Acc: 0.2245
Client 97	Dropout Rate: 0.9	Model Size: 0.42 MB	Train Loss: 1.2147	Train Acc: 0.5607	Local Validation  Loss: 1.9232	Local Validation Acc: 0.3158	Global Validation Loss: 3.1749	Global Validation Acc: 0.1392
Client 44	Dropout Rate: 0.25	Model Size: 23.98 MB	Train Loss: 0.8615	Train Acc: 0.7541	Local Validation  Loss: 1.1049	Local Validation Acc: 0.7196	Global Validation Loss: 3.5948	Global Validation Acc: 0.1750
Aggregated
Global Test Loss: 2.8249	Global Test Acc: 0.1944
Client 31	Local Validation Loss: 1.6575(0.8686)	Local Validation Acc: 0.6538(-0.1442)
Client 28	Local Validation Loss: 3.2208(1.7063)	Local Validation Acc: 0.0306(-0.3163)
Client 21	Local Validation Loss: 1.8401(-0.0088)	Local Validation Acc: 0.3415(-0.1220)
Client 72	Local Validation Loss: 2.4563(0.4559)	Local Validation Acc: 0.2320(-0.1657)
Client 47	Local Validation Loss: 2.5656(0.4393)	Local Validation Acc: 0.1029(-0.4559)
Client 75	Local Validation Loss: 2.9269(0.7665)	Local Validation Acc: 0.0833(-0.3500)
Client 4	Local Validation Loss: 3.3076(0.7016)	Local Validation Acc: 0.0963(-0.2519)
Client 8	Local Validation Loss: 2.0307(0.4934)	Local Validation Acc: 0.3250(-0.2417)
Client 97	Local Validation Loss: 2.4458(0.5226)	Local Validation Acc: 0.1579(-0.1579)
Client 44	Local Validation Loss: 2.1068(1.0019)	Local Validation Acc: 0.3178(-0.4019)
Round 1 use time: 98.73 min, ETA: 327.45 hours
================================================================================
Round 2
Selected 10 client IDs: [67  2 15 99 51 60 74 75 46 86]
Client 67	Dropout Rate: 0.1	Model Size: 34.40 MB	Train Loss: 0.8361	Train Acc: 0.6780	Local Validation  Loss: 1.5642	Local Validation Acc: 0.5266	Global Validation Loss: 3.0364	Global Validation Acc: 0.2301
Client 2	Dropout Rate: 0.5	Model Size: 10.67 MB	Train Loss: 0.4955	Train Acc: 0.8310	Local Validation  Loss: 1.4865	Local Validation Acc: 0.5730	Global Validation Loss: 3.2751	Global Validation Acc: 0.2601
Client 15	Dropout Rate: 0.9	Model Size: 0.42 MB	Train Loss: 1.1148	Train Acc: 0.6169	Local Validation  Loss: 1.2001	Local Validation Acc: 0.5949	Global Validation Loss: 2.8343	Global Validation Acc: 0.1719
Client 99	Dropout Rate: 0.9	Model Size: 0.42 MB	Train Loss: 1.0221	Train Acc: 0.6583	Local Validation  Loss: 1.6539	Local Validation Acc: 0.4570	Global Validation Loss: 2.5522	Global Validation Acc: 0.2525
Client 51	Dropout Rate: 0.5	Model Size: 10.67 MB	Train Loss: 0.9207	Train Acc: 0.6726	Local Validation  Loss: 1.1621	Local Validation Acc: 0.6552	Global Validation Loss: 4.4464	Global Validation Acc: 0.1664
Client 60	Dropout Rate: 0.9	Model Size: 0.42 MB	Train Loss: 0.7492	Train Acc: 0.7876	Local Validation  Loss: 1.6205	Local Validation Acc: 0.3830	Global Validation Loss: 3.3553	Global Validation Acc: 0.1748
Client 74	Dropout Rate: 0.9	Model Size: 0.42 MB	Train Loss: 0.8151	Train Acc: 0.7534	Local Validation  Loss: 1.1416	Local Validation Acc: 0.6848	Global Validation Loss: 3.4686	Global Validation Acc: 0.1692
Client 75	Dropout Rate: 0.75	Model Size: 2.67 MB	Train Loss: 0.5410	Train Acc: 0.8397	Local Validation  Loss: 1.6114	Local Validation Acc: 0.4667	Global Validation Loss: 3.1887	Global Validation Acc: 0.2359
Client 46	Dropout Rate: 0.25	Model Size: 23.98 MB	Train Loss: 1.1306	Train Acc: 0.6241	Local Validation  Loss: 1.7912	Local Validation Acc: 0.4110	Global Validation Loss: 2.3889	Global Validation Acc: 0.2263
Client 86	Dropout Rate: 0.9	Model Size: 0.42 MB	Train Loss: 1.1252	Train Acc: 0.6467	Local Validation  Loss: 1.5570	Local Validation Acc: 0.4048	Global Validation Loss: 2.7498	Global Validation Acc: 0.1893
Aggregated
Global Test Loss: 2.5607	Global Test Acc: 0.2248
Client 67	Local Validation Loss: 1.7809(0.2167)	Local Validation Acc: 0.4852(-0.0414)
Client 2	Local Validation Loss: 2.3186(0.8321)	Local Validation Acc: 0.3258(-0.2472)
Client 15	Local Validation Loss: 2.3115(1.1115)	Local Validation Acc: 0.3671(-0.2278)
Client 99	Local Validation Loss: 2.5470(0.8930)	Local Validation Acc: 0.2217(-0.2353)
Client 51	Local Validation Loss: 3.3432(2.1811)	Local Validation Acc: 0.1034(-0.5517)
Client 60	Local Validation Loss: 1.9224(0.3019)	Local Validation Acc: 0.3830(0.0000)
Client 74	Local Validation Loss: 2.3871(1.2455)	Local Validation Acc: 0.1087(-0.5761)
Client 75	Local Validation Loss: 2.5865(0.9751)	Local Validation Acc: 0.1500(-0.3167)
Client 46	Local Validation Loss: 2.5015(0.7103)	Local Validation Acc: 0.2055(-0.2055)
Client 86	Local Validation Loss: 3.1274(1.5705)	Local Validation Acc: 0.0952(-0.3095)
Round 2 use time: 101.69 min, ETA: 335.59 hours
================================================================================
Round 3
Selected 10 client IDs: [89 73 33 76 50 40 49 30 61 99]
Client 89	Dropout Rate: 0.1	Model Size: 34.40 MB	Train Loss: 0.9367	Train Acc: 0.6429	Local Validation  Loss: 2.0074	Local Validation Acc: 0.3881	Global Validation Loss: 3.4820	Global Validation Acc: 0.2191
Client 73	Dropout Rate: 0.75	Model Size: 2.67 MB	Train Loss: 0.6406	Train Acc: 0.8081	Local Validation  Loss: 1.8660	Local Validation Acc: 0.4906	Global Validation Loss: 2.8578	Global Validation Acc: 0.2667
Client 33	Dropout Rate: 0.9	Model Size: 0.42 MB	Train Loss: 0.8350	Train Acc: 0.7293	Local Validation  Loss: 1.8425	Local Validation Acc: 0.4841	Global Validation Loss: 2.8782	Global Validation Acc: 0.2197
Client 76	Dropout Rate: 0.9	Model Size: 0.42 MB	Train Loss: 1.0215	Train Acc: 0.6775	Local Validation  Loss: 1.7369	Local Validation Acc: 0.3765	Global Validation Loss: 2.6680	Global Validation Acc: 0.1879
Client 50	Dropout Rate: 0.75	Model Size: 2.67 MB	Train Loss: 0.6097	Train Acc: 0.7842	Local Validation  Loss: 2.0900	Local Validation Acc: 0.4293	Global Validation Loss: 2.9323	Global Validation Acc: 0.3077
Client 40	Dropout Rate: 0.9	Model Size: 0.42 MB	Train Loss: 0.8504	Train Acc: 0.7426	Local Validation  Loss: 1.9840	Local Validation Acc: 0.3816	Global Validation Loss: 2.9348	Global Validation Acc: 0.1980
Client 49	Dropout Rate: 0.75	Model Size: 2.67 MB	Train Loss: 0.7188	Train Acc: 0.8182	Local Validation  Loss: 1.7405	Local Validation Acc: 0.4157	Global Validation Loss: 2.7666	Global Validation Acc: 0.2356
Client 30	Dropout Rate: 0.9	Model Size: 0.42 MB	Train Loss: 1.2540	Train Acc: 0.5700	Local Validation  Loss: 1.2827	Local Validation Acc: 0.6053	Global Validation Loss: 3.0394	Global Validation Acc: 0.2002
Client 61	Dropout Rate: 0.9	Model Size: 0.42 MB	Train Loss: 0.8973	Train Acc: 0.8007	Local Validation  Loss: 1.0785	Local Validation Acc: 0.7143	Global Validation Loss: 3.2659	Global Validation Acc: 0.1877
Client 99	Dropout Rate: 0.9	Model Size: 0.42 MB	Train Loss: 1.1026	Train Acc: 0.6186	Local Validation  Loss: 1.5171	Local Validation Acc: 0.4706	Global Validation Loss: 2.2321	Global Validation Acc: 0.2372
Aggregated
Global Test Loss: 3.3530	Global Test Acc: 0.2036
Client 89	Local Validation Loss: 2.4255(0.4181)	Local Validation Acc: 0.2985(-0.0896)
Client 73	Local Validation Loss: 4.1127(2.2467)	Local Validation Acc: 0.1226(-0.3679)
Client 33	Local Validation Loss: 4.8456(3.0032)	Local Validation Acc: 0.0446(-0.4395)
Client 76	Local Validation Loss: 3.8006(2.0637)	Local Validation Acc: 0.1882(-0.1882)
Client 50	Local Validation Loss: 2.7285(0.6386)	Local Validation Acc: 0.3424(-0.0870)
Client 40	Local Validation Loss: 3.0023(1.0183)	Local Validation Acc: 0.1974(-0.1842)
Client 49	Local Validation Loss: 3.0379(1.2975)	Local Validation Acc: 0.1124(-0.3034)
Client 30	Local Validation Loss: 2.9218(1.6391)	Local Validation Acc: 0.1842(-0.4211)
Client 61	Local Validation Loss: 3.4123(2.3338)	Local Validation Acc: 0.0571(-0.6571)
Client 99	Local Validation Loss: 2.8963(1.3793)	Local Validation Acc: 0.3937(-0.0769)
Round 3 use time: 98.67 min, ETA: 323.95 hours
================================================================================
Round 4
Selected 10 client IDs: [97 86 11 37 44 29 31 69 21 19]
Client 97	Dropout Rate: 0.9	Model Size: 0.42 MB	Train Loss: 1.1940	Train Acc: 0.5784	Local Validation  Loss: 1.8638	Local Validation Acc: 0.3596	Global Validation Loss: 3.2530	Global Validation Acc: 0.1347
Client 86	Dropout Rate: 0.9	Model Size: 0.42 MB	Train Loss: 1.3027	Train Acc: 0.4850	Local Validation  Loss: 1.6470	Local Validation Acc: 0.3571	Global Validation Loss: 2.7447	Global Validation Acc: 0.1563
Client 11	Dropout Rate: 0.9	Model Size: 0.42 MB	Train Loss: 1.4194	Train Acc: 0.5552	Local Validation  Loss: 1.4748	Local Validation Acc: 0.5732	Global Validation Loss: 2.7980	Global Validation Acc: 0.1755
Client 37	Dropout Rate: 0.9	Model Size: 0.42 MB	Train Loss: 1.0825	Train Acc: 0.6324	Local Validation  Loss: 1.7766	Local Validation Acc: 0.4351	Global Validation Loss: 2.7488	Global Validation Acc: 0.2243
Client 44	Dropout Rate: 0.25	Model Size: 23.98 MB	Train Loss: 0.2015	Train Acc: 0.9438	Local Validation  Loss: 1.4731	Local Validation Acc: 0.6636	Global Validation Loss: 4.0246	Global Validation Acc: 0.2671
Client 29	Dropout Rate: 0.9	Model Size: 0.42 MB	Train Loss: 0.8889	Train Acc: 0.7044	Local Validation  Loss: 1.4364	Local Validation Acc: 0.5375	Global Validation Loss: 3.3738	Global Validation Acc: 0.2552
Client 31	Dropout Rate: 0.9	Model Size: 0.42 MB	Train Loss: 0.5278	Train Acc: 0.8578	Local Validation  Loss: 0.6996	Local Validation Acc: 0.7308	Global Validation Loss: 3.8274	Global Validation Acc: 0.1536
Client 69	Dropout Rate: 0.5	Model Size: 10.67 MB	Train Loss: 0.0945	Train Acc: 0.9699	Local Validation  Loss: 2.6717	Local Validation Acc: 0.4465	Global Validation Loss: 4.5119	Global Validation Acc: 0.2996
Client 21	Dropout Rate: 0.9	Model Size: 0.42 MB	Train Loss: 0.9523	Train Acc: 0.7063	Local Validation  Loss: 1.6752	Local Validation Acc: 0.4878	Global Validation Loss: 3.0251	Global Validation Acc: 0.1957
Client 19	Dropout Rate: 0.1	Model Size: 34.40 MB	Train Loss: 0.1499	Train Acc: 0.9531	Local Validation  Loss: 1.0967	Local Validation Acc: 0.7380	Global Validation Loss: 3.8437	Global Validation Acc: 0.3013
Aggregated
Global Test Loss: 3.6816	Global Test Acc: 0.2552
Client 97	Local Validation Loss: 3.9839(2.1201)	Local Validation Acc: 0.2456(-0.1140)
Client 86	Local Validation Loss: 5.1690(3.5220)	Local Validation Acc: 0.0952(-0.2619)
Client 11	Local Validation Loss: 4.8647(3.3899)	Local Validation Acc: 0.1098(-0.4634)
Client 37	Local Validation Loss: 3.8676(2.0910)	Local Validation Acc: 0.1818(-0.2532)
Client 44	Local Validation Loss: 3.3076(1.8344)	Local Validation Acc: 0.2804(-0.3832)
Client 29	Local Validation Loss: 3.7128(2.2765)	Local Validation Acc: 0.3202(-0.2174)
Client 31	Local Validation Loss: 3.9253(3.2256)	Local Validation Acc: 0.0288(-0.7019)
Client 69	Local Validation Loss: 2.7762(0.1045)	Local Validation Acc: 0.3648(-0.0818)
Client 21	Local Validation Loss: 4.6963(3.0211)	Local Validation Acc: 0.0976(-0.3902)
Client 19	Local Validation Loss: 1.1907(0.0940)	Local Validation Acc: 0.7219(-0.0160)
Round 4 use time: 99.58 min, ETA: 325.30 hours
================================================================================
Round 5
Selected 10 client IDs: [77 81 43 34 24 30 13 36 99  5]
Client 77	Dropout Rate: 0.75	Model Size: 2.67 MB	Train Loss: 0.4003	Train Acc: 0.8846	Local Validation  Loss: 1.2665	Local Validation Acc: 0.6410	Global Validation Loss: 4.1162	Global Validation Acc: 0.2141
Client 81	Dropout Rate: 0.5	Model Size: 10.67 MB	Train Loss: 0.2271	Train Acc: 0.9368	Local Validation  Loss: 1.9347	Local Validation Acc: 0.5556	Global Validation Loss: 3.5436	Global Validation Acc: 0.2375
Client 43	Dropout Rate: 0.5	Model Size: 10.67 MB	Train Loss: 0.4830	Train Acc: 0.8547	Local Validation  Loss: 1.8359	Local Validation Acc: 0.5057	Global Validation Loss: 2.9302	Global Validation Acc: 0.2873
Client 34	Dropout Rate: 0.75	Model Size: 2.67 MB	Train Loss: 0.3061	Train Acc: 0.9085	Local Validation  Loss: 1.6533	Local Validation Acc: 0.5772	Global Validation Loss: 3.7371	Global Validation Acc: 0.2656
Client 24	Dropout Rate: 0.9	Model Size: 0.42 MB	Train Loss: 0.7497	Train Acc: 0.7819	Local Validation  Loss: 1.5921	Local Validation Acc: 0.5372	Global Validation Loss: 2.6334	Global Validation Acc: 0.2644
Client 30	Dropout Rate: 0.9	Model Size: 0.42 MB	Train Loss: 1.0529	Train Acc: 0.6333	Local Validation  Loss: 1.3549	Local Validation Acc: 0.5658	Global Validation Loss: 3.0852	Global Validation Acc: 0.2040
Client 13	Dropout Rate: 0.5	Model Size: 10.67 MB	Train Loss: 0.2370	Train Acc: 0.9135	Local Validation  Loss: 1.4006	Local Validation Acc: 0.6554	Global Validation Loss: 5.5131	Global Validation Acc: 0.2774
Client 36	Dropout Rate: 0.9	Model Size: 0.42 MB	Train Loss: 0.7361	Train Acc: 0.7794	Local Validation  Loss: 1.2018	Local Validation Acc: 0.6581	Global Validation Loss: 3.1755	Global Validation Acc: 0.1929
Client 99	Dropout Rate: 0.9	Model Size: 0.42 MB	Train Loss: 0.7406	Train Acc: 0.7469	Local Validation  Loss: 1.5980	Local Validation Acc: 0.4887	Global Validation Loss: 2.4831	Global Validation Acc: 0.2644
Client 5	Dropout Rate: 0.9	Model Size: 0.42 MB	Train Loss: 0.9770	Train Acc: 0.6719	Local Validation  Loss: 0.9069	Local Validation Acc: 0.7000	Global Validation Loss: 3.6752	Global Validation Acc: 0.1000
Aggregated
Global Test Loss: 4.2894	Global Test Acc: 0.2935
Client 77	Local Validation Loss: 3.2864(2.0199)	Local Validation Acc: 0.2179(-0.4231)
Client 81	Local Validation Loss: 2.3235(0.3888)	Local Validation Acc: 0.5278(-0.0278)
Client 43	Local Validation Loss: 5.1961(3.3602)	Local Validation Acc: 0.2069(-0.2989)
Client 34	Local Validation Loss: 4.0106(2.3574)	Local Validation Acc: 0.1870(-0.3902)
Client 24	Local Validation Loss: 3.8422(2.2501)	Local Validation Acc: 0.2979(-0.2394)
Client 30	Local Validation Loss: 4.6166(3.2617)	Local Validation Acc: 0.2500(-0.3158)
Client 13	Local Validation Loss: 2.9891(1.5884)	Local Validation Acc: 0.4294(-0.2260)
Client 36	Local Validation Loss: 5.1243(3.9224)	Local Validation Acc: 0.1111(-0.5470)
Client 99	Local Validation Loss: 4.5272(2.9292)	Local Validation Acc: 0.3529(-0.1357)
Client 5	Local Validation Loss: 3.9634(3.0566)	Local Validation Acc: 0.1625(-0.5375)
Round 5 use time: 100.69 min, ETA: 327.24 hours
================================================================================
Round 6
Selected 10 client IDs: [41 95 47 13 49 73 29  0 61 60]
Client 41	Dropout Rate: 0.1	Model Size: 34.40 MB	Train Loss: 0.1958	Train Acc: 0.9364	Local Validation  Loss: 2.1867	Local Validation Acc: 0.4096	Global Validation Loss: 3.8112	Global Validation Acc: 0.3196
Client 95	Dropout Rate: 0.75	Model Size: 2.67 MB	Train Loss: 0.3682	Train Acc: 0.8739	Local Validation  Loss: 1.1824	Local Validation Acc: 0.7262	Global Validation Loss: 4.7280	Global Validation Acc: 0.1309
Client 47	Dropout Rate: 0.5	Model Size: 10.67 MB	Train Loss: 0.1724	Train Acc: 0.9467	Local Validation  Loss: 1.9975	Local Validation Acc: 0.6250	Global Validation Loss: 4.0411	Global Validation Acc: 0.2765
Client 13	Dropout Rate: 0.5	Model Size: 10.67 MB	Train Loss: 0.1225	Train Acc: 0.9660	Local Validation  Loss: 1.3258	Local Validation Acc: 0.6836	Global Validation Loss: 5.0354	Global Validation Acc: 0.2947
Client 49	Dropout Rate: 0.75	Model Size: 2.67 MB	Train Loss: 0.3046	Train Acc: 0.9034	Local Validation  Loss: 2.4920	Local Validation Acc: 0.5393	Global Validation Loss: 3.5165	Global Validation Acc: 0.2292
Client 73	Dropout Rate: 0.75	Model Size: 2.67 MB	Train Loss: 0.2961	Train Acc: 0.9076	Local Validation  Loss: 2.0610	Local Validation Acc: 0.4906	Global Validation Loss: 2.9353	Global Validation Acc: 0.3004
Client 29	Dropout Rate: 0.9	Model Size: 0.42 MB	Train Loss: 0.9024	Train Acc: 0.6944	Local Validation  Loss: 1.4713	Local Validation Acc: 0.4822	Global Validation Loss: 3.2537	Global Validation Acc: 0.2536
Client 0	Dropout Rate: 0.9	Model Size: 0.42 MB	Train Loss: 1.0516	Train Acc: 0.6069	Local Validation  Loss: 1.7030	Local Validation Acc: 0.3578	Global Validation Loss: 3.2782	Global Validation Acc: 0.2050
Client 61	Dropout Rate: 0.9	Model Size: 0.42 MB	Train Loss: 0.8110	Train Acc: 0.7572	Local Validation  Loss: 1.0625	Local Validation Acc: 0.6857	Global Validation Loss: 3.2464	Global Validation Acc: 0.1749
Client 60	Dropout Rate: 0.9	Model Size: 0.42 MB	Train Loss: 0.9344	Train Acc: 0.6882	Local Validation  Loss: 1.4663	Local Validation Acc: 0.4149	Global Validation Loss: 3.2180	Global Validation Acc: 0.1709
Aggregated
Global Test Loss: 3.7346	Global Test Acc: 0.2900
Client 41	Local Validation Loss: 3.1981(1.0113)	Local Validation Acc: 0.3133(-0.0964)
Client 95	Local Validation Loss: 3.7580(2.5756)	Local Validation Acc: 0.1786(-0.5476)
Client 47	Local Validation Loss: 2.4059(0.4084)	Local Validation Acc: 0.5221(-0.1029)
Client 13	Local Validation Loss: 1.8225(0.4967)	Local Validation Acc: 0.5254(-0.1582)
Client 49	Local Validation Loss: 3.0462(0.5541)	Local Validation Acc: 0.5281(-0.0112)
Client 73	Local Validation Loss: 3.6008(1.5398)	Local Validation Acc: 0.2736(-0.2170)
Client 29	Local Validation Loss: 4.3433(2.8720)	Local Validation Acc: 0.2688(-0.2134)
Client 0	Local Validation Loss: 3.6162(1.9132)	Local Validation Acc: 0.2936(-0.0642)
Client 61	Local Validation Loss: 3.7104(2.6479)	Local Validation Acc: 0.3429(-0.3429)
Client 60	Local Validation Loss: 3.0614(1.5951)	Local Validation Acc: 0.2553(-0.1596)
Round 6 use time: 104.05 min, ETA: 336.42 hours
================================================================================
Round 7
Selected 10 client IDs: [48 39 19 76 30 27 55 73 81 54]
Client 48	Dropout Rate: 0.9	Model Size: 0.42 MB	Train Loss: 0.7614	Train Acc: 0.7553	Local Validation  Loss: 1.4387	Local Validation Acc: 0.6056	Global Validation Loss: 3.5240	Global Validation Acc: 0.1812
Client 39	Dropout Rate: 0.9	Model Size: 0.42 MB	Train Loss: 1.1201	Train Acc: 0.6202	Local Validation  Loss: 1.8693	Local Validation Acc: 0.3962	Global Validation Loss: 2.9351	Global Validation Acc: 0.1608
Client 19	Dropout Rate: 0.1	Model Size: 34.40 MB	Train Loss: 0.0922	Train Acc: 0.9678	Local Validation  Loss: 1.5603	Local Validation Acc: 0.6952	Global Validation Loss: 5.0970	Global Validation Acc: 0.3088
Client 76	Dropout Rate: 0.9	Model Size: 0.42 MB	Train Loss: 1.2131	Train Acc: 0.5414	Local Validation  Loss: 1.7054	Local Validation Acc: 0.3412	Global Validation Loss: 2.7231	Global Validation Acc: 0.1807
Client 30	Dropout Rate: 0.9	Model Size: 0.42 MB	Train Loss: 0.9308	Train Acc: 0.7000	Local Validation  Loss: 1.3535	Local Validation Acc: 0.5132	Global Validation Loss: 3.1314	Global Validation Acc: 0.2002
Client 27	Dropout Rate: 0.25	Model Size: 23.98 MB	Train Loss: 0.1193	Train Acc: 0.9532	Local Validation  Loss: 1.7142	Local Validation Acc: 0.6798	Global Validation Loss: 4.5544	Global Validation Acc: 0.2650
Client 55	Dropout Rate: 0.9	Model Size: 0.42 MB	Train Loss: 1.6224	Train Acc: 0.4845	Local Validation  Loss: 1.6584	Local Validation Acc: 0.4388	Global Validation Loss: 2.7261	Global Validation Acc: 0.1683
Client 73	Dropout Rate: 0.75	Model Size: 2.67 MB	Train Loss: 0.6625	Train Acc: 0.7844	Local Validation  Loss: 2.2157	Local Validation Acc: 0.4057	Global Validation Loss: 2.9155	Global Validation Acc: 0.2744
Client 81	Dropout Rate: 0.5	Model Size: 10.67 MB	Train Loss: 0.1090	Train Acc: 0.9649	Local Validation  Loss: 2.4190	Local Validation Acc: 0.5556	Global Validation Loss: 4.4367	Global Validation Acc: 0.2503
Client 54	Dropout Rate: 0.9	Model Size: 0.42 MB	Train Loss: 1.2459	Train Acc: 0.5695	Local Validation  Loss: 1.6564	Local Validation Acc: 0.5076	Global Validation Loss: 2.6657	Global Validation Acc: 0.2134
Aggregated
Global Test Loss: 2.8861	Global Test Acc: 0.3582
Client 48	Local Validation Loss: 3.1069(1.6682)	Local Validation Acc: 0.2606(-0.3451)
Client 39	Local Validation Loss: 2.8042(0.9348)	Local Validation Acc: 0.3962(0.0000)
Client 19	Local Validation Loss: 1.5447(-0.0156)	Local Validation Acc: 0.6417(-0.0535)
Client 76	Local Validation Loss: 2.4093(0.7039)	Local Validation Acc: 0.3529(0.0118)
Client 30	Local Validation Loss: 3.2943(1.9407)	Local Validation Acc: 0.2105(-0.3026)
Client 27	Local Validation Loss: 2.6832(0.9690)	Local Validation Acc: 0.3300(-0.3498)
Client 55	Local Validation Loss: 3.5248(1.8663)	Local Validation Acc: 0.2551(-0.1837)
Client 73	Local Validation Loss: 2.7722(0.5566)	Local Validation Acc: 0.3113(-0.0943)
Client 81	Local Validation Loss: 2.6292(0.2102)	Local Validation Acc: 0.3889(-0.1667)
Client 54	Local Validation Loss: 2.3297(0.6733)	Local Validation Acc: 0.4621(-0.0455)
Round 7 use time: 102.02 min, ETA: 328.16 hours
================================================================================
Round 8
Selected 10 client IDs: [23 69 54  1 40 51 73  9 41 98]
Client 23	Dropout Rate: 0.5	Model Size: 10.67 MB	Train Loss: 0.2685	Train Acc: 0.9316	Local Validation  Loss: 3.5679	Local Validation Acc: 0.4915	Global Validation Loss: 6.0421	Global Validation Acc: 0.1928
Client 69	Dropout Rate: 0.5	Model Size: 10.67 MB	Train Loss: 0.0905	Train Acc: 0.9810	Local Validation  Loss: 3.0149	Local Validation Acc: 0.4277	Global Validation Loss: 3.9606	Global Validation Acc: 0.3133
Client 54	Dropout Rate: 0.9	Model Size: 0.42 MB	Train Loss: 1.4369	Train Acc: 0.5257	Local Validation  Loss: 1.5550	Local Validation Acc: 0.5000	Global Validation Loss: 2.9543	Global Validation Acc: 0.1853
Client 1	Dropout Rate: 0.1	Model Size: 34.40 MB	Train Loss: 0.0571	Train Acc: 0.9856	Local Validation  Loss: 1.8230	Local Validation Acc: 0.5962	Global Validation Loss: 5.1712	Global Validation Acc: 0.2371
Client 40	Dropout Rate: 0.9	Model Size: 0.42 MB	Train Loss: 0.8849	Train Acc: 0.6931	Local Validation  Loss: 1.9826	Local Validation Acc: 0.3816	Global Validation Loss: 3.0244	Global Validation Acc: 0.2001
Client 51	Dropout Rate: 0.5	Model Size: 10.67 MB	Train Loss: 0.0710	Train Acc: 0.9912	Local Validation  Loss: 1.3819	Local Validation Acc: 0.5862	Global Validation Loss: 5.0426	Global Validation Acc: 0.2314
Client 73	Dropout Rate: 0.75	Model Size: 2.67 MB	Train Loss: 0.2595	Train Acc: 0.9242	Local Validation  Loss: 2.3844	Local Validation Acc: 0.4623	Global Validation Loss: 3.1053	Global Validation Acc: 0.2926
Client 9	Dropout Rate: 0.1	Model Size: 34.40 MB	Train Loss: 0.0084	Train Acc: 1.0000	Local Validation  Loss: 3.1452	Local Validation Acc: 0.4651	Global Validation Loss: 4.9563	Global Validation Acc: 0.2896
Client 41	Dropout Rate: 0.1	Model Size: 34.40 MB	Train Loss: 0.0016	Train Acc: 1.0000	Local Validation  Loss: 4.3331	Local Validation Acc: 0.3976	Global Validation Loss: 5.5306	Global Validation Acc: 0.3285
Client 98	Dropout Rate: 0.9	Model Size: 0.42 MB	Train Loss: 1.3864	Train Acc: 0.5787	Local Validation  Loss: 1.7806	Local Validation Acc: 0.4343	Global Validation Loss: 3.0938	Global Validation Acc: 0.2083
Aggregated
Global Test Loss: 2.7527	Global Test Acc: 0.3603
Client 23	Local Validation Loss: 2.5361(-1.0319)	Local Validation Acc: 0.4068(-0.0847)
Client 69	Local Validation Loss: 2.0627(-0.9522)	Local Validation Acc: 0.4277(0.0000)
Client 54	Local Validation Loss: 2.9520(1.3971)	Local Validation Acc: 0.2955(-0.2045)
Client 1	Local Validation Loss: 2.5430(0.7199)	Local Validation Acc: 0.2885(-0.3077)
Client 40	Local Validation Loss: 2.7048(0.7222)	Local Validation Acc: 0.4079(0.0263)
Client 51	Local Validation Loss: 1.7192(0.3372)	Local Validation Acc: 0.4828(-0.1034)
Client 73	Local Validation Loss: 2.9561(0.5717)	Local Validation Acc: 0.2453(-0.2170)
Client 9	Local Validation Loss: 2.0487(-1.0966)	Local Validation Acc: 0.5000(0.0349)
Client 41	Local Validation Loss: 2.9738(-1.3592)	Local Validation Acc: 0.3735(-0.0241)
Client 98	Local Validation Loss: 3.5416(1.7610)	Local Validation Acc: 0.2222(-0.2121)
Round 8 use time: 107.75 min, ETA: 344.81 hours
================================================================================
Round 9
Selected 10 client IDs: [27 61 26 63 37 32 87 82 24 93]
Client 27	Dropout Rate: 0.25	Model Size: 23.98 MB	Train Loss: 0.2027	Train Acc: 0.9310	Local Validation  Loss: 2.3247	Local Validation Acc: 0.6700	Global Validation Loss: 5.3991	Global Validation Acc: 0.2588
Client 61	Dropout Rate: 0.9	Model Size: 0.42 MB	Train Loss: 0.8144	Train Acc: 0.7645	Local Validation  Loss: 1.1369	Local Validation Acc: 0.7143	Global Validation Loss: 3.3354	Global Validation Acc: 0.1812
Client 26	Dropout Rate: 0.25	Model Size: 23.98 MB	Train Loss: 0.1281	Train Acc: 0.9525	Local Validation  Loss: 2.4314	Local Validation Acc: 0.4800	Global Validation Loss: 3.9394	Global Validation Acc: 0.3090
Client 63	Dropout Rate: 0.9	Model Size: 0.42 MB	Train Loss: 0.8913	Train Acc: 0.6639	Local Validation  Loss: 1.4559	Local Validation Acc: 0.4945	Global Validation Loss: 2.7629	Global Validation Acc: 0.2204
Client 37	Dropout Rate: 0.9	Model Size: 0.42 MB	Train Loss: 1.1398	Train Acc: 0.5899	Local Validation  Loss: 1.7662	Local Validation Acc: 0.4675	Global Validation Loss: 2.7125	Global Validation Acc: 0.2113
Client 32	Dropout Rate: 0.9	Model Size: 0.42 MB	Train Loss: 0.8847	Train Acc: 0.6822	Local Validation  Loss: 1.3912	Local Validation Acc: 0.5761	Global Validation Loss: 2.9687	Global Validation Acc: 0.2094
Client 87	Dropout Rate: 0.9	Model Size: 0.42 MB	Train Loss: 1.0604	Train Acc: 0.6693	Local Validation  Loss: 1.5413	Local Validation Acc: 0.5469	Global Validation Loss: 3.0392	Global Validation Acc: 0.1560
Client 82	Dropout Rate: 0.9	Model Size: 0.42 MB	Train Loss: 0.8263	Train Acc: 0.7449	Local Validation  Loss: 2.1814	Local Validation Acc: 0.3710	Global Validation Loss: 3.1034	Global Validation Acc: 0.1718
Client 24	Dropout Rate: 0.9	Model Size: 0.42 MB	Train Loss: 0.8438	Train Acc: 0.7287	Local Validation  Loss: 1.6998	Local Validation Acc: 0.5160	Global Validation Loss: 2.6732	Global Validation Acc: 0.2247
Client 93	Dropout Rate: 0.75	Model Size: 2.67 MB	Train Loss: 0.7474	Train Acc: 0.7535	Local Validation  Loss: 1.9093	Local Validation Acc: 0.4722	Global Validation Loss: 3.7883	Global Validation Acc: 0.1929
Aggregated
Global Test Loss: 4.1501	Global Test Acc: 0.3242
Client 27	Local Validation Loss: 2.0470(-0.2777)	Local Validation Acc: 0.6650(-0.0049)
Client 61	Local Validation Loss: 2.4806(1.3437)	Local Validation Acc: 0.4143(-0.3000)
Client 26	Local Validation Loss: 2.4327(0.0014)	Local Validation Acc: 0.4800(0.0000)
Client 63	Local Validation Loss: 3.4656(2.0097)	Local Validation Acc: 0.3956(-0.0989)
Client 37	Local Validation Loss: 3.3184(1.5522)	Local Validation Acc: 0.4026(-0.0649)
Client 32	Local Validation Loss: 3.2806(1.8894)	Local Validation Acc: 0.4565(-0.1196)
Client 87	Local Validation Loss: 1.7654(0.2241)	Local Validation Acc: 0.6250(0.0781)
Client 82	Local Validation Loss: 5.2392(3.0578)	Local Validation Acc: 0.2581(-0.1129)
Client 24	Local Validation Loss: 4.3296(2.6298)	Local Validation Acc: 0.2819(-0.2340)
Client 93	Local Validation Loss: 5.7465(3.8372)	Local Validation Acc: 0.2500(-0.2222)
Round 9 use time: 98.12 min, ETA: 312.34 hours
================================================================================
Round 10
Selected 10 client IDs: [60 30 74 55 46 11 87 51 40 36]
Client 60	Dropout Rate: 0.9	Model Size: 0.42 MB	Train Loss: 0.8328	Train Acc: 0.7392	Local Validation  Loss: 1.3687	Local Validation Acc: 0.4681	Global Validation Loss: 3.1894	Global Validation Acc: 0.1826
Client 30	Dropout Rate: 0.9	Model Size: 0.42 MB	Train Loss: 0.9077	Train Acc: 0.7000	Local Validation  Loss: 1.4837	Local Validation Acc: 0.4474	Global Validation Loss: 3.0700	Global Validation Acc: 0.1953
Client 74	Dropout Rate: 0.9	Model Size: 0.42 MB	Train Loss: 0.5892	Train Acc: 0.8411	Local Validation  Loss: 1.4296	Local Validation Acc: 0.5652	Global Validation Loss: 3.3333	Global Validation Acc: 0.2052
Client 55	Dropout Rate: 0.9	Model Size: 0.42 MB	Train Loss: 1.2179	Train Acc: 0.5077	Local Validation  Loss: 1.6258	Local Validation Acc: 0.4796	Global Validation Loss: 2.8141	Global Validation Acc: 0.1935
Client 46	Dropout Rate: 0.25	Model Size: 23.98 MB	Train Loss: 0.0804	Train Acc: 0.9862	Local Validation  Loss: 2.3905	Local Validation Acc: 0.5479	Global Validation Loss: 3.8034	Global Validation Acc: 0.2907
Client 11	Dropout Rate: 0.9	Model Size: 0.42 MB	Train Loss: 1.1259	Train Acc: 0.6350	Local Validation  Loss: 1.2904	Local Validation Acc: 0.5854	Global Validation Loss: 2.8551	Global Validation Acc: 0.1748
Client 87	Dropout Rate: 0.9	Model Size: 0.42 MB	Train Loss: 0.7729	Train Acc: 0.7323	Local Validation  Loss: 1.3587	Local Validation Acc: 0.5938	Global Validation Loss: 2.9743	Global Validation Acc: 0.1535
Client 51	Dropout Rate: 0.5	Model Size: 10.67 MB	Train Loss: 0.0123	Train Acc: 1.0000	Local Validation  Loss: 1.5737	Local Validation Acc: 0.7241	Global Validation Loss: 5.7366	Global Validation Acc: 0.2354
Client 40	Dropout Rate: 0.9	Model Size: 0.42 MB	Train Loss: 1.0314	Train Acc: 0.6535	Local Validation  Loss: 2.0598	Local Validation Acc: 0.4211	Global Validation Loss: 3.0689	Global Validation Acc: 0.2028
Client 36	Dropout Rate: 0.9	Model Size: 0.42 MB	Train Loss: 0.6788	Train Acc: 0.7773	Local Validation  Loss: 1.2855	Local Validation Acc: 0.6581	Global Validation Loss: 3.1292	Global Validation Acc: 0.1971
Aggregated
Global Test Loss: 3.2392	Global Test Acc: 0.3436
Client 60	Local Validation Loss: 4.3807(3.0120)	Local Validation Acc: 0.1702(-0.2979)
Client 30	Local Validation Loss: 2.1829(0.6993)	Local Validation Acc: 0.4474(0.0000)
Client 74	Local Validation Loss: 3.2657(1.8361)	Local Validation Acc: 0.3043(-0.2609)
Client 55	Local Validation Loss: 3.2018(1.5759)	Local Validation Acc: 0.3367(-0.1429)
Client 46	Local Validation Loss: 3.4512(1.0607)	Local Validation Acc: 0.2877(-0.2603)
Client 11	Local Validation Loss: 2.0102(0.7198)	Local Validation Acc: 0.4878(-0.0976)
Client 87	Local Validation Loss: 2.6032(1.2445)	Local Validation Acc: 0.4531(-0.1406)
Client 51	Local Validation Loss: 1.2607(-0.3131)	Local Validation Acc: 0.6552(-0.0690)
Client 40	Local Validation Loss: 3.3747(1.3148)	Local Validation Acc: 0.2632(-0.1579)
Client 36	Local Validation Loss: 3.1391(1.8535)	Local Validation Acc: 0.3675(-0.2906)
Average: 0.3360 | 0.0000 (compared to average)
Drpout Rate 0.1: 0.3045 | -0.0315 (compared to average)
Drpout Rate 0.25: 0.3619 | 0.0259 (compared to average)
Drpout Rate 0.5: 0.3463 | 0.0103 (compared to average)
Drpout Rate 0.75: 0.3092 | -0.0269 (compared to average)
Drpout Rate 0.9: 0.3395 | 0.0035 (compared to average)
Round 10 use time: 107.14 min, ETA: 339.29 hours
================================================================================
Round 11
Selected 10 client IDs: [ 5 22 33 17 31 25 76  7 52 99]
Client 5	Dropout Rate: 0.9	Model Size: 0.42 MB	Train Loss: 0.6460	Train Acc: 0.8170	Local Validation  Loss: 0.8027	Local Validation Acc: 0.7750	Global Validation Loss: 3.7685	Global Validation Acc: 0.1630
Client 22	Dropout Rate: 0.75	Model Size: 2.67 MB	Train Loss: 0.1240	Train Acc: 0.9625	Local Validation  Loss: 1.9529	Local Validation Acc: 0.5750	Global Validation Loss: 4.5528	Global Validation Acc: 0.2402
Client 33	Dropout Rate: 0.9	Model Size: 0.42 MB	Train Loss: 1.3177	Train Acc: 0.5318	Local Validation  Loss: 1.4277	Local Validation Acc: 0.5032	Global Validation Loss: 2.5724	Global Validation Acc: 0.2077
Client 17	Dropout Rate: 0.9	Model Size: 0.42 MB	Train Loss: 1.2272	Train Acc: 0.6607	Local Validation  Loss: 2.1085	Local Validation Acc: 0.3571	Global Validation Loss: 3.0043	Global Validation Acc: 0.1413
Client 31	Dropout Rate: 0.9	Model Size: 0.42 MB	Train Loss: 0.6531	Train Acc: 0.8096	Local Validation  Loss: 0.7900	Local Validation Acc: 0.7500	Global Validation Loss: 4.2353	Global Validation Acc: 0.1435
Client 25	Dropout Rate: 0.75	Model Size: 2.67 MB	Train Loss: 0.3799	Train Acc: 0.8797	Local Validation  Loss: 2.0888	Local Validation Acc: 0.4766	Global Validation Loss: 3.8442	Global Validation Acc: 0.2749
Client 76	Dropout Rate: 0.9	Model Size: 0.42 MB	Train Loss: 1.3401	Train Acc: 0.5178	Local Validation  Loss: 1.5433	Local Validation Acc: 0.4471	Global Validation Loss: 2.7196	Global Validation Acc: 0.1835
Client 7	Dropout Rate: 0.25	Model Size: 23.98 MB	Train Loss: 0.0946	Train Acc: 0.9839	Local Validation  Loss: 1.7645	Local Validation Acc: 0.5312	Global Validation Loss: 3.7271	Global Validation Acc: 0.2750
Client 52	Dropout Rate: 0.5	Model Size: 10.67 MB	Train Loss: 0.0445	Train Acc: 0.9949	Local Validation  Loss: 2.3744	Local Validation Acc: 0.6200	Global Validation Loss: 4.8560	Global Validation Acc: 0.2672
Client 99	Dropout Rate: 0.9	Model Size: 0.42 MB	Train Loss: 0.8920	Train Acc: 0.6867	Local Validation  Loss: 1.4820	Local Validation Acc: 0.5023	Global Validation Loss: 2.4072	Global Validation Acc: 0.2627
Aggregated
Global Test Loss: 3.4405	Global Test Acc: 0.3716
Client 5	Local Validation Loss: 4.2680(3.4653)	Local Validation Acc: 0.2125(-0.5625)
Client 22	Local Validation Loss: 3.6655(1.7126)	Local Validation Acc: 0.3250(-0.2500)
Client 33	Local Validation Loss: 4.1555(2.7279)	Local Validation Acc: 0.2675(-0.2357)
Client 17	Local Validation Loss: 4.3006(2.1920)	Local Validation Acc: 0.3214(-0.0357)
Client 31	Local Validation Loss: 3.3639(2.5739)	Local Validation Acc: 0.3654(-0.3846)
Client 25	Local Validation Loss: 4.3547(2.2659)	Local Validation Acc: 0.2430(-0.2336)
Client 76	Local Validation Loss: 2.9092(1.3659)	Local Validation Acc: 0.4000(-0.0471)
Client 7	Local Validation Loss: 2.2154(0.4509)	Local Validation Acc: 0.3750(-0.1562)
Client 52	Local Validation Loss: 1.8964(-0.4780)	Local Validation Acc: 0.6200(0.0000)
Client 99	Local Validation Loss: 2.7860(1.3040)	Local Validation Acc: 0.4796(-0.0226)
Round 11 use time: 98.17 min, ETA: 309.22 hours
================================================================================
Round 12
Selected 10 client IDs: [ 2 46 53 72 63 24 51 58 79 69]
Client 2	Dropout Rate: 0.5	Model Size: 10.67 MB	Train Loss: 0.0559	Train Acc: 0.9859	Local Validation  Loss: 3.4071	Local Validation Acc: 0.5281	Global Validation Loss: 5.1084	Global Validation Acc: 0.2857
Client 46	Dropout Rate: 0.25	Model Size: 23.98 MB	Train Loss: 0.0145	Train Acc: 1.0000	Local Validation  Loss: 3.1964	Local Validation Acc: 0.5205	Global Validation Loss: 4.7377	Global Validation Acc: 0.3029
Client 53	Dropout Rate: 0.9	Model Size: 0.42 MB	Train Loss: 1.2032	Train Acc: 0.5706	Local Validation  Loss: 1.5338	Local Validation Acc: 0.3678	Global Validation Loss: 3.1641	Global Validation Acc: 0.1710
Client 72	Dropout Rate: 0.9	Model Size: 0.42 MB	Train Loss: 0.9712	Train Acc: 0.6736	Local Validation  Loss: 1.6750	Local Validation Acc: 0.4199	Global Validation Loss: 3.0298	Global Validation Acc: 0.2093
Client 63	Dropout Rate: 0.9	Model Size: 0.42 MB	Train Loss: 1.2019	Train Acc: 0.5234	Local Validation  Loss: 1.5015	Local Validation Acc: 0.4615	Global Validation Loss: 2.7542	Global Validation Acc: 0.2080
Client 24	Dropout Rate: 0.9	Model Size: 0.42 MB	Train Loss: 0.9302	Train Acc: 0.7168	Local Validation  Loss: 1.6708	Local Validation Acc: 0.5319	Global Validation Loss: 2.6222	Global Validation Acc: 0.2277
Client 51	Dropout Rate: 0.5	Model Size: 10.67 MB	Train Loss: 0.0780	Train Acc: 0.9912	Local Validation  Loss: 1.0872	Local Validation Acc: 0.6207	Global Validation Loss: 5.3218	Global Validation Acc: 0.2120
Client 58	Dropout Rate: 0.5	Model Size: 10.67 MB	Train Loss: 0.5153	Train Acc: 0.8561	Local Validation  Loss: 2.0271	Local Validation Acc: 0.4478	Global Validation Loss: 3.7141	Global Validation Acc: 0.2639
Client 79	Dropout Rate: 0.5	Model Size: 10.67 MB	Train Loss: 0.1658	Train Acc: 0.9541	Local Validation  Loss: 2.5342	Local Validation Acc: 0.4286	Global Validation Loss: 4.3202	Global Validation Acc: 0.3350
Client 69	Dropout Rate: 0.5	Model Size: 10.67 MB	Train Loss: 0.1940	Train Acc: 0.9494	Local Validation  Loss: 2.1616	Local Validation Acc: 0.4591	Global Validation Loss: 3.4889	Global Validation Acc: 0.3286
Aggregated
Global Test Loss: 3.8558	Global Test Acc: 0.3806
Client 2	Local Validation Loss: 2.5078(-0.8994)	Local Validation Acc: 0.5393(0.0112)
Client 46	Local Validation Loss: 3.2383(0.0420)	Local Validation Acc: 0.4658(-0.0548)
Client 53	Local Validation Loss: 4.0469(2.5131)	Local Validation Acc: 0.3793(0.0115)
Client 72	Local Validation Loss: 4.3918(2.7169)	Local Validation Acc: 0.2928(-0.1271)
Client 63	Local Validation Loss: 3.7152(2.2137)	Local Validation Acc: 0.4176(-0.0440)
Client 24	Local Validation Loss: 3.9354(2.2646)	Local Validation Acc: 0.4043(-0.1277)
Client 51	Local Validation Loss: 1.9786(0.8914)	Local Validation Acc: 0.4828(-0.1379)
Client 58	Local Validation Loss: 3.8010(1.7739)	Local Validation Acc: 0.3582(-0.0896)
Client 79	Local Validation Loss: 3.2943(0.7600)	Local Validation Acc: 0.4603(0.0317)
Client 69	Local Validation Loss: 3.6859(1.5243)	Local Validation Acc: 0.3333(-0.1258)
Round 12 use time: 105.92 min, ETA: 331.90 hours
================================================================================
Round 13
Selected 10 client IDs: [ 1 79 80 13 59 92 58 61 11 19]
Client 1	Dropout Rate: 0.1	Model Size: 34.40 MB	Train Loss: 0.0123	Train Acc: 1.0000	Local Validation  Loss: 1.7029	Local Validation Acc: 0.6731	Global Validation Loss: 5.1267	Global Validation Acc: 0.2507
Client 79	Dropout Rate: 0.5	Model Size: 10.67 MB	Train Loss: 0.1100	Train Acc: 0.9760	Local Validation  Loss: 2.3122	Local Validation Acc: 0.5238	Global Validation Loss: 4.2483	Global Validation Acc: 0.3411
Client 80	Dropout Rate: 0.9	Model Size: 0.42 MB	Train Loss: 1.4712	Train Acc: 0.4449	Local Validation  Loss: 1.7994	Local Validation Acc: 0.4068	Global Validation Loss: 3.2662	Global Validation Acc: 0.1546
Client 13	Dropout Rate: 0.5	Model Size: 10.67 MB	Train Loss: 0.0890	Train Acc: 0.9759	Local Validation  Loss: 1.3934	Local Validation Acc: 0.6836	Global Validation Loss: 5.3082	Global Validation Acc: 0.3009
Client 59	Dropout Rate: 0.75	Model Size: 2.67 MB	Train Loss: 0.2038	Train Acc: 0.9296	Local Validation  Loss: 2.2969	Local Validation Acc: 0.4930	Global Validation Loss: 3.5303	Global Validation Acc: 0.2549
Client 92	Dropout Rate: 0.9	Model Size: 0.42 MB	Train Loss: 1.4775	Train Acc: 0.4874	Local Validation  Loss: 1.3906	Local Validation Acc: 0.5571	Global Validation Loss: 3.2318	Global Validation Acc: 0.1250
Client 58	Dropout Rate: 0.5	Model Size: 10.67 MB	Train Loss: 0.5167	Train Acc: 0.8295	Local Validation  Loss: 2.1068	Local Validation Acc: 0.4179	Global Validation Loss: 3.6816	Global Validation Acc: 0.2765
Client 61	Dropout Rate: 0.9	Model Size: 0.42 MB	Train Loss: 0.7410	Train Acc: 0.7862	Local Validation  Loss: 1.3134	Local Validation Acc: 0.6571	Global Validation Loss: 3.2026	Global Validation Acc: 0.1765
Client 11	Dropout Rate: 0.9	Model Size: 0.42 MB	Train Loss: 0.9825	Train Acc: 0.6871	Local Validation  Loss: 1.5383	Local Validation Acc: 0.5610	Global Validation Loss: 2.8869	Global Validation Acc: 0.1724
Client 19	Dropout Rate: 0.1	Model Size: 34.40 MB	Train Loss: 0.0011	Train Acc: 1.0000	Local Validation  Loss: 1.6014	Local Validation Acc: 0.7273	Global Validation Loss: 5.3818	Global Validation Acc: 0.3171
Aggregated
Global Test Loss: 3.4761	Global Test Acc: 0.3662
Client 1	Local Validation Loss: 3.0863(1.3834)	Local Validation Acc: 0.2885(-0.3846)
Client 79	Local Validation Loss: 2.6783(0.3661)	Local Validation Acc: 0.4841(-0.0397)
Client 80	Local Validation Loss: 2.6325(0.8331)	Local Validation Acc: 0.4407(0.0339)
Client 13	Local Validation Loss: 3.3156(1.9222)	Local Validation Acc: 0.4068(-0.2768)
Client 59	Local Validation Loss: 3.1924(0.8955)	Local Validation Acc: 0.3944(-0.0986)
Client 92	Local Validation Loss: 5.0980(3.7073)	Local Validation Acc: 0.2000(-0.3571)
Client 58	Local Validation Loss: 4.7028(2.5960)	Local Validation Acc: 0.1642(-0.2537)
Client 61	Local Validation Loss: 1.7683(0.4549)	Local Validation Acc: 0.7286(0.0714)
Client 11	Local Validation Loss: 2.8669(1.3286)	Local Validation Acc: 0.3293(-0.2317)
Client 19	Local Validation Loss: 1.6667(0.0653)	Local Validation Acc: 0.6150(-0.1123)
Round 13 use time: 105.12 min, ETA: 327.64 hours
================================================================================
Round 14
Selected 10 client IDs: [35 60 36 32 84 81 69  5 20 23]
Client 35	Dropout Rate: 0.9	Model Size: 0.42 MB	Train Loss: 0.7068	Train Acc: 0.7683	Local Validation  Loss: 1.4388	Local Validation Acc: 0.5698	Global Validation Loss: 3.3219	Global Validation Acc: 0.2040
Client 60	Dropout Rate: 0.9	Model Size: 0.42 MB	Train Loss: 0.8481	Train Acc: 0.7231	Local Validation  Loss: 1.4743	Local Validation Acc: 0.4468	Global Validation Loss: 3.2492	Global Validation Acc: 0.1746
Client 36	Dropout Rate: 0.9	Model Size: 0.42 MB	Train Loss: 0.6686	Train Acc: 0.7987	Local Validation  Loss: 1.3940	Local Validation Acc: 0.6154	Global Validation Loss: 3.0860	Global Validation Acc: 0.2216
Client 32	Dropout Rate: 0.9	Model Size: 0.42 MB	Train Loss: 0.5843	Train Acc: 0.8164	Local Validation  Loss: 1.7696	Local Validation Acc: 0.4783	Global Validation Loss: 3.2530	Global Validation Acc: 0.2257
Client 84	Dropout Rate: 0.75	Model Size: 2.67 MB	Train Loss: 0.5670	Train Acc: 0.7969	Local Validation  Loss: 2.3196	Local Validation Acc: 0.4583	Global Validation Loss: 3.9989	Global Validation Acc: 0.2576
Client 81	Dropout Rate: 0.5	Model Size: 10.67 MB	Train Loss: 0.0584	Train Acc: 0.9895	Local Validation  Loss: 2.1634	Local Validation Acc: 0.5972	Global Validation Loss: 4.3097	Global Validation Acc: 0.2610
Client 69	Dropout Rate: 0.5	Model Size: 10.67 MB	Train Loss: 0.1690	Train Acc: 0.9573	Local Validation  Loss: 3.0260	Local Validation Acc: 0.4528	Global Validation Loss: 4.1400	Global Validation Acc: 0.3394
Client 5	Dropout Rate: 0.9	Model Size: 0.42 MB	Train Loss: 0.5134	Train Acc: 0.8517	Local Validation  Loss: 0.6186	Local Validation Acc: 0.8375	Global Validation Loss: 4.0390	Global Validation Acc: 0.1626
Client 20	Dropout Rate: 0.9	Model Size: 0.42 MB	Train Loss: 0.7981	Train Acc: 0.7511	Local Validation  Loss: 1.1350	Local Validation Acc: 0.6126	Global Validation Loss: 3.7883	Global Validation Acc: 0.1788
Client 23	Dropout Rate: 0.5	Model Size: 10.67 MB	Train Loss: 0.0313	Train Acc: 0.9872	Local Validation  Loss: 3.2553	Local Validation Acc: 0.4576	Global Validation Loss: 5.2384	Global Validation Acc: 0.2154
Aggregated
Global Test Loss: 3.8765	Global Test Acc: 0.3842
Client 35	Local Validation Loss: 5.6421(4.2034)	Local Validation Acc: 0.1860(-0.3837)
Client 60	Local Validation Loss: 4.4708(2.9965)	Local Validation Acc: 0.3404(-0.1064)
Client 36	Local Validation Loss: 3.7100(2.3160)	Local Validation Acc: 0.3590(-0.2564)
Client 32	Local Validation Loss: 4.3981(2.6285)	Local Validation Acc: 0.3261(-0.1522)
Client 84	Local Validation Loss: 3.9880(1.6685)	Local Validation Acc: 0.2604(-0.1979)
Client 81	Local Validation Loss: 2.4010(0.2375)	Local Validation Acc: 0.5694(-0.0278)
Client 69	Local Validation Loss: 2.9761(-0.0499)	Local Validation Acc: 0.4843(0.0314)
Client 5	Local Validation Loss: 2.1731(1.5545)	Local Validation Acc: 0.5500(-0.2875)
Client 20	Local Validation Loss: 2.3810(1.2460)	Local Validation Acc: 0.6216(0.0090)
Client 23	Local Validation Loss: 3.5493(0.2940)	Local Validation Acc: 0.4407(-0.0169)
Round 14 use time: 98.55 min, ETA: 305.50 hours
================================================================================
Round 15
Selected 10 client IDs: [19 14 10 69 98 28 26 16 59 89]
Client 19	Dropout Rate: 0.1	Model Size: 34.40 MB	Train Loss: 0.0039	Train Acc: 1.0000	Local Validation  Loss: 1.3456	Local Validation Acc: 0.7112	Global Validation Loss: 4.9305	Global Validation Acc: 0.3213
Client 14	Dropout Rate: 0.9	Model Size: 0.42 MB	Train Loss: 0.9014	Train Acc: 0.7251	Local Validation  Loss: 1.9958	Local Validation Acc: 0.4340	Global Validation Loss: 2.7565	Global Validation Acc: 0.2330
Client 10	Dropout Rate: 0.5	Model Size: 10.67 MB	Train Loss: 0.1010	Train Acc: 0.9717	Local Validation  Loss: 1.9136	Local Validation Acc: 0.5943	Global Validation Loss: 3.6673	Global Validation Acc: 0.3293
Client 69	Dropout Rate: 0.5	Model Size: 10.67 MB	Train Loss: 0.1297	Train Acc: 0.9604	Local Validation  Loss: 3.2965	Local Validation Acc: 0.4214	Global Validation Loss: 4.4715	Global Validation Acc: 0.3050
Client 98	Dropout Rate: 0.9	Model Size: 0.42 MB	Train Loss: 0.9519	Train Acc: 0.6218	Local Validation  Loss: 1.6224	Local Validation Acc: 0.4949	Global Validation Loss: 2.7920	Global Validation Acc: 0.2183
Client 28	Dropout Rate: 0.9	Model Size: 0.42 MB	Train Loss: 1.3304	Train Acc: 0.5670	Local Validation  Loss: 1.2680	Local Validation Acc: 0.6224	Global Validation Loss: 3.0822	Global Validation Acc: 0.1746
Client 26	Dropout Rate: 0.25	Model Size: 23.98 MB	Train Loss: 0.3843	Train Acc: 0.8850	Local Validation  Loss: 2.4421	Local Validation Acc: 0.4900	Global Validation Loss: 4.3358	Global Validation Acc: 0.2734
Client 16	Dropout Rate: 0.5	Model Size: 10.67 MB	Train Loss: 0.0252	Train Acc: 0.9972	Local Validation  Loss: 3.5056	Local Validation Acc: 0.4831	Global Validation Loss: 4.9309	Global Validation Acc: 0.3125
Client 59	Dropout Rate: 0.75	Model Size: 2.67 MB	Train Loss: 0.3657	Train Acc: 0.9085	Local Validation  Loss: 2.6731	Local Validation Acc: 0.3380	Global Validation Loss: 3.4589	Global Validation Acc: 0.2181
Client 89	Dropout Rate: 0.1	Model Size: 34.40 MB	Train Loss: 0.1772	Train Acc: 0.9248	Local Validation  Loss: 2.3758	Local Validation Acc: 0.4776	Global Validation Loss: 4.1294	Global Validation Acc: 0.3171
Aggregated
Global Test Loss: 2.9946	Global Test Acc: 0.4007
Client 19	Local Validation Loss: 1.8018(0.4563)	Local Validation Acc: 0.5829(-0.1283)
Client 14	Local Validation Loss: 2.0919(0.0961)	Local Validation Acc: 0.5283(0.0943)
Client 10	Local Validation Loss: 2.9113(0.9977)	Local Validation Acc: 0.4057(-0.1887)
Client 69	Local Validation Loss: 2.8207(-0.4758)	Local Validation Acc: 0.4403(0.0189)
Client 98	Local Validation Loss: 2.7342(1.1117)	Local Validation Acc: 0.3939(-0.1010)
Client 28	Local Validation Loss: 3.3126(2.0445)	Local Validation Acc: 0.3673(-0.2551)
Client 26	Local Validation Loss: 2.1802(-0.2620)	Local Validation Acc: 0.5100(0.0200)
Client 16	Local Validation Loss: 3.0204(-0.4852)	Local Validation Acc: 0.4607(-0.0225)
Client 59	Local Validation Loss: 2.4059(-0.2672)	Local Validation Acc: 0.4648(0.1268)
Client 89	Local Validation Loss: 2.6146(0.2388)	Local Validation Acc: 0.4478(-0.0299)
Round 15 use time: 108.86 min, ETA: 335.66 hours
================================================================================
Round 16
Selected 10 client IDs: [12 93 29 41 74 61 81 69 99 52]
Client 12	Dropout Rate: 0.1	Model Size: 34.40 MB	Train Loss: 0.0114	Train Acc: 1.0000	Local Validation  Loss: 1.7035	Local Validation Acc: 0.7143	Global Validation Loss: 4.9621	Global Validation Acc: 0.2899
Client 93	Dropout Rate: 0.75	Model Size: 2.67 MB	Train Loss: 0.5935	Train Acc: 0.7958	Local Validation  Loss: 1.8104	Local Validation Acc: 0.5556	Global Validation Loss: 3.8683	Global Validation Acc: 0.1907
Client 29	Dropout Rate: 0.9	Model Size: 0.42 MB	Train Loss: 0.6107	Train Acc: 0.8224	Local Validation  Loss: 1.5963	Local Validation Acc: 0.5296	Global Validation Loss: 3.3360	Global Validation Acc: 0.2692
Client 41	Dropout Rate: 0.1	Model Size: 34.40 MB	Train Loss: 0.0032	Train Acc: 1.0000	Local Validation  Loss: 3.7306	Local Validation Acc: 0.4578	Global Validation Loss: 5.2004	Global Validation Acc: 0.3381
Client 74	Dropout Rate: 0.9	Model Size: 0.42 MB	Train Loss: 0.7377	Train Acc: 0.7370	Local Validation  Loss: 1.2573	Local Validation Acc: 0.6630	Global Validation Loss: 3.4679	Global Validation Acc: 0.1628
Client 61	Dropout Rate: 0.9	Model Size: 0.42 MB	Train Loss: 0.8606	Train Acc: 0.7754	Local Validation  Loss: 0.9808	Local Validation Acc: 0.7429	Global Validation Loss: 3.2421	Global Validation Acc: 0.1926
Client 81	Dropout Rate: 0.5	Model Size: 10.67 MB	Train Loss: 0.0325	Train Acc: 0.9895	Local Validation  Loss: 2.6339	Local Validation Acc: 0.5694	Global Validation Loss: 4.3804	Global Validation Acc: 0.2741
Client 69	Dropout Rate: 0.5	Model Size: 10.67 MB	Train Loss: 0.0128	Train Acc: 0.9984	Local Validation  Loss: 3.8978	Local Validation Acc: 0.4214	Global Validation Loss: 5.1467	Global Validation Acc: 0.3219
Client 99	Dropout Rate: 0.9	Model Size: 0.42 MB	Train Loss: 0.9605	Train Acc: 0.6708	Local Validation  Loss: 1.6845	Local Validation Acc: 0.4615	Global Validation Loss: 2.2585	Global Validation Acc: 0.2656
Client 52	Dropout Rate: 0.5	Model Size: 10.67 MB	Train Loss: 0.0481	Train Acc: 0.9797	Local Validation  Loss: 1.6908	Local Validation Acc: 0.6800	Global Validation Loss: 4.2235	Global Validation Acc: 0.3025
Aggregated
Global Test Loss: 3.9942	Global Test Acc: 0.3773
Client 12	Local Validation Loss: 4.1452(2.4417)	Local Validation Acc: 0.4127(-0.3016)
Client 93	Local Validation Loss: 4.2959(2.4855)	Local Validation Acc: 0.3611(-0.1944)
Client 29	Local Validation Loss: 4.3165(2.7201)	Local Validation Acc: 0.3597(-0.1700)
Client 41	Local Validation Loss: 3.7449(0.0143)	Local Validation Acc: 0.4217(-0.0361)
Client 74	Local Validation Loss: 2.0345(0.7772)	Local Validation Acc: 0.6304(-0.0326)
Client 61	Local Validation Loss: 3.0286(2.0478)	Local Validation Acc: 0.5571(-0.1857)
Client 81	Local Validation Loss: 2.1906(-0.4433)	Local Validation Acc: 0.5000(-0.0694)
Client 69	Local Validation Loss: 2.9889(-0.9089)	Local Validation Acc: 0.3962(-0.0252)
Client 99	Local Validation Loss: 3.8169(2.1324)	Local Validation Acc: 0.3937(-0.0679)
Client 52	Local Validation Loss: 3.0894(1.3986)	Local Validation Acc: 0.4200(-0.2600)
Round 16 use time: 105.05 min, ETA: 322.15 hours
================================================================================
Round 17
Selected 10 client IDs: [ 5 36 74 88 95 68 35 87 13 50]
Client 5	Dropout Rate: 0.9	Model Size: 0.42 MB	Train Loss: 0.6762	Train Acc: 0.7950	Local Validation  Loss: 0.7588	Local Validation Acc: 0.7500	Global Validation Loss: 3.6341	Global Validation Acc: 0.1661
Client 36	Dropout Rate: 0.9	Model Size: 0.42 MB	Train Loss: 0.6132	Train Acc: 0.8094	Local Validation  Loss: 1.4918	Local Validation Acc: 0.6410	Global Validation Loss: 3.2654	Global Validation Acc: 0.1992
Client 74	Dropout Rate: 0.9	Model Size: 0.42 MB	Train Loss: 0.7451	Train Acc: 0.7370	Local Validation  Loss: 1.1332	Local Validation Acc: 0.6848	Global Validation Loss: 3.2766	Global Validation Acc: 0.1855
Client 88	Dropout Rate: 0.25	Model Size: 23.98 MB	Train Loss: 0.0823	Train Acc: 0.9756	Local Validation  Loss: 3.0833	Local Validation Acc: 0.4514	Global Validation Loss: 4.1509	Global Validation Acc: 0.3470
Client 95	Dropout Rate: 0.75	Model Size: 2.67 MB	Train Loss: 0.2225	Train Acc: 0.9459	Local Validation  Loss: 1.4455	Local Validation Acc: 0.6905	Global Validation Loss: 4.4759	Global Validation Acc: 0.1811
Client 68	Dropout Rate: 0.75	Model Size: 2.67 MB	Train Loss: 0.0295	Train Acc: 0.9897	Local Validation  Loss: 2.2068	Local Validation Acc: 0.6735	Global Validation Loss: 5.5161	Global Validation Acc: 0.2207
Client 35	Dropout Rate: 0.9	Model Size: 0.42 MB	Train Loss: 0.7405	Train Acc: 0.7742	Local Validation  Loss: 1.4342	Local Validation Acc: 0.6279	Global Validation Loss: 3.5082	Global Validation Acc: 0.1703
Client 87	Dropout Rate: 0.9	Model Size: 0.42 MB	Train Loss: 0.8123	Train Acc: 0.7205	Local Validation  Loss: 1.4514	Local Validation Acc: 0.6094	Global Validation Loss: 3.1753	Global Validation Acc: 0.1674
Client 13	Dropout Rate: 0.5	Model Size: 10.67 MB	Train Loss: 0.1933	Train Acc: 0.9291	Local Validation  Loss: 1.4666	Local Validation Acc: 0.6667	Global Validation Loss: 4.4313	Global Validation Acc: 0.3296
Client 50	Dropout Rate: 0.75	Model Size: 2.67 MB	Train Loss: 0.1279	Train Acc: 0.9658	Local Validation  Loss: 2.8034	Local Validation Acc: 0.4402	Global Validation Loss: 4.0124	Global Validation Acc: 0.3441
Aggregated
Global Test Loss: 3.8690	Global Test Acc: 0.3956
Client 5	Local Validation Loss: 2.6044(1.8456)	Local Validation Acc: 0.5625(-0.1875)
Client 36	Local Validation Loss: 4.8152(3.3234)	Local Validation Acc: 0.2308(-0.4103)
Client 74	Local Validation Loss: 2.5971(1.4639)	Local Validation Acc: 0.5978(-0.0870)
Client 88	Local Validation Loss: 3.8094(0.7261)	Local Validation Acc: 0.4171(-0.0343)
Client 95	Local Validation Loss: 3.3426(1.8971)	Local Validation Acc: 0.4286(-0.2619)
Client 68	Local Validation Loss: 5.1500(2.9433)	Local Validation Acc: 0.3265(-0.3469)
Client 35	Local Validation Loss: 4.1163(2.6821)	Local Validation Acc: 0.2558(-0.3721)
Client 87	Local Validation Loss: 4.9573(3.5059)	Local Validation Acc: 0.2812(-0.3281)
Client 13	Local Validation Loss: 2.0879(0.6213)	Local Validation Acc: 0.5876(-0.0791)
Client 50	Local Validation Loss: 3.9126(1.1092)	Local Validation Acc: 0.3587(-0.0815)
Round 17 use time: 100.16 min, ETA: 305.49 hours
================================================================================
Round 18
Selected 10 client IDs: [76 74 23 33 27 14 92 40 59 20]
Client 76	Dropout Rate: 0.9	Model Size: 0.42 MB	Train Loss: 0.9330	Train Acc: 0.7485	Local Validation  Loss: 1.7850	Local Validation Acc: 0.4941	Global Validation Loss: 3.0307	Global Validation Acc: 0.1959
Client 74	Dropout Rate: 0.9	Model Size: 0.42 MB	Train Loss: 0.8137	Train Acc: 0.7397	Local Validation  Loss: 1.2261	Local Validation Acc: 0.6739	Global Validation Loss: 3.4997	Global Validation Acc: 0.1905
Client 23	Dropout Rate: 0.5	Model Size: 10.67 MB	Train Loss: 0.0146	Train Acc: 1.0000	Local Validation  Loss: 2.7708	Local Validation Acc: 0.5932	Global Validation Loss: 4.8598	Global Validation Acc: 0.2479
Client 33	Dropout Rate: 0.9	Model Size: 0.42 MB	Train Loss: 0.6049	Train Acc: 0.8312	Local Validation  Loss: 2.0915	Local Validation Acc: 0.4650	Global Validation Loss: 2.9647	Global Validation Acc: 0.2474
Client 27	Dropout Rate: 0.25	Model Size: 23.98 MB	Train Loss: 0.0017	Train Acc: 1.0000	Local Validation  Loss: 2.2921	Local Validation Acc: 0.6946	Global Validation Loss: 5.5202	Global Validation Acc: 0.3074
Client 14	Dropout Rate: 0.9	Model Size: 0.42 MB	Train Loss: 0.8386	Train Acc: 0.7441	Local Validation  Loss: 2.3329	Local Validation Acc: 0.3396	Global Validation Loss: 2.8492	Global Validation Acc: 0.2078
Client 92	Dropout Rate: 0.9	Model Size: 0.42 MB	Train Loss: 0.9559	Train Acc: 0.6606	Local Validation  Loss: 1.4634	Local Validation Acc: 0.5000	Global Validation Loss: 3.2074	Global Validation Acc: 0.1490
Client 40	Dropout Rate: 0.9	Model Size: 0.42 MB	Train Loss: 0.8748	Train Acc: 0.7195	Local Validation  Loss: 1.8451	Local Validation Acc: 0.4079	Global Validation Loss: 2.9692	Global Validation Acc: 0.2109
Client 59	Dropout Rate: 0.75	Model Size: 2.67 MB	Train Loss: 0.1493	Train Acc: 0.9577	Local Validation  Loss: 2.0718	Local Validation Acc: 0.4366	Global Validation Loss: 3.2834	Global Validation Acc: 0.2780
Client 20	Dropout Rate: 0.9	Model Size: 0.42 MB	Train Loss: 0.6990	Train Acc: 0.7511	Local Validation  Loss: 0.9717	Local Validation Acc: 0.6937	Global Validation Loss: 3.5566	Global Validation Acc: 0.2027
Aggregated
Global Test Loss: 5.0161	Global Test Acc: 0.3524
Client 76	Local Validation Loss: 5.3827(3.5977)	Local Validation Acc: 0.3412(-0.1529)
Client 74	Local Validation Loss: 3.8503(2.6242)	Local Validation Acc: 0.5326(-0.1413)
Client 23	Local Validation Loss: 7.2826(4.5118)	Local Validation Acc: 0.1017(-0.4915)
Client 33	Local Validation Loss: 4.9702(2.8786)	Local Validation Acc: 0.3949(-0.0701)
Client 27	Local Validation Loss: 2.7058(0.4137)	Local Validation Acc: 0.6404(-0.0542)
Client 14	Local Validation Loss: 4.9133(2.5804)	Local Validation Acc: 0.3774(0.0377)
Client 92	Local Validation Loss: 6.8350(5.3716)	Local Validation Acc: 0.1571(-0.3429)
Client 40	Local Validation Loss: 4.7343(2.8892)	Local Validation Acc: 0.3553(-0.0526)
Client 59	Local Validation Loss: 6.4824(4.4106)	Local Validation Acc: 0.1408(-0.2958)
Client 20	Local Validation Loss: 3.9221(2.9505)	Local Validation Acc: 0.4955(-0.1982)
Round 18 use time: 96.48 min, ETA: 292.66 hours
================================================================================
Round 19
Selected 10 client IDs: [63 50 25 34 78 75 26 16 10 31]
Client 63	Dropout Rate: 0.9	Model Size: 0.42 MB	Train Loss: 0.7309	Train Acc: 0.7383	Local Validation  Loss: 1.6234	Local Validation Acc: 0.5165	Global Validation Loss: 3.0625	Global Validation Acc: 0.2203
Client 50	Dropout Rate: 0.75	Model Size: 2.67 MB	Train Loss: 0.1252	Train Acc: 0.9699	Local Validation  Loss: 2.6436	Local Validation Acc: 0.4837	Global Validation Loss: 3.5596	Global Validation Acc: 0.3340
Client 25	Dropout Rate: 0.75	Model Size: 2.67 MB	Train Loss: 0.1834	Train Acc: 0.9363	Local Validation  Loss: 2.4436	Local Validation Acc: 0.4579	Global Validation Loss: 4.4186	Global Validation Acc: 0.2918
Client 34	Dropout Rate: 0.75	Model Size: 2.67 MB	Train Loss: 0.1440	Train Acc: 0.9614	Local Validation  Loss: 1.6477	Local Validation Acc: 0.6504	Global Validation Loss: 3.7103	Global Validation Acc: 0.2801
Client 78	Dropout Rate: 0.5	Model Size: 10.67 MB	Train Loss: 0.1349	Train Acc: 0.9578	Local Validation  Loss: 1.1947	Local Validation Acc: 0.6959	Global Validation Loss: 3.9764	Global Validation Acc: 0.2888
Client 75	Dropout Rate: 0.75	Model Size: 2.67 MB	Train Loss: 0.1055	Train Acc: 0.9747	Local Validation  Loss: 2.3332	Local Validation Acc: 0.4667	Global Validation Loss: 3.9706	Global Validation Acc: 0.2529
Client 26	Dropout Rate: 0.25	Model Size: 23.98 MB	Train Loss: 0.0135	Train Acc: 0.9975	Local Validation  Loss: 2.5567	Local Validation Acc: 0.5700	Global Validation Loss: 4.6455	Global Validation Acc: 0.3399
Client 16	Dropout Rate: 0.5	Model Size: 10.67 MB	Train Loss: 0.0175	Train Acc: 0.9972	Local Validation  Loss: 3.3513	Local Validation Acc: 0.4719	Global Validation Loss: 4.3927	Global Validation Acc: 0.3302
Client 10	Dropout Rate: 0.5	Model Size: 10.67 MB	Train Loss: 0.0338	Train Acc: 0.9953	Local Validation  Loss: 2.6284	Local Validation Acc: 0.4906	Global Validation Loss: 4.2419	Global Validation Acc: 0.3278
Client 31	Dropout Rate: 0.9	Model Size: 0.42 MB	Train Loss: 0.5418	Train Acc: 0.8217	Local Validation  Loss: 0.7021	Local Validation Acc: 0.7788	Global Validation Loss: 4.8241	Global Validation Acc: 0.1291
Aggregated
Global Test Loss: 3.8741	Global Test Acc: 0.3971
Client 63	Local Validation Loss: 3.4722(1.8488)	Local Validation Acc: 0.5055(-0.0110)
Client 50	Local Validation Loss: 3.6121(0.9685)	Local Validation Acc: 0.4565(-0.0272)
Client 25	Local Validation Loss: 4.4928(2.0491)	Local Validation Acc: 0.2617(-0.1963)
Client 34	Local Validation Loss: 4.1033(2.4556)	Local Validation Acc: 0.3252(-0.3252)
Client 78	Local Validation Loss: 3.1052(1.9105)	Local Validation Acc: 0.3986(-0.2973)
Client 75	Local Validation Loss: 3.0298(0.6966)	Local Validation Acc: 0.5333(0.0667)
Client 26	Local Validation Loss: 2.9851(0.4284)	Local Validation Acc: 0.5000(-0.0700)
Client 16	Local Validation Loss: 4.4135(1.0622)	Local Validation Acc: 0.3596(-0.1124)
Client 10	Local Validation Loss: 3.6838(1.0554)	Local Validation Acc: 0.4340(-0.0566)
Client 31	Local Validation Loss: 1.8900(1.1879)	Local Validation Acc: 0.7115(-0.0673)
Round 19 use time: 107.84 min, ETA: 325.30 hours
================================================================================
Round 20
Selected 10 client IDs: [13 46 68 16 75 18 79 38 67 93]
Client 13	Dropout Rate: 0.5	Model Size: 10.67 MB	Train Loss: 0.0025	Train Acc: 1.0000	Local Validation  Loss: 2.0506	Local Validation Acc: 0.6949	Global Validation Loss: 6.3595	Global Validation Acc: 0.3208
Client 46	Dropout Rate: 0.25	Model Size: 23.98 MB	Train Loss: 0.0029	Train Acc: 1.0000	Local Validation  Loss: 3.1948	Local Validation Acc: 0.5068	Global Validation Loss: 4.7611	Global Validation Acc: 0.3333
Client 68	Dropout Rate: 0.75	Model Size: 2.67 MB	Train Loss: 0.0324	Train Acc: 1.0000	Local Validation  Loss: 2.1399	Local Validation Acc: 0.6327	Global Validation Loss: 5.8415	Global Validation Acc: 0.1952
Client 16	Dropout Rate: 0.5	Model Size: 10.67 MB	Train Loss: 0.0698	Train Acc: 0.9831	Local Validation  Loss: 3.6282	Local Validation Acc: 0.4719	Global Validation Loss: 4.4647	Global Validation Acc: 0.3276
Client 75	Dropout Rate: 0.75	Model Size: 2.67 MB	Train Loss: 0.2928	Train Acc: 0.9114	Local Validation  Loss: 2.2913	Local Validation Acc: 0.5500	Global Validation Loss: 4.3056	Global Validation Acc: 0.2354
Client 18	Dropout Rate: 0.9	Model Size: 0.42 MB	Train Loss: 0.7655	Train Acc: 0.7698	Local Validation  Loss: 1.5767	Local Validation Acc: 0.5598	Global Validation Loss: 2.5741	Global Validation Acc: 0.2821
Client 79	Dropout Rate: 0.5	Model Size: 10.67 MB	Train Loss: 0.0447	Train Acc: 0.9880	Local Validation  Loss: 3.2534	Local Validation Acc: 0.4444	Global Validation Loss: 5.0069	Global Validation Acc: 0.3538
Client 38	Dropout Rate: 0.9	Model Size: 0.42 MB	Train Loss: 0.7019	Train Acc: 0.8333	Local Validation  Loss: 1.9946	Local Validation Acc: 0.3333	Global Validation Loss: 3.1986	Global Validation Acc: 0.1495
Client 67	Dropout Rate: 0.1	Model Size: 34.40 MB	Train Loss: 0.0643	Train Acc: 0.9777	Local Validation  Loss: 2.9989	Local Validation Acc: 0.5858	Global Validation Loss: 4.8461	Global Validation Acc: 0.3260
Client 93	Dropout Rate: 0.75	Model Size: 2.67 MB	Train Loss: 0.4368	Train Acc: 0.8592	Local Validation  Loss: 1.6200	Local Validation Acc: 0.5278	Global Validation Loss: 4.0422	Global Validation Acc: 0.1998
Aggregated
Global Test Loss: 3.5655	Global Test Acc: 0.4120
Client 13	Local Validation Loss: 3.3050(1.2544)	Local Validation Acc: 0.4294(-0.2655)
Client 46	Local Validation Loss: 3.1853(-0.0095)	Local Validation Acc: 0.4658(-0.0411)
Client 68	Local Validation Loss: 3.3118(1.1719)	Local Validation Acc: 0.4898(-0.1429)
Client 16	Local Validation Loss: 3.0562(-0.5721)	Local Validation Acc: 0.4607(-0.0112)
Client 75	Local Validation Loss: 5.0332(2.7418)	Local Validation Acc: 0.2500(-0.3000)
Client 18	Local Validation Loss: 2.8590(1.2823)	Local Validation Acc: 0.5163(-0.0435)
Client 79	Local Validation Loss: 3.2225(-0.0309)	Local Validation Acc: 0.4444(0.0000)
Client 38	Local Validation Loss: 4.1557(2.1611)	Local Validation Acc: 0.3810(0.0476)
Client 67	Local Validation Loss: 3.2035(0.2047)	Local Validation Acc: 0.4497(-0.1361)
Client 93	Local Validation Loss: 3.0405(1.4205)	Local Validation Acc: 0.4722(-0.0556)
Average: 0.4077 | 0.0000 (compared to average)
Drpout Rate 0.1: 0.3754 | -0.0323 (compared to average)
Drpout Rate 0.25: 0.3793 | -0.0284 (compared to average)
Drpout Rate 0.5: 0.4069 | -0.0008 (compared to average)
Drpout Rate 0.75: 0.4293 | 0.0216 (compared to average)
Drpout Rate 0.9: 0.4110 | 0.0033 (compared to average)
Round 20 use time: 121.70 min, ETA: 365.09 hours
================================================================================
Round 21
Selected 10 client IDs: [14 39 40 75 68 76 81 51 54 99]
