Random seed: 42
Method: rdbagging
Model type: resnet
Dataset: cifar10
Data distribution: non-iid
Alpha: 0.5
Aggregation method: sparse
Number of clients: 100
Select ratio: 0.1
Local train ratio: 0.8
Number of rounds: 200
Number of local epochs: 20
Batch size: 128
Learning rate: 0.001
Results save directory: None
Results will not be saved.
[Model Architecture]
ResNet(
  (conv1): Conv2d(3, 64, kernel_size=(7, 7), stride=(2, 2), padding=(3, 3), bias=False)
  (bn1): LayerNorm((64, 16, 16), eps=1e-05, elementwise_affine=False)
  (relu): ReLU(inplace=True)
  (maxpool): MaxPool2d(kernel_size=3, stride=2, padding=1, dilation=1, ceil_mode=False)
  (layer1): Sequential(
    (0): BasicBlock(
      (conv1): Conv2d(64, 64, kernel_size=(3, 3), stride=(1, 1), padding=(1, 1), bias=False)
      (bn1): LayerNorm((64, 8, 8), eps=1e-05, elementwise_affine=False)
      (relu): ReLU(inplace=True)
      (conv2): Conv2d(64, 64, kernel_size=(3, 3), stride=(1, 1), padding=(1, 1), bias=False)
      (bn2): LayerNorm((64, 8, 8), eps=1e-05, elementwise_affine=False)
    )
    (1): BasicBlock(
      (conv1): Conv2d(64, 64, kernel_size=(3, 3), stride=(1, 1), padding=(1, 1), bias=False)
      (bn1): LayerNorm((64, 8, 8), eps=1e-05, elementwise_affine=False)
      (relu): ReLU(inplace=True)
      (conv2): Conv2d(64, 64, kernel_size=(3, 3), stride=(1, 1), padding=(1, 1), bias=False)
      (bn2): LayerNorm((64, 8, 8), eps=1e-05, elementwise_affine=False)
    )
  )
  (layer2): Sequential(
    (0): BasicBlock(
      (conv1): Conv2d(64, 128, kernel_size=(3, 3), stride=(2, 2), padding=(1, 1), bias=False)
      (bn1): LayerNorm((128, 4, 4), eps=1e-05, elementwise_affine=False)
      (relu): ReLU(inplace=True)
      (conv2): Conv2d(128, 128, kernel_size=(3, 3), stride=(1, 1), padding=(1, 1), bias=False)
      (bn2): LayerNorm((128, 4, 4), eps=1e-05, elementwise_affine=False)
      (downsample): Sequential(
        (0): Conv2d(64, 128, kernel_size=(1, 1), stride=(2, 2), bias=False)
        (1): LayerNorm((128, 4, 4), eps=1e-05, elementwise_affine=False)
      )
    )
    (1): BasicBlock(
      (conv1): Conv2d(128, 128, kernel_size=(3, 3), stride=(1, 1), padding=(1, 1), bias=False)
      (bn1): LayerNorm((128, 4, 4), eps=1e-05, elementwise_affine=False)
      (relu): ReLU(inplace=True)
      (conv2): Conv2d(128, 128, kernel_size=(3, 3), stride=(1, 1), padding=(1, 1), bias=False)
      (bn2): LayerNorm((128, 4, 4), eps=1e-05, elementwise_affine=False)
    )
  )
  (layer3): Sequential(
    (0): BasicBlock(
      (conv1): Conv2d(128, 256, kernel_size=(3, 3), stride=(2, 2), padding=(1, 1), bias=False)
      (bn1): LayerNorm((256, 2, 2), eps=1e-05, elementwise_affine=False)
      (relu): ReLU(inplace=True)
      (conv2): Conv2d(256, 256, kernel_size=(3, 3), stride=(1, 1), padding=(1, 1), bias=False)
      (bn2): LayerNorm((256, 2, 2), eps=1e-05, elementwise_affine=False)
      (downsample): Sequential(
        (0): Conv2d(128, 256, kernel_size=(1, 1), stride=(2, 2), bias=False)
        (1): LayerNorm((256, 2, 2), eps=1e-05, elementwise_affine=False)
      )
    )
    (1): BasicBlock(
      (conv1): Conv2d(256, 256, kernel_size=(3, 3), stride=(1, 1), padding=(1, 1), bias=False)
      (bn1): LayerNorm((256, 2, 2), eps=1e-05, elementwise_affine=False)
      (relu): ReLU(inplace=True)
      (conv2): Conv2d(256, 256, kernel_size=(3, 3), stride=(1, 1), padding=(1, 1), bias=False)
      (bn2): LayerNorm((256, 2, 2), eps=1e-05, elementwise_affine=False)
    )
  )
  (layer4): Sequential(
    (0): BasicBlock(
      (conv1): Conv2d(256, 512, kernel_size=(3, 3), stride=(2, 2), padding=(1, 1), bias=False)
      (bn1): LayerNorm((512, 1, 1), eps=1e-05, elementwise_affine=False)
      (relu): ReLU(inplace=True)
      (conv2): Conv2d(512, 512, kernel_size=(3, 3), stride=(1, 1), padding=(1, 1), bias=False)
      (bn2): LayerNorm((512, 1, 1), eps=1e-05, elementwise_affine=False)
      (downsample): Sequential(
        (0): Conv2d(256, 512, kernel_size=(1, 1), stride=(2, 2), bias=False)
        (1): LayerNorm((512, 1, 1), eps=1e-05, elementwise_affine=False)
      )
    )
    (1): BasicBlock(
      (conv1): Conv2d(512, 512, kernel_size=(3, 3), stride=(1, 1), padding=(1, 1), bias=False)
      (bn1): LayerNorm((512, 1, 1), eps=1e-05, elementwise_affine=False)
      (relu): ReLU(inplace=True)
      (conv2): Conv2d(512, 512, kernel_size=(3, 3), stride=(1, 1), padding=(1, 1), bias=False)
      (bn2): LayerNorm((512, 1, 1), eps=1e-05, elementwise_affine=False)
    )
  )
  (avgpool): AdaptiveAvgPool2d(output_size=(1, 1))
  (fc): Linear(in_features=512, out_features=10, bias=True)
)
Global Model size: 42.62 MB
Client dropout rates: [0.9, 0.1, 0.5, 0.5, 0.9, 0.9, 0.9, 0.25, 0.75, 0.1, 0.5, 0.9, 0.1, 0.5, 0.9, 0.9, 0.5, 0.9, 0.9, 0.1, 0.9, 0.9, 0.75, 0.5, 0.9, 0.75, 0.25, 0.25, 0.9, 0.9, 0.9, 0.9, 0.9, 0.9, 0.75, 0.9, 0.9, 0.9, 0.9, 0.9, 0.9, 0.1, 0.5, 0.5, 0.25, 0.5, 0.25, 0.5, 0.9, 0.75, 0.75, 0.5, 0.5, 0.9, 0.9, 0.9, 0.5, 0.9, 0.5, 0.75, 0.9, 0.9, 0.9, 0.9, 0.9, 0.9, 0.5, 0.1, 0.75, 0.5, 0.5, 0.9, 0.9, 0.75, 0.9, 0.75, 0.9, 0.75, 0.5, 0.5, 0.9, 0.5, 0.9, 0.9, 0.75, 0.5, 0.9, 0.9, 0.25, 0.1, 0.25, 0.9, 0.9, 0.75, 0.25, 0.75, 0.9, 0.9, 0.9, 0.9]
Client dropout rate count: {0.9: 50, 0.1: 7, 0.5: 21, 0.25: 8, 0.75: 14}
Round 1
Selected 10 client IDs: [31 28 21 72 47 75  4  8 97 44]
Client 31	Dropout Rate: 0.9	Model Size: 0.42 MB	Train Loss: 0.4411	Train Acc: 0.9060	Local Validation  Loss: 0.7889	Local Validation Acc: 0.7981	Global Validation Loss: 4.3398	Global Validation Acc: 0.1402
Client 28	Dropout Rate: 0.9	Model Size: 0.42 MB	Train Loss: 1.5744	Train Acc: 0.4227	Local Validation  Loss: 1.4872	Local Validation Acc: 0.4694	Global Validation Loss: 3.0060	Global Validation Acc: 0.1448
Client 21	Dropout Rate: 0.9	Model Size: 0.42 MB	Train Loss: 1.0194	Train Acc: 0.7063	Local Validation  Loss: 1.5058	Local Validation Acc: 0.5366	Global Validation Loss: 3.0506	Global Validation Acc: 0.1951
Client 72	Dropout Rate: 0.9	Model Size: 0.42 MB	Train Loss: 0.9313	Train Acc: 0.6943	Local Validation  Loss: 1.6867	Local Validation Acc: 0.4199	Global Validation Loss: 3.0804	Global Validation Acc: 0.1879
Client 47	Dropout Rate: 0.5	Model Size: 10.67 MB	Train Loss: 0.9000	Train Acc: 0.6949	Local Validation  Loss: 1.8335	Local Validation Acc: 0.6103	Global Validation Loss: 3.1323	Global Validation Acc: 0.2173
Client 75	Dropout Rate: 0.75	Model Size: 2.67 MB	Train Loss: 0.6508	Train Acc: 0.8059	Local Validation  Loss: 1.5733	Local Validation Acc: 0.5167	Global Validation Loss: 3.1566	Global Validation Acc: 0.2130
Client 4	Dropout Rate: 0.9	Model Size: 0.42 MB	Train Loss: 1.2348	Train Acc: 0.6007	Local Validation  Loss: 2.1934	Local Validation Acc: 0.3778	Global Validation Loss: 2.5116	Global Validation Acc: 0.2191
Client 8	Dropout Rate: 0.75	Model Size: 2.67 MB	Train Loss: 0.6159	Train Acc: 0.7836	Local Validation  Loss: 1.4534	Local Validation Acc: 0.5083	Global Validation Loss: 3.4172	Global Validation Acc: 0.2396
Client 97	Dropout Rate: 0.9	Model Size: 0.42 MB	Train Loss: 1.1742	Train Acc: 0.5784	Local Validation  Loss: 1.8369	Local Validation Acc: 0.4123	Global Validation Loss: 2.9583	Global Validation Acc: 0.1569
Client 44	Dropout Rate: 0.25	Model Size: 23.98 MB	Train Loss: 0.9076	Train Acc: 0.7424	Local Validation  Loss: 1.0866	Local Validation Acc: 0.7196	Global Validation Loss: 3.7191	Global Validation Acc: 0.1691
Aggregated
Global Test Loss: 3.2572	Global Test Acc: 0.1864
Client 31	Local Validation Loss: 2.5123(1.7234)	Local Validation Acc: 0.4231(-0.3750)
Client 28	Local Validation Loss: 4.1049(2.6176)	Local Validation Acc: 0.0306(-0.4388)
Client 21	Local Validation Loss: 2.7140(1.2082)	Local Validation Acc: 0.0732(-0.4634)
Client 72	Local Validation Loss: 2.9985(1.3117)	Local Validation Acc: 0.1547(-0.2652)
Client 47	Local Validation Loss: 3.1938(1.3602)	Local Validation Acc: 0.0956(-0.5147)
Client 75	Local Validation Loss: 3.7969(2.2236)	Local Validation Acc: 0.0667(-0.4500)
Client 4	Local Validation Loss: 3.7794(1.5860)	Local Validation Acc: 0.1111(-0.2667)
Client 8	Local Validation Loss: 2.3772(0.9238)	Local Validation Acc: 0.2833(-0.2250)
Client 97	Local Validation Loss: 2.7610(0.9241)	Local Validation Acc: 0.1842(-0.2281)
Client 44	Local Validation Loss: 1.5178(0.4312)	Local Validation Acc: 0.5234(-0.1963)
Round 1 use time: 96.13 min, ETA: 318.84 hours
================================================================================
Round 2
Selected 10 client IDs: [85 55 20 88 68 61 99 79 29 53]
Client 85	Dropout Rate: 0.5	Model Size: 10.67 MB	Train Loss: 0.6629	Train Acc: 0.7865	Local Validation  Loss: 1.6352	Local Validation Acc: 0.5529	Global Validation Loss: 3.7126	Global Validation Acc: 0.2828
Client 55	Dropout Rate: 0.9	Model Size: 0.42 MB	Train Loss: 1.5272	Train Acc: 0.4897	Local Validation  Loss: 1.6730	Local Validation Acc: 0.4082	Global Validation Loss: 2.8535	Global Validation Acc: 0.1593
Client 20	Dropout Rate: 0.9	Model Size: 0.42 MB	Train Loss: 0.8513	Train Acc: 0.7081	Local Validation  Loss: 1.0321	Local Validation Acc: 0.6486	Global Validation Loss: 3.4248	Global Validation Acc: 0.1650
Client 88	Dropout Rate: 0.25	Model Size: 23.98 MB	Train Loss: 0.8174	Train Acc: 0.6519	Local Validation  Loss: 1.8879	Local Validation Acc: 0.3086	Global Validation Loss: 3.7445	Global Validation Acc: 0.2513
Client 68	Dropout Rate: 0.75	Model Size: 2.67 MB	Train Loss: 0.6803	Train Acc: 0.7784	Local Validation  Loss: 1.3457	Local Validation Acc: 0.6327	Global Validation Loss: 4.4850	Global Validation Acc: 0.1838
Client 61	Dropout Rate: 0.9	Model Size: 0.42 MB	Train Loss: 0.8230	Train Acc: 0.7428	Local Validation  Loss: 0.9554	Local Validation Acc: 0.7429	Global Validation Loss: 3.1926	Global Validation Acc: 0.1775
Client 99	Dropout Rate: 0.9	Model Size: 0.42 MB	Train Loss: 0.9288	Train Acc: 0.6776	Local Validation  Loss: 1.8787	Local Validation Acc: 0.4118	Global Validation Loss: 2.5433	Global Validation Acc: 0.2554
Client 79	Dropout Rate: 0.5	Model Size: 10.67 MB	Train Loss: 0.2255	Train Acc: 0.9361	Local Validation  Loss: 2.3029	Local Validation Acc: 0.4524	Global Validation Loss: 3.9601	Global Validation Acc: 0.3241
Client 29	Dropout Rate: 0.9	Model Size: 0.42 MB	Train Loss: 0.6783	Train Acc: 0.7857	Local Validation  Loss: 1.6234	Local Validation Acc: 0.4783	Global Validation Loss: 3.2297	Global Validation Acc: 0.2598
Client 53	Dropout Rate: 0.9	Model Size: 0.42 MB	Train Loss: 1.1697	Train Acc: 0.5908	Local Validation  Loss: 1.7343	Local Validation Acc: 0.4253	Global Validation Loss: 3.1039	Global Validation Acc: 0.1648
Aggregated
Global Test Loss: 3.3217	Global Test Acc: 0.2106
Client 85	Local Validation Loss: 1.9963(0.3611)	Local Validation Acc: 0.3235(-0.2294)
Client 55	Local Validation Loss: 2.5375(0.8644)	Local Validation Acc: 0.3163(-0.0918)
Client 20	Local Validation Loss: 2.7675(1.7354)	Local Validation Acc: 0.1081(-0.5405)
Client 88	Local Validation Loss: 2.5184(0.6305)	Local Validation Acc: 0.3086(0.0000)
Client 68	Local Validation Loss: 3.7844(2.4387)	Local Validation Acc: 0.0816(-0.5510)
Client 61	Local Validation Loss: 5.9621(5.0066)	Local Validation Acc: 0.0286(-0.7143)
Client 99	Local Validation Loss: 2.4008(0.5221)	Local Validation Acc: 0.3801(-0.0317)
Client 79	Local Validation Loss: 3.9182(1.6153)	Local Validation Acc: 0.1349(-0.3175)
Client 29	Local Validation Loss: 4.4096(2.7861)	Local Validation Acc: 0.1660(-0.3123)
Client 53	Local Validation Loss: 3.2684(1.5342)	Local Validation Acc: 0.2299(-0.1954)
Round 2 use time: 101.49 min, ETA: 334.93 hours
================================================================================
Round 3
Selected 10 client IDs: [40 45 83 97 56 77 49 15 51 94]
Client 40	Dropout Rate: 0.9	Model Size: 0.42 MB	Train Loss: 1.2840	Train Acc: 0.5446	Local Validation  Loss: 1.7462	Local Validation Acc: 0.3816	Global Validation Loss: 2.7518	Global Validation Acc: 0.1847
Client 45	Dropout Rate: 0.5	Model Size: 10.67 MB	Train Loss: 1.1343	Train Acc: 0.6620	Local Validation  Loss: 1.4671	Local Validation Acc: 0.5139	Global Validation Loss: 3.5425	Global Validation Acc: 0.1603
Client 83	Dropout Rate: 0.9	Model Size: 0.42 MB	Train Loss: 1.1420	Train Acc: 0.6082	Local Validation  Loss: 1.7872	Local Validation Acc: 0.3696	Global Validation Loss: 2.9339	Global Validation Acc: 0.1974
Client 97	Dropout Rate: 0.9	Model Size: 0.42 MB	Train Loss: 1.1309	Train Acc: 0.5806	Local Validation  Loss: 1.8251	Local Validation Acc: 0.3684	Global Validation Loss: 3.0612	Global Validation Acc: 0.1354
Client 56	Dropout Rate: 0.5	Model Size: 10.67 MB	Train Loss: 0.2207	Train Acc: 0.9390	Local Validation  Loss: 1.8765	Local Validation Acc: 0.4947	Global Validation Loss: 4.1822	Global Validation Acc: 0.2731
Client 77	Dropout Rate: 0.75	Model Size: 2.67 MB	Train Loss: 0.4632	Train Acc: 0.8622	Local Validation  Loss: 1.1744	Local Validation Acc: 0.6538	Global Validation Loss: 4.1443	Global Validation Acc: 0.2138
Client 49	Dropout Rate: 0.75	Model Size: 2.67 MB	Train Loss: 0.5536	Train Acc: 0.8295	Local Validation  Loss: 1.9934	Local Validation Acc: 0.5169	Global Validation Loss: 3.1995	Global Validation Acc: 0.2070
Client 15	Dropout Rate: 0.9	Model Size: 0.42 MB	Train Loss: 0.8508	Train Acc: 0.6884	Local Validation  Loss: 1.0881	Local Validation Acc: 0.6076	Global Validation Loss: 3.1213	Global Validation Acc: 0.1865
Client 51	Dropout Rate: 0.5	Model Size: 10.67 MB	Train Loss: 0.9298	Train Acc: 0.6814	Local Validation  Loss: 1.0080	Local Validation Acc: 0.7241	Global Validation Loss: 4.2039	Global Validation Acc: 0.1676
Client 94	Dropout Rate: 0.25	Model Size: 23.98 MB	Train Loss: 0.3474	Train Acc: 0.8796	Local Validation  Loss: 2.0737	Local Validation Acc: 0.4634	Global Validation Loss: 3.9125	Global Validation Acc: 0.2597
Aggregated
Global Test Loss: 3.4077	Global Test Acc: 0.2427
Client 40	Local Validation Loss: 3.7249(1.9787)	Local Validation Acc: 0.2368(-0.1447)
Client 45	Local Validation Loss: 3.1002(1.6332)	Local Validation Acc: 0.1528(-0.3611)
Client 83	Local Validation Loss: 4.1488(2.3616)	Local Validation Acc: 0.1359(-0.2337)
Client 97	Local Validation Loss: 3.8260(2.0008)	Local Validation Acc: 0.1053(-0.2632)
Client 56	Local Validation Loss: 2.4063(0.5298)	Local Validation Acc: 0.3789(-0.1158)
Client 77	Local Validation Loss: 3.5348(2.3605)	Local Validation Acc: 0.1410(-0.5128)
Client 49	Local Validation Loss: 3.0766(1.0831)	Local Validation Acc: 0.2022(-0.3146)
Client 15	Local Validation Loss: 1.5920(0.5039)	Local Validation Acc: 0.5127(-0.0949)
Client 51	Local Validation Loss: 3.5169(2.5089)	Local Validation Acc: 0.4138(-0.3103)
Client 94	Local Validation Loss: 1.8746(-0.1991)	Local Validation Acc: 0.5041(0.0407)
Round 3 use time: 103.50 min, ETA: 339.81 hours
================================================================================
Round 4
Selected 10 client IDs: [86 42 84 45 54 16 63 48 68 26]
Client 86	Dropout Rate: 0.9	Model Size: 0.42 MB	Train Loss: 1.1586	Train Acc: 0.6407	Local Validation  Loss: 1.8547	Local Validation Acc: 0.4524	Global Validation Loss: 2.7869	Global Validation Acc: 0.1713
Client 42	Dropout Rate: 0.5	Model Size: 10.67 MB	Train Loss: 0.9155	Train Acc: 0.6873	Local Validation  Loss: 2.1640	Local Validation Acc: 0.4805	Global Validation Loss: 2.7220	Global Validation Acc: 0.2294
Client 84	Dropout Rate: 0.75	Model Size: 2.67 MB	Train Loss: 0.5394	Train Acc: 0.8281	Local Validation  Loss: 1.7272	Local Validation Acc: 0.4479	Global Validation Loss: 3.6592	Global Validation Acc: 0.2338
Client 45	Dropout Rate: 0.5	Model Size: 10.67 MB	Train Loss: 0.8618	Train Acc: 0.6972	Local Validation  Loss: 1.3923	Local Validation Acc: 0.5556	Global Validation Loss: 2.6669	Global Validation Acc: 0.2506
Client 54	Dropout Rate: 0.9	Model Size: 0.42 MB	Train Loss: 1.3255	Train Acc: 0.5086	Local Validation  Loss: 1.7685	Local Validation Acc: 0.5076	Global Validation Loss: 2.7000	Global Validation Acc: 0.1906
Client 16	Dropout Rate: 0.5	Model Size: 10.67 MB	Train Loss: 0.7783	Train Acc: 0.7458	Local Validation  Loss: 1.8584	Local Validation Acc: 0.3820	Global Validation Loss: 2.8119	Global Validation Acc: 0.2705
Client 63	Dropout Rate: 0.9	Model Size: 0.42 MB	Train Loss: 0.9842	Train Acc: 0.6584	Local Validation  Loss: 1.6391	Local Validation Acc: 0.3407	Global Validation Loss: 2.8282	Global Validation Acc: 0.2172
Client 48	Dropout Rate: 0.9	Model Size: 0.42 MB	Train Loss: 0.8175	Train Acc: 0.7676	Local Validation  Loss: 1.3362	Local Validation Acc: 0.6268	Global Validation Loss: 3.6251	Global Validation Acc: 0.1852
Client 68	Dropout Rate: 0.75	Model Size: 2.67 MB	Train Loss: 0.9245	Train Acc: 0.6959	Local Validation  Loss: 1.1294	Local Validation Acc: 0.6531	Global Validation Loss: 3.6996	Global Validation Acc: 0.1671
Client 26	Dropout Rate: 0.25	Model Size: 23.98 MB	Train Loss: 0.8759	Train Acc: 0.6975	Local Validation  Loss: 1.5288	Local Validation Acc: 0.4500	Global Validation Loss: 3.1227	Global Validation Acc: 0.2431
Aggregated
Global Test Loss: 3.4579	Global Test Acc: 0.2022
Client 86	Local Validation Loss: 4.0740(2.2193)	Local Validation Acc: 0.1190(-0.3333)
Client 42	Local Validation Loss: 2.9472(0.7832)	Local Validation Acc: 0.4026(-0.0779)
Client 84	Local Validation Loss: 1.9410(0.2138)	Local Validation Acc: 0.3646(-0.0833)
Client 45	Local Validation Loss: 2.6124(1.2201)	Local Validation Acc: 0.2361(-0.3194)
Client 54	Local Validation Loss: 4.4647(2.6962)	Local Validation Acc: 0.1439(-0.3636)
Client 16	Local Validation Loss: 3.2105(1.3521)	Local Validation Acc: 0.2921(-0.0899)
Client 63	Local Validation Loss: 4.0439(2.4047)	Local Validation Acc: 0.1758(-0.1648)
Client 48	Local Validation Loss: 4.6579(3.3216)	Local Validation Acc: 0.0563(-0.5704)
Client 68	Local Validation Loss: 2.6902(1.5607)	Local Validation Acc: 0.0612(-0.5918)
Client 26	Local Validation Loss: 3.1788(1.6500)	Local Validation Acc: 0.3200(-0.1300)
Round 4 use time: 101.62 min, ETA: 331.97 hours
================================================================================
Round 5
Selected 10 client IDs: [ 3 85 47 57 41 13 61 93 82 76]
Client 3	Dropout Rate: 0.5	Model Size: 10.67 MB	Train Loss: 0.1861	Train Acc: 0.9426	Local Validation  Loss: 1.5347	Local Validation Acc: 0.5882	Global Validation Loss: 4.2454	Global Validation Acc: 0.2771
Client 85	Dropout Rate: 0.5	Model Size: 10.67 MB	Train Loss: 0.2168	Train Acc: 0.9249	Local Validation  Loss: 1.8786	Local Validation Acc: 0.5882	Global Validation Loss: 4.0192	Global Validation Acc: 0.2589
Client 47	Dropout Rate: 0.5	Model Size: 10.67 MB	Train Loss: 0.2694	Train Acc: 0.8971	Local Validation  Loss: 1.9578	Local Validation Acc: 0.6471	Global Validation Loss: 3.9894	Global Validation Acc: 0.2781
Client 57	Dropout Rate: 0.9	Model Size: 0.42 MB	Train Loss: 1.1861	Train Acc: 0.5077	Local Validation  Loss: 1.4044	Local Validation Acc: 0.4082	Global Validation Loss: 3.2560	Global Validation Acc: 0.1448
Client 41	Dropout Rate: 0.1	Model Size: 34.40 MB	Train Loss: 0.3857	Train Acc: 0.8848	Local Validation  Loss: 1.9590	Local Validation Acc: 0.3855	Global Validation Loss: 3.3838	Global Validation Acc: 0.3033
Client 13	Dropout Rate: 0.5	Model Size: 10.67 MB	Train Loss: 0.3023	Train Acc: 0.8865	Local Validation  Loss: 1.3771	Local Validation Acc: 0.6215	Global Validation Loss: 5.1418	Global Validation Acc: 0.2522
Client 61	Dropout Rate: 0.9	Model Size: 0.42 MB	Train Loss: 0.8362	Train Acc: 0.7681	Local Validation  Loss: 1.1231	Local Validation Acc: 0.7000	Global Validation Loss: 3.3284	Global Validation Acc: 0.1736
Client 93	Dropout Rate: 0.75	Model Size: 2.67 MB	Train Loss: 0.9935	Train Acc: 0.6901	Local Validation  Loss: 1.5721	Local Validation Acc: 0.4722	Global Validation Loss: 3.6659	Global Validation Acc: 0.1876
Client 82	Dropout Rate: 0.9	Model Size: 0.42 MB	Train Loss: 1.1991	Train Acc: 0.5992	Local Validation  Loss: 1.8682	Local Validation Acc: 0.4194	Global Validation Loss: 2.9470	Global Validation Acc: 0.1320
Client 76	Dropout Rate: 0.9	Model Size: 0.42 MB	Train Loss: 1.1998	Train Acc: 0.6272	Local Validation  Loss: 1.6885	Local Validation Acc: 0.4235	Global Validation Loss: 2.6318	Global Validation Acc: 0.2020
Aggregated
Global Test Loss: 3.2444	Global Test Acc: 0.2773
Client 3	Local Validation Loss: 2.2280(0.6933)	Local Validation Acc: 0.3725(-0.2157)
Client 85	Local Validation Loss: 1.8333(-0.0453)	Local Validation Acc: 0.3647(-0.2235)
Client 47	Local Validation Loss: 2.8185(0.8607)	Local Validation Acc: 0.4412(-0.2059)
Client 57	Local Validation Loss: 4.3198(2.9154)	Local Validation Acc: 0.2653(-0.1429)
Client 41	Local Validation Loss: 2.2723(0.3133)	Local Validation Acc: 0.3253(-0.0602)
Client 13	Local Validation Loss: 1.5537(0.1766)	Local Validation Acc: 0.4859(-0.1356)
Client 61	Local Validation Loss: 1.3414(0.2183)	Local Validation Acc: 0.6571(-0.0429)
Client 93	Local Validation Loss: 3.9654(2.3932)	Local Validation Acc: 0.2778(-0.1944)
Client 82	Local Validation Loss: 3.8358(1.9676)	Local Validation Acc: 0.2419(-0.1774)
Client 76	Local Validation Loss: 2.9830(1.2944)	Local Validation Acc: 0.2588(-0.1647)
Round 5 use time: 104.75 min, ETA: 340.42 hours
================================================================================
Round 6
Selected 10 client IDs: [33 16 20 42 59 53 81 26 68 94]
Client 33	Dropout Rate: 0.9	Model Size: 0.42 MB	Train Loss: 0.7588	Train Acc: 0.7596	Local Validation  Loss: 1.5729	Local Validation Acc: 0.5159	Global Validation Loss: 2.7646	Global Validation Acc: 0.2514
Client 16	Dropout Rate: 0.5	Model Size: 10.67 MB	Train Loss: 0.2419	Train Acc: 0.9181	Local Validation  Loss: 2.8301	Local Validation Acc: 0.3146	Global Validation Loss: 3.6591	Global Validation Acc: 0.2714
Client 20	Dropout Rate: 0.9	Model Size: 0.42 MB	Train Loss: 0.6797	Train Acc: 0.7941	Local Validation  Loss: 1.2202	Local Validation Acc: 0.6667	Global Validation Loss: 3.1765	Global Validation Acc: 0.1967
Client 42	Dropout Rate: 0.5	Model Size: 10.67 MB	Train Loss: 0.4356	Train Acc: 0.8339	Local Validation  Loss: 1.9922	Local Validation Acc: 0.4935	Global Validation Loss: 3.0034	Global Validation Acc: 0.2460
Client 59	Dropout Rate: 0.75	Model Size: 2.67 MB	Train Loss: 0.4879	Train Acc: 0.8521	Local Validation  Loss: 1.5528	Local Validation Acc: 0.5211	Global Validation Loss: 2.9658	Global Validation Acc: 0.2475
Client 53	Dropout Rate: 0.9	Model Size: 0.42 MB	Train Loss: 1.0255	Train Acc: 0.6455	Local Validation  Loss: 1.7667	Local Validation Acc: 0.3908	Global Validation Loss: 3.2451	Global Validation Acc: 0.1643
Client 81	Dropout Rate: 0.5	Model Size: 10.67 MB	Train Loss: 0.4749	Train Acc: 0.8456	Local Validation  Loss: 1.3417	Local Validation Acc: 0.6389	Global Validation Loss: 2.9313	Global Validation Acc: 0.2106
Client 26	Dropout Rate: 0.25	Model Size: 23.98 MB	Train Loss: 0.3389	Train Acc: 0.8650	Local Validation  Loss: 2.9115	Local Validation Acc: 0.4700	Global Validation Loss: 4.6793	Global Validation Acc: 0.2725
Client 68	Dropout Rate: 0.75	Model Size: 2.67 MB	Train Loss: 0.7596	Train Acc: 0.7320	Local Validation  Loss: 1.1882	Local Validation Acc: 0.6122	Global Validation Loss: 4.0795	Global Validation Acc: 0.1544
Client 94	Dropout Rate: 0.25	Model Size: 23.98 MB	Train Loss: 0.2663	Train Acc: 0.9245	Local Validation  Loss: 2.1606	Local Validation Acc: 0.5203	Global Validation Loss: 4.1229	Global Validation Acc: 0.2564
Aggregated
Global Test Loss: 2.5693	Global Test Acc: 0.3198
Client 33	Local Validation Loss: 2.4108(0.8379)	Local Validation Acc: 0.3503(-0.1656)
Client 16	Local Validation Loss: 2.5876(-0.2425)	Local Validation Acc: 0.2921(-0.0225)
Client 20	Local Validation Loss: 2.2122(0.9920)	Local Validation Acc: 0.3333(-0.3333)
Client 42	Local Validation Loss: 3.2625(1.2703)	Local Validation Acc: 0.2338(-0.2597)
Client 59	Local Validation Loss: 2.6183(1.0655)	Local Validation Acc: 0.3380(-0.1831)
Client 53	Local Validation Loss: 2.7733(1.0066)	Local Validation Acc: 0.2874(-0.1034)
Client 81	Local Validation Loss: 3.0812(1.7395)	Local Validation Acc: 0.2083(-0.4306)
Client 26	Local Validation Loss: 2.6086(-0.3029)	Local Validation Acc: 0.3900(-0.0800)
Client 68	Local Validation Loss: 1.9190(0.7307)	Local Validation Acc: 0.4082(-0.2041)
Client 94	Local Validation Loss: 2.6125(0.4518)	Local Validation Acc: 0.3740(-0.1463)
Round 6 use time: 106.32 min, ETA: 343.75 hours
================================================================================
Round 7
Selected 10 client IDs: [ 6 18 21 54 56 23 78 75 83 33]
Client 6	Dropout Rate: 0.9	Model Size: 0.42 MB	Train Loss: 1.0500	Train Acc: 0.6304	Local Validation  Loss: 1.7021	Local Validation Acc: 0.4655	Global Validation Loss: 2.6024	Global Validation Acc: 0.1927
Client 18	Dropout Rate: 0.9	Model Size: 0.42 MB	Train Loss: 1.0433	Train Acc: 0.6512	Local Validation  Loss: 1.6720	Local Validation Acc: 0.4457	Global Validation Loss: 2.6436	Global Validation Acc: 0.2264
Client 21	Dropout Rate: 0.9	Model Size: 0.42 MB	Train Loss: 0.7310	Train Acc: 0.8125	Local Validation  Loss: 1.2909	Local Validation Acc: 0.5854	Global Validation Loss: 3.0169	Global Validation Acc: 0.2015
Client 54	Dropout Rate: 0.9	Model Size: 0.42 MB	Train Loss: 1.1557	Train Acc: 0.5733	Local Validation  Loss: 1.7161	Local Validation Acc: 0.5076	Global Validation Loss: 2.8261	Global Validation Acc: 0.1883
Client 56	Dropout Rate: 0.5	Model Size: 10.67 MB	Train Loss: 0.1706	Train Acc: 0.9469	Local Validation  Loss: 1.8917	Local Validation Acc: 0.6105	Global Validation Loss: 4.1621	Global Validation Acc: 0.2760
Client 23	Dropout Rate: 0.5	Model Size: 10.67 MB	Train Loss: 0.0939	Train Acc: 0.9786	Local Validation  Loss: 2.6079	Local Validation Acc: 0.5932	Global Validation Loss: 4.2548	Global Validation Acc: 0.2394
Client 78	Dropout Rate: 0.5	Model Size: 10.67 MB	Train Loss: 0.1191	Train Acc: 0.9679	Local Validation  Loss: 1.1552	Local Validation Acc: 0.6892	Global Validation Loss: 4.5101	Global Validation Acc: 0.2529
Client 75	Dropout Rate: 0.75	Model Size: 2.67 MB	Train Loss: 0.5207	Train Acc: 0.8186	Local Validation  Loss: 1.9651	Local Validation Acc: 0.4167	Global Validation Loss: 3.2893	Global Validation Acc: 0.2242
Client 83	Dropout Rate: 0.9	Model Size: 0.42 MB	Train Loss: 1.0666	Train Acc: 0.6150	Local Validation  Loss: 1.7370	Local Validation Acc: 0.3859	Global Validation Loss: 2.9180	Global Validation Acc: 0.2122
Client 33	Dropout Rate: 0.9	Model Size: 0.42 MB	Train Loss: 0.8334	Train Acc: 0.7245	Local Validation  Loss: 1.5206	Local Validation Acc: 0.5478	Global Validation Loss: 2.5987	Global Validation Acc: 0.2630
Aggregated
Global Test Loss: 3.0355	Global Test Acc: 0.2962
Client 6	Local Validation Loss: 2.4742(0.7721)	Local Validation Acc: 0.3966(-0.0690)
Client 18	Local Validation Loss: 3.8121(2.1401)	Local Validation Acc: 0.2554(-0.1902)
Client 21	Local Validation Loss: 2.2599(0.9690)	Local Validation Acc: 0.3659(-0.2195)
Client 54	Local Validation Loss: 3.1028(1.3866)	Local Validation Acc: 0.2348(-0.2727)
Client 56	Local Validation Loss: 2.8804(0.9887)	Local Validation Acc: 0.4211(-0.1895)
Client 23	Local Validation Loss: 3.6896(1.0818)	Local Validation Acc: 0.2712(-0.3220)
Client 78	Local Validation Loss: 2.1525(0.9973)	Local Validation Acc: 0.4189(-0.2703)
Client 75	Local Validation Loss: 2.8490(0.8839)	Local Validation Acc: 0.3500(-0.0667)
Client 83	Local Validation Loss: 3.1903(1.4533)	Local Validation Acc: 0.2880(-0.0978)
Client 33	Local Validation Loss: 2.7432(1.2226)	Local Validation Acc: 0.3758(-0.1720)
Round 7 use time: 99.69 min, ETA: 320.66 hours
================================================================================
Round 8
Selected 10 client IDs: [77 53 18 86 39 66  9 54 67 20]
Client 77	Dropout Rate: 0.75	Model Size: 2.67 MB	Train Loss: 0.3233	Train Acc: 0.8878	Local Validation  Loss: 1.1618	Local Validation Acc: 0.6154	Global Validation Loss: 4.0444	Global Validation Acc: 0.2217
Client 53	Dropout Rate: 0.9	Model Size: 0.42 MB	Train Loss: 1.1151	Train Acc: 0.6484	Local Validation  Loss: 1.7812	Local Validation Acc: 0.4253	Global Validation Loss: 3.2025	Global Validation Acc: 0.1585
Client 18	Dropout Rate: 0.9	Model Size: 0.42 MB	Train Loss: 0.7543	Train Acc: 0.7548	Local Validation  Loss: 1.8806	Local Validation Acc: 0.4130	Global Validation Loss: 2.7549	Global Validation Acc: 0.2467
Client 86	Dropout Rate: 0.9	Model Size: 0.42 MB	Train Loss: 1.0802	Train Acc: 0.7006	Local Validation  Loss: 1.7816	Local Validation Acc: 0.4762	Global Validation Loss: 2.7574	Global Validation Acc: 0.1656
Client 39	Dropout Rate: 0.9	Model Size: 0.42 MB	Train Loss: 0.8745	Train Acc: 0.6971	Local Validation  Loss: 2.1170	Local Validation Acc: 0.3585	Global Validation Loss: 2.8280	Global Validation Acc: 0.1710
Client 66	Dropout Rate: 0.5	Model Size: 10.67 MB	Train Loss: 0.1414	Train Acc: 0.9644	Local Validation  Loss: 2.1640	Local Validation Acc: 0.5583	Global Validation Loss: 4.0274	Global Validation Acc: 0.3152
Client 9	Dropout Rate: 0.1	Model Size: 34.40 MB	Train Loss: 0.1922	Train Acc: 0.9529	Local Validation  Loss: 2.4880	Local Validation Acc: 0.4302	Global Validation Loss: 3.7074	Global Validation Acc: 0.2832
Client 54	Dropout Rate: 0.9	Model Size: 0.42 MB	Train Loss: 1.6574	Train Acc: 0.4724	Local Validation  Loss: 1.7398	Local Validation Acc: 0.4924	Global Validation Loss: 2.9735	Global Validation Acc: 0.1687
Client 67	Dropout Rate: 0.1	Model Size: 34.40 MB	Train Loss: 0.1278	Train Acc: 0.9540	Local Validation  Loss: 2.3245	Local Validation Acc: 0.5207	Global Validation Loss: 4.3194	Global Validation Acc: 0.2805
Client 20	Dropout Rate: 0.9	Model Size: 0.42 MB	Train Loss: 1.1334	Train Acc: 0.5792	Local Validation  Loss: 1.3065	Local Validation Acc: 0.5676	Global Validation Loss: 2.9686	Global Validation Acc: 0.1697
Aggregated
Global Test Loss: 3.3072	Global Test Acc: 0.3301
Client 77	Local Validation Loss: 1.4901(0.3284)	Local Validation Acc: 0.5513(-0.0641)
Client 53	Local Validation Loss: 2.5164(0.7352)	Local Validation Acc: 0.3793(-0.0460)
Client 18	Local Validation Loss: 3.0324(1.1518)	Local Validation Acc: 0.3696(-0.0435)
Client 86	Local Validation Loss: 4.5907(2.8091)	Local Validation Acc: 0.2381(-0.2381)
Client 39	Local Validation Loss: 3.2864(1.1694)	Local Validation Acc: 0.2642(-0.0943)
Client 66	Local Validation Loss: 2.9498(0.7858)	Local Validation Acc: 0.3833(-0.1750)
Client 9	Local Validation Loss: 3.3803(0.8922)	Local Validation Acc: 0.3837(-0.0465)
Client 54	Local Validation Loss: 2.1387(0.3989)	Local Validation Acc: 0.3030(-0.1894)
Client 67	Local Validation Loss: 3.1701(0.8456)	Local Validation Acc: 0.4024(-0.1183)
Client 20	Local Validation Loss: 1.7748(0.4683)	Local Validation Acc: 0.5495(-0.0180)
Round 8 use time: 101.04 min, ETA: 323.32 hours
================================================================================
Round 9
Selected 10 client IDs: [76 59 61 21 37 78 69 31 28 55]
Client 76	Dropout Rate: 0.9	Model Size: 0.42 MB	Train Loss: 0.7873	Train Acc: 0.7870	Local Validation  Loss: 1.8466	Local Validation Acc: 0.4471	Global Validation Loss: 2.7511	Global Validation Acc: 0.2019
Client 59	Dropout Rate: 0.75	Model Size: 2.67 MB	Train Loss: 0.4332	Train Acc: 0.8697	Local Validation  Loss: 2.3345	Local Validation Acc: 0.3380	Global Validation Loss: 2.9343	Global Validation Acc: 0.2680
Client 61	Dropout Rate: 0.9	Model Size: 0.42 MB	Train Loss: 0.8628	Train Acc: 0.7681	Local Validation  Loss: 1.0957	Local Validation Acc: 0.6857	Global Validation Loss: 3.0240	Global Validation Acc: 0.1791
Client 21	Dropout Rate: 0.9	Model Size: 0.42 MB	Train Loss: 1.0175	Train Acc: 0.6937	Local Validation  Loss: 1.1751	Local Validation Acc: 0.5610	Global Validation Loss: 3.0488	Global Validation Acc: 0.2045
Client 37	Dropout Rate: 0.9	Model Size: 0.42 MB	Train Loss: 0.7285	Train Acc: 0.7516	Local Validation  Loss: 1.8250	Local Validation Acc: 0.4481	Global Validation Loss: 2.8103	Global Validation Acc: 0.2251
Client 78	Dropout Rate: 0.5	Model Size: 10.67 MB	Train Loss: 0.0636	Train Acc: 0.9831	Local Validation  Loss: 1.2306	Local Validation Acc: 0.7095	Global Validation Loss: 5.1871	Global Validation Acc: 0.2468
Client 69	Dropout Rate: 0.5	Model Size: 10.67 MB	Train Loss: 0.1575	Train Acc: 0.9478	Local Validation  Loss: 3.1013	Local Validation Acc: 0.4277	Global Validation Loss: 4.5659	Global Validation Acc: 0.3306
Client 31	Dropout Rate: 0.9	Model Size: 0.42 MB	Train Loss: 0.4705	Train Acc: 0.8506	Local Validation  Loss: 0.7036	Local Validation Acc: 0.7788	Global Validation Loss: 3.6961	Global Validation Acc: 0.1465
Client 28	Dropout Rate: 0.9	Model Size: 0.42 MB	Train Loss: 1.2888	Train Acc: 0.5206	Local Validation  Loss: 1.3481	Local Validation Acc: 0.5714	Global Validation Loss: 3.0195	Global Validation Acc: 0.1634
Client 55	Dropout Rate: 0.9	Model Size: 0.42 MB	Train Loss: 1.1897	Train Acc: 0.5567	Local Validation  Loss: 1.6062	Local Validation Acc: 0.4796	Global Validation Loss: 2.6835	Global Validation Acc: 0.2186
Aggregated
Global Test Loss: 3.3312	Global Test Acc: 0.3430
Client 76	Local Validation Loss: 3.9169(2.0703)	Local Validation Acc: 0.2000(-0.2471)
Client 59	Local Validation Loss: 3.4602(1.1257)	Local Validation Acc: 0.3239(-0.0141)
Client 61	Local Validation Loss: 2.8225(1.7268)	Local Validation Acc: 0.3429(-0.3429)
Client 21	Local Validation Loss: 4.3435(3.1684)	Local Validation Acc: 0.2439(-0.3171)
Client 37	Local Validation Loss: 4.7095(2.8846)	Local Validation Acc: 0.1623(-0.2857)
Client 78	Local Validation Loss: 2.2974(1.0668)	Local Validation Acc: 0.4392(-0.2703)
Client 69	Local Validation Loss: 2.9229(-0.1783)	Local Validation Acc: 0.3145(-0.1132)
Client 31	Local Validation Loss: 2.1334(1.4298)	Local Validation Acc: 0.5096(-0.2692)
Client 28	Local Validation Loss: 2.7954(1.4474)	Local Validation Acc: 0.3878(-0.1837)
Client 55	Local Validation Loss: 2.8391(1.2329)	Local Validation Acc: 0.3878(-0.0918)
Round 9 use time: 95.17 min, ETA: 302.95 hours
================================================================================
Round 10
Selected 10 client IDs: [91 81 88 86 21 23 11 85 46 16]
Client 91	Dropout Rate: 0.9	Model Size: 0.42 MB	Train Loss: 0.9476	Train Acc: 0.7371	Local Validation  Loss: 1.5643	Local Validation Acc: 0.4490	Global Validation Loss: 2.9315	Global Validation Acc: 0.1987
Client 81	Dropout Rate: 0.5	Model Size: 10.67 MB	Train Loss: 0.0900	Train Acc: 0.9789	Local Validation  Loss: 2.4545	Local Validation Acc: 0.5833	Global Validation Loss: 4.4435	Global Validation Acc: 0.2550
Client 88	Dropout Rate: 0.25	Model Size: 23.98 MB	Train Loss: 0.0321	Train Acc: 1.0000	Local Validation  Loss: 2.7021	Local Validation Acc: 0.4057	Global Validation Loss: 4.2378	Global Validation Acc: 0.3197
Client 86	Dropout Rate: 0.9	Model Size: 0.42 MB	Train Loss: 0.8371	Train Acc: 0.7665	Local Validation  Loss: 2.1561	Local Validation Acc: 0.3333	Global Validation Loss: 2.7584	Global Validation Acc: 0.1952
Client 21	Dropout Rate: 0.9	Model Size: 0.42 MB	Train Loss: 1.0414	Train Acc: 0.6250	Local Validation  Loss: 1.3239	Local Validation Acc: 0.5854	Global Validation Loss: 3.0885	Global Validation Acc: 0.1880
Client 23	Dropout Rate: 0.5	Model Size: 10.67 MB	Train Loss: 0.1687	Train Acc: 0.9530	Local Validation  Loss: 2.0322	Local Validation Acc: 0.5593	Global Validation Loss: 4.2157	Global Validation Acc: 0.2040
Client 11	Dropout Rate: 0.9	Model Size: 0.42 MB	Train Loss: 1.0943	Train Acc: 0.6595	Local Validation  Loss: 1.6287	Local Validation Acc: 0.5488	Global Validation Loss: 2.8526	Global Validation Acc: 0.1851
Client 85	Dropout Rate: 0.5	Model Size: 10.67 MB	Train Loss: 0.0647	Train Acc: 0.9823	Local Validation  Loss: 2.0426	Local Validation Acc: 0.6059	Global Validation Loss: 4.2953	Global Validation Acc: 0.2881
Client 46	Dropout Rate: 0.25	Model Size: 23.98 MB	Train Loss: 0.0831	Train Acc: 0.9724	Local Validation  Loss: 2.3842	Local Validation Acc: 0.4795	Global Validation Loss: 3.4536	Global Validation Acc: 0.3016
Client 16	Dropout Rate: 0.5	Model Size: 10.67 MB	Train Loss: 0.1359	Train Acc: 0.9661	Local Validation  Loss: 3.2189	Local Validation Acc: 0.3596	Global Validation Loss: 4.3193	Global Validation Acc: 0.2785
Aggregated
Global Test Loss: 2.8460	Global Test Acc: 0.3831
Client 91	Local Validation Loss: 3.0251(1.4608)	Local Validation Acc: 0.3061(-0.1429)
Client 81	Local Validation Loss: 2.6694(0.2149)	Local Validation Acc: 0.4167(-0.1667)
Client 88	Local Validation Loss: 2.5880(-0.1141)	Local Validation Acc: 0.3714(-0.0343)
Client 86	Local Validation Loss: 4.2514(2.0953)	Local Validation Acc: 0.2381(-0.0952)
Client 21	Local Validation Loss: 2.6744(1.3506)	Local Validation Acc: 0.3902(-0.1951)
Client 23	Local Validation Loss: 3.2110(1.1788)	Local Validation Acc: 0.3051(-0.2542)
Client 11	Local Validation Loss: 2.8278(1.1990)	Local Validation Acc: 0.3293(-0.2195)
Client 85	Local Validation Loss: 2.2255(0.1829)	Local Validation Acc: 0.4588(-0.1471)
Client 46	Local Validation Loss: 3.5912(1.2070)	Local Validation Acc: 0.3151(-0.1644)
Client 16	Local Validation Loss: 3.0500(-0.1689)	Local Validation Acc: 0.3596(0.0000)
Average: 0.3687 | 0.0000 (compared to average)
Drpout Rate 0.1: 0.3476 | -0.0211 (compared to average)
Drpout Rate 0.25: 0.3792 | 0.0105 (compared to average)
Drpout Rate 0.5: 0.3710 | 0.0023 (compared to average)
Drpout Rate 0.75: 0.3616 | -0.0071 (compared to average)
Drpout Rate 0.9: 0.3710 | 0.0023 (compared to average)
Round 10 use time: 120.03 min, ETA: 380.09 hours
================================================================================
Round 11
Selected 10 client IDs: [56 30 75 47 89 50  6 82 40 83]
Client 56	Dropout Rate: 0.5	Model Size: 10.67 MB	Train Loss: 0.0914	Train Acc: 0.9814	Local Validation  Loss: 1.7923	Local Validation Acc: 0.5474	Global Validation Loss: 4.1450	Global Validation Acc: 0.2814
Client 30	Dropout Rate: 0.9	Model Size: 0.42 MB	Train Loss: 0.9510	Train Acc: 0.6300	Local Validation  Loss: 1.3653	Local Validation Acc: 0.4079	Global Validation Loss: 2.9613	Global Validation Acc: 0.2003
Client 75	Dropout Rate: 0.75	Model Size: 2.67 MB	Train Loss: 0.5881	Train Acc: 0.8397	Local Validation  Loss: 2.0064	Local Validation Acc: 0.4333	Global Validation Loss: 3.5842	Global Validation Acc: 0.2290
Client 47	Dropout Rate: 0.5	Model Size: 10.67 MB	Train Loss: 0.5115	Train Acc: 0.8346	Local Validation  Loss: 3.3464	Local Validation Acc: 0.5221	Global Validation Loss: 4.2819	Global Validation Acc: 0.2948
Client 89	Dropout Rate: 0.1	Model Size: 34.40 MB	Train Loss: 0.1488	Train Acc: 0.9511	Local Validation  Loss: 3.5762	Local Validation Acc: 0.4179	Global Validation Loss: 4.8382	Global Validation Acc: 0.2737
Client 50	Dropout Rate: 0.75	Model Size: 2.67 MB	Train Loss: 0.1825	Train Acc: 0.9495	Local Validation  Loss: 2.2354	Local Validation Acc: 0.4239	Global Validation Loss: 3.0040	Global Validation Acc: 0.3514
Client 6	Dropout Rate: 0.9	Model Size: 0.42 MB	Train Loss: 0.8306	Train Acc: 0.7261	Local Validation  Loss: 1.8984	Local Validation Acc: 0.4310	Global Validation Loss: 2.7593	Global Validation Acc: 0.2169
Client 82	Dropout Rate: 0.9	Model Size: 0.42 MB	Train Loss: 0.5860	Train Acc: 0.8097	Local Validation  Loss: 2.3868	Local Validation Acc: 0.3387	Global Validation Loss: 3.3968	Global Validation Acc: 0.1666
Client 40	Dropout Rate: 0.9	Model Size: 0.42 MB	Train Loss: 0.9754	Train Acc: 0.6832	Local Validation  Loss: 1.9826	Local Validation Acc: 0.3289	Global Validation Loss: 2.8603	Global Validation Acc: 0.2181
Client 83	Dropout Rate: 0.9	Model Size: 0.42 MB	Train Loss: 0.8513	Train Acc: 0.7429	Local Validation  Loss: 1.7259	Local Validation Acc: 0.3913	Global Validation Loss: 2.8994	Global Validation Acc: 0.2467
Aggregated
Global Test Loss: 4.6445	Global Test Acc: 0.2934
Client 56	Local Validation Loss: 4.3216(2.5293)	Local Validation Acc: 0.3368(-0.2105)
Client 30	Local Validation Loss: 3.4819(2.1167)	Local Validation Acc: 0.4079(0.0000)
Client 75	Local Validation Loss: 3.6601(1.6537)	Local Validation Acc: 0.4500(0.0167)
Client 47	Local Validation Loss: 5.6765(2.3300)	Local Validation Acc: 0.3382(-0.1838)
Client 89	Local Validation Loss: 3.6067(0.0305)	Local Validation Acc: 0.3582(-0.0597)
Client 50	Local Validation Loss: 4.2374(2.0021)	Local Validation Acc: 0.3370(-0.0870)
Client 6	Local Validation Loss: 4.3152(2.4169)	Local Validation Acc: 0.2586(-0.1724)
Client 82	Local Validation Loss: 5.1881(2.8014)	Local Validation Acc: 0.1935(-0.1452)
Client 40	Local Validation Loss: 5.1347(3.1522)	Local Validation Acc: 0.1711(-0.1579)
Client 83	Local Validation Loss: 5.3316(3.6057)	Local Validation Acc: 0.2011(-0.1902)
Round 11 use time: 100.81 min, ETA: 317.54 hours
================================================================================
Round 12
Selected 10 client IDs: [86 53 50 75 56 54 93 74 99 70]
Client 86	Dropout Rate: 0.9	Model Size: 0.42 MB	Train Loss: 0.9792	Train Acc: 0.6527	Local Validation  Loss: 1.8916	Local Validation Acc: 0.3095	Global Validation Loss: 2.6577	Global Validation Acc: 0.1856
Client 53	Dropout Rate: 0.9	Model Size: 0.42 MB	Train Loss: 0.8943	Train Acc: 0.6974	Local Validation  Loss: 1.7706	Local Validation Acc: 0.4253	Global Validation Loss: 2.9342	Global Validation Acc: 0.1874
Client 50	Dropout Rate: 0.75	Model Size: 2.67 MB	Train Loss: 0.1165	Train Acc: 0.9686	Local Validation  Loss: 2.5456	Local Validation Acc: 0.4674	Global Validation Loss: 3.4405	Global Validation Acc: 0.3311
Client 75	Dropout Rate: 0.75	Model Size: 2.67 MB	Train Loss: 0.3536	Train Acc: 0.9114	Local Validation  Loss: 2.5518	Local Validation Acc: 0.3333	Global Validation Loss: 3.6843	Global Validation Acc: 0.2255
Client 56	Dropout Rate: 0.5	Model Size: 10.67 MB	Train Loss: 0.0181	Train Acc: 1.0000	Local Validation  Loss: 2.7234	Local Validation Acc: 0.5684	Global Validation Loss: 5.5795	Global Validation Acc: 0.2799
Client 54	Dropout Rate: 0.9	Model Size: 0.42 MB	Train Loss: 1.2774	Train Acc: 0.5010	Local Validation  Loss: 1.5277	Local Validation Acc: 0.4924	Global Validation Loss: 2.9134	Global Validation Acc: 0.1750
Client 93	Dropout Rate: 0.75	Model Size: 2.67 MB	Train Loss: 1.0716	Train Acc: 0.5845	Local Validation  Loss: 1.8860	Local Validation Acc: 0.3333	Global Validation Loss: 3.8727	Global Validation Acc: 0.1269
Client 74	Dropout Rate: 0.9	Model Size: 0.42 MB	Train Loss: 0.8170	Train Acc: 0.7370	Local Validation  Loss: 1.0835	Local Validation Acc: 0.6630	Global Validation Loss: 3.3287	Global Validation Acc: 0.1704
Client 99	Dropout Rate: 0.9	Model Size: 0.42 MB	Train Loss: 0.7859	Train Acc: 0.7140	Local Validation  Loss: 1.7422	Local Validation Acc: 0.4615	Global Validation Loss: 2.6603	Global Validation Acc: 0.2258
Client 70	Dropout Rate: 0.5	Model Size: 10.67 MB	Train Loss: 0.0545	Train Acc: 1.0000	Local Validation  Loss: 2.8761	Local Validation Acc: 0.3571	Global Validation Loss: 3.6186	Global Validation Acc: 0.2682
Aggregated
Global Test Loss: 5.2138	Global Test Acc: 0.3033
Client 86	Local Validation Loss: 5.2012(3.3096)	Local Validation Acc: 0.3810(0.0714)
Client 53	Local Validation Loss: 5.0695(3.2989)	Local Validation Acc: 0.3218(-0.1034)
Client 50	Local Validation Loss: 5.1246(2.5790)	Local Validation Acc: 0.3098(-0.1576)
Client 75	Local Validation Loss: 4.4436(1.8918)	Local Validation Acc: 0.3667(0.0333)
Client 56	Local Validation Loss: 3.9253(1.2019)	Local Validation Acc: 0.4526(-0.1158)
Client 54	Local Validation Loss: 5.3198(3.7921)	Local Validation Acc: 0.2955(-0.1970)
Client 93	Local Validation Loss: 4.1735(2.2875)	Local Validation Acc: 0.3333(0.0000)
Client 74	Local Validation Loss: 5.6755(4.5921)	Local Validation Acc: 0.1304(-0.5326)
Client 99	Local Validation Loss: 4.9469(3.2047)	Local Validation Acc: 0.3937(-0.0679)
Client 70	Local Validation Loss: 4.9398(2.0637)	Local Validation Acc: 0.3214(-0.0357)
Round 12 use time: 98.64 min, ETA: 309.08 hours
================================================================================
Round 13
Selected 10 client IDs: [13 39 59 73 75 35 63  3  6 60]
Client 13	Dropout Rate: 0.5	Model Size: 10.67 MB	Train Loss: 0.1954	Train Acc: 0.9262	Local Validation  Loss: 1.1646	Local Validation Acc: 0.6893	Global Validation Loss: 5.1725	Global Validation Acc: 0.2710
Client 39	Dropout Rate: 0.9	Model Size: 0.42 MB	Train Loss: 1.1833	Train Acc: 0.5817	Local Validation  Loss: 2.0438	Local Validation Acc: 0.3208	Global Validation Loss: 2.7868	Global Validation Acc: 0.1819
Client 59	Dropout Rate: 0.75	Model Size: 2.67 MB	Train Loss: 0.4745	Train Acc: 0.8310	Local Validation  Loss: 1.9619	Local Validation Acc: 0.4648	Global Validation Loss: 3.2026	Global Validation Acc: 0.2320
Client 73	Dropout Rate: 0.75	Model Size: 2.67 MB	Train Loss: 0.6238	Train Acc: 0.8175	Local Validation  Loss: 2.2145	Local Validation Acc: 0.4057	Global Validation Loss: 2.9509	Global Validation Acc: 0.2523
Client 75	Dropout Rate: 0.75	Model Size: 2.67 MB	Train Loss: 0.5904	Train Acc: 0.8017	Local Validation  Loss: 1.8460	Local Validation Acc: 0.4167	Global Validation Loss: 3.5546	Global Validation Acc: 0.2329
Client 35	Dropout Rate: 0.9	Model Size: 0.42 MB	Train Loss: 0.7662	Train Acc: 0.7889	Local Validation  Loss: 1.4255	Local Validation Acc: 0.5930	Global Validation Loss: 3.1881	Global Validation Acc: 0.2251
Client 63	Dropout Rate: 0.9	Model Size: 0.42 MB	Train Loss: 0.6705	Train Acc: 0.7603	Local Validation  Loss: 1.6693	Local Validation Acc: 0.4725	Global Validation Loss: 3.4277	Global Validation Acc: 0.2178
Client 3	Dropout Rate: 0.5	Model Size: 10.67 MB	Train Loss: 0.1638	Train Acc: 0.9361	Local Validation  Loss: 1.6068	Local Validation Acc: 0.6078	Global Validation Loss: 4.5999	Global Validation Acc: 0.2917
Client 6	Dropout Rate: 0.9	Model Size: 0.42 MB	Train Loss: 0.8257	Train Acc: 0.7478	Local Validation  Loss: 1.7587	Local Validation Acc: 0.4828	Global Validation Loss: 2.6998	Global Validation Acc: 0.2170
Client 60	Dropout Rate: 0.9	Model Size: 0.42 MB	Train Loss: 1.3249	Train Acc: 0.4758	Local Validation  Loss: 1.4338	Local Validation Acc: 0.4255	Global Validation Loss: 3.1975	Global Validation Acc: 0.1526
Aggregated
Global Test Loss: 4.6838	Global Test Acc: 0.3241
Client 13	Local Validation Loss: 3.7812(2.6166)	Local Validation Acc: 0.4011(-0.2881)
Client 39	Local Validation Loss: 4.9842(2.9405)	Local Validation Acc: 0.2453(-0.0755)
Client 59	Local Validation Loss: 4.9669(3.0051)	Local Validation Acc: 0.3803(-0.0845)
Client 73	Local Validation Loss: 6.6688(4.4543)	Local Validation Acc: 0.1226(-0.2830)
Client 75	Local Validation Loss: 3.7331(1.8871)	Local Validation Acc: 0.4333(0.0167)
Client 35	Local Validation Loss: 3.8193(2.3938)	Local Validation Acc: 0.4767(-0.1163)
Client 63	Local Validation Loss: 3.7815(2.1122)	Local Validation Acc: 0.4066(-0.0659)
Client 3	Local Validation Loss: 2.0647(0.4579)	Local Validation Acc: 0.5425(-0.0654)
Client 6	Local Validation Loss: 4.0969(2.3382)	Local Validation Acc: 0.2759(-0.2069)
Client 60	Local Validation Loss: 5.9774(4.5436)	Local Validation Acc: 0.2447(-0.1809)
Round 13 use time: 98.96 min, ETA: 308.44 hours
================================================================================
Round 14
Selected 10 client IDs: [63 39 52 10  7  5 79 31 55 76]
Client 63	Dropout Rate: 0.9	Model Size: 0.42 MB	Train Loss: 0.5463	Train Acc: 0.8375	Local Validation  Loss: 1.9806	Local Validation Acc: 0.4725	Global Validation Loss: 3.3964	Global Validation Acc: 0.2106
Client 39	Dropout Rate: 0.9	Model Size: 0.42 MB	Train Loss: 1.0766	Train Acc: 0.6442	Local Validation  Loss: 3.0997	Local Validation Acc: 0.1698	Global Validation Loss: 2.8166	Global Validation Acc: 0.1734
Client 52	Dropout Rate: 0.5	Model Size: 10.67 MB	Train Loss: 0.0368	Train Acc: 0.9949	Local Validation  Loss: 3.1250	Local Validation Acc: 0.5400	Global Validation Loss: 5.8237	Global Validation Acc: 0.2425
Client 10	Dropout Rate: 0.5	Model Size: 10.67 MB	Train Loss: 0.0419	Train Acc: 0.9929	Local Validation  Loss: 2.5408	Local Validation Acc: 0.5943	Global Validation Loss: 4.5721	Global Validation Acc: 0.3170
Client 7	Dropout Rate: 0.25	Model Size: 23.98 MB	Train Loss: 0.0199	Train Acc: 1.0000	Local Validation  Loss: 2.9326	Local Validation Acc: 0.4375	Global Validation Loss: 4.6546	Global Validation Acc: 0.2948
Client 5	Dropout Rate: 0.9	Model Size: 0.42 MB	Train Loss: 0.4480	Train Acc: 0.8549	Local Validation  Loss: 0.8703	Local Validation Acc: 0.7750	Global Validation Loss: 4.0101	Global Validation Acc: 0.1601
Client 79	Dropout Rate: 0.5	Model Size: 10.67 MB	Train Loss: 0.3325	Train Acc: 0.9142	Local Validation  Loss: 4.0490	Local Validation Acc: 0.3889	Global Validation Loss: 5.8638	Global Validation Acc: 0.3050
Client 31	Dropout Rate: 0.9	Model Size: 0.42 MB	Train Loss: 0.4748	Train Acc: 0.8723	Local Validation  Loss: 0.7320	Local Validation Acc: 0.7788	Global Validation Loss: 4.4300	Global Validation Acc: 0.1439
Client 55	Dropout Rate: 0.9	Model Size: 0.42 MB	Train Loss: 1.2646	Train Acc: 0.5438	Local Validation  Loss: 1.6692	Local Validation Acc: 0.4796	Global Validation Loss: 2.8096	Global Validation Acc: 0.1747
Client 76	Dropout Rate: 0.9	Model Size: 0.42 MB	Train Loss: 0.7408	Train Acc: 0.7811	Local Validation  Loss: 1.9643	Local Validation Acc: 0.3765	Global Validation Loss: 3.1728	Global Validation Acc: 0.1876
Aggregated
Global Test Loss: 4.0680	Global Test Acc: 0.3526
Client 63	Local Validation Loss: 3.2086(1.2280)	Local Validation Acc: 0.4505(-0.0220)
Client 39	Local Validation Loss: 3.5078(0.4081)	Local Validation Acc: 0.3585(0.1887)
Client 52	Local Validation Loss: 3.2846(0.1596)	Local Validation Acc: 0.4200(-0.1200)
Client 10	Local Validation Loss: 3.6158(1.0750)	Local Validation Acc: 0.4057(-0.1887)
Client 7	Local Validation Loss: 4.3705(1.4379)	Local Validation Acc: 0.3750(-0.0625)
Client 5	Local Validation Loss: 4.1130(3.2427)	Local Validation Acc: 0.1750(-0.6000)
Client 79	Local Validation Loss: 3.2074(-0.8416)	Local Validation Acc: 0.4603(0.0714)
Client 31	Local Validation Loss: 3.4330(2.7010)	Local Validation Acc: 0.3077(-0.4712)
Client 55	Local Validation Loss: 4.2759(2.6067)	Local Validation Acc: 0.2857(-0.1939)
Client 76	Local Validation Loss: 4.0374(2.0731)	Local Validation Acc: 0.3294(-0.0471)
Round 14 use time: 98.60 min, ETA: 305.66 hours
================================================================================
Round 15
Selected 10 client IDs: [11  6  2 64 98 13 43 83 21 18]
Client 11	Dropout Rate: 0.9	Model Size: 0.42 MB	Train Loss: 0.7649	Train Acc: 0.8006	Local Validation  Loss: 1.4141	Local Validation Acc: 0.6341	Global Validation Loss: 2.8464	Global Validation Acc: 0.2225
Client 6	Dropout Rate: 0.9	Model Size: 0.42 MB	Train Loss: 0.7992	Train Acc: 0.7217	Local Validation  Loss: 1.8655	Local Validation Acc: 0.5172	Global Validation Loss: 2.7163	Global Validation Acc: 0.2398
Client 2	Dropout Rate: 0.5	Model Size: 10.67 MB	Train Loss: 0.1537	Train Acc: 0.9577	Local Validation  Loss: 2.8727	Local Validation Acc: 0.4719	Global Validation Loss: 4.3798	Global Validation Acc: 0.2812
Client 64	Dropout Rate: 0.9	Model Size: 0.42 MB	Train Loss: 0.9263	Train Acc: 0.6288	Local Validation  Loss: 1.5575	Local Validation Acc: 0.3824	Global Validation Loss: 3.3678	Global Validation Acc: 0.1886
Client 98	Dropout Rate: 0.9	Model Size: 0.42 MB	Train Loss: 1.0151	Train Acc: 0.6345	Local Validation  Loss: 1.6253	Local Validation Acc: 0.4545	Global Validation Loss: 3.0787	Global Validation Acc: 0.2107
Client 13	Dropout Rate: 0.5	Model Size: 10.67 MB	Train Loss: 0.0632	Train Acc: 0.9787	Local Validation  Loss: 1.4460	Local Validation Acc: 0.6836	Global Validation Loss: 5.3406	Global Validation Acc: 0.2997
Client 43	Dropout Rate: 0.5	Model Size: 10.67 MB	Train Loss: 0.1909	Train Acc: 0.9390	Local Validation  Loss: 2.2855	Local Validation Acc: 0.5517	Global Validation Loss: 4.1850	Global Validation Acc: 0.2566
Client 83	Dropout Rate: 0.9	Model Size: 0.42 MB	Train Loss: 0.6411	Train Acc: 0.8041	Local Validation  Loss: 1.8182	Local Validation Acc: 0.4239	Global Validation Loss: 3.0327	Global Validation Acc: 0.2375
Client 21	Dropout Rate: 0.9	Model Size: 0.42 MB	Train Loss: 0.8389	Train Acc: 0.7562	Local Validation  Loss: 1.2340	Local Validation Acc: 0.6098	Global Validation Loss: 2.9911	Global Validation Acc: 0.2158
Client 18	Dropout Rate: 0.9	Model Size: 0.42 MB	Train Loss: 0.6504	Train Acc: 0.7902	Local Validation  Loss: 1.8759	Local Validation Acc: 0.4457	Global Validation Loss: 2.8842	Global Validation Acc: 0.2767
Aggregated
Global Test Loss: 4.1221	Global Test Acc: 0.3818
Client 11	Local Validation Loss: 4.9803(3.5662)	Local Validation Acc: 0.2683(-0.3659)
Client 6	Local Validation Loss: 2.8892(1.0238)	Local Validation Acc: 0.4655(-0.0517)
Client 2	Local Validation Loss: 3.3780(0.5053)	Local Validation Acc: 0.4607(-0.0112)
Client 64	Local Validation Loss: 3.8896(2.3321)	Local Validation Acc: 0.3824(0.0000)
Client 98	Local Validation Loss: 5.2077(3.5824)	Local Validation Acc: 0.3131(-0.1414)
Client 13	Local Validation Loss: 3.7514(2.3054)	Local Validation Acc: 0.4689(-0.2147)
Client 43	Local Validation Loss: 4.0290(1.7435)	Local Validation Acc: 0.2759(-0.2759)
Client 83	Local Validation Loss: 4.7294(2.9112)	Local Validation Acc: 0.2663(-0.1576)
Client 21	Local Validation Loss: 4.6247(3.3907)	Local Validation Acc: 0.3171(-0.2927)
Client 18	Local Validation Loss: 4.4519(2.5761)	Local Validation Acc: 0.3641(-0.0815)
Round 15 use time: 96.82 min, ETA: 298.54 hours
================================================================================
Round 16
Selected 10 client IDs: [53 41 40 54 77 43 89 35 26 15]
Client 53	Dropout Rate: 0.9	Model Size: 0.42 MB	Train Loss: 0.6171	Train Acc: 0.7781	Local Validation  Loss: 1.5252	Local Validation Acc: 0.5057	Global Validation Loss: 3.2043	Global Validation Acc: 0.1943
Client 41	Dropout Rate: 0.1	Model Size: 34.40 MB	Train Loss: 0.0336	Train Acc: 0.9970	Local Validation  Loss: 3.2313	Local Validation Acc: 0.4458	Global Validation Loss: 4.9486	Global Validation Acc: 0.3362
Client 40	Dropout Rate: 0.9	Model Size: 0.42 MB	Train Loss: 1.1023	Train Acc: 0.6370	Local Validation  Loss: 1.7796	Local Validation Acc: 0.4079	Global Validation Loss: 2.9246	Global Validation Acc: 0.2195
Client 54	Dropout Rate: 0.9	Model Size: 0.42 MB	Train Loss: 0.9993	Train Acc: 0.6000	Local Validation  Loss: 1.4264	Local Validation Acc: 0.5076	Global Validation Loss: 2.7638	Global Validation Acc: 0.2271
Client 77	Dropout Rate: 0.75	Model Size: 2.67 MB	Train Loss: 0.1697	Train Acc: 0.9583	Local Validation  Loss: 1.5362	Local Validation Acc: 0.6795	Global Validation Loss: 4.2942	Global Validation Acc: 0.2333
Client 43	Dropout Rate: 0.5	Model Size: 10.67 MB	Train Loss: 0.5010	Train Acc: 0.8227	Local Validation  Loss: 2.9257	Local Validation Acc: 0.4368	Global Validation Loss: 5.0174	Global Validation Acc: 0.2285
Client 89	Dropout Rate: 0.1	Model Size: 34.40 MB	Train Loss: 0.0355	Train Acc: 0.9887	Local Validation  Loss: 4.0079	Local Validation Acc: 0.4030	Global Validation Loss: 6.0322	Global Validation Acc: 0.2899
Client 35	Dropout Rate: 0.9	Model Size: 0.42 MB	Train Loss: 1.0492	Train Acc: 0.6804	Local Validation  Loss: 1.4098	Local Validation Acc: 0.5349	Global Validation Loss: 3.2236	Global Validation Acc: 0.1831
Client 26	Dropout Rate: 0.25	Model Size: 23.98 MB	Train Loss: 0.2368	Train Acc: 0.9300	Local Validation  Loss: 2.8195	Local Validation Acc: 0.5200	Global Validation Loss: 4.8467	Global Validation Acc: 0.2670
Client 15	Dropout Rate: 0.9	Model Size: 0.42 MB	Train Loss: 0.6689	Train Acc: 0.7758	Local Validation  Loss: 1.3193	Local Validation Acc: 0.6076	Global Validation Loss: 3.2123	Global Validation Acc: 0.2081
Aggregated
Global Test Loss: 3.4491	Global Test Acc: 0.3475
Client 53	Local Validation Loss: 4.7542(3.2290)	Local Validation Acc: 0.2989(-0.2069)
Client 41	Local Validation Loss: 2.7884(-0.4429)	Local Validation Acc: 0.3976(-0.0482)
Client 40	Local Validation Loss: 3.7981(2.0185)	Local Validation Acc: 0.3816(-0.0263)
Client 54	Local Validation Loss: 3.7581(2.3317)	Local Validation Acc: 0.2273(-0.2803)
Client 77	Local Validation Loss: 2.1786(0.6425)	Local Validation Acc: 0.5641(-0.1154)
Client 43	Local Validation Loss: 3.1480(0.2223)	Local Validation Acc: 0.3793(-0.0575)
Client 89	Local Validation Loss: 3.2857(-0.7221)	Local Validation Acc: 0.3134(-0.0896)
Client 35	Local Validation Loss: 2.1548(0.7450)	Local Validation Acc: 0.5233(-0.0116)
Client 26	Local Validation Loss: 3.1024(0.2829)	Local Validation Acc: 0.4600(-0.0600)
Client 15	Local Validation Loss: 4.2822(2.9629)	Local Validation Acc: 0.2658(-0.3418)
Round 16 use time: 102.94 min, ETA: 315.69 hours
================================================================================
Round 17
Selected 10 client IDs: [94 79 38 17 41 30 37 83 24 95]
Client 94	Dropout Rate: 0.25	Model Size: 23.98 MB	Train Loss: 0.0264	Train Acc: 0.9959	Local Validation  Loss: 2.6062	Local Validation Acc: 0.5366	Global Validation Loss: 4.8093	Global Validation Acc: 0.2942
Client 79	Dropout Rate: 0.5	Model Size: 10.67 MB	Train Loss: 0.0753	Train Acc: 0.9860	Local Validation  Loss: 2.5818	Local Validation Acc: 0.4444	Global Validation Loss: 4.6677	Global Validation Acc: 0.3189
Client 38	Dropout Rate: 0.9	Model Size: 0.42 MB	Train Loss: 0.8388	Train Acc: 0.6667	Local Validation  Loss: 1.6505	Local Validation Acc: 0.4286	Global Validation Loss: 3.1580	Global Validation Acc: 0.1548
Client 17	Dropout Rate: 0.9	Model Size: 0.42 MB	Train Loss: 1.2729	Train Acc: 0.5982	Local Validation  Loss: 1.9888	Local Validation Acc: 0.2857	Global Validation Loss: 2.9602	Global Validation Acc: 0.1231
Client 41	Dropout Rate: 0.1	Model Size: 34.40 MB	Train Loss: 0.0009	Train Acc: 1.0000	Local Validation  Loss: 3.9133	Local Validation Acc: 0.4337	Global Validation Loss: 5.6616	Global Validation Acc: 0.3469
Client 30	Dropout Rate: 0.9	Model Size: 0.42 MB	Train Loss: 1.0061	Train Acc: 0.6033	Local Validation  Loss: 1.4404	Local Validation Acc: 0.5000	Global Validation Loss: 3.2119	Global Validation Acc: 0.1960
Client 37	Dropout Rate: 0.9	Model Size: 0.42 MB	Train Loss: 1.0230	Train Acc: 0.6503	Local Validation  Loss: 1.5889	Local Validation Acc: 0.5195	Global Validation Loss: 2.7036	Global Validation Acc: 0.2387
Client 83	Dropout Rate: 0.9	Model Size: 0.42 MB	Train Loss: 0.9326	Train Acc: 0.6776	Local Validation  Loss: 1.6724	Local Validation Acc: 0.4130	Global Validation Loss: 3.0153	Global Validation Acc: 0.2170
Client 24	Dropout Rate: 0.9	Model Size: 0.42 MB	Train Loss: 0.6547	Train Acc: 0.7872	Local Validation  Loss: 1.8492	Local Validation Acc: 0.4681	Global Validation Loss: 2.6492	Global Validation Acc: 0.2480
Client 95	Dropout Rate: 0.75	Model Size: 2.67 MB	Train Loss: 0.4690	Train Acc: 0.8529	Local Validation  Loss: 1.1078	Local Validation Acc: 0.7381	Global Validation Loss: 4.6345	Global Validation Acc: 0.1008
Aggregated
Global Test Loss: 3.8510	Global Test Acc: 0.3509
Client 94	Local Validation Loss: 3.2636(0.6574)	Local Validation Acc: 0.3902(-0.1463)
Client 79	Local Validation Loss: 3.6046(1.0228)	Local Validation Acc: 0.3571(-0.0873)
Client 38	Local Validation Loss: 3.2191(1.5686)	Local Validation Acc: 0.3333(-0.0952)
Client 17	Local Validation Loss: 4.2820(2.2932)	Local Validation Acc: 0.2143(-0.0714)
Client 41	Local Validation Loss: 4.0413(0.1280)	Local Validation Acc: 0.3133(-0.1205)
Client 30	Local Validation Loss: 3.6408(2.2004)	Local Validation Acc: 0.3289(-0.1711)
Client 37	Local Validation Loss: 3.4815(1.8926)	Local Validation Acc: 0.3506(-0.1688)
Client 83	Local Validation Loss: 4.4190(2.7466)	Local Validation Acc: 0.3859(-0.0272)
Client 24	Local Validation Loss: 4.1143(2.2652)	Local Validation Acc: 0.3298(-0.1383)
Client 95	Local Validation Loss: 2.1143(1.0065)	Local Validation Acc: 0.5119(-0.2262)
Round 17 use time: 100.58 min, ETA: 306.77 hours
================================================================================
Round 18
Selected 10 client IDs: [ 4 41 18 70 45 87 85 84 73 60]
Client 4	Dropout Rate: 0.9	Model Size: 0.42 MB	Train Loss: 1.1188	Train Acc: 0.6343	Local Validation  Loss: 2.4517	Local Validation Acc: 0.4148	Global Validation Loss: 2.7290	Global Validation Acc: 0.2145
Client 41	Dropout Rate: 0.1	Model Size: 34.40 MB	Train Loss: 0.0018	Train Acc: 1.0000	Local Validation  Loss: 3.2343	Local Validation Acc: 0.4699	Global Validation Loss: 5.2805	Global Validation Acc: 0.3475
Client 18	Dropout Rate: 0.9	Model Size: 0.42 MB	Train Loss: 0.9282	Train Acc: 0.7316	Local Validation  Loss: 1.6878	Local Validation Acc: 0.4783	Global Validation Loss: 2.4643	Global Validation Acc: 0.2664
Client 70	Dropout Rate: 0.5	Model Size: 10.67 MB	Train Loss: 0.3907	Train Acc: 0.9189	Local Validation  Loss: 2.2185	Local Validation Acc: 0.3214	Global Validation Loss: 2.8863	Global Validation Acc: 0.2738
Client 45	Dropout Rate: 0.5	Model Size: 10.67 MB	Train Loss: 0.2396	Train Acc: 0.9190	Local Validation  Loss: 1.7912	Local Validation Acc: 0.5694	Global Validation Loss: 3.8285	Global Validation Acc: 0.2230
Client 87	Dropout Rate: 0.9	Model Size: 0.42 MB	Train Loss: 0.7971	Train Acc: 0.7520	Local Validation  Loss: 1.2265	Local Validation Acc: 0.6406	Global Validation Loss: 2.9836	Global Validation Acc: 0.1775
Client 85	Dropout Rate: 0.5	Model Size: 10.67 MB	Train Loss: 0.0934	Train Acc: 0.9691	Local Validation  Loss: 1.9546	Local Validation Acc: 0.6059	Global Validation Loss: 4.9324	Global Validation Acc: 0.2781
Client 84	Dropout Rate: 0.75	Model Size: 2.67 MB	Train Loss: 0.2770	Train Acc: 0.8932	Local Validation  Loss: 2.0818	Local Validation Acc: 0.4792	Global Validation Loss: 4.0173	Global Validation Acc: 0.2527
Client 73	Dropout Rate: 0.75	Model Size: 2.67 MB	Train Loss: 0.1791	Train Acc: 0.9668	Local Validation  Loss: 3.1380	Local Validation Acc: 0.4151	Global Validation Loss: 3.4081	Global Validation Acc: 0.3034
Client 60	Dropout Rate: 0.9	Model Size: 0.42 MB	Train Loss: 0.9676	Train Acc: 0.6263	Local Validation  Loss: 1.3288	Local Validation Acc: 0.4362	Global Validation Loss: 3.2531	Global Validation Acc: 0.1838
Aggregated
Global Test Loss: 4.5548	Global Test Acc: 0.3725
Client 4	Local Validation Loss: 4.5539(2.1022)	Local Validation Acc: 0.4000(-0.0148)
Client 41	Local Validation Loss: 3.1553(-0.0790)	Local Validation Acc: 0.5422(0.0723)
Client 18	Local Validation Loss: 4.5449(2.8571)	Local Validation Acc: 0.3967(-0.0815)
Client 70	Local Validation Loss: 5.3111(3.0926)	Local Validation Acc: 0.3929(0.0714)
Client 45	Local Validation Loss: 3.4325(1.6413)	Local Validation Acc: 0.5417(-0.0278)
Client 87	Local Validation Loss: 4.5692(3.3427)	Local Validation Acc: 0.4531(-0.1875)
Client 85	Local Validation Loss: 2.8149(0.8603)	Local Validation Acc: 0.4706(-0.1353)
Client 84	Local Validation Loss: 6.1670(4.0852)	Local Validation Acc: 0.2500(-0.2292)
Client 73	Local Validation Loss: 4.4451(1.3071)	Local Validation Acc: 0.3868(-0.0283)
Client 60	Local Validation Loss: 3.7637(2.4348)	Local Validation Acc: 0.4043(-0.0319)
Round 18 use time: 103.48 min, ETA: 313.90 hours
================================================================================
Round 19
Selected 10 client IDs: [27 25 76 98 17 21 16 87 13 89]
Client 27	Dropout Rate: 0.25	Model Size: 23.98 MB	Train Loss: 0.1344	Train Acc: 0.9618	Local Validation  Loss: 1.6565	Local Validation Acc: 0.7192	Global Validation Loss: 4.4221	Global Validation Acc: 0.2955
Client 25	Dropout Rate: 0.75	Model Size: 2.67 MB	Train Loss: 0.4597	Train Acc: 0.8208	Local Validation  Loss: 1.9689	Local Validation Acc: 0.4486	Global Validation Loss: 3.4501	Global Validation Acc: 0.2728
Client 76	Dropout Rate: 0.9	Model Size: 0.42 MB	Train Loss: 1.1461	Train Acc: 0.5651	Local Validation  Loss: 1.7101	Local Validation Acc: 0.4588	Global Validation Loss: 2.7998	Global Validation Acc: 0.1851
Client 98	Dropout Rate: 0.9	Model Size: 0.42 MB	Train Loss: 1.3651	Train Acc: 0.5635	Local Validation  Loss: 1.5081	Local Validation Acc: 0.4444	Global Validation Loss: 2.8348	Global Validation Acc: 0.1960
Client 17	Dropout Rate: 0.9	Model Size: 0.42 MB	Train Loss: 1.1929	Train Acc: 0.6250	Local Validation  Loss: 1.9985	Local Validation Acc: 0.3929	Global Validation Loss: 2.9822	Global Validation Acc: 0.1224
Client 21	Dropout Rate: 0.9	Model Size: 0.42 MB	Train Loss: 1.0267	Train Acc: 0.6875	Local Validation  Loss: 1.2746	Local Validation Acc: 0.6098	Global Validation Loss: 3.1593	Global Validation Acc: 0.1625
Client 16	Dropout Rate: 0.5	Model Size: 10.67 MB	Train Loss: 0.0399	Train Acc: 0.9915	Local Validation  Loss: 3.5125	Local Validation Acc: 0.3708	Global Validation Loss: 4.7529	Global Validation Acc: 0.3118
Client 87	Dropout Rate: 0.9	Model Size: 0.42 MB	Train Loss: 1.1004	Train Acc: 0.6654	Local Validation  Loss: 1.3342	Local Validation Acc: 0.6094	Global Validation Loss: 2.9984	Global Validation Acc: 0.1577
Client 13	Dropout Rate: 0.5	Model Size: 10.67 MB	Train Loss: 0.0835	Train Acc: 0.9745	Local Validation  Loss: 1.8265	Local Validation Acc: 0.6723	Global Validation Loss: 6.0117	Global Validation Acc: 0.2825
Client 89	Dropout Rate: 0.1	Model Size: 34.40 MB	Train Loss: 0.1449	Train Acc: 0.9436	Local Validation  Loss: 4.5243	Local Validation Acc: 0.4179	Global Validation Loss: 6.0902	Global Validation Acc: 0.2739
Aggregated
Global Test Loss: 4.9003	Global Test Acc: 0.3251
Client 27	Local Validation Loss: 3.1046(1.4481)	Local Validation Acc: 0.5616(-0.1576)
Client 25	Local Validation Loss: 4.9419(2.9730)	Local Validation Acc: 0.2617(-0.1869)
Client 76	Local Validation Loss: 5.7419(4.0319)	Local Validation Acc: 0.2353(-0.2235)
Client 98	Local Validation Loss: 5.2632(3.7550)	Local Validation Acc: 0.3737(-0.0707)
Client 17	Local Validation Loss: 5.7366(3.7381)	Local Validation Acc: 0.2500(-0.1429)
Client 21	Local Validation Loss: 6.3084(5.0337)	Local Validation Acc: 0.1707(-0.4390)
Client 16	Local Validation Loss: 5.5221(2.0096)	Local Validation Acc: 0.2135(-0.1573)
Client 87	Local Validation Loss: 2.5449(1.2107)	Local Validation Acc: 0.5938(-0.0156)
Client 13	Local Validation Loss: 3.6851(1.8586)	Local Validation Acc: 0.4576(-0.2147)
Client 89	Local Validation Loss: 3.6081(-0.9162)	Local Validation Acc: 0.4328(0.0149)
Round 19 use time: 102.58 min, ETA: 309.45 hours
================================================================================
Round 20
Selected 10 client IDs: [88  5 75 50 97 34 43 57 92 77]
Client 88	Dropout Rate: 0.25	Model Size: 23.98 MB	Train Loss: 0.0597	Train Acc: 0.9814	Local Validation  Loss: 2.8486	Local Validation Acc: 0.4286	Global Validation Loss: 5.0062	Global Validation Acc: 0.2992
Client 5	Dropout Rate: 0.9	Model Size: 0.42 MB	Train Loss: 0.5148	Train Acc: 0.8454	Local Validation  Loss: 0.6330	Local Validation Acc: 0.8500	Global Validation Loss: 3.9420	Global Validation Acc: 0.1614
Client 75	Dropout Rate: 0.75	Model Size: 2.67 MB	Train Loss: 0.2055	Train Acc: 0.9283	Local Validation  Loss: 2.0101	Local Validation Acc: 0.5167	Global Validation Loss: 4.0934	Global Validation Acc: 0.2465
Client 50	Dropout Rate: 0.75	Model Size: 2.67 MB	Train Loss: 0.0670	Train Acc: 0.9809	Local Validation  Loss: 3.0601	Local Validation Acc: 0.4402	Global Validation Loss: 3.8227	Global Validation Acc: 0.3414
Client 97	Dropout Rate: 0.9	Model Size: 0.42 MB	Train Loss: 1.1167	Train Acc: 0.6247	Local Validation  Loss: 1.8585	Local Validation Acc: 0.3596	Global Validation Loss: 3.1696	Global Validation Acc: 0.1514
Client 34	Dropout Rate: 0.75	Model Size: 2.67 MB	Train Loss: 0.2323	Train Acc: 0.9187	Local Validation  Loss: 2.2773	Local Validation Acc: 0.5935	Global Validation Loss: 4.4659	Global Validation Acc: 0.2555
Client 43	Dropout Rate: 0.5	Model Size: 10.67 MB	Train Loss: 0.0333	Train Acc: 0.9942	Local Validation  Loss: 2.5273	Local Validation Acc: 0.5402	Global Validation Loss: 4.1974	Global Validation Acc: 0.2937
Client 57	Dropout Rate: 0.9	Model Size: 0.42 MB	Train Loss: 1.1455	Train Acc: 0.5821	Local Validation  Loss: 1.3301	Local Validation Acc: 0.4592	Global Validation Loss: 3.3589	Global Validation Acc: 0.1580
Client 92	Dropout Rate: 0.9	Model Size: 0.42 MB	Train Loss: 1.0576	Train Acc: 0.5776	Local Validation  Loss: 1.2839	Local Validation Acc: 0.6143	Global Validation Loss: 3.1925	Global Validation Acc: 0.1397
Client 77	Dropout Rate: 0.75	Model Size: 2.67 MB	Train Loss: 0.0992	Train Acc: 0.9840	Local Validation  Loss: 1.8036	Local Validation Acc: 0.6026	Global Validation Loss: 4.6671	Global Validation Acc: 0.2336
Aggregated
Global Test Loss: 4.4332	Global Test Acc: 0.3533
Client 88	Local Validation Loss: 3.5929(0.7443)	Local Validation Acc: 0.4343(0.0057)
Client 5	Local Validation Loss: 3.0404(2.4074)	Local Validation Acc: 0.5875(-0.2625)
Client 75	Local Validation Loss: 5.0274(3.0172)	Local Validation Acc: 0.4167(-0.1000)
Client 50	Local Validation Loss: 4.7399(1.6798)	Local Validation Acc: 0.3641(-0.0761)
Client 97	Local Validation Loss: 3.9686(2.1101)	Local Validation Acc: 0.4035(0.0439)
Client 34	Local Validation Loss: 4.2356(1.9584)	Local Validation Acc: 0.2764(-0.3171)
Client 43	Local Validation Loss: 2.9926(0.4653)	Local Validation Acc: 0.4828(-0.0575)
Client 57	Local Validation Loss: 3.9834(2.6534)	Local Validation Acc: 0.3673(-0.0918)
Client 92	Local Validation Loss: 3.7465(2.4626)	Local Validation Acc: 0.3714(-0.2429)
Client 77	Local Validation Loss: 6.3696(4.5660)	Local Validation Acc: 0.1154(-0.4872)
Average: 0.3543 | 0.0000 (compared to average)
Drpout Rate 0.1: 0.3575 | 0.0032 (compared to average)
Drpout Rate 0.25: 0.4012 | 0.0469 (compared to average)
Drpout Rate 0.5: 0.3688 | 0.0145 (compared to average)
Drpout Rate 0.75: 0.3097 | -0.0447 (compared to average)
Drpout Rate 0.9: 0.3528 | -0.0015 (compared to average)
Round 20 use time: 115.21 min, ETA: 345.63 hours
================================================================================
Round 21
Selected 10 client IDs: [53  9  6 68  7 56 58 54 87 69]
