Method: fedavg
Model: resnet
Dataset: tiny-imagenet
Data distribution: alpha0.5
Global step size: 1.0
Dynamic Global step size: False
Number of clients: 100
Client selection ratio: 0.1
Local training data ratio: 1.0
Number of rounds: 300
Number of local epochs: 10
Batch size: 64
Learning rate: 0.001
Weight decay: 0.0001
Random seed: 42
Normalization type: sbn
Number of workers: 2
Client capacity distribution: 0
Parameter delta norm type: mean
Global learning rate decay: True
Gamma: 0.9
Data augmentation: False
[Model Architecture]
ResNet(
  (conv1): Conv2d(3, 64, kernel_size=(7, 7), stride=(2, 2), padding=(3, 3), bias=False)
  (bn1): BatchNorm2d(64, eps=1e-05, momentum=0.1, affine=False, track_running_stats=False)
  (relu): ReLU(inplace=True)
  (maxpool): MaxPool2d(kernel_size=3, stride=2, padding=1, dilation=1, ceil_mode=False)
  (layer1): Sequential(
    (0): BasicBlock(
      (conv1): Conv2d(64, 64, kernel_size=(3, 3), stride=(1, 1), padding=(1, 1), bias=False)
      (bn1): BatchNorm2d(64, eps=1e-05, momentum=0.1, affine=False, track_running_stats=False)
      (relu): ReLU(inplace=True)
      (conv2): Conv2d(64, 64, kernel_size=(3, 3), stride=(1, 1), padding=(1, 1), bias=False)
      (bn2): BatchNorm2d(64, eps=1e-05, momentum=0.1, affine=False, track_running_stats=False)
    )
    (1): BasicBlock(
      (conv1): Conv2d(64, 64, kernel_size=(3, 3), stride=(1, 1), padding=(1, 1), bias=False)
      (bn1): BatchNorm2d(64, eps=1e-05, momentum=0.1, affine=False, track_running_stats=False)
      (relu): ReLU(inplace=True)
      (conv2): Conv2d(64, 64, kernel_size=(3, 3), stride=(1, 1), padding=(1, 1), bias=False)
      (bn2): BatchNorm2d(64, eps=1e-05, momentum=0.1, affine=False, track_running_stats=False)
    )
  )
  (layer2): Sequential(
    (0): BasicBlock(
      (conv1): Conv2d(64, 128, kernel_size=(3, 3), stride=(2, 2), padding=(1, 1), bias=False)
      (bn1): BatchNorm2d(128, eps=1e-05, momentum=0.1, affine=False, track_running_stats=False)
      (relu): ReLU(inplace=True)
      (conv2): Conv2d(128, 128, kernel_size=(3, 3), stride=(1, 1), padding=(1, 1), bias=False)
      (bn2): BatchNorm2d(128, eps=1e-05, momentum=0.1, affine=False, track_running_stats=False)
      (downsample): Sequential(
        (0): Conv2d(64, 128, kernel_size=(1, 1), stride=(2, 2), bias=False)
        (1): BatchNorm2d(128, eps=1e-05, momentum=0.1, affine=False, track_running_stats=False)
      )
    )
    (1): BasicBlock(
      (conv1): Conv2d(128, 128, kernel_size=(3, 3), stride=(1, 1), padding=(1, 1), bias=False)
      (bn1): BatchNorm2d(128, eps=1e-05, momentum=0.1, affine=False, track_running_stats=False)
      (relu): ReLU(inplace=True)
      (conv2): Conv2d(128, 128, kernel_size=(3, 3), stride=(1, 1), padding=(1, 1), bias=False)
      (bn2): BatchNorm2d(128, eps=1e-05, momentum=0.1, affine=False, track_running_stats=False)
    )
  )
  (layer3): Sequential(
    (0): BasicBlock(
      (conv1): Conv2d(128, 256, kernel_size=(3, 3), stride=(2, 2), padding=(1, 1), bias=False)
      (bn1): BatchNorm2d(256, eps=1e-05, momentum=0.1, affine=False, track_running_stats=False)
      (relu): ReLU(inplace=True)
      (conv2): Conv2d(256, 256, kernel_size=(3, 3), stride=(1, 1), padding=(1, 1), bias=False)
      (bn2): BatchNorm2d(256, eps=1e-05, momentum=0.1, affine=False, track_running_stats=False)
      (downsample): Sequential(
        (0): Conv2d(128, 256, kernel_size=(1, 1), stride=(2, 2), bias=False)
        (1): BatchNorm2d(256, eps=1e-05, momentum=0.1, affine=False, track_running_stats=False)
      )
    )
    (1): BasicBlock(
      (conv1): Conv2d(256, 256, kernel_size=(3, 3), stride=(1, 1), padding=(1, 1), bias=False)
      (bn1): BatchNorm2d(256, eps=1e-05, momentum=0.1, affine=False, track_running_stats=False)
      (relu): ReLU(inplace=True)
      (conv2): Conv2d(256, 256, kernel_size=(3, 3), stride=(1, 1), padding=(1, 1), bias=False)
      (bn2): BatchNorm2d(256, eps=1e-05, momentum=0.1, affine=False, track_running_stats=False)
    )
  )
  (layer4): Sequential(
    (0): BasicBlock(
      (conv1): Conv2d(256, 512, kernel_size=(3, 3), stride=(2, 2), padding=(1, 1), bias=False)
      (bn1): BatchNorm2d(512, eps=1e-05, momentum=0.1, affine=False, track_running_stats=False)
      (relu): ReLU(inplace=True)
      (conv2): Conv2d(512, 512, kernel_size=(3, 3), stride=(1, 1), padding=(1, 1), bias=False)
      (bn2): BatchNorm2d(512, eps=1e-05, momentum=0.1, affine=False, track_running_stats=False)
      (downsample): Sequential(
        (0): Conv2d(256, 512, kernel_size=(1, 1), stride=(2, 2), bias=False)
        (1): BatchNorm2d(512, eps=1e-05, momentum=0.1, affine=False, track_running_stats=False)
      )
    )
    (1): BasicBlock(
      (conv1): Conv2d(512, 512, kernel_size=(3, 3), stride=(1, 1), padding=(1, 1), bias=False)
      (bn1): BatchNorm2d(512, eps=1e-05, momentum=0.1, affine=False, track_running_stats=False)
      (relu): ReLU(inplace=True)
      (conv2): Conv2d(512, 512, kernel_size=(3, 3), stride=(1, 1), padding=(1, 1), bias=False)
      (bn2): BatchNorm2d(512, eps=1e-05, momentum=0.1, affine=False, track_running_stats=False)
    )
  )
  (avgpool): AdaptiveAvgPool2d(output_size=(1, 1))
  (fc): Linear(in_features=512, out_features=200, bias=True)
)
Global Model size: 42.99 MB
Optional client capacities: [1.0, 0.75, 0.5, 0.25, 0.1]
Weights: [0.05, 0.1, 0.15, 0.2, 0.5]
Capacity counts: [100]
Specific client capacities: [0.1, 0.1, 0.1, 0.1, 0.1, 0.1, 0.1, 0.1, 0.1, 0.1, 0.1, 0.1, 0.1, 0.1, 0.1, 0.1, 0.1, 0.1, 0.1, 0.1, 0.1, 0.1, 0.1, 0.1, 0.1, 0.1, 0.1, 0.1, 0.1, 0.1, 0.1, 0.1, 0.1, 0.1, 0.1, 0.1, 0.1, 0.1, 0.1, 0.1, 0.1, 0.1, 0.1, 0.1, 0.1, 0.1, 0.1, 0.1, 0.1, 0.1, 0.1, 0.1, 0.1, 0.1, 0.1, 0.1, 0.1, 0.1, 0.1, 0.1, 0.1, 0.1, 0.1, 0.1, 0.1, 0.1, 0.1, 0.1, 0.1, 0.1, 0.1, 0.1, 0.1, 0.1, 0.1, 0.1, 0.1, 0.1, 0.1, 0.1, 0.1, 0.1, 0.1, 0.1, 0.1, 0.1, 0.1, 0.1, 0.1, 0.1, 0.1, 0.1, 0.1, 0.1, 0.1, 0.1, 0.1, 0.1, 0.1, 0.1]
Decay steps: [10, 20, 30, 40, 50, 60, 70, 80, 90, 100]
Round 1
Selected 10 client IDs: [11 66  9 92 12 45 73 44 97 35]
eta_g: 1.0000
Client 11	Capacity: 0.1	Model Size: 0.46 MB	Train Loss: 3.1660	Train Acc: 0.2960	Local Validation  Loss: 0.0000	Local Validation Acc: 0.0000	Global Validation Loss: 6.6870	Global Validation Acc: 0.0115
Client 66	Capacity: 0.1	Model Size: 0.46 MB	Train Loss: 3.0198	Train Acc: 0.3824	Local Validation  Loss: 0.0000	Local Validation Acc: 0.0000	Global Validation Loss: 6.5629	Global Validation Acc: 0.0100
Client 9	Capacity: 0.1	Model Size: 0.46 MB	Train Loss: 3.1428	Train Acc: 0.2959	Local Validation  Loss: 0.0000	Local Validation Acc: 0.0000	Global Validation Loss: 6.6397	Global Validation Acc: 0.0086
Client 92	Capacity: 0.1	Model Size: 0.46 MB	Train Loss: 3.1200	Train Acc: 0.3146	Local Validation  Loss: 0.0000	Local Validation Acc: 0.0000	Global Validation Loss: 6.6682	Global Validation Acc: 0.0100
Client 12	Capacity: 0.1	Model Size: 0.46 MB	Train Loss: 3.1457	Train Acc: 0.3256	Local Validation  Loss: 0.0000	Local Validation Acc: 0.0000	Global Validation Loss: 6.6244	Global Validation Acc: 0.0134
Client 45	Capacity: 0.1	Model Size: 0.46 MB	Train Loss: 2.9179	Train Acc: 0.3871	Local Validation  Loss: 0.0000	Local Validation Acc: 0.0000	Global Validation Loss: 6.6460	Global Validation Acc: 0.0144
Client 73	Capacity: 0.1	Model Size: 0.46 MB	Train Loss: 3.4143	Train Acc: 0.2092	Local Validation  Loss: 0.0000	Local Validation Acc: 0.0000	Global Validation Loss: 6.6619	Global Validation Acc: 0.0120
Client 44	Capacity: 0.1	Model Size: 0.46 MB	Train Loss: 3.0294	Train Acc: 0.3201	Local Validation  Loss: 0.0000	Local Validation Acc: 0.0000	Global Validation Loss: 6.6215	Global Validation Acc: 0.0118
Client 97	Capacity: 0.1	Model Size: 0.46 MB	Train Loss: 3.3144	Train Acc: 0.2539	Local Validation  Loss: 0.0000	Local Validation Acc: 0.0000	Global Validation Loss: 6.6433	Global Validation Acc: 0.0122
Client 35	Capacity: 0.1	Model Size: 0.46 MB	Train Loss: 2.9797	Train Acc: 0.3391	Local Validation  Loss: 0.0000	Local Validation Acc: 0.0000	Global Validation Loss: 6.6617	Global Validation Acc: 0.0129
Aggregated
Global Test Loss: 5.3831	Global Test Acc: 0.0082
Round 1 use time: 15.73 min, ETA: 78.41 hours
================================================================================
Round 2
Selected 10 client IDs: [79 96 11 45 42 63 57 68 17 15]
eta_g: 1.0000
Client 79	Capacity: 0.1	Model Size: 0.46 MB	Train Loss: 2.7855	Train Acc: 0.3952	Local Validation  Loss: 0.0000	Local Validation Acc: 0.0000	Global Validation Loss: 6.3610	Global Validation Acc: 0.0139
Client 96	Capacity: 0.1	Model Size: 0.46 MB	Train Loss: 2.6903	Train Acc: 0.4350	Local Validation  Loss: 0.0000	Local Validation Acc: 0.0000	Global Validation Loss: 6.4076	Global Validation Acc: 0.0131
Client 11	Capacity: 0.1	Model Size: 0.46 MB	Train Loss: 2.4721	Train Acc: 0.5138	Local Validation  Loss: 0.0000	Local Validation Acc: 0.0000	Global Validation Loss: 6.6463	Global Validation Acc: 0.0114
Client 45	Capacity: 0.1	Model Size: 0.46 MB	Train Loss: 2.3233	Train Acc: 0.5161	Local Validation  Loss: 0.0000	Local Validation Acc: 0.0000	Global Validation Loss: 6.5917	Global Validation Acc: 0.0150
Client 42	Capacity: 0.1	Model Size: 0.46 MB	Train Loss: 2.6875	Train Acc: 0.4236	Local Validation  Loss: 0.0000	Local Validation Acc: 0.0000	Global Validation Loss: 6.4327	Global Validation Acc: 0.0162
Client 63	Capacity: 0.1	Model Size: 0.46 MB	Train Loss: 2.6928	Train Acc: 0.4578	Local Validation  Loss: 0.0000	Local Validation Acc: 0.0000	Global Validation Loss: 6.4684	Global Validation Acc: 0.0172
Client 57	Capacity: 0.1	Model Size: 0.46 MB	Train Loss: 3.2794	Train Acc: 0.3036	Local Validation  Loss: 0.0000	Local Validation Acc: 0.0000	Global Validation Loss: 6.4394	Global Validation Acc: 0.0151
Client 68	Capacity: 0.1	Model Size: 0.46 MB	Train Loss: 3.0414	Train Acc: 0.3256	Local Validation  Loss: 0.0000	Local Validation Acc: 0.0000	Global Validation Loss: 6.4667	Global Validation Acc: 0.0143
Client 17	Capacity: 0.1	Model Size: 0.46 MB	Train Loss: 2.4875	Train Acc: 0.4645	Local Validation  Loss: 0.0000	Local Validation Acc: 0.0000	Global Validation Loss: 6.4981	Global Validation Acc: 0.0138
Client 15	Capacity: 0.1	Model Size: 0.46 MB	Train Loss: 2.5356	Train Acc: 0.4587	Local Validation  Loss: 0.0000	Local Validation Acc: 0.0000	Global Validation Loss: 6.4177	Global Validation Acc: 0.0137
Aggregated
Global Test Loss: 5.3383	Global Test Acc: 0.0157
Round 2 use time: 13.33 min, ETA: 66.20 hours
================================================================================
Round 3
Selected 10 client IDs: [48 73 81 21 18 40 74 78 33 96]
eta_g: 1.0000
Client 48	Capacity: 0.1	Model Size: 0.46 MB	Train Loss: 2.1005	Train Acc: 0.5718	Local Validation  Loss: 0.0000	Local Validation Acc: 0.0000	Global Validation Loss: 6.4545	Global Validation Acc: 0.0114
Client 73	Capacity: 0.1	Model Size: 0.46 MB	Train Loss: 2.3508	Train Acc: 0.5030	Local Validation  Loss: 0.0000	Local Validation Acc: 0.0000	Global Validation Loss: 6.5648	Global Validation Acc: 0.0165
Client 81	Capacity: 0.1	Model Size: 0.46 MB	Train Loss: 2.7519	Train Acc: 0.4022	Local Validation  Loss: 0.0000	Local Validation Acc: 0.0000	Global Validation Loss: 6.4412	Global Validation Acc: 0.0150
Client 21	Capacity: 0.1	Model Size: 0.46 MB	Train Loss: 2.1612	Train Acc: 0.5468	Local Validation  Loss: 0.0000	Local Validation Acc: 0.0000	Global Validation Loss: 6.4014	Global Validation Acc: 0.0129
Client 18	Capacity: 0.1	Model Size: 0.46 MB	Train Loss: 2.2106	Train Acc: 0.5585	Local Validation  Loss: 0.0000	Local Validation Acc: 0.0000	Global Validation Loss: 6.4384	Global Validation Acc: 0.0147
Client 40	Capacity: 0.1	Model Size: 0.46 MB	Train Loss: 2.2283	Train Acc: 0.5623	Local Validation  Loss: 0.0000	Local Validation Acc: 0.0000	Global Validation Loss: 6.4760	Global Validation Acc: 0.0154
Client 74	Capacity: 0.1	Model Size: 0.46 MB	Train Loss: 2.0796	Train Acc: 0.6022	Local Validation  Loss: 0.0000	Local Validation Acc: 0.0000	Global Validation Loss: 6.4035	Global Validation Acc: 0.0168
Client 78	Capacity: 0.1	Model Size: 0.46 MB	Train Loss: 2.3478	Train Acc: 0.5301	Local Validation  Loss: 0.0000	Local Validation Acc: 0.0000	Global Validation Loss: 6.2740	Global Validation Acc: 0.0153
Client 33	Capacity: 0.1	Model Size: 0.46 MB	Train Loss: 2.2245	Train Acc: 0.5241	Local Validation  Loss: 0.0000	Local Validation Acc: 0.0000	Global Validation Loss: 6.3338	Global Validation Acc: 0.0136
Client 96	Capacity: 0.1	Model Size: 0.46 MB	Train Loss: 2.3090	Train Acc: 0.5394	Local Validation  Loss: 0.0000	Local Validation Acc: 0.0000	Global Validation Loss: 6.4159	Global Validation Acc: 0.0153
Aggregated
Global Test Loss: 5.3485	Global Test Acc: 0.0184
Round 3 use time: 12.54 min, ETA: 62.08 hours
================================================================================
Round 4
Selected 10 client IDs: [57 14 10 36 62 26 22 88 23 37]
eta_g: 1.0000
Client 57	Capacity: 0.1	Model Size: 0.46 MB	Train Loss: 2.4184	Train Acc: 0.5056	Local Validation  Loss: 0.0000	Local Validation Acc: 0.0000	Global Validation Loss: 6.3143	Global Validation Acc: 0.0160
Client 14	Capacity: 0.1	Model Size: 0.46 MB	Train Loss: 1.8540	Train Acc: 0.6222	Local Validation  Loss: 0.0000	Local Validation Acc: 0.0000	Global Validation Loss: 6.5586	Global Validation Acc: 0.0168
Client 10	Capacity: 0.1	Model Size: 0.46 MB	Train Loss: 1.6977	Train Acc: 0.7073	Local Validation  Loss: 0.0000	Local Validation Acc: 0.0000	Global Validation Loss: 6.3485	Global Validation Acc: 0.0158
Client 36	Capacity: 0.1	Model Size: 0.46 MB	Train Loss: 1.7336	Train Acc: 0.6750	Local Validation  Loss: 0.0000	Local Validation Acc: 0.0000	Global Validation Loss: 6.4893	Global Validation Acc: 0.0150
Client 62	Capacity: 0.1	Model Size: 0.46 MB	Train Loss: 1.9504	Train Acc: 0.6182	Local Validation  Loss: 0.0000	Local Validation Acc: 0.0000	Global Validation Loss: 6.2461	Global Validation Acc: 0.0171
Client 26	Capacity: 0.1	Model Size: 0.46 MB	Train Loss: 1.9311	Train Acc: 0.6017	Local Validation  Loss: 0.0000	Local Validation Acc: 0.0000	Global Validation Loss: 6.4600	Global Validation Acc: 0.0174
Client 22	Capacity: 0.1	Model Size: 0.46 MB	Train Loss: 1.8308	Train Acc: 0.6775	Local Validation  Loss: 0.0000	Local Validation Acc: 0.0000	Global Validation Loss: 6.3037	Global Validation Acc: 0.0160
Client 88	Capacity: 0.1	Model Size: 0.46 MB	Train Loss: 1.8489	Train Acc: 0.6691	Local Validation  Loss: 0.0000	Local Validation Acc: 0.0000	Global Validation Loss: 6.2994	Global Validation Acc: 0.0174
Client 23	Capacity: 0.1	Model Size: 0.46 MB	Train Loss: 2.0887	Train Acc: 0.5560	Local Validation  Loss: 0.0000	Local Validation Acc: 0.0000	Global Validation Loss: 6.3568	Global Validation Acc: 0.0169
Client 37	Capacity: 0.1	Model Size: 0.46 MB	Train Loss: 1.9147	Train Acc: 0.6198	Local Validation  Loss: 0.0000	Local Validation Acc: 0.0000	Global Validation Loss: 6.3856	Global Validation Acc: 0.0169
Aggregated
Global Test Loss: 5.3247	Global Test Acc: 0.0250
Round 4 use time: 9.82 min, ETA: 48.43 hours
================================================================================
Round 5
Selected 10 client IDs: [97 72 32 44 86 60 28 22 11 13]
eta_g: 1.0000
Client 97	Capacity: 0.1	Model Size: 0.46 MB	Train Loss: 2.0043	Train Acc: 0.5963	Local Validation  Loss: 0.0000	Local Validation Acc: 0.0000	Global Validation Loss: 6.4865	Global Validation Acc: 0.0161
Client 72	Capacity: 0.1	Model Size: 0.46 MB	Train Loss: 1.4534	Train Acc: 0.7677	Local Validation  Loss: 0.0000	Local Validation Acc: 0.0000	Global Validation Loss: 6.4156	Global Validation Acc: 0.0157
Client 32	Capacity: 0.1	Model Size: 0.46 MB	Train Loss: 1.3825	Train Acc: 0.7462	Local Validation  Loss: 0.0000	Local Validation Acc: 0.0000	Global Validation Loss: 6.5791	Global Validation Acc: 0.0163
Client 44	Capacity: 0.1	Model Size: 0.46 MB	Train Loss: 1.4315	Train Acc: 0.7462	Local Validation  Loss: 0.0000	Local Validation Acc: 0.0000	Global Validation Loss: 6.4421	Global Validation Acc: 0.0172
Client 86	Capacity: 0.1	Model Size: 0.46 MB	Train Loss: 1.8485	Train Acc: 0.6478	Local Validation  Loss: 0.0000	Local Validation Acc: 0.0000	Global Validation Loss: 6.3674	Global Validation Acc: 0.0164
Client 60	Capacity: 0.1	Model Size: 0.46 MB	Train Loss: 1.4885	Train Acc: 0.7537	Local Validation  Loss: 0.0000	Local Validation Acc: 0.0000	Global Validation Loss: 6.4586	Global Validation Acc: 0.0155
Client 28	Capacity: 0.1	Model Size: 0.46 MB	Train Loss: 1.7107	Train Acc: 0.7108	Local Validation  Loss: 0.0000	Local Validation Acc: 0.0000	Global Validation Loss: 6.3241	Global Validation Acc: 0.0178
Client 22	Capacity: 0.1	Model Size: 0.46 MB	Train Loss: 1.3440	Train Acc: 0.7910	Local Validation  Loss: 0.0000	Local Validation Acc: 0.0000	Global Validation Loss: 6.4238	Global Validation Acc: 0.0170
Client 11	Capacity: 0.1	Model Size: 0.46 MB	Train Loss: 1.4516	Train Acc: 0.7592	Local Validation  Loss: 0.0000	Local Validation Acc: 0.0000	Global Validation Loss: 6.4913	Global Validation Acc: 0.0161
Client 13	Capacity: 0.1	Model Size: 0.46 MB	Train Loss: 1.5828	Train Acc: 0.7158	Local Validation  Loss: 0.0000	Local Validation Acc: 0.0000	Global Validation Loss: 6.3568	Global Validation Acc: 0.0154
Aggregated
Global Test Loss: 5.4127	Global Test Acc: 0.0248
Round 5 use time: 14.82 min, ETA: 72.85 hours
================================================================================
Round 6
Selected 10 client IDs: [82  6 26 53 94 34 77 14 25 48]
eta_g: 1.0000
Client 82	Capacity: 0.1	Model Size: 0.46 MB	Train Loss: 1.3198	Train Acc: 0.7838	Local Validation  Loss: 0.0000	Local Validation Acc: 0.0000	Global Validation Loss: 6.4404	Global Validation Acc: 0.0176
Client 6	Capacity: 0.1	Model Size: 0.46 MB	Train Loss: 1.1977	Train Acc: 0.8194	Local Validation  Loss: 0.0000	Local Validation Acc: 0.0000	Global Validation Loss: 6.4619	Global Validation Acc: 0.0160
Client 26	Capacity: 0.1	Model Size: 0.46 MB	Train Loss: 1.3294	Train Acc: 0.7630	Local Validation  Loss: 0.0000	Local Validation Acc: 0.0000	Global Validation Loss: 6.5835	Global Validation Acc: 0.0175
Client 53	Capacity: 0.1	Model Size: 0.46 MB	Train Loss: 1.2536	Train Acc: 0.7986	Local Validation  Loss: 0.0000	Local Validation Acc: 0.0000	Global Validation Loss: 6.5356	Global Validation Acc: 0.0161
Client 94	Capacity: 0.1	Model Size: 0.46 MB	Train Loss: 1.3916	Train Acc: 0.7674	Local Validation  Loss: 0.0000	Local Validation Acc: 0.0000	Global Validation Loss: 6.4572	Global Validation Acc: 0.0148
Client 34	Capacity: 0.1	Model Size: 0.46 MB	Train Loss: 1.2847	Train Acc: 0.8044	Local Validation  Loss: 0.0000	Local Validation Acc: 0.0000	Global Validation Loss: 6.4752	Global Validation Acc: 0.0175
Client 77	Capacity: 0.1	Model Size: 0.46 MB	Train Loss: 1.5104	Train Acc: 0.7459	Local Validation  Loss: 0.0000	Local Validation Acc: 0.0000	Global Validation Loss: 6.3319	Global Validation Acc: 0.0185
Client 14	Capacity: 0.1	Model Size: 0.46 MB	Train Loss: 1.2277	Train Acc: 0.7946	Local Validation  Loss: 0.0000	Local Validation Acc: 0.0000	Global Validation Loss: 6.6829	Global Validation Acc: 0.0189
Client 25	Capacity: 0.1	Model Size: 0.46 MB	Train Loss: 1.3325	Train Acc: 0.7916	Local Validation  Loss: 0.0000	Local Validation Acc: 0.0000	Global Validation Loss: 6.5375	Global Validation Acc: 0.0191
Client 48	Capacity: 0.1	Model Size: 0.46 MB	Train Loss: 1.1902	Train Acc: 0.8214	Local Validation  Loss: 0.0000	Local Validation Acc: 0.0000	Global Validation Loss: 6.4740	Global Validation Acc: 0.0154
Aggregated
Global Test Loss: 5.4419	Global Test Acc: 0.0269
Round 6 use time: 11.05 min, ETA: 54.17 hours
================================================================================
Round 7
Selected 10 client IDs: [49 17 75 25 11 72  3 52 89 22]
eta_g: 1.0000
Client 49	Capacity: 0.1	Model Size: 0.46 MB	Train Loss: 1.3719	Train Acc: 0.7279	Local Validation  Loss: 0.0000	Local Validation Acc: 0.0000	Global Validation Loss: 6.4854	Global Validation Acc: 0.0221
Client 17	Capacity: 0.1	Model Size: 0.46 MB	Train Loss: 1.1234	Train Acc: 0.8470	Local Validation  Loss: 0.0000	Local Validation Acc: 0.0000	Global Validation Loss: 6.5262	Global Validation Acc: 0.0162
Client 75	Capacity: 0.1	Model Size: 0.46 MB	Train Loss: 1.3579	Train Acc: 0.7858	Local Validation  Loss: 0.0000	Local Validation Acc: 0.0000	Global Validation Loss: 6.4300	Global Validation Acc: 0.0180
Client 25	Capacity: 0.1	Model Size: 0.46 MB	Train Loss: 1.0094	Train Acc: 0.8653	Local Validation  Loss: 0.0000	Local Validation Acc: 0.0000	Global Validation Loss: 6.6336	Global Validation Acc: 0.0208
Client 11	Capacity: 0.1	Model Size: 0.46 MB	Train Loss: 0.9393	Train Acc: 0.8750	Local Validation  Loss: 0.0000	Local Validation Acc: 0.0000	Global Validation Loss: 6.6428	Global Validation Acc: 0.0157
Client 72	Capacity: 0.1	Model Size: 0.46 MB	Train Loss: 0.9844	Train Acc: 0.9000	Local Validation  Loss: 0.0000	Local Validation Acc: 0.0000	Global Validation Loss: 6.5446	Global Validation Acc: 0.0178
Client 3	Capacity: 0.1	Model Size: 0.46 MB	Train Loss: 1.0888	Train Acc: 0.8194	Local Validation  Loss: 0.0000	Local Validation Acc: 0.0000	Global Validation Loss: 6.6533	Global Validation Acc: 0.0172
Client 52	Capacity: 0.1	Model Size: 0.46 MB	Train Loss: 1.1069	Train Acc: 0.8280	Local Validation  Loss: 0.0000	Local Validation Acc: 0.0000	Global Validation Loss: 6.4077	Global Validation Acc: 0.0211
Client 89	Capacity: 0.1	Model Size: 0.46 MB	Train Loss: 1.4462	Train Acc: 0.7340	Local Validation  Loss: 0.0000	Local Validation Acc: 0.0000	Global Validation Loss: 6.4919	Global Validation Acc: 0.0214
Client 22	Capacity: 0.1	Model Size: 0.46 MB	Train Loss: 0.8684	Train Acc: 0.9146	Local Validation  Loss: 0.0000	Local Validation Acc: 0.0000	Global Validation Loss: 6.4951	Global Validation Acc: 0.0211
Aggregated
Global Test Loss: 5.5199	Global Test Acc: 0.0309
Round 7 use time: 14.22 min, ETA: 69.44 hours
================================================================================
Round 8
Selected 10 client IDs: [96 60 64 49 36 18 75 73 94 19]
eta_g: 1.0000
Client 96	Capacity: 0.1	Model Size: 0.46 MB	Train Loss: 1.0400	Train Acc: 0.8823	Local Validation  Loss: 0.0000	Local Validation Acc: 0.0000	Global Validation Loss: 6.5352	Global Validation Acc: 0.0161
Client 60	Capacity: 0.1	Model Size: 0.46 MB	Train Loss: 0.8433	Train Acc: 0.8958	Local Validation  Loss: 0.0000	Local Validation Acc: 0.0000	Global Validation Loss: 6.6198	Global Validation Acc: 0.0178
Client 64	Capacity: 0.1	Model Size: 0.46 MB	Train Loss: 0.9569	Train Acc: 0.8985	Local Validation  Loss: 0.0000	Local Validation Acc: 0.0000	Global Validation Loss: 6.5531	Global Validation Acc: 0.0194
Client 49	Capacity: 0.1	Model Size: 0.46 MB	Train Loss: 1.1227	Train Acc: 0.8180	Local Validation  Loss: 0.0000	Local Validation Acc: 0.0000	Global Validation Loss: 6.5868	Global Validation Acc: 0.0231
Client 36	Capacity: 0.1	Model Size: 0.46 MB	Train Loss: 0.7481	Train Acc: 0.9193	Local Validation  Loss: 0.0000	Local Validation Acc: 0.0000	Global Validation Loss: 6.6289	Global Validation Acc: 0.0181
Client 18	Capacity: 0.1	Model Size: 0.46 MB	Train Loss: 0.8613	Train Acc: 0.8919	Local Validation  Loss: 0.0000	Local Validation Acc: 0.0000	Global Validation Loss: 6.6026	Global Validation Acc: 0.0194
Client 75	Capacity: 0.1	Model Size: 0.46 MB	Train Loss: 1.1389	Train Acc: 0.8465	Local Validation  Loss: 0.0000	Local Validation Acc: 0.0000	Global Validation Loss: 6.5487	Global Validation Acc: 0.0185
Client 73	Capacity: 0.1	Model Size: 0.46 MB	Train Loss: 1.5650	Train Acc: 0.6698	Local Validation  Loss: 0.0000	Local Validation Acc: 0.0000	Global Validation Loss: 6.6715	Global Validation Acc: 0.0203
Client 94	Capacity: 0.1	Model Size: 0.46 MB	Train Loss: 0.8726	Train Acc: 0.9090	Local Validation  Loss: 0.0000	Local Validation Acc: 0.0000	Global Validation Loss: 6.6020	Global Validation Acc: 0.0177
Client 19	Capacity: 0.1	Model Size: 0.46 MB	Train Loss: 1.1262	Train Acc: 0.8233	Local Validation  Loss: 0.0000	Local Validation Acc: 0.0000	Global Validation Loss: 6.6013	Global Validation Acc: 0.0192
Aggregated
Global Test Loss: 5.5805	Global Test Acc: 0.0293
Round 8 use time: 10.54 min, ETA: 51.28 hours
================================================================================
Round 9
Selected 10 client IDs: [52 84 57 86 83 75 95 45  1 74]
eta_g: 1.0000
Client 52	Capacity: 0.1	Model Size: 0.46 MB	Train Loss: 0.7604	Train Acc: 0.9236	Local Validation  Loss: 0.0000	Local Validation Acc: 0.0000	Global Validation Loss: 6.5753	Global Validation Acc: 0.0199
Client 84	Capacity: 0.1	Model Size: 0.46 MB	Train Loss: 0.7016	Train Acc: 0.9357	Local Validation  Loss: 0.0000	Local Validation Acc: 0.0000	Global Validation Loss: 6.6519	Global Validation Acc: 0.0177
Client 57	Capacity: 0.1	Model Size: 0.46 MB	Train Loss: 1.3909	Train Acc: 0.7988	Local Validation  Loss: 0.0000	Local Validation Acc: 0.0000	Global Validation Loss: 6.5862	Global Validation Acc: 0.0217
Client 86	Capacity: 0.1	Model Size: 0.46 MB	Train Loss: 1.0024	Train Acc: 0.8610	Local Validation  Loss: 0.0000	Local Validation Acc: 0.0000	Global Validation Loss: 6.6857	Global Validation Acc: 0.0215
Client 83	Capacity: 0.1	Model Size: 0.46 MB	Train Loss: 0.8762	Train Acc: 0.9042	Local Validation  Loss: 0.0000	Local Validation Acc: 0.0000	Global Validation Loss: 6.6530	Global Validation Acc: 0.0204
Client 75	Capacity: 0.1	Model Size: 0.46 MB	Train Loss: 0.9387	Train Acc: 0.8888	Local Validation  Loss: 0.0000	Local Validation Acc: 0.0000	Global Validation Loss: 6.6902	Global Validation Acc: 0.0199
Client 95	Capacity: 0.1	Model Size: 0.46 MB	Train Loss: 0.8408	Train Acc: 0.9128	Local Validation  Loss: 0.0000	Local Validation Acc: 0.0000	Global Validation Loss: 6.5837	Global Validation Acc: 0.0183
Client 45	Capacity: 0.1	Model Size: 0.46 MB	Train Loss: 0.6980	Train Acc: 0.9226	Local Validation  Loss: 0.0000	Local Validation Acc: 0.0000	Global Validation Loss: 6.6207	Global Validation Acc: 0.0219
Client 1	Capacity: 0.1	Model Size: 0.46 MB	Train Loss: 0.7024	Train Acc: 0.9387	Local Validation  Loss: 0.0000	Local Validation Acc: 0.0000	Global Validation Loss: 6.6287	Global Validation Acc: 0.0159
Client 74	Capacity: 0.1	Model Size: 0.46 MB	Train Loss: 0.7492	Train Acc: 0.9234	Local Validation  Loss: 0.0000	Local Validation Acc: 0.0000	Global Validation Loss: 6.7043	Global Validation Acc: 0.0198
Aggregated
Global Test Loss: 5.6901	Global Test Acc: 0.0325
Round 9 use time: 11.10 min, ETA: 53.83 hours
================================================================================
Round 10
Selected 10 client IDs: [24  9 61 94 73 79 53 63 28 96]
eta_g: 1.0000
Decaying global learning rate at round 10, new eta_g: 0.9000
Client 24	Capacity: 0.1	Model Size: 0.46 MB	Train Loss: 0.7550	Train Acc: 0.9332	Local Validation  Loss: 0.0000	Local Validation Acc: 0.0000	Global Validation Loss: 6.7577	Global Validation Acc: 0.0192
Client 9	Capacity: 0.1	Model Size: 0.46 MB	Train Loss: 0.5833	Train Acc: 0.9592	Local Validation  Loss: 0.0000	Local Validation Acc: 0.0000	Global Validation Loss: 6.7132	Global Validation Acc: 0.0160
Client 61	Capacity: 0.1	Model Size: 0.46 MB	Train Loss: 0.6658	Train Acc: 0.9569	Local Validation  Loss: 0.0000	Local Validation Acc: 0.0000	Global Validation Loss: 6.6469	Global Validation Acc: 0.0197
Client 94	Capacity: 0.1	Model Size: 0.46 MB	Train Loss: 0.5725	Train Acc: 0.9666	Local Validation  Loss: 0.0000	Local Validation Acc: 0.0000	Global Validation Loss: 6.7779	Global Validation Acc: 0.0201
Client 73	Capacity: 0.1	Model Size: 0.46 MB	Train Loss: 1.2294	Train Acc: 0.7459	Local Validation  Loss: 0.0000	Local Validation Acc: 0.0000	Global Validation Loss: 6.8689	Global Validation Acc: 0.0207
Client 79	Capacity: 0.1	Model Size: 0.46 MB	Train Loss: 0.8685	Train Acc: 0.9101	Local Validation  Loss: 0.0000	Local Validation Acc: 0.0000	Global Validation Loss: 6.6323	Global Validation Acc: 0.0235
Client 53	Capacity: 0.1	Model Size: 0.46 MB	Train Loss: 0.6327	Train Acc: 0.9378	Local Validation  Loss: 0.0000	Local Validation Acc: 0.0000	Global Validation Loss: 6.7738	Global Validation Acc: 0.0182
Client 63	Capacity: 0.1	Model Size: 0.46 MB	Train Loss: 0.7690	Train Acc: 0.9223	Local Validation  Loss: 0.0000	Local Validation Acc: 0.0000	Global Validation Loss: 6.7243	Global Validation Acc: 0.0246
Client 28	Capacity: 0.1	Model Size: 0.46 MB	Train Loss: 0.6971	Train Acc: 0.9348	Local Validation  Loss: 0.0000	Local Validation Acc: 0.0000	Global Validation Loss: 6.6720	Global Validation Acc: 0.0219
Client 96	Capacity: 0.1	Model Size: 0.46 MB	Train Loss: 0.6959	Train Acc: 0.9458	Local Validation  Loss: 0.0000	Local Validation Acc: 0.0000	Global Validation Loss: 6.6903	Global Validation Acc: 0.0190
Aggregated
Global Test Loss: 5.7273	Global Test Acc: 0.0319
Round 10 use time: 14.27 min, ETA: 68.95 hours
================================================================================
Round 11
Selected 10 client IDs: [74 79 61 94 58 46 86 24  3 47]
eta_g: 0.9000
Client 74	Capacity: 0.1	Model Size: 0.46 MB	Train Loss: 0.5114	Train Acc: 0.9692	Local Validation  Loss: 0.0000	Local Validation Acc: 0.0000	Global Validation Loss: 6.8428	Global Validation Acc: 0.0208
Client 79	Capacity: 0.1	Model Size: 0.46 MB	Train Loss: 0.7115	Train Acc: 0.9169	Local Validation  Loss: 0.0000	Local Validation Acc: 0.0000	Global Validation Loss: 6.6987	Global Validation Acc: 0.0255
Client 61	Capacity: 0.1	Model Size: 0.46 MB	Train Loss: 0.4921	Train Acc: 0.9807	Local Validation  Loss: 0.0000	Local Validation Acc: 0.0000	Global Validation Loss: 6.7521	Global Validation Acc: 0.0201
Client 94	Capacity: 0.1	Model Size: 0.46 MB	Train Loss: 0.4613	Train Acc: 0.9717	Local Validation  Loss: 0.0000	Local Validation Acc: 0.0000	Global Validation Loss: 6.9085	Global Validation Acc: 0.0177
Client 58	Capacity: 0.1	Model Size: 0.46 MB	Train Loss: 0.5865	Train Acc: 0.9497	Local Validation  Loss: 0.0000	Local Validation Acc: 0.0000	Global Validation Loss: 6.7685	Global Validation Acc: 0.0201
Client 46	Capacity: 0.1	Model Size: 0.46 MB	Train Loss: 0.6514	Train Acc: 0.9477	Local Validation  Loss: 0.0000	Local Validation Acc: 0.0000	Global Validation Loss: 6.8942	Global Validation Acc: 0.0176
Client 86	Capacity: 0.1	Model Size: 0.46 MB	Train Loss: 0.7205	Train Acc: 0.9351	Local Validation  Loss: 0.0000	Local Validation Acc: 0.0000	Global Validation Loss: 6.8423	Global Validation Acc: 0.0208
Client 24	Capacity: 0.1	Model Size: 0.46 MB	Train Loss: 0.5812	Train Acc: 0.9611	Local Validation  Loss: 0.0000	Local Validation Acc: 0.0000	Global Validation Loss: 6.9121	Global Validation Acc: 0.0194
Client 3	Capacity: 0.1	Model Size: 0.46 MB	Train Loss: 0.5969	Train Acc: 0.9443	Local Validation  Loss: 0.0000	Local Validation Acc: 0.0000	Global Validation Loss: 6.9079	Global Validation Acc: 0.0223
Client 47	Capacity: 0.1	Model Size: 0.46 MB	Train Loss: 0.5506	Train Acc: 0.9713	Local Validation  Loss: 0.0000	Local Validation Acc: 0.0000	Global Validation Loss: 6.7641	Global Validation Acc: 0.0203
Aggregated
Global Test Loss: 5.8259	Global Test Acc: 0.0318
Round 11 use time: 13.66 min, ETA: 65.81 hours
================================================================================
Round 12
Selected 10 client IDs: [97 50 21 33 95 26 53 46 75 17]
eta_g: 0.9000
Client 97	Capacity: 0.1	Model Size: 0.46 MB	Train Loss: 1.0640	Train Acc: 0.8329	Local Validation  Loss: 0.0000	Local Validation Acc: 0.0000	Global Validation Loss: 6.8642	Global Validation Acc: 0.0211
Client 50	Capacity: 0.1	Model Size: 0.46 MB	Train Loss: 0.6774	Train Acc: 0.9383	Local Validation  Loss: 0.0000	Local Validation Acc: 0.0000	Global Validation Loss: 6.8884	Global Validation Acc: 0.0200
Client 21	Capacity: 0.1	Model Size: 0.46 MB	Train Loss: 0.5257	Train Acc: 0.9583	Local Validation  Loss: 0.0000	Local Validation Acc: 0.0000	Global Validation Loss: 6.7521	Global Validation Acc: 0.0185
Client 33	Capacity: 0.1	Model Size: 0.46 MB	Train Loss: 0.4850	Train Acc: 0.9771	Local Validation  Loss: 0.0000	Local Validation Acc: 0.0000	Global Validation Loss: 6.7981	Global Validation Acc: 0.0223
Client 95	Capacity: 0.1	Model Size: 0.46 MB	Train Loss: 0.4429	Train Acc: 0.9767	Local Validation  Loss: 0.0000	Local Validation Acc: 0.0000	Global Validation Loss: 6.8218	Global Validation Acc: 0.0202
Client 26	Capacity: 0.1	Model Size: 0.46 MB	Train Loss: 0.5508	Train Acc: 0.9655	Local Validation  Loss: 0.0000	Local Validation Acc: 0.0000	Global Validation Loss: 6.9437	Global Validation Acc: 0.0219
Client 53	Capacity: 0.1	Model Size: 0.46 MB	Train Loss: 0.4465	Train Acc: 0.9803	Local Validation  Loss: 0.0000	Local Validation Acc: 0.0000	Global Validation Loss: 6.9066	Global Validation Acc: 0.0184
Client 46	Capacity: 0.1	Model Size: 0.46 MB	Train Loss: 0.4821	Train Acc: 0.9681	Local Validation  Loss: 0.0000	Local Validation Acc: 0.0000	Global Validation Loss: 7.0053	Global Validation Acc: 0.0185
Client 75	Capacity: 0.1	Model Size: 0.46 MB	Train Loss: 0.7458	Train Acc: 0.9423	Local Validation  Loss: 0.0000	Local Validation Acc: 0.0000	Global Validation Loss: 6.8642	Global Validation Acc: 0.0214
Client 17	Capacity: 0.1	Model Size: 0.46 MB	Train Loss: 0.5107	Train Acc: 0.9751	Local Validation  Loss: 0.0000	Local Validation Acc: 0.0000	Global Validation Loss: 6.9110	Global Validation Acc: 0.0199
Aggregated
Global Test Loss: 5.8588	Global Test Acc: 0.0347
Round 12 use time: 11.59 min, ETA: 55.63 hours
================================================================================
Round 13
Selected 10 client IDs: [27 11 15 74 31 25 67 42  6 39]
eta_g: 0.9000
Client 27	Capacity: 0.1	Model Size: 0.46 MB	Train Loss: 0.3941	Train Acc: 0.9807	Local Validation  Loss: 0.0000	Local Validation Acc: 0.0000	Global Validation Loss: 7.0684	Global Validation Acc: 0.0195
Client 11	Capacity: 0.1	Model Size: 0.46 MB	Train Loss: 0.4211	Train Acc: 0.9835	Local Validation  Loss: 0.0000	Local Validation Acc: 0.0000	Global Validation Loss: 6.9428	Global Validation Acc: 0.0190
Client 15	Capacity: 0.1	Model Size: 0.46 MB	Train Loss: 0.4825	Train Acc: 0.9707	Local Validation  Loss: 0.0000	Local Validation Acc: 0.0000	Global Validation Loss: 6.7710	Global Validation Acc: 0.0200
Client 74	Capacity: 0.1	Model Size: 0.46 MB	Train Loss: 0.3482	Train Acc: 0.9907	Local Validation  Loss: 0.0000	Local Validation Acc: 0.0000	Global Validation Loss: 6.8941	Global Validation Acc: 0.0222
Client 31	Capacity: 0.1	Model Size: 0.46 MB	Train Loss: 0.3933	Train Acc: 0.9864	Local Validation  Loss: 0.0000	Local Validation Acc: 0.0000	Global Validation Loss: 6.9298	Global Validation Acc: 0.0161
Client 25	Capacity: 0.1	Model Size: 0.46 MB	Train Loss: 0.4348	Train Acc: 0.9757	Local Validation  Loss: 0.0000	Local Validation Acc: 0.0000	Global Validation Loss: 6.9792	Global Validation Acc: 0.0213
Client 67	Capacity: 0.1	Model Size: 0.46 MB	Train Loss: 0.5022	Train Acc: 0.9605	Local Validation  Loss: 0.0000	Local Validation Acc: 0.0000	Global Validation Loss: 6.9213	Global Validation Acc: 0.0208
Client 42	Capacity: 0.1	Model Size: 0.46 MB	Train Loss: 0.5237	Train Acc: 0.9721	Local Validation  Loss: 0.0000	Local Validation Acc: 0.0000	Global Validation Loss: 6.8764	Global Validation Acc: 0.0207
Client 6	Capacity: 0.1	Model Size: 0.46 MB	Train Loss: 0.3851	Train Acc: 0.9831	Local Validation  Loss: 0.0000	Local Validation Acc: 0.0000	Global Validation Loss: 6.9522	Global Validation Acc: 0.0169
Client 39	Capacity: 0.1	Model Size: 0.46 MB	Train Loss: 0.4892	Train Acc: 0.9615	Local Validation  Loss: 0.0000	Local Validation Acc: 0.0000	Global Validation Loss: 6.9322	Global Validation Acc: 0.0220
Aggregated
Global Test Loss: 5.8981	Global Test Acc: 0.0360
Round 13 use time: 13.20 min, ETA: 63.13 hours
================================================================================
Round 14
Selected 10 client IDs: [60 90 43 59 87 71 55 36 53 22]
eta_g: 0.9000
Client 60	Capacity: 0.1	Model Size: 0.46 MB	Train Loss: 0.3461	Train Acc: 0.9958	Local Validation  Loss: 0.0000	Local Validation Acc: 0.0000	Global Validation Loss: 6.9911	Global Validation Acc: 0.0189
Client 90	Capacity: 0.1	Model Size: 0.46 MB	Train Loss: 0.3931	Train Acc: 0.9823	Local Validation  Loss: 0.0000	Local Validation Acc: 0.0000	Global Validation Loss: 6.9170	Global Validation Acc: 0.0239
Client 43	Capacity: 0.1	Model Size: 0.46 MB	Train Loss: 0.4205	Train Acc: 0.9778	Local Validation  Loss: 0.0000	Local Validation Acc: 0.0000	Global Validation Loss: 6.9490	Global Validation Acc: 0.0223
Client 59	Capacity: 0.1	Model Size: 0.46 MB	Train Loss: 0.4533	Train Acc: 0.9608	Local Validation  Loss: 0.0000	Local Validation Acc: 0.0000	Global Validation Loss: 6.9311	Global Validation Acc: 0.0199
Client 87	Capacity: 0.1	Model Size: 0.46 MB	Train Loss: 0.4419	Train Acc: 0.9840	Local Validation  Loss: 0.0000	Local Validation Acc: 0.0000	Global Validation Loss: 6.9104	Global Validation Acc: 0.0224
Client 71	Capacity: 0.1	Model Size: 0.46 MB	Train Loss: 0.4257	Train Acc: 0.9833	Local Validation  Loss: 0.0000	Local Validation Acc: 0.0000	Global Validation Loss: 6.9565	Global Validation Acc: 0.0219
Client 55	Capacity: 0.1	Model Size: 0.46 MB	Train Loss: 0.4628	Train Acc: 0.9831	Local Validation  Loss: 0.0000	Local Validation Acc: 0.0000	Global Validation Loss: 6.9381	Global Validation Acc: 0.0204
Client 36	Capacity: 0.1	Model Size: 0.46 MB	Train Loss: 0.2784	Train Acc: 0.9966	Local Validation  Loss: 0.0000	Local Validation Acc: 0.0000	Global Validation Loss: 6.9546	Global Validation Acc: 0.0238
Client 53	Capacity: 0.1	Model Size: 0.46 MB	Train Loss: 0.2926	Train Acc: 0.9882	Local Validation  Loss: 0.0000	Local Validation Acc: 0.0000	Global Validation Loss: 7.0473	Global Validation Acc: 0.0182
Client 22	Capacity: 0.1	Model Size: 0.46 MB	Train Loss: 0.2830	Train Acc: 0.9966	Local Validation  Loss: 0.0000	Local Validation Acc: 0.0000	Global Validation Loss: 6.9470	Global Validation Acc: 0.0228
Aggregated
Global Test Loss: 5.9530	Global Test Acc: 0.0368
Round 14 use time: 11.21 min, ETA: 53.45 hours
================================================================================
Round 15
Selected 10 client IDs: [17 78 44 60 66 75 89 37 21 46]
eta_g: 0.9000
Client 17	Capacity: 0.1	Model Size: 0.46 MB	Train Loss: 0.3298	Train Acc: 0.9908	Local Validation  Loss: 0.0000	Local Validation Acc: 0.0000	Global Validation Loss: 7.1224	Global Validation Acc: 0.0196
Client 78	Capacity: 0.1	Model Size: 0.46 MB	Train Loss: 0.4997	Train Acc: 0.9752	Local Validation  Loss: 0.0000	Local Validation Acc: 0.0000	Global Validation Loss: 6.8747	Global Validation Acc: 0.0218
Client 44	Capacity: 0.1	Model Size: 0.46 MB	Train Loss: 0.3880	Train Acc: 0.9847	Local Validation  Loss: 0.0000	Local Validation Acc: 0.0000	Global Validation Loss: 7.0549	Global Validation Acc: 0.0238
Client 60	Capacity: 0.1	Model Size: 0.46 MB	Train Loss: 0.2538	Train Acc: 0.9947	Local Validation  Loss: 0.0000	Local Validation Acc: 0.0000	Global Validation Loss: 7.0996	Global Validation Acc: 0.0206
Client 66	Capacity: 0.1	Model Size: 0.46 MB	Train Loss: 0.3795	Train Acc: 0.9919	Local Validation  Loss: 0.0000	Local Validation Acc: 0.0000	Global Validation Loss: 6.8996	Global Validation Acc: 0.0204
Client 75	Capacity: 0.1	Model Size: 0.46 MB	Train Loss: 0.4878	Train Acc: 0.9619	Local Validation  Loss: 0.0000	Local Validation Acc: 0.0000	Global Validation Loss: 6.9824	Global Validation Acc: 0.0192
Client 89	Capacity: 0.1	Model Size: 0.46 MB	Train Loss: 0.6422	Train Acc: 0.9516	Local Validation  Loss: 0.0000	Local Validation Acc: 0.0000	Global Validation Loss: 6.9681	Global Validation Acc: 0.0238
Client 37	Capacity: 0.1	Model Size: 0.46 MB	Train Loss: 0.4325	Train Acc: 0.9745	Local Validation  Loss: 0.0000	Local Validation Acc: 0.0000	Global Validation Loss: 7.0007	Global Validation Acc: 0.0207
Client 21	Capacity: 0.1	Model Size: 0.46 MB	Train Loss: 0.3479	Train Acc: 0.9861	Local Validation  Loss: 0.0000	Local Validation Acc: 0.0000	Global Validation Loss: 6.9787	Global Validation Acc: 0.0208
Client 46	Capacity: 0.1	Model Size: 0.46 MB	Train Loss: 0.3120	Train Acc: 0.9902	Local Validation  Loss: 0.0000	Local Validation Acc: 0.0000	Global Validation Loss: 7.1038	Global Validation Acc: 0.0221
Aggregated
Global Test Loss: 6.0557	Global Test Acc: 0.0388
Round 15 use time: 13.44 min, ETA: 63.83 hours
================================================================================
Round 16
Selected 10 client IDs: [26 96 55 64 12  3 25 30 54 70]
eta_g: 0.9000
Client 26	Capacity: 0.1	Model Size: 0.46 MB	Train Loss: 0.3524	Train Acc: 0.9885	Local Validation  Loss: 0.0000	Local Validation Acc: 0.0000	Global Validation Loss: 7.1165	Global Validation Acc: 0.0254
Client 96	Capacity: 0.1	Model Size: 0.46 MB	Train Loss: 0.3788	Train Acc: 0.9785	Local Validation  Loss: 0.0000	Local Validation Acc: 0.0000	Global Validation Loss: 6.9556	Global Validation Acc: 0.0219
Client 55	Capacity: 0.1	Model Size: 0.46 MB	Train Loss: 0.3322	Train Acc: 0.9893	Local Validation  Loss: 0.0000	Local Validation Acc: 0.0000	Global Validation Loss: 7.0842	Global Validation Acc: 0.0212
Client 64	Capacity: 0.1	Model Size: 0.46 MB	Train Loss: 0.3082	Train Acc: 0.9886	Local Validation  Loss: 0.0000	Local Validation Acc: 0.0000	Global Validation Loss: 7.0128	Global Validation Acc: 0.0218
Client 12	Capacity: 0.1	Model Size: 0.46 MB	Train Loss: 0.3754	Train Acc: 0.9823	Local Validation  Loss: 0.0000	Local Validation Acc: 0.0000	Global Validation Loss: 7.0108	Global Validation Acc: 0.0204
Client 3	Capacity: 0.1	Model Size: 0.46 MB	Train Loss: 0.3220	Train Acc: 0.9873	Local Validation  Loss: 0.0000	Local Validation Acc: 0.0000	Global Validation Loss: 7.1721	Global Validation Acc: 0.0228
Client 25	Capacity: 0.1	Model Size: 0.46 MB	Train Loss: 0.2792	Train Acc: 0.9900	Local Validation  Loss: 0.0000	Local Validation Acc: 0.0000	Global Validation Loss: 7.1741	Global Validation Acc: 0.0235
Client 30	Capacity: 0.1	Model Size: 0.46 MB	Train Loss: 1.1963	Train Acc: 0.7764	Local Validation  Loss: 0.0000	Local Validation Acc: 0.0000	Global Validation Loss: 6.9790	Global Validation Acc: 0.0208
Client 54	Capacity: 0.1	Model Size: 0.46 MB	Train Loss: 0.2787	Train Acc: 0.9951	Local Validation  Loss: 0.0000	Local Validation Acc: 0.0000	Global Validation Loss: 6.9741	Global Validation Acc: 0.0220
Client 70	Capacity: 0.1	Model Size: 0.46 MB	Train Loss: 0.3466	Train Acc: 0.9913	Local Validation  Loss: 0.0000	Local Validation Acc: 0.0000	Global Validation Loss: 6.9476	Global Validation Acc: 0.0205
Aggregated
Global Test Loss: 6.0459	Global Test Acc: 0.0406
Round 16 use time: 11.66 min, ETA: 55.18 hours
================================================================================
Round 17
Selected 10 client IDs: [24 34 43 21 45 64  3 57 91 76]
eta_g: 0.9000
Client 24	Capacity: 0.1	Model Size: 0.46 MB	Train Loss: 0.3085	Train Acc: 0.9949	Local Validation  Loss: 0.0000	Local Validation Acc: 0.0000	Global Validation Loss: 7.1242	Global Validation Acc: 0.0203
Client 34	Capacity: 0.1	Model Size: 0.46 MB	Train Loss: 0.2936	Train Acc: 0.9917	Local Validation  Loss: 0.0000	Local Validation Acc: 0.0000	Global Validation Loss: 7.1444	Global Validation Acc: 0.0225
Client 43	Capacity: 0.1	Model Size: 0.46 MB	Train Loss: 0.3060	Train Acc: 0.9939	Local Validation  Loss: 0.0000	Local Validation Acc: 0.0000	Global Validation Loss: 7.0753	Global Validation Acc: 0.0250
Client 21	Capacity: 0.1	Model Size: 0.46 MB	Train Loss: 0.2349	Train Acc: 0.9981	Local Validation  Loss: 0.0000	Local Validation Acc: 0.0000	Global Validation Loss: 7.0661	Global Validation Acc: 0.0182
Client 45	Capacity: 0.1	Model Size: 0.46 MB	Train Loss: 0.2671	Train Acc: 0.9914	Local Validation  Loss: 0.0000	Local Validation Acc: 0.0000	Global Validation Loss: 7.0829	Global Validation Acc: 0.0242
Client 64	Capacity: 0.1	Model Size: 0.46 MB	Train Loss: 0.3436	Train Acc: 0.9911	Local Validation  Loss: 0.0000	Local Validation Acc: 0.0000	Global Validation Loss: 7.0916	Global Validation Acc: 0.0226
Client 3	Capacity: 0.1	Model Size: 0.46 MB	Train Loss: 0.2517	Train Acc: 0.9958	Local Validation  Loss: 0.0000	Local Validation Acc: 0.0000	Global Validation Loss: 7.2606	Global Validation Acc: 0.0225
Client 57	Capacity: 0.1	Model Size: 0.46 MB	Train Loss: 0.8108	Train Acc: 0.9245	Local Validation  Loss: 0.0000	Local Validation Acc: 0.0000	Global Validation Loss: 6.9180	Global Validation Acc: 0.0242
Client 91	Capacity: 0.1	Model Size: 0.46 MB	Train Loss: 0.3384	Train Acc: 0.9848	Local Validation  Loss: 0.0000	Local Validation Acc: 0.0000	Global Validation Loss: 7.1507	Global Validation Acc: 0.0203
Client 76	Capacity: 0.1	Model Size: 0.46 MB	Train Loss: 0.6656	Train Acc: 0.9359	Local Validation  Loss: 0.0000	Local Validation Acc: 0.0000	Global Validation Loss: 7.0784	Global Validation Acc: 0.0243
Aggregated
Global Test Loss: 6.0866	Global Test Acc: 0.0409
Round 17 use time: 12.76 min, ETA: 60.19 hours
================================================================================
Round 18
Selected 10 client IDs: [84 44 29 76 74 59 90 18 36 62]
eta_g: 0.9000
Client 84	Capacity: 0.1	Model Size: 0.46 MB	Train Loss: 0.2135	Train Acc: 0.9966	Local Validation  Loss: 0.0000	Local Validation Acc: 0.0000	Global Validation Loss: 7.0370	Global Validation Acc: 0.0210
Client 44	Capacity: 0.1	Model Size: 0.46 MB	Train Loss: 0.2577	Train Acc: 0.9888	Local Validation  Loss: 0.0000	Local Validation Acc: 0.0000	Global Validation Loss: 7.2438	Global Validation Acc: 0.0236
Client 29	Capacity: 0.1	Model Size: 0.46 MB	Train Loss: 0.3609	Train Acc: 0.9900	Local Validation  Loss: 0.0000	Local Validation Acc: 0.0000	Global Validation Loss: 7.2177	Global Validation Acc: 0.0222
Client 76	Capacity: 0.1	Model Size: 0.46 MB	Train Loss: 0.6993	Train Acc: 0.9330	Local Validation  Loss: 0.0000	Local Validation Acc: 0.0000	Global Validation Loss: 7.0809	Global Validation Acc: 0.0244
Client 74	Capacity: 0.1	Model Size: 0.46 MB	Train Loss: 0.2186	Train Acc: 1.0000	Local Validation  Loss: 0.0000	Local Validation Acc: 0.0000	Global Validation Loss: 7.2073	Global Validation Acc: 0.0212
Client 59	Capacity: 0.1	Model Size: 0.46 MB	Train Loss: 0.3832	Train Acc: 0.9866	Local Validation  Loss: 0.0000	Local Validation Acc: 0.0000	Global Validation Loss: 7.1393	Global Validation Acc: 0.0212
Client 90	Capacity: 0.1	Model Size: 0.46 MB	Train Loss: 0.2241	Train Acc: 0.9980	Local Validation  Loss: 0.0000	Local Validation Acc: 0.0000	Global Validation Loss: 7.0791	Global Validation Acc: 0.0229
Client 18	Capacity: 0.1	Model Size: 0.46 MB	Train Loss: 0.2678	Train Acc: 0.9980	Local Validation  Loss: 0.0000	Local Validation Acc: 0.0000	Global Validation Loss: 7.0882	Global Validation Acc: 0.0249
Client 36	Capacity: 0.1	Model Size: 0.46 MB	Train Loss: 0.1892	Train Acc: 0.9989	Local Validation  Loss: 0.0000	Local Validation Acc: 0.0000	Global Validation Loss: 7.2110	Global Validation Acc: 0.0216
Client 62	Capacity: 0.1	Model Size: 0.46 MB	Train Loss: 0.2980	Train Acc: 0.9897	Local Validation  Loss: 0.0000	Local Validation Acc: 0.0000	Global Validation Loss: 7.0107	Global Validation Acc: 0.0238
Aggregated
Global Test Loss: 6.1174	Global Test Acc: 0.0402
Round 18 use time: 11.84 min, ETA: 55.65 hours
================================================================================
Round 19
Selected 10 client IDs: [45 52 11 15  3 39 25  2 75 31]
eta_g: 0.9000
Client 45	Capacity: 0.1	Model Size: 0.46 MB	Train Loss: 0.1890	Train Acc: 0.9978	Local Validation  Loss: 0.0000	Local Validation Acc: 0.0000	Global Validation Loss: 7.1826	Global Validation Acc: 0.0251
Client 52	Capacity: 0.1	Model Size: 0.46 MB	Train Loss: 0.2215	Train Acc: 0.9963	Local Validation  Loss: 0.0000	Local Validation Acc: 0.0000	Global Validation Loss: 7.0546	Global Validation Acc: 0.0264
Client 11	Capacity: 0.1	Model Size: 0.46 MB	Train Loss: 0.2189	Train Acc: 0.9972	Local Validation  Loss: 0.0000	Local Validation Acc: 0.0000	Global Validation Loss: 7.2383	Global Validation Acc: 0.0216
Client 15	Capacity: 0.1	Model Size: 0.46 MB	Train Loss: 0.2202	Train Acc: 0.9979	Local Validation  Loss: 0.0000	Local Validation Acc: 0.0000	Global Validation Loss: 7.0457	Global Validation Acc: 0.0216
Client 3	Capacity: 0.1	Model Size: 0.46 MB	Train Loss: 0.1993	Train Acc: 0.9975	Local Validation  Loss: 0.0000	Local Validation Acc: 0.0000	Global Validation Loss: 7.2862	Global Validation Acc: 0.0237
Client 39	Capacity: 0.1	Model Size: 0.46 MB	Train Loss: 0.2536	Train Acc: 0.9973	Local Validation  Loss: 0.0000	Local Validation Acc: 0.0000	Global Validation Loss: 7.1928	Global Validation Acc: 0.0249
Client 25	Capacity: 0.1	Model Size: 0.46 MB	Train Loss: 0.2157	Train Acc: 0.9933	Local Validation  Loss: 0.0000	Local Validation Acc: 0.0000	Global Validation Loss: 7.2533	Global Validation Acc: 0.0254
Client 2	Capacity: 0.1	Model Size: 0.46 MB	Train Loss: 0.2159	Train Acc: 0.9990	Local Validation  Loss: 0.0000	Local Validation Acc: 0.0000	Global Validation Loss: 7.1841	Global Validation Acc: 0.0233
Client 75	Capacity: 0.1	Model Size: 0.46 MB	Train Loss: 0.3237	Train Acc: 0.9928	Local Validation  Loss: 0.0000	Local Validation Acc: 0.0000	Global Validation Loss: 7.1612	Global Validation Acc: 0.0231
Client 31	Capacity: 0.1	Model Size: 0.46 MB	Train Loss: 0.2167	Train Acc: 1.0000	Local Validation  Loss: 0.0000	Local Validation Acc: 0.0000	Global Validation Loss: 7.1862	Global Validation Acc: 0.0196
Aggregated
Global Test Loss: 6.1804	Global Test Acc: 0.0393
Round 19 use time: 10.24 min, ETA: 47.97 hours
================================================================================
Round 20
Selected 10 client IDs: [71 51 17 93  6 44 81 85  3 77]
