Method: fedrame
Model: resnet
Dataset: tiny-imagenet
Data distribution: alpha0.5
Global step size: 1.0
Dynamic Global step size: False
Number of clients: 100
Client selection ratio: 0.1
Local training data ratio: 1.0
Number of rounds: 300
Number of local epochs: 10
Batch size: 64
Learning rate: 0.001
Weight decay: 0.0001
Random seed: 42
Normalization type: sbn
Number of workers: 2
Client capacity distribution: 0
Parameter delta norm type: mean
Global learning rate decay: True
Gamma: 0.9
Data augmentation: False
[Model Architecture]
ResNet(
  (conv1): Conv2d(3, 64, kernel_size=(7, 7), stride=(2, 2), padding=(3, 3), bias=False)
  (bn1): BatchNorm2d(64, eps=1e-05, momentum=0.1, affine=False, track_running_stats=False)
  (relu): ReLU(inplace=True)
  (maxpool): MaxPool2d(kernel_size=3, stride=2, padding=1, dilation=1, ceil_mode=False)
  (layer1): Sequential(
    (0): BasicBlock(
      (conv1): Conv2d(64, 64, kernel_size=(3, 3), stride=(1, 1), padding=(1, 1), bias=False)
      (bn1): BatchNorm2d(64, eps=1e-05, momentum=0.1, affine=False, track_running_stats=False)
      (relu): ReLU(inplace=True)
      (conv2): Conv2d(64, 64, kernel_size=(3, 3), stride=(1, 1), padding=(1, 1), bias=False)
      (bn2): BatchNorm2d(64, eps=1e-05, momentum=0.1, affine=False, track_running_stats=False)
    )
    (1): BasicBlock(
      (conv1): Conv2d(64, 64, kernel_size=(3, 3), stride=(1, 1), padding=(1, 1), bias=False)
      (bn1): BatchNorm2d(64, eps=1e-05, momentum=0.1, affine=False, track_running_stats=False)
      (relu): ReLU(inplace=True)
      (conv2): Conv2d(64, 64, kernel_size=(3, 3), stride=(1, 1), padding=(1, 1), bias=False)
      (bn2): BatchNorm2d(64, eps=1e-05, momentum=0.1, affine=False, track_running_stats=False)
    )
  )
  (layer2): Sequential(
    (0): BasicBlock(
      (conv1): Conv2d(64, 128, kernel_size=(3, 3), stride=(2, 2), padding=(1, 1), bias=False)
      (bn1): BatchNorm2d(128, eps=1e-05, momentum=0.1, affine=False, track_running_stats=False)
      (relu): ReLU(inplace=True)
      (conv2): Conv2d(128, 128, kernel_size=(3, 3), stride=(1, 1), padding=(1, 1), bias=False)
      (bn2): BatchNorm2d(128, eps=1e-05, momentum=0.1, affine=False, track_running_stats=False)
      (downsample): Sequential(
        (0): Conv2d(64, 128, kernel_size=(1, 1), stride=(2, 2), bias=False)
        (1): BatchNorm2d(128, eps=1e-05, momentum=0.1, affine=False, track_running_stats=False)
      )
    )
    (1): BasicBlock(
      (conv1): Conv2d(128, 128, kernel_size=(3, 3), stride=(1, 1), padding=(1, 1), bias=False)
      (bn1): BatchNorm2d(128, eps=1e-05, momentum=0.1, affine=False, track_running_stats=False)
      (relu): ReLU(inplace=True)
      (conv2): Conv2d(128, 128, kernel_size=(3, 3), stride=(1, 1), padding=(1, 1), bias=False)
      (bn2): BatchNorm2d(128, eps=1e-05, momentum=0.1, affine=False, track_running_stats=False)
    )
  )
  (layer3): Sequential(
    (0): BasicBlock(
      (conv1): Conv2d(128, 256, kernel_size=(3, 3), stride=(2, 2), padding=(1, 1), bias=False)
      (bn1): BatchNorm2d(256, eps=1e-05, momentum=0.1, affine=False, track_running_stats=False)
      (relu): ReLU(inplace=True)
      (conv2): Conv2d(256, 256, kernel_size=(3, 3), stride=(1, 1), padding=(1, 1), bias=False)
      (bn2): BatchNorm2d(256, eps=1e-05, momentum=0.1, affine=False, track_running_stats=False)
      (downsample): Sequential(
        (0): Conv2d(128, 256, kernel_size=(1, 1), stride=(2, 2), bias=False)
        (1): BatchNorm2d(256, eps=1e-05, momentum=0.1, affine=False, track_running_stats=False)
      )
    )
    (1): BasicBlock(
      (conv1): Conv2d(256, 256, kernel_size=(3, 3), stride=(1, 1), padding=(1, 1), bias=False)
      (bn1): BatchNorm2d(256, eps=1e-05, momentum=0.1, affine=False, track_running_stats=False)
      (relu): ReLU(inplace=True)
      (conv2): Conv2d(256, 256, kernel_size=(3, 3), stride=(1, 1), padding=(1, 1), bias=False)
      (bn2): BatchNorm2d(256, eps=1e-05, momentum=0.1, affine=False, track_running_stats=False)
    )
  )
  (layer4): Sequential(
    (0): BasicBlock(
      (conv1): Conv2d(256, 512, kernel_size=(3, 3), stride=(2, 2), padding=(1, 1), bias=False)
      (bn1): BatchNorm2d(512, eps=1e-05, momentum=0.1, affine=False, track_running_stats=False)
      (relu): ReLU(inplace=True)
      (conv2): Conv2d(512, 512, kernel_size=(3, 3), stride=(1, 1), padding=(1, 1), bias=False)
      (bn2): BatchNorm2d(512, eps=1e-05, momentum=0.1, affine=False, track_running_stats=False)
      (downsample): Sequential(
        (0): Conv2d(256, 512, kernel_size=(1, 1), stride=(2, 2), bias=False)
        (1): BatchNorm2d(512, eps=1e-05, momentum=0.1, affine=False, track_running_stats=False)
      )
    )
    (1): BasicBlock(
      (conv1): Conv2d(512, 512, kernel_size=(3, 3), stride=(1, 1), padding=(1, 1), bias=False)
      (bn1): BatchNorm2d(512, eps=1e-05, momentum=0.1, affine=False, track_running_stats=False)
      (relu): ReLU(inplace=True)
      (conv2): Conv2d(512, 512, kernel_size=(3, 3), stride=(1, 1), padding=(1, 1), bias=False)
      (bn2): BatchNorm2d(512, eps=1e-05, momentum=0.1, affine=False, track_running_stats=False)
    )
  )
  (avgpool): AdaptiveAvgPool2d(output_size=(1, 1))
  (fc): Linear(in_features=512, out_features=200, bias=True)
)
Global Model size: 42.99 MB
Optional client capacities: [1.0, 0.75, 0.5, 0.25, 0.1]
Weights: [0.05, 0.1, 0.15, 0.2, 0.5]
Capacity counts: [5, 10, 15, 20, 50]
Specific client capacities: [0.25, 0.25, 0.1, 0.75, 0.1, 0.1, 1.0, 0.1, 0.5, 0.1, 0.1, 0.75, 0.1, 0.1, 0.1, 0.25, 0.25, 0.1, 0.1, 0.25, 0.25, 0.5, 0.25, 0.1, 0.1, 0.25, 0.1, 0.5, 0.1, 0.25, 0.75, 0.25, 0.1, 0.1, 0.1, 0.25, 0.1, 0.1, 0.1, 0.75, 0.25, 0.5, 0.25, 0.25, 0.5, 0.1, 0.1, 0.1, 0.75, 0.25, 0.1, 0.25, 1.0, 0.1, 0.5, 0.25, 0.1, 0.1, 0.5, 0.1, 0.5, 0.75, 0.75, 0.1, 0.1, 0.5, 0.1, 0.25, 0.1, 0.5, 1.0, 0.1, 0.1, 0.1, 0.1, 0.1, 0.5, 0.1, 0.1, 0.1, 0.1, 0.5, 0.5, 0.1, 0.1, 1.0, 0.1, 0.1, 0.75, 0.1, 0.1, 0.75, 0.5, 0.5, 0.25, 0.25, 0.1, 1.0, 0.75, 0.1]
Decay steps: [10, 20, 30, 40, 50, 60, 70, 80, 90, 100]
Round 1
Selected 10 client IDs: [11 66  9 92 12 45 73 44 97 35]
eta_g: 1.0000, mean Overlap: 0.2351, mean Coverage: 0.9610, mean Coverage Ablation: 0.6942
Param name: conv1.weight, param overlap: 0.3250, param coverage: 1.0000, param coverage ablation: 1.0000
Param name: layer1.0.conv1.weight, param overlap: 0.1869, param coverage: 0.9739, param coverage ablation: 0.6797
Param name: layer1.0.conv2.weight, param overlap: 0.1869, param coverage: 0.9739, param coverage ablation: 0.6797
Param name: layer1.1.conv1.weight, param overlap: 0.1842, param coverage: 0.9612, param coverage ablation: 0.6497
Param name: layer1.1.conv2.weight, param overlap: 0.1842, param coverage: 0.9612, param coverage ablation: 0.6497
Param name: layer2.0.conv1.weight, param overlap: 0.1865, param coverage: 0.9664, param coverage ablation: 0.6698
Param name: layer2.0.conv2.weight, param overlap: 0.1844, param coverage: 0.9562, param coverage ablation: 0.6427
Param name: layer2.0.downsample.0.weight, param overlap: 0.1871, param coverage: 0.9578, param coverage ablation: 0.6647
Param name: layer2.1.conv1.weight, param overlap: 0.1852, param coverage: 0.9428, param coverage ablation: 0.6325
Param name: layer2.1.conv2.weight, param overlap: 0.1852, param coverage: 0.9428, param coverage ablation: 0.6325
Param name: layer3.0.conv1.weight, param overlap: 0.1857, param coverage: 0.9406, param coverage ablation: 0.6357
Param name: layer3.0.conv2.weight, param overlap: 0.1859, param coverage: 0.9473, param coverage ablation: 0.6370
Param name: layer3.0.downsample.0.weight, param overlap: 0.1857, param coverage: 0.9513, param coverage ablation: 0.6408
Param name: layer3.1.conv1.weight, param overlap: 0.1856, param coverage: 0.9532, param coverage ablation: 0.6399
Param name: layer3.1.conv2.weight, param overlap: 0.1856, param coverage: 0.9532, param coverage ablation: 0.6399
Param name: layer4.0.conv1.weight, param overlap: 0.1856, param coverage: 0.9558, param coverage ablation: 0.6423
Param name: layer4.0.conv2.weight, param overlap: 0.1849, param coverage: 0.9519, param coverage ablation: 0.6358
Param name: layer4.0.downsample.0.weight, param overlap: 0.1854, param coverage: 0.9531, param coverage ablation: 0.6381
Param name: layer4.1.conv1.weight, param overlap: 0.1844, param coverage: 0.9493, param coverage ablation: 0.6312
Param name: layer4.1.conv2.weight, param overlap: 0.1844, param coverage: 0.9493, param coverage ablation: 0.6312
Param name: fc.weight, param overlap: 0.3229, param coverage: 1.0000, param coverage ablation: 1.0000
Param name: fc.bias, param overlap: 1.0000, param coverage: 1.0000, param coverage ablation: 1.0000
Client 11	Capacity: 0.75	Model Size: 24.26 MB	Train Loss: 0.0077	Train Acc: 1.0000	Local Validation  Loss: 0.0000	Local Validation Acc: 0.0000	Global Validation Loss: 7.4253	Global Validation Acc: 0.0271
Client 66	Capacity: 0.1	Model Size: 0.46 MB	Train Loss: 3.0635	Train Acc: 0.3915	Local Validation  Loss: 0.0000	Local Validation Acc: 0.0000	Global Validation Loss: 6.5588	Global Validation Acc: 0.0097
Client 9	Capacity: 0.1	Model Size: 0.46 MB	Train Loss: 2.8661	Train Acc: 0.3651	Local Validation  Loss: 0.0000	Local Validation Acc: 0.0000	Global Validation Loss: 6.6284	Global Validation Acc: 0.0096
Client 92	Capacity: 0.5	Model Size: 10.85 MB	Train Loss: 0.0620	Train Acc: 1.0000	Local Validation  Loss: 0.0000	Local Validation Acc: 0.0000	Global Validation Loss: 7.3201	Global Validation Acc: 0.0214
Client 12	Capacity: 0.1	Model Size: 0.46 MB	Train Loss: 2.8922	Train Acc: 0.3834	Local Validation  Loss: 0.0000	Local Validation Acc: 0.0000	Global Validation Loss: 6.5413	Global Validation Acc: 0.0158
Client 45	Capacity: 0.1	Model Size: 0.46 MB	Train Loss: 2.8684	Train Acc: 0.4172	Local Validation  Loss: 0.0000	Local Validation Acc: 0.0000	Global Validation Loss: 6.6402	Global Validation Acc: 0.0124
Client 73	Capacity: 0.1	Model Size: 0.46 MB	Train Loss: 3.3200	Train Acc: 0.2126	Local Validation  Loss: 0.0000	Local Validation Acc: 0.0000	Global Validation Loss: 6.6856	Global Validation Acc: 0.0149
Client 44	Capacity: 0.5	Model Size: 10.85 MB	Train Loss: 0.0707	Train Acc: 1.0000	Local Validation  Loss: 0.0000	Local Validation Acc: 0.0000	Global Validation Loss: 7.1139	Global Validation Acc: 0.0240
Client 97	Capacity: 1.0	Model Size: 42.99 MB	Train Loss: 0.0689	Train Acc: 0.9982	Local Validation  Loss: 0.0000	Local Validation Acc: 0.0000	Global Validation Loss: 8.3683	Global Validation Acc: 0.0223
Client 35	Capacity: 0.25	Model Size: 2.77 MB	Train Loss: 0.7957	Train Acc: 0.8977	Local Validation  Loss: 0.0000	Local Validation Acc: 0.0000	Global Validation Loss: 6.9438	Global Validation Acc: 0.0156
Aggregated
Global Test Loss: 6.6322	Global Test Acc: 0.0091
Round 1 use time: 13.82 min, ETA: 68.87 hours
================================================================================
Round 2
Selected 10 client IDs: [32 67 56 37 22 47 38 33 59 30]
eta_g: 1.0000, mean Overlap: 0.1582, mean Coverage: 0.5734, mean Coverage Ablation: 0.5734
Param name: conv1.weight, param overlap: 0.1797, param coverage: 1.0000, param coverage ablation: 1.0000
Param name: layer1.0.conv1.weight, param overlap: 0.1110, param coverage: 0.5017, param coverage ablation: 0.5017
Param name: layer1.0.conv2.weight, param overlap: 0.1110, param coverage: 0.5017, param coverage ablation: 0.5017
Param name: layer1.1.conv1.weight, param overlap: 0.1121, param coverage: 0.4966, param coverage ablation: 0.4966
Param name: layer1.1.conv2.weight, param overlap: 0.1121, param coverage: 0.4966, param coverage ablation: 0.4966
Param name: layer2.0.conv1.weight, param overlap: 0.1110, param coverage: 0.5062, param coverage ablation: 0.5062
Param name: layer2.0.conv2.weight, param overlap: 0.1104, param coverage: 0.4966, param coverage ablation: 0.4966
Param name: layer2.0.downsample.0.weight, param overlap: 0.1108, param coverage: 0.5251, param coverage ablation: 0.5251
Param name: layer2.1.conv1.weight, param overlap: 0.1109, param coverage: 0.4901, param coverage ablation: 0.4901
Param name: layer2.1.conv2.weight, param overlap: 0.1109, param coverage: 0.4901, param coverage ablation: 0.4901
Param name: layer3.0.conv1.weight, param overlap: 0.1110, param coverage: 0.5023, param coverage ablation: 0.5023
Param name: layer3.0.conv2.weight, param overlap: 0.1121, param coverage: 0.5020, param coverage ablation: 0.5020
Param name: layer3.0.downsample.0.weight, param overlap: 0.1116, param coverage: 0.5131, param coverage ablation: 0.5131
Param name: layer3.1.conv1.weight, param overlap: 0.1119, param coverage: 0.5159, param coverage ablation: 0.5159
Param name: layer3.1.conv2.weight, param overlap: 0.1119, param coverage: 0.5159, param coverage ablation: 0.5159
Param name: layer4.0.conv1.weight, param overlap: 0.1122, param coverage: 0.5049, param coverage ablation: 0.5049
Param name: layer4.0.conv2.weight, param overlap: 0.1120, param coverage: 0.5069, param coverage ablation: 0.5069
Param name: layer4.0.downsample.0.weight, param overlap: 0.1123, param coverage: 0.5151, param coverage ablation: 0.5151
Param name: layer4.1.conv1.weight, param overlap: 0.1124, param coverage: 0.5167, param coverage ablation: 0.5167
Param name: layer4.1.conv2.weight, param overlap: 0.1124, param coverage: 0.5167, param coverage ablation: 0.5167
Param name: fc.weight, param overlap: 0.1814, param coverage: 1.0000, param coverage ablation: 1.0000
Param name: fc.bias, param overlap: 1.0000, param coverage: 1.0000, param coverage ablation: 1.0000
Client 32	Capacity: 0.1	Model Size: 0.46 MB	Train Loss: 2.5879	Train Acc: 0.4469	Local Validation  Loss: 0.0000	Local Validation Acc: 0.0000	Global Validation Loss: 6.7800	Global Validation Acc: 0.0099
Client 67	Capacity: 0.25	Model Size: 2.77 MB	Train Loss: 0.3822	Train Acc: 0.9679	Local Validation  Loss: 0.0000	Local Validation Acc: 0.0000	Global Validation Loss: 6.7202	Global Validation Acc: 0.0189
Client 56	Capacity: 0.1	Model Size: 0.46 MB	Train Loss: 2.6510	Train Acc: 0.4443	Local Validation  Loss: 0.0000	Local Validation Acc: 0.0000	Global Validation Loss: 6.5169	Global Validation Acc: 0.0117
Client 37	Capacity: 0.1	Model Size: 0.46 MB	Train Loss: 2.7264	Train Acc: 0.4239	Local Validation  Loss: 0.0000	Local Validation Acc: 0.0000	Global Validation Loss: 6.5598	Global Validation Acc: 0.0122
Client 22	Capacity: 0.25	Model Size: 2.77 MB	Train Loss: 0.3979	Train Acc: 0.9652	Local Validation  Loss: 0.0000	Local Validation Acc: 0.0000	Global Validation Loss: 6.6747	Global Validation Acc: 0.0183
Client 47	Capacity: 0.1	Model Size: 0.46 MB	Train Loss: 2.4680	Train Acc: 0.4920	Local Validation  Loss: 0.0000	Local Validation Acc: 0.0000	Global Validation Loss: 6.4729	Global Validation Acc: 0.0105
Client 38	Capacity: 0.1	Model Size: 0.46 MB	Train Loss: 2.6791	Train Acc: 0.4094	Local Validation  Loss: 0.0000	Local Validation Acc: 0.0000	Global Validation Loss: 6.6286	Global Validation Acc: 0.0128
Client 33	Capacity: 0.1	Model Size: 0.46 MB	Train Loss: 2.5864	Train Acc: 0.4564	Local Validation  Loss: 0.0000	Local Validation Acc: 0.0000	Global Validation Loss: 6.4632	Global Validation Acc: 0.0093
Client 59	Capacity: 0.1	Model Size: 0.46 MB	Train Loss: 2.6733	Train Acc: 0.4365	Local Validation  Loss: 0.0000	Local Validation Acc: 0.0000	Global Validation Loss: 6.5947	Global Validation Acc: 0.0106
Client 30	Capacity: 0.75	Model Size: 24.26 MB	Train Loss: 0.2221	Train Acc: 0.9908	Local Validation  Loss: 0.0000	Local Validation Acc: 0.0000	Global Validation Loss: 7.8308	Global Validation Acc: 0.0235
Aggregated
Global Test Loss: 8.2723	Global Test Acc: 0.0087
Round 2 use time: 13.85 min, ETA: 68.76 hours
================================================================================
Round 3
Selected 10 client IDs: [37 60 78 88 62  8 33 16 97 93]
eta_g: 1.0000, mean Overlap: 0.2930, mean Coverage: 0.9872, mean Coverage Ablation: 0.8642
Param name: conv1.weight, param overlap: 0.4188, param coverage: 1.0000, param coverage ablation: 1.0000
Param name: layer1.0.conv1.weight, param overlap: 0.2398, param coverage: 0.9878, param coverage ablation: 0.8447
Param name: layer1.0.conv2.weight, param overlap: 0.2398, param coverage: 0.9878, param coverage ablation: 0.8447
Param name: layer1.1.conv1.weight, param overlap: 0.2463, param coverage: 0.9917, param coverage ablation: 0.8655
Param name: layer1.1.conv2.weight, param overlap: 0.2463, param coverage: 0.9917, param coverage ablation: 0.8655
Param name: layer2.0.conv1.weight, param overlap: 0.2380, param coverage: 0.9852, param coverage ablation: 0.8336
Param name: layer2.0.conv2.weight, param overlap: 0.2393, param coverage: 0.9798, param coverage ablation: 0.8188
Param name: layer2.0.downsample.0.weight, param overlap: 0.2443, param coverage: 0.9882, param coverage ablation: 0.8569
Param name: layer2.1.conv1.weight, param overlap: 0.2422, param coverage: 0.9786, param coverage ablation: 0.8270
Param name: layer2.1.conv2.weight, param overlap: 0.2422, param coverage: 0.9786, param coverage ablation: 0.8270
Param name: layer3.0.conv1.weight, param overlap: 0.2443, param coverage: 0.9812, param coverage ablation: 0.8417
Param name: layer3.0.conv2.weight, param overlap: 0.2438, param coverage: 0.9843, param coverage ablation: 0.8431
Param name: layer3.0.downsample.0.weight, param overlap: 0.2455, param coverage: 0.9846, param coverage ablation: 0.8454
Param name: layer3.1.conv1.weight, param overlap: 0.2427, param coverage: 0.9846, param coverage ablation: 0.8363
Param name: layer3.1.conv2.weight, param overlap: 0.2427, param coverage: 0.9846, param coverage ablation: 0.8363
Param name: layer4.0.conv1.weight, param overlap: 0.2424, param coverage: 0.9856, param coverage ablation: 0.8431
Param name: layer4.0.conv2.weight, param overlap: 0.2410, param coverage: 0.9854, param coverage ablation: 0.8404
Param name: layer4.0.downsample.0.weight, param overlap: 0.2435, param coverage: 0.9860, param coverage ablation: 0.8472
Param name: layer4.1.conv1.weight, param overlap: 0.2430, param coverage: 0.9860, param coverage ablation: 0.8477
Param name: layer4.1.conv2.weight, param overlap: 0.2430, param coverage: 0.9860, param coverage ablation: 0.8477
Param name: fc.weight, param overlap: 0.4178, param coverage: 1.0000, param coverage ablation: 1.0000
Param name: fc.bias, param overlap: 1.0000, param coverage: 1.0000, param coverage ablation: 1.0000
Client 37	Capacity: 0.1	Model Size: 0.46 MB	Train Loss: 2.5177	Train Acc: 0.4889	Local Validation  Loss: 0.0000	Local Validation Acc: 0.0000	Global Validation Loss: 6.4560	Global Validation Acc: 0.0134
Client 60	Capacity: 0.5	Model Size: 10.85 MB	Train Loss: 0.0084	Train Acc: 1.0000	Local Validation  Loss: 0.0000	Local Validation Acc: 0.0000	Global Validation Loss: 7.4747	Global Validation Acc: 0.0189
Client 78	Capacity: 0.1	Model Size: 0.46 MB	Train Loss: 2.4758	Train Acc: 0.5325	Local Validation  Loss: 0.0000	Local Validation Acc: 0.0000	Global Validation Loss: 6.3658	Global Validation Acc: 0.0069
Client 88	Capacity: 0.75	Model Size: 24.26 MB	Train Loss: 0.0141	Train Acc: 1.0000	Local Validation  Loss: 0.0000	Local Validation Acc: 0.0000	Global Validation Loss: 7.6396	Global Validation Acc: 0.0212
Client 62	Capacity: 0.75	Model Size: 24.26 MB	Train Loss: 0.0042	Train Acc: 1.0000	Local Validation  Loss: 0.0000	Local Validation Acc: 0.0000	Global Validation Loss: 7.4592	Global Validation Acc: 0.0226
Client 8	Capacity: 0.5	Model Size: 10.85 MB	Train Loss: 0.0141	Train Acc: 1.0000	Local Validation  Loss: 0.0000	Local Validation Acc: 0.0000	Global Validation Loss: 7.1944	Global Validation Acc: 0.0267
Client 33	Capacity: 0.1	Model Size: 0.46 MB	Train Loss: 2.2314	Train Acc: 0.5952	Local Validation  Loss: 0.0000	Local Validation Acc: 0.0000	Global Validation Loss: 6.4283	Global Validation Acc: 0.0119
Client 16	Capacity: 0.25	Model Size: 2.77 MB	Train Loss: 0.2242	Train Acc: 0.9920	Local Validation  Loss: 0.0000	Local Validation Acc: 0.0000	Global Validation Loss: 6.6360	Global Validation Acc: 0.0197
Client 97	Capacity: 1.0	Model Size: 42.99 MB	Train Loss: 0.0376	Train Acc: 0.9963	Local Validation  Loss: 0.0000	Local Validation Acc: 0.0000	Global Validation Loss: 8.8196	Global Validation Acc: 0.0234
Client 93	Capacity: 0.5	Model Size: 10.85 MB	Train Loss: 0.0118	Train Acc: 1.0000	Local Validation  Loss: 0.0000	Local Validation Acc: 0.0000	Global Validation Loss: 7.1588	Global Validation Acc: 0.0200
Aggregated
Global Test Loss: 6.9902	Global Test Acc: 0.0197
Round 3 use time: 13.04 min, ETA: 64.56 hours
================================================================================
Round 4
Selected 10 client IDs: [54 81 91 92  4 58 45 84 17 56]
eta_g: 1.0000, mean Overlap: 0.2155, mean Coverage: 0.9119, mean Coverage Ablation: 0.9119
Param name: conv1.weight, param overlap: 0.3063, param coverage: 1.0000, param coverage ablation: 1.0000
Param name: layer1.0.conv1.weight, param overlap: 0.1618, param coverage: 0.9041, param coverage ablation: 0.9041
Param name: layer1.0.conv2.weight, param overlap: 0.1618, param coverage: 0.9041, param coverage ablation: 0.9041
Param name: layer1.1.conv1.weight, param overlap: 0.1643, param coverage: 0.8950, param coverage ablation: 0.8950
Param name: layer1.1.conv2.weight, param overlap: 0.1643, param coverage: 0.8950, param coverage ablation: 0.8950
Param name: layer2.0.conv1.weight, param overlap: 0.1603, param coverage: 0.8789, param coverage ablation: 0.8789
Param name: layer2.0.conv2.weight, param overlap: 0.1596, param coverage: 0.8764, param coverage ablation: 0.8764
Param name: layer2.0.downsample.0.weight, param overlap: 0.1594, param coverage: 0.8850, param coverage ablation: 0.8850
Param name: layer2.1.conv1.weight, param overlap: 0.1604, param coverage: 0.8928, param coverage ablation: 0.8928
Param name: layer2.1.conv2.weight, param overlap: 0.1604, param coverage: 0.8928, param coverage ablation: 0.8928
Param name: layer3.0.conv1.weight, param overlap: 0.1626, param coverage: 0.8921, param coverage ablation: 0.8921
Param name: layer3.0.conv2.weight, param overlap: 0.1661, param coverage: 0.9086, param coverage ablation: 0.9086
Param name: layer3.0.downsample.0.weight, param overlap: 0.1624, param coverage: 0.8959, param coverage ablation: 0.8959
Param name: layer3.1.conv1.weight, param overlap: 0.1657, param coverage: 0.9042, param coverage ablation: 0.9042
Param name: layer3.1.conv2.weight, param overlap: 0.1657, param coverage: 0.9042, param coverage ablation: 0.9042
Param name: layer4.0.conv1.weight, param overlap: 0.1672, param coverage: 0.9107, param coverage ablation: 0.9107
Param name: layer4.0.conv2.weight, param overlap: 0.1693, param coverage: 0.9048, param coverage ablation: 0.9048
Param name: layer4.0.downsample.0.weight, param overlap: 0.1674, param coverage: 0.9082, param coverage ablation: 0.9082
Param name: layer4.1.conv1.weight, param overlap: 0.1696, param coverage: 0.9043, param coverage ablation: 0.9043
Param name: layer4.1.conv2.weight, param overlap: 0.1696, param coverage: 0.9043, param coverage ablation: 0.9043
Param name: fc.weight, param overlap: 0.3160, param coverage: 1.0000, param coverage ablation: 1.0000
Param name: fc.bias, param overlap: 1.0000, param coverage: 1.0000, param coverage ablation: 1.0000
Client 54	Capacity: 0.5	Model Size: 10.85 MB	Train Loss: 0.0092	Train Acc: 1.0000	Local Validation  Loss: 0.0000	Local Validation Acc: 0.0000	Global Validation Loss: 7.2228	Global Validation Acc: 0.0213
Client 81	Capacity: 0.5	Model Size: 10.85 MB	Train Loss: 0.5080	Train Acc: 0.9940	Local Validation  Loss: 0.0000	Local Validation Acc: 0.0000	Global Validation Loss: 7.3317	Global Validation Acc: 0.0208
Client 91	Capacity: 0.75	Model Size: 24.26 MB	Train Loss: 0.0028	Train Acc: 1.0000	Local Validation  Loss: 0.0000	Local Validation Acc: 0.0000	Global Validation Loss: 8.1618	Global Validation Acc: 0.0228
Client 92	Capacity: 0.5	Model Size: 10.85 MB	Train Loss: 0.0175	Train Acc: 1.0000	Local Validation  Loss: 0.0000	Local Validation Acc: 0.0000	Global Validation Loss: 7.5829	Global Validation Acc: 0.0213
Client 4	Capacity: 0.1	Model Size: 0.46 MB	Train Loss: 2.0980	Train Acc: 0.6186	Local Validation  Loss: 0.0000	Local Validation Acc: 0.0000	Global Validation Loss: 6.3963	Global Validation Acc: 0.0140
Client 58	Capacity: 0.5	Model Size: 10.85 MB	Train Loss: 0.0086	Train Acc: 1.0000	Local Validation  Loss: 0.0000	Local Validation Acc: 0.0000	Global Validation Loss: 7.2421	Global Validation Acc: 0.0216
Client 45	Capacity: 0.1	Model Size: 0.46 MB	Train Loss: 2.2986	Train Acc: 0.5505	Local Validation  Loss: 0.0000	Local Validation Acc: 0.0000	Global Validation Loss: 6.5067	Global Validation Acc: 0.0127
Client 84	Capacity: 0.1	Model Size: 0.46 MB	Train Loss: 2.0059	Train Acc: 0.6354	Local Validation  Loss: 0.0000	Local Validation Acc: 0.0000	Global Validation Loss: 6.4363	Global Validation Acc: 0.0103
Client 17	Capacity: 0.1	Model Size: 0.46 MB	Train Loss: 2.2419	Train Acc: 0.5742	Local Validation  Loss: 0.0000	Local Validation Acc: 0.0000	Global Validation Loss: 6.5258	Global Validation Acc: 0.0103
Client 56	Capacity: 0.1	Model Size: 0.46 MB	Train Loss: 2.2614	Train Acc: 0.5579	Local Validation  Loss: 0.0000	Local Validation Acc: 0.0000	Global Validation Loss: 6.4121	Global Validation Acc: 0.0115
Aggregated
Global Test Loss: 7.8501	Global Test Acc: 0.0202
Round 4 use time: 9.99 min, ETA: 49.30 hours
================================================================================
Round 5
Selected 10 client IDs: [64 86  6 49 60 82  3 63 96 78]
eta_g: 1.0000, mean Overlap: 0.2187, mean Coverage: 0.9226, mean Coverage Ablation: 0.5875
Param name: conv1.weight, param overlap: 0.3078, param coverage: 1.0000, param coverage ablation: 1.0000
Param name: layer1.0.conv1.weight, param overlap: 0.1744, param coverage: 0.9236, param coverage ablation: 0.5601
Param name: layer1.0.conv2.weight, param overlap: 0.1744, param coverage: 0.9236, param coverage ablation: 0.5601
Param name: layer1.1.conv1.weight, param overlap: 0.1733, param coverage: 0.9214, param coverage ablation: 0.5579
Param name: layer1.1.conv2.weight, param overlap: 0.1733, param coverage: 0.9214, param coverage ablation: 0.5579
Param name: layer2.0.conv1.weight, param overlap: 0.1680, param coverage: 0.9075, param coverage ablation: 0.5190
Param name: layer2.0.conv2.weight, param overlap: 0.1672, param coverage: 0.9080, param coverage ablation: 0.5146
Param name: layer2.0.downsample.0.weight, param overlap: 0.1696, param coverage: 0.9120, param coverage ablation: 0.5292
Param name: layer2.1.conv1.weight, param overlap: 0.1721, param coverage: 0.9227, param coverage ablation: 0.5519
Param name: layer2.1.conv2.weight, param overlap: 0.1721, param coverage: 0.9227, param coverage ablation: 0.5519
Param name: layer3.0.conv1.weight, param overlap: 0.1676, param coverage: 0.9152, param coverage ablation: 0.5253
Param name: layer3.0.conv2.weight, param overlap: 0.1647, param coverage: 0.9031, param coverage ablation: 0.5003
Param name: layer3.0.downsample.0.weight, param overlap: 0.1653, param coverage: 0.9023, param coverage ablation: 0.5037
Param name: layer3.1.conv1.weight, param overlap: 0.1627, param coverage: 0.8957, param coverage ablation: 0.4802
Param name: layer3.1.conv2.weight, param overlap: 0.1627, param coverage: 0.8957, param coverage ablation: 0.4802
Param name: layer4.0.conv1.weight, param overlap: 0.1651, param coverage: 0.9001, param coverage ablation: 0.4981
Param name: layer4.0.conv2.weight, param overlap: 0.1669, param coverage: 0.9084, param coverage ablation: 0.5163
Param name: layer4.0.downsample.0.weight, param overlap: 0.1641, param coverage: 0.9011, param coverage ablation: 0.4936
Param name: layer4.1.conv1.weight, param overlap: 0.1667, param coverage: 0.9067, param coverage ablation: 0.5134
Param name: layer4.1.conv2.weight, param overlap: 0.1667, param coverage: 0.9067, param coverage ablation: 0.5134
Param name: fc.weight, param overlap: 0.3059, param coverage: 1.0000, param coverage ablation: 0.9980
Param name: fc.bias, param overlap: 1.0000, param coverage: 1.0000, param coverage ablation: 1.0000
Client 64	Capacity: 0.1	Model Size: 0.46 MB	Train Loss: 2.1056	Train Acc: 0.6307	Local Validation  Loss: 0.0000	Local Validation Acc: 0.0000	Global Validation Loss: 6.3927	Global Validation Acc: 0.0117
Client 86	Capacity: 0.1	Model Size: 0.46 MB	Train Loss: 2.4067	Train Acc: 0.5057	Local Validation  Loss: 0.0000	Local Validation Acc: 0.0000	Global Validation Loss: 6.3940	Global Validation Acc: 0.0146
Client 6	Capacity: 1.0	Model Size: 42.99 MB	Train Loss: 0.0324	Train Acc: 0.9970	Local Validation  Loss: 0.0000	Local Validation Acc: 0.0000	Global Validation Loss: 8.8269	Global Validation Acc: 0.0211
Client 49	Capacity: 0.25	Model Size: 2.77 MB	Train Loss: 0.1919	Train Acc: 0.9945	Local Validation  Loss: 0.0000	Local Validation Acc: 0.0000	Global Validation Loss: 6.6486	Global Validation Acc: 0.0190
Client 60	Capacity: 0.5	Model Size: 10.85 MB	Train Loss: 0.0078	Train Acc: 1.0000	Local Validation  Loss: 0.0000	Local Validation Acc: 0.0000	Global Validation Loss: 7.6233	Global Validation Acc: 0.0174
Client 82	Capacity: 0.5	Model Size: 10.85 MB	Train Loss: 0.0073	Train Acc: 1.0000	Local Validation  Loss: 0.0000	Local Validation Acc: 0.0000	Global Validation Loss: 7.2884	Global Validation Acc: 0.0253
Client 3	Capacity: 0.75	Model Size: 24.26 MB	Train Loss: 0.0031	Train Acc: 1.0000	Local Validation  Loss: 0.0000	Local Validation Acc: 0.0000	Global Validation Loss: 8.3353	Global Validation Acc: 0.0211
Client 63	Capacity: 0.1	Model Size: 0.46 MB	Train Loss: 2.1370	Train Acc: 0.6257	Local Validation  Loss: 0.0000	Local Validation Acc: 0.0000	Global Validation Loss: 6.4386	Global Validation Acc: 0.0101
Client 96	Capacity: 0.1	Model Size: 0.46 MB	Train Loss: 2.1591	Train Acc: 0.6070	Local Validation  Loss: 0.0000	Local Validation Acc: 0.0000	Global Validation Loss: 6.3541	Global Validation Acc: 0.0109
Client 78	Capacity: 0.1	Model Size: 0.46 MB	Train Loss: 2.4003	Train Acc: 0.5773	Local Validation  Loss: 0.0000	Local Validation Acc: 0.0000	Global Validation Loss: 6.3091	Global Validation Acc: 0.0128
Aggregated
Global Test Loss: 8.1066	Global Test Acc: 0.0236
Round 5 use time: 14.81 min, ETA: 72.83 hours
================================================================================
Round 6
Selected 10 client IDs: [12  4 19 92 26 75 46 69 48 55]
eta_g: 1.0000, mean Overlap: 0.1860, mean Coverage: 0.8237, mean Coverage Ablation: 0.8237
Param name: conv1.weight, param overlap: 0.2562, param coverage: 1.0000, param coverage ablation: 1.0000
Param name: layer1.0.conv1.weight, param overlap: 0.1366, param coverage: 0.7896, param coverage ablation: 0.7896
Param name: layer1.0.conv2.weight, param overlap: 0.1366, param coverage: 0.7896, param coverage ablation: 0.7896
Param name: layer1.1.conv1.weight, param overlap: 0.1356, param coverage: 0.7910, param coverage ablation: 0.7910
Param name: layer1.1.conv2.weight, param overlap: 0.1356, param coverage: 0.7910, param coverage ablation: 0.7910
Param name: layer2.0.conv1.weight, param overlap: 0.1341, param coverage: 0.8059, param coverage ablation: 0.8059
Param name: layer2.0.conv2.weight, param overlap: 0.1349, param coverage: 0.8208, param coverage ablation: 0.8208
Param name: layer2.0.downsample.0.weight, param overlap: 0.1358, param coverage: 0.8011, param coverage ablation: 0.8011
Param name: layer2.1.conv1.weight, param overlap: 0.1355, param coverage: 0.8277, param coverage ablation: 0.8277
Param name: layer2.1.conv2.weight, param overlap: 0.1355, param coverage: 0.8277, param coverage ablation: 0.8277
Param name: layer3.0.conv1.weight, param overlap: 0.1345, param coverage: 0.8056, param coverage ablation: 0.8056
Param name: layer3.0.conv2.weight, param overlap: 0.1350, param coverage: 0.7887, param coverage ablation: 0.7887
Param name: layer3.0.downsample.0.weight, param overlap: 0.1354, param coverage: 0.8055, param coverage ablation: 0.8055
Param name: layer3.1.conv1.weight, param overlap: 0.1350, param coverage: 0.7862, param coverage ablation: 0.7862
Param name: layer3.1.conv2.weight, param overlap: 0.1350, param coverage: 0.7862, param coverage ablation: 0.7862
Param name: layer4.0.conv1.weight, param overlap: 0.1361, param coverage: 0.7848, param coverage ablation: 0.7848
Param name: layer4.0.conv2.weight, param overlap: 0.1362, param coverage: 0.7778, param coverage ablation: 0.7778
Param name: layer4.0.downsample.0.weight, param overlap: 0.1354, param coverage: 0.7855, param coverage ablation: 0.7855
Param name: layer4.1.conv1.weight, param overlap: 0.1359, param coverage: 0.7784, param coverage ablation: 0.7784
Param name: layer4.1.conv2.weight, param overlap: 0.1359, param coverage: 0.7784, param coverage ablation: 0.7784
Param name: fc.weight, param overlap: 0.2605, param coverage: 1.0000, param coverage ablation: 1.0000
Param name: fc.bias, param overlap: 1.0000, param coverage: 1.0000, param coverage ablation: 1.0000
Client 12	Capacity: 0.1	Model Size: 0.46 MB	Train Loss: 1.9850	Train Acc: 0.6660	Local Validation  Loss: 0.0000	Local Validation Acc: 0.0000	Global Validation Loss: 6.3789	Global Validation Acc: 0.0135
Client 4	Capacity: 0.1	Model Size: 0.46 MB	Train Loss: 1.9034	Train Acc: 0.6625	Local Validation  Loss: 0.0000	Local Validation Acc: 0.0000	Global Validation Loss: 6.3557	Global Validation Acc: 0.0149
Client 19	Capacity: 0.25	Model Size: 2.77 MB	Train Loss: 0.0924	Train Acc: 1.0000	Local Validation  Loss: 0.0000	Local Validation Acc: 0.0000	Global Validation Loss: 6.8827	Global Validation Acc: 0.0174
Client 92	Capacity: 0.5	Model Size: 10.85 MB	Train Loss: 0.0085	Train Acc: 1.0000	Local Validation  Loss: 0.0000	Local Validation Acc: 0.0000	Global Validation Loss: 7.8026	Global Validation Acc: 0.0204
Client 26	Capacity: 0.1	Model Size: 0.46 MB	Train Loss: 1.9677	Train Acc: 0.6142	Local Validation  Loss: 0.0000	Local Validation Acc: 0.0000	Global Validation Loss: 6.5519	Global Validation Acc: 0.0142
Client 75	Capacity: 0.1	Model Size: 0.46 MB	Train Loss: 2.1800	Train Acc: 0.5870	Local Validation  Loss: 0.0000	Local Validation Acc: 0.0000	Global Validation Loss: 6.3266	Global Validation Acc: 0.0109
Client 46	Capacity: 0.1	Model Size: 0.46 MB	Train Loss: 1.9420	Train Acc: 0.6658	Local Validation  Loss: 0.0000	Local Validation Acc: 0.0000	Global Validation Loss: 6.5213	Global Validation Acc: 0.0103
Client 69	Capacity: 0.5	Model Size: 10.85 MB	Train Loss: 0.0072	Train Acc: 1.0000	Local Validation  Loss: 0.0000	Local Validation Acc: 0.0000	Global Validation Loss: 7.2170	Global Validation Acc: 0.0209
Client 48	Capacity: 0.75	Model Size: 24.26 MB	Train Loss: 0.0027	Train Acc: 1.0000	Local Validation  Loss: 0.0000	Local Validation Acc: 0.0000	Global Validation Loss: 8.3269	Global Validation Acc: 0.0201
Client 55	Capacity: 0.25	Model Size: 2.77 MB	Train Loss: 0.0827	Train Acc: 0.9991	Local Validation  Loss: 0.0000	Local Validation Acc: 0.0000	Global Validation Loss: 6.6929	Global Validation Acc: 0.0162
Aggregated
Global Test Loss: 8.9947	Global Test Acc: 0.0217
Round 6 use time: 11.76 min, ETA: 57.62 hours
================================================================================
Round 7
Selected 10 client IDs: [36 93  9 80 95 91 66 14 76 47]
eta_g: 1.0000, mean Overlap: 0.1870, mean Coverage: 0.7874, mean Coverage Ablation: 0.7874
Param name: conv1.weight, param overlap: 0.2516, param coverage: 1.0000, param coverage ablation: 1.0000
Param name: layer1.0.conv1.weight, param overlap: 0.1411, param coverage: 0.7708, param coverage ablation: 0.7708
Param name: layer1.0.conv2.weight, param overlap: 0.1411, param coverage: 0.7708, param coverage ablation: 0.7708
Param name: layer1.1.conv1.weight, param overlap: 0.1388, param coverage: 0.7915, param coverage ablation: 0.7915
Param name: layer1.1.conv2.weight, param overlap: 0.1388, param coverage: 0.7915, param coverage ablation: 0.7915
Param name: layer2.0.conv1.weight, param overlap: 0.1422, param coverage: 0.7762, param coverage ablation: 0.7762
Param name: layer2.0.conv2.weight, param overlap: 0.1443, param coverage: 0.7503, param coverage ablation: 0.7503
Param name: layer2.0.downsample.0.weight, param overlap: 0.1406, param coverage: 0.7733, param coverage ablation: 0.7733
Param name: layer2.1.conv1.weight, param overlap: 0.1425, param coverage: 0.7488, param coverage ablation: 0.7488
Param name: layer2.1.conv2.weight, param overlap: 0.1425, param coverage: 0.7488, param coverage ablation: 0.7488
Param name: layer3.0.conv1.weight, param overlap: 0.1396, param coverage: 0.7428, param coverage ablation: 0.7428
Param name: layer3.0.conv2.weight, param overlap: 0.1369, param coverage: 0.7402, param coverage ablation: 0.7402
Param name: layer3.0.downsample.0.weight, param overlap: 0.1395, param coverage: 0.7465, param coverage ablation: 0.7465
Param name: layer3.1.conv1.weight, param overlap: 0.1355, param coverage: 0.7454, param coverage ablation: 0.7454
Param name: layer3.1.conv2.weight, param overlap: 0.1355, param coverage: 0.7454, param coverage ablation: 0.7454
Param name: layer4.0.conv1.weight, param overlap: 0.1337, param coverage: 0.7417, param coverage ablation: 0.7417
Param name: layer4.0.conv2.weight, param overlap: 0.1314, param coverage: 0.7345, param coverage ablation: 0.7345
Param name: layer4.0.downsample.0.weight, param overlap: 0.1338, param coverage: 0.7399, param coverage ablation: 0.7399
Param name: layer4.1.conv1.weight, param overlap: 0.1316, param coverage: 0.7319, param coverage ablation: 0.7319
Param name: layer4.1.conv2.weight, param overlap: 0.1316, param coverage: 0.7319, param coverage ablation: 0.7319
Param name: fc.weight, param overlap: 0.2424, param coverage: 1.0000, param coverage ablation: 1.0000
Param name: fc.bias, param overlap: 1.0000, param coverage: 1.0000, param coverage ablation: 1.0000
Client 36	Capacity: 0.1	Model Size: 0.46 MB	Train Loss: 1.7601	Train Acc: 0.7000	Local Validation  Loss: 0.0000	Local Validation Acc: 0.0000	Global Validation Loss: 6.5386	Global Validation Acc: 0.0108
Client 93	Capacity: 0.5	Model Size: 10.85 MB	Train Loss: 0.0060	Train Acc: 1.0000	Local Validation  Loss: 0.0000	Local Validation Acc: 0.0000	Global Validation Loss: 7.5979	Global Validation Acc: 0.0204
Client 9	Capacity: 0.1	Model Size: 0.46 MB	Train Loss: 1.7551	Train Acc: 0.6791	Local Validation  Loss: 0.0000	Local Validation Acc: 0.0000	Global Validation Loss: 6.4138	Global Validation Acc: 0.0098
Client 80	Capacity: 0.1	Model Size: 0.46 MB	Train Loss: 2.2167	Train Acc: 0.6403	Local Validation  Loss: 0.0000	Local Validation Acc: 0.0000	Global Validation Loss: 6.3462	Global Validation Acc: 0.0108
Client 95	Capacity: 0.25	Model Size: 2.77 MB	Train Loss: 0.0605	Train Acc: 1.0000	Local Validation  Loss: 0.0000	Local Validation Acc: 0.0000	Global Validation Loss: 6.7500	Global Validation Acc: 0.0164
Client 91	Capacity: 0.75	Model Size: 24.26 MB	Train Loss: 0.0041	Train Acc: 1.0000	Local Validation  Loss: 0.0000	Local Validation Acc: 0.0000	Global Validation Loss: 8.5733	Global Validation Acc: 0.0249
Client 66	Capacity: 0.1	Model Size: 0.46 MB	Train Loss: 2.1097	Train Acc: 0.6217	Local Validation  Loss: 0.0000	Local Validation Acc: 0.0000	Global Validation Loss: 6.3474	Global Validation Acc: 0.0136
Client 14	Capacity: 0.1	Model Size: 0.46 MB	Train Loss: 1.8831	Train Acc: 0.6902	Local Validation  Loss: 0.0000	Local Validation Acc: 0.0000	Global Validation Loss: 6.6584	Global Validation Acc: 0.0119
Client 76	Capacity: 0.5	Model Size: 10.85 MB	Train Loss: 0.0532	Train Acc: 0.9981	Local Validation  Loss: 0.0000	Local Validation Acc: 0.0000	Global Validation Loss: 7.7187	Global Validation Acc: 0.0227
Client 47	Capacity: 0.1	Model Size: 0.46 MB	Train Loss: 1.7292	Train Acc: 0.7205	Local Validation  Loss: 0.0000	Local Validation Acc: 0.0000	Global Validation Loss: 6.3922	Global Validation Acc: 0.0099
Aggregated
Global Test Loss: 9.7659	Global Test Acc: 0.0274
Round 7 use time: 13.90 min, ETA: 67.88 hours
================================================================================
Round 8
Selected 10 client IDs: [ 8 90 82 74 44 93 51 73 75 81]
eta_g: 1.0000, mean Overlap: 0.2036, mean Coverage: 0.8393, mean Coverage Ablation: 0.8393
Param name: conv1.weight, param overlap: 0.3047, param coverage: 1.0000, param coverage ablation: 1.0000
Param name: layer1.0.conv1.weight, param overlap: 0.1578, param coverage: 0.8201, param coverage ablation: 0.8201
Param name: layer1.0.conv2.weight, param overlap: 0.1578, param coverage: 0.8201, param coverage ablation: 0.8201
Param name: layer1.1.conv1.weight, param overlap: 0.1544, param coverage: 0.8101, param coverage ablation: 0.8101
Param name: layer1.1.conv2.weight, param overlap: 0.1544, param coverage: 0.8101, param coverage ablation: 0.8101
Param name: layer2.0.conv1.weight, param overlap: 0.1560, param coverage: 0.8232, param coverage ablation: 0.8232
Param name: layer2.0.conv2.weight, param overlap: 0.1553, param coverage: 0.8290, param coverage ablation: 0.8290
Param name: layer2.0.downsample.0.weight, param overlap: 0.1538, param coverage: 0.8307, param coverage ablation: 0.8307
Param name: layer2.1.conv1.weight, param overlap: 0.1550, param coverage: 0.8212, param coverage ablation: 0.8212
Param name: layer2.1.conv2.weight, param overlap: 0.1550, param coverage: 0.8212, param coverage ablation: 0.8212
Param name: layer3.0.conv1.weight, param overlap: 0.1501, param coverage: 0.8192, param coverage ablation: 0.8192
Param name: layer3.0.conv2.weight, param overlap: 0.1478, param coverage: 0.8078, param coverage ablation: 0.8078
Param name: layer3.0.downsample.0.weight, param overlap: 0.1502, param coverage: 0.8221, param coverage ablation: 0.8221
Param name: layer3.1.conv1.weight, param overlap: 0.1483, param coverage: 0.8123, param coverage ablation: 0.8123
Param name: layer3.1.conv2.weight, param overlap: 0.1483, param coverage: 0.8123, param coverage ablation: 0.8123
Param name: layer4.0.conv1.weight, param overlap: 0.1480, param coverage: 0.8042, param coverage ablation: 0.8042
Param name: layer4.0.conv2.weight, param overlap: 0.1471, param coverage: 0.7981, param coverage ablation: 0.7981
Param name: layer4.0.downsample.0.weight, param overlap: 0.1468, param coverage: 0.8054, param coverage ablation: 0.8054
Param name: layer4.1.conv1.weight, param overlap: 0.1465, param coverage: 0.7990, param coverage ablation: 0.7990
Param name: layer4.1.conv2.weight, param overlap: 0.1465, param coverage: 0.7990, param coverage ablation: 0.7990
Param name: fc.weight, param overlap: 0.2949, param coverage: 1.0000, param coverage ablation: 1.0000
Param name: fc.bias, param overlap: 1.0000, param coverage: 1.0000, param coverage ablation: 1.0000
Client 8	Capacity: 0.5	Model Size: 10.85 MB	Train Loss: 0.0054	Train Acc: 1.0000	Local Validation  Loss: 0.0000	Local Validation Acc: 0.0000	Global Validation Loss: 7.5755	Global Validation Acc: 0.0202
Client 90	Capacity: 0.1	Model Size: 0.46 MB	Train Loss: 1.6789	Train Acc: 0.7242	Local Validation  Loss: 0.0000	Local Validation Acc: 0.0000	Global Validation Loss: 6.3750	Global Validation Acc: 0.0130
Client 82	Capacity: 0.5	Model Size: 10.85 MB	Train Loss: 0.0072	Train Acc: 1.0000	Local Validation  Loss: 0.0000	Local Validation Acc: 0.0000	Global Validation Loss: 7.6757	Global Validation Acc: 0.0257
Client 74	Capacity: 0.1	Model Size: 0.46 MB	Train Loss: 1.8681	Train Acc: 0.7115	Local Validation  Loss: 0.0000	Local Validation Acc: 0.0000	Global Validation Loss: 6.4530	Global Validation Acc: 0.0123
Client 44	Capacity: 0.5	Model Size: 10.85 MB	Train Loss: 0.0050	Train Acc: 1.0000	Local Validation  Loss: 0.0000	Local Validation Acc: 0.0000	Global Validation Loss: 7.7683	Global Validation Acc: 0.0221
Client 93	Capacity: 0.5	Model Size: 10.85 MB	Train Loss: 0.0059	Train Acc: 1.0000	Local Validation  Loss: 0.0000	Local Validation Acc: 0.0000	Global Validation Loss: 7.7621	Global Validation Acc: 0.0208
Client 51	Capacity: 0.25	Model Size: 2.77 MB	Train Loss: 0.0590	Train Acc: 1.0000	Local Validation  Loss: 0.0000	Local Validation Acc: 0.0000	Global Validation Loss: 6.8666	Global Validation Acc: 0.0119
Client 73	Capacity: 0.1	Model Size: 0.46 MB	Train Loss: 2.2252	Train Acc: 0.5730	Local Validation  Loss: 0.0000	Local Validation Acc: 0.0000	Global Validation Loss: 6.5299	Global Validation Acc: 0.0150
Client 75	Capacity: 0.1	Model Size: 0.46 MB	Train Loss: 2.0111	Train Acc: 0.6735	Local Validation  Loss: 0.0000	Local Validation Acc: 0.0000	Global Validation Loss: 6.3202	Global Validation Acc: 0.0129
Client 81	Capacity: 0.5	Model Size: 10.85 MB	Train Loss: 0.4904	Train Acc: 0.9952	Local Validation  Loss: 0.0000	Local Validation Acc: 0.0000	Global Validation Loss: 7.8302	Global Validation Acc: 0.0217
Aggregated
Global Test Loss: 10.0107	Global Test Acc: 0.0301
Round 8 use time: 10.75 min, ETA: 52.29 hours
================================================================================
Round 9
Selected 10 client IDs: [80 58 88 47 84 64 12 91 66 57]
eta_g: 1.0000, mean Overlap: 0.1893, mean Coverage: 0.8340, mean Coverage Ablation: 0.8340
Param name: conv1.weight, param overlap: 0.2344, param coverage: 1.0000, param coverage ablation: 1.0000
Param name: layer1.0.conv1.weight, param overlap: 0.1342, param coverage: 0.7981, param coverage ablation: 0.7981
Param name: layer1.0.conv2.weight, param overlap: 0.1342, param coverage: 0.7981, param coverage ablation: 0.7981
Param name: layer1.1.conv1.weight, param overlap: 0.1327, param coverage: 0.7935, param coverage ablation: 0.7935
Param name: layer1.1.conv2.weight, param overlap: 0.1327, param coverage: 0.7935, param coverage ablation: 0.7935
Param name: layer2.0.conv1.weight, param overlap: 0.1347, param coverage: 0.7920, param coverage ablation: 0.7920
Param name: layer2.0.conv2.weight, param overlap: 0.1353, param coverage: 0.7958, param coverage ablation: 0.7958
Param name: layer2.0.downsample.0.weight, param overlap: 0.1306, param coverage: 0.7860, param coverage ablation: 0.7860
Param name: layer2.1.conv1.weight, param overlap: 0.1331, param coverage: 0.7991, param coverage ablation: 0.7991
Param name: layer2.1.conv2.weight, param overlap: 0.1331, param coverage: 0.7991, param coverage ablation: 0.7991
Param name: layer3.0.conv1.weight, param overlap: 0.1376, param coverage: 0.8066, param coverage ablation: 0.8066
Param name: layer3.0.conv2.weight, param overlap: 0.1454, param coverage: 0.8145, param coverage ablation: 0.8145
Param name: layer3.0.downsample.0.weight, param overlap: 0.1366, param coverage: 0.8058, param coverage ablation: 0.8058
Param name: layer3.1.conv1.weight, param overlap: 0.1461, param coverage: 0.8042, param coverage ablation: 0.8042
Param name: layer3.1.conv2.weight, param overlap: 0.1461, param coverage: 0.8042, param coverage ablation: 0.8042
Param name: layer4.0.conv1.weight, param overlap: 0.1495, param coverage: 0.8229, param coverage ablation: 0.8229
Param name: layer4.0.conv2.weight, param overlap: 0.1545, param coverage: 0.8341, param coverage ablation: 0.8341
Param name: layer4.0.downsample.0.weight, param overlap: 0.1489, param coverage: 0.8252, param coverage ablation: 0.8252
Param name: layer4.1.conv1.weight, param overlap: 0.1532, param coverage: 0.8377, param coverage ablation: 0.8377
Param name: layer4.1.conv2.weight, param overlap: 0.1532, param coverage: 0.8377, param coverage ablation: 0.8377
Param name: fc.weight, param overlap: 0.2586, param coverage: 1.0000, param coverage ablation: 1.0000
Param name: fc.bias, param overlap: 1.0000, param coverage: 1.0000, param coverage ablation: 1.0000
Client 80	Capacity: 0.1	Model Size: 0.46 MB	Train Loss: 2.0156	Train Acc: 0.6742	Local Validation  Loss: 0.0000	Local Validation Acc: 0.0000	Global Validation Loss: 6.3605	Global Validation Acc: 0.0097
Client 58	Capacity: 0.5	Model Size: 10.85 MB	Train Loss: 0.0055	Train Acc: 1.0000	Local Validation  Loss: 0.0000	Local Validation Acc: 0.0000	Global Validation Loss: 7.6868	Global Validation Acc: 0.0220
Client 88	Capacity: 0.75	Model Size: 24.26 MB	Train Loss: 0.0021	Train Acc: 1.0000	Local Validation  Loss: 0.0000	Local Validation Acc: 0.0000	Global Validation Loss: 8.4429	Global Validation Acc: 0.0206
Client 47	Capacity: 0.1	Model Size: 0.46 MB	Train Loss: 1.7370	Train Acc: 0.6982	Local Validation  Loss: 0.0000	Local Validation Acc: 0.0000	Global Validation Loss: 6.4345	Global Validation Acc: 0.0104
Client 84	Capacity: 0.1	Model Size: 0.46 MB	Train Loss: 1.6574	Train Acc: 0.7528	Local Validation  Loss: 0.0000	Local Validation Acc: 0.0000	Global Validation Loss: 6.4461	Global Validation Acc: 0.0095
Client 64	Capacity: 0.1	Model Size: 0.46 MB	Train Loss: 1.7093	Train Acc: 0.7221	Local Validation  Loss: 0.0000	Local Validation Acc: 0.0000	Global Validation Loss: 6.4006	Global Validation Acc: 0.0134
Client 12	Capacity: 0.1	Model Size: 0.46 MB	Train Loss: 1.7637	Train Acc: 0.7239	Local Validation  Loss: 0.0000	Local Validation Acc: 0.0000	Global Validation Loss: 6.3759	Global Validation Acc: 0.0145
Client 91	Capacity: 0.75	Model Size: 24.26 MB	Train Loss: 0.0146	Train Acc: 0.9990	Local Validation  Loss: 0.0000	Local Validation Acc: 0.0000	Global Validation Loss: 8.8424	Global Validation Acc: 0.0227
Client 66	Capacity: 0.1	Model Size: 0.46 MB	Train Loss: 1.8860	Train Acc: 0.7008	Local Validation  Loss: 0.0000	Local Validation Acc: 0.0000	Global Validation Loss: 6.3800	Global Validation Acc: 0.0117
Client 57	Capacity: 0.1	Model Size: 0.46 MB	Train Loss: 2.7042	Train Acc: 0.4579	Local Validation  Loss: 0.0000	Local Validation Acc: 0.0000	Global Validation Loss: 6.3058	Global Validation Acc: 0.0134
Aggregated
Global Test Loss: 10.1375	Global Test Acc: 0.0288
Round 9 use time: 12.13 min, ETA: 58.81 hours
================================================================================
Round 10
Selected 10 client IDs: [ 6 14 13 45 71 20 54 50 17 84]
eta_g: 1.0000, mean Overlap: 0.1786, mean Coverage: 0.8319, mean Coverage Ablation: 0.3467
Param name: conv1.weight, param overlap: 0.2141, param coverage: 1.0000, param coverage ablation: 1.0000
Param name: layer1.0.conv1.weight, param overlap: 0.1273, param coverage: 0.7444, param coverage ablation: 0.2019
Param name: layer1.0.conv2.weight, param overlap: 0.1273, param coverage: 0.7444, param coverage ablation: 0.2019
Param name: layer1.1.conv1.weight, param overlap: 0.1289, param coverage: 0.7341, param coverage ablation: 0.2109
Param name: layer1.1.conv2.weight, param overlap: 0.1289, param coverage: 0.7341, param coverage ablation: 0.2109
Param name: layer2.0.conv1.weight, param overlap: 0.1278, param coverage: 0.7458, param coverage ablation: 0.2069
Param name: layer2.0.conv2.weight, param overlap: 0.1290, param coverage: 0.7533, param coverage ablation: 0.2175
Param name: layer2.0.downsample.0.weight, param overlap: 0.1277, param coverage: 0.7286, param coverage ablation: 0.2007
Param name: layer2.1.conv1.weight, param overlap: 0.1281, param coverage: 0.7352, param coverage ablation: 0.2050
Param name: layer2.1.conv2.weight, param overlap: 0.1281, param coverage: 0.7352, param coverage ablation: 0.2050
Param name: layer3.0.conv1.weight, param overlap: 0.1303, param coverage: 0.7878, param coverage ablation: 0.2377
Param name: layer3.0.conv2.weight, param overlap: 0.1330, param coverage: 0.8468, param coverage ablation: 0.2733
Param name: layer3.0.downsample.0.weight, param overlap: 0.1310, param coverage: 0.7910, param coverage ablation: 0.2440
Param name: layer3.1.conv1.weight, param overlap: 0.1339, param coverage: 0.8418, param coverage ablation: 0.2794
Param name: layer3.1.conv2.weight, param overlap: 0.1339, param coverage: 0.8418, param coverage ablation: 0.2794
Param name: layer4.0.conv1.weight, param overlap: 0.1326, param coverage: 0.8888, param coverage ablation: 0.2830
Param name: layer4.0.conv2.weight, param overlap: 0.1325, param coverage: 0.9247, param coverage ablation: 0.2932
Param name: layer4.0.downsample.0.weight, param overlap: 0.1332, param coverage: 0.8852, param coverage ablation: 0.2870
Param name: layer4.1.conv1.weight, param overlap: 0.1330, param coverage: 0.9198, param coverage ablation: 0.2953
Param name: layer4.1.conv2.weight, param overlap: 0.1330, param coverage: 0.9198, param coverage ablation: 0.2953
Param name: fc.weight, param overlap: 0.2348, param coverage: 1.0000, param coverage ablation: 0.9980
Param name: fc.bias, param overlap: 1.0000, param coverage: 1.0000, param coverage ablation: 1.0000
Decaying global learning rate at round 10, new eta_g: 0.9000
Client 6	Capacity: 1.0	Model Size: 42.99 MB	Train Loss: 0.0010	Train Acc: 1.0000	Local Validation  Loss: 0.0000	Local Validation Acc: 0.0000	Global Validation Loss: 8.4461	Global Validation Acc: 0.0236
Client 14	Capacity: 0.1	Model Size: 0.46 MB	Train Loss: 1.7418	Train Acc: 0.6935	Local Validation  Loss: 0.0000	Local Validation Acc: 0.0000	Global Validation Loss: 6.6552	Global Validation Acc: 0.0131
Client 13	Capacity: 0.1	Model Size: 0.46 MB	Train Loss: 1.6699	Train Acc: 0.7247	Local Validation  Loss: 0.0000	Local Validation Acc: 0.0000	Global Validation Loss: 6.3448	Global Validation Acc: 0.0122
Client 45	Capacity: 0.1	Model Size: 0.46 MB	Train Loss: 1.5599	Train Acc: 0.7817	Local Validation  Loss: 0.0000	Local Validation Acc: 0.0000	Global Validation Loss: 6.4416	Global Validation Acc: 0.0126
Client 71	Capacity: 0.1	Model Size: 0.46 MB	Train Loss: 1.6403	Train Acc: 0.7949	Local Validation  Loss: 0.0000	Local Validation Acc: 0.0000	Global Validation Loss: 6.4253	Global Validation Acc: 0.0083
Client 20	Capacity: 0.25	Model Size: 2.77 MB	Train Loss: 0.0687	Train Acc: 1.0000	Local Validation  Loss: 0.0000	Local Validation Acc: 0.0000	Global Validation Loss: 6.9756	Global Validation Acc: 0.0196
Client 54	Capacity: 0.5	Model Size: 10.85 MB	Train Loss: 0.0041	Train Acc: 1.0000	Local Validation  Loss: 0.0000	Local Validation Acc: 0.0000	Global Validation Loss: 7.7538	Global Validation Acc: 0.0214
Client 50	Capacity: 0.1	Model Size: 0.46 MB	Train Loss: 1.7990	Train Acc: 0.6570	Local Validation  Loss: 0.0000	Local Validation Acc: 0.0000	Global Validation Loss: 6.4539	Global Validation Acc: 0.0145
Client 17	Capacity: 0.1	Model Size: 0.46 MB	Train Loss: 1.6214	Train Acc: 0.7567	Local Validation  Loss: 0.0000	Local Validation Acc: 0.0000	Global Validation Loss: 6.4742	Global Validation Acc: 0.0105
Client 84	Capacity: 0.1	Model Size: 0.46 MB	Train Loss: 1.4617	Train Acc: 0.7844	Local Validation  Loss: 0.0000	Local Validation Acc: 0.0000	Global Validation Loss: 6.3953	Global Validation Acc: 0.0082
Aggregated
Global Test Loss: 8.7185	Global Test Acc: 0.0285
Round 10 use time: 14.52 min, ETA: 70.16 hours
================================================================================
Round 11
Selected 10 client IDs: [32 66 90 16 41 13 81 87 19 68]
eta_g: 0.9000, mean Overlap: 0.1633, mean Coverage: 0.6138, mean Coverage Ablation: 0.6138
Param name: conv1.weight, param overlap: 0.2016, param coverage: 1.0000, param coverage ablation: 1.0000
Param name: layer1.0.conv1.weight, param overlap: 0.1186, param coverage: 0.5427, param coverage ablation: 0.5427
Param name: layer1.0.conv2.weight, param overlap: 0.1186, param coverage: 0.5427, param coverage ablation: 0.5427
Param name: layer1.1.conv1.weight, param overlap: 0.1150, param coverage: 0.5435, param coverage ablation: 0.5435
Param name: layer1.1.conv2.weight, param overlap: 0.1150, param coverage: 0.5435, param coverage ablation: 0.5435
Param name: layer2.0.conv1.weight, param overlap: 0.1167, param coverage: 0.5514, param coverage ablation: 0.5514
Param name: layer2.0.conv2.weight, param overlap: 0.1162, param coverage: 0.5556, param coverage ablation: 0.5556
Param name: layer2.0.downsample.0.weight, param overlap: 0.1158, param coverage: 0.5542, param coverage ablation: 0.5542
Param name: layer2.1.conv1.weight, param overlap: 0.1155, param coverage: 0.5508, param coverage ablation: 0.5508
Param name: layer2.1.conv2.weight, param overlap: 0.1155, param coverage: 0.5508, param coverage ablation: 0.5508
Param name: layer3.0.conv1.weight, param overlap: 0.1124, param coverage: 0.5643, param coverage ablation: 0.5643
Param name: layer3.0.conv2.weight, param overlap: 0.1139, param coverage: 0.5551, param coverage ablation: 0.5551
Param name: layer3.0.downsample.0.weight, param overlap: 0.1124, param coverage: 0.5694, param coverage ablation: 0.5694
Param name: layer3.1.conv1.weight, param overlap: 0.1142, param coverage: 0.5522, param coverage ablation: 0.5522
Param name: layer3.1.conv2.weight, param overlap: 0.1142, param coverage: 0.5522, param coverage ablation: 0.5522
Param name: layer4.0.conv1.weight, param overlap: 0.1139, param coverage: 0.5586, param coverage ablation: 0.5586
Param name: layer4.0.conv2.weight, param overlap: 0.1147, param coverage: 0.5514, param coverage ablation: 0.5514
Param name: layer4.0.downsample.0.weight, param overlap: 0.1138, param coverage: 0.5565, param coverage ablation: 0.5565
Param name: layer4.1.conv1.weight, param overlap: 0.1150, param coverage: 0.5546, param coverage ablation: 0.5546
Param name: layer4.1.conv2.weight, param overlap: 0.1150, param coverage: 0.5546, param coverage ablation: 0.5546
Param name: fc.weight, param overlap: 0.2041, param coverage: 1.0000, param coverage ablation: 1.0000
Param name: fc.bias, param overlap: 1.0000, param coverage: 1.0000, param coverage ablation: 1.0000
Client 32	Capacity: 0.1	Model Size: 0.46 MB	Train Loss: 1.5314	Train Acc: 0.7391	Local Validation  Loss: 0.0000	Local Validation Acc: 0.0000	Global Validation Loss: 6.5551	Global Validation Acc: 0.0132
Client 66	Capacity: 0.1	Model Size: 0.46 MB	Train Loss: 1.8475	Train Acc: 0.6998	Local Validation  Loss: 0.0000	Local Validation Acc: 0.0000	Global Validation Loss: 6.3970	Global Validation Acc: 0.0090
Client 90	Capacity: 0.1	Model Size: 0.46 MB	Train Loss: 1.5159	Train Acc: 0.7772	Local Validation  Loss: 0.0000	Local Validation Acc: 0.0000	Global Validation Loss: 6.3820	Global Validation Acc: 0.0132
Client 16	Capacity: 0.25	Model Size: 2.77 MB	Train Loss: 0.0394	Train Acc: 1.0000	Local Validation  Loss: 0.0000	Local Validation Acc: 0.0000	Global Validation Loss: 6.8559	Global Validation Acc: 0.0202
Client 41	Capacity: 0.5	Model Size: 10.85 MB	Train Loss: 0.0037	Train Acc: 1.0000	Local Validation  Loss: 0.0000	Local Validation Acc: 0.0000	Global Validation Loss: 7.9318	Global Validation Acc: 0.0199
Client 13	Capacity: 0.1	Model Size: 0.46 MB	Train Loss: 1.6575	Train Acc: 0.7178	Local Validation  Loss: 0.0000	Local Validation Acc: 0.0000	Global Validation Loss: 6.4848	Global Validation Acc: 0.0118
Client 81	Capacity: 0.5	Model Size: 10.85 MB	Train Loss: 0.4617	Train Acc: 0.9988	Local Validation  Loss: 0.0000	Local Validation Acc: 0.0000	Global Validation Loss: 7.6321	Global Validation Acc: 0.0219
Client 87	Capacity: 0.1	Model Size: 0.46 MB	Train Loss: 1.5475	Train Acc: 0.7655	Local Validation  Loss: 0.0000	Local Validation Acc: 0.0000	Global Validation Loss: 6.4090	Global Validation Acc: 0.0143
Client 19	Capacity: 0.25	Model Size: 2.77 MB	Train Loss: 0.0419	Train Acc: 1.0000	Local Validation  Loss: 0.0000	Local Validation Acc: 0.0000	Global Validation Loss: 7.0063	Global Validation Acc: 0.0199
Client 68	Capacity: 0.1	Model Size: 0.46 MB	Train Loss: 2.5158	Train Acc: 0.5112	Local Validation  Loss: 0.0000	Local Validation Acc: 0.0000	Global Validation Loss: 6.4069	Global Validation Acc: 0.0116
Aggregated
Global Test Loss: 10.0561	Global Test Acc: 0.0286
Round 11 use time: 13.72 min, ETA: 66.10 hours
================================================================================
Round 12
Selected 10 client IDs: [51 16 79 90 74 58 85 41 67 19]
eta_g: 0.9000, mean Overlap: 0.2011, mean Coverage: 0.9094, mean Coverage Ablation: 0.4560
Param name: conv1.weight, param overlap: 0.3000, param coverage: 1.0000, param coverage ablation: 0.9844
Param name: layer1.0.conv1.weight, param overlap: 0.1452, param coverage: 0.9016, param coverage ablation: 0.3542
Param name: layer1.0.conv2.weight, param overlap: 0.1452, param coverage: 0.9016, param coverage ablation: 0.3542
Param name: layer1.1.conv1.weight, param overlap: 0.1454, param coverage: 0.8872, param coverage ablation: 0.3494
Param name: layer1.1.conv2.weight, param overlap: 0.1454, param coverage: 0.8872, param coverage ablation: 0.3494
Param name: layer2.0.conv1.weight, param overlap: 0.1464, param coverage: 0.9084, param coverage ablation: 0.3712
Param name: layer2.0.conv2.weight, param overlap: 0.1461, param coverage: 0.8854, param coverage ablation: 0.3599
Param name: layer2.0.downsample.0.weight, param overlap: 0.1434, param coverage: 0.8881, param coverage ablation: 0.3379
Param name: layer2.1.conv1.weight, param overlap: 0.1439, param coverage: 0.8774, param coverage ablation: 0.3369
Param name: layer2.1.conv2.weight, param overlap: 0.1439, param coverage: 0.8774, param coverage ablation: 0.3369
Param name: layer3.0.conv1.weight, param overlap: 0.1456, param coverage: 0.8841, param coverage ablation: 0.3567
Param name: layer3.0.conv2.weight, param overlap: 0.1498, param coverage: 0.9012, param coverage ablation: 0.3868
Param name: layer3.0.downsample.0.weight, param overlap: 0.1451, param coverage: 0.8905, param coverage ablation: 0.3528
Param name: layer3.1.conv1.weight, param overlap: 0.1494, param coverage: 0.8976, param coverage ablation: 0.3822
Param name: layer3.1.conv2.weight, param overlap: 0.1494, param coverage: 0.8976, param coverage ablation: 0.3822
Param name: layer4.0.conv1.weight, param overlap: 0.1525, param coverage: 0.9007, param coverage ablation: 0.4044
Param name: layer4.0.conv2.weight, param overlap: 0.1560, param coverage: 0.9019, param coverage ablation: 0.4182
Param name: layer4.0.downsample.0.weight, param overlap: 0.1530, param coverage: 0.9064, param coverage ablation: 0.4100
Param name: layer4.1.conv1.weight, param overlap: 0.1550, param coverage: 0.9060, param coverage ablation: 0.4165
Param name: layer4.1.conv2.weight, param overlap: 0.1550, param coverage: 0.9060, param coverage ablation: 0.4165
Param name: fc.weight, param overlap: 0.3078, param coverage: 1.0000, param coverage ablation: 0.9707
Param name: fc.bias, param overlap: 1.0000, param coverage: 1.0000, param coverage ablation: 1.0000
Client 51	Capacity: 0.25	Model Size: 2.77 MB	Train Loss: 0.0358	Train Acc: 1.0000	Local Validation  Loss: 0.0000	Local Validation Acc: 0.0000	Global Validation Loss: 7.1108	Global Validation Acc: 0.0127
Client 16	Capacity: 0.25	Model Size: 2.77 MB	Train Loss: 0.0324	Train Acc: 1.0000	Local Validation  Loss: 0.0000	Local Validation Acc: 0.0000	Global Validation Loss: 6.9665	Global Validation Acc: 0.0193
Client 79	Capacity: 0.1	Model Size: 0.46 MB	Train Loss: 1.9301	Train Acc: 0.6580	Local Validation  Loss: 0.0000	Local Validation Acc: 0.0000	Global Validation Loss: 6.3111	Global Validation Acc: 0.0139
Client 90	Capacity: 0.1	Model Size: 0.46 MB	Train Loss: 1.6104	Train Acc: 0.7213	Local Validation  Loss: 0.0000	Local Validation Acc: 0.0000	Global Validation Loss: 6.4536	Global Validation Acc: 0.0130
Client 74	Capacity: 0.1	Model Size: 0.46 MB	Train Loss: 1.4175	Train Acc: 0.8114	Local Validation  Loss: 0.0000	Local Validation Acc: 0.0000	Global Validation Loss: 6.4480	Global Validation Acc: 0.0118
Client 58	Capacity: 0.5	Model Size: 10.85 MB	Train Loss: 0.0025	Train Acc: 1.0000	Local Validation  Loss: 0.0000	Local Validation Acc: 0.0000	Global Validation Loss: 7.9848	Global Validation Acc: 0.0214
Client 85	Capacity: 1.0	Model Size: 42.99 MB	Train Loss: 0.0241	Train Acc: 0.9950	Local Validation  Loss: 0.0000	Local Validation Acc: 0.0000	Global Validation Loss: 8.4828	Global Validation Acc: 0.0239
Client 41	Capacity: 0.5	Model Size: 10.85 MB	Train Loss: 0.0033	Train Acc: 1.0000	Local Validation  Loss: 0.0000	Local Validation Acc: 0.0000	Global Validation Loss: 7.7702	Global Validation Acc: 0.0218
Client 67	Capacity: 0.25	Model Size: 2.77 MB	Train Loss: 0.0379	Train Acc: 1.0000	Local Validation  Loss: 0.0000	Local Validation Acc: 0.0000	Global Validation Loss: 6.9374	Global Validation Acc: 0.0188
Client 19	Capacity: 0.25	Model Size: 2.77 MB	Train Loss: 0.0373	Train Acc: 1.0000	Local Validation  Loss: 0.0000	Local Validation Acc: 0.0000	Global Validation Loss: 7.0764	Global Validation Acc: 0.0187
Aggregated
Global Test Loss: 8.6373	Global Test Acc: 0.0324
Round 12 use time: 12.26 min, ETA: 58.84 hours
================================================================================
Round 13
Selected 10 client IDs: [51 41 72 83 22 12 23  6  3 31]
eta_g: 0.9000, mean Overlap: 0.2246, mean Coverage: 0.9583, mean Coverage Ablation: 0.6241
Param name: conv1.weight, param overlap: 0.3016, param coverage: 1.0000, param coverage ablation: 0.9844
Param name: layer1.0.conv1.weight, param overlap: 0.1605, param coverage: 0.9412, param coverage ablation: 0.4783
Param name: layer1.0.conv2.weight, param overlap: 0.1605, param coverage: 0.9412, param coverage ablation: 0.4783
Param name: layer1.1.conv1.weight, param overlap: 0.1600, param coverage: 0.9258, param coverage ablation: 0.4631
Param name: layer1.1.conv2.weight, param overlap: 0.1600, param coverage: 0.9258, param coverage ablation: 0.4631
Param name: layer2.0.conv1.weight, param overlap: 0.1597, param coverage: 0.9305, param coverage ablation: 0.4668
Param name: layer2.0.conv2.weight, param overlap: 0.1617, param coverage: 0.9336, param coverage ablation: 0.4807
Param name: layer2.0.downsample.0.weight, param overlap: 0.1617, param coverage: 0.9294, param coverage ablation: 0.4788
Param name: layer2.1.conv1.weight, param overlap: 0.1611, param coverage: 0.9275, param coverage ablation: 0.4705
Param name: layer2.1.conv2.weight, param overlap: 0.1611, param coverage: 0.9275, param coverage ablation: 0.4705
Param name: layer3.0.conv1.weight, param overlap: 0.1767, param coverage: 0.9683, param coverage ablation: 0.5952
Param name: layer3.0.conv2.weight, param overlap: 0.1959, param coverage: 0.9859, param coverage ablation: 0.7121
Param name: layer3.0.downsample.0.weight, param overlap: 0.1768, param coverage: 0.9721, param coverage ablation: 0.5968
Param name: layer3.1.conv1.weight, param overlap: 0.1949, param coverage: 0.9855, param coverage ablation: 0.7115
Param name: layer3.1.conv2.weight, param overlap: 0.1949, param coverage: 0.9855, param coverage ablation: 0.7115
Param name: layer4.0.conv1.weight, param overlap: 0.1890, param coverage: 0.9731, param coverage ablation: 0.6638
Param name: layer4.0.conv2.weight, param overlap: 0.1842, param coverage: 0.9520, param coverage ablation: 0.6155
Param name: layer4.0.downsample.0.weight, param overlap: 0.1895, param coverage: 0.9715, param coverage ablation: 0.6638
Param name: layer4.1.conv1.weight, param overlap: 0.1841, param coverage: 0.9534, param coverage ablation: 0.6132
Param name: layer4.1.conv2.weight, param overlap: 0.1841, param coverage: 0.9534, param coverage ablation: 0.6132
Param name: fc.weight, param overlap: 0.3234, param coverage: 1.0000, param coverage ablation: 1.0000
Param name: fc.bias, param overlap: 1.0000, param coverage: 1.0000, param coverage ablation: 1.0000
Client 51	Capacity: 0.25	Model Size: 2.77 MB	Train Loss: 0.0314	Train Acc: 1.0000	Local Validation  Loss: 0.0000	Local Validation Acc: 0.0000	Global Validation Loss: 7.1287	Global Validation Acc: 0.0129
Client 41	Capacity: 0.5	Model Size: 10.85 MB	Train Loss: 0.0024	Train Acc: 1.0000	Local Validation  Loss: 0.0000	Local Validation Acc: 0.0000	Global Validation Loss: 8.1340	Global Validation Acc: 0.0207
Client 72	Capacity: 0.1	Model Size: 0.46 MB	Train Loss: 1.3775	Train Acc: 0.8151	Local Validation  Loss: 0.0000	Local Validation Acc: 0.0000	Global Validation Loss: 6.5040	Global Validation Acc: 0.0092
Client 83	Capacity: 0.1	Model Size: 0.46 MB	Train Loss: 1.5685	Train Acc: 0.7508	Local Validation  Loss: 0.0000	Local Validation Acc: 0.0000	Global Validation Loss: 6.4156	Global Validation Acc: 0.0145
Client 22	Capacity: 0.25	Model Size: 2.77 MB	Train Loss: 0.0319	Train Acc: 1.0000	Local Validation  Loss: 0.0000	Local Validation Acc: 0.0000	Global Validation Loss: 6.9976	Global Validation Acc: 0.0179
Client 12	Capacity: 0.1	Model Size: 0.46 MB	Train Loss: 1.6413	Train Acc: 0.7323	Local Validation  Loss: 0.0000	Local Validation Acc: 0.0000	Global Validation Loss: 6.4423	Global Validation Acc: 0.0113
Client 23	Capacity: 0.1	Model Size: 0.46 MB	Train Loss: 1.6133	Train Acc: 0.7717	Local Validation  Loss: 0.0000	Local Validation Acc: 0.0000	Global Validation Loss: 6.4180	Global Validation Acc: 0.0100
Client 6	Capacity: 1.0	Model Size: 42.99 MB	Train Loss: 0.0008	Train Acc: 1.0000	Local Validation  Loss: 0.0000	Local Validation Acc: 0.0000	Global Validation Loss: 8.5216	Global Validation Acc: 0.0262
Client 3	Capacity: 0.75	Model Size: 24.26 MB	Train Loss: 0.1544	Train Acc: 0.9646	Local Validation  Loss: 0.0000	Local Validation Acc: 0.0000	Global Validation Loss: 8.9411	Global Validation Acc: 0.0219
Client 31	Capacity: 0.25	Model Size: 2.77 MB	Train Loss: 0.0328	Train Acc: 1.0000	Local Validation  Loss: 0.0000	Local Validation Acc: 0.0000	Global Validation Loss: 7.1053	Global Validation Acc: 0.0155
Aggregated
Global Test Loss: 8.1891	Global Test Acc: 0.0335
Round 13 use time: 13.63 min, ETA: 65.18 hours
================================================================================
Round 14
Selected 10 client IDs: [37 99 28 64 59 23 98  7 90 38]
eta_g: 0.9000, mean Overlap: 0.1493, mean Coverage: 0.5563, mean Coverage Ablation: 0.5563
Param name: conv1.weight, param overlap: 0.1516, param coverage: 1.0000, param coverage ablation: 1.0000
Param name: layer1.0.conv1.weight, param overlap: 0.1041, param coverage: 0.5195, param coverage ablation: 0.5195
Param name: layer1.0.conv2.weight, param overlap: 0.1041, param coverage: 0.5195, param coverage ablation: 0.5195
Param name: layer1.1.conv1.weight, param overlap: 0.1045, param coverage: 0.5176, param coverage ablation: 0.5176
Param name: layer1.1.conv2.weight, param overlap: 0.1045, param coverage: 0.5176, param coverage ablation: 0.5176
Param name: layer2.0.conv1.weight, param overlap: 0.1051, param coverage: 0.5245, param coverage ablation: 0.5245
Param name: layer2.0.conv2.weight, param overlap: 0.1048, param coverage: 0.5261, param coverage ablation: 0.5261
Param name: layer2.0.downsample.0.weight, param overlap: 0.1051, param coverage: 0.5046, param coverage ablation: 0.5046
Param name: layer2.1.conv1.weight, param overlap: 0.1050, param coverage: 0.5350, param coverage ablation: 0.5350
Param name: layer2.1.conv2.weight, param overlap: 0.1050, param coverage: 0.5350, param coverage ablation: 0.5350
Param name: layer3.0.conv1.weight, param overlap: 0.1032, param coverage: 0.4614, param coverage ablation: 0.4614
Param name: layer3.0.conv2.weight, param overlap: 0.1029, param coverage: 0.4347, param coverage ablation: 0.4347
Param name: layer3.0.downsample.0.weight, param overlap: 0.1032, param coverage: 0.4814, param coverage ablation: 0.4814
Param name: layer3.1.conv1.weight, param overlap: 0.1029, param coverage: 0.4419, param coverage ablation: 0.4419
Param name: layer3.1.conv2.weight, param overlap: 0.1029, param coverage: 0.4419, param coverage ablation: 0.4419
Param name: layer4.0.conv1.weight, param overlap: 0.1037, param coverage: 0.4634, param coverage ablation: 0.4634
Param name: layer4.0.conv2.weight, param overlap: 0.1042, param coverage: 0.4666, param coverage ablation: 0.4666
Param name: layer4.0.downsample.0.weight, param overlap: 0.1034, param coverage: 0.4565, param coverage ablation: 0.4565
Param name: layer4.1.conv1.weight, param overlap: 0.1041, param coverage: 0.4611, param coverage ablation: 0.4611
Param name: layer4.1.conv2.weight, param overlap: 0.1041, param coverage: 0.4611, param coverage ablation: 0.4611
Param name: fc.weight, param overlap: 0.1569, param coverage: 0.9688, param coverage ablation: 0.9688
Param name: fc.bias, param overlap: 1.0000, param coverage: 1.0000, param coverage ablation: 1.0000
Client 37	Capacity: 0.1	Model Size: 0.46 MB	Train Loss: 1.6031	Train Acc: 0.7333	Local Validation  Loss: 0.0000	Local Validation Acc: 0.0000	Global Validation Loss: 6.4667	Global Validation Acc: 0.0145
Client 99	Capacity: 0.1	Model Size: 0.46 MB	Train Loss: 1.7979	Train Acc: 0.7068	Local Validation  Loss: 0.0000	Local Validation Acc: 0.0000	Global Validation Loss: 6.0944	Global Validation Acc: 0.0152
Client 28	Capacity: 0.1	Model Size: 0.46 MB	Train Loss: 1.5236	Train Acc: 0.7864	Local Validation  Loss: 0.0000	Local Validation Acc: 0.0000	Global Validation Loss: 6.4030	Global Validation Acc: 0.0103
Client 64	Capacity: 0.1	Model Size: 0.46 MB	Train Loss: 1.3703	Train Acc: 0.8439	Local Validation  Loss: 0.0000	Local Validation Acc: 0.0000	Global Validation Loss: 6.4822	Global Validation Acc: 0.0112
Client 59	Capacity: 0.1	Model Size: 0.46 MB	Train Loss: 1.5894	Train Acc: 0.7660	Local Validation  Loss: 0.0000	Local Validation Acc: 0.0000	Global Validation Loss: 6.4890	Global Validation Acc: 0.0093
Client 23	Capacity: 0.1	Model Size: 0.46 MB	Train Loss: 1.5993	Train Acc: 0.7780	Local Validation  Loss: 0.0000	Local Validation Acc: 0.0000	Global Validation Loss: 6.4816	Global Validation Acc: 0.0104
Client 98	Capacity: 0.75	Model Size: 24.26 MB	Train Loss: 0.0091	Train Acc: 1.0000	Local Validation  Loss: 0.0000	Local Validation Acc: 0.0000	Global Validation Loss: 9.2159	Global Validation Acc: 0.0226
Client 7	Capacity: 0.1	Model Size: 0.46 MB	Train Loss: 1.4046	Train Acc: 0.8356	Local Validation  Loss: 0.0000	Local Validation Acc: 0.0000	Global Validation Loss: 6.4123	Global Validation Acc: 0.0111
Client 90	Capacity: 0.1	Model Size: 0.46 MB	Train Loss: 1.3095	Train Acc: 0.8175	Local Validation  Loss: 0.0000	Local Validation Acc: 0.0000	Global Validation Loss: 6.4477	Global Validation Acc: 0.0132
Client 38	Capacity: 0.1	Model Size: 0.46 MB	Train Loss: 1.5069	Train Acc: 0.7625	Local Validation  Loss: 0.0000	Local Validation Acc: 0.0000	Global Validation Loss: 6.5139	Global Validation Acc: 0.0144
Aggregated
Global Test Loss: 10.2762	Global Test Acc: 0.0307
Round 14 use time: 11.26 min, ETA: 53.69 hours
================================================================================
Round 15
Selected 10 client IDs: [ 5 14 49 23 18 68 39 27 42 94]
eta_g: 0.9000, mean Overlap: 0.1759, mean Coverage: 0.7778, mean Coverage Ablation: 0.7778
Param name: conv1.weight, param overlap: 0.2406, param coverage: 1.0000, param coverage ablation: 1.0000
Param name: layer1.0.conv1.weight, param overlap: 0.1277, param coverage: 0.7610, param coverage ablation: 0.7610
Param name: layer1.0.conv2.weight, param overlap: 0.1277, param coverage: 0.7610, param coverage ablation: 0.7610
Param name: layer1.1.conv1.weight, param overlap: 0.1274, param coverage: 0.7788, param coverage ablation: 0.7788
Param name: layer1.1.conv2.weight, param overlap: 0.1274, param coverage: 0.7788, param coverage ablation: 0.7788
Param name: layer2.0.conv1.weight, param overlap: 0.1277, param coverage: 0.7715, param coverage ablation: 0.7715
Param name: layer2.0.conv2.weight, param overlap: 0.1287, param coverage: 0.7682, param coverage ablation: 0.7682
Param name: layer2.0.downsample.0.weight, param overlap: 0.1277, param coverage: 0.7740, param coverage ablation: 0.7740
Param name: layer2.1.conv1.weight, param overlap: 0.1276, param coverage: 0.7723, param coverage ablation: 0.7723
Param name: layer2.1.conv2.weight, param overlap: 0.1276, param coverage: 0.7723, param coverage ablation: 0.7723
Param name: layer3.0.conv1.weight, param overlap: 0.1265, param coverage: 0.7380, param coverage ablation: 0.7380
Param name: layer3.0.conv2.weight, param overlap: 0.1273, param coverage: 0.7101, param coverage ablation: 0.7101
Param name: layer3.0.downsample.0.weight, param overlap: 0.1268, param coverage: 0.7500, param coverage ablation: 0.7500
Param name: layer3.1.conv1.weight, param overlap: 0.1262, param coverage: 0.7180, param coverage ablation: 0.7180
Param name: layer3.1.conv2.weight, param overlap: 0.1262, param coverage: 0.7180, param coverage ablation: 0.7180
Param name: layer4.0.conv1.weight, param overlap: 0.1237, param coverage: 0.7203, param coverage ablation: 0.7203
Param name: layer4.0.conv2.weight, param overlap: 0.1219, param coverage: 0.7038, param coverage ablation: 0.7038
Param name: layer4.0.downsample.0.weight, param overlap: 0.1237, param coverage: 0.7134, param coverage ablation: 0.7134
Param name: layer4.1.conv1.weight, param overlap: 0.1219, param coverage: 0.7013, param coverage ablation: 0.7013
Param name: layer4.1.conv2.weight, param overlap: 0.1219, param coverage: 0.7013, param coverage ablation: 0.7013
Param name: fc.weight, param overlap: 0.2342, param coverage: 1.0000, param coverage ablation: 1.0000
Param name: fc.bias, param overlap: 1.0000, param coverage: 1.0000, param coverage ablation: 1.0000
Client 5	Capacity: 0.1	Model Size: 0.46 MB	Train Loss: 1.5102	Train Acc: 0.7716	Local Validation  Loss: 0.0000	Local Validation Acc: 0.0000	Global Validation Loss: 6.3922	Global Validation Acc: 0.0135
Client 14	Capacity: 0.1	Model Size: 0.46 MB	Train Loss: 1.4335	Train Acc: 0.7946	Local Validation  Loss: 0.0000	Local Validation Acc: 0.0000	Global Validation Loss: 6.6807	Global Validation Acc: 0.0112
Client 49	Capacity: 0.25	Model Size: 2.77 MB	Train Loss: 0.0835	Train Acc: 1.0000	Local Validation  Loss: 0.0000	Local Validation Acc: 0.0000	Global Validation Loss: 7.1052	Global Validation Acc: 0.0203
Client 23	Capacity: 0.1	Model Size: 0.46 MB	Train Loss: 1.5715	Train Acc: 0.7924	Local Validation  Loss: 0.0000	Local Validation Acc: 0.0000	Global Validation Loss: 6.5485	Global Validation Acc: 0.0096
Client 18	Capacity: 0.1	Model Size: 0.46 MB	Train Loss: 1.2571	Train Acc: 0.8185	Local Validation  Loss: 0.0000	Local Validation Acc: 0.0000	Global Validation Loss: 6.4949	Global Validation Acc: 0.0102
Client 68	Capacity: 0.1	Model Size: 0.46 MB	Train Loss: 2.0072	Train Acc: 0.6528	Local Validation  Loss: 0.0000	Local Validation Acc: 0.0000	Global Validation Loss: 6.5002	Global Validation Acc: 0.0113
Client 39	Capacity: 0.75	Model Size: 24.26 MB	Train Loss: 0.0506	Train Acc: 0.9919	Local Validation  Loss: 0.0000	Local Validation Acc: 0.0000	Global Validation Loss: 9.1279	Global Validation Acc: 0.0252
Client 27	Capacity: 0.5	Model Size: 10.85 MB	Train Loss: 0.0226	Train Acc: 0.9947	Local Validation  Loss: 0.0000	Local Validation Acc: 0.0000	Global Validation Loss: 8.7625	Global Validation Acc: 0.0157
Client 42	Capacity: 0.25	Model Size: 2.77 MB	Train Loss: 0.0334	Train Acc: 1.0000	Local Validation  Loss: 0.0000	Local Validation Acc: 0.0000	Global Validation Loss: 7.0055	Global Validation Acc: 0.0188
Client 94	Capacity: 0.25	Model Size: 2.77 MB	Train Loss: 0.0323	Train Acc: 1.0000	Local Validation  Loss: 0.0000	Local Validation Acc: 0.0000	Global Validation Loss: 7.2059	Global Validation Acc: 0.0154
Aggregated
Global Test Loss: 9.5858	Global Test Acc: 0.0354
Round 15 use time: 14.01 min, ETA: 66.54 hours
================================================================================
Round 16
Selected 10 client IDs: [ 9 75 83 85 80 45 26 81 29 89]
eta_g: 0.9000, mean Overlap: 0.1759, mean Coverage: 0.8364, mean Coverage Ablation: 0.3151
Param name: conv1.weight, param overlap: 0.2297, param coverage: 1.0000, param coverage ablation: 0.9219
Param name: layer1.0.conv1.weight, param overlap: 0.1316, param coverage: 0.8867, param coverage ablation: 0.2678
Param name: layer1.0.conv2.weight, param overlap: 0.1316, param coverage: 0.8867, param coverage ablation: 0.2678
Param name: layer1.1.conv1.weight, param overlap: 0.1324, param coverage: 0.8711, param coverage ablation: 0.2725
Param name: layer1.1.conv2.weight, param overlap: 0.1324, param coverage: 0.8711, param coverage ablation: 0.2725
Param name: layer2.0.conv1.weight, param overlap: 0.1319, param coverage: 0.8833, param coverage ablation: 0.2731
Param name: layer2.0.conv2.weight, param overlap: 0.1326, param coverage: 0.8747, param coverage ablation: 0.2748
Param name: layer2.0.downsample.0.weight, param overlap: 0.1326, param coverage: 0.8756, param coverage ablation: 0.2783
Param name: layer2.1.conv1.weight, param overlap: 0.1320, param coverage: 0.8718, param coverage ablation: 0.2700
Param name: layer2.1.conv2.weight, param overlap: 0.1320, param coverage: 0.8718, param coverage ablation: 0.2700
Param name: layer3.0.conv1.weight, param overlap: 0.1247, param coverage: 0.8047, param coverage ablation: 0.1942
Param name: layer3.0.conv2.weight, param overlap: 0.1206, param coverage: 0.7252, param coverage ablation: 0.1456
Param name: layer3.0.downsample.0.weight, param overlap: 0.1260, param coverage: 0.7948, param coverage ablation: 0.2025
Param name: layer3.1.conv1.weight, param overlap: 0.1218, param coverage: 0.7272, param coverage ablation: 0.1545
Param name: layer3.1.conv2.weight, param overlap: 0.1218, param coverage: 0.7272, param coverage ablation: 0.1545
Param name: layer4.0.conv1.weight, param overlap: 0.1226, param coverage: 0.7345, param coverage ablation: 0.1631
Param name: layer4.0.conv2.weight, param overlap: 0.1238, param coverage: 0.7548, param coverage ablation: 0.1756
Param name: layer4.0.downsample.0.weight, param overlap: 0.1224, param coverage: 0.7391, param coverage ablation: 0.1630
Param name: layer4.1.conv1.weight, param overlap: 0.1240, param coverage: 0.7507, param coverage ablation: 0.1762
Param name: layer4.1.conv2.weight, param overlap: 0.1240, param coverage: 0.7507, param coverage ablation: 0.1762
Param name: fc.weight, param overlap: 0.2182, param coverage: 1.0000, param coverage ablation: 0.8594
Param name: fc.bias, param overlap: 1.0000, param coverage: 1.0000, param coverage ablation: 1.0000
Client 9	Capacity: 0.1	Model Size: 0.46 MB	Train Loss: 1.3522	Train Acc: 0.8197	Local Validation  Loss: 0.0000	Local Validation Acc: 0.0000	Global Validation Loss: 6.5788	Global Validation Acc: 0.0100
Client 75	Capacity: 0.1	Model Size: 0.46 MB	Train Loss: 1.4898	Train Acc: 0.8383	Local Validation  Loss: 0.0000	Local Validation Acc: 0.0000	Global Validation Loss: 6.4952	Global Validation Acc: 0.0076
Client 83	Capacity: 0.1	Model Size: 0.46 MB	Train Loss: 1.4435	Train Acc: 0.8183	Local Validation  Loss: 0.0000	Local Validation Acc: 0.0000	Global Validation Loss: 6.4230	Global Validation Acc: 0.0156
Client 85	Capacity: 1.0	Model Size: 42.99 MB	Train Loss: 0.0130	Train Acc: 0.9990	Local Validation  Loss: 0.0000	Local Validation Acc: 0.0000	Global Validation Loss: 8.3557	Global Validation Acc: 0.0281
Client 80	Capacity: 0.1	Model Size: 0.46 MB	Train Loss: 1.4663	Train Acc: 0.8068	Local Validation  Loss: 0.0000	Local Validation Acc: 0.0000	Global Validation Loss: 6.4450	Global Validation Acc: 0.0119
Client 45	Capacity: 0.1	Model Size: 0.46 MB	Train Loss: 1.3099	Train Acc: 0.8269	Local Validation  Loss: 0.0000	Local Validation Acc: 0.0000	Global Validation Loss: 6.4536	Global Validation Acc: 0.0148
Client 26	Capacity: 0.1	Model Size: 0.46 MB	Train Loss: 1.4896	Train Acc: 0.7697	Local Validation  Loss: 0.0000	Local Validation Acc: 0.0000	Global Validation Loss: 6.6237	Global Validation Acc: 0.0110
Client 81	Capacity: 0.5	Model Size: 10.85 MB	Train Loss: 0.5890	Train Acc: 0.9952	Local Validation  Loss: 0.0000	Local Validation Acc: 0.0000	Global Validation Loss: 7.6758	Global Validation Acc: 0.0196
Client 29	Capacity: 0.25	Model Size: 2.77 MB	Train Loss: 0.0489	Train Acc: 1.0000	Local Validation  Loss: 0.0000	Local Validation Acc: 0.0000	Global Validation Loss: 7.2770	Global Validation Acc: 0.0182
Client 89	Capacity: 0.1	Model Size: 0.46 MB	Train Loss: 1.8782	Train Acc: 0.6799	Local Validation  Loss: 0.0000	Local Validation Acc: 0.0000	Global Validation Loss: 6.4538	Global Validation Acc: 0.0148
Aggregated
Global Test Loss: 9.1934	Global Test Acc: 0.0368
Round 16 use time: 11.98 min, ETA: 56.71 hours
================================================================================
Round 17
Selected 10 client IDs: [ 4 52 31 89 43 93  6 58 62 90]
eta_g: 0.9000, mean Overlap: 0.2952, mean Coverage: 0.9904, mean Coverage Ablation: 0.5461
Param name: conv1.weight, param overlap: 0.4000, param coverage: 1.0000, param coverage ablation: 0.9688
Param name: layer1.0.conv1.weight, param overlap: 0.2295, param coverage: 0.9846, param coverage ablation: 0.3965
Param name: layer1.0.conv2.weight, param overlap: 0.2295, param coverage: 0.9846, param coverage ablation: 0.3965
Param name: layer1.1.conv1.weight, param overlap: 0.2332, param coverage: 0.9807, param coverage ablation: 0.4080
Param name: layer1.1.conv2.weight, param overlap: 0.2332, param coverage: 0.9807, param coverage ablation: 0.4080
Param name: layer2.0.conv1.weight, param overlap: 0.2332, param coverage: 0.9818, param coverage ablation: 0.4132
Param name: layer2.0.conv2.weight, param overlap: 0.2346, param coverage: 0.9855, param coverage ablation: 0.4141
Param name: layer2.0.downsample.0.weight, param overlap: 0.2359, param coverage: 0.9850, param coverage ablation: 0.4241
Param name: layer2.1.conv1.weight, param overlap: 0.2339, param coverage: 0.9829, param coverage ablation: 0.4062
Param name: layer2.1.conv2.weight, param overlap: 0.2339, param coverage: 0.9829, param coverage ablation: 0.4062
Param name: layer3.0.conv1.weight, param overlap: 0.2415, param coverage: 0.9909, param coverage ablation: 0.4630
Param name: layer3.0.conv2.weight, param overlap: 0.2480, param coverage: 0.9888, param coverage ablation: 0.4904
Param name: layer3.0.downsample.0.weight, param overlap: 0.2420, param coverage: 0.9905, param coverage ablation: 0.4640
Param name: layer3.1.conv1.weight, param overlap: 0.2450, param coverage: 0.9919, param coverage ablation: 0.4713
Param name: layer3.1.conv2.weight, param overlap: 0.2450, param coverage: 0.9919, param coverage ablation: 0.4713
Param name: layer4.0.conv1.weight, param overlap: 0.2599, param coverage: 0.9941, param coverage ablation: 0.5522
Param name: layer4.0.conv2.weight, param overlap: 0.2751, param coverage: 0.9989, param coverage ablation: 0.6287
Param name: layer4.0.downsample.0.weight, param overlap: 0.2602, param coverage: 0.9946, param coverage ablation: 0.5526
Param name: layer4.1.conv1.weight, param overlap: 0.2774, param coverage: 0.9991, param coverage ablation: 0.6395
Param name: layer4.1.conv2.weight, param overlap: 0.2774, param coverage: 0.9991, param coverage ablation: 0.6395
Param name: fc.weight, param overlap: 0.4256, param coverage: 1.0000, param coverage ablation: 1.0000
Param name: fc.bias, param overlap: 1.0000, param coverage: 1.0000, param coverage ablation: 1.0000
Client 4	Capacity: 0.1	Model Size: 0.46 MB	Train Loss: 1.4324	Train Acc: 0.7900	Local Validation  Loss: 0.0000	Local Validation Acc: 0.0000	Global Validation Loss: 6.4810	Global Validation Acc: 0.0100
Client 52	Capacity: 1.0	Model Size: 42.99 MB	Train Loss: 0.0006	Train Acc: 1.0000	Local Validation  Loss: 0.0000	Local Validation Acc: 0.0000	Global Validation Loss: 9.1049	Global Validation Acc: 0.0300
Client 31	Capacity: 0.25	Model Size: 2.77 MB	Train Loss: 0.0223	Train Acc: 1.0000	Local Validation  Loss: 0.0000	Local Validation Acc: 0.0000	Global Validation Loss: 7.2006	Global Validation Acc: 0.0125
Client 89	Capacity: 0.1	Model Size: 0.46 MB	Train Loss: 1.8842	Train Acc: 0.7012	Local Validation  Loss: 0.0000	Local Validation Acc: 0.0000	Global Validation Loss: 6.4880	Global Validation Acc: 0.0122
Client 43	Capacity: 0.25	Model Size: 2.77 MB	Train Loss: 0.0272	Train Acc: 1.0000	Local Validation  Loss: 0.0000	Local Validation Acc: 0.0000	Global Validation Loss: 7.1138	Global Validation Acc: 0.0181
Client 93	Capacity: 0.5	Model Size: 10.85 MB	Train Loss: 0.0029	Train Acc: 1.0000	Local Validation  Loss: 0.0000	Local Validation Acc: 0.0000	Global Validation Loss: 8.4472	Global Validation Acc: 0.0240
Client 6	Capacity: 1.0	Model Size: 42.99 MB	Train Loss: 0.0007	Train Acc: 1.0000	Local Validation  Loss: 0.0000	Local Validation Acc: 0.0000	Global Validation Loss: 8.8458	Global Validation Acc: 0.0248
Client 58	Capacity: 0.5	Model Size: 10.85 MB	Train Loss: 0.0158	Train Acc: 0.9990	Local Validation  Loss: 0.0000	Local Validation Acc: 0.0000	Global Validation Loss: 8.5653	Global Validation Acc: 0.0238
Client 62	Capacity: 0.75	Model Size: 24.26 MB	Train Loss: 0.0008	Train Acc: 1.0000	Local Validation  Loss: 0.0000	Local Validation Acc: 0.0000	Global Validation Loss: 9.0739	Global Validation Acc: 0.0227
Client 90	Capacity: 0.1	Model Size: 0.46 MB	Train Loss: 1.2380	Train Acc: 0.8528	Local Validation  Loss: 0.0000	Local Validation Acc: 0.0000	Global Validation Loss: 6.4989	Global Validation Acc: 0.0121
Aggregated
Global Test Loss: 7.3309	Global Test Acc: 0.0445
Round 17 use time: 12.36 min, ETA: 58.31 hours
================================================================================
Round 18
Selected 10 client IDs: [38 12 70 47 27 17 24 79 89 81]
eta_g: 0.9000, mean Overlap: 0.1937, mean Coverage: 0.9122, mean Coverage Ablation: 0.4534
Param name: conv1.weight, param overlap: 0.2609, param coverage: 1.0000, param coverage ablation: 1.0000
Param name: layer1.0.conv1.weight, param overlap: 0.1535, param coverage: 0.9670, param coverage ablation: 0.4451
Param name: layer1.0.conv2.weight, param overlap: 0.1535, param coverage: 0.9670, param coverage ablation: 0.4451
Param name: layer1.1.conv1.weight, param overlap: 0.1560, param coverage: 0.9568, param coverage ablation: 0.4648
Param name: layer1.1.conv2.weight, param overlap: 0.1560, param coverage: 0.9568, param coverage ablation: 0.4648
Param name: layer2.0.conv1.weight, param overlap: 0.1527, param coverage: 0.9647, param coverage ablation: 0.4459
Param name: layer2.0.conv2.weight, param overlap: 0.1504, param coverage: 0.9699, param coverage ablation: 0.4340
Param name: layer2.0.downsample.0.weight, param overlap: 0.1521, param coverage: 0.9659, param coverage ablation: 0.4351
Param name: layer2.1.conv1.weight, param overlap: 0.1509, param coverage: 0.9637, param coverage ablation: 0.4296
Param name: layer2.1.conv2.weight, param overlap: 0.1509, param coverage: 0.9637, param coverage ablation: 0.4296
Param name: layer3.0.conv1.weight, param overlap: 0.1448, param coverage: 0.9062, param coverage ablation: 0.3677
Param name: layer3.0.conv2.weight, param overlap: 0.1421, param coverage: 0.8391, param coverage ablation: 0.3180
Param name: layer3.0.downsample.0.weight, param overlap: 0.1450, param coverage: 0.8974, param coverage ablation: 0.3631
Param name: layer3.1.conv1.weight, param overlap: 0.1421, param coverage: 0.8370, param coverage ablation: 0.3109
Param name: layer3.1.conv2.weight, param overlap: 0.1421, param coverage: 0.8370, param coverage ablation: 0.3109
Param name: layer4.0.conv1.weight, param overlap: 0.1372, param coverage: 0.8275, param coverage ablation: 0.2874
Param name: layer4.0.conv2.weight, param overlap: 0.1327, param coverage: 0.8106, param coverage ablation: 0.2538
Param name: layer4.0.downsample.0.weight, param overlap: 0.1364, param coverage: 0.8212, param coverage ablation: 0.2799
Param name: layer4.1.conv1.weight, param overlap: 0.1324, param coverage: 0.8088, param coverage ablation: 0.2513
Param name: layer4.1.conv2.weight, param overlap: 0.1324, param coverage: 0.8088, param coverage ablation: 0.2513
Param name: fc.weight, param overlap: 0.2379, param coverage: 1.0000, param coverage ablation: 0.9863
Param name: fc.bias, param overlap: 1.0000, param coverage: 1.0000, param coverage ablation: 1.0000
Client 38	Capacity: 0.1	Model Size: 0.46 MB	Train Loss: 1.5526	Train Acc: 0.7636	Local Validation  Loss: 0.0000	Local Validation Acc: 0.0000	Global Validation Loss: 6.5801	Global Validation Acc: 0.0139
Client 12	Capacity: 0.1	Model Size: 0.46 MB	Train Loss: 1.4585	Train Acc: 0.7873	Local Validation  Loss: 0.0000	Local Validation Acc: 0.0000	Global Validation Loss: 6.4320	Global Validation Acc: 0.0128
Client 70	Capacity: 1.0	Model Size: 42.99 MB	Train Loss: 0.0095	Train Acc: 0.9989	Local Validation  Loss: 0.0000	Local Validation Acc: 0.0000	Global Validation Loss: 8.4009	Global Validation Acc: 0.0242
Client 47	Capacity: 0.1	Model Size: 0.46 MB	Train Loss: 1.3032	Train Acc: 0.8459	Local Validation  Loss: 0.0000	Local Validation Acc: 0.0000	Global Validation Loss: 6.5110	Global Validation Acc: 0.0078
Client 27	Capacity: 0.5	Model Size: 10.85 MB	Train Loss: 0.0296	Train Acc: 0.9957	Local Validation  Loss: 0.0000	Local Validation Acc: 0.0000	Global Validation Loss: 8.9633	Global Validation Acc: 0.0152
Client 17	Capacity: 0.1	Model Size: 0.46 MB	Train Loss: 1.3558	Train Acc: 0.8341	Local Validation  Loss: 0.0000	Local Validation Acc: 0.0000	Global Validation Loss: 6.5143	Global Validation Acc: 0.0120
Client 24	Capacity: 0.1	Model Size: 0.46 MB	Train Loss: 1.5446	Train Acc: 0.7724	Local Validation  Loss: 0.0000	Local Validation Acc: 0.0000	Global Validation Loss: 6.5048	Global Validation Acc: 0.0098
Client 79	Capacity: 0.1	Model Size: 0.46 MB	Train Loss: 1.6362	Train Acc: 0.7671	Local Validation  Loss: 0.0000	Local Validation Acc: 0.0000	Global Validation Loss: 6.4294	Global Validation Acc: 0.0143
Client 89	Capacity: 0.1	Model Size: 0.46 MB	Train Loss: 1.6207	Train Acc: 0.7708	Local Validation  Loss: 0.0000	Local Validation Acc: 0.0000	Global Validation Loss: 6.4605	Global Validation Acc: 0.0126
Client 81	Capacity: 0.5	Model Size: 10.85 MB	Train Loss: 0.3745	Train Acc: 0.9988	Local Validation  Loss: 0.0000	Local Validation Acc: 0.0000	Global Validation Loss: 7.6638	Global Validation Acc: 0.0202
Aggregated
Global Test Loss: 7.9079	Global Test Acc: 0.0390
Round 18 use time: 12.84 min, ETA: 60.33 hours
================================================================================
Round 19
Selected 10 client IDs: [18 61 28 93 63 20  7 22  5  8]
eta_g: 0.9000, mean Overlap: 0.1893, mean Coverage: 0.7999, mean Coverage Ablation: 0.7999
Param name: conv1.weight, param overlap: 0.2516, param coverage: 1.0000, param coverage ablation: 1.0000
Param name: layer1.0.conv1.weight, param overlap: 0.1340, param coverage: 0.7346, param coverage ablation: 0.7346
Param name: layer1.0.conv2.weight, param overlap: 0.1340, param coverage: 0.7346, param coverage ablation: 0.7346
Param name: layer1.1.conv1.weight, param overlap: 0.1344, param coverage: 0.7371, param coverage ablation: 0.7371
Param name: layer1.1.conv2.weight, param overlap: 0.1344, param coverage: 0.7371, param coverage ablation: 0.7371
Param name: layer2.0.conv1.weight, param overlap: 0.1354, param coverage: 0.7279, param coverage ablation: 0.7279
Param name: layer2.0.conv2.weight, param overlap: 0.1371, param coverage: 0.7310, param coverage ablation: 0.7310
Param name: layer2.0.downsample.0.weight, param overlap: 0.1363, param coverage: 0.7415, param coverage ablation: 0.7415
Param name: layer2.1.conv1.weight, param overlap: 0.1363, param coverage: 0.7472, param coverage ablation: 0.7472
Param name: layer2.1.conv2.weight, param overlap: 0.1363, param coverage: 0.7472, param coverage ablation: 0.7472
Param name: layer3.0.conv1.weight, param overlap: 0.1376, param coverage: 0.7707, param coverage ablation: 0.7707
Param name: layer3.0.conv2.weight, param overlap: 0.1388, param coverage: 0.7905, param coverage ablation: 0.7905
Param name: layer3.0.downsample.0.weight, param overlap: 0.1373, param coverage: 0.7680, param coverage ablation: 0.7680
Param name: layer3.1.conv1.weight, param overlap: 0.1389, param coverage: 0.7891, param coverage ablation: 0.7891
Param name: layer3.1.conv2.weight, param overlap: 0.1389, param coverage: 0.7891, param coverage ablation: 0.7891
Param name: layer4.0.conv1.weight, param overlap: 0.1415, param coverage: 0.8131, param coverage ablation: 0.8131
Param name: layer4.0.conv2.weight, param overlap: 0.1494, param coverage: 0.8116, param coverage ablation: 0.8116
Param name: layer4.0.downsample.0.weight, param overlap: 0.1425, param coverage: 0.8062, param coverage ablation: 0.8062
Param name: layer4.1.conv1.weight, param overlap: 0.1496, param coverage: 0.8111, param coverage ablation: 0.8111
Param name: layer4.1.conv2.weight, param overlap: 0.1496, param coverage: 0.8111, param coverage ablation: 0.8111
Param name: fc.weight, param overlap: 0.2713, param coverage: 1.0000, param coverage ablation: 1.0000
Param name: fc.bias, param overlap: 1.0000, param coverage: 1.0000, param coverage ablation: 1.0000
Client 18	Capacity: 0.1	Model Size: 0.46 MB	Train Loss: 1.3416	Train Acc: 0.8046	Local Validation  Loss: 0.0000	Local Validation Acc: 0.0000	Global Validation Loss: 6.4777	Global Validation Acc: 0.0125
Client 61	Capacity: 0.75	Model Size: 24.26 MB	Train Loss: 0.0859	Train Acc: 0.9819	Local Validation  Loss: 0.0000	Local Validation Acc: 0.0000	Global Validation Loss: 8.7231	Global Validation Acc: 0.0177
Client 28	Capacity: 0.1	Model Size: 0.46 MB	Train Loss: 1.2871	Train Acc: 0.8138	Local Validation  Loss: 0.0000	Local Validation Acc: 0.0000	Global Validation Loss: 6.4507	Global Validation Acc: 0.0139
Client 93	Capacity: 0.5	Model Size: 10.85 MB	Train Loss: 0.0102	Train Acc: 1.0000	Local Validation  Loss: 0.0000	Local Validation Acc: 0.0000	Global Validation Loss: 8.7401	Global Validation Acc: 0.0235
Client 63	Capacity: 0.1	Model Size: 0.46 MB	Train Loss: 1.3238	Train Acc: 0.8234	Local Validation  Loss: 0.0000	Local Validation Acc: 0.0000	Global Validation Loss: 6.5388	Global Validation Acc: 0.0102
Client 20	Capacity: 0.25	Model Size: 2.77 MB	Train Loss: 0.0270	Train Acc: 1.0000	Local Validation  Loss: 0.0000	Local Validation Acc: 0.0000	Global Validation Loss: 7.2098	Global Validation Acc: 0.0184
Client 7	Capacity: 0.1	Model Size: 0.46 MB	Train Loss: 1.1997	Train Acc: 0.8387	Local Validation  Loss: 0.0000	Local Validation Acc: 0.0000	Global Validation Loss: 6.4675	Global Validation Acc: 0.0108
Client 22	Capacity: 0.25	Model Size: 2.77 MB	Train Loss: 0.0218	Train Acc: 1.0000	Local Validation  Loss: 0.0000	Local Validation Acc: 0.0000	Global Validation Loss: 7.1899	Global Validation Acc: 0.0164
Client 5	Capacity: 0.1	Model Size: 0.46 MB	Train Loss: 1.3363	Train Acc: 0.7866	Local Validation  Loss: 0.0000	Local Validation Acc: 0.0000	Global Validation Loss: 6.4013	Global Validation Acc: 0.0109
Client 8	Capacity: 0.5	Model Size: 10.85 MB	Train Loss: 0.0016	Train Acc: 1.0000	Local Validation  Loss: 0.0000	Local Validation Acc: 0.0000	Global Validation Loss: 8.5413	Global Validation Acc: 0.0266
Aggregated
Global Test Loss: 8.8129	Global Test Acc: 0.0423
Round 19 use time: 10.57 min, ETA: 49.52 hours
================================================================================
Round 20
Selected 10 client IDs: [22 38 21 19 81 31 45 28  9 83]
