Method: fedrd
Model: resnet
Dataset: tiny-imagenet
Data distribution: alpha0.5
Global step size: 1.0
Dynamic Global step size: False
Number of clients: 100
Client selection ratio: 0.1
Local training data ratio: 1.0
Number of rounds: 300
Number of local epochs: 10
Batch size: 64
Learning rate: 0.001
Weight decay: 0.0001
Random seed: 42
Normalization type: sbn
Number of workers: 2
Client capacity distribution: 0
Parameter delta norm type: mean
Global learning rate decay: True
Gamma: 0.9
Data augmentation: False
[Model Architecture]
ResNet(
  (conv1): Conv2d(3, 64, kernel_size=(7, 7), stride=(2, 2), padding=(3, 3), bias=False)
  (bn1): BatchNorm2d(64, eps=1e-05, momentum=0.1, affine=False, track_running_stats=False)
  (relu): ReLU(inplace=True)
  (maxpool): MaxPool2d(kernel_size=3, stride=2, padding=1, dilation=1, ceil_mode=False)
  (layer1): Sequential(
    (0): BasicBlock(
      (conv1): Conv2d(64, 64, kernel_size=(3, 3), stride=(1, 1), padding=(1, 1), bias=False)
      (bn1): BatchNorm2d(64, eps=1e-05, momentum=0.1, affine=False, track_running_stats=False)
      (relu): ReLU(inplace=True)
      (conv2): Conv2d(64, 64, kernel_size=(3, 3), stride=(1, 1), padding=(1, 1), bias=False)
      (bn2): BatchNorm2d(64, eps=1e-05, momentum=0.1, affine=False, track_running_stats=False)
    )
    (1): BasicBlock(
      (conv1): Conv2d(64, 64, kernel_size=(3, 3), stride=(1, 1), padding=(1, 1), bias=False)
      (bn1): BatchNorm2d(64, eps=1e-05, momentum=0.1, affine=False, track_running_stats=False)
      (relu): ReLU(inplace=True)
      (conv2): Conv2d(64, 64, kernel_size=(3, 3), stride=(1, 1), padding=(1, 1), bias=False)
      (bn2): BatchNorm2d(64, eps=1e-05, momentum=0.1, affine=False, track_running_stats=False)
    )
  )
  (layer2): Sequential(
    (0): BasicBlock(
      (conv1): Conv2d(64, 128, kernel_size=(3, 3), stride=(2, 2), padding=(1, 1), bias=False)
      (bn1): BatchNorm2d(128, eps=1e-05, momentum=0.1, affine=False, track_running_stats=False)
      (relu): ReLU(inplace=True)
      (conv2): Conv2d(128, 128, kernel_size=(3, 3), stride=(1, 1), padding=(1, 1), bias=False)
      (bn2): BatchNorm2d(128, eps=1e-05, momentum=0.1, affine=False, track_running_stats=False)
      (downsample): Sequential(
        (0): Conv2d(64, 128, kernel_size=(1, 1), stride=(2, 2), bias=False)
        (1): BatchNorm2d(128, eps=1e-05, momentum=0.1, affine=False, track_running_stats=False)
      )
    )
    (1): BasicBlock(
      (conv1): Conv2d(128, 128, kernel_size=(3, 3), stride=(1, 1), padding=(1, 1), bias=False)
      (bn1): BatchNorm2d(128, eps=1e-05, momentum=0.1, affine=False, track_running_stats=False)
      (relu): ReLU(inplace=True)
      (conv2): Conv2d(128, 128, kernel_size=(3, 3), stride=(1, 1), padding=(1, 1), bias=False)
      (bn2): BatchNorm2d(128, eps=1e-05, momentum=0.1, affine=False, track_running_stats=False)
    )
  )
  (layer3): Sequential(
    (0): BasicBlock(
      (conv1): Conv2d(128, 256, kernel_size=(3, 3), stride=(2, 2), padding=(1, 1), bias=False)
      (bn1): BatchNorm2d(256, eps=1e-05, momentum=0.1, affine=False, track_running_stats=False)
      (relu): ReLU(inplace=True)
      (conv2): Conv2d(256, 256, kernel_size=(3, 3), stride=(1, 1), padding=(1, 1), bias=False)
      (bn2): BatchNorm2d(256, eps=1e-05, momentum=0.1, affine=False, track_running_stats=False)
      (downsample): Sequential(
        (0): Conv2d(128, 256, kernel_size=(1, 1), stride=(2, 2), bias=False)
        (1): BatchNorm2d(256, eps=1e-05, momentum=0.1, affine=False, track_running_stats=False)
      )
    )
    (1): BasicBlock(
      (conv1): Conv2d(256, 256, kernel_size=(3, 3), stride=(1, 1), padding=(1, 1), bias=False)
      (bn1): BatchNorm2d(256, eps=1e-05, momentum=0.1, affine=False, track_running_stats=False)
      (relu): ReLU(inplace=True)
      (conv2): Conv2d(256, 256, kernel_size=(3, 3), stride=(1, 1), padding=(1, 1), bias=False)
      (bn2): BatchNorm2d(256, eps=1e-05, momentum=0.1, affine=False, track_running_stats=False)
    )
  )
  (layer4): Sequential(
    (0): BasicBlock(
      (conv1): Conv2d(256, 512, kernel_size=(3, 3), stride=(2, 2), padding=(1, 1), bias=False)
      (bn1): BatchNorm2d(512, eps=1e-05, momentum=0.1, affine=False, track_running_stats=False)
      (relu): ReLU(inplace=True)
      (conv2): Conv2d(512, 512, kernel_size=(3, 3), stride=(1, 1), padding=(1, 1), bias=False)
      (bn2): BatchNorm2d(512, eps=1e-05, momentum=0.1, affine=False, track_running_stats=False)
      (downsample): Sequential(
        (0): Conv2d(256, 512, kernel_size=(1, 1), stride=(2, 2), bias=False)
        (1): BatchNorm2d(512, eps=1e-05, momentum=0.1, affine=False, track_running_stats=False)
      )
    )
    (1): BasicBlock(
      (conv1): Conv2d(512, 512, kernel_size=(3, 3), stride=(1, 1), padding=(1, 1), bias=False)
      (bn1): BatchNorm2d(512, eps=1e-05, momentum=0.1, affine=False, track_running_stats=False)
      (relu): ReLU(inplace=True)
      (conv2): Conv2d(512, 512, kernel_size=(3, 3), stride=(1, 1), padding=(1, 1), bias=False)
      (bn2): BatchNorm2d(512, eps=1e-05, momentum=0.1, affine=False, track_running_stats=False)
    )
  )
  (avgpool): AdaptiveAvgPool2d(output_size=(1, 1))
  (fc): Linear(in_features=512, out_features=200, bias=True)
)
Global Model size: 42.99 MB
Optional client capacities: [1.0, 0.75, 0.5, 0.25, 0.1]
Weights: [0.05, 0.1, 0.15, 0.2, 0.5]
Capacity counts: [5, 10, 15, 20, 50]
Specific client capacities: [0.25, 0.25, 0.1, 0.75, 0.1, 0.1, 1.0, 0.1, 0.5, 0.1, 0.1, 0.75, 0.1, 0.1, 0.1, 0.25, 0.25, 0.1, 0.1, 0.25, 0.25, 0.5, 0.25, 0.1, 0.1, 0.25, 0.1, 0.5, 0.1, 0.25, 0.75, 0.25, 0.1, 0.1, 0.1, 0.25, 0.1, 0.1, 0.1, 0.75, 0.25, 0.5, 0.25, 0.25, 0.5, 0.1, 0.1, 0.1, 0.75, 0.25, 0.1, 0.25, 1.0, 0.1, 0.5, 0.25, 0.1, 0.1, 0.5, 0.1, 0.5, 0.75, 0.75, 0.1, 0.1, 0.5, 0.1, 0.25, 0.1, 0.5, 1.0, 0.1, 0.1, 0.1, 0.1, 0.1, 0.5, 0.1, 0.1, 0.1, 0.1, 0.5, 0.5, 0.1, 0.1, 1.0, 0.1, 0.1, 0.75, 0.1, 0.1, 0.75, 0.5, 0.5, 0.25, 0.25, 0.1, 1.0, 0.75, 0.1]
Decay steps: [10, 20, 30, 40, 50, 60, 70, 80, 90, 100]
Round 1
Selected 10 client IDs: [11 66  9 92 12 45 73 44 97 35]
eta_g: 1.0000, mean Overlap: 0.2646, mean Coverage: 1.0000, mean Coverage Ablation: 0.8005
Param name: conv1.weight, param overlap: 0.3469, param coverage: 1.0000, param coverage ablation: 0.9688
Param name: layer1.0.conv1.weight, param overlap: 0.2169, param coverage: 1.0000, param coverage ablation: 0.7571
Param name: layer1.0.conv2.weight, param overlap: 0.2169, param coverage: 1.0000, param coverage ablation: 0.7571
Param name: layer1.1.conv1.weight, param overlap: 0.2169, param coverage: 1.0000, param coverage ablation: 0.7385
Param name: layer1.1.conv2.weight, param overlap: 0.2169, param coverage: 1.0000, param coverage ablation: 0.7385
Param name: layer2.0.conv1.weight, param overlap: 0.2169, param coverage: 1.0000, param coverage ablation: 0.7708
Param name: layer2.0.conv2.weight, param overlap: 0.2169, param coverage: 1.0000, param coverage ablation: 0.7836
Param name: layer2.0.downsample.0.weight, param overlap: 0.2169, param coverage: 1.0000, param coverage ablation: 0.7689
Param name: layer2.1.conv1.weight, param overlap: 0.2169, param coverage: 1.0000, param coverage ablation: 0.7911
Param name: layer2.1.conv2.weight, param overlap: 0.2169, param coverage: 1.0000, param coverage ablation: 0.7911
Param name: layer3.0.conv1.weight, param overlap: 0.2171, param coverage: 1.0000, param coverage ablation: 0.7809
Param name: layer3.0.conv2.weight, param overlap: 0.2173, param coverage: 1.0000, param coverage ablation: 0.7720
Param name: layer3.0.downsample.0.weight, param overlap: 0.2171, param coverage: 1.0000, param coverage ablation: 0.7761
Param name: layer3.1.conv1.weight, param overlap: 0.2173, param coverage: 1.0000, param coverage ablation: 0.7783
Param name: layer3.1.conv2.weight, param overlap: 0.2173, param coverage: 1.0000, param coverage ablation: 0.7783
Param name: layer4.0.conv1.weight, param overlap: 0.2174, param coverage: 1.0000, param coverage ablation: 0.7823
Param name: layer4.0.conv2.weight, param overlap: 0.2175, param coverage: 1.0000, param coverage ablation: 0.7830
Param name: layer4.0.downsample.0.weight, param overlap: 0.2174, param coverage: 1.0000, param coverage ablation: 0.7688
Param name: layer4.1.conv1.weight, param overlap: 0.2175, param coverage: 1.0000, param coverage ablation: 0.7759
Param name: layer4.1.conv2.weight, param overlap: 0.2175, param coverage: 1.0000, param coverage ablation: 0.7759
Param name: fc.weight, param overlap: 0.3498, param coverage: 1.0000, param coverage ablation: 0.9746
Param name: fc.bias, param overlap: 1.0000, param coverage: 1.0000, param coverage ablation: 1.0000
Client 11	Capacity: 0.75	Model Size: 24.26 MB	Train Loss: 0.0077	Train Acc: 1.0000	Local Validation  Loss: 0.0000	Local Validation Acc: 0.0000	Global Validation Loss: 7.4253	Global Validation Acc: 0.0271
Client 66	Capacity: 0.1	Model Size: 0.46 MB	Train Loss: 3.0834	Train Acc: 0.3529	Local Validation  Loss: 0.0000	Local Validation Acc: 0.0000	Global Validation Loss: 6.5944	Global Validation Acc: 0.0086
Client 9	Capacity: 0.1	Model Size: 0.46 MB	Train Loss: 2.8211	Train Acc: 0.3844	Local Validation  Loss: 0.0000	Local Validation Acc: 0.0000	Global Validation Loss: 6.6489	Global Validation Acc: 0.0104
Client 92	Capacity: 0.5	Model Size: 10.85 MB	Train Loss: 0.1045	Train Acc: 0.9980	Local Validation  Loss: 0.0000	Local Validation Acc: 0.0000	Global Validation Loss: 7.3446	Global Validation Acc: 0.0225
Client 12	Capacity: 0.1	Model Size: 0.46 MB	Train Loss: 3.0900	Train Acc: 0.2976	Local Validation  Loss: 0.0000	Local Validation Acc: 0.0000	Global Validation Loss: 6.5942	Global Validation Acc: 0.0123
Client 45	Capacity: 0.1	Model Size: 0.46 MB	Train Loss: 2.9676	Train Acc: 0.3667	Local Validation  Loss: 0.0000	Local Validation Acc: 0.0000	Global Validation Loss: 6.5925	Global Validation Acc: 0.0134
Client 73	Capacity: 0.1	Model Size: 0.46 MB	Train Loss: 3.2374	Train Acc: 0.2282	Local Validation  Loss: 0.0000	Local Validation Acc: 0.0000	Global Validation Loss: 6.7259	Global Validation Acc: 0.0137
Client 44	Capacity: 0.5	Model Size: 10.85 MB	Train Loss: 0.0459	Train Acc: 1.0000	Local Validation  Loss: 0.0000	Local Validation Acc: 0.0000	Global Validation Loss: 7.1201	Global Validation Acc: 0.0223
Client 97	Capacity: 1.0	Model Size: 42.99 MB	Train Loss: 0.0786	Train Acc: 0.9936	Local Validation  Loss: 0.0000	Local Validation Acc: 0.0000	Global Validation Loss: 8.2983	Global Validation Acc: 0.0263
Client 35	Capacity: 0.25	Model Size: 2.77 MB	Train Loss: 0.7964	Train Acc: 0.8999	Local Validation  Loss: 0.0000	Local Validation Acc: 0.0000	Global Validation Loss: 7.0229	Global Validation Acc: 0.0141
Aggregated
Global Test Loss: 6.7218	Global Test Acc: 0.0159
Round 1 use time: 14.80 min, ETA: 73.77 hours
================================================================================
Round 2
Selected 10 client IDs: [85 19  4 49 31 63 84 67 54 50]
eta_g: 1.0000, mean Overlap: 0.2044, mean Coverage: 1.0000, mean Coverage Ablation: 0.5092
Param name: conv1.weight, param overlap: 0.2875, param coverage: 1.0000, param coverage ablation: 0.8906
Param name: layer1.0.conv1.weight, param overlap: 0.1535, param coverage: 1.0000, param coverage ablation: 0.4365
Param name: layer1.0.conv2.weight, param overlap: 0.1535, param coverage: 1.0000, param coverage ablation: 0.4365
Param name: layer1.1.conv1.weight, param overlap: 0.1535, param coverage: 1.0000, param coverage ablation: 0.4446
Param name: layer1.1.conv2.weight, param overlap: 0.1535, param coverage: 1.0000, param coverage ablation: 0.4446
Param name: layer2.0.conv1.weight, param overlap: 0.1535, param coverage: 1.0000, param coverage ablation: 0.4348
Param name: layer2.0.conv2.weight, param overlap: 0.1535, param coverage: 1.0000, param coverage ablation: 0.4438
Param name: layer2.0.downsample.0.weight, param overlap: 0.1535, param coverage: 1.0000, param coverage ablation: 0.4402
Param name: layer2.1.conv1.weight, param overlap: 0.1535, param coverage: 1.0000, param coverage ablation: 0.4442
Param name: layer2.1.conv2.weight, param overlap: 0.1535, param coverage: 1.0000, param coverage ablation: 0.4442
Param name: layer3.0.conv1.weight, param overlap: 0.1537, param coverage: 1.0000, param coverage ablation: 0.4451
Param name: layer3.0.conv2.weight, param overlap: 0.1538, param coverage: 1.0000, param coverage ablation: 0.4417
Param name: layer3.0.downsample.0.weight, param overlap: 0.1537, param coverage: 1.0000, param coverage ablation: 0.4441
Param name: layer3.1.conv1.weight, param overlap: 0.1538, param coverage: 1.0000, param coverage ablation: 0.4474
Param name: layer3.1.conv2.weight, param overlap: 0.1538, param coverage: 1.0000, param coverage ablation: 0.4474
Param name: layer4.0.conv1.weight, param overlap: 0.1539, param coverage: 1.0000, param coverage ablation: 0.4452
Param name: layer4.0.conv2.weight, param overlap: 0.1540, param coverage: 1.0000, param coverage ablation: 0.4476
Param name: layer4.0.downsample.0.weight, param overlap: 0.1539, param coverage: 1.0000, param coverage ablation: 0.4436
Param name: layer4.1.conv1.weight, param overlap: 0.1540, param coverage: 1.0000, param coverage ablation: 0.4451
Param name: layer4.1.conv2.weight, param overlap: 0.1540, param coverage: 1.0000, param coverage ablation: 0.4451
Param name: fc.weight, param overlap: 0.2898, param coverage: 1.0000, param coverage ablation: 0.8906
Param name: fc.bias, param overlap: 1.0000, param coverage: 1.0000, param coverage ablation: 1.0000
Client 85	Capacity: 1.0	Model Size: 42.99 MB	Train Loss: 0.0066	Train Acc: 1.0000	Local Validation  Loss: 0.0000	Local Validation Acc: 0.0000	Global Validation Loss: 7.6693	Global Validation Acc: 0.0294
Client 19	Capacity: 0.25	Model Size: 2.77 MB	Train Loss: 0.3888	Train Acc: 0.9753	Local Validation  Loss: 0.0000	Local Validation Acc: 0.0000	Global Validation Loss: 6.8483	Global Validation Acc: 0.0172
Client 4	Capacity: 0.1	Model Size: 0.46 MB	Train Loss: 2.6084	Train Acc: 0.4451	Local Validation  Loss: 0.0000	Local Validation Acc: 0.0000	Global Validation Loss: 6.5091	Global Validation Acc: 0.0142
Client 49	Capacity: 0.25	Model Size: 2.77 MB	Train Loss: 0.7554	Train Acc: 0.9154	Local Validation  Loss: 0.0000	Local Validation Acc: 0.0000	Global Validation Loss: 6.7465	Global Validation Acc: 0.0217
Client 31	Capacity: 0.25	Model Size: 2.77 MB	Train Loss: 0.2906	Train Acc: 0.9811	Local Validation  Loss: 0.0000	Local Validation Acc: 0.0000	Global Validation Loss: 6.7097	Global Validation Acc: 0.0142
Client 63	Capacity: 0.1	Model Size: 0.46 MB	Train Loss: 2.8079	Train Acc: 0.4060	Local Validation  Loss: 0.0000	Local Validation Acc: 0.0000	Global Validation Loss: 6.5303	Global Validation Acc: 0.0115
Client 84	Capacity: 0.1	Model Size: 0.46 MB	Train Loss: 2.6065	Train Acc: 0.4470	Local Validation  Loss: 0.0000	Local Validation Acc: 0.0000	Global Validation Loss: 6.5532	Global Validation Acc: 0.0119
Client 67	Capacity: 0.25	Model Size: 2.77 MB	Train Loss: 0.3950	Train Acc: 0.9669	Local Validation  Loss: 0.0000	Local Validation Acc: 0.0000	Global Validation Loss: 6.6978	Global Validation Acc: 0.0180
Client 54	Capacity: 0.5	Model Size: 10.85 MB	Train Loss: 0.0161	Train Acc: 1.0000	Local Validation  Loss: 0.0000	Local Validation Acc: 0.0000	Global Validation Loss: 6.9111	Global Validation Acc: 0.0248
Client 50	Capacity: 0.1	Model Size: 0.46 MB	Train Loss: 2.7121	Train Acc: 0.4152	Local Validation  Loss: 0.0000	Local Validation Acc: 0.0000	Global Validation Loss: 6.6340	Global Validation Acc: 0.0134
Aggregated
Global Test Loss: 7.5764	Global Test Acc: 0.0257
Round 2 use time: 14.19 min, ETA: 70.49 hours
================================================================================
Round 3
Selected 10 client IDs: [59 54 77 48 46 62 78 79  7 67]
eta_g: 1.0000, mean Overlap: 0.2191, mean Coverage: 0.8896, mean Coverage Ablation: 0.8896
Param name: conv1.weight, param overlap: 0.2812, param coverage: 1.0000, param coverage ablation: 1.0000
Param name: layer1.0.conv1.weight, param overlap: 0.1654, param coverage: 0.9011, param coverage ablation: 0.9011
Param name: layer1.0.conv2.weight, param overlap: 0.1654, param coverage: 0.9011, param coverage ablation: 0.9011
Param name: layer1.1.conv1.weight, param overlap: 0.1718, param coverage: 0.8672, param coverage ablation: 0.8672
Param name: layer1.1.conv2.weight, param overlap: 0.1718, param coverage: 0.8672, param coverage ablation: 0.8672
Param name: layer2.0.conv1.weight, param overlap: 0.1689, param coverage: 0.8824, param coverage ablation: 0.8824
Param name: layer2.0.conv2.weight, param overlap: 0.1697, param coverage: 0.8782, param coverage ablation: 0.8782
Param name: layer2.0.downsample.0.weight, param overlap: 0.1694, param coverage: 0.8795, param coverage ablation: 0.8795
Param name: layer2.1.conv1.weight, param overlap: 0.1726, param coverage: 0.8632, param coverage ablation: 0.8632
Param name: layer2.1.conv2.weight, param overlap: 0.1726, param coverage: 0.8632, param coverage ablation: 0.8632
Param name: layer3.0.conv1.weight, param overlap: 0.1699, param coverage: 0.8786, param coverage ablation: 0.8786
Param name: layer3.0.conv2.weight, param overlap: 0.1718, param coverage: 0.8702, param coverage ablation: 0.8702
Param name: layer3.0.downsample.0.weight, param overlap: 0.1724, param coverage: 0.8655, param coverage ablation: 0.8655
Param name: layer3.1.conv1.weight, param overlap: 0.1708, param coverage: 0.8754, param coverage ablation: 0.8754
Param name: layer3.1.conv2.weight, param overlap: 0.1708, param coverage: 0.8754, param coverage ablation: 0.8754
Param name: layer4.0.conv1.weight, param overlap: 0.1729, param coverage: 0.8650, param coverage ablation: 0.8650
Param name: layer4.0.conv2.weight, param overlap: 0.1730, param coverage: 0.8651, param coverage ablation: 0.8651
Param name: layer4.0.downsample.0.weight, param overlap: 0.1746, param coverage: 0.8566, param coverage ablation: 0.8566
Param name: layer4.1.conv1.weight, param overlap: 0.1729, param coverage: 0.8657, param coverage ablation: 0.8657
Param name: layer4.1.conv2.weight, param overlap: 0.1729, param coverage: 0.8657, param coverage ablation: 0.8657
Param name: fc.weight, param overlap: 0.2893, param coverage: 0.9844, param coverage ablation: 0.9844
Param name: fc.bias, param overlap: 1.0000, param coverage: 1.0000, param coverage ablation: 1.0000
Client 59	Capacity: 0.1	Model Size: 0.46 MB	Train Loss: 2.3397	Train Acc: 0.5263	Local Validation  Loss: 0.0000	Local Validation Acc: 0.0000	Global Validation Loss: 6.5183	Global Validation Acc: 0.0113
Client 54	Capacity: 0.5	Model Size: 10.85 MB	Train Loss: 0.0114	Train Acc: 1.0000	Local Validation  Loss: 0.0000	Local Validation Acc: 0.0000	Global Validation Loss: 7.0972	Global Validation Acc: 0.0231
Client 77	Capacity: 0.1	Model Size: 0.46 MB	Train Loss: 2.4554	Train Acc: 0.5118	Local Validation  Loss: 0.0000	Local Validation Acc: 0.0000	Global Validation Loss: 6.3898	Global Validation Acc: 0.0086
Client 48	Capacity: 0.75	Model Size: 24.26 MB	Train Loss: 0.0049	Train Acc: 1.0000	Local Validation  Loss: 0.0000	Local Validation Acc: 0.0000	Global Validation Loss: 7.6628	Global Validation Acc: 0.0207
Client 46	Capacity: 0.1	Model Size: 0.46 MB	Train Loss: 2.3411	Train Acc: 0.5363	Local Validation  Loss: 0.0000	Local Validation Acc: 0.0000	Global Validation Loss: 6.5585	Global Validation Acc: 0.0135
Client 62	Capacity: 0.75	Model Size: 24.26 MB	Train Loss: 0.0035	Train Acc: 1.0000	Local Validation  Loss: 0.0000	Local Validation Acc: 0.0000	Global Validation Loss: 7.3582	Global Validation Acc: 0.0236
Client 78	Capacity: 0.1	Model Size: 0.46 MB	Train Loss: 2.4603	Train Acc: 0.5525	Local Validation  Loss: 0.0000	Local Validation Acc: 0.0000	Global Validation Loss: 6.3204	Global Validation Acc: 0.0118
Client 79	Capacity: 0.1	Model Size: 0.46 MB	Train Loss: 2.5793	Train Acc: 0.4725	Local Validation  Loss: 0.0000	Local Validation Acc: 0.0000	Global Validation Loss: 6.3992	Global Validation Acc: 0.0124
Client 7	Capacity: 0.1	Model Size: 0.46 MB	Train Loss: 2.3154	Train Acc: 0.5435	Local Validation  Loss: 0.0000	Local Validation Acc: 0.0000	Global Validation Loss: 6.3572	Global Validation Acc: 0.0111
Client 67	Capacity: 0.25	Model Size: 2.77 MB	Train Loss: 0.2178	Train Acc: 0.9968	Local Validation  Loss: 0.0000	Local Validation Acc: 0.0000	Global Validation Loss: 6.6262	Global Validation Acc: 0.0196
Aggregated
Global Test Loss: 7.7345	Global Test Acc: 0.0262
Round 3 use time: 12.75 min, ETA: 63.14 hours
================================================================================
Round 4
Selected 10 client IDs: [10 27 83  6 33 41 24 23 74 32]
eta_g: 1.0000, mean Overlap: 0.2049, mean Coverage: 1.0000, mean Coverage Ablation: 0.5348
Param name: conv1.weight, param overlap: 0.2656, param coverage: 1.0000, param coverage ablation: 0.9219
Param name: layer1.0.conv1.weight, param overlap: 0.1562, param coverage: 1.0000, param coverage ablation: 0.4697
Param name: layer1.0.conv2.weight, param overlap: 0.1562, param coverage: 1.0000, param coverage ablation: 0.4697
Param name: layer1.1.conv1.weight, param overlap: 0.1562, param coverage: 1.0000, param coverage ablation: 0.4778
Param name: layer1.1.conv2.weight, param overlap: 0.1562, param coverage: 1.0000, param coverage ablation: 0.4778
Param name: layer2.0.conv1.weight, param overlap: 0.1562, param coverage: 1.0000, param coverage ablation: 0.4745
Param name: layer2.0.conv2.weight, param overlap: 0.1562, param coverage: 1.0000, param coverage ablation: 0.4780
Param name: layer2.0.downsample.0.weight, param overlap: 0.1562, param coverage: 1.0000, param coverage ablation: 0.4779
Param name: layer2.1.conv1.weight, param overlap: 0.1562, param coverage: 1.0000, param coverage ablation: 0.4662
Param name: layer2.1.conv2.weight, param overlap: 0.1562, param coverage: 1.0000, param coverage ablation: 0.4662
Param name: layer3.0.conv1.weight, param overlap: 0.1564, param coverage: 1.0000, param coverage ablation: 0.4754
Param name: layer3.0.conv2.weight, param overlap: 0.1567, param coverage: 1.0000, param coverage ablation: 0.4698
Param name: layer3.0.downsample.0.weight, param overlap: 0.1564, param coverage: 1.0000, param coverage ablation: 0.4756
Param name: layer3.1.conv1.weight, param overlap: 0.1567, param coverage: 1.0000, param coverage ablation: 0.4769
Param name: layer3.1.conv2.weight, param overlap: 0.1567, param coverage: 1.0000, param coverage ablation: 0.4769
Param name: layer4.0.conv1.weight, param overlap: 0.1568, param coverage: 1.0000, param coverage ablation: 0.4750
Param name: layer4.0.conv2.weight, param overlap: 0.1569, param coverage: 1.0000, param coverage ablation: 0.4735
Param name: layer4.0.downsample.0.weight, param overlap: 0.1568, param coverage: 1.0000, param coverage ablation: 0.4677
Param name: layer4.1.conv1.weight, param overlap: 0.1569, param coverage: 1.0000, param coverage ablation: 0.4674
Param name: layer4.1.conv2.weight, param overlap: 0.1569, param coverage: 1.0000, param coverage ablation: 0.4674
Param name: fc.weight, param overlap: 0.2697, param coverage: 1.0000, param coverage ablation: 0.8613
Param name: fc.bias, param overlap: 1.0000, param coverage: 1.0000, param coverage ablation: 1.0000
Client 10	Capacity: 0.1	Model Size: 0.46 MB	Train Loss: 2.3972	Train Acc: 0.5331	Local Validation  Loss: 0.0000	Local Validation Acc: 0.0000	Global Validation Loss: 6.3974	Global Validation Acc: 0.0113
Client 27	Capacity: 0.5	Model Size: 10.85 MB	Train Loss: 0.0106	Train Acc: 1.0000	Local Validation  Loss: 0.0000	Local Validation Acc: 0.0000	Global Validation Loss: 7.4430	Global Validation Acc: 0.0196
Client 83	Capacity: 0.1	Model Size: 0.46 MB	Train Loss: 2.3887	Train Acc: 0.5082	Local Validation  Loss: 0.0000	Local Validation Acc: 0.0000	Global Validation Loss: 6.3701	Global Validation Acc: 0.0139
Client 6	Capacity: 1.0	Model Size: 42.99 MB	Train Loss: 0.0016	Train Acc: 1.0000	Local Validation  Loss: 0.0000	Local Validation Acc: 0.0000	Global Validation Loss: 8.2108	Global Validation Acc: 0.0248
Client 33	Capacity: 0.1	Model Size: 0.46 MB	Train Loss: 2.1133	Train Acc: 0.6124	Local Validation  Loss: 0.0000	Local Validation Acc: 0.0000	Global Validation Loss: 6.3940	Global Validation Acc: 0.0104
Client 41	Capacity: 0.5	Model Size: 10.85 MB	Train Loss: 0.0098	Train Acc: 1.0000	Local Validation  Loss: 0.0000	Local Validation Acc: 0.0000	Global Validation Loss: 6.9140	Global Validation Acc: 0.0229
Client 24	Capacity: 0.1	Model Size: 0.46 MB	Train Loss: 2.1958	Train Acc: 0.5711	Local Validation  Loss: 0.0000	Local Validation Acc: 0.0000	Global Validation Loss: 6.4461	Global Validation Acc: 0.0101
Client 23	Capacity: 0.1	Model Size: 0.46 MB	Train Loss: 2.5966	Train Acc: 0.4648	Local Validation  Loss: 0.0000	Local Validation Acc: 0.0000	Global Validation Loss: 6.3863	Global Validation Acc: 0.0128
Client 74	Capacity: 0.1	Model Size: 0.46 MB	Train Loss: 2.4228	Train Acc: 0.5359	Local Validation  Loss: 0.0000	Local Validation Acc: 0.0000	Global Validation Loss: 6.4225	Global Validation Acc: 0.0144
Client 32	Capacity: 0.1	Model Size: 0.46 MB	Train Loss: 2.0505	Train Acc: 0.6269	Local Validation  Loss: 0.0000	Local Validation Acc: 0.0000	Global Validation Loss: 6.6108	Global Validation Acc: 0.0107
Aggregated
Global Test Loss: 7.9808	Global Test Acc: 0.0267
Round 4 use time: 10.08 min, ETA: 49.75 hours
================================================================================
Round 5
Selected 10 client IDs: [60 63 92 12 71 54 66 15 83  3]
eta_g: 1.0000, mean Overlap: 0.2207, mean Coverage: 0.8525, mean Coverage Ablation: 0.8525
Param name: conv1.weight, param overlap: 0.2969, param coverage: 1.0000, param coverage ablation: 1.0000
Param name: layer1.0.conv1.weight, param overlap: 0.1709, param coverage: 0.8303, param coverage ablation: 0.8303
Param name: layer1.0.conv2.weight, param overlap: 0.1709, param coverage: 0.8303, param coverage ablation: 0.8303
Param name: layer1.1.conv1.weight, param overlap: 0.1731, param coverage: 0.8196, param coverage ablation: 0.8196
Param name: layer1.1.conv2.weight, param overlap: 0.1731, param coverage: 0.8196, param coverage ablation: 0.8196
Param name: layer2.0.conv1.weight, param overlap: 0.1707, param coverage: 0.8311, param coverage ablation: 0.8311
Param name: layer2.0.conv2.weight, param overlap: 0.1706, param coverage: 0.8318, param coverage ablation: 0.8318
Param name: layer2.0.downsample.0.weight, param overlap: 0.1720, param coverage: 0.8252, param coverage ablation: 0.8252
Param name: layer2.1.conv1.weight, param overlap: 0.1715, param coverage: 0.8271, param coverage ablation: 0.8271
Param name: layer2.1.conv2.weight, param overlap: 0.1715, param coverage: 0.8271, param coverage ablation: 0.8271
Param name: layer3.0.conv1.weight, param overlap: 0.1709, param coverage: 0.8312, param coverage ablation: 0.8312
Param name: layer3.0.conv2.weight, param overlap: 0.1700, param coverage: 0.8370, param coverage ablation: 0.8370
Param name: layer3.0.downsample.0.weight, param overlap: 0.1709, param coverage: 0.8313, param coverage ablation: 0.8313
Param name: layer3.1.conv1.weight, param overlap: 0.1707, param coverage: 0.8336, param coverage ablation: 0.8336
Param name: layer3.1.conv2.weight, param overlap: 0.1707, param coverage: 0.8336, param coverage ablation: 0.8336
Param name: layer4.0.conv1.weight, param overlap: 0.1708, param coverage: 0.8335, param coverage ablation: 0.8335
Param name: layer4.0.conv2.weight, param overlap: 0.1717, param coverage: 0.8299, param coverage ablation: 0.8299
Param name: layer4.0.downsample.0.weight, param overlap: 0.1707, param coverage: 0.8341, param coverage ablation: 0.8341
Param name: layer4.1.conv1.weight, param overlap: 0.1710, param coverage: 0.8332, param coverage ablation: 0.8332
Param name: layer4.1.conv2.weight, param overlap: 0.1710, param coverage: 0.8332, param coverage ablation: 0.8332
Param name: fc.weight, param overlap: 0.3052, param coverage: 0.9824, param coverage ablation: 0.9824
Param name: fc.bias, param overlap: 1.0000, param coverage: 1.0000, param coverage ablation: 1.0000
Client 60	Capacity: 0.5	Model Size: 10.85 MB	Train Loss: 0.0073	Train Acc: 1.0000	Local Validation  Loss: 0.0000	Local Validation Acc: 0.0000	Global Validation Loss: 7.3855	Global Validation Acc: 0.0197
Client 63	Capacity: 0.1	Model Size: 0.46 MB	Train Loss: 2.3611	Train Acc: 0.5633	Local Validation  Loss: 0.0000	Local Validation Acc: 0.0000	Global Validation Loss: 6.4043	Global Validation Acc: 0.0110
Client 92	Capacity: 0.5	Model Size: 10.85 MB	Train Loss: 0.0184	Train Acc: 1.0000	Local Validation  Loss: 0.0000	Local Validation Acc: 0.0000	Global Validation Loss: 7.5119	Global Validation Acc: 0.0229
Client 12	Capacity: 0.1	Model Size: 0.46 MB	Train Loss: 2.2638	Train Acc: 0.5578	Local Validation  Loss: 0.0000	Local Validation Acc: 0.0000	Global Validation Loss: 6.4543	Global Validation Acc: 0.0117
Client 71	Capacity: 0.1	Model Size: 0.46 MB	Train Loss: 2.0571	Train Acc: 0.6467	Local Validation  Loss: 0.0000	Local Validation Acc: 0.0000	Global Validation Loss: 6.3788	Global Validation Acc: 0.0125
Client 54	Capacity: 0.5	Model Size: 10.85 MB	Train Loss: 0.0076	Train Acc: 1.0000	Local Validation  Loss: 0.0000	Local Validation Acc: 0.0000	Global Validation Loss: 7.1621	Global Validation Acc: 0.0254
Client 66	Capacity: 0.1	Model Size: 0.46 MB	Train Loss: 2.2137	Train Acc: 0.6065	Local Validation  Loss: 0.0000	Local Validation Acc: 0.0000	Global Validation Loss: 6.3812	Global Validation Acc: 0.0098
Client 15	Capacity: 0.25	Model Size: 2.77 MB	Train Loss: 0.1146	Train Acc: 1.0000	Local Validation  Loss: 0.0000	Local Validation Acc: 0.0000	Global Validation Loss: 6.4157	Global Validation Acc: 0.0189
Client 83	Capacity: 0.1	Model Size: 0.46 MB	Train Loss: 2.2609	Train Acc: 0.5550	Local Validation  Loss: 0.0000	Local Validation Acc: 0.0000	Global Validation Loss: 6.3965	Global Validation Acc: 0.0132
Client 3	Capacity: 0.75	Model Size: 24.26 MB	Train Loss: 0.0026	Train Acc: 1.0000	Local Validation  Loss: 0.0000	Local Validation Acc: 0.0000	Global Validation Loss: 7.9720	Global Validation Acc: 0.0294
Aggregated
Global Test Loss: 8.3942	Global Test Acc: 0.0346
Round 5 use time: 15.14 min, ETA: 74.44 hours
================================================================================
Round 6
Selected 10 client IDs: [57 82 52 20 99 63 68 27 51 10]
eta_g: 1.0000, mean Overlap: 0.2169, mean Coverage: 1.0000, mean Coverage Ablation: 0.5876
Param name: conv1.weight, param overlap: 0.2969, param coverage: 1.0000, param coverage ablation: 0.9531
Param name: layer1.0.conv1.weight, param overlap: 0.1669, param coverage: 1.0000, param coverage ablation: 0.5369
Param name: layer1.0.conv2.weight, param overlap: 0.1669, param coverage: 1.0000, param coverage ablation: 0.5369
Param name: layer1.1.conv1.weight, param overlap: 0.1669, param coverage: 1.0000, param coverage ablation: 0.5420
Param name: layer1.1.conv2.weight, param overlap: 0.1669, param coverage: 1.0000, param coverage ablation: 0.5420
Param name: layer2.0.conv1.weight, param overlap: 0.1669, param coverage: 1.0000, param coverage ablation: 0.5398
Param name: layer2.0.conv2.weight, param overlap: 0.1669, param coverage: 1.0000, param coverage ablation: 0.5160
Param name: layer2.0.downsample.0.weight, param overlap: 0.1669, param coverage: 1.0000, param coverage ablation: 0.5360
Param name: layer2.1.conv1.weight, param overlap: 0.1669, param coverage: 1.0000, param coverage ablation: 0.5242
Param name: layer2.1.conv2.weight, param overlap: 0.1669, param coverage: 1.0000, param coverage ablation: 0.5242
Param name: layer3.0.conv1.weight, param overlap: 0.1671, param coverage: 1.0000, param coverage ablation: 0.5211
Param name: layer3.0.conv2.weight, param overlap: 0.1673, param coverage: 1.0000, param coverage ablation: 0.5281
Param name: layer3.0.downsample.0.weight, param overlap: 0.1671, param coverage: 1.0000, param coverage ablation: 0.5211
Param name: layer3.1.conv1.weight, param overlap: 0.1673, param coverage: 1.0000, param coverage ablation: 0.5207
Param name: layer3.1.conv2.weight, param overlap: 0.1673, param coverage: 1.0000, param coverage ablation: 0.5207
Param name: layer4.0.conv1.weight, param overlap: 0.1674, param coverage: 1.0000, param coverage ablation: 0.5255
Param name: layer4.0.conv2.weight, param overlap: 0.1675, param coverage: 1.0000, param coverage ablation: 0.5277
Param name: layer4.0.downsample.0.weight, param overlap: 0.1674, param coverage: 1.0000, param coverage ablation: 0.5297
Param name: layer4.1.conv1.weight, param overlap: 0.1675, param coverage: 1.0000, param coverage ablation: 0.5306
Param name: layer4.1.conv2.weight, param overlap: 0.1675, param coverage: 1.0000, param coverage ablation: 0.5306
Param name: fc.weight, param overlap: 0.2998, param coverage: 1.0000, param coverage ablation: 0.9199
Param name: fc.bias, param overlap: 1.0000, param coverage: 1.0000, param coverage ablation: 1.0000
Client 57	Capacity: 0.1	Model Size: 0.46 MB	Train Loss: 2.7974	Train Acc: 0.4519	Local Validation  Loss: 0.0000	Local Validation Acc: 0.0000	Global Validation Loss: 6.3963	Global Validation Acc: 0.0101
Client 82	Capacity: 0.5	Model Size: 10.85 MB	Train Loss: 0.0073	Train Acc: 1.0000	Local Validation  Loss: 0.0000	Local Validation Acc: 0.0000	Global Validation Loss: 7.1964	Global Validation Acc: 0.0240
Client 52	Capacity: 1.0	Model Size: 42.99 MB	Train Loss: 0.0014	Train Acc: 1.0000	Local Validation  Loss: 0.0000	Local Validation Acc: 0.0000	Global Validation Loss: 8.0275	Global Validation Acc: 0.0342
Client 20	Capacity: 0.25	Model Size: 2.77 MB	Train Loss: 0.1021	Train Acc: 1.0000	Local Validation  Loss: 0.0000	Local Validation Acc: 0.0000	Global Validation Loss: 6.7783	Global Validation Acc: 0.0196
Client 99	Capacity: 0.1	Model Size: 0.46 MB	Train Loss: 2.1114	Train Acc: 0.6444	Local Validation  Loss: 0.0000	Local Validation Acc: 0.0000	Global Validation Loss: 6.1117	Global Validation Acc: 0.0137
Client 63	Capacity: 0.1	Model Size: 0.46 MB	Train Loss: 2.1162	Train Acc: 0.6027	Local Validation  Loss: 0.0000	Local Validation Acc: 0.0000	Global Validation Loss: 6.4834	Global Validation Acc: 0.0122
Client 68	Capacity: 0.1	Model Size: 0.46 MB	Train Loss: 2.5945	Train Acc: 0.4499	Local Validation  Loss: 0.0000	Local Validation Acc: 0.0000	Global Validation Loss: 6.4075	Global Validation Acc: 0.0132
Client 27	Capacity: 0.5	Model Size: 10.85 MB	Train Loss: 0.0068	Train Acc: 1.0000	Local Validation  Loss: 0.0000	Local Validation Acc: 0.0000	Global Validation Loss: 7.7416	Global Validation Acc: 0.0206
Client 51	Capacity: 0.25	Model Size: 2.77 MB	Train Loss: 0.0913	Train Acc: 1.0000	Local Validation  Loss: 0.0000	Local Validation Acc: 0.0000	Global Validation Loss: 6.6960	Global Validation Acc: 0.0132
Client 10	Capacity: 0.1	Model Size: 0.46 MB	Train Loss: 2.0370	Train Acc: 0.6368	Local Validation  Loss: 0.0000	Local Validation Acc: 0.0000	Global Validation Loss: 6.3561	Global Validation Acc: 0.0117
Aggregated
Global Test Loss: 8.1061	Global Test Acc: 0.0380
Round 6 use time: 11.12 min, ETA: 54.49 hours
================================================================================
Round 7
Selected 10 client IDs: [72  4 32 36  6 78 54 48 24  5]
eta_g: 1.0000, mean Overlap: 0.2342, mean Coverage: 1.0000, mean Coverage Ablation: 0.7362
Param name: conv1.weight, param overlap: 0.2906, param coverage: 1.0000, param coverage ablation: 0.9688
Param name: layer1.0.conv1.weight, param overlap: 0.1874, param coverage: 1.0000, param coverage ablation: 0.7141
Param name: layer1.0.conv2.weight, param overlap: 0.1874, param coverage: 1.0000, param coverage ablation: 0.7141
Param name: layer1.1.conv1.weight, param overlap: 0.1874, param coverage: 1.0000, param coverage ablation: 0.7112
Param name: layer1.1.conv2.weight, param overlap: 0.1874, param coverage: 1.0000, param coverage ablation: 0.7112
Param name: layer2.0.conv1.weight, param overlap: 0.1874, param coverage: 1.0000, param coverage ablation: 0.7119
Param name: layer2.0.conv2.weight, param overlap: 0.1874, param coverage: 1.0000, param coverage ablation: 0.7088
Param name: layer2.0.downsample.0.weight, param overlap: 0.1874, param coverage: 1.0000, param coverage ablation: 0.7037
Param name: layer2.1.conv1.weight, param overlap: 0.1874, param coverage: 1.0000, param coverage ablation: 0.6978
Param name: layer2.1.conv2.weight, param overlap: 0.1874, param coverage: 1.0000, param coverage ablation: 0.6978
Param name: layer3.0.conv1.weight, param overlap: 0.1877, param coverage: 1.0000, param coverage ablation: 0.6893
Param name: layer3.0.conv2.weight, param overlap: 0.1879, param coverage: 1.0000, param coverage ablation: 0.6835
Param name: layer3.0.downsample.0.weight, param overlap: 0.1877, param coverage: 1.0000, param coverage ablation: 0.6948
Param name: layer3.1.conv1.weight, param overlap: 0.1879, param coverage: 1.0000, param coverage ablation: 0.6878
Param name: layer3.1.conv2.weight, param overlap: 0.1879, param coverage: 1.0000, param coverage ablation: 0.6878
Param name: layer4.0.conv1.weight, param overlap: 0.1881, param coverage: 1.0000, param coverage ablation: 0.6929
Param name: layer4.0.conv2.weight, param overlap: 0.1882, param coverage: 1.0000, param coverage ablation: 0.6967
Param name: layer4.0.downsample.0.weight, param overlap: 0.1881, param coverage: 1.0000, param coverage ablation: 0.6929
Param name: layer4.1.conv1.weight, param overlap: 0.1882, param coverage: 1.0000, param coverage ablation: 0.6978
Param name: layer4.1.conv2.weight, param overlap: 0.1882, param coverage: 1.0000, param coverage ablation: 0.6978
Param name: fc.weight, param overlap: 0.2947, param coverage: 1.0000, param coverage ablation: 0.9355
Param name: fc.bias, param overlap: 1.0000, param coverage: 1.0000, param coverage ablation: 1.0000
Client 72	Capacity: 0.1	Model Size: 0.46 MB	Train Loss: 1.9065	Train Acc: 0.6430	Local Validation  Loss: 0.0000	Local Validation Acc: 0.0000	Global Validation Loss: 6.3913	Global Validation Acc: 0.0106
Client 4	Capacity: 0.1	Model Size: 0.46 MB	Train Loss: 1.8101	Train Acc: 0.6782	Local Validation  Loss: 0.0000	Local Validation Acc: 0.0000	Global Validation Loss: 6.3329	Global Validation Acc: 0.0148
Client 32	Capacity: 0.1	Model Size: 0.46 MB	Train Loss: 1.7674	Train Acc: 0.6876	Local Validation  Loss: 0.0000	Local Validation Acc: 0.0000	Global Validation Loss: 6.6165	Global Validation Acc: 0.0114
Client 36	Capacity: 0.1	Model Size: 0.46 MB	Train Loss: 1.7151	Train Acc: 0.7080	Local Validation  Loss: 0.0000	Local Validation Acc: 0.0000	Global Validation Loss: 6.4298	Global Validation Acc: 0.0102
Client 6	Capacity: 1.0	Model Size: 42.99 MB	Train Loss: 0.0008	Train Acc: 1.0000	Local Validation  Loss: 0.0000	Local Validation Acc: 0.0000	Global Validation Loss: 8.4162	Global Validation Acc: 0.0292
Client 78	Capacity: 0.1	Model Size: 0.46 MB	Train Loss: 2.0192	Train Acc: 0.6682	Local Validation  Loss: 0.0000	Local Validation Acc: 0.0000	Global Validation Loss: 6.2653	Global Validation Acc: 0.0118
Client 54	Capacity: 0.5	Model Size: 10.85 MB	Train Loss: 0.0052	Train Acc: 1.0000	Local Validation  Loss: 0.0000	Local Validation Acc: 0.0000	Global Validation Loss: 7.4106	Global Validation Acc: 0.0239
Client 48	Capacity: 0.75	Model Size: 24.26 MB	Train Loss: 0.0094	Train Acc: 0.9991	Local Validation  Loss: 0.0000	Local Validation Acc: 0.0000	Global Validation Loss: 8.3717	Global Validation Acc: 0.0243
Client 24	Capacity: 0.1	Model Size: 0.46 MB	Train Loss: 2.0434	Train Acc: 0.5998	Local Validation  Loss: 0.0000	Local Validation Acc: 0.0000	Global Validation Loss: 6.4479	Global Validation Acc: 0.0121
Client 5	Capacity: 0.1	Model Size: 0.46 MB	Train Loss: 1.8318	Train Acc: 0.6660	Local Validation  Loss: 0.0000	Local Validation Acc: 0.0000	Global Validation Loss: 6.3262	Global Validation Acc: 0.0129
Aggregated
Global Test Loss: 8.1437	Global Test Acc: 0.0365
Round 7 use time: 14.09 min, ETA: 68.78 hours
================================================================================
Round 8
Selected 10 client IDs: [66 37 56 12 60 38 82 77 85 32]
eta_g: 1.0000, mean Overlap: 0.2049, mean Coverage: 1.0000, mean Coverage Ablation: 0.5343
Param name: conv1.weight, param overlap: 0.2656, param coverage: 1.0000, param coverage ablation: 0.8594
Param name: layer1.0.conv1.weight, param overlap: 0.1562, param coverage: 1.0000, param coverage ablation: 0.4763
Param name: layer1.0.conv2.weight, param overlap: 0.1562, param coverage: 1.0000, param coverage ablation: 0.4763
Param name: layer1.1.conv1.weight, param overlap: 0.1562, param coverage: 1.0000, param coverage ablation: 0.4685
Param name: layer1.1.conv2.weight, param overlap: 0.1562, param coverage: 1.0000, param coverage ablation: 0.4685
Param name: layer2.0.conv1.weight, param overlap: 0.1562, param coverage: 1.0000, param coverage ablation: 0.4785
Param name: layer2.0.conv2.weight, param overlap: 0.1562, param coverage: 1.0000, param coverage ablation: 0.4760
Param name: layer2.0.downsample.0.weight, param overlap: 0.1562, param coverage: 1.0000, param coverage ablation: 0.4678
Param name: layer2.1.conv1.weight, param overlap: 0.1562, param coverage: 1.0000, param coverage ablation: 0.4676
Param name: layer2.1.conv2.weight, param overlap: 0.1562, param coverage: 1.0000, param coverage ablation: 0.4676
Param name: layer3.0.conv1.weight, param overlap: 0.1564, param coverage: 1.0000, param coverage ablation: 0.4711
Param name: layer3.0.conv2.weight, param overlap: 0.1567, param coverage: 1.0000, param coverage ablation: 0.4787
Param name: layer3.0.downsample.0.weight, param overlap: 0.1564, param coverage: 1.0000, param coverage ablation: 0.4739
Param name: layer3.1.conv1.weight, param overlap: 0.1567, param coverage: 1.0000, param coverage ablation: 0.4779
Param name: layer3.1.conv2.weight, param overlap: 0.1567, param coverage: 1.0000, param coverage ablation: 0.4779
Param name: layer4.0.conv1.weight, param overlap: 0.1568, param coverage: 1.0000, param coverage ablation: 0.4760
Param name: layer4.0.conv2.weight, param overlap: 0.1569, param coverage: 1.0000, param coverage ablation: 0.4726
Param name: layer4.0.downsample.0.weight, param overlap: 0.1568, param coverage: 1.0000, param coverage ablation: 0.4786
Param name: layer4.1.conv1.weight, param overlap: 0.1569, param coverage: 1.0000, param coverage ablation: 0.4801
Param name: layer4.1.conv2.weight, param overlap: 0.1569, param coverage: 1.0000, param coverage ablation: 0.4801
Param name: fc.weight, param overlap: 0.2697, param coverage: 1.0000, param coverage ablation: 0.8809
Param name: fc.bias, param overlap: 1.0000, param coverage: 1.0000, param coverage ablation: 1.0000
Client 66	Capacity: 0.1	Model Size: 0.46 MB	Train Loss: 2.1113	Train Acc: 0.6471	Local Validation  Loss: 0.0000	Local Validation Acc: 0.0000	Global Validation Loss: 6.3519	Global Validation Acc: 0.0115
Client 37	Capacity: 0.1	Model Size: 0.46 MB	Train Loss: 2.0094	Train Acc: 0.6230	Local Validation  Loss: 0.0000	Local Validation Acc: 0.0000	Global Validation Loss: 6.4075	Global Validation Acc: 0.0138
Client 56	Capacity: 0.1	Model Size: 0.46 MB	Train Loss: 1.7195	Train Acc: 0.7345	Local Validation  Loss: 0.0000	Local Validation Acc: 0.0000	Global Validation Loss: 6.3275	Global Validation Acc: 0.0126
Client 12	Capacity: 0.1	Model Size: 0.46 MB	Train Loss: 1.8119	Train Acc: 0.7108	Local Validation  Loss: 0.0000	Local Validation Acc: 0.0000	Global Validation Loss: 6.3626	Global Validation Acc: 0.0118
Client 60	Capacity: 0.5	Model Size: 10.85 MB	Train Loss: 0.0046	Train Acc: 1.0000	Local Validation  Loss: 0.0000	Local Validation Acc: 0.0000	Global Validation Loss: 7.6256	Global Validation Acc: 0.0234
Client 38	Capacity: 0.1	Model Size: 0.46 MB	Train Loss: 1.9672	Train Acc: 0.6172	Local Validation  Loss: 0.0000	Local Validation Acc: 0.0000	Global Validation Loss: 6.5037	Global Validation Acc: 0.0135
Client 82	Capacity: 0.5	Model Size: 10.85 MB	Train Loss: 0.0052	Train Acc: 1.0000	Local Validation  Loss: 0.0000	Local Validation Acc: 0.0000	Global Validation Loss: 7.4944	Global Validation Acc: 0.0253
Client 77	Capacity: 0.1	Model Size: 0.46 MB	Train Loss: 2.3715	Train Acc: 0.5615	Local Validation  Loss: 0.0000	Local Validation Acc: 0.0000	Global Validation Loss: 6.3030	Global Validation Acc: 0.0100
Client 85	Capacity: 1.0	Model Size: 42.99 MB	Train Loss: 0.0101	Train Acc: 0.9980	Local Validation  Loss: 0.0000	Local Validation Acc: 0.0000	Global Validation Loss: 8.4837	Global Validation Acc: 0.0316
Client 32	Capacity: 0.1	Model Size: 0.46 MB	Train Loss: 1.7571	Train Acc: 0.6744	Local Validation  Loss: 0.0000	Local Validation Acc: 0.0000	Global Validation Loss: 6.6142	Global Validation Acc: 0.0123
Aggregated
Global Test Loss: 8.5474	Global Test Acc: 0.0344
Round 8 use time: 10.85 min, ETA: 52.81 hours
================================================================================
Round 9
Selected 10 client IDs: [79 14 34 87 83 55 38 46 57 19]
eta_g: 1.0000, mean Overlap: 0.1543, mean Coverage: 0.2721, mean Coverage Ablation: 0.2721
Param name: conv1.weight, param overlap: 0.1667, param coverage: 0.7500, param coverage ablation: 0.7500
Param name: layer1.0.conv1.weight, param overlap: 0.1062, param coverage: 0.1838, param coverage ablation: 0.1838
Param name: layer1.0.conv2.weight, param overlap: 0.1062, param coverage: 0.1838, param coverage ablation: 0.1838
Param name: layer1.1.conv1.weight, param overlap: 0.1074, param coverage: 0.1819, param coverage ablation: 0.1819
Param name: layer1.1.conv2.weight, param overlap: 0.1074, param coverage: 0.1819, param coverage ablation: 0.1819
Param name: layer2.0.conv1.weight, param overlap: 0.1076, param coverage: 0.1815, param coverage ablation: 0.1815
Param name: layer2.0.conv2.weight, param overlap: 0.1077, param coverage: 0.1813, param coverage ablation: 0.1813
Param name: layer2.0.downsample.0.weight, param overlap: 0.1083, param coverage: 0.1804, param coverage ablation: 0.1804
Param name: layer2.1.conv1.weight, param overlap: 0.1073, param coverage: 0.1820, param coverage ablation: 0.1820
Param name: layer2.1.conv2.weight, param overlap: 0.1073, param coverage: 0.1820, param coverage ablation: 0.1820
Param name: layer3.0.conv1.weight, param overlap: 0.1095, param coverage: 0.1810, param coverage ablation: 0.1810
Param name: layer3.0.conv2.weight, param overlap: 0.1090, param coverage: 0.1847, param coverage ablation: 0.1847
Param name: layer3.0.downsample.0.weight, param overlap: 0.1088, param coverage: 0.1822, param coverage ablation: 0.1822
Param name: layer3.1.conv1.weight, param overlap: 0.1082, param coverage: 0.1861, param coverage ablation: 0.1861
Param name: layer3.1.conv2.weight, param overlap: 0.1082, param coverage: 0.1861, param coverage ablation: 0.1861
Param name: layer4.0.conv1.weight, param overlap: 0.1086, param coverage: 0.1867, param coverage ablation: 0.1867
Param name: layer4.0.conv2.weight, param overlap: 0.1082, param coverage: 0.1889, param coverage ablation: 0.1889
Param name: layer4.0.downsample.0.weight, param overlap: 0.1088, param coverage: 0.1865, param coverage ablation: 0.1865
Param name: layer4.1.conv1.weight, param overlap: 0.1086, param coverage: 0.1882, param coverage ablation: 0.1882
Param name: layer4.1.conv2.weight, param overlap: 0.1086, param coverage: 0.1882, param coverage ablation: 0.1882
Param name: fc.weight, param overlap: 0.1757, param coverage: 0.7383, param coverage ablation: 0.7383
Param name: fc.bias, param overlap: 1.0000, param coverage: 1.0000, param coverage ablation: 1.0000
Client 79	Capacity: 0.1	Model Size: 0.46 MB	Train Loss: 2.0813	Train Acc: 0.6087	Local Validation  Loss: 0.0000	Local Validation Acc: 0.0000	Global Validation Loss: 6.2707	Global Validation Acc: 0.0168
Client 14	Capacity: 0.1	Model Size: 0.46 MB	Train Loss: 1.7846	Train Acc: 0.6783	Local Validation  Loss: 0.0000	Local Validation Acc: 0.0000	Global Validation Loss: 6.6344	Global Validation Acc: 0.0126
Client 34	Capacity: 0.1	Model Size: 0.46 MB	Train Loss: 1.9742	Train Acc: 0.6439	Local Validation  Loss: 0.0000	Local Validation Acc: 0.0000	Global Validation Loss: 6.4601	Global Validation Acc: 0.0128
Client 87	Capacity: 0.1	Model Size: 0.46 MB	Train Loss: 1.7475	Train Acc: 0.6864	Local Validation  Loss: 0.0000	Local Validation Acc: 0.0000	Global Validation Loss: 6.3758	Global Validation Acc: 0.0128
Client 83	Capacity: 0.1	Model Size: 0.46 MB	Train Loss: 1.8282	Train Acc: 0.6757	Local Validation  Loss: 0.0000	Local Validation Acc: 0.0000	Global Validation Loss: 6.4088	Global Validation Acc: 0.0114
Client 55	Capacity: 0.25	Model Size: 2.77 MB	Train Loss: 0.0586	Train Acc: 1.0000	Local Validation  Loss: 0.0000	Local Validation Acc: 0.0000	Global Validation Loss: 6.6915	Global Validation Acc: 0.0172
Client 38	Capacity: 0.1	Model Size: 0.46 MB	Train Loss: 1.7122	Train Acc: 0.7185	Local Validation  Loss: 0.0000	Local Validation Acc: 0.0000	Global Validation Loss: 6.5772	Global Validation Acc: 0.0101
Client 46	Capacity: 0.1	Model Size: 0.46 MB	Train Loss: 1.9377	Train Acc: 0.6959	Local Validation  Loss: 0.0000	Local Validation Acc: 0.0000	Global Validation Loss: 6.4822	Global Validation Acc: 0.0129
Client 57	Capacity: 0.1	Model Size: 0.46 MB	Train Loss: 2.9192	Train Acc: 0.4059	Local Validation  Loss: 0.0000	Local Validation Acc: 0.0000	Global Validation Loss: 6.2930	Global Validation Acc: 0.0115
Client 19	Capacity: 0.25	Model Size: 2.77 MB	Train Loss: 0.0624	Train Acc: 1.0000	Local Validation  Loss: 0.0000	Local Validation Acc: 0.0000	Global Validation Loss: 6.7447	Global Validation Acc: 0.0205
Aggregated
Global Test Loss: 10.6189	Global Test Acc: 0.0280
Round 9 use time: 12.30 min, ETA: 59.67 hours
================================================================================
Round 10
Selected 10 client IDs: [ 9 44 45 42 73  3 27 31 79 24]
eta_g: 1.0000, mean Overlap: 0.2070, mean Coverage: 0.8109, mean Coverage Ablation: 0.8109
Param name: conv1.weight, param overlap: 0.2852, param coverage: 0.9531, param coverage ablation: 0.9531
Param name: layer1.0.conv1.weight, param overlap: 0.1636, param coverage: 0.7529, param coverage ablation: 0.7529
Param name: layer1.0.conv2.weight, param overlap: 0.1636, param coverage: 0.7529, param coverage ablation: 0.7529
Param name: layer1.1.conv1.weight, param overlap: 0.1589, param coverage: 0.7749, param coverage ablation: 0.7749
Param name: layer1.1.conv2.weight, param overlap: 0.1589, param coverage: 0.7749, param coverage ablation: 0.7749
Param name: layer2.0.conv1.weight, param overlap: 0.1613, param coverage: 0.7637, param coverage ablation: 0.7637
Param name: layer2.0.conv2.weight, param overlap: 0.1577, param coverage: 0.7807, param coverage ablation: 0.7807
Param name: layer2.0.downsample.0.weight, param overlap: 0.1600, param coverage: 0.7698, param coverage ablation: 0.7698
Param name: layer2.1.conv1.weight, param overlap: 0.1557, param coverage: 0.7910, param coverage ablation: 0.7910
Param name: layer2.1.conv2.weight, param overlap: 0.1557, param coverage: 0.7910, param coverage ablation: 0.7910
Param name: layer3.0.conv1.weight, param overlap: 0.1560, param coverage: 0.7905, param coverage ablation: 0.7905
Param name: layer3.0.conv2.weight, param overlap: 0.1556, param coverage: 0.7938, param coverage ablation: 0.7938
Param name: layer3.0.downsample.0.weight, param overlap: 0.1556, param coverage: 0.7924, param coverage ablation: 0.7924
Param name: layer3.1.conv1.weight, param overlap: 0.1551, param coverage: 0.7965, param coverage ablation: 0.7965
Param name: layer3.1.conv2.weight, param overlap: 0.1551, param coverage: 0.7965, param coverage ablation: 0.7965
Param name: layer4.0.conv1.weight, param overlap: 0.1551, param coverage: 0.7971, param coverage ablation: 0.7971
Param name: layer4.0.conv2.weight, param overlap: 0.1549, param coverage: 0.7985, param coverage ablation: 0.7985
Param name: layer4.0.downsample.0.weight, param overlap: 0.1550, param coverage: 0.7975, param coverage ablation: 0.7975
Param name: layer4.1.conv1.weight, param overlap: 0.1556, param coverage: 0.7950, param coverage ablation: 0.7950
Param name: layer4.1.conv2.weight, param overlap: 0.1556, param coverage: 0.7950, param coverage ablation: 0.7950
Param name: fc.weight, param overlap: 0.2797, param coverage: 0.9824, param coverage ablation: 0.9824
Param name: fc.bias, param overlap: 1.0000, param coverage: 1.0000, param coverage ablation: 1.0000
Decaying global learning rate at round 10, new eta_g: 0.9000
Client 9	Capacity: 0.1	Model Size: 0.46 MB	Train Loss: 1.4774	Train Acc: 0.7676	Local Validation  Loss: 0.0000	Local Validation Acc: 0.0000	Global Validation Loss: 6.4440	Global Validation Acc: 0.0100
Client 44	Capacity: 0.5	Model Size: 10.85 MB	Train Loss: 0.0041	Train Acc: 1.0000	Local Validation  Loss: 0.0000	Local Validation Acc: 0.0000	Global Validation Loss: 7.6680	Global Validation Acc: 0.0225
Client 45	Capacity: 0.1	Model Size: 0.46 MB	Train Loss: 1.5592	Train Acc: 0.7925	Local Validation  Loss: 0.0000	Local Validation Acc: 0.0000	Global Validation Loss: 6.4180	Global Validation Acc: 0.0135
Client 42	Capacity: 0.25	Model Size: 2.77 MB	Train Loss: 0.0467	Train Acc: 1.0000	Local Validation  Loss: 0.0000	Local Validation Acc: 0.0000	Global Validation Loss: 6.7316	Global Validation Acc: 0.0223
Client 73	Capacity: 0.1	Model Size: 0.46 MB	Train Loss: 2.1317	Train Acc: 0.5912	Local Validation  Loss: 0.0000	Local Validation Acc: 0.0000	Global Validation Loss: 6.5913	Global Validation Acc: 0.0163
Client 3	Capacity: 0.75	Model Size: 24.26 MB	Train Loss: 0.0047	Train Acc: 0.9992	Local Validation  Loss: 0.0000	Local Validation Acc: 0.0000	Global Validation Loss: 8.3814	Global Validation Acc: 0.0319
Client 27	Capacity: 0.5	Model Size: 10.85 MB	Train Loss: 0.0114	Train Acc: 0.9979	Local Validation  Loss: 0.0000	Local Validation Acc: 0.0000	Global Validation Loss: 8.1111	Global Validation Acc: 0.0196
Client 31	Capacity: 0.25	Model Size: 2.77 MB	Train Loss: 0.0482	Train Acc: 1.0000	Local Validation  Loss: 0.0000	Local Validation Acc: 0.0000	Global Validation Loss: 6.9144	Global Validation Acc: 0.0145
Client 79	Capacity: 0.1	Model Size: 0.46 MB	Train Loss: 2.0228	Train Acc: 0.6251	Local Validation  Loss: 0.0000	Local Validation Acc: 0.0000	Global Validation Loss: 6.3472	Global Validation Acc: 0.0140
Client 24	Capacity: 0.1	Model Size: 0.46 MB	Train Loss: 1.6835	Train Acc: 0.7428	Local Validation  Loss: 0.0000	Local Validation Acc: 0.0000	Global Validation Loss: 6.5341	Global Validation Acc: 0.0097
Aggregated
Global Test Loss: 9.8469	Global Test Acc: 0.0395
Round 10 use time: 14.42 min, ETA: 69.71 hours
================================================================================
Round 11
Selected 10 client IDs: [72 92 15 46 38 45 65 85 75  1]
eta_g: 0.9000, mean Overlap: 0.2169, mean Coverage: 1.0000, mean Coverage Ablation: 0.5831
Param name: conv1.weight, param overlap: 0.2969, param coverage: 1.0000, param coverage ablation: 0.8594
Param name: layer1.0.conv1.weight, param overlap: 0.1669, param coverage: 1.0000, param coverage ablation: 0.5261
Param name: layer1.0.conv2.weight, param overlap: 0.1669, param coverage: 1.0000, param coverage ablation: 0.5261
Param name: layer1.1.conv1.weight, param overlap: 0.1669, param coverage: 1.0000, param coverage ablation: 0.5281
Param name: layer1.1.conv2.weight, param overlap: 0.1669, param coverage: 1.0000, param coverage ablation: 0.5281
Param name: layer2.0.conv1.weight, param overlap: 0.1669, param coverage: 1.0000, param coverage ablation: 0.5219
Param name: layer2.0.conv2.weight, param overlap: 0.1669, param coverage: 1.0000, param coverage ablation: 0.5225
Param name: layer2.0.downsample.0.weight, param overlap: 0.1669, param coverage: 1.0000, param coverage ablation: 0.5186
Param name: layer2.1.conv1.weight, param overlap: 0.1669, param coverage: 1.0000, param coverage ablation: 0.5275
Param name: layer2.1.conv2.weight, param overlap: 0.1669, param coverage: 1.0000, param coverage ablation: 0.5275
Param name: layer3.0.conv1.weight, param overlap: 0.1671, param coverage: 1.0000, param coverage ablation: 0.5257
Param name: layer3.0.conv2.weight, param overlap: 0.1673, param coverage: 1.0000, param coverage ablation: 0.5346
Param name: layer3.0.downsample.0.weight, param overlap: 0.1671, param coverage: 1.0000, param coverage ablation: 0.5328
Param name: layer3.1.conv1.weight, param overlap: 0.1673, param coverage: 1.0000, param coverage ablation: 0.5295
Param name: layer3.1.conv2.weight, param overlap: 0.1673, param coverage: 1.0000, param coverage ablation: 0.5295
Param name: layer4.0.conv1.weight, param overlap: 0.1674, param coverage: 1.0000, param coverage ablation: 0.5387
Param name: layer4.0.conv2.weight, param overlap: 0.1675, param coverage: 1.0000, param coverage ablation: 0.5342
Param name: layer4.0.downsample.0.weight, param overlap: 0.1674, param coverage: 1.0000, param coverage ablation: 0.5364
Param name: layer4.1.conv1.weight, param overlap: 0.1675, param coverage: 1.0000, param coverage ablation: 0.5330
Param name: layer4.1.conv2.weight, param overlap: 0.1675, param coverage: 1.0000, param coverage ablation: 0.5330
Param name: fc.weight, param overlap: 0.2998, param coverage: 1.0000, param coverage ablation: 0.9141
Param name: fc.bias, param overlap: 1.0000, param coverage: 1.0000, param coverage ablation: 1.0000
Client 72	Capacity: 0.1	Model Size: 0.46 MB	Train Loss: 1.6322	Train Acc: 0.7312	Local Validation  Loss: 0.0000	Local Validation Acc: 0.0000	Global Validation Loss: 6.4105	Global Validation Acc: 0.0125
Client 92	Capacity: 0.5	Model Size: 10.85 MB	Train Loss: 0.0062	Train Acc: 0.9990	Local Validation  Loss: 0.0000	Local Validation Acc: 0.0000	Global Validation Loss: 8.0536	Global Validation Acc: 0.0237
Client 15	Capacity: 0.25	Model Size: 2.77 MB	Train Loss: 0.0412	Train Acc: 1.0000	Local Validation  Loss: 0.0000	Local Validation Acc: 0.0000	Global Validation Loss: 6.6903	Global Validation Acc: 0.0181
Client 46	Capacity: 0.1	Model Size: 0.46 MB	Train Loss: 1.4992	Train Acc: 0.7722	Local Validation  Loss: 0.0000	Local Validation Acc: 0.0000	Global Validation Loss: 6.5492	Global Validation Acc: 0.0092
Client 38	Capacity: 0.1	Model Size: 0.46 MB	Train Loss: 1.7368	Train Acc: 0.6991	Local Validation  Loss: 0.0000	Local Validation Acc: 0.0000	Global Validation Loss: 6.4827	Global Validation Acc: 0.0147
Client 45	Capacity: 0.1	Model Size: 0.46 MB	Train Loss: 1.4706	Train Acc: 0.7849	Local Validation  Loss: 0.0000	Local Validation Acc: 0.0000	Global Validation Loss: 6.4460	Global Validation Acc: 0.0102
Client 65	Capacity: 0.5	Model Size: 10.85 MB	Train Loss: 0.0030	Train Acc: 1.0000	Local Validation  Loss: 0.0000	Local Validation Acc: 0.0000	Global Validation Loss: 7.7998	Global Validation Acc: 0.0219
Client 85	Capacity: 1.0	Model Size: 42.99 MB	Train Loss: 0.0007	Train Acc: 1.0000	Local Validation  Loss: 0.0000	Local Validation Acc: 0.0000	Global Validation Loss: 8.4875	Global Validation Acc: 0.0326
Client 75	Capacity: 0.1	Model Size: 0.46 MB	Train Loss: 1.9826	Train Acc: 0.6787	Local Validation  Loss: 0.0000	Local Validation Acc: 0.0000	Global Validation Loss: 6.3235	Global Validation Acc: 0.0122
Client 1	Capacity: 0.25	Model Size: 2.77 MB	Train Loss: 0.0416	Train Acc: 1.0000	Local Validation  Loss: 0.0000	Local Validation Acc: 0.0000	Global Validation Loss: 6.9815	Global Validation Acc: 0.0117
Aggregated
Global Test Loss: 9.0304	Global Test Acc: 0.0427
Round 11 use time: 14.35 min, ETA: 69.14 hours
================================================================================
Round 12
Selected 10 client IDs: [15 56 23 19 92 82 32 31  3 69]
eta_g: 0.9000, mean Overlap: 0.2306, mean Coverage: 0.8708, mean Coverage Ablation: 0.8708
Param name: conv1.weight, param overlap: 0.3333, param coverage: 0.9844, param coverage ablation: 0.9844
Param name: layer1.0.conv1.weight, param overlap: 0.1847, param coverage: 0.8264, param coverage ablation: 0.8264
Param name: layer1.0.conv2.weight, param overlap: 0.1847, param coverage: 0.8264, param coverage ablation: 0.8264
Param name: layer1.1.conv1.weight, param overlap: 0.1787, param coverage: 0.8542, param coverage ablation: 0.8542
Param name: layer1.1.conv2.weight, param overlap: 0.1787, param coverage: 0.8542, param coverage ablation: 0.8542
Param name: layer2.0.conv1.weight, param overlap: 0.1810, param coverage: 0.8431, param coverage ablation: 0.8431
Param name: layer2.0.conv2.weight, param overlap: 0.1776, param coverage: 0.8594, param coverage ablation: 0.8594
Param name: layer2.0.downsample.0.weight, param overlap: 0.1804, param coverage: 0.8459, param coverage ablation: 0.8459
Param name: layer2.1.conv1.weight, param overlap: 0.1776, param coverage: 0.8594, param coverage ablation: 0.8594
Param name: layer2.1.conv2.weight, param overlap: 0.1776, param coverage: 0.8594, param coverage ablation: 0.8594
Param name: layer3.0.conv1.weight, param overlap: 0.1768, param coverage: 0.8637, param coverage ablation: 0.8637
Param name: layer3.0.conv2.weight, param overlap: 0.1783, param coverage: 0.8573, param coverage ablation: 0.8573
Param name: layer3.0.downsample.0.weight, param overlap: 0.1775, param coverage: 0.8604, param coverage ablation: 0.8604
Param name: layer3.1.conv1.weight, param overlap: 0.1786, param coverage: 0.8561, param coverage ablation: 0.8561
Param name: layer3.1.conv2.weight, param overlap: 0.1786, param coverage: 0.8561, param coverage ablation: 0.8561
Param name: layer4.0.conv1.weight, param overlap: 0.1803, param coverage: 0.8484, param coverage ablation: 0.8484
Param name: layer4.0.conv2.weight, param overlap: 0.1805, param coverage: 0.8476, param coverage ablation: 0.8476
Param name: layer4.0.downsample.0.weight, param overlap: 0.1791, param coverage: 0.8537, param coverage ablation: 0.8537
Param name: layer4.1.conv1.weight, param overlap: 0.1795, param coverage: 0.8522, param coverage ablation: 0.8522
Param name: layer4.1.conv2.weight, param overlap: 0.1795, param coverage: 0.8522, param coverage ablation: 0.8522
Param name: fc.weight, param overlap: 0.3312, param coverage: 0.9961, param coverage ablation: 0.9961
Param name: fc.bias, param overlap: 1.0000, param coverage: 1.0000, param coverage ablation: 1.0000
Client 15	Capacity: 0.25	Model Size: 2.77 MB	Train Loss: 0.0407	Train Acc: 1.0000	Local Validation  Loss: 0.0000	Local Validation Acc: 0.0000	Global Validation Loss: 6.7530	Global Validation Acc: 0.0204
Client 56	Capacity: 0.1	Model Size: 0.46 MB	Train Loss: 1.5910	Train Acc: 0.7705	Local Validation  Loss: 0.0000	Local Validation Acc: 0.0000	Global Validation Loss: 6.4687	Global Validation Acc: 0.0103
Client 23	Capacity: 0.1	Model Size: 0.46 MB	Train Loss: 1.7098	Train Acc: 0.7247	Local Validation  Loss: 0.0000	Local Validation Acc: 0.0000	Global Validation Loss: 6.3590	Global Validation Acc: 0.0128
Client 19	Capacity: 0.25	Model Size: 2.77 MB	Train Loss: 0.0359	Train Acc: 1.0000	Local Validation  Loss: 0.0000	Local Validation Acc: 0.0000	Global Validation Loss: 6.9306	Global Validation Acc: 0.0162
Client 92	Capacity: 0.5	Model Size: 10.85 MB	Train Loss: 0.0066	Train Acc: 1.0000	Local Validation  Loss: 0.0000	Local Validation Acc: 0.0000	Global Validation Loss: 8.1457	Global Validation Acc: 0.0236
Client 82	Capacity: 0.5	Model Size: 10.85 MB	Train Loss: 0.0033	Train Acc: 1.0000	Local Validation  Loss: 0.0000	Local Validation Acc: 0.0000	Global Validation Loss: 7.8102	Global Validation Acc: 0.0259
Client 32	Capacity: 0.1	Model Size: 0.46 MB	Train Loss: 1.3556	Train Acc: 0.7856	Local Validation  Loss: 0.0000	Local Validation Acc: 0.0000	Global Validation Loss: 6.5600	Global Validation Acc: 0.0127
Client 31	Capacity: 0.25	Model Size: 2.77 MB	Train Loss: 0.0403	Train Acc: 1.0000	Local Validation  Loss: 0.0000	Local Validation Acc: 0.0000	Global Validation Loss: 6.8861	Global Validation Acc: 0.0136
Client 3	Capacity: 0.75	Model Size: 24.26 MB	Train Loss: 0.0010	Train Acc: 1.0000	Local Validation  Loss: 0.0000	Local Validation Acc: 0.0000	Global Validation Loss: 8.6927	Global Validation Acc: 0.0339
Client 69	Capacity: 0.5	Model Size: 10.85 MB	Train Loss: 0.0032	Train Acc: 1.0000	Local Validation  Loss: 0.0000	Local Validation Acc: 0.0000	Global Validation Loss: 7.6226	Global Validation Acc: 0.0286
Aggregated
Global Test Loss: 9.5520	Global Test Acc: 0.0446
Round 12 use time: 11.75 min, ETA: 56.40 hours
================================================================================
Round 13
Selected 10 client IDs: [50 62 48 11 59 36 91 65 81  2]
eta_g: 0.9000, mean Overlap: 0.3313, mean Coverage: 0.9816, mean Coverage Ablation: 0.9816
Param name: conv1.weight, param overlap: 0.4375, param coverage: 1.0000, param coverage ablation: 1.0000
Param name: layer1.0.conv1.weight, param overlap: 0.2876, param coverage: 0.9683, param coverage ablation: 0.9683
Param name: layer1.0.conv2.weight, param overlap: 0.2876, param coverage: 0.9683, param coverage ablation: 0.9683
Param name: layer1.1.conv1.weight, param overlap: 0.2900, param coverage: 0.9604, param coverage ablation: 0.9604
Param name: layer1.1.conv2.weight, param overlap: 0.2900, param coverage: 0.9604, param coverage ablation: 0.9604
Param name: layer2.0.conv1.weight, param overlap: 0.2876, param coverage: 0.9684, param coverage ablation: 0.9684
Param name: layer2.0.conv2.weight, param overlap: 0.2817, param coverage: 0.9885, param coverage ablation: 0.9885
Param name: layer2.0.downsample.0.weight, param overlap: 0.2870, param coverage: 0.9706, param coverage ablation: 0.9706
Param name: layer2.1.conv1.weight, param overlap: 0.2818, param coverage: 0.9882, param coverage ablation: 0.9882
Param name: layer2.1.conv2.weight, param overlap: 0.2818, param coverage: 0.9882, param coverage ablation: 0.9882
Param name: layer3.0.conv1.weight, param overlap: 0.2825, param coverage: 0.9864, param coverage ablation: 0.9864
Param name: layer3.0.conv2.weight, param overlap: 0.2838, param coverage: 0.9824, param coverage ablation: 0.9824
Param name: layer3.0.downsample.0.weight, param overlap: 0.2827, param coverage: 0.9856, param coverage ablation: 0.9856
Param name: layer3.1.conv1.weight, param overlap: 0.2837, param coverage: 0.9827, param coverage ablation: 0.9827
Param name: layer3.1.conv2.weight, param overlap: 0.2837, param coverage: 0.9827, param coverage ablation: 0.9827
Param name: layer4.0.conv1.weight, param overlap: 0.2839, param coverage: 0.9825, param coverage ablation: 0.9825
Param name: layer4.0.conv2.weight, param overlap: 0.2836, param coverage: 0.9837, param coverage ablation: 0.9837
Param name: layer4.0.downsample.0.weight, param overlap: 0.2839, param coverage: 0.9825, param coverage ablation: 0.9825
Param name: layer4.1.conv1.weight, param overlap: 0.2837, param coverage: 0.9832, param coverage ablation: 0.9832
Param name: layer4.1.conv2.weight, param overlap: 0.2837, param coverage: 0.9832, param coverage ablation: 0.9832
Param name: fc.weight, param overlap: 0.4398, param coverage: 1.0000, param coverage ablation: 1.0000
Param name: fc.bias, param overlap: 1.0000, param coverage: 1.0000, param coverage ablation: 1.0000
Client 50	Capacity: 0.1	Model Size: 0.46 MB	Train Loss: 1.8900	Train Acc: 0.6435	Local Validation  Loss: 0.0000	Local Validation Acc: 0.0000	Global Validation Loss: 6.4598	Global Validation Acc: 0.0153
Client 62	Capacity: 0.75	Model Size: 24.26 MB	Train Loss: 0.0013	Train Acc: 1.0000	Local Validation  Loss: 0.0000	Local Validation Acc: 0.0000	Global Validation Loss: 8.1706	Global Validation Acc: 0.0308
Client 48	Capacity: 0.75	Model Size: 24.26 MB	Train Loss: 0.0011	Train Acc: 1.0000	Local Validation  Loss: 0.0000	Local Validation Acc: 0.0000	Global Validation Loss: 8.3802	Global Validation Acc: 0.0257
Client 11	Capacity: 0.75	Model Size: 24.26 MB	Train Loss: 0.0011	Train Acc: 1.0000	Local Validation  Loss: 0.0000	Local Validation Acc: 0.0000	Global Validation Loss: 8.3589	Global Validation Acc: 0.0292
Client 59	Capacity: 0.1	Model Size: 0.46 MB	Train Loss: 1.5669	Train Acc: 0.7660	Local Validation  Loss: 0.0000	Local Validation Acc: 0.0000	Global Validation Loss: 6.4724	Global Validation Acc: 0.0118
Client 36	Capacity: 0.1	Model Size: 0.46 MB	Train Loss: 1.5784	Train Acc: 0.7341	Local Validation  Loss: 0.0000	Local Validation Acc: 0.0000	Global Validation Loss: 6.4666	Global Validation Acc: 0.0134
Client 91	Capacity: 0.75	Model Size: 24.26 MB	Train Loss: 0.0015	Train Acc: 1.0000	Local Validation  Loss: 0.0000	Local Validation Acc: 0.0000	Global Validation Loss: 8.4826	Global Validation Acc: 0.0306
Client 65	Capacity: 0.5	Model Size: 10.85 MB	Train Loss: 0.0031	Train Acc: 1.0000	Local Validation  Loss: 0.0000	Local Validation Acc: 0.0000	Global Validation Loss: 7.9288	Global Validation Acc: 0.0243
Client 81	Capacity: 0.5	Model Size: 10.85 MB	Train Loss: 0.5641	Train Acc: 0.9976	Local Validation  Loss: 0.0000	Local Validation Acc: 0.0000	Global Validation Loss: 7.6481	Global Validation Acc: 0.0250
Client 2	Capacity: 0.1	Model Size: 0.46 MB	Train Loss: 1.5490	Train Acc: 0.7577	Local Validation  Loss: 0.0000	Local Validation Acc: 0.0000	Global Validation Loss: 6.4969	Global Validation Acc: 0.0115
Aggregated
Global Test Loss: 8.0444	Global Test Acc: 0.0554
Round 13 use time: 13.83 min, ETA: 66.15 hours
================================================================================
Round 14
Selected 10 client IDs: [28 43 47  2 86 55 96  9 68 92]
eta_g: 0.9000, mean Overlap: 0.1631, mean Coverage: 0.4518, mean Coverage Ablation: 0.4518
Param name: conv1.weight, param overlap: 0.1893, param coverage: 0.8750, param coverage ablation: 0.8750
Param name: layer1.0.conv1.weight, param overlap: 0.1177, param coverage: 0.3708, param coverage ablation: 0.3708
Param name: layer1.0.conv2.weight, param overlap: 0.1177, param coverage: 0.3708, param coverage ablation: 0.3708
Param name: layer1.1.conv1.weight, param overlap: 0.1133, param coverage: 0.3853, param coverage ablation: 0.3853
Param name: layer1.1.conv2.weight, param overlap: 0.1133, param coverage: 0.3853, param coverage ablation: 0.3853
Param name: layer2.0.conv1.weight, param overlap: 0.1177, param coverage: 0.3710, param coverage ablation: 0.3710
Param name: layer2.0.conv2.weight, param overlap: 0.1155, param coverage: 0.3779, param coverage ablation: 0.3779
Param name: layer2.0.downsample.0.weight, param overlap: 0.1149, param coverage: 0.3798, param coverage ablation: 0.3798
Param name: layer2.1.conv1.weight, param overlap: 0.1169, param coverage: 0.3734, param coverage ablation: 0.3734
Param name: layer2.1.conv2.weight, param overlap: 0.1169, param coverage: 0.3734, param coverage ablation: 0.3734
Param name: layer3.0.conv1.weight, param overlap: 0.1153, param coverage: 0.3807, param coverage ablation: 0.3807
Param name: layer3.0.conv2.weight, param overlap: 0.1166, param coverage: 0.3789, param coverage ablation: 0.3789
Param name: layer3.0.downsample.0.weight, param overlap: 0.1146, param coverage: 0.3831, param coverage ablation: 0.3831
Param name: layer3.1.conv1.weight, param overlap: 0.1151, param coverage: 0.3838, param coverage ablation: 0.3838
Param name: layer3.1.conv2.weight, param overlap: 0.1151, param coverage: 0.3838, param coverage ablation: 0.3838
Param name: layer4.0.conv1.weight, param overlap: 0.1155, param coverage: 0.3837, param coverage ablation: 0.3837
Param name: layer4.0.conv2.weight, param overlap: 0.1154, param coverage: 0.3851, param coverage ablation: 0.3851
Param name: layer4.0.downsample.0.weight, param overlap: 0.1154, param coverage: 0.3841, param coverage ablation: 0.3841
Param name: layer4.1.conv1.weight, param overlap: 0.1161, param coverage: 0.3829, param coverage ablation: 0.3829
Param name: layer4.1.conv2.weight, param overlap: 0.1161, param coverage: 0.3829, param coverage ablation: 0.3829
Param name: fc.weight, param overlap: 0.2002, param coverage: 0.8477, param coverage ablation: 0.8477
Param name: fc.bias, param overlap: 1.0000, param coverage: 1.0000, param coverage ablation: 1.0000
Client 28	Capacity: 0.1	Model Size: 0.46 MB	Train Loss: 1.6717	Train Acc: 0.7561	Local Validation  Loss: 0.0000	Local Validation Acc: 0.0000	Global Validation Loss: 6.4504	Global Validation Acc: 0.0106
Client 43	Capacity: 0.25	Model Size: 2.77 MB	Train Loss: 0.0364	Train Acc: 1.0000	Local Validation  Loss: 0.0000	Local Validation Acc: 0.0000	Global Validation Loss: 6.9694	Global Validation Acc: 0.0207
Client 47	Capacity: 0.1	Model Size: 0.46 MB	Train Loss: 1.4205	Train Acc: 0.7928	Local Validation  Loss: 0.0000	Local Validation Acc: 0.0000	Global Validation Loss: 6.4764	Global Validation Acc: 0.0115
Client 2	Capacity: 0.1	Model Size: 0.46 MB	Train Loss: 1.4268	Train Acc: 0.7903	Local Validation  Loss: 0.0000	Local Validation Acc: 0.0000	Global Validation Loss: 6.5374	Global Validation Acc: 0.0109
Client 86	Capacity: 0.1	Model Size: 0.46 MB	Train Loss: 1.8282	Train Acc: 0.7188	Local Validation  Loss: 0.0000	Local Validation Acc: 0.0000	Global Validation Loss: 6.4054	Global Validation Acc: 0.0115
Client 55	Capacity: 0.25	Model Size: 2.77 MB	Train Loss: 0.0357	Train Acc: 1.0000	Local Validation  Loss: 0.0000	Local Validation Acc: 0.0000	Global Validation Loss: 6.8378	Global Validation Acc: 0.0197
Client 96	Capacity: 0.1	Model Size: 0.46 MB	Train Loss: 1.7703	Train Acc: 0.7021	Local Validation  Loss: 0.0000	Local Validation Acc: 0.0000	Global Validation Loss: 6.4461	Global Validation Acc: 0.0082
Client 9	Capacity: 0.1	Model Size: 0.46 MB	Train Loss: 1.5108	Train Acc: 0.7562	Local Validation  Loss: 0.0000	Local Validation Acc: 0.0000	Global Validation Loss: 6.4429	Global Validation Acc: 0.0097
Client 68	Capacity: 0.1	Model Size: 0.46 MB	Train Loss: 2.0091	Train Acc: 0.6166	Local Validation  Loss: 0.0000	Local Validation Acc: 0.0000	Global Validation Loss: 6.4418	Global Validation Acc: 0.0122
Client 92	Capacity: 0.5	Model Size: 10.85 MB	Train Loss: 0.0085	Train Acc: 1.0000	Local Validation  Loss: 0.0000	Local Validation Acc: 0.0000	Global Validation Loss: 8.2809	Global Validation Acc: 0.0230
Aggregated
Global Test Loss: 9.7435	Global Test Acc: 0.0516
Round 14 use time: 11.98 min, ETA: 57.11 hours
================================================================================
Round 15
Selected 10 client IDs: [69 19 33 11 30 92 59 63 61 72]
eta_g: 0.9000, mean Overlap: 0.2880, mean Coverage: 0.9597, mean Coverage Ablation: 0.9597
Param name: conv1.weight, param overlap: 0.3875, param coverage: 1.0000, param coverage ablation: 1.0000
Param name: layer1.0.conv1.weight, param overlap: 0.2405, param coverage: 0.9502, param coverage ablation: 0.9502
Param name: layer1.0.conv2.weight, param overlap: 0.2405, param coverage: 0.9502, param coverage ablation: 0.9502
Param name: layer1.1.conv1.weight, param overlap: 0.2399, param coverage: 0.9524, param coverage ablation: 0.9524
Param name: layer1.1.conv2.weight, param overlap: 0.2399, param coverage: 0.9524, param coverage ablation: 0.9524
Param name: layer2.0.conv1.weight, param overlap: 0.2430, param coverage: 0.9404, param coverage ablation: 0.9404
Param name: layer2.0.conv2.weight, param overlap: 0.2414, param coverage: 0.9465, param coverage ablation: 0.9465
Param name: layer2.0.downsample.0.weight, param overlap: 0.2426, param coverage: 0.9420, param coverage ablation: 0.9420
Param name: layer2.1.conv1.weight, param overlap: 0.2406, param coverage: 0.9498, param coverage ablation: 0.9498
Param name: layer2.1.conv2.weight, param overlap: 0.2406, param coverage: 0.9498, param coverage ablation: 0.9498
Param name: layer3.0.conv1.weight, param overlap: 0.2406, param coverage: 0.9502, param coverage ablation: 0.9502
Param name: layer3.0.conv2.weight, param overlap: 0.2384, param coverage: 0.9596, param coverage ablation: 0.9596
Param name: layer3.0.downsample.0.weight, param overlap: 0.2392, param coverage: 0.9558, param coverage ablation: 0.9558
Param name: layer3.1.conv1.weight, param overlap: 0.2378, param coverage: 0.9623, param coverage ablation: 0.9623
Param name: layer3.1.conv2.weight, param overlap: 0.2378, param coverage: 0.9623, param coverage ablation: 0.9623
Param name: layer4.0.conv1.weight, param overlap: 0.2379, param coverage: 0.9621, param coverage ablation: 0.9621
Param name: layer4.0.conv2.weight, param overlap: 0.2392, param coverage: 0.9571, param coverage ablation: 0.9571
Param name: layer4.0.downsample.0.weight, param overlap: 0.2383, param coverage: 0.9604, param coverage ablation: 0.9604
Param name: layer4.1.conv1.weight, param overlap: 0.2396, param coverage: 0.9555, param coverage ablation: 0.9555
Param name: layer4.1.conv2.weight, param overlap: 0.2396, param coverage: 0.9555, param coverage ablation: 0.9555
Param name: fc.weight, param overlap: 0.3906, param coverage: 0.9980, param coverage ablation: 0.9980
Param name: fc.bias, param overlap: 1.0000, param coverage: 1.0000, param coverage ablation: 1.0000
Client 69	Capacity: 0.5	Model Size: 10.85 MB	Train Loss: 0.0023	Train Acc: 1.0000	Local Validation  Loss: 0.0000	Local Validation Acc: 0.0000	Global Validation Loss: 7.7736	Global Validation Acc: 0.0301
Client 19	Capacity: 0.25	Model Size: 2.77 MB	Train Loss: 0.0269	Train Acc: 1.0000	Local Validation  Loss: 0.0000	Local Validation Acc: 0.0000	Global Validation Loss: 7.0591	Global Validation Acc: 0.0163
Client 33	Capacity: 0.1	Model Size: 0.46 MB	Train Loss: 1.3782	Train Acc: 0.8211	Local Validation  Loss: 0.0000	Local Validation Acc: 0.0000	Global Validation Loss: 6.4127	Global Validation Acc: 0.0130
Client 11	Capacity: 0.75	Model Size: 24.26 MB	Train Loss: 0.0010	Train Acc: 1.0000	Local Validation  Loss: 0.0000	Local Validation Acc: 0.0000	Global Validation Loss: 8.4345	Global Validation Acc: 0.0322
Client 30	Capacity: 0.75	Model Size: 24.26 MB	Train Loss: 0.1493	Train Acc: 0.9844	Local Validation  Loss: 0.0000	Local Validation Acc: 0.0000	Global Validation Loss: 8.6255	Global Validation Acc: 0.0232
Client 92	Capacity: 0.5	Model Size: 10.85 MB	Train Loss: 0.0042	Train Acc: 0.9990	Local Validation  Loss: 0.0000	Local Validation Acc: 0.0000	Global Validation Loss: 8.0009	Global Validation Acc: 0.0279
Client 59	Capacity: 0.1	Model Size: 0.46 MB	Train Loss: 1.5143	Train Acc: 0.7450	Local Validation  Loss: 0.0000	Local Validation Acc: 0.0000	Global Validation Loss: 6.4691	Global Validation Acc: 0.0103
Client 63	Capacity: 0.1	Model Size: 0.46 MB	Train Loss: 1.5445	Train Acc: 0.7553	Local Validation  Loss: 0.0000	Local Validation Acc: 0.0000	Global Validation Loss: 6.4924	Global Validation Acc: 0.0112
Client 61	Capacity: 0.75	Model Size: 24.26 MB	Train Loss: 0.0011	Train Acc: 1.0000	Local Validation  Loss: 0.0000	Local Validation Acc: 0.0000	Global Validation Loss: 8.1024	Global Validation Acc: 0.0307
Client 72	Capacity: 0.1	Model Size: 0.46 MB	Train Loss: 1.4052	Train Acc: 0.7817	Local Validation  Loss: 0.0000	Local Validation Acc: 0.0000	Global Validation Loss: 6.5188	Global Validation Acc: 0.0086
Aggregated
Global Test Loss: 8.6002	Global Test Acc: 0.0586
Round 15 use time: 13.32 min, ETA: 63.26 hours
================================================================================
Round 16
Selected 10 client IDs: [65 63 58 87 88 93 84 68 16  8]
eta_g: 0.9000, mean Overlap: 0.2408, mean Coverage: 0.8901, mean Coverage Ablation: 0.8901
Param name: conv1.weight, param overlap: 0.3375, param coverage: 1.0000, param coverage ablation: 1.0000
Param name: layer1.0.conv1.weight, param overlap: 0.1909, param coverage: 0.8699, param coverage ablation: 0.8699
Param name: layer1.0.conv2.weight, param overlap: 0.1909, param coverage: 0.8699, param coverage ablation: 0.8699
Param name: layer1.1.conv1.weight, param overlap: 0.1899, param coverage: 0.8743, param coverage ablation: 0.8743
Param name: layer1.1.conv2.weight, param overlap: 0.1899, param coverage: 0.8743, param coverage ablation: 0.8743
Param name: layer2.0.conv1.weight, param overlap: 0.1901, param coverage: 0.8733, param coverage ablation: 0.8733
Param name: layer2.0.conv2.weight, param overlap: 0.1901, param coverage: 0.8735, param coverage ablation: 0.8735
Param name: layer2.0.downsample.0.weight, param overlap: 0.1899, param coverage: 0.8741, param coverage ablation: 0.8741
Param name: layer2.1.conv1.weight, param overlap: 0.1905, param coverage: 0.8714, param coverage ablation: 0.8714
Param name: layer2.1.conv2.weight, param overlap: 0.1905, param coverage: 0.8714, param coverage ablation: 0.8714
Param name: layer3.0.conv1.weight, param overlap: 0.1897, param coverage: 0.8758, param coverage ablation: 0.8758
Param name: layer3.0.conv2.weight, param overlap: 0.1893, param coverage: 0.8785, param coverage ablation: 0.8785
Param name: layer3.0.downsample.0.weight, param overlap: 0.1906, param coverage: 0.8719, param coverage ablation: 0.8719
Param name: layer3.1.conv1.weight, param overlap: 0.1902, param coverage: 0.8746, param coverage ablation: 0.8746
Param name: layer3.1.conv2.weight, param overlap: 0.1902, param coverage: 0.8746, param coverage ablation: 0.8746
Param name: layer4.0.conv1.weight, param overlap: 0.1907, param coverage: 0.8726, param coverage ablation: 0.8726
Param name: layer4.0.conv2.weight, param overlap: 0.1905, param coverage: 0.8739, param coverage ablation: 0.8739
Param name: layer4.0.downsample.0.weight, param overlap: 0.1900, param coverage: 0.8756, param coverage ablation: 0.8756
Param name: layer4.1.conv1.weight, param overlap: 0.1912, param coverage: 0.8708, param coverage ablation: 0.8708
Param name: layer4.1.conv2.weight, param overlap: 0.1912, param coverage: 0.8708, param coverage ablation: 0.8708
Param name: fc.weight, param overlap: 0.3432, param coverage: 0.9902, param coverage ablation: 0.9902
Param name: fc.bias, param overlap: 1.0000, param coverage: 1.0000, param coverage ablation: 1.0000
Client 65	Capacity: 0.5	Model Size: 10.85 MB	Train Loss: 0.0019	Train Acc: 1.0000	Local Validation  Loss: 0.0000	Local Validation Acc: 0.0000	Global Validation Loss: 8.0316	Global Validation Acc: 0.0240
Client 63	Capacity: 0.1	Model Size: 0.46 MB	Train Loss: 1.6259	Train Acc: 0.7601	Local Validation  Loss: 0.0000	Local Validation Acc: 0.0000	Global Validation Loss: 6.4260	Global Validation Acc: 0.0120
Client 58	Capacity: 0.5	Model Size: 10.85 MB	Train Loss: 0.0021	Train Acc: 1.0000	Local Validation  Loss: 0.0000	Local Validation Acc: 0.0000	Global Validation Loss: 7.8519	Global Validation Acc: 0.0265
Client 87	Capacity: 0.1	Model Size: 0.46 MB	Train Loss: 1.4604	Train Acc: 0.7976	Local Validation  Loss: 0.0000	Local Validation Acc: 0.0000	Global Validation Loss: 6.4286	Global Validation Acc: 0.0143
Client 88	Capacity: 0.75	Model Size: 24.26 MB	Train Loss: 0.0009	Train Acc: 1.0000	Local Validation  Loss: 0.0000	Local Validation Acc: 0.0000	Global Validation Loss: 8.1318	Global Validation Acc: 0.0327
Client 93	Capacity: 0.5	Model Size: 10.85 MB	Train Loss: 0.0024	Train Acc: 1.0000	Local Validation  Loss: 0.0000	Local Validation Acc: 0.0000	Global Validation Loss: 7.9127	Global Validation Acc: 0.0277
Client 84	Capacity: 0.1	Model Size: 0.46 MB	Train Loss: 1.1858	Train Acc: 0.8465	Local Validation  Loss: 0.0000	Local Validation Acc: 0.0000	Global Validation Loss: 6.5003	Global Validation Acc: 0.0091
Client 68	Capacity: 0.1	Model Size: 0.46 MB	Train Loss: 1.9084	Train Acc: 0.6451	Local Validation  Loss: 0.0000	Local Validation Acc: 0.0000	Global Validation Loss: 6.4839	Global Validation Acc: 0.0115
Client 16	Capacity: 0.25	Model Size: 2.77 MB	Train Loss: 0.0275	Train Acc: 1.0000	Local Validation  Loss: 0.0000	Local Validation Acc: 0.0000	Global Validation Loss: 6.8806	Global Validation Acc: 0.0196
Client 8	Capacity: 0.5	Model Size: 10.85 MB	Train Loss: 0.0136	Train Acc: 0.9989	Local Validation  Loss: 0.0000	Local Validation Acc: 0.0000	Global Validation Loss: 7.9553	Global Validation Acc: 0.0276
Aggregated
Global Test Loss: 9.0305	Global Test Acc: 0.0623
Round 16 use time: 13.05 min, ETA: 61.79 hours
================================================================================
Round 17
Selected 10 client IDs: [51 31 89 12  3 68 45 54 42 59]
eta_g: 0.9000, mean Overlap: 0.1892, mean Coverage: 0.7809, mean Coverage Ablation: 0.7809
Param name: conv1.weight, param overlap: 0.2469, param coverage: 1.0000, param coverage ablation: 1.0000
Param name: layer1.0.conv1.weight, param overlap: 0.1410, param coverage: 0.7402, param coverage ablation: 0.7402
Param name: layer1.0.conv2.weight, param overlap: 0.1410, param coverage: 0.7402, param coverage ablation: 0.7402
Param name: layer1.1.conv1.weight, param overlap: 0.1401, param coverage: 0.7451, param coverage ablation: 0.7451
Param name: layer1.1.conv2.weight, param overlap: 0.1401, param coverage: 0.7451, param coverage ablation: 0.7451
Param name: layer2.0.conv1.weight, param overlap: 0.1402, param coverage: 0.7448, param coverage ablation: 0.7448
Param name: layer2.0.conv2.weight, param overlap: 0.1405, param coverage: 0.7432, param coverage ablation: 0.7432
Param name: layer2.0.downsample.0.weight, param overlap: 0.1385, param coverage: 0.7539, param coverage ablation: 0.7539
Param name: layer2.1.conv1.weight, param overlap: 0.1403, param coverage: 0.7442, param coverage ablation: 0.7442
Param name: layer2.1.conv2.weight, param overlap: 0.1403, param coverage: 0.7442, param coverage ablation: 0.7442
Param name: layer3.0.conv1.weight, param overlap: 0.1395, param coverage: 0.7496, param coverage ablation: 0.7496
Param name: layer3.0.conv2.weight, param overlap: 0.1397, param coverage: 0.7498, param coverage ablation: 0.7498
Param name: layer3.0.downsample.0.weight, param overlap: 0.1390, param coverage: 0.7524, param coverage ablation: 0.7524
Param name: layer3.1.conv1.weight, param overlap: 0.1388, param coverage: 0.7548, param coverage ablation: 0.7548
Param name: layer3.1.conv2.weight, param overlap: 0.1388, param coverage: 0.7548, param coverage ablation: 0.7548
Param name: layer4.0.conv1.weight, param overlap: 0.1396, param coverage: 0.7513, param coverage ablation: 0.7513
Param name: layer4.0.conv2.weight, param overlap: 0.1403, param coverage: 0.7480, param coverage ablation: 0.7480
Param name: layer4.0.downsample.0.weight, param overlap: 0.1401, param coverage: 0.7485, param coverage ablation: 0.7485
Param name: layer4.1.conv1.weight, param overlap: 0.1402, param coverage: 0.7485, param coverage ablation: 0.7485
Param name: layer4.1.conv2.weight, param overlap: 0.1402, param coverage: 0.7485, param coverage ablation: 0.7485
Param name: fc.weight, param overlap: 0.2568, param coverage: 0.9727, param coverage ablation: 0.9727
Param name: fc.bias, param overlap: 1.0000, param coverage: 1.0000, param coverage ablation: 1.0000
Client 51	Capacity: 0.25	Model Size: 2.77 MB	Train Loss: 0.0287	Train Acc: 1.0000	Local Validation  Loss: 0.0000	Local Validation Acc: 0.0000	Global Validation Loss: 7.0378	Global Validation Acc: 0.0133
Client 31	Capacity: 0.25	Model Size: 2.77 MB	Train Loss: 0.0274	Train Acc: 1.0000	Local Validation  Loss: 0.0000	Local Validation Acc: 0.0000	Global Validation Loss: 6.9178	Global Validation Acc: 0.0144
Client 89	Capacity: 0.1	Model Size: 0.46 MB	Train Loss: 1.8901	Train Acc: 0.6828	Local Validation  Loss: 0.0000	Local Validation Acc: 0.0000	Global Validation Loss: 6.3966	Global Validation Acc: 0.0150
Client 12	Capacity: 0.1	Model Size: 0.46 MB	Train Loss: 1.5095	Train Acc: 0.7612	Local Validation  Loss: 0.0000	Local Validation Acc: 0.0000	Global Validation Loss: 6.4130	Global Validation Acc: 0.0117
Client 3	Capacity: 0.75	Model Size: 24.26 MB	Train Loss: 0.0009	Train Acc: 1.0000	Local Validation  Loss: 0.0000	Local Validation Acc: 0.0000	Global Validation Loss: 8.2105	Global Validation Acc: 0.0380
Client 68	Capacity: 0.1	Model Size: 0.46 MB	Train Loss: 1.9984	Train Acc: 0.6468	Local Validation  Loss: 0.0000	Local Validation Acc: 0.0000	Global Validation Loss: 6.4853	Global Validation Acc: 0.0113
Client 45	Capacity: 0.1	Model Size: 0.46 MB	Train Loss: 1.2282	Train Acc: 0.8613	Local Validation  Loss: 0.0000	Local Validation Acc: 0.0000	Global Validation Loss: 6.4951	Global Validation Acc: 0.0137
Client 54	Capacity: 0.5	Model Size: 10.85 MB	Train Loss: 0.0019	Train Acc: 1.0000	Local Validation  Loss: 0.0000	Local Validation Acc: 0.0000	Global Validation Loss: 7.9816	Global Validation Acc: 0.0281
Client 42	Capacity: 0.25	Model Size: 2.77 MB	Train Loss: 0.0293	Train Acc: 1.0000	Local Validation  Loss: 0.0000	Local Validation Acc: 0.0000	Global Validation Loss: 6.9323	Global Validation Acc: 0.0199
Client 59	Capacity: 0.1	Model Size: 0.46 MB	Train Loss: 1.5918	Train Acc: 0.7517	Local Validation  Loss: 0.0000	Local Validation Acc: 0.0000	Global Validation Loss: 6.5203	Global Validation Acc: 0.0105
Aggregated
Global Test Loss: 9.3601	Global Test Acc: 0.0597
Round 17 use time: 11.55 min, ETA: 54.46 hours
================================================================================
Round 18
Selected 10 client IDs: [78 90 39 74 91 49 20  4 15 50]
eta_g: 0.9000, mean Overlap: 0.2112, mean Coverage: 0.8564, mean Coverage Ablation: 0.8564
Param name: conv1.weight, param overlap: 0.2762, param coverage: 0.9844, param coverage ablation: 0.9844
Param name: layer1.0.conv1.weight, param overlap: 0.1630, param coverage: 0.8320, param coverage ablation: 0.8320
Param name: layer1.0.conv2.weight, param overlap: 0.1630, param coverage: 0.8320, param coverage ablation: 0.8320
Param name: layer1.1.conv1.weight, param overlap: 0.1653, param coverage: 0.8206, param coverage ablation: 0.8206
Param name: layer1.1.conv2.weight, param overlap: 0.1653, param coverage: 0.8206, param coverage ablation: 0.8206
Param name: layer2.0.conv1.weight, param overlap: 0.1621, param coverage: 0.8369, param coverage ablation: 0.8369
Param name: layer2.0.conv2.weight, param overlap: 0.1621, param coverage: 0.8366, param coverage ablation: 0.8366
Param name: layer2.0.downsample.0.weight, param overlap: 0.1610, param coverage: 0.8425, param coverage ablation: 0.8425
Param name: layer2.1.conv1.weight, param overlap: 0.1606, param coverage: 0.8445, param coverage ablation: 0.8445
Param name: layer2.1.conv2.weight, param overlap: 0.1606, param coverage: 0.8445, param coverage ablation: 0.8445
Param name: layer3.0.conv1.weight, param overlap: 0.1608, param coverage: 0.8447, param coverage ablation: 0.8447
Param name: layer3.0.conv2.weight, param overlap: 0.1634, param coverage: 0.8324, param coverage ablation: 0.8324
Param name: layer3.0.downsample.0.weight, param overlap: 0.1635, param coverage: 0.8305, param coverage ablation: 0.8305
Param name: layer3.1.conv1.weight, param overlap: 0.1641, param coverage: 0.8287, param coverage ablation: 0.8287
Param name: layer3.1.conv2.weight, param overlap: 0.1641, param coverage: 0.8287, param coverage ablation: 0.8287
Param name: layer4.0.conv1.weight, param overlap: 0.1638, param coverage: 0.8308, param coverage ablation: 0.8308
Param name: layer4.0.conv2.weight, param overlap: 0.1615, param coverage: 0.8433, param coverage ablation: 0.8433
Param name: layer4.0.downsample.0.weight, param overlap: 0.1638, param coverage: 0.8311, param coverage ablation: 0.8311
Param name: layer4.1.conv1.weight, param overlap: 0.1610, param coverage: 0.8460, param coverage ablation: 0.8460
Param name: layer4.1.conv2.weight, param overlap: 0.1610, param coverage: 0.8460, param coverage ablation: 0.8460
Param name: fc.weight, param overlap: 0.2792, param coverage: 0.9844, param coverage ablation: 0.9844
Param name: fc.bias, param overlap: 1.0000, param coverage: 1.0000, param coverage ablation: 1.0000
Client 78	Capacity: 0.1	Model Size: 0.46 MB	Train Loss: 1.8375	Train Acc: 0.7178	Local Validation  Loss: 0.0000	Local Validation Acc: 0.0000	Global Validation Loss: 6.3625	Global Validation Acc: 0.0118
Client 90	Capacity: 0.1	Model Size: 0.46 MB	Train Loss: 1.3543	Train Acc: 0.8273	Local Validation  Loss: 0.0000	Local Validation Acc: 0.0000	Global Validation Loss: 6.4710	Global Validation Acc: 0.0117
Client 39	Capacity: 0.75	Model Size: 24.26 MB	Train Loss: 0.0011	Train Acc: 1.0000	Local Validation  Loss: 0.0000	Local Validation Acc: 0.0000	Global Validation Loss: 8.5727	Global Validation Acc: 0.0321
Client 74	Capacity: 0.1	Model Size: 0.46 MB	Train Loss: 1.3052	Train Acc: 0.8394	Local Validation  Loss: 0.0000	Local Validation Acc: 0.0000	Global Validation Loss: 6.4691	Global Validation Acc: 0.0140
Client 91	Capacity: 0.75	Model Size: 24.26 MB	Train Loss: 0.0010	Train Acc: 1.0000	Local Validation  Loss: 0.0000	Local Validation Acc: 0.0000	Global Validation Loss: 8.4813	Global Validation Acc: 0.0308
Client 49	Capacity: 0.25	Model Size: 2.77 MB	Train Loss: 0.0847	Train Acc: 1.0000	Local Validation  Loss: 0.0000	Local Validation Acc: 0.0000	Global Validation Loss: 7.0208	Global Validation Acc: 0.0212
Client 20	Capacity: 0.25	Model Size: 2.77 MB	Train Loss: 0.0313	Train Acc: 1.0000	Local Validation  Loss: 0.0000	Local Validation Acc: 0.0000	Global Validation Loss: 7.1691	Global Validation Acc: 0.0188
Client 4	Capacity: 0.1	Model Size: 0.46 MB	Train Loss: 1.4623	Train Acc: 0.7586	Local Validation  Loss: 0.0000	Local Validation Acc: 0.0000	Global Validation Loss: 6.5022	Global Validation Acc: 0.0119
Client 15	Capacity: 0.25	Model Size: 2.77 MB	Train Loss: 0.0253	Train Acc: 1.0000	Local Validation  Loss: 0.0000	Local Validation Acc: 0.0000	Global Validation Loss: 6.8554	Global Validation Acc: 0.0167
Client 50	Capacity: 0.1	Model Size: 0.46 MB	Train Loss: 1.5906	Train Acc: 0.7437	Local Validation  Loss: 0.0000	Local Validation Acc: 0.0000	Global Validation Loss: 6.5249	Global Validation Acc: 0.0116
Aggregated
Global Test Loss: 8.9003	Global Test Acc: 0.0598
Round 18 use time: 13.14 min, ETA: 61.75 hours
================================================================================
Round 19
Selected 10 client IDs: [89 64 63 57 23 32 37 17 71 51]
eta_g: 0.9000, mean Overlap: 0.1520, mean Coverage: 0.2260, mean Coverage Ablation: 0.2260
Param name: conv1.weight, param overlap: 0.1628, param coverage: 0.6719, param coverage ablation: 0.6719
Param name: layer1.0.conv1.weight, param overlap: 0.1064, param coverage: 0.1331, param coverage ablation: 0.1331
Param name: layer1.0.conv2.weight, param overlap: 0.1064, param coverage: 0.1331, param coverage ablation: 0.1331
Param name: layer1.1.conv1.weight, param overlap: 0.1062, param coverage: 0.1333, param coverage ablation: 0.1333
Param name: layer1.1.conv2.weight, param overlap: 0.1062, param coverage: 0.1333, param coverage ablation: 0.1333
Param name: layer2.0.conv1.weight, param overlap: 0.1071, param coverage: 0.1322, param coverage ablation: 0.1322
Param name: layer2.0.conv2.weight, param overlap: 0.1058, param coverage: 0.1338, param coverage ablation: 0.1338
Param name: layer2.0.downsample.0.weight, param overlap: 0.1059, param coverage: 0.1337, param coverage ablation: 0.1337
Param name: layer2.1.conv1.weight, param overlap: 0.1057, param coverage: 0.1339, param coverage ablation: 0.1339
Param name: layer2.1.conv2.weight, param overlap: 0.1057, param coverage: 0.1339, param coverage ablation: 0.1339
Param name: layer3.0.conv1.weight, param overlap: 0.1049, param coverage: 0.1381, param coverage ablation: 0.1381
Param name: layer3.0.conv2.weight, param overlap: 0.1059, param coverage: 0.1400, param coverage ablation: 0.1400
Param name: layer3.0.downsample.0.weight, param overlap: 0.1053, param coverage: 0.1376, param coverage ablation: 0.1376
Param name: layer3.1.conv1.weight, param overlap: 0.1064, param coverage: 0.1394, param coverage ablation: 0.1394
Param name: layer3.1.conv2.weight, param overlap: 0.1064, param coverage: 0.1394, param coverage ablation: 0.1394
Param name: layer4.0.conv1.weight, param overlap: 0.1059, param coverage: 0.1417, param coverage ablation: 0.1417
Param name: layer4.0.conv2.weight, param overlap: 0.1064, param coverage: 0.1427, param coverage ablation: 0.1427
Param name: layer4.0.downsample.0.weight, param overlap: 0.1065, param coverage: 0.1410, param coverage ablation: 0.1410
Param name: layer4.1.conv1.weight, param overlap: 0.1063, param coverage: 0.1428, param coverage ablation: 0.1428
Param name: layer4.1.conv2.weight, param overlap: 0.1063, param coverage: 0.1428, param coverage ablation: 0.1428
Param name: fc.weight, param overlap: 0.1654, param coverage: 0.6934, param coverage ablation: 0.6934
Param name: fc.bias, param overlap: 1.0000, param coverage: 1.0000, param coverage ablation: 1.0000
Client 89	Capacity: 0.1	Model Size: 0.46 MB	Train Loss: 1.8233	Train Acc: 0.7321	Local Validation  Loss: 0.0000	Local Validation Acc: 0.0000	Global Validation Loss: 6.4983	Global Validation Acc: 0.0111
Client 64	Capacity: 0.1	Model Size: 0.46 MB	Train Loss: 1.4451	Train Acc: 0.8376	Local Validation  Loss: 0.0000	Local Validation Acc: 0.0000	Global Validation Loss: 6.4659	Global Validation Acc: 0.0126
Client 63	Capacity: 0.1	Model Size: 0.46 MB	Train Loss: 1.4818	Train Acc: 0.7927	Local Validation  Loss: 0.0000	Local Validation Acc: 0.0000	Global Validation Loss: 6.4519	Global Validation Acc: 0.0129
Client 57	Capacity: 0.1	Model Size: 0.46 MB	Train Loss: 2.1893	Train Acc: 0.6045	Local Validation  Loss: 0.0000	Local Validation Acc: 0.0000	Global Validation Loss: 6.4118	Global Validation Acc: 0.0120
Client 23	Capacity: 0.1	Model Size: 0.46 MB	Train Loss: 1.5304	Train Acc: 0.7572	Local Validation  Loss: 0.0000	Local Validation Acc: 0.0000	Global Validation Loss: 6.4790	Global Validation Acc: 0.0105
Client 32	Capacity: 0.1	Model Size: 0.46 MB	Train Loss: 1.2316	Train Acc: 0.8160	Local Validation  Loss: 0.0000	Local Validation Acc: 0.0000	Global Validation Loss: 6.6836	Global Validation Acc: 0.0107
Client 37	Capacity: 0.1	Model Size: 0.46 MB	Train Loss: 1.3769	Train Acc: 0.8107	Local Validation  Loss: 0.0000	Local Validation Acc: 0.0000	Global Validation Loss: 6.5247	Global Validation Acc: 0.0098
Client 17	Capacity: 0.1	Model Size: 0.46 MB	Train Loss: 1.3781	Train Acc: 0.8028	Local Validation  Loss: 0.0000	Local Validation Acc: 0.0000	Global Validation Loss: 6.5132	Global Validation Acc: 0.0106
Client 71	Capacity: 0.1	Model Size: 0.46 MB	Train Loss: 1.4862	Train Acc: 0.8077	Local Validation  Loss: 0.0000	Local Validation Acc: 0.0000	Global Validation Loss: 6.4978	Global Validation Acc: 0.0124
Client 51	Capacity: 0.25	Model Size: 2.77 MB	Train Loss: 0.0309	Train Acc: 1.0000	Local Validation  Loss: 0.0000	Local Validation Acc: 0.0000	Global Validation Loss: 7.1763	Global Validation Acc: 0.0144
Aggregated
Global Test Loss: 10.6437	Global Test Acc: 0.0512
Round 19 use time: 10.31 min, ETA: 48.29 hours
================================================================================
Round 20
Selected 10 client IDs: [22  9  4 20 42 76 52 65 61 78]
