Model type: cnn
Save directory: None
Results will not be saved.
Subset 1	Train Loss: 2.3012	Test Loss: 2.3006	Test Acc: 0.1143	Class Acc: {0: 0.0, 1: 0.005, 2: 0.0, 3: 0.0, 4: 0.0, 5: 0.0, 6: 0.212, 7: 0.926, 8: 0.0, 9: 0.0}
Subset 2	Train Loss: 2.3108	Test Loss: 2.3127	Test Acc: 0.1264	Class Acc: {0: 0.321, 1: 0.0, 2: 0.0, 3: 0.0, 4: 0.943, 5: 0.0, 6: 0.0, 7: 0.0, 8: 0.0, 9: 0.0}
Subset 3	Train Loss: 2.3062	Test Loss: 2.3095	Test Acc: 0.1522	Class Acc: {0: 0.0, 1: 0.0, 2: 0.0, 3: 0.0, 4: 0.76, 5: 0.0, 6: 0.0, 7: 0.0, 8: 0.762, 9: 0.0}
Subset 4	Train Loss: 2.2654	Test Loss: 2.2665	Test Acc: 0.1654	Class Acc: {0: 0.0, 1: 0.396, 2: 0.0, 3: 0.0, 4: 0.205, 5: 0.027, 6: 0.615, 7: 0.0, 8: 0.411, 9: 0.0}
Subset 5	Train Loss: 2.3067	Test Loss: 2.3063	Test Acc: 0.1339	Class Acc: {0: 0.369, 1: 0.0, 2: 0.0, 3: 0.0, 4: 0.0, 5: 0.97, 6: 0.0, 7: 0.0, 8: 0.0, 9: 0.0}
Subset 6	Train Loss: 2.1882	Test Loss: 2.1986	Test Acc: 0.1955	Class Acc: {0: 0.833, 1: 0.001, 2: 0.0, 3: 0.0, 4: 0.0, 5: 0.0, 6: 0.763, 7: 0.233, 8: 0.0, 9: 0.125}
Subset 7	Train Loss: 2.3053	Test Loss: 2.3059	Test Acc: 0.1021	Class Acc: {0: 0.0, 1: 0.022, 2: 0.0, 3: 0.0, 4: 0.0, 5: 0.999, 6: 0.0, 7: 0.0, 8: 0.0, 9: 0.0}
Subset 8	Train Loss: 2.2566	Test Loss: 2.2607	Test Acc: 0.1691	Class Acc: {0: 0.871, 1: 0.197, 2: 0.0, 3: 0.0, 4: 0.0, 5: 0.284, 6: 0.0, 7: 0.339, 8: 0.0, 9: 0.0}
Subset 9	Train Loss: 2.3088	Test Loss: 2.3111	Test Acc: 0.1762	Class Acc: {0: 0.358, 1: 0.0, 2: 0.0, 3: 0.0, 4: 0.0, 5: 0.0, 6: 0.0, 7: 0.803, 8: 0.601, 9: 0.0}
Subset 10	Train Loss: 2.2765	Test Loss: 2.2793	Test Acc: 0.1684	Class Acc: {0: 0.15, 1: 0.05, 2: 0.612, 3: 0.023, 4: 0.002, 5: 0.06, 6: 0.0, 7: 0.0, 8: 0.787, 9: 0.0}
Keys aggregated: {'conv1.0.weight', 'layer1.1.conv2.0.weight', 'layer3.0.conv1.0.weight', 'layer1.1.conv1.0.weight', 'fc.bias', 'layer3.1.conv1.0.weight', 'layer4.1.conv1.0.weight', 'layer4.0.conv1.0.weight', 'layer3.0.downsample.0.0.weight', 'layer2.1.conv1.0.weight', 'layer4.0.downsample.0.0.weight', 'layer2.0.conv2.0.weight', 'layer1.0.conv2.0.weight', 'layer1.0.conv1.0.weight', 'layer2.0.conv1.0.weight', 'layer3.0.conv2.0.weight', 'layer4.1.conv2.0.weight', 'layer4.0.conv2.0.weight', 'layer2.1.conv2.0.weight', 'fc.weight', 'layer3.1.conv2.0.weight', 'layer2.0.downsample.0.0.weight'}
Aggregated Test Loss: 2.3190	Aggregated Test Acc: 0.1562	Aggregated Class Acc: {0: 0.0, 1: 0.25, 2: 0.0, 3: 0.0, 4: 0.91, 5: 0.003, 6: 0.0, 7: 0.0, 8: 0.399, 9: 0.0}
Round 1 use time: 2.66 min, ETA: 4.39 hours
================================================================================
Subset 1	Train Loss: 1.8879	Test Loss: 1.9095	Test Acc: 0.2637	Class Acc: {0: 0.491, 1: 0.185, 2: 0.195, 3: 0.004, 4: 0.616, 5: 0.344, 6: 0.011, 7: 0.0, 8: 0.407, 9: 0.384}
Subset 2	Train Loss: 1.9130	Test Loss: 1.9170	Test Acc: 0.2684	Class Acc: {0: 0.196, 1: 0.187, 2: 0.0, 3: 0.0, 4: 0.015, 5: 0.112, 6: 0.765, 7: 0.279, 8: 0.593, 9: 0.537}
Subset 3	Train Loss: 2.0232	Test Loss: 2.0283	Test Acc: 0.2400	Class Acc: {0: 0.487, 1: 0.542, 2: 0.0, 3: 0.463, 4: 0.0, 5: 0.107, 6: 0.188, 7: 0.013, 8: 0.557, 9: 0.043}
Subset 4	Train Loss: 2.0969	Test Loss: 2.1027	Test Acc: 0.2116	Class Acc: {0: 0.306, 1: 0.38, 2: 0.0, 3: 0.001, 4: 0.018, 5: 0.0, 6: 0.905, 7: 0.249, 8: 0.059, 9: 0.198}
Subset 5	Train Loss: 1.9931	Test Loss: 1.9851	Test Acc: 0.2714	Class Acc: {0: 0.621, 1: 0.1, 2: 0.001, 3: 0.0, 4: 0.358, 5: 0.462, 6: 0.178, 7: 0.469, 8: 0.373, 9: 0.152}
Subset 6	Train Loss: 1.9092	Test Loss: 1.9084	Test Acc: 0.2824	Class Acc: {0: 0.454, 1: 0.509, 2: 0.0, 3: 0.0, 4: 0.597, 5: 0.167, 6: 0.013, 7: 0.457, 8: 0.482, 9: 0.145}
Subset 7	Train Loss: 1.9800	Test Loss: 1.9614	Test Acc: 0.2236	Class Acc: {0: 0.299, 1: 0.098, 2: 0.002, 3: 0.05, 4: 0.829, 5: 0.01, 6: 0.075, 7: 0.137, 8: 0.708, 9: 0.028}
Subset 8	Train Loss: 1.9295	Test Loss: 1.9462	Test Acc: 0.2249	Class Acc: {0: 0.619, 1: 0.207, 2: 0.775, 3: 0.004, 4: 0.0, 5: 0.001, 6: 0.063, 7: 0.0, 8: 0.296, 9: 0.284}
Subset 9	Train Loss: 1.9347	Test Loss: 1.9300	Test Acc: 0.2707	Class Acc: {0: 0.485, 1: 0.16, 2: 0.0, 3: 0.043, 4: 0.091, 5: 0.007, 6: 0.752, 7: 0.429, 8: 0.586, 9: 0.154}
Subset 10	Train Loss: 1.9712	Test Loss: 1.9662	Test Acc: 0.2440	Class Acc: {0: 0.347, 1: 0.478, 2: 0.654, 3: 0.104, 4: 0.0, 5: 0.0, 6: 0.021, 7: 0.0, 8: 0.567, 9: 0.269}
Keys aggregated: {'conv1.0.weight', 'layer1.1.conv2.0.weight', 'layer3.0.conv1.0.weight', 'layer1.1.conv1.0.weight', 'fc.bias', 'layer3.1.conv1.0.weight', 'layer4.1.conv1.0.weight', 'layer4.0.conv1.0.weight', 'layer3.0.downsample.0.0.weight', 'layer2.1.conv1.0.weight', 'layer4.0.downsample.0.0.weight', 'layer2.0.conv2.0.weight', 'layer1.0.conv2.0.weight', 'layer1.0.conv1.0.weight', 'layer2.0.conv1.0.weight', 'layer3.0.conv2.0.weight', 'layer4.1.conv2.0.weight', 'layer4.0.conv2.0.weight', 'layer2.1.conv2.0.weight', 'fc.weight', 'layer3.1.conv2.0.weight', 'layer2.0.downsample.0.0.weight'}
Aggregated Test Loss: 1.9190	Aggregated Test Acc: 0.2880	Aggregated Class Acc: {0: 0.405, 1: 0.281, 2: 0.001, 3: 0.003, 4: 0.23, 5: 0.043, 6: 0.721, 7: 0.317, 8: 0.636, 9: 0.243}
Round 2 use time: 2.31 min, ETA: 3.77 hours
================================================================================
Subset 1	Train Loss: 1.8605	Test Loss: 1.8753	Test Acc: 0.2943	Class Acc: {0: 0.523, 1: 0.244, 2: 0.079, 3: 0.0, 4: 0.011, 5: 0.528, 6: 0.031, 7: 0.483, 8: 0.52, 9: 0.524}
Subset 2	Train Loss: 1.8441	Test Loss: 1.8613	Test Acc: 0.2991	Class Acc: {0: 0.287, 1: 0.121, 2: 0.002, 3: 0.0, 4: 0.452, 5: 0.272, 6: 0.59, 7: 0.352, 8: 0.325, 9: 0.59}
Subset 3	Train Loss: 1.8024	Test Loss: 1.8130	Test Acc: 0.3071	Class Acc: {0: 0.458, 1: 0.811, 2: 0.29, 3: 0.521, 4: 0.174, 5: 0.0, 6: 0.066, 7: 0.285, 8: 0.168, 9: 0.298}
Subset 4	Train Loss: 1.8062	Test Loss: 1.8343	Test Acc: 0.3118	Class Acc: {0: 0.06, 1: 0.621, 2: 0.05, 3: 0.302, 4: 0.294, 5: 0.251, 6: 0.562, 7: 0.125, 8: 0.567, 9: 0.286}
Subset 5	Train Loss: 1.8489	Test Loss: 1.8498	Test Acc: 0.3039	Class Acc: {0: 0.228, 1: 0.334, 2: 0.001, 3: 0.232, 4: 0.403, 5: 0.0, 6: 0.183, 7: 0.696, 8: 0.597, 9: 0.365}
Subset 6	Train Loss: 1.7933	Test Loss: 1.8186	Test Acc: 0.3208	Class Acc: {0: 0.448, 1: 0.701, 2: 0.003, 3: 0.265, 4: 0.229, 5: 0.029, 6: 0.692, 7: 0.276, 8: 0.502, 9: 0.063}
Subset 7	Train Loss: 1.7954	Test Loss: 1.7871	Test Acc: 0.3366	Class Acc: {0: 0.411, 1: 0.46, 2: 0.013, 3: 0.003, 4: 0.524, 5: 0.376, 6: 0.229, 7: 0.43, 8: 0.535, 9: 0.385}
Subset 8	Train Loss: 1.7907	Test Loss: 1.8209	Test Acc: 0.3274	Class Acc: {0: 0.472, 1: 0.475, 2: 0.003, 3: 0.093, 4: 0.37, 5: 0.475, 6: 0.126, 7: 0.593, 8: 0.42, 9: 0.247}
Subset 9	Train Loss: 1.8083	Test Loss: 1.8283	Test Acc: 0.3233	Class Acc: {0: 0.319, 1: 0.355, 2: 0.001, 3: 0.124, 4: 0.158, 5: 0.204, 6: 0.417, 7: 0.57, 8: 0.585, 9: 0.5}
Subset 10	Train Loss: 1.8119	Test Loss: 1.8193	Test Acc: 0.3258	Class Acc: {0: 0.566, 1: 0.377, 2: 0.018, 3: 0.105, 4: 0.297, 5: 0.153, 6: 0.635, 7: 0.517, 8: 0.443, 9: 0.147}
Keys aggregated: {'conv1.0.weight', 'layer1.1.conv2.0.weight', 'layer3.0.conv1.0.weight', 'layer1.1.conv1.0.weight', 'fc.bias', 'layer3.1.conv1.0.weight', 'layer4.1.conv1.0.weight', 'layer4.0.conv1.0.weight', 'layer3.0.downsample.0.0.weight', 'layer2.1.conv1.0.weight', 'layer4.0.downsample.0.0.weight', 'layer2.0.conv2.0.weight', 'layer1.0.conv2.0.weight', 'layer1.0.conv1.0.weight', 'layer2.0.conv1.0.weight', 'layer3.0.conv2.0.weight', 'layer4.1.conv2.0.weight', 'layer4.0.conv2.0.weight', 'layer2.1.conv2.0.weight', 'fc.weight', 'layer3.1.conv2.0.weight', 'layer2.0.downsample.0.0.weight'}
Aggregated Test Loss: 1.7482	Aggregated Test Acc: 0.3557	Aggregated Class Acc: {0: 0.385, 1: 0.505, 2: 0.011, 3: 0.11, 4: 0.346, 5: 0.193, 6: 0.582, 7: 0.49, 8: 0.542, 9: 0.393}
Round 3 use time: 1.97 min, ETA: 3.19 hours
================================================================================
